Expm 2: Streaming FFTW
FFTW Plan: Patient
-- Cannot import wisdom from ../../wisdom/singlenode/all/658/fftw_658_t39_b1.patient
-- Exporting wisdom file to ../../wisdom/singlenode/all/658/fftw_658_t39_b1.patient
Iteration: 0, 1, 2, 3, 4, 5, 6, 7, 8, 9, 10, 11, 12, 13, 14, 15, 16, 17, 18, 19, 20, 21, 22, 23, 24, 25, 26, 27, 28, 29, 30, 31, 32, 33, 34, 35, 36, 37, 38, 39, 40, 41, 42, 43, 44, 45, 46, 47, 48, 49, 
Printing individual runtimes:
 0: 623.313235ms
 1: 757.595886ms
 2: 879.372161ms
 3: 612.615139ms
 4: 612.037773ms
 5: 612.574205ms
 6: 617.068108ms
 7: 613.475196ms
 8: 616.643258ms
 9: 892.706178ms
 10: 970.400199ms
 11: 612.431097ms
 12: 604.731091ms
 13: 605.973148ms
 14: 606.294098ms
 15: 607.306485ms
 16: 603.182609ms
 17: 618.685440ms
 18: 610.197170ms
 19: 608.356925ms
 20: 706.510391ms
 21: 615.388760ms
 22: 618.867831ms
 23: 620.280151ms
 24: 941.330587ms
 25: 905.053203ms
 26: 607.503743ms
 27: 609.242952ms
 28: 609.061848ms
 29: 605.433800ms
 30: 606.244719ms
 31: 600.006928ms
 32: 607.751388ms
 33: 606.224443ms
 34: 607.904074ms
 35: 616.855369ms
 36: 613.463908ms
 37: 611.836182ms
 38: 599.785092ms
 39: 602.851576ms
 40: 608.756834ms
 41: 611.438172ms
 42: 607.661628ms
 43: 614.710719ms
 44: 611.073416ms
 45: 615.417559ms
 46: 609.297298ms
 47: 616.147309ms
 48: 612.998463ms
 49: 614.768242ms


Measurements
--------------------------
FFT Size            : 658^3
Threads             : 39
Batch               : 1
Iterations          : 50
Avg Tot Runtime     : 646.376520 ms
Runtime per batch   : 646.376520 ms
SD                  : 94.379103 ms
Throughput          : 41.887102 GFLOPs
Plan Time           : 457.288395 sec
