Expm 2: Streaming FFT

Printing individual runtimes:
 0: 0.175968ms
 1: 0.019320ms
 2: 0.017275ms
 3: 0.067329ms
 4: 0.019229ms
 5: 0.017093ms
 6: 0.021764ms
 7: 0.018456ms
 8: 0.016113ms
 9: 0.019162ms
 10: 0.063091ms
 11: 0.025865ms
 12: 0.017581ms
 13: 0.017175ms
 14: 0.018964ms
 15: 0.018590ms
 16: 0.019482ms
 17: 0.027642ms
 18: 0.060753ms
 19: 0.018630ms
 20: 0.018739ms
 21: 0.016286ms
 22: 0.016474ms
 23: 0.017286ms
 24: 0.017830ms
 25: 0.023227ms
 26: 0.019075ms
 27: 0.018285ms
 28: 0.017414ms
 29: 0.018658ms
 30: 0.014514ms
 31: 0.021076ms
 32: 0.018705ms
 33: 0.017190ms
 34: 0.019871ms
 35: 0.061396ms
 36: 0.017502ms
 37: 0.014978ms
 38: 0.020785ms
 39: 0.017736ms
 40: 0.023393ms
 41: 0.015815ms
 42: 0.018918ms
 43: 0.017637ms
 44: 0.026921ms
 45: 0.016698ms
 46: 0.016523ms
 47: 0.029599ms
 48: 0.017143ms
 49: 0.016258ms
 50: 0.018252ms
 51: 0.016404ms
 52: 0.016885ms
 53: 0.017033ms
 54: 0.019404ms
 55: 0.015734ms
 56: 0.017623ms
 57: 0.025318ms
 58: 0.019144ms
 59: 0.016901ms
 60: 0.015214ms
 61: 0.019910ms
 62: 0.018671ms
 63: 0.069620ms
 64: 0.026789ms
 65: 0.024560ms
 66: 0.018064ms
 67: 0.020517ms
 68: 0.016467ms
 69: 0.060660ms
 70: 0.019471ms
 71: 0.018233ms
 72: 0.018784ms
 73: 0.018323ms
 74: 0.016842ms
 75: 0.018669ms
 76: 0.024828ms
 77: 0.018406ms
 78: 0.016835ms
 79: 0.024289ms
 80: 0.015244ms
 81: 0.018668ms
 82: 0.019848ms
 83: 0.025257ms
 84: 0.017608ms
 85: 0.017629ms
 86: 0.018593ms
 87: 0.016222ms
 88: 0.018186ms
 89: 0.023963ms
 90: 0.016463ms
 91: 0.018525ms
 92: 0.015787ms
 93: 0.017757ms
 94: 0.024802ms
 95: 0.060125ms
 96: 0.020433ms
 97: 0.018528ms
 98: 0.016563ms
 99: 0.017093ms
 100: 0.016473ms
 101: 0.017120ms
 102: 0.015597ms
 103: 0.017364ms
 104: 0.018052ms
 105: 0.015038ms
 106: 0.017493ms
 107: 0.018238ms
 108: 0.017293ms
 109: 0.018326ms
 110: 0.023072ms
 111: 0.017871ms
 112: 0.017619ms
 113: 0.018386ms
 114: 0.018627ms
 115: 0.015589ms
 116: 0.026715ms
 117: 0.023163ms
 118: 0.015450ms
 119: 0.016903ms
 120: 0.015708ms
 121: 0.025138ms
 122: 0.017994ms
 123: 0.016326ms
 124: 0.024744ms
 125: 0.017764ms
 126: 0.021165ms
 127: 0.017463ms
 128: 0.016274ms
 129: 0.018098ms
 130: 0.017702ms
 131: 0.023510ms
 132: 0.018855ms
 133: 0.014502ms
 134: 0.018072ms
 135: 0.018609ms
 136: 0.018148ms
 137: 0.018430ms
 138: 0.017610ms
 139: 0.018876ms
 140: 0.014982ms
 141: 0.022768ms
 142: 0.017209ms
 143: 0.021373ms
 144: 0.017940ms
 145: 0.016307ms
 146: 0.016676ms
 147: 0.018500ms
 148: 0.016601ms
 149: 0.017649ms
 150: 0.016802ms
 151: 0.016736ms
 152: 0.025249ms
 153: 0.026254ms
 154: 0.015917ms
 155: 0.017133ms
 156: 0.018242ms
 157: 0.016866ms
 158: 0.018184ms
 159: 0.015559ms
 160: 0.017704ms
 161: 0.031469ms
 162: 0.017619ms
 163: 0.017970ms
 164: 0.017803ms
 165: 0.022837ms
 166: 0.016582ms
 167: 0.016631ms
 168: 0.017726ms
 169: 0.014825ms
 170: 0.015416ms
 171: 0.016152ms
 172: 0.016972ms
 173: 0.017470ms
 174: 0.017633ms
 175: 0.019055ms
 176: 0.015754ms
 177: 0.016305ms
 178: 0.017288ms
 179: 0.016557ms
 180: 0.018006ms
 181: 0.016534ms
 182: 0.024934ms
 183: 0.018368ms
 184: 0.018762ms
 185: 0.017390ms
 186: 0.020753ms
 187: 0.014811ms
 188: 0.015738ms
 189: 0.017774ms
 190: 0.017648ms
 191: 0.016777ms
 192: 0.023185ms
 193: 0.015296ms
 194: 0.017656ms
 195: 0.017264ms
 196: 0.018384ms
 197: 0.015604ms
 198: 0.025896ms
 199: 0.035498ms


-- Real : Q1: 50 Q2: 100 Q3: 150
-- Array: Q1: 49 Q2: 99 Q3: 149
Printing sorted runtimes:
 0: 0.016601ms
 1: 0.015604ms
 2: 0.016307ms
 3: 0.014982ms
 4: 0.014502ms
 5: 0.016274ms
 6: 0.015917ms
 7: 0.016326ms
 8: 0.016113ms
 9: 0.015708ms
 10: 0.015450ms
 11: 0.015296ms
 12: 0.015589ms
 13: 0.015559ms
 14: 0.015038ms
 15: 0.015597ms
 16: 0.016473ms
 17: 0.016563ms
 18: 0.015787ms
 19: 0.016463ms
 20: 0.016222ms
 21: 0.016286ms
 22: 0.016474ms
 23: 0.016582ms
 24: 0.015244ms
 25: 0.015738ms
 26: 0.014825ms
 27: 0.015416ms
 28: 0.016152ms
 29: 0.016467ms
 30: 0.014514ms
 31: 0.014811ms
 32: 0.015754ms
 33: 0.015214ms
 34: 0.016305ms
 35: 0.015734ms
 36: 0.016404ms
 37: 0.014978ms
 38: 0.016258ms
 39: 0.016557ms
 40: 0.016534ms
 41: 0.015815ms
 42: 0.016523ms
 43: 0.016777ms
 44: 0.016631ms
 45: 0.016698ms
 46: 0.016676ms
 47: 0.016736ms
 48: 0.016802ms
 49: 0.016835ms
 50: 0.016842ms
 51: 0.017619ms
 52: 0.016885ms
 53: 0.016903ms
 54: 0.016901ms
 55: 0.017033ms
 56: 0.017120ms
 57: 0.017093ms
 58: 0.016972ms
 59: 0.017093ms
 60: 0.017190ms
 61: 0.017209ms
 62: 0.017286ms
 63: 0.017175ms
 64: 0.017288ms
 65: 0.017293ms
 66: 0.017275ms
 67: 0.017143ms
 68: 0.017364ms
 69: 0.017133ms
 70: 0.017264ms
 71: 0.017463ms
 72: 0.016866ms
 73: 0.017414ms
 74: 0.017493ms
 75: 0.017502ms
 76: 0.017470ms
 77: 0.017619ms
 78: 0.017581ms
 79: 0.017608ms
 80: 0.017390ms
 81: 0.017610ms
 82: 0.017757ms
 83: 0.017623ms
 84: 0.017726ms
 85: 0.017629ms
 86: 0.017633ms
 87: 0.017656ms
 88: 0.017637ms
 89: 0.017736ms
 90: 0.017649ms
 91: 0.017648ms
 92: 0.017702ms
 93: 0.017704ms
 94: 0.017940ms
 95: 0.017764ms
 96: 0.017830ms
 97: 0.017774ms
 98: 0.017871ms
 99: 0.017803ms
 100: 0.017970ms
 101: 0.018705ms
 102: 0.018006ms
 103: 0.018064ms
 104: 0.018052ms
 105: 0.018500ms
 106: 0.018528ms
 107: 0.018238ms
 108: 0.018525ms
 109: 0.018326ms
 110: 0.018590ms
 111: 0.018186ms
 112: 0.018148ms
 113: 0.018386ms
 114: 0.018627ms
 115: 0.018593ms
 116: 0.018184ms
 117: 0.018609ms
 118: 0.018406ms
 119: 0.018368ms
 120: 0.018252ms
 121: 0.018242ms
 122: 0.018072ms
 123: 0.018456ms
 124: 0.018323ms
 125: 0.018430ms
 126: 0.018233ms
 127: 0.018285ms
 128: 0.018384ms
 129: 0.018098ms
 130: 0.018630ms
 131: 0.017994ms
 132: 0.018671ms
 133: 0.018658ms
 134: 0.018669ms
 135: 0.018668ms
 136: 0.018784ms
 137: 0.018739ms
 138: 0.018762ms
 139: 0.019229ms
 140: 0.018876ms
 141: 0.018855ms
 142: 0.019144ms
 143: 0.019055ms
 144: 0.019162ms
 145: 0.019075ms
 146: 0.018918ms
 147: 0.018964ms
 148: 0.019404ms
 149: 0.019320ms
 150: 0.019471ms
 151: 0.019482ms
 152: 0.019848ms
 153: 0.021076ms
 154: 0.021165ms
 155: 0.020753ms
 156: 0.019871ms
 157: 0.020785ms
 158: 0.021764ms
 159: 0.019910ms
 160: 0.020433ms
 161: 0.020517ms
 162: 0.022768ms
 163: 0.021373ms
 164: 0.023963ms
 165: 0.022837ms
 166: 0.025257ms
 167: 0.024802ms
 168: 0.024289ms
 169: 0.024828ms
 170: 0.060125ms
 171: 0.060660ms
 172: 0.031469ms
 173: 0.024560ms
 174: 0.026789ms
 175: 0.069620ms
 176: 0.023072ms
 177: 0.025318ms
 178: 0.026715ms
 179: 0.029599ms
 180: 0.026921ms
 181: 0.023393ms
 182: 0.024934ms
 183: 0.023163ms
 184: 0.061396ms
 185: 0.025138ms
 186: 0.024744ms
 187: 0.026254ms
 188: 0.023227ms
 189: 0.060753ms
 190: 0.027642ms
 191: 0.025249ms
 192: 0.023185ms
 193: 0.025865ms
 194: 0.063091ms
 195: 0.023510ms
 196: 0.067329ms
 197: 0.175968ms
 198: 0.025896ms
 199: 0.035498ms


Measurements
--------------------------
FFT Size            : 16^3
Threads             : 23
Batch               : 1
Iterations          : 200
Avg Tot Runtime     : 0.021115 ms
Runtime per batch   : 0.021115 ms
SD                  : 0.014085 ms
Q1                  : 0.016835 ms
Median              : 0.017887 ms
Q3                  : 0.019320 ms
