Expm 2: Streaming FFT

Printing individual runtimes:
 0: 0.117463ms
 1: 0.028652ms
 2: 0.028868ms
 3: 0.059254ms
 4: 0.032669ms
 5: 0.042439ms
 6: 0.028869ms
 7: 0.063621ms
 8: 0.027054ms
 9: 0.033929ms
 10: 0.030271ms
 11: 0.035242ms
 12: 0.026584ms
 13: 0.025306ms
 14: 0.054753ms
 15: 0.026067ms
 16: 0.029192ms
 17: 0.029343ms
 18: 0.026904ms
 19: 0.033560ms
 20: 0.033303ms
 21: 0.031936ms
 22: 0.028928ms
 23: 0.069380ms
 24: 0.035265ms
 25: 0.027722ms
 26: 0.026023ms
 27: 0.030621ms
 28: 0.028959ms
 29: 0.029276ms
 30: 0.028028ms
 31: 0.027659ms
 32: 0.027592ms
 33: 0.028851ms
 34: 0.034865ms
 35: 0.026931ms
 36: 0.029916ms
 37: 0.034713ms
 38: 0.027511ms
 39: 0.028763ms
 40: 0.079514ms
 41: 0.027238ms
 42: 0.028387ms
 43: 0.033641ms
 44: 0.027480ms
 45: 0.026217ms
 46: 0.028094ms
 47: 0.034252ms
 48: 0.028346ms
 49: 0.033608ms
 50: 0.028299ms
 51: 0.028207ms
 52: 0.064769ms
 53: 0.027299ms
 54: 0.026768ms
 55: 0.027623ms
 56: 0.026560ms
 57: 0.031796ms
 58: 0.025471ms
 59: 0.032509ms
 60: 0.027907ms
 61: 0.028362ms
 62: 0.029343ms
 63: 0.035400ms
 64: 0.028401ms
 65: 0.024383ms
 66: 0.027463ms
 67: 0.028584ms
 68: 0.027361ms
 69: 0.038103ms
 70: 0.028169ms
 71: 0.029029ms
 72: 0.030700ms
 73: 0.028697ms
 74: 0.027728ms
 75: 0.026275ms
 76: 0.026592ms
 77: 0.027669ms
 78: 0.026322ms
 79: 0.026511ms
 80: 0.027642ms
 81: 0.029227ms
 82: 0.031284ms
 83: 0.025911ms
 84: 0.030327ms
 85: 0.027479ms
 86: 0.035663ms
 87: 0.025384ms
 88: 0.028430ms
 89: 0.037216ms
 90: 0.026843ms
 91: 0.027018ms
 92: 0.027867ms
 93: 0.027713ms
 94: 0.029272ms
 95: 0.034830ms
 96: 0.027417ms
 97: 0.026603ms
 98: 0.032445ms
 99: 0.029432ms
 100: 0.027954ms
 101: 0.033460ms
 102: 0.026487ms
 103: 0.027314ms
 104: 0.025735ms
 105: 0.028269ms
 106: 0.033730ms
 107: 0.025571ms
 108: 0.035038ms
 109: 0.035079ms
 110: 0.026135ms
 111: 0.024341ms
 112: 0.024831ms
 113: 0.028895ms
 114: 0.027210ms
 115: 0.063216ms
 116: 0.033501ms
 117: 0.026159ms
 118: 0.032681ms
 119: 0.026928ms
 120: 0.026247ms
 121: 0.027269ms
 122: 0.025227ms
 123: 0.023829ms
 124: 0.026918ms
 125: 0.028265ms
 126: 0.027467ms
 127: 0.023452ms
 128: 0.025464ms
 129: 0.029709ms
 130: 0.035509ms
 131: 0.027582ms
 132: 0.026262ms
 133: 0.025276ms
 134: 0.029187ms
 135: 0.028178ms
 136: 0.035823ms
 137: 0.029895ms
 138: 0.031827ms
 139: 0.028302ms
 140: 0.026071ms
 141: 0.034939ms
 142: 0.026272ms
 143: 0.025008ms
 144: 0.024536ms
 145: 0.029364ms
 146: 0.026446ms
 147: 0.028840ms
 148: 0.028123ms
 149: 0.028355ms
 150: 0.034754ms
 151: 0.027821ms
 152: 0.033799ms
 153: 0.027311ms
 154: 0.028539ms
 155: 0.067193ms
 156: 0.026549ms
 157: 0.025910ms
 158: 0.032814ms
 159: 0.024986ms
 160: 0.031100ms
 161: 0.024760ms
 162: 0.025219ms
 163: 0.025128ms
 164: 0.027583ms
 165: 0.028091ms
 166: 0.028243ms
 167: 0.036133ms
 168: 0.027816ms
 169: 0.025602ms
 170: 0.025449ms
 171: 0.028270ms
 172: 0.026504ms
 173: 0.023919ms
 174: 0.029140ms
 175: 0.030259ms
 176: 0.025681ms
 177: 0.023528ms
 178: 0.030404ms
 179: 0.030881ms
 180: 0.030196ms
 181: 0.024824ms
 182: 0.027441ms
 183: 0.029361ms
 184: 0.026667ms
 185: 0.028366ms
 186: 0.027587ms
 187: 0.027013ms
 188: 0.028046ms
 189: 0.034775ms
 190: 0.027919ms
 191: 0.026629ms
 192: 0.029533ms
 193: 0.026987ms
 194: 0.031736ms
 195: 0.033133ms
 196: 0.027306ms
 197: 0.032057ms
 198: 0.026105ms
 199: 0.033466ms


-- Real : Q1: 50 Q2: 100 Q3: 150
-- Array: Q1: 49 Q2: 99 Q3: 149
Printing sorted runtimes:
 0: 0.026105ms
 1: 0.024831ms
 2: 0.024341ms
 3: 0.025571ms
 4: 0.025227ms
 5: 0.025735ms
 6: 0.023829ms
 7: 0.023452ms
 8: 0.025464ms
 9: 0.025384ms
 10: 0.025911ms
 11: 0.025276ms
 12: 0.026071ms
 13: 0.025306ms
 14: 0.025008ms
 15: 0.026067ms
 16: 0.024824ms
 17: 0.023528ms
 18: 0.024383ms
 19: 0.025681ms
 20: 0.023919ms
 21: 0.024536ms
 22: 0.025471ms
 23: 0.025449ms
 24: 0.025602ms
 25: 0.025910ms
 26: 0.026023ms
 27: 0.024986ms
 28: 0.024760ms
 29: 0.025219ms
 30: 0.025128ms
 31: 0.026322ms
 32: 0.026159ms
 33: 0.026275ms
 34: 0.026262ms
 35: 0.026272ms
 36: 0.026217ms
 37: 0.026247ms
 38: 0.026135ms
 39: 0.026603ms
 40: 0.026511ms
 41: 0.026504ms
 42: 0.026446ms
 43: 0.026549ms
 44: 0.026592ms
 45: 0.026560ms
 46: 0.026584ms
 47: 0.026487ms
 48: 0.026629ms
 49: 0.026667ms
 50: 0.026768ms
 51: 0.027919ms
 52: 0.026843ms
 53: 0.026918ms
 54: 0.026928ms
 55: 0.026987ms
 56: 0.027299ms
 57: 0.026931ms
 58: 0.027013ms
 59: 0.027018ms
 60: 0.027306ms
 61: 0.027054ms
 62: 0.027269ms
 63: 0.027238ms
 64: 0.027210ms
 65: 0.027587ms
 66: 0.027463ms
 67: 0.027582ms
 68: 0.027361ms
 69: 0.027441ms
 70: 0.027479ms
 71: 0.027467ms
 72: 0.027417ms
 73: 0.027311ms
 74: 0.027314ms
 75: 0.027583ms
 76: 0.027480ms
 77: 0.027511ms
 78: 0.027592ms
 79: 0.027669ms
 80: 0.027642ms
 81: 0.026904ms
 82: 0.027728ms
 83: 0.027659ms
 84: 0.027816ms
 85: 0.027722ms
 86: 0.027821ms
 87: 0.027623ms
 88: 0.027713ms
 89: 0.027867ms
 90: 0.027907ms
 91: 0.028178ms
 92: 0.028028ms
 93: 0.028091ms
 94: 0.028169ms
 95: 0.028094ms
 96: 0.028123ms
 97: 0.028046ms
 98: 0.027954ms
 99: 0.028207ms
 100: 0.028243ms
 101: 0.030621ms
 102: 0.028269ms
 103: 0.028346ms
 104: 0.028362ms
 105: 0.028387ms
 106: 0.028299ms
 107: 0.028355ms
 108: 0.028366ms
 109: 0.028270ms
 110: 0.028302ms
 111: 0.028539ms
 112: 0.028652ms
 113: 0.028430ms
 114: 0.028401ms
 115: 0.028584ms
 116: 0.028697ms
 117: 0.028763ms
 118: 0.029916ms
 119: 0.028895ms
 120: 0.029533ms
 121: 0.028869ms
 122: 0.030271ms
 123: 0.029361ms
 124: 0.029432ms
 125: 0.028868ms
 126: 0.029192ms
 127: 0.029272ms
 128: 0.030196ms
 129: 0.029709ms
 130: 0.028851ms
 131: 0.030404ms
 132: 0.030327ms
 133: 0.029276ms
 134: 0.029187ms
 135: 0.029227ms
 136: 0.029343ms
 137: 0.029895ms
 138: 0.028959ms
 139: 0.028265ms
 140: 0.028928ms
 141: 0.030259ms
 142: 0.029029ms
 143: 0.029140ms
 144: 0.028840ms
 145: 0.029364ms
 146: 0.029343ms
 147: 0.031100ms
 148: 0.030700ms
 149: 0.030881ms
 150: 0.031284ms
 151: 0.031736ms
 152: 0.031827ms
 153: 0.031796ms
 154: 0.032445ms
 155: 0.031936ms
 156: 0.032057ms
 157: 0.033133ms
 158: 0.032814ms
 159: 0.032681ms
 160: 0.032669ms
 161: 0.033303ms
 162: 0.032509ms
 163: 0.034865ms
 164: 0.033608ms
 165: 0.033799ms
 166: 0.064769ms
 167: 0.036133ms
 168: 0.034754ms
 169: 0.035265ms
 170: 0.069380ms
 171: 0.034252ms
 172: 0.035400ms
 173: 0.034713ms
 174: 0.038103ms
 175: 0.034939ms
 176: 0.033560ms
 177: 0.035823ms
 178: 0.035663ms
 179: 0.035509ms
 180: 0.037216ms
 181: 0.034830ms
 182: 0.054753ms
 183: 0.033460ms
 184: 0.035242ms
 185: 0.033730ms
 186: 0.033929ms
 187: 0.063621ms
 188: 0.035038ms
 189: 0.034775ms
 190: 0.042439ms
 191: 0.067193ms
 192: 0.035079ms
 193: 0.059254ms
 194: 0.033641ms
 195: 0.079514ms
 196: 0.063216ms
 197: 0.033501ms
 198: 0.117463ms
 199: 0.033466ms


Measurements
--------------------------
FFT Size            : 16^3
Threads             : 32
Batch               : 1
Iterations          : 200
Avg Tot Runtime     : 0.030790 ms
Runtime per batch   : 0.030790 ms
SD                  : 0.010022 ms
Q1                  : 0.026667 ms
Median              : 0.028225 ms
Q3                  : 0.030881 ms
