Expm 2: Streaming FFT

Printing individual runtimes:
 0: 0.223227ms
 1: 0.037253ms
 2: 0.046664ms
 3: 0.071852ms
 4: 0.040095ms
 5: 0.055729ms
 6: 0.034520ms
 7: 0.036873ms
 8: 0.043703ms
 9: 0.080009ms
 10: 0.035002ms
 11: 0.043943ms
 12: 0.033821ms
 13: 0.051264ms
 14: 0.035283ms
 15: 0.038567ms
 16: 0.078369ms
 17: 0.046891ms
 18: 0.049028ms
 19: 0.052276ms
 20: 0.055493ms
 21: 0.049736ms
 22: 0.044199ms
 23: 0.061605ms
 24: 0.048517ms
 25: 0.064805ms
 26: 0.042426ms
 27: 0.053179ms
 28: 0.046783ms
 29: 0.043164ms
 30: 0.052800ms
 31: 0.045857ms
 32: 0.043469ms
 33: 0.043651ms
 34: 0.043019ms
 35: 0.050758ms
 36: 0.044776ms
 37: 0.043780ms
 38: 0.044750ms
 39: 0.057333ms
 40: 0.045536ms
 41: 0.071720ms
 42: 0.045390ms
 43: 0.044570ms
 44: 0.047357ms
 45: 0.051068ms
 46: 0.044661ms
 47: 0.047788ms
 48: 0.043068ms
 49: 0.042447ms
 50: 0.043257ms
 51: 0.046316ms
 52: 0.043555ms
 53: 0.042633ms
 54: 0.051144ms
 55: 0.041612ms
 56: 0.050404ms
 57: 0.046203ms
 58: 0.045727ms
 59: 0.048605ms
 60: 0.045976ms
 61: 0.043048ms
 62: 0.046202ms
 63: 0.044773ms
 64: 0.043563ms
 65: 0.043788ms
 66: 0.046065ms
 67: 0.049599ms
 68: 0.065744ms
 69: 0.044665ms
 70: 0.044028ms
 71: 0.047156ms
 72: 0.063714ms
 73: 0.047511ms
 74: 0.051041ms
 75: 0.048655ms
 76: 0.052406ms
 77: 0.034445ms
 78: 0.046759ms
 79: 0.044638ms
 80: 0.046863ms
 81: 0.046105ms
 82: 0.043692ms
 83: 0.042426ms
 84: 0.045505ms
 85: 0.049389ms
 86: 0.044418ms
 87: 0.043626ms
 88: 0.043290ms
 89: 0.043772ms
 90: 0.050691ms
 91: 0.043075ms
 92: 0.044428ms
 93: 0.054828ms
 94: 0.044582ms
 95: 0.046518ms
 96: 0.041838ms
 97: 0.043905ms
 98: 0.042492ms
 99: 0.042880ms
 100: 0.049341ms
 101: 0.043266ms
 102: 0.047305ms
 103: 0.043162ms
 104: 0.052096ms
 105: 0.046302ms
 106: 0.046771ms
 107: 0.043002ms
 108: 0.041654ms
 109: 0.044733ms
 110: 1.738254ms
 111: 0.045593ms
 112: 0.042691ms
 113: 0.046242ms
 114: 0.049834ms
 115: 0.042772ms
 116: 0.042703ms
 117: 0.043474ms
 118: 0.051315ms
 119: 0.044056ms
 120: 0.046856ms
 121: 0.054059ms
 122: 0.043350ms
 123: 0.045571ms
 124: 0.044303ms
 125: 0.062090ms
 126: 0.044487ms
 127: 0.041427ms
 128: 0.041528ms
 129: 0.043552ms
 130: 0.044864ms
 131: 0.047096ms
 132: 0.040521ms
 133: 0.050320ms
 134: 0.047993ms
 135: 0.041826ms
 136: 0.042853ms
 137: 0.040605ms
 138: 0.047085ms
 139: 0.047119ms
 140: 0.042086ms
 141: 0.045573ms
 142: 0.044769ms
 143: 0.044667ms
 144: 0.043854ms
 145: 0.044321ms
 146: 0.043674ms
 147: 0.045880ms
 148: 0.045665ms
 149: 0.045585ms
 150: 0.042699ms
 151: 0.045406ms
 152: 0.042724ms
 153: 0.043755ms
 154: 0.047062ms
 155: 0.043495ms
 156: 0.045366ms
 157: 0.044008ms
 158: 0.048422ms
 159: 0.044919ms
 160: 0.043634ms
 161: 0.046907ms
 162: 0.045998ms
 163: 0.044042ms
 164: 0.041686ms
 165: 0.047139ms
 166: 0.042862ms
 167: 0.048782ms
 168: 0.052129ms
 169: 0.043026ms
 170: 0.047393ms
 171: 0.040303ms
 172: 0.043303ms
 173: 0.047259ms
 174: 0.044674ms
 175: 0.048105ms
 176: 0.041859ms
 177: 0.046950ms
 178: 0.042880ms
 179: 0.042308ms
 180: 0.046076ms
 181: 0.044016ms
 182: 0.044786ms
 183: 0.050552ms
 184: 0.047829ms
 185: 0.049462ms
 186: 0.042396ms
 187: 0.051654ms
 188: 0.046893ms
 189: 0.045508ms
 190: 0.046006ms
 191: 0.043815ms
 192: 0.043681ms
 193: 0.044429ms
 194: 0.047999ms
 195: 0.051849ms
 196: 0.040336ms
 197: 0.043928ms
 198: 0.048268ms
 199: 0.045014ms


-- Real : Q1: 50 Q2: 100 Q3: 150
-- Array: Q1: 49 Q2: 99 Q3: 149
Printing sorted runtimes:
 0: 0.043257ms
 1: 0.037253ms
 2: 0.042880ms
 3: 0.040336ms
 4: 0.040095ms
 5: 0.042492ms
 6: 0.034520ms
 7: 0.036873ms
 8: 0.041838ms
 9: 0.043162ms
 10: 0.035002ms
 11: 0.043002ms
 12: 0.033821ms
 13: 0.043075ms
 14: 0.035283ms
 15: 0.038567ms
 16: 0.042396ms
 17: 0.041654ms
 18: 0.042691ms
 19: 0.042308ms
 20: 0.042880ms
 21: 0.041859ms
 22: 0.042426ms
 23: 0.042772ms
 24: 0.042703ms
 25: 0.040303ms
 26: 0.042426ms
 27: 0.043026ms
 28: 0.042862ms
 29: 0.043164ms
 30: 0.041686ms
 31: 0.034445ms
 32: 0.041427ms
 33: 0.041528ms
 34: 0.043019ms
 35: 0.040521ms
 36: 0.041826ms
 37: 0.043048ms
 38: 0.042853ms
 39: 0.040605ms
 40: 0.042086ms
 41: 0.041612ms
 42: 0.042633ms
 43: 0.042447ms
 44: 0.042724ms
 45: 0.042699ms
 46: 0.043068ms
 47: 0.043303ms
 48: 0.043266ms
 49: 0.043290ms
 50: 0.043350ms
 51: 0.044864ms
 52: 0.043552ms
 53: 0.043495ms
 54: 0.043474ms
 55: 0.043634ms
 56: 0.043681ms
 57: 0.043555ms
 58: 0.043674ms
 59: 0.043651ms
 60: 0.043563ms
 61: 0.043626ms
 62: 0.043692ms
 63: 0.043780ms
 64: 0.043772ms
 65: 0.043788ms
 66: 0.043755ms
 67: 0.043703ms
 68: 0.044016ms
 69: 0.044199ms
 70: 0.044028ms
 71: 0.043905ms
 72: 0.043928ms
 73: 0.043815ms
 74: 0.044008ms
 75: 0.043943ms
 76: 0.044056ms
 77: 0.044042ms
 78: 0.043854ms
 79: 0.044303ms
 80: 0.044638ms
 81: 0.044674ms
 82: 0.044487ms
 83: 0.044665ms
 84: 0.043469ms
 85: 0.044733ms
 86: 0.044418ms
 87: 0.044773ms
 88: 0.044776ms
 89: 0.044750ms
 90: 0.044786ms
 91: 0.044661ms
 92: 0.044428ms
 93: 0.044769ms
 94: 0.044582ms
 95: 0.044667ms
 96: 0.044321ms
 97: 0.044570ms
 98: 0.044429ms
 99: 0.044919ms
 100: 0.045014ms
 101: 0.047156ms
 102: 0.045390ms
 103: 0.045406ms
 104: 0.045536ms
 105: 0.045505ms
 106: 0.045508ms
 107: 0.045571ms
 108: 0.045585ms
 109: 0.045665ms
 110: 0.045880ms
 111: 0.045593ms
 112: 0.045998ms
 113: 0.045573ms
 114: 0.045727ms
 115: 0.045976ms
 116: 0.046006ms
 117: 0.045857ms
 118: 0.047062ms
 119: 0.046893ms
 120: 0.046856ms
 121: 0.046771ms
 122: 0.046891ms
 123: 0.046759ms
 124: 0.046783ms
 125: 0.046863ms
 126: 0.045366ms
 127: 0.046664ms
 128: 0.046302ms
 129: 0.046316ms
 130: 0.047139ms
 131: 0.047096ms
 132: 0.046065ms
 133: 0.046950ms
 134: 0.046076ms
 135: 0.046202ms
 136: 0.046105ms
 137: 0.046907ms
 138: 0.047085ms
 139: 0.047119ms
 140: 0.046518ms
 141: 0.046242ms
 142: 0.046203ms
 143: 0.047357ms
 144: 0.047259ms
 145: 0.047305ms
 146: 0.047829ms
 147: 0.047788ms
 148: 0.047511ms
 149: 0.047393ms
 150: 0.047993ms
 151: 0.047999ms
 152: 0.048105ms
 153: 0.048517ms
 154: 0.048422ms
 155: 0.048268ms
 156: 0.050691ms
 157: 0.049028ms
 158: 0.049389ms
 159: 0.050552ms
 160: 0.050758ms
 161: 0.050404ms
 162: 0.049834ms
 163: 0.048605ms
 164: 0.050320ms
 165: 0.049599ms
 166: 0.051041ms
 167: 0.048782ms
 168: 0.049736ms
 169: 0.048655ms
 170: 0.049462ms
 171: 0.049341ms
 172: 0.051068ms
 173: 0.055729ms
 174: 0.061605ms
 175: 0.053179ms
 176: 0.052129ms
 177: 0.052800ms
 178: 0.055493ms
 179: 0.052276ms
 180: 0.057333ms
 181: 0.052096ms
 182: 0.054828ms
 183: 0.051144ms
 184: 0.051849ms
 185: 0.054059ms
 186: 0.051264ms
 187: 0.051654ms
 188: 0.052406ms
 189: 0.051315ms
 190: 0.062090ms
 191: 0.078369ms
 192: 0.080009ms
 193: 0.064805ms
 194: 0.071720ms
 195: 0.065744ms
 196: 0.071852ms
 197: 0.063714ms
 198: 1.738254ms
 199: 0.223227ms


Measurements
--------------------------
FFT Size            : 16^3
Threads             : 39
Batch               : 1
Iterations          : 200
Avg Tot Runtime     : 0.055787 ms
Runtime per batch   : 0.055787 ms
SD                  : 0.120081 ms
Q1                  : 0.043290 ms
Median              : 0.044966 ms
Q3                  : 0.047393 ms
