Expm 2: Streaming FFT

Printing individual runtimes:
 0: 0.142848ms
 1: 0.030564ms
 2: 0.028900ms
 3: 0.063915ms
 4: 0.033867ms
 5: 0.054337ms
 6: 0.031377ms
 7: 0.079104ms
 8: 0.030054ms
 9: 0.032660ms
 10: 0.030194ms
 11: 0.049524ms
 12: 0.029148ms
 13: 0.031160ms
 14: 0.056712ms
 15: 0.042391ms
 16: 0.056391ms
 17: 0.032316ms
 18: 0.031371ms
 19: 0.079403ms
 20: 0.030435ms
 21: 0.030341ms
 22: 0.029833ms
 23: 0.045728ms
 24: 0.027262ms
 25: 0.031735ms
 26: 0.032723ms
 27: 0.065346ms
 28: 0.028467ms
 29: 0.036711ms
 30: 0.047248ms
 31: 0.031284ms
 32: 0.032343ms
 33: 0.029820ms
 34: 0.061906ms
 35: 0.029614ms
 36: 0.030401ms
 37: 0.055035ms
 38: 0.038377ms
 39: 0.029268ms
 40: 0.026963ms
 41: 0.031493ms
 42: 0.057466ms
 43: 0.029197ms
 44: 0.029589ms
 45: 0.034818ms
 46: 0.025521ms
 47: 0.029034ms
 48: 0.050202ms
 49: 0.028710ms
 50: 0.029478ms
 51: 0.035429ms
 52: 0.030343ms
 53: 0.038503ms
 54: 0.029985ms
 55: 0.066713ms
 56: 0.030453ms
 57: 0.030700ms
 58: 0.042059ms
 59: 0.032623ms
 60: 0.041713ms
 61: 0.058500ms
 62: 0.038411ms
 63: 0.029252ms
 64: 0.034154ms
 65: 0.031919ms
 66: 0.025100ms
 67: 0.062782ms
 68: 0.029969ms
 69: 0.027771ms
 70: 0.028744ms
 71: 0.028645ms
 72: 0.025983ms
 73: 0.027367ms
 74: 0.027428ms
 75: 0.034868ms
 76: 0.028201ms
 77: 0.044937ms
 78: 0.032211ms
 79: 0.025746ms
 80: 0.028492ms
 81: 0.029942ms
 82: 0.031656ms
 83: 0.028850ms
 84: 0.028052ms
 85: 0.063495ms
 86: 0.042631ms
 87: 0.039547ms
 88: 0.030845ms
 89: 0.030998ms
 90: 0.033997ms
 91: 0.029049ms
 92: 0.028892ms
 93: 0.027552ms
 94: 0.030069ms
 95: 0.028681ms
 96: 0.030810ms
 97: 0.029149ms
 98: 0.038700ms
 99: 0.029182ms
 100: 0.027189ms
 101: 0.026694ms
 102: 0.026816ms
 103: 0.029684ms
 104: 0.029065ms
 105: 0.031956ms
 106: 0.042710ms
 107: 0.027664ms
 108: 0.026446ms
 109: 0.058975ms
 110: 0.028938ms
 111: 0.026652ms
 112: 0.027801ms
 113: 0.036666ms
 114: 0.031153ms
 115: 0.036063ms
 116: 0.037323ms
 117: 0.028368ms
 118: 0.027544ms
 119: 0.029421ms
 120: 0.036539ms
 121: 0.048883ms
 122: 0.029171ms
 123: 0.030289ms
 124: 0.035755ms
 125: 0.030731ms
 126: 0.029413ms
 127: 0.030136ms
 128: 0.041123ms
 129: 0.035692ms
 130: 0.029098ms
 131: 0.026913ms
 132: 0.034666ms
 133: 0.030426ms
 134: 0.028836ms
 135: 0.033177ms
 136: 0.036832ms
 137: 0.031721ms
 138: 0.060817ms
 139: 0.030546ms
 140: 0.031068ms
 141: 0.030518ms
 142: 0.035478ms
 143: 0.028048ms
 144: 0.027130ms
 145: 0.029770ms
 146: 0.040863ms
 147: 0.028914ms
 148: 0.033599ms
 149: 0.028142ms
 150: 0.033615ms
 151: 0.029820ms
 152: 0.029491ms
 153: 0.029344ms
 154: 0.044786ms
 155: 0.027657ms
 156: 0.029123ms
 157: 0.028408ms
 158: 0.030272ms
 159: 0.025211ms
 160: 0.037939ms
 161: 0.028450ms
 162: 0.030583ms
 163: 0.025209ms
 164: 0.035566ms
 165: 0.029086ms
 166: 0.029777ms
 167: 0.026773ms
 168: 0.032195ms
 169: 0.057089ms
 170: 0.026207ms
 171: 0.030282ms
 172: 0.035062ms
 173: 0.027674ms
 174: 0.031811ms
 175: 0.029006ms
 176: 0.051702ms
 177: 0.027822ms
 178: 0.029483ms
 179: 0.026882ms
 180: 0.030545ms
 181: 0.027807ms
 182: 0.036277ms
 183: 0.030205ms
 184: 0.029268ms
 185: 0.030472ms
 186: 0.027254ms
 187: 0.026432ms
 188: 0.027661ms
 189: 0.037838ms
 190: 0.030081ms
 191: 0.029310ms
 192: 0.049004ms
 193: 0.039214ms
 194: 0.027170ms
 195: 0.029510ms
 196: 0.037138ms
 197: 0.039489ms
 198: 0.027293ms
 199: 0.027015ms


-- Real : Q1: 50 Q2: 100 Q3: 150
-- Array: Q1: 49 Q2: 99 Q3: 149
Printing sorted runtimes:
 0: 0.027189ms
 1: 0.027015ms
 2: 0.027170ms
 3: 0.026432ms
 4: 0.026882ms
 5: 0.026207ms
 6: 0.026773ms
 7: 0.025209ms
 8: 0.025211ms
 9: 0.027130ms
 10: 0.026913ms
 11: 0.026652ms
 12: 0.026446ms
 13: 0.026816ms
 14: 0.026694ms
 15: 0.025746ms
 16: 0.025983ms
 17: 0.025100ms
 18: 0.025521ms
 19: 0.026963ms
 20: 0.028142ms
 21: 0.027293ms
 22: 0.027552ms
 23: 0.027664ms
 24: 0.027262ms
 25: 0.027801ms
 26: 0.028052ms
 27: 0.027544ms
 28: 0.027428ms
 29: 0.027661ms
 30: 0.027254ms
 31: 0.027367ms
 32: 0.027771ms
 33: 0.028048ms
 34: 0.027807ms
 35: 0.027657ms
 36: 0.027674ms
 37: 0.027822ms
 38: 0.028744ms
 39: 0.028408ms
 40: 0.028645ms
 41: 0.028368ms
 42: 0.028681ms
 43: 0.028467ms
 44: 0.028710ms
 45: 0.028201ms
 46: 0.028450ms
 47: 0.028492ms
 48: 0.028836ms
 49: 0.028850ms
 50: 0.028892ms
 51: 0.030081ms
 52: 0.029006ms
 53: 0.028900ms
 54: 0.028938ms
 55: 0.029123ms
 56: 0.029148ms
 57: 0.029065ms
 58: 0.029049ms
 59: 0.029171ms
 60: 0.029034ms
 61: 0.029086ms
 62: 0.029197ms
 63: 0.029252ms
 64: 0.029182ms
 65: 0.029149ms
 66: 0.029098ms
 67: 0.029268ms
 68: 0.029969ms
 69: 0.028914ms
 70: 0.029483ms
 71: 0.029777ms
 72: 0.029413ms
 73: 0.029268ms
 74: 0.029820ms
 75: 0.030069ms
 76: 0.029770ms
 77: 0.029833ms
 78: 0.029421ms
 79: 0.029589ms
 80: 0.029820ms
 81: 0.029942ms
 82: 0.029491ms
 83: 0.029344ms
 84: 0.029310ms
 85: 0.029614ms
 86: 0.029985ms
 87: 0.030054ms
 88: 0.029510ms
 89: 0.029478ms
 90: 0.029684ms
 91: 0.030401ms
 92: 0.030343ms
 93: 0.030341ms
 94: 0.030289ms
 95: 0.030194ms
 96: 0.030282ms
 97: 0.030136ms
 98: 0.030205ms
 99: 0.030272ms
 100: 0.030426ms
 101: 0.033615ms
 102: 0.030545ms
 103: 0.030472ms
 104: 0.030453ms
 105: 0.030518ms
 106: 0.030546ms
 107: 0.030564ms
 108: 0.030810ms
 109: 0.031735ms
 110: 0.032723ms
 111: 0.031284ms
 112: 0.032343ms
 113: 0.031160ms
 114: 0.031153ms
 115: 0.031811ms
 116: 0.031493ms
 117: 0.031656ms
 118: 0.032195ms
 119: 0.032211ms
 120: 0.031377ms
 121: 0.030583ms
 122: 0.031371ms
 123: 0.030998ms
 124: 0.030700ms
 125: 0.030731ms
 126: 0.030435ms
 127: 0.032623ms
 128: 0.033599ms
 129: 0.032660ms
 130: 0.032316ms
 131: 0.031919ms
 132: 0.031956ms
 133: 0.030845ms
 134: 0.031068ms
 135: 0.033177ms
 136: 0.031721ms
 137: 0.034818ms
 138: 0.033997ms
 139: 0.033867ms
 140: 0.034154ms
 141: 0.034666ms
 142: 0.035566ms
 143: 0.035478ms
 144: 0.034868ms
 145: 0.035062ms
 146: 0.035429ms
 147: 0.036063ms
 148: 0.035755ms
 149: 0.035692ms
 150: 0.036277ms
 151: 0.036539ms
 152: 0.036666ms
 153: 0.036711ms
 154: 0.036832ms
 155: 0.037138ms
 156: 0.037838ms
 157: 0.037323ms
 158: 0.038503ms
 159: 0.042391ms
 160: 0.037939ms
 161: 0.042059ms
 162: 0.039214ms
 163: 0.038377ms
 164: 0.041123ms
 165: 0.041713ms
 166: 0.040863ms
 167: 0.039489ms
 168: 0.038411ms
 169: 0.039547ms
 170: 0.038700ms
 171: 0.054337ms
 172: 0.057089ms
 173: 0.079403ms
 174: 0.057466ms
 175: 0.079104ms
 176: 0.051702ms
 177: 0.055035ms
 178: 0.048883ms
 179: 0.044937ms
 180: 0.056712ms
 181: 0.061906ms
 182: 0.050202ms
 183: 0.063495ms
 184: 0.049524ms
 185: 0.142848ms
 186: 0.047248ms
 187: 0.063915ms
 188: 0.066713ms
 189: 0.044786ms
 190: 0.065346ms
 191: 0.042631ms
 192: 0.049004ms
 193: 0.056391ms
 194: 0.058975ms
 195: 0.045728ms
 196: 0.062782ms
 197: 0.058500ms
 198: 0.042710ms
 199: 0.060817ms


Measurements
--------------------------
FFT Size            : 16^3
Threads             : 34
Batch               : 1
Iterations          : 200
Avg Tot Runtime     : 0.035002 ms
Runtime per batch   : 0.035002 ms
SD                  : 0.012667 ms
Q1                  : 0.028850 ms
Median              : 0.030349 ms
Q3                  : 0.035692 ms
