Expm 2: Streaming FFTW
FFTW Plan: Patient
-- Cannot import wisdom from ../../wisdom/singlenode/all/113/fftw_113_t37_b1.patient
-- Exporting wisdom file to ../../wisdom/singlenode/all/113/fftw_113_t37_b1.patient
Iteration: 0, 1, 2, 3, 4, 5, 6, 7, 8, 9, 10, 11, 12, 13, 14, 15, 16, 17, 18, 19, 20, 21, 22, 23, 24, 25, 26, 27, 28, 29, 30, 31, 32, 33, 34, 35, 36, 37, 38, 39, 40, 41, 42, 43, 44, 45, 46, 47, 48, 49, 
Printing individual runtimes:
 0: 3.881588ms
 1: 3.922815ms
 2: 3.729924ms
 3: 3.847074ms
 4: 3.741753ms
 5: 3.739665ms
 6: 4.262751ms
 7: 3.726074ms
 8: 3.726578ms
 9: 3.820981ms
 10: 7.019303ms
 11: 6.893610ms
 12: 3.800394ms
 13: 5.750878ms
 14: 5.995964ms
 15: 3.823413ms
 16: 3.878083ms
 17: 3.682971ms
 18: 7.138560ms
 19: 10.153606ms
 20: 3.786986ms
 21: 3.829494ms
 22: 3.743307ms
 23: 3.793098ms
 24: 3.794133ms
 25: 3.722316ms
 26: 4.157656ms
 27: 3.699096ms
 28: 3.799086ms
 29: 3.708142ms
 30: 3.691347ms
 31: 3.698970ms
 32: 3.716336ms
 33: 3.808926ms
 34: 7.967908ms
 35: 6.987453ms
 36: 7.101391ms
 37: 6.879364ms
 38: 3.725694ms
 39: 10.530950ms
 40: 3.713478ms
 41: 4.126983ms
 42: 3.859673ms
 43: 3.665057ms
 44: 3.722678ms
 45: 3.723837ms
 46: 4.080374ms
 47: 6.452334ms
 48: 3.768165ms
 49: 3.929947ms


Measurements
--------------------------
FFT Size            : 113^3
Threads             : 37
Batch               : 1
Iterations          : 50
Avg Tot Runtime     : 4.674403 ms
Runtime per batch   : 4.674403 ms
SD                  : 1.690083 ms
Throughput          : 0.287455 GFLOPs
Plan Time           : 14.963731 sec
