Expm 2: Streaming FFTW
FFTW Plan: Patient
-- Cannot import wisdom from ../../wisdom/singlenode/all/113/fftw_113_t40_b1.patient
-- Exporting wisdom file to ../../wisdom/singlenode/all/113/fftw_113_t40_b1.patient
Iteration: 0, 1, 2, 3, 4, 5, 6, 7, 8, 9, 10, 11, 12, 13, 14, 15, 16, 17, 18, 19, 20, 21, 22, 23, 24, 25, 26, 27, 28, 29, 30, 31, 32, 33, 34, 35, 36, 37, 38, 39, 40, 41, 42, 43, 44, 45, 46, 47, 48, 49, 
Printing individual runtimes:
 0: 4.262959ms
 1: 4.350318ms
 2: 4.236048ms
 3: 7.010608ms
 4: 3.882490ms
 5: 4.021508ms
 6: 4.144099ms
 7: 4.024388ms
 8: 4.116076ms
 9: 6.340038ms
 10: 11.048909ms
 11: 5.884924ms
 12: 6.102062ms
 13: 5.376969ms
 14: 4.249627ms
 15: 4.212673ms
 16: 4.258821ms
 17: 4.280933ms
 18: 3.496468ms
 19: 4.228423ms
 20: 4.292969ms
 21: 4.262025ms
 22: 4.239770ms
 23: 4.258654ms
 24: 4.249902ms
 25: 3.965844ms
 26: 4.343795ms
 27: 3.819058ms
 28: 4.197260ms
 29: 3.895042ms
 30: 4.215025ms
 31: 4.284982ms
 32: 4.055601ms
 33: 4.213721ms
 34: 3.802497ms
 35: 4.292916ms
 36: 4.272279ms
 37: 4.086285ms
 38: 3.882270ms
 39: 4.016615ms
 40: 3.895739ms
 41: 3.818086ms
 42: 4.259445ms
 43: 4.023624ms
 44: 4.120319ms
 45: 4.140281ms
 46: 4.099932ms
 47: 4.038757ms
 48: 4.276131ms
 49: 4.284449ms


Measurements
--------------------------
FFT Size            : 113^3
Threads             : 40
Batch               : 1
Iterations          : 50
Avg Tot Runtime     : 4.462632 ms
Runtime per batch   : 4.462632 ms
SD                  : 1.144583 ms
Throughput          : 0.262204 GFLOPs
Plan Time           : 15.377663 sec
