Expm 2: Streaming FFT

Printing individual runtimes:
 0: 0.197444ms
 1: 0.080340ms
 2: 0.076100ms
 3: 0.171945ms
 4: 0.061679ms
 5: 0.385177ms
 6: 0.051828ms
 7: 0.072001ms
 8: 0.078570ms
 9: 0.156173ms
 10: 0.059086ms
 11: 0.067933ms
 12: 0.063518ms
 13: 0.128445ms
 14: 0.074165ms
 15: 0.053362ms
 16: 0.188298ms
 17: 0.064197ms
 18: 0.065054ms
 19: 0.069298ms
 20: 0.141629ms
 21: 0.079474ms
 22: 0.090845ms
 23: 0.077698ms
 24: 0.074841ms
 25: 0.100654ms
 26: 0.102149ms
 27: 0.133559ms
 28: 0.078472ms
 29: 0.092964ms
 30: 0.135105ms
 31: 0.080353ms
 32: 0.076572ms
 33: 0.079049ms
 34: 0.078125ms
 35: 0.077346ms
 36: 0.072420ms
 37: 0.080513ms
 38: 0.083217ms
 39: 0.078506ms
 40: 0.077519ms
 41: 0.079351ms
 42: 0.177714ms
 43: 0.078072ms
 44: 0.078202ms
 45: 0.080552ms
 46: 0.175345ms
 47: 0.076591ms
 48: 0.079871ms
 49: 0.075380ms
 50: 0.071899ms
 51: 0.078328ms
 52: 0.078026ms
 53: 0.078908ms
 54: 0.077080ms
 55: 0.076699ms
 56: 0.076970ms
 57: 0.079776ms
 58: 0.076174ms
 59: 0.079788ms
 60: 0.092861ms
 61: 0.093439ms
 62: 0.078232ms
 63: 0.077776ms
 64: 0.078876ms
 65: 0.077998ms
 66: 0.078544ms
 67: 0.080489ms
 68: 0.076870ms
 69: 0.132961ms
 70: 0.082393ms
 71: 0.082234ms
 72: 0.081388ms
 73: 0.143353ms
 74: 0.080444ms
 75: 0.075901ms
 76: 0.076243ms
 77: 0.079664ms
 78: 0.078835ms
 79: 0.078168ms
 80: 0.078145ms
 81: 0.076904ms
 82: 0.096402ms
 83: 0.075896ms
 84: 0.176334ms
 85: 0.078571ms
 86: 0.077490ms
 87: 0.071900ms
 88: 0.078279ms
 89: 0.077384ms
 90: 0.077934ms
 91: 0.087657ms
 92: 0.085521ms
 93: 0.095053ms
 94: 0.075743ms
 95: 0.085050ms
 96: 0.068343ms
 97: 0.081705ms
 98: 0.092721ms
 99: 0.083669ms
 100: 0.080190ms
 101: 0.077934ms
 102: 0.088085ms
 103: 0.085589ms
 104: 0.075448ms
 105: 0.080925ms
 106: 0.071642ms
 107: 0.079875ms
 108: 0.080548ms
 109: 0.077085ms
 110: 0.084608ms
 111: 0.091741ms
 112: 0.077437ms
 113: 0.078575ms
 114: 0.080392ms
 115: 0.076850ms
 116: 0.078646ms
 117: 0.087278ms
 118: 0.083418ms
 119: 0.077795ms
 120: 0.079386ms
 121: 0.078257ms
 122: 0.077793ms
 123: 0.087282ms
 124: 0.078271ms
 125: 0.077962ms
 126: 0.081116ms
 127: 0.075971ms
 128: 0.132106ms
 129: 0.080649ms
 130: 0.079303ms
 131: 0.079331ms
 132: 0.078184ms
 133: 0.087438ms
 134: 0.078039ms
 135: 0.078849ms
 136: 0.075764ms
 137: 0.076820ms
 138: 0.628085ms
 139: 0.095551ms
 140: 0.095047ms
 141: 0.078485ms
 142: 0.092045ms
 143: 0.076497ms
 144: 0.079390ms
 145: 0.084987ms
 146: 0.077718ms
 147: 0.082825ms
 148: 0.142775ms
 149: 0.078792ms
 150: 0.077783ms
 151: 0.076578ms
 152: 0.076971ms
 153: 0.076608ms
 154: 0.081115ms
 155: 0.078034ms
 156: 0.082892ms
 157: 0.076745ms
 158: 0.080652ms
 159: 0.082744ms
 160: 0.078374ms
 161: 0.081314ms
 162: 0.092369ms
 163: 0.084373ms
 164: 0.076432ms
 165: 0.076854ms
 166: 0.099856ms
 167: 0.073540ms
 168: 0.076592ms
 169: 0.075780ms
 170: 0.063784ms
 171: 0.059437ms
 172: 0.061031ms
 173: 0.074382ms
 174: 0.077630ms
 175: 0.082059ms
 176: 0.074330ms
 177: 0.076431ms
 178: 0.074824ms
 179: 0.079083ms
 180: 0.076731ms
 181: 0.091974ms
 182: 0.075603ms
 183: 0.088680ms
 184: 0.076218ms
 185: 0.075213ms
 186: 0.076295ms
 187: 0.076477ms
 188: 0.078060ms
 189: 0.083197ms
 190: 0.078320ms
 191: 0.079078ms
 192: 0.077913ms
 193: 0.082546ms
 194: 0.077084ms
 195: 0.093937ms
 196: 0.075352ms
 197: 0.082221ms
 198: 0.076206ms
 199: 0.079847ms


-- Real : Q1: 50 Q2: 100 Q3: 150
-- Array: Q1: 49 Q2: 99 Q3: 149
Printing sorted runtimes:
 0: 0.076497ms
 1: 0.075971ms
 2: 0.076100ms
 3: 0.076206ms
 4: 0.061679ms
 5: 0.075352ms
 6: 0.051828ms
 7: 0.072001ms
 8: 0.075896ms
 9: 0.076243ms
 10: 0.059086ms
 11: 0.067933ms
 12: 0.063518ms
 13: 0.075901ms
 14: 0.074165ms
 15: 0.053362ms
 16: 0.076432ms
 17: 0.064197ms
 18: 0.065054ms
 19: 0.069298ms
 20: 0.073540ms
 21: 0.075780ms
 22: 0.063784ms
 23: 0.059437ms
 24: 0.074841ms
 25: 0.076477ms
 26: 0.076295ms
 27: 0.075213ms
 28: 0.075764ms
 29: 0.076218ms
 30: 0.075603ms
 31: 0.071900ms
 32: 0.061031ms
 33: 0.071642ms
 34: 0.074382ms
 35: 0.076174ms
 36: 0.072420ms
 37: 0.075448ms
 38: 0.074824ms
 39: 0.075743ms
 40: 0.071899ms
 41: 0.075380ms
 42: 0.076431ms
 43: 0.068343ms
 44: 0.074330ms
 45: 0.076578ms
 46: 0.076572ms
 47: 0.076592ms
 48: 0.076591ms
 49: 0.076608ms
 50: 0.076699ms
 51: 0.076850ms
 52: 0.076731ms
 53: 0.076745ms
 54: 0.076820ms
 55: 0.078257ms
 56: 0.076970ms
 57: 0.077084ms
 58: 0.077346ms
 59: 0.077085ms
 60: 0.077080ms
 61: 0.076904ms
 62: 0.076870ms
 63: 0.076971ms
 64: 0.077384ms
 65: 0.077490ms
 66: 0.077776ms
 67: 0.077698ms
 68: 0.077783ms
 69: 0.077934ms
 70: 0.077437ms
 71: 0.077962ms
 72: 0.077519ms
 73: 0.077934ms
 74: 0.077795ms
 75: 0.077913ms
 76: 0.077718ms
 77: 0.077793ms
 78: 0.077630ms
 79: 0.078168ms
 80: 0.078145ms
 81: 0.078184ms
 82: 0.078039ms
 83: 0.078060ms
 84: 0.078125ms
 85: 0.078072ms
 86: 0.077998ms
 87: 0.078202ms
 88: 0.078026ms
 89: 0.078232ms
 90: 0.076854ms
 91: 0.078034ms
 92: 0.078472ms
 93: 0.078374ms
 94: 0.078279ms
 95: 0.078328ms
 96: 0.078271ms
 97: 0.078320ms
 98: 0.078506ms
 99: 0.078485ms
 100: 0.078544ms
 101: 0.080340ms
 102: 0.078571ms
 103: 0.078835ms
 104: 0.078575ms
 105: 0.078792ms
 106: 0.078646ms
 107: 0.078908ms
 108: 0.078876ms
 109: 0.078849ms
 110: 0.079664ms
 111: 0.079049ms
 112: 0.079474ms
 113: 0.079083ms
 114: 0.079351ms
 115: 0.079390ms
 116: 0.079776ms
 117: 0.079331ms
 118: 0.079303ms
 119: 0.079078ms
 120: 0.079386ms
 121: 0.079788ms
 122: 0.079875ms
 123: 0.079847ms
 124: 0.079871ms
 125: 0.080190ms
 126: 0.078570ms
 127: 0.081116ms
 128: 0.081115ms
 129: 0.080649ms
 130: 0.080652ms
 131: 0.080444ms
 132: 0.080392ms
 133: 0.080489ms
 134: 0.080552ms
 135: 0.080353ms
 136: 0.080548ms
 137: 0.080925ms
 138: 0.080513ms
 139: 0.081705ms
 140: 0.081314ms
 141: 0.081388ms
 142: 0.082744ms
 143: 0.082393ms
 144: 0.082234ms
 145: 0.082059ms
 146: 0.082546ms
 147: 0.082221ms
 148: 0.082825ms
 149: 0.082892ms
 150: 0.083197ms
 151: 0.083669ms
 152: 0.083418ms
 153: 0.083217ms
 154: 0.084373ms
 155: 0.087657ms
 156: 0.085521ms
 157: 0.176334ms
 158: 0.095053ms
 159: 0.085050ms
 160: 0.096402ms
 161: 0.092721ms
 162: 0.092369ms
 163: 0.087282ms
 164: 0.142775ms
 165: 0.143353ms
 166: 0.099856ms
 167: 0.084987ms
 168: 0.197444ms
 169: 0.088085ms
 170: 0.132961ms
 171: 0.092045ms
 172: 0.093439ms
 173: 0.092861ms
 174: 0.175345ms
 175: 0.085589ms
 176: 0.095047ms
 177: 0.177714ms
 178: 0.095551ms
 179: 0.628085ms
 180: 0.084608ms
 181: 0.091974ms
 182: 0.135105ms
 183: 0.088680ms
 184: 0.092964ms
 185: 0.133559ms
 186: 0.102149ms
 187: 0.100654ms
 188: 0.090845ms
 189: 0.091741ms
 190: 0.141629ms
 191: 0.188298ms
 192: 0.128445ms
 193: 0.087438ms
 194: 0.156173ms
 195: 0.093937ms
 196: 0.385177ms
 197: 0.087278ms
 198: 0.171945ms
 199: 0.132106ms


Measurements
--------------------------
FFT Size            : 44^3
Threads             : 37
Batch               : 1
Iterations          : 200
Avg Tot Runtime     : 0.089080 ms
Runtime per batch   : 0.089080 ms
SD                  : 0.049011 ms
Q1                  : 0.076608 ms
Median              : 0.078515 ms
Q3                  : 0.082892 ms
