Expm 2: Streaming FFT

Printing individual runtimes:
 0: 0.234867ms
 1: 0.090683ms
 2: 0.080521ms
 3: 0.202522ms
 4: 0.082551ms
 5: 0.428390ms
 6: 0.056872ms
 7: 0.064094ms
 8: 0.063091ms
 9: 0.059171ms
 10: 0.168362ms
 11: 0.069202ms
 12: 0.062059ms
 13: 0.175756ms
 14: 0.070297ms
 15: 0.073163ms
 16: 0.164139ms
 17: 0.077889ms
 18: 0.074805ms
 19: 0.138629ms
 20: 0.066487ms
 21: 0.160220ms
 22: 0.073717ms
 23: 0.081801ms
 24: 0.139353ms
 25: 0.075855ms
 26: 0.072181ms
 27: 0.083996ms
 28: 0.153256ms
 29: 0.078696ms
 30: 0.122943ms
 31: 0.079193ms
 32: 0.059996ms
 33: 0.050550ms
 34: 0.134936ms
 35: 0.075461ms
 36: 0.084011ms
 37: 0.078290ms
 38: 0.078872ms
 39: 0.179243ms
 40: 0.079261ms
 41: 0.078670ms
 42: 0.092767ms
 43: 0.078847ms
 44: 0.081501ms
 45: 0.082177ms
 46: 0.078876ms
 47: 0.077484ms
 48: 0.087695ms
 49: 0.077093ms
 50: 0.163462ms
 51: 0.094087ms
 52: 0.077028ms
 53: 0.082327ms
 54: 0.078501ms
 55: 0.175331ms
 56: 0.078330ms
 57: 0.096150ms
 58: 0.077054ms
 59: 0.079396ms
 60: 0.077224ms
 61: 0.080446ms
 62: 0.079885ms
 63: 0.082712ms
 64: 0.080553ms
 65: 0.095476ms
 66: 0.077649ms
 67: 0.076913ms
 68: 0.078930ms
 69: 0.089520ms
 70: 0.083570ms
 71: 0.079033ms
 72: 0.079163ms
 73: 0.079302ms
 74: 0.077358ms
 75: 0.160819ms
 76: 0.090706ms
 77: 0.080993ms
 78: 0.094725ms
 79: 0.094845ms
 80: 0.089949ms
 81: 0.078892ms
 82: 0.073587ms
 83: 0.215295ms
 84: 0.076966ms
 85: 0.082098ms
 86: 0.077708ms
 87: 0.090471ms
 88: 0.077719ms
 89: 0.078208ms
 90: 0.083258ms
 91: 0.077619ms
 92: 0.080702ms
 93: 0.195955ms
 94: 0.095682ms
 95: 0.079681ms
 96: 0.079493ms
 97: 0.078897ms
 98: 0.078419ms
 99: 0.095357ms
 100: 0.092911ms
 101: 0.075030ms
 102: 0.077354ms
 103: 0.080090ms
 104: 0.077871ms
 105: 0.082092ms
 106: 0.082590ms
 107: 0.078854ms
 108: 0.084680ms
 109: 0.075667ms
 110: 0.079230ms
 111: 0.076574ms
 112: 0.089608ms
 113: 0.080905ms
 114: 0.076591ms
 115: 0.076878ms
 116: 0.076110ms
 117: 0.095132ms
 118: 0.078637ms
 119: 0.078265ms
 120: 0.076968ms
 121: 0.078219ms
 122: 0.078786ms
 123: 0.078646ms
 124: 0.078158ms
 125: 0.076565ms
 126: 0.079656ms
 127: 0.075968ms
 128: 0.076529ms
 129: 0.083209ms
 130: 0.081115ms
 131: 0.185648ms
 132: 0.077317ms
 133: 0.076316ms
 134: 0.077695ms
 135: 0.079869ms
 136: 0.076228ms
 137: 0.075513ms
 138: 0.158349ms
 139: 0.077990ms
 140: 0.077255ms
 141: 0.078958ms
 142: 0.080420ms
 143: 0.075433ms
 144: 0.083426ms
 145: 0.079136ms
 146: 0.091996ms
 147: 0.076905ms
 148: 0.078608ms
 149: 0.081939ms
 150: 0.077084ms
 151: 0.091061ms
 152: 0.077355ms
 153: 0.077658ms
 154: 0.096990ms
 155: 0.079887ms
 156: 0.081959ms
 157: 0.077425ms
 158: 0.075694ms
 159: 0.073540ms
 160: 0.067665ms
 161: 0.075421ms
 162: 0.078228ms
 163: 0.077354ms
 164: 0.073915ms
 165: 0.076848ms
 166: 0.364580ms
 167: 0.071660ms
 168: 0.075999ms
 169: 0.075159ms
 170: 0.077376ms
 171: 0.076413ms
 172: 0.081551ms
 173: 0.076848ms
 174: 0.076797ms
 175: 0.079784ms
 176: 0.068595ms
 177: 0.076973ms
 178: 0.078454ms
 179: 0.077642ms
 180: 0.081717ms
 181: 0.076527ms
 182: 0.075933ms
 183: 0.078991ms
 184: 0.077969ms
 185: 0.075638ms
 186: 0.079352ms
 187: 0.084064ms
 188: 0.078729ms
 189: 0.090785ms
 190: 0.080498ms
 191: 0.083715ms
 192: 0.077836ms
 193: 0.084013ms
 194: 0.076053ms
 195: 0.092590ms
 196: 0.076172ms
 197: 0.078329ms
 198: 0.077011ms
 199: 0.097304ms


-- Real : Q1: 50 Q2: 100 Q3: 150
-- Array: Q1: 49 Q2: 99 Q3: 149
Printing sorted runtimes:
 0: 0.075855ms
 1: 0.075638ms
 2: 0.071660ms
 3: 0.075159ms
 4: 0.073587ms
 5: 0.073915ms
 6: 0.056872ms
 7: 0.064094ms
 8: 0.063091ms
 9: 0.059171ms
 10: 0.068595ms
 11: 0.069202ms
 12: 0.062059ms
 13: 0.075421ms
 14: 0.070297ms
 15: 0.073163ms
 16: 0.075030ms
 17: 0.067665ms
 18: 0.074805ms
 19: 0.073540ms
 20: 0.066487ms
 21: 0.075694ms
 22: 0.073717ms
 23: 0.075667ms
 24: 0.075433ms
 25: 0.075461ms
 26: 0.072181ms
 27: 0.050550ms
 28: 0.075513ms
 29: 0.059996ms
 30: 0.076529ms
 31: 0.076316ms
 32: 0.076228ms
 33: 0.076413ms
 34: 0.075968ms
 35: 0.075999ms
 36: 0.075933ms
 37: 0.076527ms
 38: 0.076110ms
 39: 0.076172ms
 40: 0.076053ms
 41: 0.076905ms
 42: 0.076574ms
 43: 0.076591ms
 44: 0.076797ms
 45: 0.076878ms
 46: 0.076848ms
 47: 0.076848ms
 48: 0.076565ms
 49: 0.076913ms
 50: 0.076966ms
 51: 0.077354ms
 52: 0.077028ms
 53: 0.077084ms
 54: 0.077255ms
 55: 0.077317ms
 56: 0.076968ms
 57: 0.076973ms
 58: 0.077054ms
 59: 0.077354ms
 60: 0.077224ms
 61: 0.077011ms
 62: 0.077093ms
 63: 0.077889ms
 64: 0.077355ms
 65: 0.077658ms
 66: 0.077649ms
 67: 0.077376ms
 68: 0.077695ms
 69: 0.077425ms
 70: 0.077836ms
 71: 0.077871ms
 72: 0.077619ms
 73: 0.077719ms
 74: 0.077358ms
 75: 0.077484ms
 76: 0.077708ms
 77: 0.077642ms
 78: 0.078501ms
 79: 0.077969ms
 80: 0.078329ms
 81: 0.078158ms
 82: 0.078219ms
 83: 0.078454ms
 84: 0.078330ms
 85: 0.078265ms
 86: 0.078290ms
 87: 0.078228ms
 88: 0.077990ms
 89: 0.078208ms
 90: 0.078419ms
 91: 0.078847ms
 92: 0.078670ms
 93: 0.078696ms
 94: 0.078608ms
 95: 0.078729ms
 96: 0.078637ms
 97: 0.078786ms
 98: 0.078646ms
 99: 0.078854ms
 100: 0.078872ms
 101: 0.082327ms
 102: 0.078930ms
 103: 0.078892ms
 104: 0.078897ms
 105: 0.079033ms
 106: 0.078958ms
 107: 0.078991ms
 108: 0.079136ms
 109: 0.079193ms
 110: 0.079163ms
 111: 0.079230ms
 112: 0.080446ms
 113: 0.080498ms
 114: 0.079261ms
 115: 0.079869ms
 116: 0.079302ms
 117: 0.079887ms
 118: 0.080090ms
 119: 0.079885ms
 120: 0.079396ms
 121: 0.080420ms
 122: 0.079784ms
 123: 0.080521ms
 124: 0.079493ms
 125: 0.079352ms
 126: 0.079656ms
 127: 0.079681ms
 128: 0.080553ms
 129: 0.080905ms
 130: 0.080993ms
 131: 0.080702ms
 132: 0.081551ms
 133: 0.081115ms
 134: 0.081717ms
 135: 0.081959ms
 136: 0.082098ms
 137: 0.078876ms
 138: 0.081939ms
 139: 0.081801ms
 140: 0.082092ms
 141: 0.082177ms
 142: 0.081501ms
 143: 0.083426ms
 144: 0.083209ms
 145: 0.082712ms
 146: 0.083258ms
 147: 0.082590ms
 148: 0.082551ms
 149: 0.083570ms
 150: 0.083715ms
 151: 0.083996ms
 152: 0.084011ms
 153: 0.087695ms
 154: 0.084680ms
 155: 0.084013ms
 156: 0.084064ms
 157: 0.089520ms
 158: 0.089608ms
 159: 0.090785ms
 160: 0.091996ms
 161: 0.090683ms
 162: 0.090471ms
 163: 0.091061ms
 164: 0.089949ms
 165: 0.090706ms
 166: 0.092590ms
 167: 0.092911ms
 168: 0.097304ms
 169: 0.092767ms
 170: 0.096990ms
 171: 0.094087ms
 172: 0.096150ms
 173: 0.095132ms
 174: 0.095476ms
 175: 0.095357ms
 176: 0.095682ms
 177: 0.094725ms
 178: 0.094845ms
 179: 0.215295ms
 180: 0.195955ms
 181: 0.160819ms
 182: 0.234867ms
 183: 0.185648ms
 184: 0.175331ms
 185: 0.158349ms
 186: 0.163462ms
 187: 0.179243ms
 188: 0.134936ms
 189: 0.122943ms
 190: 0.153256ms
 191: 0.139353ms
 192: 0.160220ms
 193: 0.138629ms
 194: 0.164139ms
 195: 0.175756ms
 196: 0.168362ms
 197: 0.428390ms
 198: 0.202522ms
 199: 0.364580ms


Measurements
--------------------------
FFT Size            : 44^3
Threads             : 38
Batch               : 1
Iterations          : 200
Avg Tot Runtime     : 0.091075 ms
Runtime per batch   : 0.091075 ms
SD                  : 0.042133 ms
Q1                  : 0.076913 ms
Median              : 0.078863 ms
Q3                  : 0.083570 ms
