Expm 2: Streaming FFTW
FFTW Plan: Patient
-- Cannot import wisdom from ../../wisdom/singlenode/all/487/fftw_487_t40_b1.patient
-- Exporting wisdom file to ../../wisdom/singlenode/all/487/fftw_487_t40_b1.patient
Iteration: 0, 1, 2, 3, 4, 5, 6, 7, 8, 9, 10, 11, 12, 13, 14, 15, 16, 17, 18, 19, 20, 21, 22, 23, 24, 25, 26, 27, 28, 29, 30, 31, 32, 33, 34, 35, 36, 37, 38, 39, 40, 41, 42, 43, 44, 45, 46, 47, 48, 49, 
Printing individual runtimes:
 0: 471.377243ms
 1: 421.490022ms
 2: 295.208229ms
 3: 170.889606ms
 4: 171.327782ms
 5: 171.107763ms
 6: 168.133704ms
 7: 168.211775ms
 8: 167.970590ms
 9: 292.701973ms
 10: 377.998565ms
 11: 306.073750ms
 12: 316.012527ms
 13: 278.666712ms
 14: 168.287371ms
 15: 167.832243ms
 16: 168.950868ms
 17: 167.645472ms
 18: 167.493672ms
 19: 167.414326ms
 20: 311.667366ms
 21: 255.914110ms
 22: 166.854093ms
 23: 167.119326ms
 24: 166.708455ms
 25: 166.350255ms
 26: 167.128648ms
 27: 166.971725ms
 28: 166.761733ms
 29: 166.808144ms
 30: 166.939605ms
 31: 166.697722ms
 32: 167.188051ms
 33: 166.768864ms
 34: 166.880317ms
 35: 167.303410ms
 36: 304.126882ms
 37: 166.863622ms
 38: 167.571929ms
 39: 166.910262ms
 40: 166.599754ms
 41: 166.455023ms
 42: 166.317768ms
 43: 167.058464ms
 44: 166.718245ms
 45: 166.410803ms
 46: 166.624264ms
 47: 166.792534ms
 48: 166.739864ms
 49: 166.918987ms


Measurements
--------------------------
FFT Size            : 487^3
Threads             : 40
Batch               : 1
Iterations          : 50
Avg Tot Runtime     : 203.219288 ms
Runtime per batch   : 203.219288 ms
SD                  : 73.524925 ms
Throughput          : 17.427652 GFLOPs
Plan Time           : 499.806843 sec
