Expm 2: Streaming FFTW
FFTW Plan: Patient
-- Cannot import wisdom from ../../wisdom/singlenode/all/409/fftw_409_t37_b1.patient
-- Exporting wisdom file to ../../wisdom/singlenode/all/409/fftw_409_t37_b1.patient
Iteration: 0, 1, 2, 3, 4, 5, 6, 7, 8, 9, 10, 11, 12, 13, 14, 15, 16, 17, 18, 19, 20, 21, 22, 23, 24, 25, 26, 27, 28, 29, 30, 31, 32, 33, 34, 35, 36, 37, 38, 39, 40, 41, 42, 43, 44, 45, 46, 47, 48, 49, 
Printing individual runtimes:
 0: 181.620188ms
 1: 102.577646ms
 2: 104.415564ms
 3: 104.998554ms
 4: 96.657785ms
 5: 96.778984ms
 6: 99.822335ms
 7: 101.330254ms
 8: 106.069809ms
 9: 97.878759ms
 10: 101.876709ms
 11: 98.246144ms
 12: 98.408989ms
 13: 97.896672ms
 14: 98.146860ms
 15: 97.871331ms
 16: 98.011164ms
 17: 98.356831ms
 18: 98.821800ms
 19: 188.633100ms
 20: 108.204396ms
 21: 99.992728ms
 22: 100.394920ms
 23: 100.112073ms
 24: 100.367210ms
 25: 99.341689ms
 26: 98.573267ms
 27: 97.589142ms
 28: 98.575218ms
 29: 106.066580ms
 30: 98.518724ms
 31: 98.452675ms
 32: 126.845837ms
 33: 99.226821ms
 34: 100.131071ms
 35: 98.390846ms
 36: 188.473698ms
 37: 99.073749ms
 38: 98.534364ms
 39: 189.544993ms
 40: 186.527858ms
 41: 103.220156ms
 42: 101.191118ms
 43: 191.693977ms
 44: 107.494698ms
 45: 99.886638ms
 46: 100.084044ms
 47: 99.368192ms
 48: 102.308821ms
 49: 121.172133ms


Measurements
--------------------------
FFT Size            : 409^3
Threads             : 37
Batch               : 1
Iterations          : 50
Avg Tot Runtime     : 111.755542 ms
Runtime per batch   : 111.755542 ms
SD                  : 28.587540 ms
Throughput          : 8.804334 GFLOPs
Plan Time           : 736.048567 sec
