Expm 2: Streaming FFT

Printing individual runtimes:
 0: 1.206192ms
 1: 0.989856ms
 2: 1.076592ms
 3: 3.895133ms
 4: 0.840788ms
 5: 0.847292ms
 6: 0.840884ms
 7: 0.873038ms
 8: 0.861110ms
 9: 1.233473ms
 10: 0.857881ms
 11: 0.844437ms
 12: 0.856981ms
 13: 0.854949ms
 14: 0.857022ms
 15: 0.851148ms
 16: 1.463784ms
 17: 0.911705ms
 18: 0.909962ms
 19: 0.901359ms
 20: 0.903904ms
 21: 0.902623ms
 22: 0.867251ms
 23: 0.911440ms
 24: 0.899871ms
 25: 0.894033ms
 26: 0.904144ms
 27: 0.929467ms
 28: 0.891725ms
 29: 0.916788ms
 30: 0.893607ms
 31: 1.300912ms
 32: 0.943016ms
 33: 0.894123ms
 34: 0.904637ms
 35: 0.907704ms
 36: 0.947069ms
 37: 0.904655ms
 38: 0.911181ms
 39: 0.898863ms
 40: 0.911199ms
 41: 0.906504ms
 42: 0.921453ms
 43: 0.896472ms
 44: 0.918682ms
 45: 0.900682ms
 46: 0.920017ms
 47: 0.913396ms
 48: 0.894964ms
 49: 0.908509ms
 50: 0.915035ms
 51: 0.914142ms
 52: 0.919010ms
 53: 0.931765ms
 54: 0.876796ms
 55: 1.231179ms
 56: 0.855894ms
 57: 0.892760ms
 58: 0.866343ms
 59: 0.929274ms
 60: 0.872247ms
 61: 0.901703ms
 62: 0.881147ms
 63: 0.886402ms
 64: 0.872958ms
 65: 0.861283ms
 66: 0.890041ms
 67: 0.875701ms
 68: 0.915952ms
 69: 0.883463ms
 70: 0.889601ms
 71: 0.886707ms
 72: 0.893032ms
 73: 0.893200ms
 74: 0.901441ms
 75: 0.896377ms
 76: 0.902565ms
 77: 0.909411ms
 78: 0.915225ms
 79: 0.896092ms
 80: 0.898857ms
 81: 0.891619ms
 82: 0.906983ms
 83: 0.906775ms
 84: 0.900885ms
 85: 0.899364ms
 86: 0.902725ms
 87: 0.924644ms
 88: 0.921441ms
 89: 0.896811ms
 90: 0.893452ms
 91: 0.933664ms
 92: 0.914163ms
 93: 0.906416ms
 94: 0.911740ms
 95: 0.923342ms
 96: 0.916541ms
 97: 0.899526ms
 98: 0.910974ms
 99: 0.906179ms
 100: 0.920897ms
 101: 0.901040ms
 102: 0.919678ms
 103: 0.919600ms
 104: 0.912128ms
 105: 0.915969ms
 106: 0.909829ms
 107: 0.912838ms
 108: 0.928507ms
 109: 0.914954ms
 110: 0.895788ms
 111: 0.894174ms
 112: 1.271192ms
 113: 0.892364ms
 114: 0.894885ms
 115: 0.900208ms
 116: 0.927744ms
 117: 0.928863ms
 118: 0.918866ms
 119: 0.908763ms
 120: 0.917014ms
 121: 0.924591ms
 122: 0.904627ms
 123: 0.890264ms
 124: 0.922177ms
 125: 0.911522ms
 126: 0.892595ms
 127: 0.886775ms
 128: 0.912276ms
 129: 0.899917ms
 130: 0.890088ms
 131: 0.908115ms
 132: 0.904534ms
 133: 0.905575ms
 134: 0.888271ms
 135: 0.903968ms
 136: 0.891866ms
 137: 0.903725ms
 138: 0.902542ms
 139: 0.908034ms
 140: 0.918854ms
 141: 0.904858ms
 142: 0.910278ms
 143: 0.906314ms
 144: 0.909564ms
 145: 0.897280ms
 146: 0.912981ms
 147: 0.925481ms
 148: 0.914339ms
 149: 0.897912ms
 150: 0.889115ms
 151: 0.913375ms
 152: 0.904911ms
 153: 0.888224ms
 154: 0.891348ms
 155: 0.909417ms
 156: 0.919674ms
 157: 0.923903ms
 158: 0.894120ms
 159: 0.911588ms
 160: 0.920937ms
 161: 0.911283ms
 162: 0.889158ms
 163: 0.933867ms
 164: 0.917962ms
 165: 0.919060ms
 166: 0.932128ms
 167: 0.920660ms
 168: 0.889794ms
 169: 0.885341ms
 170: 0.897489ms
 171: 0.903942ms
 172: 0.893142ms
 173: 0.896682ms
 174: 0.897556ms
 175: 0.894182ms
 176: 0.909674ms
 177: 0.893201ms
 178: 0.912514ms
 179: 0.890096ms
 180: 0.889714ms
 181: 0.890600ms
 182: 0.878095ms
 183: 0.901496ms
 184: 0.907731ms
 185: 0.894187ms
 186: 0.898139ms
 187: 0.894268ms
 188: 0.885051ms
 189: 0.890753ms
 190: 0.900808ms
 191: 0.874964ms
 192: 0.886610ms
 193: 0.888578ms
 194: 0.890091ms
 195: 0.884038ms
 196: 0.896509ms
 197: 0.897809ms
 198: 0.901511ms
 199: 0.910633ms


-- Real : Q1: 50 Q2: 100 Q3: 150
-- Array: Q1: 49 Q2: 99 Q3: 149
Printing sorted runtimes:
 0: 0.891866ms
 1: 0.891619ms
 2: 0.885341ms
 3: 0.878095ms
 4: 0.840788ms
 5: 0.847292ms
 6: 0.840884ms
 7: 0.873038ms
 8: 0.861110ms
 9: 0.886707ms
 10: 0.857881ms
 11: 0.844437ms
 12: 0.856981ms
 13: 0.854949ms
 14: 0.857022ms
 15: 0.851148ms
 16: 0.884038ms
 17: 0.889794ms
 18: 0.889601ms
 19: 0.889158ms
 20: 0.883463ms
 21: 0.890600ms
 22: 0.867251ms
 23: 0.875701ms
 24: 0.891348ms
 25: 0.890041ms
 26: 0.888224ms
 27: 0.890091ms
 28: 0.891725ms
 29: 0.889115ms
 30: 0.861283ms
 31: 0.888578ms
 32: 0.886610ms
 33: 0.872958ms
 34: 0.886402ms
 35: 0.881147ms
 36: 0.874964ms
 37: 0.872247ms
 38: 0.866343ms
 39: 0.855894ms
 40: 0.888271ms
 41: 0.890088ms
 42: 0.886775ms
 43: 0.885051ms
 44: 0.876796ms
 45: 0.890264ms
 46: 0.890753ms
 47: 0.890096ms
 48: 0.889714ms
 49: 0.892364ms
 50: 0.892595ms
 51: 0.898863ms
 52: 0.893142ms
 53: 0.893201ms
 54: 0.893200ms
 55: 0.893032ms
 56: 0.893452ms
 57: 0.894182ms
 58: 0.894174ms
 59: 0.894120ms
 60: 0.894033ms
 61: 0.893607ms
 62: 0.894123ms
 63: 0.896811ms
 64: 0.894885ms
 65: 0.895788ms
 66: 0.897280ms
 67: 0.894187ms
 68: 0.894268ms
 69: 0.896682ms
 70: 0.897489ms
 71: 0.896509ms
 72: 0.896472ms
 73: 0.894964ms
 74: 0.896092ms
 75: 0.896377ms
 76: 0.892760ms
 77: 0.897912ms
 78: 0.897556ms
 79: 0.897809ms
 80: 0.898857ms
 81: 0.898139ms
 82: 0.900682ms
 83: 0.899917ms
 84: 0.899526ms
 85: 0.899871ms
 86: 0.900208ms
 87: 0.899364ms
 88: 0.902542ms
 89: 0.901441ms
 90: 0.901040ms
 91: 0.900808ms
 92: 0.900885ms
 93: 0.901703ms
 94: 0.901511ms
 95: 0.901496ms
 96: 0.901359ms
 97: 0.902623ms
 98: 0.902565ms
 99: 0.902725ms
 100: 0.903725ms
 101: 0.911283ms
 102: 0.906179ms
 103: 0.903904ms
 104: 0.910974ms
 105: 0.911181ms
 106: 0.909829ms
 107: 0.909417ms
 108: 0.909962ms
 109: 0.904144ms
 110: 0.906416ms
 111: 0.904911ms
 112: 0.904637ms
 113: 0.907704ms
 114: 0.908509ms
 115: 0.903942ms
 116: 0.904655ms
 117: 0.909564ms
 118: 0.906314ms
 119: 0.908763ms
 120: 0.910278ms
 121: 0.904858ms
 122: 0.904627ms
 123: 0.907731ms
 124: 0.909674ms
 125: 0.909411ms
 126: 0.908034ms
 127: 0.906983ms
 128: 0.910633ms
 129: 0.906775ms
 130: 0.906504ms
 131: 0.908115ms
 132: 0.904534ms
 133: 0.905575ms
 134: 0.911199ms
 135: 0.903968ms
 136: 0.911588ms
 137: 0.911522ms
 138: 0.911440ms
 139: 0.912981ms
 140: 0.911705ms
 141: 0.912276ms
 142: 0.911740ms
 143: 0.912838ms
 144: 0.912514ms
 145: 0.912128ms
 146: 0.914163ms
 147: 0.913396ms
 148: 0.913375ms
 149: 0.914142ms
 150: 0.914339ms
 151: 0.914954ms
 152: 0.915035ms
 153: 0.916788ms
 154: 0.915952ms
 155: 0.916541ms
 156: 0.915225ms
 157: 0.915969ms
 158: 0.919674ms
 159: 0.919010ms
 160: 0.919600ms
 161: 0.919678ms
 162: 0.918866ms
 163: 0.917014ms
 164: 0.917962ms
 165: 0.919060ms
 166: 0.920017ms
 167: 0.920660ms
 168: 0.918854ms
 169: 0.918682ms
 170: 0.920897ms
 171: 0.932128ms
 172: 0.933867ms
 173: 0.920937ms
 174: 0.923903ms
 175: 0.925481ms
 176: 0.922177ms
 177: 0.924591ms
 178: 0.928863ms
 179: 0.927744ms
 180: 1.271192ms
 181: 0.928507ms
 182: 1.206192ms
 183: 0.923342ms
 184: 0.933664ms
 185: 0.921441ms
 186: 0.924644ms
 187: 0.929274ms
 188: 1.231179ms
 189: 0.931765ms
 190: 0.921453ms
 191: 0.947069ms
 192: 0.943016ms
 193: 1.300912ms
 194: 0.929467ms
 195: 1.463784ms
 196: 1.233473ms
 197: 3.895133ms
 198: 1.076592ms
 199: 0.989856ms


Measurements
--------------------------
FFT Size            : 128^3
Threads             : 20
Batch               : 1
Iterations          : 200
Avg Tot Runtime     : 0.928429 ms
Runtime per batch   : 0.928429 ms
SD                  : 0.221892 ms
Q1                  : 0.892364 ms
Median              : 0.903225 ms
Q3                  : 0.914142 ms
