Expm 2: Streaming FFT

Printing individual runtimes:
 0: 1.133043ms
 1: 1.030574ms
 2: 0.969240ms
 3: 3.311722ms
 4: 2.046536ms
 5: 0.729266ms
 6: 0.982748ms
 7: 0.737466ms
 8: 0.747876ms
 9: 0.694857ms
 10: 0.713325ms
 11: 0.714016ms
 12: 0.959328ms
 13: 0.726044ms
 14: 0.701398ms
 15: 0.712031ms
 16: 0.773754ms
 17: 0.708714ms
 18: 0.705903ms
 19: 0.715551ms
 20: 0.715179ms
 21: 0.718749ms
 22: 0.699298ms
 23: 0.973918ms
 24: 0.730335ms
 25: 0.700922ms
 26: 0.715014ms
 27: 0.718092ms
 28: 0.716173ms
 29: 0.693821ms
 30: 0.713455ms
 31: 0.721752ms
 32: 0.717179ms
 33: 0.751166ms
 34: 0.714895ms
 35: 0.719898ms
 36: 0.709278ms
 37: 0.728293ms
 38: 0.729388ms
 39: 0.713252ms
 40: 0.730112ms
 41: 0.728217ms
 42: 0.720202ms
 43: 0.732008ms
 44: 0.728385ms
 45: 0.709249ms
 46: 1.339367ms
 47: 0.803630ms
 48: 0.824010ms
 49: 0.797810ms
 50: 0.805779ms
 51: 0.808586ms
 52: 1.014493ms
 53: 0.809075ms
 54: 0.797029ms
 55: 0.770958ms
 56: 0.778875ms
 57: 0.853854ms
 58: 0.822002ms
 59: 0.788155ms
 60: 0.789100ms
 61: 0.849804ms
 62: 0.768531ms
 63: 0.781794ms
 64: 0.811494ms
 65: 0.796835ms
 66: 0.836234ms
 67: 0.923978ms
 68: 0.848206ms
 69: 0.824726ms
 70: 0.783463ms
 71: 0.803374ms
 72: 0.787299ms
 73: 0.792077ms
 74: 0.800692ms
 75: 0.906766ms
 76: 0.941624ms
 77: 0.846286ms
 78: 0.795456ms
 79: 0.835706ms
 80: 0.785761ms
 81: 0.780361ms
 82: 0.822862ms
 83: 0.799619ms
 84: 0.800158ms
 85: 0.796922ms
 86: 1.024604ms
 87: 0.796506ms
 88: 0.794027ms
 89: 0.777231ms
 90: 0.797996ms
 91: 0.813578ms
 92: 0.810228ms
 93: 0.816872ms
 94: 0.806169ms
 95: 0.799789ms
 96: 0.811134ms
 97: 0.815078ms
 98: 0.784935ms
 99: 0.749446ms
 100: 0.801758ms
 101: 0.810801ms
 102: 0.794572ms
 103: 0.834484ms
 104: 0.782105ms
 105: 0.784517ms
 106: 0.777550ms
 107: 0.816247ms
 108: 0.820658ms
 109: 0.822457ms
 110: 0.798043ms
 111: 0.790641ms
 112: 0.803799ms
 113: 0.753677ms
 114: 0.788818ms
 115: 0.796988ms
 116: 0.779758ms
 117: 0.771998ms
 118: 0.836965ms
 119: 0.823367ms
 120: 0.797206ms
 121: 0.791278ms
 122: 0.791080ms
 123: 0.797803ms
 124: 0.796450ms
 125: 0.797754ms
 126: 0.792411ms
 127: 0.791928ms
 128: 0.797065ms
 129: 0.838406ms
 130: 0.810716ms
 131: 0.805004ms
 132: 0.809319ms
 133: 0.796021ms
 134: 0.765912ms
 135: 0.851680ms
 136: 0.790263ms
 137: 0.783640ms
 138: 0.814289ms
 139: 0.780559ms
 140: 0.820685ms
 141: 0.785428ms
 142: 0.777033ms
 143: 0.804323ms
 144: 0.820980ms
 145: 0.791118ms
 146: 0.805601ms
 147: 0.830400ms
 148: 0.794493ms
 149: 0.779879ms
 150: 0.806541ms
 151: 0.760186ms
 152: 0.797080ms
 153: 0.783731ms
 154: 0.767178ms
 155: 0.783459ms
 156: 0.807477ms
 157: 0.815284ms
 158: 0.813180ms
 159: 0.793785ms
 160: 0.754541ms
 161: 0.874385ms
 162: 0.804616ms
 163: 0.790541ms
 164: 0.774976ms
 165: 0.761634ms
 166: 0.813547ms
 167: 0.790233ms
 168: 0.810365ms
 169: 0.770292ms
 170: 0.792371ms
 171: 0.784577ms
 172: 0.784628ms
 173: 0.834031ms
 174: 0.780398ms
 175: 0.785165ms
 176: 0.785249ms
 177: 0.810825ms
 178: 0.803728ms
 179: 0.793718ms
 180: 0.800962ms
 181: 0.803088ms
 182: 0.788483ms
 183: 0.803527ms
 184: 0.777922ms
 185: 0.799557ms
 186: 0.786850ms
 187: 0.804263ms
 188: 0.791880ms
 189: 0.797644ms
 190: 0.807333ms
 191: 0.788755ms
 192: 0.776228ms
 193: 0.777156ms
 194: 0.833254ms
 195: 0.795163ms
 196: 0.813378ms
 197: 0.799204ms
 198: 0.800990ms
 199: 0.792930ms


-- Real : Q1: 50 Q2: 100 Q3: 150
-- Array: Q1: 49 Q2: 99 Q3: 149
Printing sorted runtimes:
 0: 0.767178ms
 1: 0.754541ms
 2: 0.761634ms
 3: 0.749446ms
 4: 0.765912ms
 5: 0.729266ms
 6: 0.753677ms
 7: 0.737466ms
 8: 0.747876ms
 9: 0.694857ms
 10: 0.713325ms
 11: 0.714016ms
 12: 0.760186ms
 13: 0.726044ms
 14: 0.701398ms
 15: 0.712031ms
 16: 0.709249ms
 17: 0.708714ms
 18: 0.705903ms
 19: 0.715551ms
 20: 0.715179ms
 21: 0.718749ms
 22: 0.699298ms
 23: 0.728385ms
 24: 0.730335ms
 25: 0.700922ms
 26: 0.715014ms
 27: 0.718092ms
 28: 0.716173ms
 29: 0.693821ms
 30: 0.713455ms
 31: 0.721752ms
 32: 0.717179ms
 33: 0.751166ms
 34: 0.714895ms
 35: 0.719898ms
 36: 0.709278ms
 37: 0.728293ms
 38: 0.729388ms
 39: 0.713252ms
 40: 0.730112ms
 41: 0.728217ms
 42: 0.720202ms
 43: 0.732008ms
 44: 0.773754ms
 45: 0.768531ms
 46: 0.770292ms
 47: 0.770958ms
 48: 0.771998ms
 49: 0.774976ms
 50: 0.776228ms
 51: 0.791118ms
 52: 0.777156ms
 53: 0.777231ms
 54: 0.777550ms
 55: 0.777922ms
 56: 0.778875ms
 57: 0.779758ms
 58: 0.779879ms
 59: 0.780361ms
 60: 0.784935ms
 61: 0.785165ms
 62: 0.788155ms
 63: 0.781794ms
 64: 0.780398ms
 65: 0.780559ms
 66: 0.784628ms
 67: 0.784577ms
 68: 0.785249ms
 69: 0.783640ms
 70: 0.783463ms
 71: 0.783459ms
 72: 0.787299ms
 73: 0.784517ms
 74: 0.782105ms
 75: 0.783731ms
 76: 0.788483ms
 77: 0.786850ms
 78: 0.785428ms
 79: 0.788818ms
 80: 0.785761ms
 81: 0.788755ms
 82: 0.790541ms
 83: 0.777033ms
 84: 0.790233ms
 85: 0.789100ms
 86: 0.790263ms
 87: 0.790641ms
 88: 0.791080ms
 89: 0.792371ms
 90: 0.791278ms
 91: 0.791880ms
 92: 0.791928ms
 93: 0.792077ms
 94: 0.794493ms
 95: 0.792930ms
 96: 0.793718ms
 97: 0.794027ms
 98: 0.792411ms
 99: 0.793785ms
 100: 0.794572ms
 101: 0.806541ms
 102: 0.796922ms
 103: 0.795456ms
 104: 0.797206ms
 105: 0.796506ms
 106: 0.797754ms
 107: 0.796835ms
 108: 0.797080ms
 109: 0.797029ms
 110: 0.797065ms
 111: 0.796021ms
 112: 0.795163ms
 113: 0.796988ms
 114: 0.797644ms
 115: 0.797810ms
 116: 0.799557ms
 117: 0.799204ms
 118: 0.800962ms
 119: 0.798043ms
 120: 0.800692ms
 121: 0.800990ms
 122: 0.799619ms
 123: 0.797803ms
 124: 0.800158ms
 125: 0.799789ms
 126: 0.797996ms
 127: 0.801758ms
 128: 0.803630ms
 129: 0.804263ms
 130: 0.805779ms
 131: 0.805004ms
 132: 0.803527ms
 133: 0.803088ms
 134: 0.803799ms
 135: 0.803728ms
 136: 0.803374ms
 137: 0.804616ms
 138: 0.806169ms
 139: 0.796450ms
 140: 0.805601ms
 141: 0.804323ms
 142: 0.809075ms
 143: 0.808586ms
 144: 0.807333ms
 145: 0.807477ms
 146: 0.810228ms
 147: 0.809319ms
 148: 0.810716ms
 149: 0.810365ms
 150: 0.810801ms
 151: 0.810825ms
 152: 0.816872ms
 153: 0.814289ms
 154: 0.813578ms
 155: 0.822002ms
 156: 0.813378ms
 157: 0.815284ms
 158: 0.813180ms
 159: 0.822862ms
 160: 0.823367ms
 161: 0.811494ms
 162: 0.820658ms
 163: 0.816247ms
 164: 0.820980ms
 165: 0.824010ms
 166: 0.813547ms
 167: 0.822457ms
 168: 0.811134ms
 169: 0.815078ms
 170: 0.820685ms
 171: 0.824726ms
 172: 0.836234ms
 173: 0.834031ms
 174: 0.838406ms
 175: 0.835706ms
 176: 0.833254ms
 177: 0.830400ms
 178: 0.836965ms
 179: 0.834484ms
 180: 0.853854ms
 181: 0.851680ms
 182: 0.849804ms
 183: 0.848206ms
 184: 0.906766ms
 185: 0.846286ms
 186: 0.874385ms
 187: 0.923978ms
 188: 1.014493ms
 189: 1.339367ms
 190: 0.941624ms
 191: 0.973918ms
 192: 0.959328ms
 193: 0.982748ms
 194: 1.024604ms
 195: 2.046536ms
 196: 1.133043ms
 197: 3.311722ms
 198: 0.969240ms
 199: 1.030574ms


Measurements
--------------------------
FFT Size            : 128^3
Threads             : 26
Batch               : 1
Iterations          : 200
Avg Tot Runtime     : 0.816231 ms
Runtime per batch   : 0.816231 ms
SD                  : 0.210266 ms
Q1                  : 0.774976 ms
Median              : 0.794178 ms
Q3                  : 0.810365 ms
