Expm 2: Streaming FFT

Printing individual runtimes:
 0: 1.533322ms
 1: 1.419660ms
 2: 1.364249ms
 3: 2.952391ms
 4: 1.168401ms
 5: 1.142178ms
 6: 1.130077ms
 7: 1.156404ms
 8: 1.134036ms
 9: 1.553267ms
 10: 1.152564ms
 11: 1.153692ms
 12: 1.155818ms
 13: 1.164121ms
 14: 1.174518ms
 15: 1.622955ms
 16: 1.186942ms
 17: 1.136814ms
 18: 1.168604ms
 19: 1.122728ms
 20: 1.149627ms
 21: 1.176773ms
 22: 1.154354ms
 23: 1.169669ms
 24: 1.142024ms
 25: 1.165767ms
 26: 1.133821ms
 27: 1.151526ms
 28: 1.805836ms
 29: 1.241862ms
 30: 1.201918ms
 31: 1.180679ms
 32: 1.201268ms
 33: 1.220714ms
 34: 1.210649ms
 35: 1.216002ms
 36: 1.202157ms
 37: 1.231631ms
 38: 1.189785ms
 39: 1.179153ms
 40: 1.284721ms
 41: 1.203529ms
 42: 1.215185ms
 43: 1.631524ms
 44: 1.220312ms
 45: 1.243400ms
 46: 1.225714ms
 47: 1.238432ms
 48: 1.247491ms
 49: 1.293966ms
 50: 1.204832ms
 51: 1.177567ms
 52: 1.158600ms
 53: 1.248915ms
 54: 1.216942ms
 55: 1.211297ms
 56: 1.281887ms
 57: 1.233771ms
 58: 1.193309ms
 59: 1.241836ms
 60: 1.249365ms
 61: 1.696270ms
 62: 1.184146ms
 63: 1.140202ms
 64: 1.142437ms
 65: 1.156770ms
 66: 1.142512ms
 67: 1.160143ms
 68: 1.142184ms
 69: 1.143390ms
 70: 1.156773ms
 71: 1.181128ms
 72: 1.158261ms
 73: 1.153778ms
 74: 1.165562ms
 75: 1.131520ms
 76: 1.155240ms
 77: 1.151787ms
 78: 1.179919ms
 79: 1.178032ms
 80: 1.187401ms
 81: 1.174318ms
 82: 1.145681ms
 83: 1.144888ms
 84: 1.163832ms
 85: 1.180715ms
 86: 1.141214ms
 87: 1.152914ms
 88: 1.184527ms
 89: 1.154716ms
 90: 1.148945ms
 91: 1.159155ms
 92: 1.163554ms
 93: 1.194914ms
 94: 1.135242ms
 95: 1.143636ms
 96: 1.201445ms
 97: 1.131470ms
 98: 1.134732ms
 99: 1.144591ms
 100: 1.180790ms
 101: 1.159320ms
 102: 1.154133ms
 103: 1.193015ms
 104: 1.187946ms
 105: 1.136189ms
 106: 1.168684ms
 107: 1.167932ms
 108: 1.146445ms
 109: 1.166781ms
 110: 1.144400ms
 111: 1.151696ms
 112: 1.168369ms
 113: 1.159158ms
 114: 1.181323ms
 115: 1.186816ms
 116: 1.147658ms
 117: 1.140709ms
 118: 1.160971ms
 119: 1.162396ms
 120: 1.134450ms
 121: 1.155259ms
 122: 1.173941ms
 123: 1.138900ms
 124: 1.180372ms
 125: 1.156153ms
 126: 1.147138ms
 127: 1.157442ms
 128: 1.168708ms
 129: 1.149311ms
 130: 1.180003ms
 131: 1.164061ms
 132: 1.167564ms
 133: 1.161560ms
 134: 1.155367ms
 135: 1.152165ms
 136: 1.172363ms
 137: 1.175131ms
 138: 1.166738ms
 139: 1.169677ms
 140: 1.167852ms
 141: 1.153293ms
 142: 1.170718ms
 143: 1.143662ms
 144: 1.189627ms
 145: 1.149993ms
 146: 1.148174ms
 147: 1.166742ms
 148: 1.172983ms
 149: 1.161218ms
 150: 1.159707ms
 151: 1.166743ms
 152: 1.153237ms
 153: 1.189164ms
 154: 1.299874ms
 155: 1.235087ms
 156: 1.235604ms
 157: 1.213527ms
 158: 1.195217ms
 159: 1.193665ms
 160: 1.177252ms
 161: 1.228304ms
 162: 1.210466ms
 163: 1.197813ms
 164: 1.214670ms
 165: 1.229110ms
 166: 1.202726ms
 167: 1.220997ms
 168: 1.235465ms
 169: 1.227475ms
 170: 1.219435ms
 171: 1.226224ms
 172: 1.217521ms
 173: 1.207085ms
 174: 1.202252ms
 175: 1.231798ms
 176: 1.242070ms
 177: 1.198649ms
 178: 1.205284ms
 179: 1.230527ms
 180: 1.216141ms
 181: 1.239416ms
 182: 1.202452ms
 183: 1.251219ms
 184: 1.206876ms
 185: 1.216286ms
 186: 1.202664ms
 187: 1.228450ms
 188: 1.194766ms
 189: 1.193614ms
 190: 1.165963ms
 191: 1.210342ms
 192: 1.205604ms
 193: 1.199391ms
 194: 1.189459ms
 195: 1.196771ms
 196: 1.298597ms
 197: 1.235702ms
 198: 1.225355ms
 199: 1.230982ms


-- Real : Q1: 50 Q2: 100 Q3: 150
-- Array: Q1: 49 Q2: 99 Q3: 149
Printing sorted runtimes:
 0: 1.151696ms
 1: 1.134450ms
 2: 1.140202ms
 3: 1.144400ms
 4: 1.146445ms
 5: 1.142178ms
 6: 1.130077ms
 7: 1.138900ms
 8: 1.134036ms
 9: 1.136189ms
 10: 1.142437ms
 11: 1.147138ms
 12: 1.142512ms
 13: 1.149311ms
 14: 1.144591ms
 15: 1.134732ms
 16: 1.131470ms
 17: 1.136814ms
 18: 1.147658ms
 19: 1.122728ms
 20: 1.149627ms
 21: 1.143636ms
 22: 1.142184ms
 23: 1.135242ms
 24: 1.142024ms
 25: 1.140709ms
 26: 1.133821ms
 27: 1.151526ms
 28: 1.143390ms
 29: 1.148945ms
 30: 1.131520ms
 31: 1.145681ms
 32: 1.148174ms
 33: 1.149993ms
 34: 1.143662ms
 35: 1.141214ms
 36: 1.144888ms
 37: 1.154133ms
 38: 1.152914ms
 39: 1.151787ms
 40: 1.153237ms
 41: 1.152564ms
 42: 1.153778ms
 43: 1.152165ms
 44: 1.153692ms
 45: 1.153293ms
 46: 1.155240ms
 47: 1.154716ms
 48: 1.154354ms
 49: 1.155259ms
 50: 1.155367ms
 51: 1.174518ms
 52: 1.155818ms
 53: 1.156404ms
 54: 1.156770ms
 55: 1.156773ms
 56: 1.157442ms
 57: 1.158600ms
 58: 1.158261ms
 59: 1.159155ms
 60: 1.159158ms
 61: 1.162396ms
 62: 1.156153ms
 63: 1.173941ms
 64: 1.168369ms
 65: 1.166743ms
 66: 1.168708ms
 67: 1.160143ms
 68: 1.166781ms
 69: 1.164061ms
 70: 1.167564ms
 71: 1.168401ms
 72: 1.161560ms
 73: 1.172363ms
 74: 1.165562ms
 75: 1.167932ms
 76: 1.166738ms
 77: 1.168684ms
 78: 1.159707ms
 79: 1.164121ms
 80: 1.160971ms
 81: 1.174318ms
 82: 1.169677ms
 83: 1.167852ms
 84: 1.163832ms
 85: 1.159320ms
 86: 1.170718ms
 87: 1.161218ms
 88: 1.168604ms
 89: 1.166742ms
 90: 1.165963ms
 91: 1.172983ms
 92: 1.163554ms
 93: 1.165767ms
 94: 1.169669ms
 95: 1.177567ms
 96: 1.175131ms
 97: 1.176773ms
 98: 1.177252ms
 99: 1.178032ms
 100: 1.179153ms
 101: 1.180372ms
 102: 1.179919ms
 103: 1.180003ms
 104: 1.196771ms
 105: 1.180715ms
 106: 1.180790ms
 107: 1.184146ms
 108: 1.181128ms
 109: 1.181323ms
 110: 1.184527ms
 111: 1.186816ms
 112: 1.189627ms
 113: 1.187401ms
 114: 1.187946ms
 115: 1.193015ms
 116: 1.193614ms
 117: 1.194914ms
 118: 1.193665ms
 119: 1.189785ms
 120: 1.194766ms
 121: 1.186942ms
 122: 1.193309ms
 123: 1.189459ms
 124: 1.189164ms
 125: 1.180679ms
 126: 1.195217ms
 127: 1.207085ms
 128: 1.197813ms
 129: 1.202452ms
 130: 1.206876ms
 131: 1.204832ms
 132: 1.201918ms
 133: 1.202664ms
 134: 1.205284ms
 135: 1.202726ms
 136: 1.199391ms
 137: 1.203529ms
 138: 1.202252ms
 139: 1.198649ms
 140: 1.201445ms
 141: 1.202157ms
 142: 1.205604ms
 143: 1.201268ms
 144: 1.210466ms
 145: 1.210342ms
 146: 1.213527ms
 147: 1.211297ms
 148: 1.210649ms
 149: 1.214670ms
 150: 1.215185ms
 151: 1.220312ms
 152: 1.216002ms
 153: 1.216286ms
 154: 1.217521ms
 155: 1.216141ms
 156: 1.219435ms
 157: 1.220714ms
 158: 1.216942ms
 159: 1.225355ms
 160: 1.220997ms
 161: 1.228304ms
 162: 1.226224ms
 163: 1.230527ms
 164: 1.225714ms
 165: 1.229110ms
 166: 1.228450ms
 167: 1.230982ms
 168: 1.227475ms
 169: 1.235465ms
 170: 1.235604ms
 171: 1.235087ms
 172: 1.299874ms
 173: 1.696270ms
 174: 1.249365ms
 175: 1.231798ms
 176: 1.242070ms
 177: 1.241836ms
 178: 1.233771ms
 179: 1.281887ms
 180: 1.248915ms
 181: 1.239416ms
 182: 1.293966ms
 183: 1.251219ms
 184: 1.247491ms
 185: 1.238432ms
 186: 1.243400ms
 187: 1.631524ms
 188: 1.284721ms
 189: 1.231631ms
 190: 1.241862ms
 191: 1.805836ms
 192: 1.622955ms
 193: 1.553267ms
 194: 2.952391ms
 195: 1.364249ms
 196: 1.298597ms
 197: 1.235702ms
 198: 1.419660ms
 199: 1.533322ms


Measurements
--------------------------
FFT Size            : 128^3
Threads             : 14
Batch               : 1
Iterations          : 200
Avg Tot Runtime     : 1.208204 ms
Runtime per batch   : 1.208204 ms
SD                  : 0.152505 ms
Q1                  : 1.155259 ms
Median              : 1.178592 ms
Q3                  : 1.214670 ms
