Expm 2: Streaming FFT

Printing individual runtimes:
 0: 1.399947ms
 1: 1.400598ms
 2: 1.327535ms
 3: 1.344393ms
 4: 4.364248ms
 5: 0.860115ms
 6: 0.891080ms
 7: 0.841544ms
 8: 1.265196ms
 9: 0.909499ms
 10: 0.888923ms
 11: 0.926030ms
 12: 1.187461ms
 13: 0.837155ms
 14: 0.908067ms
 15: 0.864582ms
 16: 1.170706ms
 17: 0.908335ms
 18: 0.895857ms
 19: 0.823457ms
 20: 0.981954ms
 21: 0.986073ms
 22: 0.945481ms
 23: 0.912552ms
 24: 0.924937ms
 25: 0.825518ms
 26: 0.932264ms
 27: 0.899301ms
 28: 0.921220ms
 29: 0.895025ms
 30: 0.896689ms
 31: 1.032886ms
 32: 0.880243ms
 33: 0.888431ms
 34: 0.933175ms
 35: 0.911403ms
 36: 0.888369ms
 37: 0.944024ms
 38: 0.922978ms
 39: 0.900269ms
 40: 0.883058ms
 41: 0.882621ms
 42: 0.972617ms
 43: 0.917654ms
 44: 0.923652ms
 45: 0.949528ms
 46: 0.859332ms
 47: 0.954478ms
 48: 0.969102ms
 49: 0.962691ms
 50: 0.854551ms
 51: 0.918269ms
 52: 0.951295ms
 53: 0.902264ms
 54: 0.958725ms
 55: 0.937238ms
 56: 0.934307ms
 57: 0.935606ms
 58: 0.915916ms
 59: 0.877443ms
 60: 0.869069ms
 61: 1.098576ms
 62: 0.822462ms
 63: 0.939804ms
 64: 0.878599ms
 65: 0.872274ms
 66: 0.850412ms
 67: 0.988147ms
 68: 0.868969ms
 69: 0.990188ms
 70: 1.014576ms
 71: 0.915387ms
 72: 0.995437ms
 73: 0.994141ms
 74: 0.834060ms
 75: 0.854634ms
 76: 0.946517ms
 77: 0.878256ms
 78: 1.002195ms
 79: 0.898609ms
 80: 0.847810ms
 81: 0.897872ms
 82: 0.904169ms
 83: 0.906536ms
 84: 0.946139ms
 85: 0.874358ms
 86: 0.904698ms
 87: 0.926087ms
 88: 0.934738ms
 89: 1.019517ms
 90: 0.927652ms
 91: 0.881896ms
 92: 0.953684ms
 93: 0.989966ms
 94: 0.869299ms
 95: 0.799301ms
 96: 0.848208ms
 97: 0.939618ms
 98: 0.908581ms
 99: 1.012208ms
 100: 0.982383ms
 101: 0.943585ms
 102: 0.928524ms
 103: 0.937779ms
 104: 0.905293ms
 105: 0.895781ms
 106: 0.913826ms
 107: 0.891291ms
 108: 0.864288ms
 109: 0.912986ms
 110: 0.940993ms
 111: 0.927094ms
 112: 0.962806ms
 113: 0.877422ms
 114: 0.954832ms
 115: 0.930597ms
 116: 0.898468ms
 117: 0.986608ms
 118: 0.956586ms
 119: 0.928718ms
 120: 0.955568ms
 121: 2.416338ms
 122: 1.207855ms
 123: 1.293369ms
 124: 1.264055ms
 125: 1.230191ms
 126: 1.229726ms
 127: 1.250792ms
 128: 1.209132ms
 129: 1.204591ms
 130: 1.276585ms
 131: 1.205737ms
 132: 1.196356ms
 133: 1.195615ms
 134: 1.206094ms
 135: 1.232279ms
 136: 1.243012ms
 137: 1.262256ms
 138: 1.189900ms
 139: 1.258115ms
 140: 1.309338ms
 141: 1.158971ms
 142: 1.361180ms
 143: 1.223317ms
 144: 1.284810ms
 145: 1.187715ms
 146: 1.294240ms
 147: 1.233495ms
 148: 1.227578ms
 149: 1.225295ms
 150: 1.213232ms
 151: 1.216415ms
 152: 1.207744ms
 153: 1.272164ms
 154: 1.204697ms
 155: 1.194159ms
 156: 1.155715ms
 157: 1.343448ms
 158: 1.227612ms
 159: 1.285967ms
 160: 1.171547ms
 161: 1.206174ms
 162: 1.348661ms
 163: 1.158200ms
 164: 1.116114ms
 165: 1.243421ms
 166: 1.143150ms
 167: 1.242651ms
 168: 1.247198ms
 169: 1.179535ms
 170: 1.138962ms
 171: 1.202300ms
 172: 1.366770ms
 173: 1.108405ms
 174: 1.083231ms
 175: 1.113674ms
 176: 1.106391ms
 177: 1.055024ms
 178: 1.098306ms
 179: 1.071167ms
 180: 1.177765ms
 181: 1.294032ms
 182: 1.166327ms
 183: 1.195026ms
 184: 1.140547ms
 185: 1.170732ms
 186: 1.226478ms
 187: 1.154114ms
 188: 1.211284ms
 189: 1.086631ms
 190: 1.114272ms
 191: 1.194716ms
 192: 1.162386ms
 193: 1.193470ms
 194: 1.254891ms
 195: 1.253567ms
 196: 1.146781ms
 197: 1.163944ms
 198: 1.221183ms
 199: 1.165357ms


-- Real : Q1: 50 Q2: 100 Q3: 150
-- Array: Q1: 49 Q2: 99 Q3: 149
Printing sorted runtimes:
 0: 0.896689ms
 1: 0.877443ms
 2: 0.869069ms
 3: 0.848208ms
 4: 0.799301ms
 5: 0.860115ms
 6: 0.891080ms
 7: 0.841544ms
 8: 0.877422ms
 9: 0.822462ms
 10: 0.888923ms
 11: 0.869299ms
 12: 0.881896ms
 13: 0.837155ms
 14: 0.878599ms
 15: 0.864582ms
 16: 0.872274ms
 17: 0.850412ms
 18: 0.895857ms
 19: 0.823457ms
 20: 0.868969ms
 21: 0.874358ms
 22: 0.854551ms
 23: 0.864288ms
 24: 0.859332ms
 25: 0.825518ms
 26: 0.891291ms
 27: 0.834060ms
 28: 0.847810ms
 29: 0.895025ms
 30: 0.882621ms
 31: 0.883058ms
 32: 0.880243ms
 33: 0.888431ms
 34: 0.895781ms
 35: 0.854634ms
 36: 0.888369ms
 37: 0.878256ms
 38: 0.900269ms
 39: 0.898468ms
 40: 0.898609ms
 41: 0.897872ms
 42: 0.899301ms
 43: 0.908335ms
 44: 0.904698ms
 45: 0.906536ms
 46: 0.904169ms
 47: 0.908067ms
 48: 0.905293ms
 49: 0.902264ms
 50: 0.908581ms
 51: 0.927652ms
 52: 0.911403ms
 53: 0.912986ms
 54: 0.912552ms
 55: 0.915387ms
 56: 0.918269ms
 57: 0.913826ms
 58: 0.915916ms
 59: 0.917654ms
 60: 0.909499ms
 61: 0.926030ms
 62: 0.926087ms
 63: 0.924937ms
 64: 0.921220ms
 65: 0.927094ms
 66: 0.922978ms
 67: 0.923652ms
 68: 0.962691ms
 69: 0.935606ms
 70: 0.943585ms
 71: 0.954478ms
 72: 0.949528ms
 73: 0.940993ms
 74: 0.928524ms
 75: 0.951295ms
 76: 0.946517ms
 77: 0.944024ms
 78: 0.933175ms
 79: 0.958725ms
 80: 0.937238ms
 81: 0.932264ms
 82: 0.939804ms
 83: 0.945481ms
 84: 0.946139ms
 85: 0.930597ms
 86: 0.939618ms
 87: 0.934307ms
 88: 0.934738ms
 89: 0.954832ms
 90: 0.955568ms
 91: 0.928718ms
 92: 0.953684ms
 93: 0.937779ms
 94: 0.956586ms
 95: 0.969102ms
 96: 0.962806ms
 97: 0.981954ms
 98: 0.972617ms
 99: 0.982383ms
 100: 0.986073ms
 101: 1.158971ms
 102: 1.012208ms
 103: 0.989966ms
 104: 1.019517ms
 105: 1.002195ms
 106: 0.994141ms
 107: 0.995437ms
 108: 1.014576ms
 109: 0.990188ms
 110: 0.988147ms
 111: 1.032886ms
 112: 1.055024ms
 113: 1.086631ms
 114: 1.071167ms
 115: 1.083231ms
 116: 1.098306ms
 117: 1.098576ms
 118: 1.116114ms
 119: 1.106391ms
 120: 1.114272ms
 121: 1.113674ms
 122: 1.108405ms
 123: 1.140547ms
 124: 1.154114ms
 125: 1.158200ms
 126: 1.146781ms
 127: 1.155715ms
 128: 1.138962ms
 129: 1.143150ms
 130: 0.986608ms
 131: 1.171547ms
 132: 1.163944ms
 133: 1.165357ms
 134: 1.162386ms
 135: 1.166327ms
 136: 1.170706ms
 137: 1.170732ms
 138: 1.187461ms
 139: 1.179535ms
 140: 1.177765ms
 141: 1.194159ms
 142: 1.189900ms
 143: 1.187715ms
 144: 1.193470ms
 145: 1.202300ms
 146: 1.194716ms
 147: 1.195615ms
 148: 1.195026ms
 149: 1.196356ms
 150: 1.204591ms
 151: 1.206094ms
 152: 1.204697ms
 153: 1.205737ms
 154: 1.207744ms
 155: 1.213232ms
 156: 1.209132ms
 157: 1.207855ms
 158: 1.206174ms
 159: 1.211284ms
 160: 1.285967ms
 161: 1.227612ms
 162: 1.348661ms
 163: 1.343448ms
 164: 1.276585ms
 165: 1.243421ms
 166: 1.272164ms
 167: 1.242651ms
 168: 1.247198ms
 169: 1.216415ms
 170: 1.225295ms
 171: 1.227578ms
 172: 1.366770ms
 173: 1.250792ms
 174: 1.229726ms
 175: 1.230191ms
 176: 1.264055ms
 177: 1.293369ms
 178: 1.233495ms
 179: 2.416338ms
 180: 1.294240ms
 181: 1.294032ms
 182: 1.284810ms
 183: 1.223317ms
 184: 1.361180ms
 185: 1.309338ms
 186: 1.226478ms
 187: 1.258115ms
 188: 1.262256ms
 189: 1.265196ms
 190: 4.364248ms
 191: 1.243012ms
 192: 1.344393ms
 193: 1.232279ms
 194: 1.254891ms
 195: 1.253567ms
 196: 1.327535ms
 197: 1.400598ms
 198: 1.221183ms
 199: 1.399947ms


Measurements
--------------------------
FFT Size            : 128^3
Threads             : 35
Batch               : 1
Iterations          : 200
Avg Tot Runtime     : 1.068457 ms
Runtime per batch   : 1.068457 ms
SD                  : 0.297980 ms
Q1                  : 0.902264 ms
Median              : 0.984228 ms
Q3                  : 1.196356 ms
