Expm 2: Streaming FFT

Printing individual runtimes:
 0: 1.293679ms
 1: 1.171822ms
 2: 1.160416ms
 3: 3.270622ms
 4: 1.003858ms
 5: 0.992690ms
 6: 0.990106ms
 7: 0.983075ms
 8: 0.994093ms
 9: 1.366186ms
 10: 0.958479ms
 11: 0.988326ms
 12: 0.984913ms
 13: 0.975228ms
 14: 1.011423ms
 15: 0.961703ms
 16: 0.973250ms
 17: 0.961999ms
 18: 0.963551ms
 19: 0.968866ms
 20: 1.574859ms
 21: 0.989514ms
 22: 0.992530ms
 23: 1.045845ms
 24: 0.985491ms
 25: 0.997641ms
 26: 0.974130ms
 27: 0.990883ms
 28: 1.549021ms
 29: 0.969553ms
 30: 0.977222ms
 31: 0.977667ms
 32: 0.961435ms
 33: 0.960611ms
 34: 0.972891ms
 35: 0.957246ms
 36: 0.975171ms
 37: 0.977316ms
 38: 0.966963ms
 39: 0.961246ms
 40: 0.977928ms
 41: 0.985826ms
 42: 0.985522ms
 43: 0.985268ms
 44: 0.989106ms
 45: 0.961567ms
 46: 0.987609ms
 47: 0.976857ms
 48: 0.985578ms
 49: 0.983184ms
 50: 0.983690ms
 51: 0.972901ms
 52: 0.956738ms
 53: 0.978883ms
 54: 0.994306ms
 55: 1.416592ms
 56: 0.985375ms
 57: 0.994102ms
 58: 0.985711ms
 59: 0.989840ms
 60: 0.968736ms
 61: 0.980079ms
 62: 0.982012ms
 63: 0.975788ms
 64: 0.981375ms
 65: 1.001849ms
 66: 0.991964ms
 67: 0.993771ms
 68: 0.998259ms
 69: 0.988494ms
 70: 0.983524ms
 71: 0.973945ms
 72: 0.984788ms
 73: 0.996216ms
 74: 0.999593ms
 75: 0.990278ms
 76: 0.986772ms
 77: 0.995868ms
 78: 0.993519ms
 79: 0.982192ms
 80: 0.985351ms
 81: 0.967473ms
 82: 0.977191ms
 83: 0.996686ms
 84: 0.996314ms
 85: 0.990210ms
 86: 0.985159ms
 87: 0.968413ms
 88: 0.978431ms
 89: 1.004388ms
 90: 0.962513ms
 91: 0.987657ms
 92: 0.973848ms
 93: 0.996340ms
 94: 0.976809ms
 95: 0.987264ms
 96: 0.987043ms
 97: 0.987427ms
 98: 0.978861ms
 99: 0.987826ms
 100: 0.983480ms
 101: 0.985735ms
 102: 0.965167ms
 103: 0.972914ms
 104: 0.977034ms
 105: 0.970731ms
 106: 0.971551ms
 107: 0.970691ms
 108: 0.959495ms
 109: 0.984887ms
 110: 0.998300ms
 111: 0.964446ms
 112: 1.543746ms
 113: 1.004280ms
 114: 1.004175ms
 115: 1.000554ms
 116: 1.012715ms
 117: 1.001486ms
 118: 1.007932ms
 119: 0.999649ms
 120: 0.978367ms
 121: 0.996963ms
 122: 0.986643ms
 123: 1.000669ms
 124: 0.986705ms
 125: 0.999296ms
 126: 0.990205ms
 127: 0.998261ms
 128: 1.007927ms
 129: 0.992400ms
 130: 0.994053ms
 131: 1.006695ms
 132: 1.006482ms
 133: 1.014718ms
 134: 0.996810ms
 135: 0.978341ms
 136: 0.992507ms
 137: 0.985348ms
 138: 1.002752ms
 139: 0.988761ms
 140: 0.986630ms
 141: 0.997075ms
 142: 0.999558ms
 143: 0.983428ms
 144: 0.997723ms
 145: 0.964901ms
 146: 0.975919ms
 147: 0.979635ms
 148: 0.993010ms
 149: 0.983714ms
 150: 0.993991ms
 151: 0.989595ms
 152: 1.007013ms
 153: 0.983718ms
 154: 0.978722ms
 155: 0.998520ms
 156: 0.976908ms
 157: 0.993612ms
 158: 1.001726ms
 159: 1.002348ms
 160: 0.991777ms
 161: 0.991811ms
 162: 0.992792ms
 163: 0.981808ms
 164: 0.993051ms
 165: 0.974936ms
 166: 0.982594ms
 167: 0.997530ms
 168: 0.993023ms
 169: 1.002472ms
 170: 0.996335ms
 171: 1.005744ms
 172: 0.994495ms
 173: 0.996892ms
 174: 0.993899ms
 175: 0.999264ms
 176: 0.996054ms
 177: 1.008628ms
 178: 0.998652ms
 179: 0.997291ms
 180: 0.995337ms
 181: 1.018669ms
 182: 0.993886ms
 183: 0.985552ms
 184: 0.982749ms
 185: 1.002147ms
 186: 0.999968ms
 187: 1.018462ms
 188: 0.959255ms
 189: 0.987310ms
 190: 0.970435ms
 191: 0.985781ms
 192: 0.987056ms
 193: 0.981288ms
 194: 0.994600ms
 195: 0.985811ms
 196: 0.997444ms
 197: 0.987273ms
 198: 1.057020ms
 199: 1.004233ms


-- Real : Q1: 50 Q2: 100 Q3: 150
-- Array: Q1: 49 Q2: 99 Q3: 149
Printing sorted runtimes:
 0: 0.976857ms
 1: 0.976809ms
 2: 0.974936ms
 3: 0.973848ms
 4: 0.962513ms
 5: 0.959255ms
 6: 0.968413ms
 7: 0.967473ms
 8: 0.965167ms
 9: 0.972914ms
 10: 0.958479ms
 11: 0.970731ms
 12: 0.971551ms
 13: 0.975228ms
 14: 0.973945ms
 15: 0.961703ms
 16: 0.973250ms
 17: 0.961999ms
 18: 0.963551ms
 19: 0.968866ms
 20: 0.970691ms
 21: 0.975919ms
 22: 0.964901ms
 23: 0.959495ms
 24: 0.964446ms
 25: 0.975788ms
 26: 0.974130ms
 27: 0.968736ms
 28: 0.970435ms
 29: 0.969553ms
 30: 0.956738ms
 31: 0.972901ms
 32: 0.961435ms
 33: 0.960611ms
 34: 0.972891ms
 35: 0.957246ms
 36: 0.975171ms
 37: 0.961567ms
 38: 0.966963ms
 39: 0.961246ms
 40: 0.978367ms
 41: 0.977034ms
 42: 0.977191ms
 43: 0.976908ms
 44: 0.977222ms
 45: 0.977316ms
 46: 0.978341ms
 47: 0.977667ms
 48: 0.977928ms
 49: 0.978431ms
 50: 0.978722ms
 51: 0.986643ms
 52: 0.979635ms
 53: 0.978883ms
 54: 0.980079ms
 55: 0.981808ms
 56: 0.981375ms
 57: 0.981288ms
 58: 0.982192ms
 59: 0.982012ms
 60: 0.982594ms
 61: 0.983714ms
 62: 0.983718ms
 63: 0.983428ms
 64: 0.983075ms
 65: 0.982749ms
 66: 0.983480ms
 67: 0.983690ms
 68: 0.983184ms
 69: 0.984788ms
 70: 0.983524ms
 71: 0.984887ms
 72: 0.978861ms
 73: 0.984913ms
 74: 0.985781ms
 75: 0.985491ms
 76: 0.985826ms
 77: 0.986630ms
 78: 0.985552ms
 79: 0.985711ms
 80: 0.985351ms
 81: 0.985375ms
 82: 0.985811ms
 83: 0.985735ms
 84: 0.985522ms
 85: 0.985578ms
 86: 0.985159ms
 87: 0.985268ms
 88: 0.985348ms
 89: 0.987056ms
 90: 0.986705ms
 91: 0.987043ms
 92: 0.986772ms
 93: 0.987310ms
 94: 0.987264ms
 95: 0.987273ms
 96: 0.987609ms
 97: 0.987427ms
 98: 0.987657ms
 99: 0.987826ms
 100: 0.988326ms
 101: 0.993991ms
 102: 0.989514ms
 103: 0.990883ms
 104: 0.990278ms
 105: 0.988761ms
 106: 0.989106ms
 107: 0.988494ms
 108: 0.990210ms
 109: 0.990205ms
 110: 0.990106ms
 111: 0.991777ms
 112: 0.989840ms
 113: 0.993612ms
 114: 0.992690ms
 115: 0.989595ms
 116: 0.993023ms
 117: 0.993010ms
 118: 0.993519ms
 119: 0.992530ms
 120: 0.991811ms
 121: 0.993899ms
 122: 0.991964ms
 123: 0.993051ms
 124: 0.992792ms
 125: 0.992507ms
 126: 0.993771ms
 127: 0.992400ms
 128: 0.993886ms
 129: 0.996686ms
 130: 0.994053ms
 131: 0.995337ms
 132: 0.994495ms
 133: 0.996340ms
 134: 0.994093ms
 135: 0.996054ms
 136: 0.996314ms
 137: 0.996216ms
 138: 0.994306ms
 139: 0.996335ms
 140: 0.995868ms
 141: 0.994600ms
 142: 0.994102ms
 143: 0.997530ms
 144: 0.996810ms
 145: 0.997444ms
 146: 0.996892ms
 147: 0.997291ms
 148: 0.996963ms
 149: 0.997075ms
 150: 0.997641ms
 151: 0.997723ms
 152: 0.998259ms
 153: 0.998261ms
 154: 0.998652ms
 155: 0.998520ms
 156: 0.999264ms
 157: 0.998300ms
 158: 0.999296ms
 159: 0.999593ms
 160: 0.999968ms
 161: 0.999558ms
 162: 1.000554ms
 163: 0.999649ms
 164: 1.000669ms
 165: 1.003858ms
 166: 1.004233ms
 167: 1.001486ms
 168: 1.001849ms
 169: 1.002472ms
 170: 1.002752ms
 171: 1.004175ms
 172: 1.002147ms
 173: 1.001726ms
 174: 1.002348ms
 175: 1.005744ms
 176: 1.007013ms
 177: 1.008628ms
 178: 1.014718ms
 179: 1.006482ms
 180: 1.006695ms
 181: 1.018669ms
 182: 1.007927ms
 183: 1.007932ms
 184: 1.012715ms
 185: 1.004280ms
 186: 1.543746ms
 187: 1.018462ms
 188: 1.004388ms
 189: 1.416592ms
 190: 1.549021ms
 191: 1.045845ms
 192: 1.574859ms
 193: 1.011423ms
 194: 1.366186ms
 195: 3.270622ms
 196: 1.160416ms
 197: 1.171822ms
 198: 1.057020ms
 199: 1.293679ms


Measurements
--------------------------
FFT Size            : 128^3
Threads             : 15
Batch               : 1
Iterations          : 200
Avg Tot Runtime     : 1.014931 ms
Runtime per batch   : 1.014931 ms
SD                  : 0.181071 ms
Q1                  : 0.978431 ms
Median              : 0.988076 ms
Q3                  : 0.997075 ms
