Expm 2: Streaming FFT

Printing individual runtimes:
 0: 0.221695ms
 1: 0.093696ms
 2: 0.107529ms
 3: 0.662289ms
 4: 0.078789ms
 5: 0.079607ms
 6: 0.084905ms
 7: 0.076010ms
 8: 0.090820ms
 9: 0.084039ms
 10: 0.312088ms
 11: 0.086723ms
 12: 0.079804ms
 13: 0.076190ms
 14: 0.217346ms
 15: 0.074953ms
 16: 0.079813ms
 17: 0.072524ms
 18: 0.077151ms
 19: 0.088427ms
 20: 0.353561ms
 21: 0.087230ms
 22: 0.078705ms
 23: 0.074796ms
 24: 0.078189ms
 25: 0.087332ms
 26: 0.081273ms
 27: 0.077060ms
 28: 0.078165ms
 29: 0.084733ms
 30: 0.303847ms
 31: 0.075030ms
 32: 0.093686ms
 33: 0.075427ms
 34: 0.074457ms
 35: 0.080209ms
 36: 0.084101ms
 37: 0.079508ms
 38: 0.092740ms
 39: 0.080521ms
 40: 0.076575ms
 41: 0.080521ms
 42: 0.079225ms
 43: 0.078485ms
 44: 0.078525ms
 45: 0.078428ms
 46: 0.091903ms
 47: 0.077546ms
 48: 0.079984ms
 49: 0.304509ms
 50: 0.082927ms
 51: 0.075979ms
 52: 0.077082ms
 53: 0.081814ms
 54: 0.081664ms
 55: 0.070757ms
 56: 0.373301ms
 57: 0.088065ms
 58: 0.075384ms
 59: 0.083846ms
 60: 0.080358ms
 61: 0.080274ms
 62: 0.078853ms
 63: 0.079319ms
 64: 0.077948ms
 65: 0.079904ms
 66: 0.087519ms
 67: 0.077505ms
 68: 0.082830ms
 69: 0.081352ms
 70: 0.075866ms
 71: 0.105554ms
 72: 0.078808ms
 73: 0.078060ms
 74: 0.088440ms
 75: 0.101066ms
 76: 0.080576ms
 77: 0.082642ms
 78: 0.081794ms
 79: 0.075912ms
 80: 0.077177ms
 81: 0.080201ms
 82: 0.085930ms
 83: 0.087559ms
 84: 0.084140ms
 85: 0.075614ms
 86: 0.078367ms
 87: 0.073549ms
 88: 0.079355ms
 89: 0.085324ms
 90: 0.080306ms
 91: 0.094835ms
 92: 0.318962ms
 93: 0.084789ms
 94: 0.075603ms
 95: 0.080999ms
 96: 0.075296ms
 97: 0.077965ms
 98: 0.078682ms
 99: 0.079219ms
 100: 0.082077ms
 101: 0.078541ms
 102: 0.112854ms
 103: 0.086982ms
 104: 0.071938ms
 105: 0.078710ms
 106: 0.083971ms
 107: 0.079505ms
 108: 0.084070ms
 109: 0.075056ms
 110: 0.084874ms
 111: 0.071984ms
 112: 0.075275ms
 113: 0.073236ms
 114: 0.076721ms
 115: 0.083447ms
 116: 0.073232ms
 117: 0.080566ms
 118: 0.076435ms
 119: 0.077509ms
 120: 0.078284ms
 121: 0.075240ms
 122: 0.081886ms
 123: 0.089482ms
 124: 0.076070ms
 125: 0.083099ms
 126: 0.087121ms
 127: 0.088181ms
 128: 0.090567ms
 129: 0.071935ms
 130: 0.070841ms
 131: 0.080677ms
 132: 0.086786ms
 133: 0.076567ms
 134: 0.078609ms
 135: 0.085926ms
 136: 0.079687ms
 137: 0.074569ms
 138: 0.075151ms
 139: 0.075687ms
 140: 0.089451ms
 141: 0.083712ms
 142: 0.077045ms
 143: 0.074809ms
 144: 0.074943ms
 145: 0.084103ms
 146: 0.075556ms
 147: 0.090606ms
 148: 0.077251ms
 149: 0.079965ms
 150: 0.079816ms
 151: 0.083774ms
 152: 0.078803ms
 153: 0.089990ms
 154: 0.081624ms
 155: 0.073087ms
 156: 0.076381ms
 157: 0.080385ms
 158: 0.088691ms
 159: 0.094068ms
 160: 0.079723ms
 161: 0.082616ms
 162: 0.080701ms
 163: 0.080221ms
 164: 0.090675ms
 165: 0.314727ms
 166: 0.081918ms
 167: 0.095602ms
 168: 0.094700ms
 169: 0.084723ms
 170: 0.080440ms
 171: 0.074987ms
 172: 0.087090ms
 173: 0.090987ms
 174: 0.082907ms
 175: 0.078395ms
 176: 0.078100ms
 177: 0.087450ms
 178: 0.077595ms
 179: 0.352853ms
 180: 0.081265ms
 181: 0.078845ms
 182: 0.074728ms
 183: 0.076462ms
 184: 0.077105ms
 185: 0.078125ms
 186: 0.076031ms
 187: 0.075847ms
 188: 0.076642ms
 189: 0.089303ms
 190: 0.094812ms
 191: 0.078542ms
 192: 0.081529ms
 193: 0.088050ms
 194: 0.087486ms
 195: 0.075979ms
 196: 0.079110ms
 197: 0.078590ms
 198: 0.078466ms
 199: 0.083286ms


-- Real : Q1: 50 Q2: 100 Q3: 150
-- Array: Q1: 49 Q2: 99 Q3: 149
Printing sorted runtimes:
 0: 0.074457ms
 1: 0.071984ms
 2: 0.073232ms
 3: 0.070757ms
 4: 0.073087ms
 5: 0.073549ms
 6: 0.073236ms
 7: 0.071935ms
 8: 0.070841ms
 9: 0.071938ms
 10: 0.072524ms
 11: 0.076575ms
 12: 0.074943ms
 13: 0.076190ms
 14: 0.076031ms
 15: 0.074953ms
 16: 0.075556ms
 17: 0.076435ms
 18: 0.075866ms
 19: 0.075687ms
 20: 0.075151ms
 21: 0.076462ms
 22: 0.075275ms
 23: 0.074796ms
 24: 0.075912ms
 25: 0.074728ms
 26: 0.076010ms
 27: 0.075384ms
 28: 0.075240ms
 29: 0.075056ms
 30: 0.076567ms
 31: 0.075030ms
 32: 0.074569ms
 33: 0.075427ms
 34: 0.076070ms
 35: 0.075296ms
 36: 0.075979ms
 37: 0.075979ms
 38: 0.076381ms
 39: 0.075603ms
 40: 0.075847ms
 41: 0.074987ms
 42: 0.074809ms
 43: 0.075614ms
 44: 0.077082ms
 45: 0.077060ms
 46: 0.076721ms
 47: 0.076642ms
 48: 0.077045ms
 49: 0.077105ms
 50: 0.077151ms
 51: 0.079816ms
 52: 0.077251ms
 53: 0.077509ms
 54: 0.077505ms
 55: 0.077965ms
 56: 0.077595ms
 57: 0.078165ms
 58: 0.078466ms
 59: 0.078189ms
 60: 0.078100ms
 61: 0.078125ms
 62: 0.078060ms
 63: 0.078395ms
 64: 0.077948ms
 65: 0.077546ms
 66: 0.078284ms
 67: 0.078428ms
 68: 0.078367ms
 69: 0.077177ms
 70: 0.079319ms
 71: 0.078590ms
 72: 0.078808ms
 73: 0.078853ms
 74: 0.079723ms
 75: 0.079110ms
 76: 0.078789ms
 77: 0.079505ms
 78: 0.079607ms
 79: 0.078710ms
 80: 0.078542ms
 81: 0.079804ms
 82: 0.079687ms
 83: 0.079813ms
 84: 0.078609ms
 85: 0.078525ms
 86: 0.078485ms
 87: 0.079225ms
 88: 0.079355ms
 89: 0.078803ms
 90: 0.078541ms
 91: 0.078705ms
 92: 0.079219ms
 93: 0.078682ms
 94: 0.078845ms
 95: 0.079508ms
 96: 0.079984ms
 97: 0.079904ms
 98: 0.079965ms
 99: 0.080201ms
 100: 0.080209ms
 101: 0.084070ms
 102: 0.080306ms
 103: 0.080521ms
 104: 0.080440ms
 105: 0.080999ms
 106: 0.080358ms
 107: 0.080274ms
 108: 0.080576ms
 109: 0.080385ms
 110: 0.080566ms
 111: 0.080677ms
 112: 0.080701ms
 113: 0.080521ms
 114: 0.081624ms
 115: 0.081794ms
 116: 0.082642ms
 117: 0.082616ms
 118: 0.081352ms
 119: 0.082830ms
 120: 0.082077ms
 121: 0.081918ms
 122: 0.081886ms
 123: 0.081664ms
 124: 0.081814ms
 125: 0.083099ms
 126: 0.082927ms
 127: 0.082907ms
 128: 0.081265ms
 129: 0.081273ms
 130: 0.081529ms
 131: 0.083286ms
 132: 0.084039ms
 133: 0.083846ms
 134: 0.083774ms
 135: 0.080221ms
 136: 0.083971ms
 137: 0.083712ms
 138: 0.083447ms
 139: 0.085926ms
 140: 0.084874ms
 141: 0.084723ms
 142: 0.084733ms
 143: 0.084140ms
 144: 0.085324ms
 145: 0.084103ms
 146: 0.084101ms
 147: 0.084905ms
 148: 0.084789ms
 149: 0.085930ms
 150: 0.086723ms
 151: 0.086786ms
 152: 0.086982ms
 153: 0.087090ms
 154: 0.087121ms
 155: 0.087230ms
 156: 0.087450ms
 157: 0.087332ms
 158: 0.087486ms
 159: 0.087559ms
 160: 0.087519ms
 161: 0.088050ms
 162: 0.088440ms
 163: 0.090567ms
 164: 0.090675ms
 165: 0.090820ms
 166: 0.088065ms
 167: 0.094068ms
 168: 0.094700ms
 169: 0.088691ms
 170: 0.094812ms
 171: 0.089303ms
 172: 0.089990ms
 173: 0.090987ms
 174: 0.091903ms
 175: 0.092740ms
 176: 0.088181ms
 177: 0.090606ms
 178: 0.093686ms
 179: 0.093696ms
 180: 0.088427ms
 181: 0.094835ms
 182: 0.089482ms
 183: 0.089451ms
 184: 0.353561ms
 185: 0.303847ms
 186: 0.217346ms
 187: 0.352853ms
 188: 0.312088ms
 189: 0.304509ms
 190: 0.373301ms
 191: 0.095602ms
 192: 0.314727ms
 193: 0.105554ms
 194: 0.101066ms
 195: 0.318962ms
 196: 0.662289ms
 197: 0.107529ms
 198: 0.112854ms
 199: 0.221695ms


Measurements
--------------------------
FFT Size            : 64^3
Threads             : 25
Batch               : 1
Iterations          : 200
Avg Tot Runtime     : 0.095620 ms
Runtime per batch   : 0.095620 ms
SD                  : 0.064794 ms
Q1                  : 0.077105 ms
Median              : 0.080205 ms
Q3                  : 0.085930 ms
