Expm 2: Streaming FFT

Printing individual runtimes:
 0: 0.234973ms
 1: 0.083234ms
 2: 0.092536ms
 3: 0.625714ms
 4: 0.082406ms
 5: 0.080273ms
 6: 0.071817ms
 7: 0.081081ms
 8: 0.099663ms
 9: 0.075727ms
 10: 0.326937ms
 11: 0.103397ms
 12: 0.079700ms
 13: 0.077852ms
 14: 0.206923ms
 15: 0.078718ms
 16: 0.080934ms
 17: 0.077238ms
 18: 0.080426ms
 19: 0.087530ms
 20: 0.310434ms
 21: 0.071217ms
 22: 0.081695ms
 23: 0.073448ms
 24: 0.090567ms
 25: 0.075849ms
 26: 0.312243ms
 27: 0.078811ms
 28: 0.088802ms
 29: 0.085112ms
 30: 0.077944ms
 31: 0.078604ms
 32: 0.078526ms
 33: 0.080894ms
 34: 0.322202ms
 35: 0.083798ms
 36: 0.072425ms
 37: 0.090123ms
 38: 0.079811ms
 39: 0.081485ms
 40: 0.080931ms
 41: 0.083360ms
 42: 0.081524ms
 43: 0.102344ms
 44: 0.304409ms
 45: 0.087735ms
 46: 0.075284ms
 47: 0.077582ms
 48: 0.073874ms
 49: 0.092029ms
 50: 0.077787ms
 51: 0.080468ms
 52: 0.072303ms
 53: 0.078383ms
 54: 0.318521ms
 55: 0.086962ms
 56: 0.082179ms
 57: 0.073934ms
 58: 0.082847ms
 59: 0.084468ms
 60: 0.077772ms
 61: 0.080860ms
 62: 0.078187ms
 63: 0.320383ms
 64: 0.079973ms
 65: 0.079156ms
 66: 0.079620ms
 67: 0.086376ms
 68: 0.078877ms
 69: 0.079342ms
 70: 0.075673ms
 71: 0.073702ms
 72: 0.078825ms
 73: 0.105196ms
 74: 0.362898ms
 75: 0.077941ms
 76: 0.074674ms
 77: 0.081450ms
 78: 0.084539ms
 79: 0.078451ms
 80: 0.080395ms
 81: 0.080697ms
 82: 0.077675ms
 83: 0.079476ms
 84: 0.093339ms
 85: 0.077440ms
 86: 0.073013ms
 87: 0.074351ms
 88: 0.087281ms
 89: 0.101490ms
 90: 0.079451ms
 91: 0.073779ms
 92: 0.077269ms
 93: 0.081175ms
 94: 0.312911ms
 95: 0.096851ms
 96: 0.078543ms
 97: 0.080451ms
 98: 0.086816ms
 99: 0.081622ms
 100: 0.083036ms
 101: 0.075176ms
 102: 0.079599ms
 103: 0.086033ms
 104: 0.082729ms
 105: 0.079717ms
 106: 0.088859ms
 107: 0.087152ms
 108: 0.076776ms
 109: 0.079316ms
 110: 0.082622ms
 111: 0.075752ms
 112: 0.323114ms
 113: 0.100249ms
 114: 0.078046ms
 115: 0.084816ms
 116: 0.094302ms
 117: 0.075387ms
 118: 0.089938ms
 119: 0.076553ms
 120: 0.082602ms
 121: 0.078304ms
 122: 0.076100ms
 123: 0.105784ms
 124: 0.088324ms
 125: 0.073794ms
 126: 0.077377ms
 127: 0.077958ms
 128: 0.079645ms
 129: 0.082750ms
 130: 0.074412ms
 131: 0.082094ms
 132: 0.082034ms
 133: 0.075212ms
 134: 0.107190ms
 135: 0.084457ms
 136: 0.075964ms
 137: 0.088160ms
 138: 0.084838ms
 139: 0.083633ms
 140: 0.077318ms
 141: 0.073206ms
 142: 0.081618ms
 143: 0.078520ms
 144: 0.084914ms
 145: 0.084572ms
 146: 0.080224ms
 147: 0.078862ms
 148: 0.085928ms
 149: 0.080554ms
 150: 0.084505ms
 151: 0.084646ms
 152: 0.083478ms
 153: 0.097621ms
 154: 0.314343ms
 155: 0.082045ms
 156: 0.081313ms
 157: 0.094303ms
 158: 0.077714ms
 159: 0.075645ms
 160: 0.085081ms
 161: 0.078055ms
 162: 0.075420ms
 163: 0.078030ms
 164: 0.076050ms
 165: 0.097562ms
 166: 0.080489ms
 167: 0.075426ms
 168: 0.076270ms
 169: 0.078113ms
 170: 0.075764ms
 171: 0.080817ms
 172: 0.080137ms
 173: 0.087693ms
 174: 0.085508ms
 175: 0.082899ms
 176: 0.078947ms
 177: 0.082861ms
 178: 0.077201ms
 179: 0.097467ms
 180: 0.103697ms
 181: 0.113229ms
 182: 0.081071ms
 183: 0.080087ms
 184: 0.086040ms
 185: 0.090557ms
 186: 0.076607ms
 187: 0.074480ms
 188: 0.089211ms
 189: 0.080453ms
 190: 0.078938ms
 191: 0.078839ms
 192: 0.086057ms
 193: 0.090446ms
 194: 0.086780ms
 195: 0.077948ms
 196: 0.086719ms
 197: 0.075759ms
 198: 0.077727ms
 199: 0.079346ms


-- Real : Q1: 50 Q2: 100 Q3: 150
-- Array: Q1: 49 Q2: 99 Q3: 149
Printing sorted runtimes:
 0: 0.075420ms
 1: 0.073794ms
 2: 0.075387ms
 3: 0.074412ms
 4: 0.075212ms
 5: 0.075176ms
 6: 0.071817ms
 7: 0.073206ms
 8: 0.073779ms
 9: 0.074351ms
 10: 0.073013ms
 11: 0.074674ms
 12: 0.073702ms
 13: 0.073934ms
 14: 0.072303ms
 15: 0.073874ms
 16: 0.075284ms
 17: 0.072425ms
 18: 0.073448ms
 19: 0.074480ms
 20: 0.071217ms
 21: 0.076607ms
 22: 0.075645ms
 23: 0.075673ms
 24: 0.075727ms
 25: 0.075849ms
 26: 0.076100ms
 27: 0.076050ms
 28: 0.075426ms
 29: 0.076270ms
 30: 0.075764ms
 31: 0.075964ms
 32: 0.075752ms
 33: 0.076553ms
 34: 0.075759ms
 35: 0.077269ms
 36: 0.077238ms
 37: 0.077201ms
 38: 0.076776ms
 39: 0.077852ms
 40: 0.077675ms
 41: 0.077714ms
 42: 0.077440ms
 43: 0.077787ms
 44: 0.077772ms
 45: 0.077377ms
 46: 0.077318ms
 47: 0.077582ms
 48: 0.077727ms
 49: 0.077941ms
 50: 0.077944ms
 51: 0.079620ms
 52: 0.078520ms
 53: 0.078383ms
 54: 0.078543ms
 55: 0.078811ms
 56: 0.078718ms
 57: 0.078304ms
 58: 0.078862ms
 59: 0.078030ms
 60: 0.078113ms
 61: 0.077958ms
 62: 0.078187ms
 63: 0.078839ms
 64: 0.078604ms
 65: 0.079156ms
 66: 0.079316ms
 67: 0.078055ms
 68: 0.078877ms
 69: 0.079342ms
 70: 0.078526ms
 71: 0.078451ms
 72: 0.078825ms
 73: 0.079346ms
 74: 0.078046ms
 75: 0.078947ms
 76: 0.078938ms
 77: 0.079599ms
 78: 0.079451ms
 79: 0.077948ms
 80: 0.079476ms
 81: 0.080451ms
 82: 0.079811ms
 83: 0.080395ms
 84: 0.079700ms
 85: 0.079973ms
 86: 0.080426ms
 87: 0.080137ms
 88: 0.079645ms
 89: 0.080087ms
 90: 0.079717ms
 91: 0.080273ms
 92: 0.080224ms
 93: 0.080860ms
 94: 0.080489ms
 95: 0.080453ms
 96: 0.080468ms
 97: 0.080697ms
 98: 0.080554ms
 99: 0.080817ms
 100: 0.080894ms
 101: 0.083234ms
 102: 0.080934ms
 103: 0.081175ms
 104: 0.081450ms
 105: 0.081313ms
 106: 0.081524ms
 107: 0.081071ms
 108: 0.081081ms
 109: 0.081622ms
 110: 0.081618ms
 111: 0.081485ms
 112: 0.081695ms
 113: 0.082094ms
 114: 0.082034ms
 115: 0.082622ms
 116: 0.082750ms
 117: 0.082899ms
 118: 0.082406ms
 119: 0.082729ms
 120: 0.082602ms
 121: 0.082861ms
 122: 0.082179ms
 123: 0.082847ms
 124: 0.083036ms
 125: 0.082045ms
 126: 0.080931ms
 127: 0.085508ms
 128: 0.085081ms
 129: 0.084539ms
 130: 0.084816ms
 131: 0.084468ms
 132: 0.083478ms
 133: 0.084646ms
 134: 0.084505ms
 135: 0.084457ms
 136: 0.085112ms
 137: 0.083360ms
 138: 0.084838ms
 139: 0.083633ms
 140: 0.084572ms
 141: 0.083798ms
 142: 0.084914ms
 143: 0.086719ms
 144: 0.086040ms
 145: 0.086033ms
 146: 0.086376ms
 147: 0.086057ms
 148: 0.085928ms
 149: 0.086780ms
 150: 0.086816ms
 151: 0.087152ms
 152: 0.087530ms
 153: 0.087735ms
 154: 0.086962ms
 155: 0.087281ms
 156: 0.088160ms
 157: 0.087693ms
 158: 0.088324ms
 159: 0.105196ms
 160: 0.362898ms
 161: 0.094303ms
 162: 0.320383ms
 163: 0.093339ms
 164: 0.314343ms
 165: 0.097562ms
 166: 0.318521ms
 167: 0.092029ms
 168: 0.097621ms
 169: 0.304409ms
 170: 0.102344ms
 171: 0.101490ms
 172: 0.090123ms
 173: 0.312911ms
 174: 0.096851ms
 175: 0.234973ms
 176: 0.322202ms
 177: 0.088859ms
 178: 0.088802ms
 179: 0.097467ms
 180: 0.103697ms
 181: 0.113229ms
 182: 0.312243ms
 183: 0.090567ms
 184: 0.107190ms
 185: 0.090557ms
 186: 0.310434ms
 187: 0.323114ms
 188: 0.089211ms
 189: 0.206923ms
 190: 0.103397ms
 191: 0.326937ms
 192: 0.100249ms
 193: 0.090446ms
 194: 0.094302ms
 195: 0.099663ms
 196: 0.089938ms
 197: 0.625714ms
 198: 0.092536ms
 199: 0.105784ms


Measurements
--------------------------
FFT Size            : 64^3
Threads             : 24
Batch               : 1
Iterations          : 200
Avg Tot Runtime     : 0.099554 ms
Runtime per batch   : 0.099554 ms
SD                  : 0.067557 ms
Q1                  : 0.077941 ms
Median              : 0.080856 ms
Q3                  : 0.086780 ms
