Expm 2: Streaming FFTW
FFTW Plan: Patient
-- Cannot import wisdom from ../../wisdom/singlenode/all/286/fftw_286_t36_b1.patient
-- Exporting wisdom file to ../../wisdom/singlenode/all/286/fftw_286_t36_b1.patient
Iteration: 0, 1, 2, 3, 4, 5, 6, 7, 8, 9, 10, 11, 12, 13, 14, 15, 16, 17, 18, 19, 20, 21, 22, 23, 24, 25, 26, 27, 28, 29, 30, 31, 32, 33, 34, 35, 36, 37, 38, 39, 40, 41, 42, 43, 44, 45, 46, 47, 48, 49, 
Printing individual runtimes:
 0: 13.809716ms
 1: 13.770943ms
 2: 13.956023ms
 3: 13.694253ms
 4: 13.819952ms
 5: 13.582276ms
 6: 14.015271ms
 7: 13.792109ms
 8: 25.001568ms
 9: 13.867170ms
 10: 13.583893ms
 11: 13.990573ms
 12: 13.811726ms
 13: 13.810446ms
 14: 13.721935ms
 15: 13.987192ms
 16: 13.828790ms
 17: 13.857613ms
 18: 13.608490ms
 19: 13.817465ms
 20: 13.656480ms
 21: 13.721987ms
 22: 13.764839ms
 23: 13.792453ms
 24: 13.793407ms
 25: 13.653757ms
 26: 13.727652ms
 27: 13.865038ms
 28: 13.709422ms
 29: 13.830680ms
 30: 13.738825ms
 31: 14.033935ms
 32: 13.765126ms
 33: 13.899149ms
 34: 14.203637ms
 35: 22.017352ms
 36: 14.166210ms
 37: 14.373097ms
 38: 14.198776ms
 39: 14.392958ms
 40: 14.087140ms
 41: 14.572875ms
 42: 14.052201ms
 43: 14.076938ms
 44: 14.128407ms
 45: 14.187863ms
 46: 14.149409ms
 47: 14.222921ms
 48: 14.215037ms
 49: 14.235655ms


Measurements
--------------------------
FFT Size            : 286^3
Threads             : 36
Batch               : 1
Iterations          : 50
Avg Tot Runtime     : 14.311213 ms
Runtime per batch   : 14.311213 ms
SD                  : 1.914413 ms
Throughput          : 1.307499 GFLOPs
Plan Time           : 145.498252 sec
