Expm 2: Streaming FFTW
FFTW Plan: Patient
-- Cannot import wisdom from ../../wisdom/singlenode/all/235/fftw_235_t37_b1.patient
-- Exporting wisdom file to ../../wisdom/singlenode/all/235/fftw_235_t37_b1.patient
Iteration: 0, 1, 2, 3, 4, 5, 6, 7, 8, 9, 10, 11, 12, 13, 14, 15, 16, 17, 18, 19, 20, 21, 22, 23, 24, 25, 26, 27, 28, 29, 30, 31, 32, 33, 34, 35, 36, 37, 38, 39, 40, 41, 42, 43, 44, 45, 46, 47, 48, 49, 
Printing individual runtimes:
 0: 29.239625ms
 1: 30.048874ms
 2: 29.781341ms
 3: 29.717359ms
 4: 29.502891ms
 5: 29.046580ms
 6: 29.479714ms
 7: 30.209012ms
 8: 30.519882ms
 9: 29.799198ms
 10: 29.107902ms
 11: 29.403363ms
 12: 29.696079ms
 13: 28.610956ms
 14: 46.757006ms
 15: 31.467163ms
 16: 28.903897ms
 17: 28.082648ms
 18: 28.517878ms
 19: 28.584943ms
 20: 27.812359ms
 21: 27.689222ms
 22: 27.833104ms
 23: 28.138611ms
 24: 29.262822ms
 25: 27.807982ms
 26: 27.861940ms
 27: 28.051234ms
 28: 28.301124ms
 29: 27.795110ms
 30: 28.128981ms
 31: 27.932574ms
 32: 27.776455ms
 33: 27.463409ms
 34: 28.493713ms
 35: 28.058505ms
 36: 27.934063ms
 37: 29.074869ms
 38: 27.139721ms
 39: 28.468071ms
 40: 28.026218ms
 41: 29.414143ms
 42: 27.971940ms
 43: 27.794389ms
 44: 27.081534ms
 45: 29.025862ms
 46: 28.505497ms
 47: 28.312557ms
 48: 29.239681ms
 49: 32.002902ms


Measurements
--------------------------
FFT Size            : 235^3
Threads             : 37
Batch               : 1
Iterations          : 50
Avg Tot Runtime     : 29.097498 ms
Runtime per batch   : 29.097498 ms
SD                  : 2.719972 ms
Throughput          : 1.834519 GFLOPs
Plan Time           : 59.785090 sec
