Expm 2: Streaming FFTW
FFTW Plan: Patient
-- Cannot import wisdom from ../../wisdom/singlenode/all/70/fftw_70_t40_b1.patient
-- Exporting wisdom file to ../../wisdom/singlenode/all/70/fftw_70_t40_b1.patient
Iteration: 0, 1, 2, 3, 4, 5, 6, 7, 8, 9, 10, 11, 12, 13, 14, 15, 16, 17, 18, 19, 20, 21, 22, 23, 24, 25, 26, 27, 28, 29, 30, 31, 32, 33, 34, 35, 36, 37, 38, 39, 40, 41, 42, 43, 44, 45, 46, 47, 48, 49, 
Printing individual runtimes:
 0: 1.702502ms
 1: 1.376171ms
 2: 0.395094ms
 3: 0.790092ms
 4: 0.223998ms
 5: 0.246755ms
 6: 0.206124ms
 7: 0.213840ms
 8: 0.211592ms
 9: 0.214063ms
 10: 0.213984ms
 11: 2.030532ms
 12: 0.221846ms
 13: 3.535799ms
 14: 1.429837ms
 15: 1.073342ms
 16: 1.007498ms
 17: 0.359108ms
 18: 0.305611ms
 19: 0.216760ms
 20: 0.219976ms
 21: 1.495798ms
 22: 0.394535ms
 23: 0.217733ms
 24: 0.215432ms
 25: 0.216759ms
 26: 0.208862ms
 27: 0.215231ms
 28: 0.209072ms
 29: 0.207929ms
 30: 0.216085ms
 31: 0.210193ms
 32: 0.218589ms
 33: 0.199635ms
 34: 0.205333ms
 35: 0.212837ms
 36: 0.210060ms
 37: 0.215242ms
 38: 0.198711ms
 39: 0.203062ms
 40: 0.205779ms
 41: 0.215614ms
 42: 0.210496ms
 43: 0.213083ms
 44: 0.222580ms
 45: 0.208954ms
 46: 0.231986ms
 47: 0.209246ms
 48: 0.201326ms
 49: 0.210105ms


Measurements
--------------------------
FFT Size            : 70^3
Threads             : 40
Batch               : 1
Iterations          : 50
Avg Tot Runtime     : 0.475896 ms
Runtime per batch   : 0.475896 ms
SD                  : 0.622734 ms
Throughput          : 0.006223 GFLOPs
Plan Time           : 10.065773 sec
