Expm 2: Streaming FFTW
FFTW Plan: Patient
-- Cannot import wisdom from ../../wisdom/singlenode/all/408/fftw_408_t39_b1.patient
-- Exporting wisdom file to ../../wisdom/singlenode/all/408/fftw_408_t39_b1.patient
Iteration: 0, 1, 2, 3, 4, 5, 6, 7, 8, 9, 10, 11, 12, 13, 14, 15, 16, 17, 18, 19, 20, 21, 22, 23, 24, 25, 26, 27, 28, 29, 30, 31, 32, 33, 34, 35, 36, 37, 38, 39, 40, 41, 42, 43, 44, 45, 46, 47, 48, 49, 
Printing individual runtimes:
 0: 259.467149ms
 1: 78.808398ms
 2: 78.830066ms
 3: 78.614434ms
 4: 78.626836ms
 5: 78.670664ms
 6: 81.368534ms
 7: 79.725782ms
 8: 79.691424ms
 9: 139.108843ms
 10: 89.079762ms
 11: 79.232337ms
 12: 79.168203ms
 13: 79.469203ms
 14: 138.156911ms
 15: 145.341399ms
 16: 138.531817ms
 17: 141.686828ms
 18: 156.465867ms
 19: 79.292574ms
 20: 78.736977ms
 21: 142.317874ms
 22: 141.234908ms
 23: 95.693498ms
 24: 79.309357ms
 25: 83.014053ms
 26: 88.524003ms
 27: 89.228629ms
 28: 80.796486ms
 29: 81.254974ms
 30: 79.243943ms
 31: 78.747214ms
 32: 79.065817ms
 33: 80.628229ms
 34: 83.004837ms
 35: 77.409084ms
 36: 77.454683ms
 37: 78.088306ms
 38: 78.622372ms
 39: 149.299885ms
 40: 146.049498ms
 41: 77.050324ms
 42: 90.246772ms
 43: 79.141624ms
 44: 77.751779ms
 45: 76.846282ms
 46: 80.470271ms
 47: 114.032034ms
 48: 77.589638ms
 49: 76.745013ms


Measurements
--------------------------
FFT Size            : 408^3
Threads             : 39
Batch               : 1
Iterations          : 50
Avg Tot Runtime     : 97.538708 ms
Runtime per batch   : 97.538708 ms
SD                  : 34.553738 ms
Throughput          : 5.022552 GFLOPs
Plan Time           : 391.300737 sec
