Expm 2: Streaming FFTW
FFTW Plan: Patient
-- Cannot import wisdom from ../../wisdom/singlenode/all/204/fftw_204_t40_b1.patient
-- Exporting wisdom file to ../../wisdom/singlenode/all/204/fftw_204_t40_b1.patient
Iteration: 0, 1, 2, 3, 4, 5, 6, 7, 8, 9, 10, 11, 12, 13, 14, 15, 16, 17, 18, 19, 20, 21, 22, 23, 24, 25, 26, 27, 28, 29, 30, 31, 32, 33, 34, 35, 36, 37, 38, 39, 40, 41, 42, 43, 44, 45, 46, 47, 48, 49, 
Printing individual runtimes:
 0: 19.740111ms
 1: 10.939337ms
 2: 10.863820ms
 3: 10.859526ms
 4: 10.928986ms
 5: 10.879931ms
 6: 11.686136ms
 7: 11.604024ms
 8: 10.924084ms
 9: 16.576711ms
 10: 10.921139ms
 11: 10.966251ms
 12: 10.899789ms
 13: 10.951561ms
 14: 11.085366ms
 15: 10.894158ms
 16: 10.890829ms
 17: 10.933315ms
 18: 10.860648ms
 19: 11.616127ms
 20: 10.871852ms
 21: 11.761635ms
 22: 10.902355ms
 23: 17.612527ms
 24: 13.476358ms
 25: 10.779979ms
 26: 10.855916ms
 27: 10.868523ms
 28: 11.104419ms
 29: 23.106111ms
 30: 10.904619ms
 31: 10.980801ms
 32: 10.804620ms
 33: 11.222012ms
 34: 11.352768ms
 35: 10.797883ms
 36: 11.278159ms
 37: 11.279719ms
 38: 10.856130ms
 39: 12.574564ms
 40: 18.038939ms
 41: 10.889101ms
 42: 10.911591ms
 43: 10.762859ms
 44: 10.831943ms
 45: 11.035677ms
 46: 10.838638ms
 47: 11.234385ms
 48: 10.778186ms
 49: 10.825430ms


Measurements
--------------------------
FFT Size            : 204^3
Threads             : 40
Batch               : 1
Iterations          : 50
Avg Tot Runtime     : 11.891191 ms
Runtime per batch   : 11.891191 ms
SD                  : 2.525806 ms
Throughput          : 0.649418 GFLOPs
Plan Time           : 63.631809 sec
