Expm 2: Streaming FFTW
FFTW Plan: Patient
-- Cannot import wisdom from ../../wisdom/singlenode/all/124/fftw_124_t39_b1.patient
-- Exporting wisdom file to ../../wisdom/singlenode/all/124/fftw_124_t39_b1.patient
Iteration: 0, 1, 2, 3, 4, 5, 6, 7, 8, 9, 10, 11, 12, 13, 14, 15, 16, 17, 18, 19, 20, 21, 22, 23, 24, 25, 26, 27, 28, 29, 30, 31, 32, 33, 34, 35, 36, 37, 38, 39, 40, 41, 42, 43, 44, 45, 46, 47, 48, 49, 
Printing individual runtimes:
 0: 3.517278ms
 1: 3.497280ms
 2: 3.486646ms
 3: 3.458787ms
 4: 3.521897ms
 5: 3.510923ms
 6: 3.595922ms
 7: 3.464508ms
 8: 3.505059ms
 9: 3.540909ms
 10: 3.524191ms
 11: 3.531881ms
 12: 3.498742ms
 13: 3.530742ms
 14: 3.598204ms
 15: 3.484688ms
 16: 3.529335ms
 17: 3.532834ms
 18: 3.875397ms
 19: 3.487630ms
 20: 3.608981ms
 21: 3.613970ms
 22: 4.638944ms
 23: 3.454612ms
 24: 7.376609ms
 25: 12.749085ms
 26: 9.567678ms
 27: 7.211124ms
 28: 6.356254ms
 29: 3.519306ms
 30: 3.502573ms
 31: 3.486116ms
 32: 3.511933ms
 33: 3.493063ms
 34: 3.737078ms
 35: 3.489532ms
 36: 3.503180ms
 37: 6.415954ms
 38: 3.450724ms
 39: 3.500638ms
 40: 6.418100ms
 41: 3.447131ms
 42: 3.463129ms
 43: 3.468483ms
 44: 3.475925ms
 45: 3.497843ms
 46: 3.485761ms
 47: 3.497734ms
 48: 3.514813ms
 49: 3.519987ms


Measurements
--------------------------
FFT Size            : 124^3
Threads             : 39
Batch               : 1
Iterations          : 50
Avg Tot Runtime     : 4.173382 ms
Runtime per batch   : 4.173382 ms
SD                  : 1.761973 ms
Throughput          : 0.216571 GFLOPs
Plan Time           : 18.809728 sec
