Expm 2: Streaming FFTW
FFTW Plan: Patient
-- Cannot import wisdom from ../../wisdom/singlenode/all/124/fftw_124_t37_b1.patient
-- Exporting wisdom file to ../../wisdom/singlenode/all/124/fftw_124_t37_b1.patient
Iteration: 0, 1, 2, 3, 4, 5, 6, 7, 8, 9, 10, 11, 12, 13, 14, 15, 16, 17, 18, 19, 20, 21, 22, 23, 24, 25, 26, 27, 28, 29, 30, 31, 32, 33, 34, 35, 36, 37, 38, 39, 40, 41, 42, 43, 44, 45, 46, 47, 48, 49, 
Printing individual runtimes:
 0: 3.528172ms
 1: 3.540919ms
 2: 3.527035ms
 3: 3.562726ms
 4: 3.516724ms
 5: 3.522878ms
 6: 3.549928ms
 7: 3.537689ms
 8: 3.558594ms
 9: 3.520832ms
 10: 3.571819ms
 11: 3.564408ms
 12: 3.549724ms
 13: 3.568573ms
 14: 3.538991ms
 15: 3.560597ms
 16: 3.559350ms
 17: 3.570937ms
 18: 3.563857ms
 19: 3.557870ms
 20: 3.567803ms
 21: 3.971096ms
 22: 3.519578ms
 23: 3.488438ms
 24: 7.176657ms
 25: 6.704685ms
 26: 6.687738ms
 27: 6.698418ms
 28: 3.503551ms
 29: 3.492324ms
 30: 3.496130ms
 31: 4.555651ms
 32: 3.583157ms
 33: 3.560340ms
 34: 3.555249ms
 35: 3.637819ms
 36: 3.559713ms
 37: 3.525242ms
 38: 3.562451ms
 39: 3.511740ms
 40: 3.568337ms
 41: 3.581741ms
 42: 3.615586ms
 43: 3.557746ms
 44: 3.569358ms
 45: 3.618565ms
 46: 3.570438ms
 47: 3.581918ms
 48: 3.573314ms
 49: 3.565338ms


Measurements
--------------------------
FFT Size            : 124^3
Threads             : 37
Batch               : 1
Iterations          : 50
Avg Tot Runtime     : 3.842635 ms
Runtime per batch   : 3.842635 ms
SD                  : 0.892339 ms
Throughput          : 0.216571 GFLOPs
Plan Time           : 19.016096 sec
