Expm 2: Streaming FFTW
FFTW Plan: Patient
-- Cannot import wisdom from ../../wisdom/singlenode/all/107/fftw_107_t36_b1.patient
-- Exporting wisdom file to ../../wisdom/singlenode/all/107/fftw_107_t36_b1.patient
Iteration: 0, 1, 2, 3, 4, 5, 6, 7, 8, 9, 10, 11, 12, 13, 14, 15, 16, 17, 18, 19, 20, 21, 22, 23, 24, 25, 26, 27, 28, 29, 30, 31, 32, 33, 34, 35, 36, 37, 38, 39, 40, 41, 42, 43, 44, 45, 46, 47, 48, 49, 
Printing individual runtimes:
 0: 2.152843ms
 1: 2.132410ms
 2: 2.145927ms
 3: 2.135242ms
 4: 2.114284ms
 5: 2.090834ms
 6: 2.098810ms
 7: 2.111836ms
 8: 2.145293ms
 9: 2.105539ms
 10: 2.098097ms
 11: 2.162540ms
 12: 2.137890ms
 13: 2.134734ms
 14: 2.106305ms
 15: 2.138578ms
 16: 2.090183ms
 17: 2.092969ms
 18: 2.097561ms
 19: 2.096927ms
 20: 2.141235ms
 21: 2.082701ms
 22: 2.099351ms
 23: 2.080998ms
 24: 2.074539ms
 25: 2.085656ms
 26: 2.067261ms
 27: 2.101412ms
 28: 2.103533ms
 29: 2.119677ms
 30: 2.097312ms
 31: 2.083302ms
 32: 2.076120ms
 33: 2.067501ms
 34: 2.090467ms
 35: 2.098320ms
 36: 2.088483ms
 37: 3.874769ms
 38: 2.102538ms
 39: 2.128813ms
 40: 2.163998ms
 41: 2.138979ms
 42: 2.057059ms
 43: 2.117521ms
 44: 2.097795ms
 45: 2.104534ms
 46: 2.103266ms
 47: 2.128445ms
 48: 2.114921ms
 49: 2.104503ms


Measurements
--------------------------
FFT Size            : 107^3
Threads             : 36
Batch               : 1
Iterations          : 50
Avg Tot Runtime     : 2.143676 ms
Runtime per batch   : 2.143676 ms
SD                  : 0.248552 ms
Throughput          : 0.158477 GFLOPs
Plan Time           : 83.317494 sec
