Expm 2: Streaming FFTW
FFTW Plan: Patient
-- Cannot import wisdom from ../../wisdom/singlenode/all/219/fftw_219_t39_b1.patient
-- Exporting wisdom file to ../../wisdom/singlenode/all/219/fftw_219_t39_b1.patient
Iteration: 0, 1, 2, 3, 4, 5, 6, 7, 8, 9, 10, 11, 12, 13, 14, 15, 16, 17, 18, 19, 20, 21, 22, 23, 24, 25, 26, 27, 28, 29, 30, 31, 32, 33, 34, 35, 36, 37, 38, 39, 40, 41, 42, 43, 44, 45, 46, 47, 48, 49, 
Printing individual runtimes:
 0: 37.437535ms
 1: 40.888706ms
 2: 41.695059ms
 3: 24.615268ms
 4: 41.707289ms
 5: 37.819616ms
 6: 24.673602ms
 7: 24.523064ms
 8: 24.591357ms
 9: 24.545753ms
 10: 24.573529ms
 11: 24.541845ms
 12: 24.910179ms
 13: 24.664758ms
 14: 24.634554ms
 15: 24.634943ms
 16: 24.595423ms
 17: 24.633776ms
 18: 24.644492ms
 19: 25.980008ms
 20: 24.613683ms
 21: 24.567547ms
 22: 24.618401ms
 23: 24.563538ms
 24: 24.555781ms
 25: 24.586393ms
 26: 24.532471ms
 27: 24.551126ms
 28: 24.670628ms
 29: 24.644688ms
 30: 24.611021ms
 31: 24.591343ms
 32: 24.567632ms
 33: 24.608035ms
 34: 24.637876ms
 35: 24.607403ms
 36: 24.579646ms
 37: 24.527789ms
 38: 24.579148ms
 39: 24.587740ms
 40: 24.570454ms
 41: 24.578491ms
 42: 24.572433ms
 43: 24.603731ms
 44: 24.601204ms
 45: 24.651194ms
 46: 24.578535ms
 47: 24.600435ms
 48: 24.627904ms
 49: 24.617291ms


Measurements
--------------------------
FFT Size            : 219^3
Threads             : 39
Batch               : 1
Iterations          : 50
Avg Tot Runtime     : 26.162286 ms
Runtime per batch   : 26.162286 ms
SD                  : 4.625601 ms
Throughput          : 1.809473 GFLOPs
Plan Time           : 74.399167 sec
