Expm 2: Streaming FFTW
FFTW Plan: Patient
-- Cannot import wisdom from ../../wisdom/singlenode/all/219/fftw_219_t38_b1.patient
-- Exporting wisdom file to ../../wisdom/singlenode/all/219/fftw_219_t38_b1.patient
Iteration: 0, 1, 2, 3, 4, 5, 6, 7, 8, 9, 10, 11, 12, 13, 14, 15, 16, 17, 18, 19, 20, 21, 22, 23, 24, 25, 26, 27, 28, 29, 30, 31, 32, 33, 34, 35, 36, 37, 38, 39, 40, 41, 42, 43, 44, 45, 46, 47, 48, 49, 
Printing individual runtimes:
 0: 27.144329ms
 1: 28.347000ms
 2: 28.121686ms
 3: 43.249672ms
 4: 23.469415ms
 5: 24.939221ms
 6: 26.555026ms
 7: 28.828821ms
 8: 26.173761ms
 9: 26.606462ms
 10: 26.365349ms
 11: 26.235051ms
 12: 25.930482ms
 13: 24.563194ms
 14: 24.466310ms
 15: 26.337249ms
 16: 25.580403ms
 17: 26.192834ms
 18: 27.441064ms
 19: 23.722704ms
 20: 24.721886ms
 21: 23.234460ms
 22: 25.181334ms
 23: 22.555052ms
 24: 23.367375ms
 25: 24.923558ms
 26: 23.627826ms
 27: 23.986124ms
 28: 25.374282ms
 29: 26.658546ms
 30: 26.479936ms
 31: 24.319317ms
 32: 26.946575ms
 33: 24.258107ms
 34: 25.324701ms
 35: 23.339711ms
 36: 21.993902ms
 37: 24.249203ms
 38: 22.839337ms
 39: 26.090383ms
 40: 23.971034ms
 41: 24.187051ms
 42: 24.943885ms
 43: 24.627359ms
 44: 25.249065ms
 45: 23.856503ms
 46: 24.628472ms
 47: 24.190867ms
 48: 25.216352ms
 49: 25.078906ms


Measurements
--------------------------
FFT Size            : 219^3
Threads             : 38
Batch               : 1
Iterations          : 50
Avg Tot Runtime     : 25.513823 ms
Runtime per batch   : 25.513823 ms
SD                  : 2.938419 ms
Throughput          : 1.809473 GFLOPs
Plan Time           : 75.424457 sec
