Expm 2: Streaming FFTW
FFTW Plan: Patient
-- Cannot import wisdom from ../../wisdom/singlenode/all/539/fftw_539_t39_b1.patient
-- Exporting wisdom file to ../../wisdom/singlenode/all/539/fftw_539_t39_b1.patient
Iteration: 0, 1, 2, 3, 4, 5, 6, 7, 8, 9, 10, 11, 12, 13, 14, 15, 16, 17, 18, 19, 20, 21, 22, 23, 24, 25, 26, 27, 28, 29, 30, 31, 32, 33, 34, 35, 36, 37, 38, 39, 40, 41, 42, 43, 44, 45, 46, 47, 48, 49, 
Printing individual runtimes:
 0: 87.378349ms
 1: 87.090755ms
 2: 87.541266ms
 3: 87.753377ms
 4: 87.144575ms
 5: 137.199908ms
 6: 103.583129ms
 7: 87.712072ms
 8: 88.548388ms
 9: 88.849699ms
 10: 106.279139ms
 11: 114.474715ms
 12: 140.459937ms
 13: 85.418378ms
 14: 85.722705ms
 15: 86.292556ms
 16: 85.818575ms
 17: 86.012261ms
 18: 85.978716ms
 19: 85.580453ms
 20: 89.902086ms
 21: 111.760280ms
 22: 88.298568ms
 23: 118.374785ms
 24: 98.875530ms
 25: 98.435426ms
 26: 96.545109ms
 27: 140.540479ms
 28: 90.931413ms
 29: 91.114707ms
 30: 106.120387ms
 31: 90.562996ms
 32: 90.924018ms
 33: 91.423563ms
 34: 90.654443ms
 35: 90.813418ms
 36: 98.284132ms
 37: 91.490453ms
 38: 91.055746ms
 39: 90.887416ms
 40: 90.791070ms
 41: 90.701000ms
 42: 100.437755ms
 43: 91.036550ms
 44: 90.569442ms
 45: 129.328777ms
 46: 109.335330ms
 47: 97.746352ms
 48: 90.654092ms
 49: 93.942659ms


Measurements
--------------------------
FFT Size            : 539^3
Threads             : 39
Batch               : 1
Iterations          : 50
Avg Tot Runtime     : 96.927539 ms
Runtime per batch   : 96.927539 ms
SD                  : 14.187392 ms
Throughput          : 5.054869 GFLOPs
Plan Time           : 152.674286 sec
