Expm 2: Streaming FFTW
FFTW Plan: Patient
-- Cannot import wisdom from ../../wisdom/singlenode/all/519/fftw_519_t40_b1.patient
-- Exporting wisdom file to ../../wisdom/singlenode/all/519/fftw_519_t40_b1.patient
Iteration: 0, 1, 2, 3, 4, 5, 6, 7, 8, 9, 10, 11, 12, 13, 14, 15, 16, 17, 18, 19, 20, 21, 22, 23, 24, 25, 26, 27, 28, 29, 30, 31, 32, 33, 34, 35, 36, 37, 38, 39, 40, 41, 42, 43, 44, 45, 46, 47, 48, 49, 
Printing individual runtimes:
 0: 517.579046ms
 1: 385.300478ms
 2: 303.250156ms
 3: 223.186878ms
 4: 223.866869ms
 5: 242.024806ms
 6: 401.259909ms
 7: 322.976121ms
 8: 239.701241ms
 9: 242.607228ms
 10: 242.505310ms
 11: 242.384795ms
 12: 239.443671ms
 13: 241.499433ms
 14: 242.980211ms
 15: 242.545725ms
 16: 242.159542ms
 17: 242.888096ms
 18: 241.415562ms
 19: 241.045661ms
 20: 242.622612ms
 21: 242.365572ms
 22: 242.160377ms
 23: 242.797476ms
 24: 241.679102ms
 25: 238.137880ms
 26: 392.117898ms
 27: 246.736717ms
 28: 244.920230ms
 29: 249.307605ms
 30: 243.698838ms
 31: 403.520984ms
 32: 244.267088ms
 33: 246.096331ms
 34: 245.497411ms
 35: 242.696337ms
 36: 242.174836ms
 37: 243.905818ms
 38: 242.993044ms
 39: 263.993347ms
 40: 246.455474ms
 41: 243.123108ms
 42: 246.455329ms
 43: 245.289199ms
 44: 242.270089ms
 45: 238.599155ms
 46: 242.329009ms
 47: 242.288820ms
 48: 241.184404ms
 49: 241.947302ms


Measurements
--------------------------
FFT Size            : 519^3
Threads             : 40
Batch               : 1
Iterations          : 50
Avg Tot Runtime     : 263.045043 ms
Runtime per batch   : 263.045043 ms
SD                  : 56.572189 ms
Throughput          : 20.118034 GFLOPs
Plan Time           : 461.329101 sec
