Expm 2: Streaming FFTW
FFTW Plan: Patient
-- Cannot import wisdom from ../../wisdom/singlenode/all/652/fftw_652_t38_b1.patient
-- Exporting wisdom file to ../../wisdom/singlenode/all/652/fftw_652_t38_b1.patient
Iteration: 0, 1, 2, 3, 4, 5, 6, 7, 8, 9, 10, 11, 12, 13, 14, 15, 16, 17, 18, 19, 20, 21, 22, 23, 24, 25, 26, 27, 28, 29, 30, 31, 32, 33, 34, 35, 36, 37, 38, 39, 40, 41, 42, 43, 44, 45, 46, 47, 48, 49, 
Printing individual runtimes:
 0: 590.629677ms
 1: 535.309915ms
 2: 531.759314ms
 3: 537.109444ms
 4: 534.768767ms
 5: 536.582322ms
 6: 534.688941ms
 7: 535.198901ms
 8: 845.259767ms
 9: 818.696574ms
 10: 533.724170ms
 11: 927.884824ms
 12: 524.042863ms
 13: 814.511268ms
 14: 933.174173ms
 15: 600.154258ms
 16: 810.449388ms
 17: 824.064728ms
 18: 910.977488ms
 19: 833.642327ms
 20: 915.721828ms
 21: 806.432920ms
 22: 922.748229ms
 23: 664.400545ms
 24: 547.740241ms
 25: 925.924574ms
 26: 889.600933ms
 27: 529.957735ms
 28: 847.766480ms
 29: 523.529861ms
 30: 525.093984ms
 31: 521.493811ms
 32: 756.421788ms
 33: 534.638277ms
 34: 521.233977ms
 35: 523.002461ms
 36: 521.910053ms
 37: 521.362299ms
 38: 522.015693ms
 39: 522.577101ms
 40: 521.793624ms
 41: 527.396130ms
 42: 695.578052ms
 43: 584.669476ms
 44: 522.609824ms
 45: 518.963221ms
 46: 520.313759ms
 47: 522.474234ms
 48: 522.492719ms
 49: 519.559947ms


Measurements
--------------------------
FFT Size            : 652^3
Threads             : 38
Batch               : 1
Iterations          : 50
Avg Tot Runtime     : 644.241058 ms
Runtime per batch   : 644.241058 ms
SD                  : 155.625013 ms
Throughput          : 41.676238 GFLOPs
Plan Time           : 1149.975214 sec
