Expm 2: Streaming FFTW
FFTW Plan: Patient
-- Cannot import wisdom from ../../wisdom/singlenode/all/652/fftw_652_t39_b1.patient
-- Exporting wisdom file to ../../wisdom/singlenode/all/652/fftw_652_t39_b1.patient
Iteration: 0, 1, 2, 3, 4, 5, 6, 7, 8, 9, 10, 11, 12, 13, 14, 15, 16, 17, 18, 19, 20, 21, 22, 23, 24, 25, 26, 27, 28, 29, 30, 31, 32, 33, 34, 35, 36, 37, 38, 39, 40, 41, 42, 43, 44, 45, 46, 47, 48, 49, 
Printing individual runtimes:
 0: 499.651476ms
 1: 458.480782ms
 2: 787.762880ms
 3: 623.628891ms
 4: 459.802933ms
 5: 467.179224ms
 6: 468.507803ms
 7: 471.946935ms
 8: 472.110537ms
 9: 890.947600ms
 10: 474.610982ms
 11: 562.009384ms
 12: 461.387617ms
 13: 455.420623ms
 14: 457.082532ms
 15: 605.771230ms
 16: 930.902951ms
 17: 811.124419ms
 18: 534.862819ms
 19: 678.139331ms
 20: 912.330728ms
 21: 549.861497ms
 22: 750.624851ms
 23: 809.338480ms
 24: 685.679374ms
 25: 471.828910ms
 26: 772.291227ms
 27: 964.825638ms
 28: 786.151427ms
 29: 748.731594ms
 30: 792.327942ms
 31: 612.855946ms
 32: 456.637187ms
 33: 467.289258ms
 34: 901.393313ms
 35: 780.108481ms
 36: 775.843874ms
 37: 679.446708ms
 38: 455.458080ms
 39: 455.798646ms
 40: 917.213140ms
 41: 890.360633ms
 42: 877.013812ms
 43: 583.758641ms
 44: 687.157109ms
 45: 533.500848ms
 46: 466.182084ms
 47: 463.134272ms
 48: 467.862414ms
 49: 455.291970ms


Measurements
--------------------------
FFT Size            : 652^3
Threads             : 39
Batch               : 1
Iterations          : 50
Avg Tot Runtime     : 634.832581 ms
Runtime per batch   : 634.832581 ms
SD                  : 170.634347 ms
Throughput          : 41.576447 GFLOPs
Plan Time           : 1085.249236 sec
