Expm 2: Streaming FFTW
FFTW Plan: Patient
-- Cannot import wisdom from ../../wisdom/singlenode/all/253/fftw_253_t37_b1.patient
-- Exporting wisdom file to ../../wisdom/singlenode/all/253/fftw_253_t37_b1.patient
Iteration: 0, 1, 2, 3, 4, 5, 6, 7, 8, 9, 10, 11, 12, 13, 14, 15, 16, 17, 18, 19, 20, 21, 22, 23, 24, 25, 26, 27, 28, 29, 30, 31, 32, 33, 34, 35, 36, 37, 38, 39, 40, 41, 42, 43, 44, 45, 46, 47, 48, 49, 
Printing individual runtimes:
 0: 28.661221ms
 1: 28.126359ms
 2: 27.910339ms
 3: 28.050021ms
 4: 28.788597ms
 5: 36.903433ms
 6: 28.939964ms
 7: 28.135643ms
 8: 28.386891ms
 9: 30.403711ms
 10: 30.654843ms
 11: 28.523062ms
 12: 28.158348ms
 13: 28.699963ms
 14: 27.498689ms
 15: 26.786846ms
 16: 27.342859ms
 17: 27.304492ms
 18: 27.094106ms
 19: 26.991856ms
 20: 27.332737ms
 21: 57.970607ms
 22: 57.222315ms
 23: 57.214254ms
 24: 56.791373ms
 25: 29.089846ms
 26: 27.621426ms
 27: 27.667873ms
 28: 27.089820ms
 29: 27.592270ms
 30: 29.180524ms
 31: 27.413081ms
 32: 27.167694ms
 33: 35.526306ms
 34: 27.049488ms
 35: 27.105405ms
 36: 26.993057ms
 37: 27.330760ms
 38: 27.147724ms
 39: 28.012611ms
 40: 27.513325ms
 41: 26.857721ms
 42: 26.963325ms
 43: 26.917295ms
 44: 26.964380ms
 45: 26.999343ms
 46: 26.688295ms
 47: 27.120728ms
 48: 27.698952ms
 49: 28.032977ms


Measurements
--------------------------
FFT Size            : 253^3
Threads             : 37
Batch               : 1
Iterations          : 50
Avg Tot Runtime     : 30.472735 ms
Runtime per batch   : 30.472735 ms
SD                  : 8.127327 ms
Throughput          : 1.930639 GFLOPs
Plan Time           : 78.305214 sec
