Expm 2: Streaming FFTW
FFTW Plan: Patient
-- Cannot import wisdom from ../../wisdom/singlenode/all/231/fftw_231_t36_b1.patient
-- Exporting wisdom file to ../../wisdom/singlenode/all/231/fftw_231_t36_b1.patient
Iteration: 0, 1, 2, 3, 4, 5, 6, 7, 8, 9, 10, 11, 12, 13, 14, 15, 16, 17, 18, 19, 20, 21, 22, 23, 24, 25, 26, 27, 28, 29, 30, 31, 32, 33, 34, 35, 36, 37, 38, 39, 40, 41, 42, 43, 44, 45, 46, 47, 48, 49, 
Printing individual runtimes:
 0: 6.919616ms
 1: 6.768417ms
 2: 6.572773ms
 3: 6.762239ms
 4: 6.613057ms
 5: 6.590825ms
 6: 6.511000ms
 7: 6.485660ms
 8: 6.509200ms
 9: 6.420685ms
 10: 6.459119ms
 11: 6.437686ms
 12: 6.454167ms
 13: 8.009491ms
 14: 11.907867ms
 15: 16.837402ms
 16: 16.609647ms
 17: 16.326389ms
 18: 11.633796ms
 19: 12.019644ms
 20: 11.796268ms
 21: 6.589055ms
 22: 6.483271ms
 23: 6.467005ms
 24: 6.615909ms
 25: 6.581796ms
 26: 6.563599ms
 27: 6.566740ms
 28: 7.636118ms
 29: 6.493100ms
 30: 6.414983ms
 31: 9.224555ms
 32: 6.144481ms
 33: 6.145745ms
 34: 6.160146ms
 35: 6.092976ms
 36: 6.080676ms
 37: 6.005361ms
 38: 6.177614ms
 39: 6.104931ms
 40: 6.097831ms
 41: 6.122261ms
 42: 6.076772ms
 43: 5.994814ms
 44: 6.145483ms
 45: 6.107921ms
 46: 6.092941ms
 47: 6.067305ms
 48: 6.032440ms
 49: 6.202766ms


Measurements
--------------------------
FFT Size            : 231^3
Threads             : 36
Batch               : 1
Iterations          : 50
Avg Tot Runtime     : 7.522671 ms
Runtime per batch   : 7.522671 ms
SD                  : 2.763102 ms
Throughput          : 0.337480 GFLOPs
Plan Time           : 32.894741 sec
