Expm 2: Streaming FFTW
FFTW Plan: Patient
-- Cannot import wisdom from ../../wisdom/singlenode/all/243/fftw_243_t36_b1.patient
-- Exporting wisdom file to ../../wisdom/singlenode/all/243/fftw_243_t36_b1.patient
Iteration: 0, 1, 2, 3, 4, 5, 6, 7, 8, 9, 10, 11, 12, 13, 14, 15, 16, 17, 18, 19, 20, 21, 22, 23, 24, 25, 26, 27, 28, 29, 30, 31, 32, 33, 34, 35, 36, 37, 38, 39, 40, 41, 42, 43, 44, 45, 46, 47, 48, 49, 
Printing individual runtimes:
 0: 7.835782ms
 1: 7.827692ms
 2: 7.627807ms
 3: 7.623357ms
 4: 7.672847ms
 5: 7.598768ms
 6: 7.645173ms
 7: 7.642423ms
 8: 7.696511ms
 9: 7.618618ms
 10: 7.691509ms
 11: 7.619276ms
 12: 7.646255ms
 13: 7.642893ms
 14: 7.616970ms
 15: 7.659352ms
 16: 7.581740ms
 17: 7.609649ms
 18: 7.603326ms
 19: 7.667899ms
 20: 7.608322ms
 21: 7.626648ms
 22: 7.734083ms
 23: 13.523090ms
 24: 13.565151ms
 25: 14.137513ms
 26: 13.835062ms
 27: 13.820829ms
 28: 7.750919ms
 29: 7.641832ms
 30: 7.615724ms
 31: 7.568579ms
 32: 7.649378ms
 33: 7.581108ms
 34: 7.593992ms
 35: 7.582522ms
 36: 7.536916ms
 37: 7.611177ms
 38: 7.604516ms
 39: 7.584016ms
 40: 7.620174ms
 41: 7.616632ms
 42: 7.566198ms
 43: 7.618183ms
 44: 7.569686ms
 45: 7.621479ms
 46: 7.590582ms
 47: 7.603495ms
 48: 7.602821ms
 49: 7.624453ms


Measurements
--------------------------
FFT Size            : 243^3
Threads             : 36
Batch               : 1
Iterations          : 50
Avg Tot Runtime     : 8.246659 ms
Runtime per batch   : 8.246659 ms
SD                  : 1.845410 ms
Throughput          : 0.390981 GFLOPs
Plan Time           : 61.389694 sec
