Expm 2: Streaming FFTW
FFTW Plan: Patient
-- Cannot import wisdom from ../../wisdom/singlenode/all/287/fftw_287_t40_b1.patient
-- Exporting wisdom file to ../../wisdom/singlenode/all/287/fftw_287_t40_b1.patient
Iteration: 0, 1, 2, 3, 4, 5, 6, 7, 8, 9, 10, 11, 12, 13, 14, 15, 16, 17, 18, 19, 20, 21, 22, 23, 24, 25, 26, 27, 28, 29, 30, 31, 32, 33, 34, 35, 36, 37, 38, 39, 40, 41, 42, 43, 44, 45, 46, 47, 48, 49, 
Printing individual runtimes:
 0: 54.396521ms
 1: 52.279458ms
 2: 52.508317ms
 3: 52.456700ms
 4: 52.848543ms
 5: 52.851348ms
 6: 52.754530ms
 7: 52.794269ms
 8: 53.620623ms
 9: 52.684449ms
 10: 52.708004ms
 11: 100.261614ms
 12: 134.890829ms
 13: 51.955305ms
 14: 52.384821ms
 15: 52.498340ms
 16: 52.102777ms
 17: 52.328742ms
 18: 52.474010ms
 19: 52.374071ms
 20: 52.223386ms
 21: 52.286003ms
 22: 52.366262ms
 23: 52.214175ms
 24: 52.053538ms
 25: 52.273227ms
 26: 52.297191ms
 27: 52.196565ms
 28: 51.997282ms
 29: 52.102228ms
 30: 52.223617ms
 31: 52.277219ms
 32: 52.292986ms
 33: 52.380627ms
 34: 52.136167ms
 35: 52.330531ms
 36: 52.708045ms
 37: 52.002289ms
 38: 52.338955ms
 39: 52.147831ms
 40: 98.726127ms
 41: 73.354938ms
 42: 52.541146ms
 43: 52.391944ms
 44: 52.312828ms
 45: 52.217146ms
 46: 54.626712ms
 47: 53.400647ms
 48: 98.501933ms
 49: 88.623495ms


Measurements
--------------------------
FFT Size            : 287^3
Threads             : 40
Batch               : 1
Iterations          : 50
Avg Tot Runtime     : 58.094366 ms
Runtime per batch   : 58.094366 ms
SD                  : 16.438124 ms
Throughput          : 3.472446 GFLOPs
Plan Time           : 67.761311 sec
