Expm 2: Streaming FFT

Printing individual runtimes:
 0: 0.302078ms
 1: 0.172608ms
 2: 0.167426ms
 3: 0.280469ms
 4: 0.138148ms
 5: 0.631192ms
 6: 0.186957ms
 7: 0.150294ms
 8: 0.122619ms
 9: 0.204964ms
 10: 0.152437ms
 11: 0.150225ms
 12: 0.153026ms
 13: 0.226412ms
 14: 0.160669ms
 15: 0.155823ms
 16: 0.171164ms
 17: 0.253952ms
 18: 0.169685ms
 19: 0.165916ms
 20: 0.410405ms
 21: 0.169069ms
 22: 0.170680ms
 23: 0.224025ms
 24: 0.168211ms
 25: 0.167084ms
 26: 0.245155ms
 27: 0.174581ms
 28: 1.982395ms
 29: 0.307088ms
 30: 0.166678ms
 31: 0.908946ms
 32: 0.205758ms
 33: 0.167007ms
 34: 0.172858ms
 35: 0.255019ms
 36: 0.168927ms
 37: 0.168848ms
 38: 0.165364ms
 39: 0.164890ms
 40: 0.240000ms
 41: 0.167416ms
 42: 0.165922ms
 43: 0.167580ms
 44: 0.239541ms
 45: 0.166385ms
 46: 0.178201ms
 47: 0.167773ms
 48: 0.173008ms
 49: 18.982487ms
 50: 0.167980ms
 51: 0.162250ms
 52: 0.164769ms
 53: 0.163626ms
 54: 0.166224ms
 55: 0.287836ms
 56: 0.226892ms
 57: 0.164205ms
 58: 0.168043ms
 59: 0.169829ms
 60: 0.171063ms
 61: 0.223872ms
 62: 0.171989ms
 63: 0.166244ms
 64: 0.170798ms
 65: 11.125687ms
 66: 0.166651ms
 67: 0.170921ms
 68: 0.162964ms
 69: 0.168917ms
 70: 0.167556ms
 71: 0.166595ms
 72: 0.165252ms
 73: 0.164076ms
 74: 0.166738ms
 75: 0.167779ms
 76: 0.167815ms
 77: 0.165986ms
 78: 0.248587ms
 79: 0.174793ms
 80: 0.164212ms
 81: 0.173431ms
 82: 0.167650ms
 83: 0.165848ms
 84: 0.165490ms
 85: 0.166646ms
 86: 0.165625ms
 87: 0.168207ms
 88: 0.233624ms
 89: 0.165557ms
 90: 0.164766ms
 91: 0.171441ms
 92: 0.169727ms
 93: 0.166334ms
 94: 0.179728ms
 95: 0.163639ms
 96: 0.169485ms
 97: 0.167932ms
 98: 0.167517ms
 99: 0.164062ms
 100: 0.165789ms
 101: 0.176377ms
 102: 0.161124ms
 103: 0.292506ms
 104: 0.166032ms
 105: 0.169982ms
 106: 0.165983ms
 107: 0.176285ms
 108: 0.166491ms
 109: 0.166996ms
 110: 0.171448ms
 111: 0.164924ms
 112: 0.163400ms
 113: 0.173248ms
 114: 0.167393ms
 115: 0.168332ms
 116: 0.167429ms
 117: 0.168260ms
 118: 0.162432ms
 119: 0.174361ms
 120: 0.167087ms
 121: 0.153492ms
 122: 0.172953ms
 123: 0.166986ms
 124: 0.173674ms
 125: 0.167284ms
 126: 0.168326ms
 127: 0.166774ms
 128: 0.172748ms
 129: 0.163811ms
 130: 7.010690ms
 131: 0.171347ms
 132: 0.165589ms
 133: 0.273237ms
 134: 0.169908ms
 135: 0.163380ms
 136: 0.167416ms
 137: 0.167736ms
 138: 0.174685ms
 139: 0.167080ms
 140: 0.161405ms
 141: 0.167600ms
 142: 0.164879ms
 143: 0.173403ms
 144: 0.170839ms
 145: 0.166419ms
 146: 0.173538ms
 147: 0.163932ms
 148: 0.164753ms
 149: 0.251933ms
 150: 0.169978ms
 151: 0.164550ms
 152: 0.162729ms
 153: 0.533092ms
 154: 0.171762ms
 155: 0.168830ms
 156: 0.170887ms
 157: 0.148926ms
 158: 0.161946ms
 159: 0.169333ms
 160: 0.165952ms
 161: 0.164702ms
 162: 0.185254ms
 163: 0.165850ms
 164: 0.168072ms
 165: 0.166139ms
 166: 0.173720ms
 167: 0.166445ms
 168: 0.168990ms
 169: 0.167799ms
 170: 0.165998ms
 171: 0.166430ms
 172: 0.166770ms
 173: 0.166215ms
 174: 0.159962ms
 175: 0.166877ms
 176: 0.167969ms
 177: 0.175640ms
 178: 0.171413ms
 179: 0.163525ms
 180: 0.167082ms
 181: 0.168446ms
 182: 0.180702ms
 183: 0.170714ms
 184: 0.173156ms
 185: 0.163332ms
 186: 0.152100ms
 187: 0.164329ms
 188: 0.173102ms
 189: 0.167017ms
 190: 0.171894ms
 191: 0.171395ms
 192: 0.163493ms
 193: 0.173876ms
 194: 0.167793ms
 195: 0.165142ms
 196: 0.163262ms
 197: 0.168664ms
 198: 0.166390ms
 199: 0.165723ms


-- Real : Q1: 50 Q2: 100 Q3: 150
-- Array: Q1: 49 Q2: 99 Q3: 149
Printing sorted runtimes:
 0: 0.164879ms
 1: 0.162250ms
 2: 0.163262ms
 3: 0.164769ms
 4: 0.138148ms
 5: 0.163493ms
 6: 0.164329ms
 7: 0.150294ms
 8: 0.122619ms
 9: 0.152100ms
 10: 0.152437ms
 11: 0.150225ms
 12: 0.153026ms
 13: 0.163332ms
 14: 0.160669ms
 15: 0.155823ms
 16: 0.163525ms
 17: 0.159962ms
 18: 0.164702ms
 19: 0.161946ms
 20: 0.148926ms
 21: 0.162729ms
 22: 0.164550ms
 23: 0.164753ms
 24: 0.163932ms
 25: 0.163626ms
 26: 0.161405ms
 27: 0.163380ms
 28: 0.164205ms
 29: 0.163811ms
 30: 0.153492ms
 31: 0.162432ms
 32: 0.163400ms
 33: 0.162964ms
 34: 0.161124ms
 35: 0.164062ms
 36: 0.163639ms
 37: 0.164766ms
 38: 0.164076ms
 39: 0.164212ms
 40: 0.165625ms
 41: 0.165557ms
 42: 0.165490ms
 43: 0.164890ms
 44: 0.165364ms
 45: 0.165252ms
 46: 0.164924ms
 47: 0.165589ms
 48: 0.165142ms
 49: 0.165723ms
 50: 0.165789ms
 51: 0.166419ms
 52: 0.165983ms
 53: 0.166390ms
 54: 0.166224ms
 55: 0.166032ms
 56: 0.165998ms
 57: 0.166215ms
 58: 0.166334ms
 59: 0.166139ms
 60: 0.165922ms
 61: 0.165848ms
 62: 0.165850ms
 63: 0.166244ms
 64: 0.165916ms
 65: 0.165952ms
 66: 0.165986ms
 67: 0.166385ms
 68: 0.167087ms
 69: 0.166986ms
 70: 0.167084ms
 71: 0.166595ms
 72: 0.166774ms
 73: 0.167017ms
 74: 0.166738ms
 75: 0.166430ms
 76: 0.166770ms
 77: 0.166651ms
 78: 0.166877ms
 79: 0.166678ms
 80: 0.166491ms
 81: 0.167082ms
 82: 0.166996ms
 83: 0.167007ms
 84: 0.166445ms
 85: 0.166646ms
 86: 0.167080ms
 87: 0.167556ms
 88: 0.167416ms
 89: 0.167429ms
 90: 0.167393ms
 91: 0.167426ms
 92: 0.167416ms
 93: 0.167517ms
 94: 0.167284ms
 95: 0.167773ms
 96: 0.167580ms
 97: 0.167736ms
 98: 0.167600ms
 99: 0.167650ms
 100: 0.167779ms
 101: 0.171395ms
 102: 0.167815ms
 103: 0.167799ms
 104: 0.167932ms
 105: 0.167969ms
 106: 0.167980ms
 107: 0.169982ms
 108: 0.169485ms
 109: 0.168927ms
 110: 0.167793ms
 111: 0.169727ms
 112: 0.168990ms
 113: 0.168211ms
 114: 0.168848ms
 115: 0.168332ms
 116: 0.170839ms
 117: 0.168260ms
 118: 0.171164ms
 119: 0.168072ms
 120: 0.168207ms
 121: 0.168446ms
 122: 0.170714ms
 123: 0.168917ms
 124: 0.169685ms
 125: 0.169978ms
 126: 0.168326ms
 127: 0.170921ms
 128: 0.168664ms
 129: 0.169333ms
 130: 0.170798ms
 131: 0.171347ms
 132: 0.170887ms
 133: 0.168830ms
 134: 0.169908ms
 135: 0.168043ms
 136: 0.170680ms
 137: 0.171063ms
 138: 0.169069ms
 139: 0.169829ms
 140: 0.172748ms
 141: 0.171762ms
 142: 0.171989ms
 143: 0.171894ms
 144: 0.171413ms
 145: 0.172608ms
 146: 0.171441ms
 147: 0.171448ms
 148: 0.172858ms
 149: 0.172953ms
 150: 0.173008ms
 151: 0.173156ms
 152: 0.173102ms
 153: 0.173248ms
 154: 0.173403ms
 155: 0.273237ms
 156: 1.982395ms
 157: 0.410405ms
 158: 7.010690ms
 159: 0.307088ms
 160: 0.174581ms
 161: 0.173674ms
 162: 0.185254ms
 163: 0.533092ms
 164: 0.174361ms
 165: 0.908946ms
 166: 0.173720ms
 167: 0.174685ms
 168: 0.205758ms
 169: 0.176285ms
 170: 0.292506ms
 171: 0.245155ms
 172: 0.176377ms
 173: 0.302078ms
 174: 0.253952ms
 175: 0.255019ms
 176: 0.179728ms
 177: 0.175640ms
 178: 0.240000ms
 179: 0.233624ms
 180: 0.173431ms
 181: 0.174793ms
 182: 0.180702ms
 183: 0.248587ms
 184: 0.251933ms
 185: 0.226412ms
 186: 0.204964ms
 187: 0.186957ms
 188: 0.224025ms
 189: 0.239541ms
 190: 0.178201ms
 191: 11.125687ms
 192: 0.631192ms
 193: 0.173876ms
 194: 0.223872ms
 195: 0.280469ms
 196: 0.226892ms
 197: 0.287836ms
 198: 0.173538ms
 199: 18.982487ms


Measurements
--------------------------
FFT Size            : 46^3
Threads             : 40
Batch               : 1
Iterations          : 200
Avg Tot Runtime     : 0.376696 ms
Runtime per batch   : 0.376696 ms
SD                  : 1.607139 ms
Q1                  : 0.165723 ms
Median              : 0.167714 ms
Q3                  : 0.172953 ms
