Expm 2: Streaming FFT

Printing individual runtimes:
 0: 0.319229ms
 1: 0.171583ms
 2: 0.209659ms
 3: 0.285290ms
 4: 0.170345ms
 5: 0.169917ms
 6: 0.169685ms
 7: 0.171140ms
 8: 0.211632ms
 9: 0.161020ms
 10: 0.286744ms
 11: 0.163674ms
 12: 0.177273ms
 13: 0.170131ms
 14: 0.285917ms
 15: 0.181624ms
 16: 0.161775ms
 17: 0.168464ms
 18: 0.162750ms
 19: 0.159497ms
 20: 0.291808ms
 21: 0.160693ms
 22: 0.167253ms
 23: 0.161553ms
 24: 0.164365ms
 25: 0.166636ms
 26: 0.304810ms
 27: 0.170885ms
 28: 0.169472ms
 29: 0.203612ms
 30: 0.160350ms
 31: 0.164048ms
 32: 0.169286ms
 33: 0.177860ms
 34: 0.293763ms
 35: 0.204579ms
 36: 0.209428ms
 37: 0.167790ms
 38: 0.161476ms
 39: 0.175053ms
 40: 0.194421ms
 41: 0.172708ms
 42: 0.162324ms
 43: 0.282976ms
 44: 0.160854ms
 45: 0.173184ms
 46: 0.161812ms
 47: 0.161488ms
 48: 0.176844ms
 49: 0.175021ms
 50: 0.161621ms
 51: 0.294019ms
 52: 0.176764ms
 53: 0.170740ms
 54: 0.178881ms
 55: 0.177995ms
 56: 0.177348ms
 57: 0.194871ms
 58: 0.207947ms
 59: 0.175972ms
 60: 0.179407ms
 61: 0.171425ms
 62: 0.162284ms
 63: 0.167991ms
 64: 0.201904ms
 65: 0.161711ms
 66: 0.278819ms
 67: 0.175903ms
 68: 0.169291ms
 69: 0.163828ms
 70: 0.194822ms
 71: 0.167214ms
 72: 0.170130ms
 73: 0.171141ms
 74: 0.167099ms
 75: 0.168540ms
 76: 0.160852ms
 77: 0.162582ms
 78: 0.168594ms
 79: 0.168928ms
 80: 0.171647ms
 81: 0.278302ms
 82: 0.169537ms
 83: 0.162937ms
 84: 0.171269ms
 85: 0.167988ms
 86: 0.161757ms
 87: 0.167546ms
 88: 0.159909ms
 89: 0.165487ms
 90: 0.170409ms
 91: 0.171189ms
 92: 0.170072ms
 93: 0.163988ms
 94: 0.168602ms
 95: 0.167736ms
 96: 0.176778ms
 97: 0.178049ms
 98: 0.162401ms
 99: 0.170595ms
 100: 0.197025ms
 101: 0.290735ms
 102: 0.172984ms
 103: 0.160553ms
 104: 0.173569ms
 105: 0.163917ms
 106: 0.168864ms
 107: 0.202058ms
 108: 0.198088ms
 109: 0.163561ms
 110: 0.177722ms
 111: 0.205668ms
 112: 0.164126ms
 113: 0.166161ms
 114: 0.179640ms
 115: 0.169582ms
 116: 0.209534ms
 117: 0.168222ms
 118: 0.161542ms
 119: 0.162107ms
 120: 0.167476ms
 121: 0.161587ms
 122: 0.275927ms
 123: 0.168662ms
 124: 0.175206ms
 125: 0.169114ms
 126: 0.170516ms
 127: 0.161702ms
 128: 0.170957ms
 129: 0.176390ms
 130: 0.185106ms
 131: 0.170261ms
 132: 0.169124ms
 133: 0.167010ms
 134: 0.202288ms
 135: 0.168803ms
 136: 0.203833ms
 137: 0.210125ms
 138: 0.175798ms
 139: 0.170718ms
 140: 0.161876ms
 141: 0.170273ms
 142: 0.169367ms
 143: 0.173615ms
 144: 0.165149ms
 145: 0.161757ms
 146: 0.203587ms
 147: 0.169257ms
 148: 0.284920ms
 149: 0.198139ms
 150: 0.168601ms
 151: 0.169117ms
 152: 0.176790ms
 153: 0.169618ms
 154: 0.173775ms
 155: 0.171910ms
 156: 0.188767ms
 157: 0.168638ms
 158: 0.204496ms
 159: 0.197279ms
 160: 0.167542ms
 161: 0.160465ms
 162: 0.162816ms
 163: 0.169002ms
 164: 0.169775ms
 165: 0.169052ms
 166: 0.169577ms
 167: 0.172934ms
 168: 0.161663ms
 169: 0.175836ms
 170: 0.206814ms
 171: 0.181747ms
 172: 0.169946ms
 173: 0.169763ms
 174: 0.271627ms
 175: 0.176023ms
 176: 0.168427ms
 177: 0.172732ms
 178: 0.182483ms
 179: 0.171791ms
 180: 0.170642ms
 181: 0.168026ms
 182: 0.179835ms
 183: 0.196609ms
 184: 0.182466ms
 185: 0.172565ms
 186: 0.203963ms
 187: 0.196247ms
 188: 0.159904ms
 189: 0.172414ms
 190: 0.207356ms
 191: 0.167022ms
 192: 0.174587ms
 193: 0.188899ms
 194: 0.179483ms
 195: 0.181123ms
 196: 0.172127ms
 197: 0.191664ms
 198: 0.171085ms
 199: 0.168157ms


-- Real : Q1: 50 Q2: 100 Q3: 150
-- Array: Q1: 49 Q2: 99 Q3: 149
Printing sorted runtimes:
 0: 0.167010ms
 1: 0.163561ms
 2: 0.164126ms
 3: 0.161876ms
 4: 0.166161ms
 5: 0.163917ms
 6: 0.160553ms
 7: 0.161542ms
 8: 0.159904ms
 9: 0.161020ms
 10: 0.162284ms
 11: 0.163674ms
 12: 0.162107ms
 13: 0.162401ms
 14: 0.161711ms
 15: 0.161587ms
 16: 0.161775ms
 17: 0.165149ms
 18: 0.162750ms
 19: 0.159497ms
 20: 0.163988ms
 21: 0.160693ms
 22: 0.161757ms
 23: 0.161553ms
 24: 0.164365ms
 25: 0.166636ms
 26: 0.161663ms
 27: 0.165487ms
 28: 0.159909ms
 29: 0.161621ms
 30: 0.160350ms
 31: 0.164048ms
 32: 0.161757ms
 33: 0.161702ms
 34: 0.162937ms
 35: 0.162582ms
 36: 0.162816ms
 37: 0.163828ms
 38: 0.161476ms
 39: 0.160465ms
 40: 0.161488ms
 41: 0.160852ms
 42: 0.162324ms
 43: 0.161812ms
 44: 0.160854ms
 45: 0.167253ms
 46: 0.167099ms
 47: 0.167022ms
 48: 0.167214ms
 49: 0.167476ms
 50: 0.167542ms
 51: 0.167736ms
 52: 0.167546ms
 53: 0.169537ms
 54: 0.167991ms
 55: 0.168026ms
 56: 0.167988ms
 57: 0.168157ms
 58: 0.168803ms
 59: 0.168864ms
 60: 0.169124ms
 61: 0.168222ms
 62: 0.168427ms
 63: 0.169367ms
 64: 0.168464ms
 65: 0.168602ms
 66: 0.169472ms
 67: 0.169257ms
 68: 0.169291ms
 69: 0.168601ms
 70: 0.169286ms
 71: 0.169117ms
 72: 0.169052ms
 73: 0.167790ms
 74: 0.168662ms
 75: 0.168540ms
 76: 0.168638ms
 77: 0.169002ms
 78: 0.168594ms
 79: 0.168928ms
 80: 0.169114ms
 81: 0.169917ms
 82: 0.169618ms
 83: 0.169775ms
 84: 0.169582ms
 85: 0.169685ms
 86: 0.169763ms
 87: 0.169577ms
 88: 0.170261ms
 89: 0.170130ms
 90: 0.170131ms
 91: 0.169946ms
 92: 0.170072ms
 93: 0.170718ms
 94: 0.170345ms
 95: 0.170642ms
 96: 0.170516ms
 97: 0.170273ms
 98: 0.170409ms
 99: 0.170595ms
 100: 0.170740ms
 101: 0.176844ms
 102: 0.171140ms
 103: 0.170957ms
 104: 0.171085ms
 105: 0.171141ms
 106: 0.171425ms
 107: 0.171189ms
 108: 0.171269ms
 109: 0.171583ms
 110: 0.171647ms
 111: 0.172127ms
 112: 0.174587ms
 113: 0.172414ms
 114: 0.172565ms
 115: 0.173569ms
 116: 0.171791ms
 117: 0.172984ms
 118: 0.172732ms
 119: 0.176023ms
 120: 0.175836ms
 121: 0.176778ms
 122: 0.172934ms
 123: 0.175053ms
 124: 0.175206ms
 125: 0.172708ms
 126: 0.171910ms
 127: 0.175903ms
 128: 0.173775ms
 129: 0.176390ms
 130: 0.176790ms
 131: 0.173184ms
 132: 0.170885ms
 133: 0.175972ms
 134: 0.175021ms
 135: 0.176764ms
 136: 0.173615ms
 137: 0.175798ms
 138: 0.177860ms
 139: 0.177722ms
 140: 0.177348ms
 141: 0.177273ms
 142: 0.181123ms
 143: 0.178881ms
 144: 0.179483ms
 145: 0.178049ms
 146: 0.179640ms
 147: 0.179407ms
 148: 0.179835ms
 149: 0.177995ms
 150: 0.181624ms
 151: 0.181747ms
 152: 0.182483ms
 153: 0.182466ms
 154: 0.185106ms
 155: 0.188899ms
 156: 0.188767ms
 157: 0.191664ms
 158: 0.194822ms
 159: 0.194871ms
 160: 0.194421ms
 161: 0.278302ms
 162: 0.209428ms
 163: 0.204579ms
 164: 0.293763ms
 165: 0.197279ms
 166: 0.203612ms
 167: 0.275927ms
 168: 0.304810ms
 169: 0.204496ms
 170: 0.206814ms
 171: 0.278819ms
 172: 0.291808ms
 173: 0.282976ms
 174: 0.271627ms
 175: 0.197025ms
 176: 0.285917ms
 177: 0.290735ms
 178: 0.201904ms
 179: 0.209534ms
 180: 0.198139ms
 181: 0.286744ms
 182: 0.284920ms
 183: 0.196609ms
 184: 0.202288ms
 185: 0.203587ms
 186: 0.203963ms
 187: 0.196247ms
 188: 0.211632ms
 189: 0.202058ms
 190: 0.207356ms
 191: 0.285290ms
 192: 0.198088ms
 193: 0.294019ms
 194: 0.207947ms
 195: 0.203833ms
 196: 0.205668ms
 197: 0.210125ms
 198: 0.209659ms
 199: 0.319229ms


Measurements
--------------------------
FFT Size            : 46^3
Threads             : 20
Batch               : 1
Iterations          : 200
Avg Tot Runtime     : 0.183130 ms
Runtime per batch   : 0.183130 ms
SD                  : 0.032688 ms
Q1                  : 0.167476 ms
Median              : 0.170668 ms
Q3                  : 0.177995 ms
