Expm 2: Streaming FFTW
FFTW Plan: Patient
-- Cannot import wisdom from ../../wisdom/singlenode/all/91/fftw_91_t38_b1.patient
-- Exporting wisdom file to ../../wisdom/singlenode/all/91/fftw_91_t38_b1.patient
Iteration: 0, 1, 2, 3, 4, 5, 6, 7, 8, 9, 10, 11, 12, 13, 14, 15, 16, 17, 18, 19, 20, 21, 22, 23, 24, 25, 26, 27, 28, 29, 30, 31, 32, 33, 34, 35, 36, 37, 38, 39, 40, 41, 42, 43, 44, 45, 46, 47, 48, 49, 
Printing individual runtimes:
 0: 0.573238ms
 1: 0.567736ms
 2: 1.578430ms
 3: 0.827399ms
 4: 0.819550ms
 5: 0.785488ms
 6: 0.904412ms
 7: 0.528257ms
 8: 0.523435ms
 9: 0.520065ms
 10: 0.530546ms
 11: 0.517275ms
 12: 0.550050ms
 13: 1.998799ms
 14: 0.531100ms
 15: 0.517540ms
 16: 0.518591ms
 17: 1.840796ms
 18: 0.921968ms
 19: 0.802621ms
 20: 0.843387ms
 21: 0.556435ms
 22: 0.547286ms
 23: 0.544832ms
 24: 0.556977ms
 25: 5.874924ms
 26: 0.858527ms
 27: 1.040074ms
 28: 0.875744ms
 29: 0.856985ms
 30: 0.558740ms
 31: 0.541936ms
 32: 0.540896ms
 33: 0.529816ms
 34: 0.588181ms
 35: 0.563197ms
 36: 0.975447ms
 37: 0.560296ms
 38: 0.553232ms
 39: 0.548478ms
 40: 0.553228ms
 41: 0.562962ms
 42: 0.558648ms
 43: 0.541437ms
 44: 0.537077ms
 45: 0.541173ms
 46: 0.535993ms
 47: 0.530817ms
 48: 0.545668ms
 49: 0.534343ms


Measurements
--------------------------
FFT Size            : 91^3
Threads             : 38
Batch               : 1
Iterations          : 50
Avg Tot Runtime     : 0.806281 ms
Runtime per batch   : 0.806281 ms
SD                  : 0.790443 ms
Throughput          : 0.016972 GFLOPs
Plan Time           : 3.786792 sec
