Expm 2: Streaming FFTW
FFTW Plan: Patient
-- Cannot import wisdom from ../../wisdom/singlenode/all/399/fftw_399_t38_b1.patient
-- Exporting wisdom file to ../../wisdom/singlenode/all/399/fftw_399_t38_b1.patient
Iteration: 0, 1, 2, 3, 4, 5, 6, 7, 8, 9, 10, 11, 12, 13, 14, 15, 16, 17, 18, 19, 20, 21, 22, 23, 24, 25, 26, 27, 28, 29, 30, 31, 32, 33, 34, 35, 36, 37, 38, 39, 40, 41, 42, 43, 44, 45, 46, 47, 48, 49, 
Printing individual runtimes:
 0: 84.261900ms
 1: 85.003625ms
 2: 85.666300ms
 3: 84.462060ms
 4: 84.039502ms
 5: 84.179464ms
 6: 84.440007ms
 7: 84.334351ms
 8: 230.309027ms
 9: 154.849249ms
 10: 143.968768ms
 11: 82.909330ms
 12: 82.856389ms
 13: 83.929661ms
 14: 85.952241ms
 15: 84.163704ms
 16: 84.051785ms
 17: 85.270773ms
 18: 90.112103ms
 19: 84.656862ms
 20: 84.004509ms
 21: 84.076222ms
 22: 83.660821ms
 23: 84.256098ms
 24: 83.940477ms
 25: 84.059018ms
 26: 83.848076ms
 27: 83.755832ms
 28: 84.106945ms
 29: 83.567433ms
 30: 84.211351ms
 31: 83.732391ms
 32: 83.764723ms
 33: 84.138093ms
 34: 83.984396ms
 35: 83.822695ms
 36: 84.054314ms
 37: 83.274166ms
 38: 83.887085ms
 39: 84.269170ms
 40: 92.710988ms
 41: 83.931139ms
 42: 84.046311ms
 43: 83.638804ms
 44: 83.732338ms
 45: 84.147994ms
 46: 84.054856ms
 47: 84.050075ms
 48: 83.959618ms
 49: 84.040401ms


Measurements
--------------------------
FFT Size            : 399^3
Threads             : 38
Batch               : 1
Iterations          : 50
Avg Tot Runtime     : 89.922869 ms
Runtime per batch   : 89.922869 ms
SD                  : 23.830974 ms
Throughput          : 5.258409 GFLOPs
Plan Time           : 133.195436 sec
