Expm 2: Streaming FFTW
FFTW Plan: Patient
-- Cannot import wisdom from ../../wisdom/singlenode/all/399/fftw_399_t37_b1.patient
-- Exporting wisdom file to ../../wisdom/singlenode/all/399/fftw_399_t37_b1.patient
Iteration: 0, 1, 2, 3, 4, 5, 6, 7, 8, 9, 10, 11, 12, 13, 14, 15, 16, 17, 18, 19, 20, 21, 22, 23, 24, 25, 26, 27, 28, 29, 30, 31, 32, 33, 34, 35, 36, 37, 38, 39, 40, 41, 42, 43, 44, 45, 46, 47, 48, 49, 
Printing individual runtimes:
 0: 94.729863ms
 1: 94.627347ms
 2: 178.955268ms
 3: 94.090722ms
 4: 94.547528ms
 5: 96.830021ms
 6: 257.348269ms
 7: 93.522947ms
 8: 93.667040ms
 9: 94.032336ms
 10: 94.337691ms
 11: 94.229258ms
 12: 182.769912ms
 13: 178.183482ms
 14: 176.429793ms
 15: 93.830877ms
 16: 94.787961ms
 17: 94.814024ms
 18: 94.345497ms
 19: 94.840616ms
 20: 94.721880ms
 21: 94.636359ms
 22: 94.836045ms
 23: 94.701946ms
 24: 100.908245ms
 25: 105.436115ms
 26: 176.463792ms
 27: 94.446992ms
 28: 96.212465ms
 29: 129.949469ms
 30: 94.367528ms
 31: 93.856925ms
 32: 94.371734ms
 33: 94.276351ms
 34: 93.686568ms
 35: 175.530272ms
 36: 148.828135ms
 37: 95.396513ms
 38: 95.459606ms
 39: 173.998335ms
 40: 96.102813ms
 41: 96.372109ms
 42: 98.465417ms
 43: 96.159957ms
 44: 96.217149ms
 45: 96.258509ms
 46: 96.182075ms
 47: 96.039828ms
 48: 118.019637ms
 49: 96.687654ms


Measurements
--------------------------
FFT Size            : 399^3
Threads             : 37
Batch               : 1
Iterations          : 50
Avg Tot Runtime     : 112.390217 ms
Runtime per batch   : 112.390217 ms
SD                  : 35.703579 ms
Throughput          : 5.587637 GFLOPs
Plan Time           : 120.747614 sec
