Expm 2: Streaming FFTW
FFTW Plan: Patient
-- Cannot import wisdom from ../../wisdom/singlenode/all/399/fftw_399_t36_b1.patient
-- Exporting wisdom file to ../../wisdom/singlenode/all/399/fftw_399_t36_b1.patient
Iteration: 0, 1, 2, 3, 4, 5, 6, 7, 8, 9, 10, 11, 12, 13, 14, 15, 16, 17, 18, 19, 20, 21, 22, 23, 24, 25, 26, 27, 28, 29, 30, 31, 32, 33, 34, 35, 36, 37, 38, 39, 40, 41, 42, 43, 44, 45, 46, 47, 48, 49, 
Printing individual runtimes:
 0: 84.134759ms
 1: 83.894546ms
 2: 84.134470ms
 3: 84.932459ms
 4: 84.574246ms
 5: 84.485517ms
 6: 83.825034ms
 7: 84.257725ms
 8: 82.433223ms
 9: 85.038094ms
 10: 84.165246ms
 11: 83.901024ms
 12: 84.489533ms
 13: 91.162431ms
 14: 84.762318ms
 15: 161.027545ms
 16: 82.995245ms
 17: 83.218635ms
 18: 85.194908ms
 19: 85.462815ms
 20: 85.410996ms
 21: 85.568672ms
 22: 84.574530ms
 23: 84.846602ms
 24: 94.409077ms
 25: 92.318034ms
 26: 96.691907ms
 27: 88.394560ms
 28: 83.733029ms
 29: 88.029771ms
 30: 85.995376ms
 31: 84.518002ms
 32: 85.307072ms
 33: 121.434758ms
 34: 82.417994ms
 35: 82.563461ms
 36: 83.738598ms
 37: 84.055943ms
 38: 84.525572ms
 39: 87.051906ms
 40: 84.169999ms
 41: 84.343879ms
 42: 84.193154ms
 43: 84.169969ms
 44: 84.206397ms
 45: 84.053171ms
 46: 84.141974ms
 47: 84.271933ms
 48: 94.567496ms
 49: 82.457680ms


Measurements
--------------------------
FFT Size            : 399^3
Threads             : 36
Batch               : 1
Iterations          : 50
Avg Tot Runtime     : 87.685026 ms
Runtime per batch   : 87.685026 ms
SD                  : 12.026990 ms
Throughput          : 5.258409 GFLOPs
Plan Time           : 128.149290 sec
