Expm 2: Streaming FFTW
FFTW Plan: Patient
-- Cannot import wisdom from ../../wisdom/singlenode/all/87/fftw_87_t37_b1.patient
-- Exporting wisdom file to ../../wisdom/singlenode/all/87/fftw_87_t37_b1.patient
Iteration: 0, 1, 2, 3, 4, 5, 6, 7, 8, 9, 10, 11, 12, 13, 14, 15, 16, 17, 18, 19, 20, 21, 22, 23, 24, 25, 26, 27, 28, 29, 30, 31, 32, 33, 34, 35, 36, 37, 38, 39, 40, 41, 42, 43, 44, 45, 46, 47, 48, 49, 
Printing individual runtimes:
 0: 1.446298ms
 1: 1.443360ms
 2: 1.437277ms
 3: 1.470314ms
 4: 1.422482ms
 5: 1.403802ms
 6: 1.403788ms
 7: 1.392027ms
 8: 1.651219ms
 9: 1.381416ms
 10: 1.419162ms
 11: 1.394096ms
 12: 1.427525ms
 13: 1.374340ms
 14: 1.398935ms
 15: 1.415597ms
 16: 1.382691ms
 17: 1.424608ms
 18: 1.413569ms
 19: 1.427633ms
 20: 1.381757ms
 21: 3.836229ms
 22: 1.384966ms
 23: 1.392002ms
 24: 1.398632ms
 25: 1.382351ms
 26: 1.386848ms
 27: 1.384247ms
 28: 1.393525ms
 29: 2.254868ms
 30: 1.377484ms
 31: 1.410577ms
 32: 1.390584ms
 33: 1.385871ms
 34: 1.422948ms
 35: 1.374887ms
 36: 1.371441ms
 37: 1.385198ms
 38: 2.598058ms
 39: 1.398707ms
 40: 1.464388ms
 41: 1.404499ms
 42: 1.421373ms
 43: 1.409846ms
 44: 1.415455ms
 45: 1.413133ms
 46: 1.378824ms
 47: 1.417852ms
 48: 1.441641ms
 49: 1.421806ms


Measurements
--------------------------
FFT Size            : 87^3
Threads             : 37
Batch               : 1
Iterations          : 50
Avg Tot Runtime     : 1.500603 ms
Runtime per batch   : 1.500603 ms
SD                  : 0.392078 ms
Throughput          : 0.067728 GFLOPs
Plan Time           : 14.148062 sec
