Expm 2: Streaming FFTW
FFTW Plan: Patient
-- Cannot import wisdom from ../../wisdom/singlenode/all/501/fftw_501_t40_b1.patient
-- Exporting wisdom file to ../../wisdom/singlenode/all/501/fftw_501_t40_b1.patient
Iteration: 0, 1, 2, 3, 4, 5, 6, 7, 8, 9, 10, 11, 12, 13, 14, 15, 16, 17, 18, 19, 20, 21, 22, 23, 24, 25, 26, 27, 28, 29, 30, 31, 32, 33, 34, 35, 36, 37, 38, 39, 40, 41, 42, 43, 44, 45, 46, 47, 48, 49, 
Printing individual runtimes:
 0: 422.937387ms
 1: 245.201630ms
 2: 245.173439ms
 3: 245.183330ms
 4: 245.245072ms
 5: 245.093339ms
 6: 245.239374ms
 7: 245.280212ms
 8: 245.313847ms
 9: 308.782861ms
 10: 245.117872ms
 11: 314.428583ms
 12: 245.308055ms
 13: 245.289385ms
 14: 246.718746ms
 15: 245.331506ms
 16: 371.547054ms
 17: 528.619747ms
 18: 379.542961ms
 19: 383.959888ms
 20: 253.257240ms
 21: 605.278329ms
 22: 423.177596ms
 23: 420.538147ms
 24: 434.560604ms
 25: 456.763557ms
 26: 433.855591ms
 27: 387.752726ms
 28: 246.910708ms
 29: 246.906139ms
 30: 247.018530ms
 31: 246.882147ms
 32: 246.926097ms
 33: 246.927452ms
 34: 285.053670ms
 35: 247.049608ms
 36: 246.923583ms
 37: 246.931986ms
 38: 247.058705ms
 39: 329.497292ms
 40: 578.039715ms
 41: 443.022467ms
 42: 446.610336ms
 43: 381.734308ms
 44: 251.975523ms
 45: 245.475637ms
 46: 312.729707ms
 47: 375.043887ms
 48: 314.483629ms
 49: 325.471647ms


Measurements
--------------------------
FFT Size            : 501^3
Threads             : 40
Batch               : 1
Iterations          : 50
Avg Tot Runtime     : 321.463417 ms
Runtime per batch   : 321.463417 ms
SD                  : 96.171044 ms
Throughput          : 18.554747 GFLOPs
Plan Time           : 470.297520 sec
