Expm 2: Streaming FFTW
FFTW Plan: Patient
-- Cannot import wisdom from ../../wisdom/singlenode/all/48/fftw_48_t40_b1.patient
-- Exporting wisdom file to ../../wisdom/singlenode/all/48/fftw_48_t40_b1.patient
Iteration: 0, 1, 2, 3, 4, 5, 6, 7, 8, 9, 10, 11, 12, 13, 14, 15, 16, 17, 18, 19, 20, 21, 22, 23, 24, 25, 26, 27, 28, 29, 30, 31, 32, 33, 34, 35, 36, 37, 38, 39, 40, 41, 42, 43, 44, 45, 46, 47, 48, 49, 
Printing individual runtimes:
 0: 0.223436ms
 1: 2.395655ms
 2: 0.579246ms
 3: 0.080638ms
 4: 0.075842ms
 5: 0.386784ms
 6: 0.167677ms
 7: 0.081365ms
 8: 0.084577ms
 9: 0.922237ms
 10: 0.079019ms
 11: 0.086142ms
 12: 0.075665ms
 13: 0.084977ms
 14: 0.088442ms
 15: 0.088793ms
 16: 0.583908ms
 17: 0.077745ms
 18: 0.078226ms
 19: 0.076802ms
 20: 0.084777ms
 21: 0.081037ms
 22: 0.075341ms
 23: 0.089326ms
 24: 0.291855ms
 25: 0.084153ms
 26: 0.086374ms
 27: 0.094631ms
 28: 0.078213ms
 29: 0.078121ms
 30: 0.082970ms
 31: 0.088773ms
 32: 0.079015ms
 33: 0.081745ms
 34: 0.077742ms
 35: 0.077006ms
 36: 0.077372ms
 37: 0.147682ms
 38: 0.168802ms
 39: 0.076338ms
 40: 0.079230ms
 41: 0.076324ms
 42: 0.077052ms
 43: 0.075595ms
 44: 0.078860ms
 45: 0.074953ms
 46: 0.085667ms
 47: 0.080122ms
 48: 0.076775ms
 49: 0.076278ms


Measurements
--------------------------
FFT Size            : 48^3
Threads             : 40
Batch               : 1
Iterations          : 50
Avg Tot Runtime     : 0.181986 ms
Runtime per batch   : 0.181986 ms
SD                  : 0.353140 ms
Throughput          : 0.000829 GFLOPs
Plan Time           : 16.362018 sec
