Expm 2: Streaming FFT

Printing individual runtimes:
 0: 0.156645ms
 1: 0.042756ms
 2: 0.030317ms
 3: 0.115345ms
 4: 0.041015ms
 5: 0.040005ms
 6: 0.034169ms
 7: 0.101759ms
 8: 0.041569ms
 9: 0.056384ms
 10: 0.058225ms
 11: 0.053090ms
 12: 0.036044ms
 13: 0.042098ms
 14: 0.105491ms
 15: 0.053384ms
 16: 0.039291ms
 17: 0.034016ms
 18: 0.039143ms
 19: 0.117623ms
 20: 0.032446ms
 21: 0.049177ms
 22: 0.046337ms
 23: 0.056590ms
 24: 0.046646ms
 25: 0.032578ms
 26: 0.034125ms
 27: 0.127456ms
 28: 0.047301ms
 29: 0.034830ms
 30: 0.039857ms
 31: 0.044884ms
 32: 0.032355ms
 33: 0.110278ms
 34: 0.031517ms
 35: 0.032191ms
 36: 0.055100ms
 37: 0.041392ms
 38: 0.032087ms
 39: 0.032795ms
 40: 0.049894ms
 41: 0.048758ms
 42: 0.032107ms
 43: 0.136811ms
 44: 0.032765ms
 45: 0.031722ms
 46: 0.032392ms
 47: 0.053348ms
 48: 0.033868ms
 49: 0.030654ms
 50: 0.049938ms
 51: 0.041434ms
 52: 0.032354ms
 53: 0.123557ms
 54: 0.043175ms
 55: 0.037080ms
 56: 0.034067ms
 57: 0.032152ms
 58: 0.068065ms
 59: 0.034211ms
 60: 0.040447ms
 61: 0.033890ms
 62: 0.050021ms
 63: 0.033803ms
 64: 0.036778ms
 65: 0.038765ms
 66: 0.039900ms
 67: 0.121741ms
 68: 0.042488ms
 69: 0.032089ms
 70: 0.031982ms
 71: 0.052858ms
 72: 0.033827ms
 73: 0.054501ms
 74: 0.034690ms
 75: 0.035095ms
 76: 0.031683ms
 77: 0.033230ms
 78: 0.048259ms
 79: 0.035967ms
 80: 0.102430ms
 81: 0.045963ms
 82: 0.031456ms
 83: 0.052255ms
 84: 0.036317ms
 85: 0.031369ms
 86: 0.033790ms
 87: 0.034528ms
 88: 0.032542ms
 89: 0.046370ms
 90: 0.053769ms
 91: 0.046796ms
 92: 0.032733ms
 93: 0.031165ms
 94: 0.030965ms
 95: 0.034232ms
 96: 0.031649ms
 97: 0.050620ms
 98: 0.043643ms
 99: 0.032027ms
 100: 0.031588ms
 101: 0.096261ms
 102: 0.047708ms
 103: 0.044450ms
 104: 0.041885ms
 105: 0.034235ms
 106: 0.031811ms
 107: 0.033535ms
 108: 0.033359ms
 109: 0.034618ms
 110: 0.055601ms
 111: 0.038768ms
 112: 0.041283ms
 113: 0.045393ms
 114: 0.035348ms
 115: 0.042759ms
 116: 0.033119ms
 117: 0.032749ms
 118: 0.030172ms
 119: 0.030566ms
 120: 0.033172ms
 121: 0.050687ms
 122: 0.031515ms
 123: 0.128602ms
 124: 0.033937ms
 125: 0.031993ms
 126: 0.046339ms
 127: 0.039732ms
 128: 0.036965ms
 129: 0.031451ms
 130: 0.032376ms
 131: 0.034063ms
 132: 0.033657ms
 133: 0.032173ms
 134: 0.041369ms
 135: 0.033166ms
 136: 0.041936ms
 137: 0.035141ms
 138: 0.032002ms
 139: 0.034152ms
 140: 0.048941ms
 141: 0.033200ms
 142: 0.031307ms
 143: 0.032609ms
 144: 0.035724ms
 145: 0.030128ms
 146: 0.033096ms
 147: 0.044601ms
 148: 0.043371ms
 149: 0.032128ms
 150: 0.031963ms
 151: 0.031059ms
 152: 0.045183ms
 153: 0.048633ms
 154: 0.042274ms
 155: 0.047139ms
 156: 0.034041ms
 157: 0.031990ms
 158: 0.059273ms
 159: 0.042386ms
 160: 0.035595ms
 161: 0.032505ms
 162: 0.032844ms
 163: 0.032472ms
 164: 0.121503ms
 165: 0.031887ms
 166: 0.043978ms
 167: 0.046877ms
 168: 0.036754ms
 169: 0.041628ms
 170: 0.032028ms
 171: 0.030110ms
 172: 0.033426ms
 173: 0.044527ms
 174: 0.032713ms
 175: 0.043982ms
 176: 0.032774ms
 177: 0.030801ms
 178: 0.042360ms
 179: 0.032683ms
 180: 0.043305ms
 181: 0.031197ms
 182: 0.045777ms
 183: 0.048330ms
 184: 0.039108ms
 185: 0.031270ms
 186: 0.048779ms
 187: 0.032694ms
 188: 0.047053ms
 189: 0.030614ms
 190: 0.041827ms
 191: 0.031566ms
 192: 0.034386ms
 193: 0.034127ms
 194: 0.030328ms
 195: 0.040779ms
 196: 0.038367ms
 197: 0.044654ms
 198: 0.030553ms
 199: 0.040929ms


-- Real : Q1: 50 Q2: 100 Q3: 150
-- Array: Q1: 49 Q2: 99 Q3: 149
Printing sorted runtimes:
 0: 0.030553ms
 1: 0.030128ms
 2: 0.030317ms
 3: 0.030172ms
 4: 0.030110ms
 5: 0.030328ms
 6: 0.032028ms
 7: 0.031515ms
 8: 0.031993ms
 9: 0.031588ms
 10: 0.031566ms
 11: 0.030614ms
 12: 0.032027ms
 13: 0.031963ms
 14: 0.031270ms
 15: 0.031451ms
 16: 0.031059ms
 17: 0.031649ms
 18: 0.030965ms
 19: 0.031197ms
 20: 0.030654ms
 21: 0.031990ms
 22: 0.030801ms
 23: 0.031165ms
 24: 0.031722ms
 25: 0.031982ms
 26: 0.031307ms
 27: 0.031683ms
 28: 0.030566ms
 29: 0.032002ms
 30: 0.031369ms
 31: 0.031811ms
 32: 0.031887ms
 33: 0.031456ms
 34: 0.031517ms
 35: 0.032355ms
 36: 0.032191ms
 37: 0.032152ms
 38: 0.032087ms
 39: 0.032128ms
 40: 0.032173ms
 41: 0.032354ms
 42: 0.032107ms
 43: 0.032089ms
 44: 0.032472ms
 45: 0.032376ms
 46: 0.032392ms
 47: 0.032446ms
 48: 0.032505ms
 49: 0.032542ms
 50: 0.032578ms
 51: 0.034016ms
 52: 0.032733ms
 53: 0.032694ms
 54: 0.032683ms
 55: 0.032749ms
 56: 0.032713ms
 57: 0.032609ms
 58: 0.033096ms
 59: 0.033119ms
 60: 0.033172ms
 61: 0.033890ms
 62: 0.033359ms
 63: 0.033803ms
 64: 0.033535ms
 65: 0.033937ms
 66: 0.032774ms
 67: 0.033657ms
 68: 0.033426ms
 69: 0.033868ms
 70: 0.032765ms
 71: 0.033790ms
 72: 0.033827ms
 73: 0.033200ms
 74: 0.033166ms
 75: 0.032795ms
 76: 0.032844ms
 77: 0.033230ms
 78: 0.035348ms
 79: 0.034211ms
 80: 0.035095ms
 81: 0.035141ms
 82: 0.034152ms
 83: 0.034690ms
 84: 0.034618ms
 85: 0.034169ms
 86: 0.034235ms
 87: 0.034528ms
 88: 0.034830ms
 89: 0.034041ms
 90: 0.034127ms
 91: 0.034063ms
 92: 0.034125ms
 93: 0.034386ms
 94: 0.034067ms
 95: 0.034232ms
 96: 0.036044ms
 97: 0.035967ms
 98: 0.035595ms
 99: 0.035724ms
 100: 0.036317ms
 101: 0.041392ms
 102: 0.036965ms
 103: 0.038367ms
 104: 0.038765ms
 105: 0.039108ms
 106: 0.038768ms
 107: 0.036778ms
 108: 0.037080ms
 109: 0.039143ms
 110: 0.039291ms
 111: 0.039857ms
 112: 0.039732ms
 113: 0.039900ms
 114: 0.040005ms
 115: 0.040779ms
 116: 0.040447ms
 117: 0.040929ms
 118: 0.036754ms
 119: 0.041369ms
 120: 0.041283ms
 121: 0.041015ms
 122: 0.043175ms
 123: 0.041827ms
 124: 0.041885ms
 125: 0.042759ms
 126: 0.042098ms
 127: 0.042488ms
 128: 0.042360ms
 129: 0.041434ms
 130: 0.042274ms
 131: 0.041628ms
 132: 0.041936ms
 133: 0.041569ms
 134: 0.042756ms
 135: 0.042386ms
 136: 0.045777ms
 137: 0.043982ms
 138: 0.043643ms
 139: 0.044527ms
 140: 0.043371ms
 141: 0.043305ms
 142: 0.045183ms
 143: 0.044450ms
 144: 0.044654ms
 145: 0.044884ms
 146: 0.043978ms
 147: 0.044601ms
 148: 0.045393ms
 149: 0.045963ms
 150: 0.046337ms
 151: 0.046646ms
 152: 0.046370ms
 153: 0.046339ms
 154: 0.046877ms
 155: 0.046796ms
 156: 0.047139ms
 157: 0.048633ms
 158: 0.048259ms
 159: 0.047301ms
 160: 0.047708ms
 161: 0.048758ms
 162: 0.048330ms
 163: 0.048779ms
 164: 0.047053ms
 165: 0.048941ms
 166: 0.053769ms
 167: 0.055100ms
 168: 0.110278ms
 169: 0.121503ms
 170: 0.049894ms
 171: 0.052255ms
 172: 0.059273ms
 173: 0.053348ms
 174: 0.049938ms
 175: 0.050620ms
 176: 0.056590ms
 177: 0.102430ms
 178: 0.096261ms
 179: 0.049177ms
 180: 0.123557ms
 181: 0.117623ms
 182: 0.068065ms
 183: 0.050021ms
 184: 0.053384ms
 185: 0.105491ms
 186: 0.121741ms
 187: 0.054501ms
 188: 0.052858ms
 189: 0.053090ms
 190: 0.115345ms
 191: 0.058225ms
 192: 0.056384ms
 193: 0.055601ms
 194: 0.101759ms
 195: 0.050687ms
 196: 0.128602ms
 197: 0.127456ms
 198: 0.136811ms
 199: 0.156645ms


Measurements
--------------------------
FFT Size            : 35^3
Threads             : 31
Batch               : 1
Iterations          : 200
Avg Tot Runtime     : 0.044295 ms
Runtime per batch   : 0.044295 ms
SD                  : 0.022148 ms
Q1                  : 0.032542 ms
Median              : 0.036021 ms
Q3                  : 0.045963 ms
