Expm 2: Streaming FFT

Printing individual runtimes:
 0: 0.132046ms
 1: 0.043691ms
 2: 0.041632ms
 3: 0.133047ms
 4: 0.039390ms
 5: 0.043877ms
 6: 0.043333ms
 7: 0.047483ms
 8: 0.046548ms
 9: 0.036387ms
 10: 0.139931ms
 11: 0.043256ms
 12: 0.033744ms
 13: 0.045824ms
 14: 0.136150ms
 15: 0.041476ms
 16: 0.044085ms
 17: 0.048444ms
 18: 0.052395ms
 19: 0.137245ms
 20: 0.053966ms
 21: 0.031959ms
 22: 0.036393ms
 23: 0.130074ms
 24: 0.049987ms
 25: 0.035430ms
 26: 0.051749ms
 27: 0.034306ms
 28: 0.045211ms
 29: 0.034300ms
 30: 0.043519ms
 31: 0.121575ms
 32: 0.047395ms
 33: 0.047828ms
 34: 0.033609ms
 35: 0.042980ms
 36: 0.049231ms
 37: 0.036608ms
 38: 0.135202ms
 39: 0.042150ms
 40: 0.031734ms
 41: 0.050776ms
 42: 0.043642ms
 43: 0.034759ms
 44: 0.043498ms
 45: 0.049955ms
 46: 0.128007ms
 47: 0.048681ms
 48: 0.052246ms
 49: 0.035658ms
 50: 0.033785ms
 51: 0.041934ms
 52: 0.036224ms
 53: 0.042594ms
 54: 0.044812ms
 55: 0.045738ms
 56: 0.045132ms
 57: 0.044466ms
 58: 0.039264ms
 59: 0.039474ms
 60: 0.126751ms
 61: 0.055142ms
 62: 0.047906ms
 63: 0.037815ms
 64: 0.043898ms
 65: 0.042714ms
 66: 0.043113ms
 67: 0.041981ms
 68: 0.045952ms
 69: 0.051344ms
 70: 0.034124ms
 71: 0.044934ms
 72: 0.043192ms
 73: 0.052557ms
 74: 0.044527ms
 75: 0.050639ms
 76: 0.043154ms
 77: 0.034783ms
 78: 0.051323ms
 79: 0.049352ms
 80: 0.033893ms
 81: 0.043302ms
 82: 0.055855ms
 83: 0.043369ms
 84: 0.044994ms
 85: 0.041197ms
 86: 0.035109ms
 87: 0.049971ms
 88: 0.033455ms
 89: 0.042804ms
 90: 0.033848ms
 91: 0.136311ms
 92: 0.043789ms
 93: 0.048418ms
 94: 0.043711ms
 95: 0.047336ms
 96: 0.063617ms
 97: 0.041507ms
 98: 0.045377ms
 99: 0.038554ms
 100: 0.047243ms
 101: 0.139619ms
 102: 0.055069ms
 103: 0.058205ms
 104: 0.046520ms
 105: 0.044767ms
 106: 0.042154ms
 107: 0.044564ms
 108: 0.035733ms
 109: 0.034074ms
 110: 0.044838ms
 111: 0.039398ms
 112: 0.041247ms
 113: 0.041142ms
 114: 0.045400ms
 115: 0.046676ms
 116: 0.034639ms
 117: 0.044761ms
 118: 0.035504ms
 119: 0.045098ms
 120: 0.047572ms
 121: 0.056029ms
 122: 0.048985ms
 123: 0.048374ms
 124: 0.049044ms
 125: 0.051301ms
 126: 0.056204ms
 127: 0.041115ms
 128: 0.032929ms
 129: 0.041976ms
 130: 0.045336ms
 131: 0.033587ms
 132: 0.044440ms
 133: 0.043138ms
 134: 0.042297ms
 135: 0.051910ms
 136: 0.049477ms
 137: 0.048093ms
 138: 0.033324ms
 139: 0.047028ms
 140: 0.044714ms
 141: 0.053661ms
 142: 0.052960ms
 143: 0.042810ms
 144: 0.044893ms
 145: 0.032954ms
 146: 0.032997ms
 147: 0.042572ms
 148: 0.033421ms
 149: 0.044551ms
 150: 0.052381ms
 151: 0.049809ms
 152: 0.042023ms
 153: 0.050738ms
 154: 0.051751ms
 155: 0.046792ms
 156: 0.044982ms
 157: 0.040280ms
 158: 0.048916ms
 159: 0.048903ms
 160: 0.035826ms
 161: 0.056116ms
 162: 0.047072ms
 163: 0.041849ms
 164: 0.049779ms
 165: 0.033476ms
 166: 0.042523ms
 167: 0.043690ms
 168: 0.042664ms
 169: 0.042722ms
 170: 0.042792ms
 171: 0.043579ms
 172: 0.045273ms
 173: 0.046475ms
 174: 0.049079ms
 175: 0.062436ms
 176: 0.050271ms
 177: 0.051461ms
 178: 0.051430ms
 179: 0.046061ms
 180: 0.035611ms
 181: 0.047004ms
 182: 0.038113ms
 183: 0.052977ms
 184: 0.040273ms
 185: 0.039875ms
 186: 0.048061ms
 187: 0.048938ms
 188: 0.055367ms
 189: 0.034213ms
 190: 0.044431ms
 191: 0.033510ms
 192: 0.044719ms
 193: 0.033232ms
 194: 0.038969ms
 195: 0.045541ms
 196: 0.035646ms
 197: 0.045607ms
 198: 0.044128ms
 199: 0.040377ms


-- Real : Q1: 50 Q2: 100 Q3: 150
-- Array: Q1: 49 Q2: 99 Q3: 149
Printing sorted runtimes:
 0: 0.040377ms
 1: 0.033455ms
 2: 0.035109ms
 3: 0.035646ms
 4: 0.039390ms
 5: 0.038969ms
 6: 0.033848ms
 7: 0.033232ms
 8: 0.033510ms
 9: 0.036387ms
 10: 0.034213ms
 11: 0.033893ms
 12: 0.033744ms
 13: 0.039875ms
 14: 0.040273ms
 15: 0.038554ms
 16: 0.038113ms
 17: 0.035611ms
 18: 0.034783ms
 19: 0.035733ms
 20: 0.034074ms
 21: 0.031959ms
 22: 0.036393ms
 23: 0.039398ms
 24: 0.034124ms
 25: 0.035430ms
 26: 0.034639ms
 27: 0.034306ms
 28: 0.033476ms
 29: 0.034300ms
 30: 0.037815ms
 31: 0.035504ms
 32: 0.035826ms
 33: 0.040280ms
 34: 0.033609ms
 35: 0.032929ms
 36: 0.039474ms
 37: 0.036608ms
 38: 0.033421ms
 39: 0.039264ms
 40: 0.031734ms
 41: 0.033587ms
 42: 0.036224ms
 43: 0.034759ms
 44: 0.033785ms
 45: 0.032997ms
 46: 0.032954ms
 47: 0.035658ms
 48: 0.033324ms
 49: 0.041115ms
 50: 0.041142ms
 51: 0.044564ms
 52: 0.041632ms
 53: 0.041476ms
 54: 0.041981ms
 55: 0.041507ms
 56: 0.041197ms
 57: 0.041976ms
 58: 0.041849ms
 59: 0.041247ms
 60: 0.042154ms
 61: 0.042023ms
 62: 0.042150ms
 63: 0.042572ms
 64: 0.042523ms
 65: 0.042297ms
 66: 0.042594ms
 67: 0.042664ms
 68: 0.042714ms
 69: 0.042722ms
 70: 0.042792ms
 71: 0.042804ms
 72: 0.042980ms
 73: 0.042810ms
 74: 0.043113ms
 75: 0.043192ms
 76: 0.043154ms
 77: 0.043369ms
 78: 0.043498ms
 79: 0.043138ms
 80: 0.043256ms
 81: 0.043302ms
 82: 0.043333ms
 83: 0.043579ms
 84: 0.043690ms
 85: 0.043519ms
 86: 0.043642ms
 87: 0.043691ms
 88: 0.044551ms
 89: 0.044440ms
 90: 0.044128ms
 91: 0.044466ms
 92: 0.043789ms
 93: 0.044085ms
 94: 0.043711ms
 95: 0.041934ms
 96: 0.043898ms
 97: 0.044431ms
 98: 0.044527ms
 99: 0.043877ms
 100: 0.044714ms
 101: 0.045607ms
 102: 0.044761ms
 103: 0.044893ms
 104: 0.044934ms
 105: 0.044767ms
 106: 0.044812ms
 107: 0.044838ms
 108: 0.044982ms
 109: 0.045273ms
 110: 0.045211ms
 111: 0.044994ms
 112: 0.045098ms
 113: 0.045132ms
 114: 0.045336ms
 115: 0.044719ms
 116: 0.045541ms
 117: 0.045400ms
 118: 0.045377ms
 119: 0.047828ms
 120: 0.045952ms
 121: 0.047028ms
 122: 0.046061ms
 123: 0.046792ms
 124: 0.045738ms
 125: 0.046520ms
 126: 0.045824ms
 127: 0.046548ms
 128: 0.047004ms
 129: 0.046475ms
 130: 0.047072ms
 131: 0.047483ms
 132: 0.047336ms
 133: 0.047395ms
 134: 0.046676ms
 135: 0.047243ms
 136: 0.047572ms
 137: 0.048985ms
 138: 0.048903ms
 139: 0.048061ms
 140: 0.048374ms
 141: 0.048444ms
 142: 0.048916ms
 143: 0.048681ms
 144: 0.047906ms
 145: 0.048938ms
 146: 0.048418ms
 147: 0.048093ms
 148: 0.049079ms
 149: 0.049044ms
 150: 0.049231ms
 151: 0.049352ms
 152: 0.049779ms
 153: 0.049477ms
 154: 0.049809ms
 155: 0.049971ms
 156: 0.049955ms
 157: 0.049987ms
 158: 0.050639ms
 159: 0.051301ms
 160: 0.050738ms
 161: 0.050776ms
 162: 0.050271ms
 163: 0.121575ms
 164: 0.056116ms
 165: 0.051751ms
 166: 0.051749ms
 167: 0.052381ms
 168: 0.130074ms
 169: 0.053966ms
 170: 0.137245ms
 171: 0.052395ms
 172: 0.135202ms
 173: 0.128007ms
 174: 0.052960ms
 175: 0.062436ms
 176: 0.053661ms
 177: 0.051461ms
 178: 0.051430ms
 179: 0.052246ms
 180: 0.051910ms
 181: 0.126751ms
 182: 0.055142ms
 183: 0.052977ms
 184: 0.136150ms
 185: 0.056204ms
 186: 0.056029ms
 187: 0.051344ms
 188: 0.055367ms
 189: 0.139931ms
 190: 0.052557ms
 191: 0.058205ms
 192: 0.055069ms
 193: 0.139619ms
 194: 0.051323ms
 195: 0.063617ms
 196: 0.133047ms
 197: 0.136311ms
 198: 0.055855ms
 199: 0.132046ms


Measurements
--------------------------
FFT Size            : 35^3
Threads             : 27
Batch               : 1
Iterations          : 200
Avg Tot Runtime     : 0.049348 ms
Runtime per batch   : 0.049348 ms
SD                  : 0.022068 ms
Q1                  : 0.041115 ms
Median              : 0.044295 ms
Q3                  : 0.049044 ms
