Expm 2: Streaming FFT

Printing individual runtimes:
 0: 0.156600ms
 1: 0.047946ms
 2: 0.043382ms
 3: 0.093060ms
 4: 0.043176ms
 5: 0.083198ms
 6: 0.040741ms
 7: 0.085314ms
 8: 0.033962ms
 9: 0.033233ms
 10: 0.031970ms
 11: 0.096954ms
 12: 0.044641ms
 13: 0.046996ms
 14: 0.101501ms
 15: 0.048221ms
 16: 0.090747ms
 17: 0.048576ms
 18: 0.046303ms
 19: 0.091949ms
 20: 0.031953ms
 21: 0.047415ms
 22: 0.034496ms
 23: 0.089750ms
 24: 0.034359ms
 25: 0.032403ms
 26: 0.034009ms
 27: 0.084306ms
 28: 0.031794ms
 29: 0.047998ms
 30: 0.048019ms
 31: 0.080059ms
 32: 0.047471ms
 33: 0.046234ms
 34: 0.100315ms
 35: 0.047653ms
 36: 0.091819ms
 37: 0.046374ms
 38: 0.049972ms
 39: 0.031136ms
 40: 0.033476ms
 41: 0.089449ms
 42: 0.033884ms
 43: 0.032077ms
 44: 0.081574ms
 45: 0.033475ms
 46: 0.031369ms
 47: 0.034890ms
 48: 0.046118ms
 49: 0.047603ms
 50: 0.032812ms
 51: 0.110484ms
 52: 0.033332ms
 53: 0.033645ms
 54: 0.054805ms
 55: 0.045859ms
 56: 0.031759ms
 57: 0.105016ms
 58: 0.047344ms
 59: 0.045252ms
 60: 0.032305ms
 61: 0.044717ms
 62: 0.047709ms
 63: 0.035117ms
 64: 0.086486ms
 65: 0.032442ms
 66: 0.032581ms
 67: 0.044092ms
 68: 0.032763ms
 69: 0.031814ms
 70: 0.093092ms
 71: 0.032846ms
 72: 0.057407ms
 73: 0.046255ms
 74: 0.046162ms
 75: 0.033337ms
 76: 0.045245ms
 77: 0.090969ms
 78: 0.032915ms
 79: 0.036909ms
 80: 0.030788ms
 81: 0.034440ms
 82: 0.031312ms
 83: 0.038529ms
 84: 0.031551ms
 85: 0.031562ms
 86: 0.034748ms
 87: 0.031499ms
 88: 0.094277ms
 89: 0.032899ms
 90: 0.034008ms
 91: 0.049645ms
 92: 0.046659ms
 93: 0.032183ms
 94: 0.047963ms
 95: 0.029842ms
 96: 0.031926ms
 97: 0.048499ms
 98: 0.044849ms
 99: 0.047149ms
 100: 0.050309ms
 101: 0.046718ms
 102: 0.047766ms
 103: 0.090680ms
 104: 0.048792ms
 105: 0.047379ms
 106: 0.030462ms
 107: 0.046977ms
 108: 0.048339ms
 109: 0.046057ms
 110: 0.047640ms
 111: 0.030953ms
 112: 0.049052ms
 113: 0.036593ms
 114: 0.030457ms
 115: 0.047466ms
 116: 0.090758ms
 117: 0.044856ms
 118: 0.031937ms
 119: 0.030890ms
 120: 0.049761ms
 121: 0.030256ms
 122: 0.031846ms
 123: 0.032221ms
 124: 0.047907ms
 125: 0.037999ms
 126: 0.030940ms
 127: 0.032879ms
 128: 0.031814ms
 129: 0.035132ms
 130: 0.032465ms
 131: 0.032705ms
 132: 0.078474ms
 133: 0.046851ms
 134: 0.045911ms
 135: 0.045904ms
 136: 0.035329ms
 137: 0.045687ms
 138: 0.048254ms
 139: 0.034588ms
 140: 0.033840ms
 141: 0.047274ms
 142: 0.048017ms
 143: 0.047227ms
 144: 0.048002ms
 145: 0.042663ms
 146: 0.048669ms
 147: 0.045290ms
 148: 0.032576ms
 149: 0.091309ms
 150: 0.031540ms
 151: 0.047887ms
 152: 0.048520ms
 153: 0.033128ms
 154: 0.031394ms
 155: 0.051743ms
 156: 0.050792ms
 157: 0.076973ms
 158: 0.030480ms
 159: 0.031634ms
 160: 0.045590ms
 161: 0.033565ms
 162: 0.033742ms
 163: 0.045410ms
 164: 0.032078ms
 165: 0.030281ms
 166: 0.031063ms
 167: 0.031312ms
 168: 0.034539ms
 169: 0.032526ms
 170: 0.046067ms
 171: 0.046301ms
 172: 0.045520ms
 173: 0.046137ms
 174: 0.045060ms
 175: 0.046587ms
 176: 0.051113ms
 177: 0.032683ms
 178: 0.046012ms
 179: 0.031118ms
 180: 0.049282ms
 181: 0.088922ms
 182: 0.048861ms
 183: 0.032960ms
 184: 0.066235ms
 185: 0.041752ms
 186: 0.030029ms
 187: 0.031558ms
 188: 0.044983ms
 189: 0.035686ms
 190: 0.045191ms
 191: 0.030194ms
 192: 0.031734ms
 193: 0.046694ms
 194: 0.083776ms
 195: 0.032398ms
 196: 0.045812ms
 197: 0.032228ms
 198: 0.034447ms
 199: 0.608936ms


-- Real : Q1: 50 Q2: 100 Q3: 150
-- Array: Q1: 49 Q2: 99 Q3: 149
Printing sorted runtimes:
 0: 0.032078ms
 1: 0.031634ms
 2: 0.030480ms
 3: 0.030281ms
 4: 0.031063ms
 5: 0.031312ms
 6: 0.031394ms
 7: 0.031540ms
 8: 0.031814ms
 9: 0.030940ms
 10: 0.031970ms
 11: 0.031846ms
 12: 0.030256ms
 13: 0.030890ms
 14: 0.031937ms
 15: 0.030457ms
 16: 0.031734ms
 17: 0.030953ms
 18: 0.030462ms
 19: 0.030194ms
 20: 0.031953ms
 21: 0.031926ms
 22: 0.029842ms
 23: 0.031499ms
 24: 0.031562ms
 25: 0.031551ms
 26: 0.031312ms
 27: 0.030788ms
 28: 0.031794ms
 29: 0.031814ms
 30: 0.031118ms
 31: 0.031759ms
 32: 0.031369ms
 33: 0.032077ms
 34: 0.031558ms
 35: 0.031136ms
 36: 0.030029ms
 37: 0.032398ms
 38: 0.032305ms
 39: 0.032183ms
 40: 0.032228ms
 41: 0.032221ms
 42: 0.032442ms
 43: 0.032403ms
 44: 0.032581ms
 45: 0.032465ms
 46: 0.032576ms
 47: 0.032526ms
 48: 0.032683ms
 49: 0.032705ms
 50: 0.032763ms
 51: 0.042663ms
 52: 0.032960ms
 53: 0.032879ms
 54: 0.032915ms
 55: 0.032899ms
 56: 0.032846ms
 57: 0.033128ms
 58: 0.033337ms
 59: 0.033332ms
 60: 0.033233ms
 61: 0.033475ms
 62: 0.033476ms
 63: 0.033565ms
 64: 0.034008ms
 65: 0.035117ms
 66: 0.035132ms
 67: 0.036593ms
 68: 0.033742ms
 69: 0.033840ms
 70: 0.034539ms
 71: 0.033962ms
 72: 0.034588ms
 73: 0.035329ms
 74: 0.034496ms
 75: 0.033645ms
 76: 0.034447ms
 77: 0.034748ms
 78: 0.034890ms
 79: 0.034359ms
 80: 0.035686ms
 81: 0.034440ms
 82: 0.034009ms
 83: 0.033884ms
 84: 0.038529ms
 85: 0.036909ms
 86: 0.032812ms
 87: 0.041752ms
 88: 0.037999ms
 89: 0.040741ms
 90: 0.045060ms
 91: 0.044856ms
 92: 0.044717ms
 93: 0.044641ms
 94: 0.044983ms
 95: 0.044092ms
 96: 0.043176ms
 97: 0.043382ms
 98: 0.044849ms
 99: 0.045191ms
 100: 0.045245ms
 101: 0.046659ms
 102: 0.045410ms
 103: 0.045290ms
 104: 0.045520ms
 105: 0.045590ms
 106: 0.046303ms
 107: 0.045252ms
 108: 0.046234ms
 109: 0.046057ms
 110: 0.046137ms
 111: 0.046118ms
 112: 0.045859ms
 113: 0.045812ms
 114: 0.046012ms
 115: 0.046587ms
 116: 0.046067ms
 117: 0.046301ms
 118: 0.046162ms
 119: 0.046374ms
 120: 0.045687ms
 121: 0.046255ms
 122: 0.045911ms
 123: 0.045904ms
 124: 0.047274ms
 125: 0.046996ms
 126: 0.046851ms
 127: 0.046694ms
 128: 0.047149ms
 129: 0.046977ms
 130: 0.047227ms
 131: 0.046718ms
 132: 0.047415ms
 133: 0.047344ms
 134: 0.047379ms
 135: 0.047766ms
 136: 0.047653ms
 137: 0.047640ms
 138: 0.047471ms
 139: 0.047466ms
 140: 0.047709ms
 141: 0.047603ms
 142: 0.047946ms
 143: 0.047907ms
 144: 0.047887ms
 145: 0.048019ms
 146: 0.047963ms
 147: 0.047998ms
 148: 0.048017ms
 149: 0.048002ms
 150: 0.048221ms
 151: 0.048254ms
 152: 0.048339ms
 153: 0.048499ms
 154: 0.048520ms
 155: 0.048792ms
 156: 0.048669ms
 157: 0.048576ms
 158: 0.048861ms
 159: 0.049282ms
 160: 0.049052ms
 161: 0.049761ms
 162: 0.049972ms
 163: 0.049645ms
 164: 0.050309ms
 165: 0.076973ms
 166: 0.050792ms
 167: 0.051743ms
 168: 0.091309ms
 169: 0.078474ms
 170: 0.090758ms
 171: 0.090680ms
 172: 0.156600ms
 173: 0.094277ms
 174: 0.090969ms
 175: 0.057407ms
 176: 0.051113ms
 177: 0.093092ms
 178: 0.086486ms
 179: 0.105016ms
 180: 0.054805ms
 181: 0.088922ms
 182: 0.110484ms
 183: 0.081574ms
 184: 0.066235ms
 185: 0.089449ms
 186: 0.091819ms
 187: 0.100315ms
 188: 0.080059ms
 189: 0.084306ms
 190: 0.089750ms
 191: 0.091949ms
 192: 0.090747ms
 193: 0.101501ms
 194: 0.083776ms
 195: 0.096954ms
 196: 0.085314ms
 197: 0.083198ms
 198: 0.093060ms
 199: 0.608936ms


Measurements
--------------------------
FFT Size            : 35^3
Threads             : 33
Batch               : 1
Iterations          : 200
Avg Tot Runtime     : 0.050140 ms
Runtime per batch   : 0.050140 ms
SD                  : 0.044562 ms
Q1                  : 0.032705 ms
Median              : 0.045218 ms
Q3                  : 0.048002 ms
