Expm 2: Streaming FFTW
FFTW Plan: Patient
-- Cannot import wisdom from ../../wisdom/singlenode/all/485/fftw_485_t36_b1.patient
-- Exporting wisdom file to ../../wisdom/singlenode/all/485/fftw_485_t36_b1.patient
Iteration: 0, 1, 2, 3, 4, 5, 6, 7, 8, 9, 10, 11, 12, 13, 14, 15, 16, 17, 18, 19, 20, 21, 22, 23, 24, 25, 26, 27, 28, 29, 30, 31, 32, 33, 34, 35, 36, 37, 38, 39, 40, 41, 42, 43, 44, 45, 46, 47, 48, 49, 
Printing individual runtimes:
 0: 531.562131ms
 1: 376.486982ms
 2: 225.993594ms
 3: 406.312250ms
 4: 405.867336ms
 5: 224.791021ms
 6: 227.879186ms
 7: 229.258091ms
 8: 460.102839ms
 9: 260.001065ms
 10: 452.906075ms
 11: 330.938303ms
 12: 232.940086ms
 13: 389.412735ms
 14: 225.376365ms
 15: 226.787828ms
 16: 465.816371ms
 17: 248.268337ms
 18: 275.402251ms
 19: 220.055423ms
 20: 219.259637ms
 21: 218.882222ms
 22: 219.247181ms
 23: 219.315905ms
 24: 380.216373ms
 25: 221.549713ms
 26: 425.990909ms
 27: 442.416171ms
 28: 312.442092ms
 29: 222.016406ms
 30: 219.546972ms
 31: 300.785167ms
 32: 320.022417ms
 33: 223.738201ms
 34: 223.452686ms
 35: 223.457481ms
 36: 224.123319ms
 37: 225.700045ms
 38: 227.423840ms
 39: 224.284389ms
 40: 384.159835ms
 41: 219.901553ms
 42: 226.010729ms
 43: 222.829091ms
 44: 224.717160ms
 45: 225.470360ms
 46: 224.818684ms
 47: 225.033530ms
 48: 224.614589ms
 49: 225.490425ms


Measurements
--------------------------
FFT Size            : 485^3
Threads             : 36
Batch               : 1
Iterations          : 50
Avg Tot Runtime     : 282.261507 ms
Runtime per batch   : 282.261507 ms
SD                  : 87.886417 ms
Throughput          : 16.130319 GFLOPs
Plan Time           : 233.072028 sec
