Expm 2: Streaming FFT

Printing individual runtimes:
 0: 0.708179ms
 1: 0.491631ms
 2: 0.504099ms
 3: 0.635049ms
 4: 0.502607ms
 5: 0.502971ms
 6: 0.539697ms
 7: 0.496052ms
 8: 0.536562ms
 9: 0.503011ms
 10: 0.640088ms
 11: 0.506113ms
 12: 0.497120ms
 13: 0.526926ms
 14: 0.651331ms
 15: 0.542995ms
 16: 0.509214ms
 17: 0.497223ms
 18: 0.497808ms
 19: 0.655145ms
 20: 0.499630ms
 21: 0.543508ms
 22: 0.525749ms
 23: 0.498577ms
 24: 0.656726ms
 25: 0.529890ms
 26: 0.505565ms
 27: 0.494846ms
 28: 0.502308ms
 29: 0.652032ms
 30: 0.504543ms
 31: 0.501050ms
 32: 0.511987ms
 33: 0.502360ms
 34: 0.535643ms
 35: 0.516640ms
 36: 0.654288ms
 37: 0.498883ms
 38: 0.495645ms
 39: 0.510996ms
 40: 0.493309ms
 41: 0.525692ms
 42: 0.554715ms
 43: 0.640475ms
 44: 0.500108ms
 45: 0.537376ms
 46: 0.502470ms
 47: 0.495144ms
 48: 0.509539ms
 49: 0.501056ms
 50: 0.533906ms
 51: 0.506933ms
 52: 0.503031ms
 53: 0.503925ms
 54: 0.547306ms
 55: 0.506496ms
 56: 0.525034ms
 57: 0.492919ms
 58: 0.534175ms
 59: 0.502399ms
 60: 0.539346ms
 61: 0.595994ms
 62: 0.538235ms
 63: 0.503196ms
 64: 0.525429ms
 65: 0.520272ms
 66: 0.511523ms
 67: 0.503103ms
 68: 0.649936ms
 69: 0.546723ms
 70: 0.531455ms
 71: 0.561144ms
 72: 0.530229ms
 73: 0.507181ms
 74: 0.495476ms
 75: 0.552403ms
 76: 0.542315ms
 77: 0.493089ms
 78: 0.501515ms
 79: 0.502740ms
 80: 0.497318ms
 81: 0.507189ms
 82: 0.497849ms
 83: 0.549709ms
 84: 0.506931ms
 85: 0.490296ms
 86: 0.530777ms
 87: 0.505128ms
 88: 0.502320ms
 89: 0.499080ms
 90: 0.518951ms
 91: 0.649043ms
 92: 0.503202ms
 93: 0.501890ms
 94: 0.523786ms
 95: 0.519593ms
 96: 0.503366ms
 97: 0.500558ms
 98: 0.549507ms
 99: 0.506969ms
 100: 0.547284ms
 101: 0.497295ms
 102: 0.558849ms
 103: 0.506240ms
 104: 0.551248ms
 105: 0.530872ms
 106: 0.528744ms
 107: 0.500161ms
 108: 0.531970ms
 109: 0.538268ms
 110: 0.527373ms
 111: 0.534840ms
 112: 0.498964ms
 113: 0.507820ms
 114: 0.547181ms
 115: 0.506408ms
 116: 0.495095ms
 117: 0.657836ms
 118: 0.527180ms
 119: 0.535101ms
 120: 0.496219ms
 121: 0.523002ms
 122: 0.502743ms
 123: 0.520337ms
 124: 0.494887ms
 125: 0.531673ms
 126: 0.530050ms
 127: 0.494726ms
 128: 0.505627ms
 129: 0.491437ms
 130: 0.496860ms
 131: 0.507106ms
 132: 0.552391ms
 133: 0.497465ms
 134: 0.506644ms
 135: 0.552740ms
 136: 0.490931ms
 137: 0.494190ms
 138: 0.535483ms
 139: 0.504330ms
 140: 0.502516ms
 141: 0.499249ms
 142: 0.520855ms
 143: 0.502459ms
 144: 0.492364ms
 145: 0.500774ms
 146: 0.532489ms
 147: 0.490096ms
 148: 0.503879ms
 149: 0.498935ms
 150: 0.507130ms
 151: 0.530523ms
 152: 0.549779ms
 153: 0.494009ms
 154: 0.534321ms
 155: 0.496155ms
 156: 0.495104ms
 157: 0.531116ms
 158: 0.496197ms
 159: 0.522095ms
 160: 0.661516ms
 161: 0.495432ms
 162: 0.549046ms
 163: 0.504275ms
 164: 0.494115ms
 165: 0.530011ms
 166: 0.504040ms
 167: 0.502211ms
 168: 0.499460ms
 169: 0.499709ms
 170: 0.537378ms
 171: 0.495593ms
 172: 0.512244ms
 173: 0.499098ms
 174: 0.528722ms
 175: 0.530085ms
 176: 0.497746ms
 177: 0.527918ms
 178: 0.492246ms
 179: 0.539111ms
 180: 0.521962ms
 181: 0.494740ms
 182: 0.530408ms
 183: 0.504360ms
 184: 0.499176ms
 185: 0.522343ms
 186: 0.497955ms
 187: 0.499819ms
 188: 0.547249ms
 189: 0.527996ms
 190: 0.531469ms
 191: 0.500444ms
 192: 0.491363ms
 193: 0.509549ms
 194: 0.523971ms
 195: 0.508113ms
 196: 0.498545ms
 197: 0.493046ms
 198: 0.511444ms
 199: 0.494681ms


-- Real : Q1: 50 Q2: 100 Q3: 150
-- Array: Q1: 49 Q2: 99 Q3: 149
Printing sorted runtimes:
 0: 0.494681ms
 1: 0.491631ms
 2: 0.493046ms
 3: 0.491363ms
 4: 0.492246ms
 5: 0.494115ms
 6: 0.494009ms
 7: 0.490096ms
 8: 0.492364ms
 9: 0.494190ms
 10: 0.490931ms
 11: 0.491437ms
 12: 0.490296ms
 13: 0.493089ms
 14: 0.492919ms
 15: 0.493309ms
 16: 0.499098ms
 17: 0.497223ms
 18: 0.497808ms
 19: 0.498935ms
 20: 0.496052ms
 21: 0.496155ms
 22: 0.495104ms
 23: 0.498577ms
 24: 0.498545ms
 25: 0.496197ms
 26: 0.497465ms
 27: 0.494846ms
 28: 0.496860ms
 29: 0.494726ms
 30: 0.494887ms
 31: 0.496219ms
 32: 0.495432ms
 33: 0.495095ms
 34: 0.498964ms
 35: 0.497295ms
 36: 0.495593ms
 37: 0.498883ms
 38: 0.495645ms
 39: 0.499080ms
 40: 0.497120ms
 41: 0.497849ms
 42: 0.497318ms
 43: 0.495476ms
 44: 0.497746ms
 45: 0.494740ms
 46: 0.497955ms
 47: 0.495144ms
 48: 0.499176ms
 49: 0.499249ms
 50: 0.499460ms
 51: 0.502740ms
 52: 0.499630ms
 53: 0.500444ms
 54: 0.499819ms
 55: 0.500108ms
 56: 0.500161ms
 57: 0.500558ms
 58: 0.500774ms
 59: 0.501050ms
 60: 0.501056ms
 61: 0.502399ms
 62: 0.499709ms
 63: 0.502470ms
 64: 0.502459ms
 65: 0.502211ms
 66: 0.502516ms
 67: 0.501890ms
 68: 0.502607ms
 69: 0.502320ms
 70: 0.502360ms
 71: 0.501515ms
 72: 0.502308ms
 73: 0.506644ms
 74: 0.505565ms
 75: 0.506113ms
 76: 0.505627ms
 77: 0.504543ms
 78: 0.506496ms
 79: 0.504099ms
 80: 0.502743ms
 81: 0.503879ms
 82: 0.504275ms
 83: 0.503011ms
 84: 0.503196ms
 85: 0.503925ms
 86: 0.506408ms
 87: 0.505128ms
 88: 0.504330ms
 89: 0.502971ms
 90: 0.504040ms
 91: 0.503031ms
 92: 0.503202ms
 93: 0.503103ms
 94: 0.504360ms
 95: 0.506240ms
 96: 0.503366ms
 97: 0.506933ms
 98: 0.506931ms
 99: 0.506969ms
 100: 0.507106ms
 101: 0.508113ms
 102: 0.507181ms
 103: 0.507820ms
 104: 0.507189ms
 105: 0.507130ms
 106: 0.528722ms
 107: 0.509214ms
 108: 0.512244ms
 109: 0.518951ms
 110: 0.527373ms
 111: 0.511444ms
 112: 0.523971ms
 113: 0.522343ms
 114: 0.510996ms
 115: 0.525034ms
 116: 0.521962ms
 117: 0.525692ms
 118: 0.527180ms
 119: 0.511987ms
 120: 0.523786ms
 121: 0.523002ms
 122: 0.525429ms
 123: 0.520337ms
 124: 0.526926ms
 125: 0.519593ms
 126: 0.520855ms
 127: 0.509549ms
 128: 0.509539ms
 129: 0.520272ms
 130: 0.527996ms
 131: 0.516640ms
 132: 0.522095ms
 133: 0.511523ms
 134: 0.527918ms
 135: 0.525749ms
 136: 0.531469ms
 137: 0.531455ms
 138: 0.529890ms
 139: 0.530229ms
 140: 0.530011ms
 141: 0.530085ms
 142: 0.530050ms
 143: 0.531116ms
 144: 0.530872ms
 145: 0.530408ms
 146: 0.530523ms
 147: 0.530777ms
 148: 0.528744ms
 149: 0.531673ms
 150: 0.531970ms
 151: 0.532489ms
 152: 0.549779ms
 153: 0.539697ms
 154: 0.534321ms
 155: 0.536562ms
 156: 0.535483ms
 157: 0.640088ms
 158: 0.552740ms
 159: 0.552391ms
 160: 0.661516ms
 161: 0.535101ms
 162: 0.549046ms
 163: 0.657836ms
 164: 0.547181ms
 165: 0.534840ms
 166: 0.538268ms
 167: 0.551248ms
 168: 0.558849ms
 169: 0.547284ms
 170: 0.537378ms
 171: 0.549507ms
 172: 0.649043ms
 173: 0.549709ms
 174: 0.542315ms
 175: 0.552403ms
 176: 0.561144ms
 177: 0.546723ms
 178: 0.649936ms
 179: 0.539111ms
 180: 0.538235ms
 181: 0.595994ms
 182: 0.539346ms
 183: 0.534175ms
 184: 0.651331ms
 185: 0.547306ms
 186: 0.533906ms
 187: 0.537376ms
 188: 0.547249ms
 189: 0.640475ms
 190: 0.554715ms
 191: 0.542995ms
 192: 0.635049ms
 193: 0.654288ms
 194: 0.535643ms
 195: 0.652032ms
 196: 0.656726ms
 197: 0.543508ms
 198: 0.655145ms
 199: 0.708179ms


Measurements
--------------------------
FFT Size            : 76^3
Threads             : 25
Batch               : 1
Iterations          : 200
Avg Tot Runtime     : 0.523408 ms
Runtime per batch   : 0.523408 ms
SD                  : 0.039592 ms
Q1                  : 0.499249 ms
Median              : 0.507038 ms
Q3                  : 0.531673 ms
