Expm 2: Streaming FFT

Printing individual runtimes:
 0: 0.643327ms
 1: 0.398381ms
 2: 0.428752ms
 3: 0.642513ms
 4: 0.397260ms
 5: 1.373700ms
 6: 0.391445ms
 7: 0.498712ms
 8: 0.403664ms
 9: 0.491505ms
 10: 0.393841ms
 11: 0.562787ms
 12: 0.402393ms
 13: 0.414297ms
 14: 0.935781ms
 15: 0.402033ms
 16: 0.432785ms
 17: 0.422501ms
 18: 0.422605ms
 19: 0.604841ms
 20: 0.411324ms
 21: 0.389567ms
 22: 0.395504ms
 23: 0.391571ms
 24: 0.470279ms
 25: 0.436255ms
 26: 0.399770ms
 27: 0.400479ms
 28: 0.403222ms
 29: 0.396192ms
 30: 0.425713ms
 31: 0.513842ms
 32: 0.398784ms
 33: 0.426554ms
 34: 0.392983ms
 35: 0.580872ms
 36: 0.389485ms
 37: 0.424079ms
 38: 0.395670ms
 39: 0.397923ms
 40: 0.421275ms
 41: 0.412019ms
 42: 0.422315ms
 43: 0.416813ms
 44: 0.414777ms
 45: 0.395684ms
 46: 0.404357ms
 47: 0.434495ms
 48: 0.504865ms
 49: 0.427781ms
 50: 0.411237ms
 51: 0.395364ms
 52: 0.400886ms
 53: 0.469846ms
 54: 0.396193ms
 55: 0.418953ms
 56: 0.424263ms
 57: 0.406112ms
 58: 0.432438ms
 59: 0.402630ms
 60: 0.420169ms
 61: 0.421012ms
 62: 0.421074ms
 63: 0.417185ms
 64: 0.415493ms
 65: 0.391104ms
 66: 0.396101ms
 67: 0.417360ms
 68: 0.397147ms
 69: 0.427964ms
 70: 0.396279ms
 71: 0.399102ms
 72: 0.419559ms
 73: 0.421222ms
 74: 0.393152ms
 75: 0.431202ms
 76: 0.440713ms
 77: 0.422537ms
 78: 0.404567ms
 79: 0.417090ms
 80: 0.389748ms
 81: 0.404391ms
 82: 0.393037ms
 83: 0.417667ms
 84: 0.417771ms
 85: 0.420303ms
 86: 0.415194ms
 87: 0.391002ms
 88: 0.434618ms
 89: 0.389594ms
 90: 0.418566ms
 91: 0.393705ms
 92: 0.395446ms
 93: 0.439047ms
 94: 0.395182ms
 95: 0.417459ms
 96: 0.412928ms
 97: 0.394941ms
 98: 0.402699ms
 99: 0.421258ms
 100: 0.421965ms
 101: 0.399626ms
 102: 0.426391ms
 103: 0.421073ms
 104: 0.421567ms
 105: 0.532233ms
 106: 0.392654ms
 107: 0.423946ms
 108: 0.394093ms
 109: 0.399050ms
 110: 0.404997ms
 111: 0.526599ms
 112: 0.397138ms
 113: 0.416230ms
 114: 0.507732ms
 115: 0.391670ms
 116: 0.395788ms
 117: 0.396919ms
 118: 0.420778ms
 119: 0.390465ms
 120: 0.395138ms
 121: 0.401542ms
 122: 0.413704ms
 123: 0.432098ms
 124: 0.401297ms
 125: 0.398956ms
 126: 0.403803ms
 127: 0.408788ms
 128: 0.391877ms
 129: 0.414579ms
 130: 0.404536ms
 131: 0.401039ms
 132: 0.433145ms
 133: 0.395878ms
 134: 0.396075ms
 135: 0.410542ms
 136: 0.419071ms
 137: 0.397663ms
 138: 0.392225ms
 139: 0.399058ms
 140: 0.419043ms
 141: 0.402087ms
 142: 0.433762ms
 143: 0.419786ms
 144: 0.391922ms
 145: 0.402518ms
 146: 0.423571ms
 147: 0.397286ms
 148: 0.421655ms
 149: 0.394444ms
 150: 0.434767ms
 151: 0.389752ms
 152: 0.416892ms
 153: 0.394084ms
 154: 0.389272ms
 155: 0.414664ms
 156: 0.405300ms
 157: 0.433100ms
 158: 0.429971ms
 159: 0.391624ms
 160: 0.395728ms
 161: 0.416761ms
 162: 0.498536ms
 163: 0.416564ms
 164: 0.417101ms
 165: 0.397353ms
 166: 0.393934ms
 167: 0.512390ms
 168: 0.423335ms
 169: 0.395709ms
 170: 0.414071ms
 171: 0.416798ms
 172: 0.389278ms
 173: 0.393548ms
 174: 0.429130ms
 175: 0.397246ms
 176: 0.420246ms
 177: 0.425296ms
 178: 0.396376ms
 179: 0.415541ms
 180: 0.390808ms
 181: 0.423592ms
 182: 0.418898ms
 183: 0.394275ms
 184: 0.437487ms
 185: 0.399199ms
 186: 0.394985ms
 187: 0.423438ms
 188: 0.424406ms
 189: 0.420158ms
 190: 0.405027ms
 191: 0.403085ms
 192: 0.414716ms
 193: 0.439052ms
 194: 0.393039ms
 195: 0.424662ms
 196: 0.416573ms
 197: 0.411064ms
 198: 0.435099ms
 199: 0.402477ms


-- Real : Q1: 50 Q2: 100 Q3: 150
-- Array: Q1: 49 Q2: 99 Q3: 149
Printing sorted runtimes:
 0: 0.395670ms
 1: 0.389748ms
 2: 0.393039ms
 3: 0.394985ms
 4: 0.393037ms
 5: 0.393152ms
 6: 0.391445ms
 7: 0.394275ms
 8: 0.390808ms
 9: 0.391002ms
 10: 0.393841ms
 11: 0.389594ms
 12: 0.393705ms
 13: 0.393548ms
 14: 0.389278ms
 15: 0.395446ms
 16: 0.391104ms
 17: 0.393934ms
 18: 0.395182ms
 19: 0.394941ms
 20: 0.391624ms
 21: 0.389567ms
 22: 0.395504ms
 23: 0.391571ms
 24: 0.389272ms
 25: 0.394084ms
 26: 0.392654ms
 27: 0.394093ms
 28: 0.389752ms
 29: 0.391670ms
 30: 0.394444ms
 31: 0.390465ms
 32: 0.395364ms
 33: 0.391922ms
 34: 0.392983ms
 35: 0.395138ms
 36: 0.389485ms
 37: 0.391877ms
 38: 0.392225ms
 39: 0.396193ms
 40: 0.395728ms
 41: 0.395709ms
 42: 0.396075ms
 43: 0.395878ms
 44: 0.396192ms
 45: 0.395684ms
 46: 0.396101ms
 47: 0.395788ms
 48: 0.396279ms
 49: 0.396376ms
 50: 0.396919ms
 51: 0.402477ms
 52: 0.397147ms
 53: 0.397286ms
 54: 0.397353ms
 55: 0.398381ms
 56: 0.397246ms
 57: 0.397260ms
 58: 0.397663ms
 59: 0.397923ms
 60: 0.400479ms
 61: 0.399770ms
 62: 0.399626ms
 63: 0.399050ms
 64: 0.400886ms
 65: 0.398784ms
 66: 0.402087ms
 67: 0.402033ms
 68: 0.401542ms
 69: 0.402393ms
 70: 0.401297ms
 71: 0.399102ms
 72: 0.398956ms
 73: 0.399058ms
 74: 0.399199ms
 75: 0.401039ms
 76: 0.397138ms
 77: 0.404357ms
 78: 0.402630ms
 79: 0.403085ms
 80: 0.402699ms
 81: 0.403803ms
 82: 0.402518ms
 83: 0.403664ms
 84: 0.403222ms
 85: 0.412019ms
 86: 0.405300ms
 87: 0.410542ms
 88: 0.404536ms
 89: 0.404567ms
 90: 0.408788ms
 91: 0.404391ms
 92: 0.404997ms
 93: 0.411324ms
 94: 0.411237ms
 95: 0.405027ms
 96: 0.411064ms
 97: 0.406112ms
 98: 0.412928ms
 99: 0.413704ms
 100: 0.414071ms
 101: 0.416573ms
 102: 0.414297ms
 103: 0.415541ms
 104: 0.414664ms
 105: 0.416564ms
 106: 0.415194ms
 107: 0.414777ms
 108: 0.414579ms
 109: 0.415493ms
 110: 0.416230ms
 111: 0.414716ms
 112: 0.419071ms
 113: 0.417090ms
 114: 0.416761ms
 115: 0.417185ms
 116: 0.417667ms
 117: 0.418953ms
 118: 0.416892ms
 119: 0.417459ms
 120: 0.417771ms
 121: 0.418898ms
 122: 0.416798ms
 123: 0.417101ms
 124: 0.419043ms
 125: 0.417360ms
 126: 0.416813ms
 127: 0.418566ms
 128: 0.421965ms
 129: 0.420169ms
 130: 0.419559ms
 131: 0.421073ms
 132: 0.421258ms
 133: 0.421567ms
 134: 0.420778ms
 135: 0.421222ms
 136: 0.421074ms
 137: 0.421012ms
 138: 0.421275ms
 139: 0.421655ms
 140: 0.420158ms
 141: 0.420303ms
 142: 0.420246ms
 143: 0.419786ms
 144: 0.423335ms
 145: 0.422501ms
 146: 0.422315ms
 147: 0.422537ms
 148: 0.422605ms
 149: 0.423438ms
 150: 0.423571ms
 151: 0.423592ms
 152: 0.423946ms
 153: 0.424406ms
 154: 0.424263ms
 155: 0.424079ms
 156: 0.425296ms
 157: 0.425713ms
 158: 0.424662ms
 159: 0.426391ms
 160: 0.429971ms
 161: 0.433100ms
 162: 0.431202ms
 163: 0.426554ms
 164: 0.433762ms
 165: 0.433145ms
 166: 0.427964ms
 167: 0.432098ms
 168: 0.427781ms
 169: 0.432785ms
 170: 0.432438ms
 171: 0.428752ms
 172: 0.429130ms
 173: 0.434495ms
 174: 0.935781ms
 175: 0.562787ms
 176: 0.512390ms
 177: 0.498536ms
 178: 0.491505ms
 179: 0.604841ms
 180: 0.470279ms
 181: 0.436255ms
 182: 0.434767ms
 183: 0.498712ms
 184: 0.437487ms
 185: 1.373700ms
 186: 0.642513ms
 187: 0.513842ms
 188: 0.580872ms
 189: 0.504865ms
 190: 0.469846ms
 191: 0.507732ms
 192: 0.526599ms
 193: 0.439052ms
 194: 0.532233ms
 195: 0.439047ms
 196: 0.434618ms
 197: 0.440713ms
 198: 0.435099ms
 199: 0.643327ms


Measurements
--------------------------
FFT Size            : 76^3
Threads             : 32
Batch               : 1
Iterations          : 200
Avg Tot Runtime     : 0.426922 ms
Runtime per batch   : 0.426922 ms
SD                  : 0.086056 ms
Q1                  : 0.396376 ms
Median              : 0.413888 ms
Q3                  : 0.423438 ms
