Expm 2: Streaming FFT

Printing individual runtimes:
 0: 0.641874ms
 1: 0.396142ms
 2: 0.400843ms
 3: 1.221283ms
 4: 0.420187ms
 5: 0.542111ms
 6: 0.402929ms
 7: 0.543510ms
 8: 0.393964ms
 9: 0.487222ms
 10: 0.402459ms
 11: 0.636107ms
 12: 0.393124ms
 13: 0.411831ms
 14: 0.444425ms
 15: 0.435072ms
 16: 0.396319ms
 17: 0.583192ms
 18: 0.390529ms
 19: 0.396625ms
 20: 0.393330ms
 21: 0.424133ms
 22: 0.393991ms
 23: 0.445530ms
 24: 0.395652ms
 25: 0.408538ms
 26: 0.390020ms
 27: 0.389897ms
 28: 0.391659ms
 29: 0.391402ms
 30: 0.570565ms
 31: 0.397163ms
 32: 0.406257ms
 33: 0.388647ms
 34: 0.453306ms
 35: 0.393510ms
 36: 0.395544ms
 37: 0.400444ms
 38: 0.388714ms
 39: 0.389320ms
 40: 0.416770ms
 41: 0.392666ms
 42: 0.395699ms
 43: 0.385554ms
 44: 0.397679ms
 45: 0.424570ms
 46: 0.387312ms
 47: 0.402059ms
 48: 0.552367ms
 49: 0.394061ms
 50: 0.388488ms
 51: 0.422270ms
 52: 0.431099ms
 53: 0.387104ms
 54: 0.398493ms
 55: 0.388902ms
 56: 0.424034ms
 57: 0.438605ms
 58: 0.389934ms
 59: 0.395297ms
 60: 0.404837ms
 61: 0.389559ms
 62: 0.395502ms
 63: 0.397520ms
 64: 0.425531ms
 65: 0.391342ms
 66: 0.397639ms
 67: 0.399756ms
 68: 0.401523ms
 69: 0.393424ms
 70: 0.388396ms
 71: 0.426988ms
 72: 0.403920ms
 73: 0.400521ms
 74: 0.390170ms
 75: 0.388226ms
 76: 0.408614ms
 77: 0.567938ms
 78: 0.390815ms
 79: 0.397078ms
 80: 0.401377ms
 81: 0.418284ms
 82: 0.487721ms
 83: 0.408114ms
 84: 0.422212ms
 85: 0.406984ms
 86: 0.387389ms
 87: 0.400372ms
 88: 0.389885ms
 89: 0.395491ms
 90: 0.395999ms
 91: 0.399590ms
 92: 0.394863ms
 93: 0.395337ms
 94: 0.387376ms
 95: 0.387412ms
 96: 0.393815ms
 97: 0.394067ms
 98: 0.394391ms
 99: 0.388681ms
 100: 0.398826ms
 101: 0.388774ms
 102: 0.417405ms
 103: 0.391264ms
 104: 0.396418ms
 105: 0.392927ms
 106: 0.388965ms
 107: 0.391476ms
 108: 0.407682ms
 109: 0.401251ms
 110: 0.394345ms
 111: 0.388912ms
 112: 0.560135ms
 113: 0.389701ms
 114: 0.393651ms
 115: 0.396724ms
 116: 0.393968ms
 117: 0.397213ms
 118: 0.425727ms
 119: 0.389310ms
 120: 0.394074ms
 121: 0.439123ms
 122: 0.397082ms
 123: 0.392089ms
 124: 0.400510ms
 125: 0.394289ms
 126: 0.392839ms
 127: 0.406646ms
 128: 0.395137ms
 129: 0.404399ms
 130: 0.401532ms
 131: 0.395912ms
 132: 0.416422ms
 133: 0.392904ms
 134: 0.394746ms
 135: 0.392402ms
 136: 0.419749ms
 137: 0.386688ms
 138: 0.401812ms
 139: 0.404339ms
 140: 0.387926ms
 141: 0.396414ms
 142: 0.400786ms
 143: 0.396373ms
 144: 0.400354ms
 145: 0.412866ms
 146: 0.398018ms
 147: 0.404277ms
 148: 0.392889ms
 149: 0.412405ms
 150: 0.391907ms
 151: 0.391019ms
 152: 0.389322ms
 153: 0.392308ms
 154: 0.398874ms
 155: 0.400974ms
 156: 0.388013ms
 157: 0.403636ms
 158: 0.399056ms
 159: 0.416236ms
 160: 0.450214ms
 161: 0.403610ms
 162: 0.390526ms
 163: 0.573985ms
 164: 0.426379ms
 165: 0.424831ms
 166: 0.400427ms
 167: 0.398614ms
 168: 0.394062ms
 169: 0.422641ms
 170: 0.391926ms
 171: 0.395257ms
 172: 0.400172ms
 173: 0.418967ms
 174: 0.389559ms
 175: 0.425680ms
 176: 0.400894ms
 177: 0.390459ms
 178: 0.395946ms
 179: 0.397324ms
 180: 0.387171ms
 181: 0.443816ms
 182: 0.391379ms
 183: 0.393341ms
 184: 0.393686ms
 185: 0.415026ms
 186: 0.394534ms
 187: 0.404560ms
 188: 0.395355ms
 189: 0.398490ms
 190: 0.391740ms
 191: 0.401621ms
 192: 0.395050ms
 193: 0.393336ms
 194: 0.386017ms
 195: 0.388641ms
 196: 0.396777ms
 197: 0.388407ms
 198: 0.391472ms
 199: 0.389942ms


-- Real : Q1: 50 Q2: 100 Q3: 150
-- Array: Q1: 49 Q2: 99 Q3: 149
Printing sorted runtimes:
 0: 0.387926ms
 1: 0.387376ms
 2: 0.387412ms
 3: 0.387389ms
 4: 0.387104ms
 5: 0.386017ms
 6: 0.386688ms
 7: 0.387312ms
 8: 0.385554ms
 9: 0.387171ms
 10: 0.391476ms
 11: 0.389942ms
 12: 0.388226ms
 13: 0.390170ms
 14: 0.388912ms
 15: 0.391379ms
 16: 0.389701ms
 17: 0.391472ms
 18: 0.390529ms
 19: 0.390459ms
 20: 0.388396ms
 21: 0.389559ms
 22: 0.389310ms
 23: 0.389885ms
 24: 0.391342ms
 25: 0.390815ms
 26: 0.390020ms
 27: 0.389897ms
 28: 0.389559ms
 29: 0.391402ms
 30: 0.388965ms
 31: 0.390526ms
 32: 0.388013ms
 33: 0.388647ms
 34: 0.389934ms
 35: 0.391264ms
 36: 0.388407ms
 37: 0.389322ms
 38: 0.388714ms
 39: 0.389320ms
 40: 0.391019ms
 41: 0.388902ms
 42: 0.388641ms
 43: 0.388774ms
 44: 0.388488ms
 45: 0.388681ms
 46: 0.391740ms
 47: 0.391659ms
 48: 0.391926ms
 49: 0.391907ms
 50: 0.392089ms
 51: 0.395297ms
 52: 0.392402ms
 53: 0.392839ms
 54: 0.392889ms
 55: 0.392666ms
 56: 0.393510ms
 57: 0.392927ms
 58: 0.392904ms
 59: 0.394062ms
 60: 0.394067ms
 61: 0.393964ms
 62: 0.394061ms
 63: 0.394289ms
 64: 0.393336ms
 65: 0.393815ms
 66: 0.394074ms
 67: 0.393991ms
 68: 0.393968ms
 69: 0.393424ms
 70: 0.393330ms
 71: 0.393651ms
 72: 0.394391ms
 73: 0.393341ms
 74: 0.393686ms
 75: 0.393124ms
 76: 0.394345ms
 77: 0.394534ms
 78: 0.392308ms
 79: 0.394863ms
 80: 0.395137ms
 81: 0.395257ms
 82: 0.394746ms
 83: 0.395050ms
 84: 0.396319ms
 85: 0.395699ms
 86: 0.395544ms
 87: 0.395652ms
 88: 0.395912ms
 89: 0.395491ms
 90: 0.395999ms
 91: 0.395946ms
 92: 0.395502ms
 93: 0.395337ms
 94: 0.395355ms
 95: 0.396142ms
 96: 0.396418ms
 97: 0.396414ms
 98: 0.396373ms
 99: 0.396625ms
 100: 0.396724ms
 101: 0.397679ms
 102: 0.397163ms
 103: 0.397082ms
 104: 0.397324ms
 105: 0.397213ms
 106: 0.397078ms
 107: 0.397520ms
 108: 0.396777ms
 109: 0.397639ms
 110: 0.400974ms
 111: 0.400521ms
 112: 0.400843ms
 113: 0.399590ms
 114: 0.398490ms
 115: 0.400372ms
 116: 0.400894ms
 117: 0.400172ms
 118: 0.398614ms
 119: 0.399756ms
 120: 0.400427ms
 121: 0.399056ms
 122: 0.398874ms
 123: 0.400444ms
 124: 0.400510ms
 125: 0.398018ms
 126: 0.400354ms
 127: 0.398826ms
 128: 0.400786ms
 129: 0.398493ms
 130: 0.401621ms
 131: 0.401377ms
 132: 0.401532ms
 133: 0.401251ms
 134: 0.401523ms
 135: 0.403920ms
 136: 0.403610ms
 137: 0.402459ms
 138: 0.401812ms
 139: 0.403636ms
 140: 0.402059ms
 141: 0.402929ms
 142: 0.406984ms
 143: 0.406646ms
 144: 0.404837ms
 145: 0.406257ms
 146: 0.404339ms
 147: 0.404277ms
 148: 0.404560ms
 149: 0.404399ms
 150: 0.407682ms
 151: 0.408114ms
 152: 0.408538ms
 153: 0.411831ms
 154: 0.408614ms
 155: 0.412405ms
 156: 0.412866ms
 157: 0.416422ms
 158: 0.415026ms
 159: 0.416236ms
 160: 0.416770ms
 161: 0.418284ms
 162: 0.424831ms
 163: 0.424570ms
 164: 0.422212ms
 165: 0.417405ms
 166: 0.420187ms
 167: 0.419749ms
 168: 0.424133ms
 169: 0.422641ms
 170: 0.422270ms
 171: 0.418967ms
 172: 0.424034ms
 173: 0.445530ms
 174: 0.570565ms
 175: 0.425680ms
 176: 0.425727ms
 177: 0.426379ms
 178: 0.583192ms
 179: 0.573985ms
 180: 0.567938ms
 181: 0.443816ms
 182: 0.435072ms
 183: 0.444425ms
 184: 0.450214ms
 185: 0.439123ms
 186: 0.636107ms
 187: 0.453306ms
 188: 0.425531ms
 189: 0.426988ms
 190: 0.487222ms
 191: 0.438605ms
 192: 0.543510ms
 193: 0.487721ms
 194: 0.542111ms
 195: 0.552367ms
 196: 0.431099ms
 197: 1.221283ms
 198: 0.560135ms
 199: 0.641874ms


Measurements
--------------------------
FFT Size            : 76^3
Threads             : 29
Batch               : 1
Iterations          : 200
Avg Tot Runtime     : 0.414509 ms
Runtime per batch   : 0.414509 ms
SD                  : 0.070991 ms
Q1                  : 0.391907 ms
Median              : 0.396675 ms
Q3                  : 0.404399 ms
