Expm 2: Streaming FFTW
FFTW Plan: Patient
-- Cannot import wisdom from ../../wisdom/singlenode/all/240/fftw_240_t38_b1.patient
-- Exporting wisdom file to ../../wisdom/singlenode/all/240/fftw_240_t38_b1.patient
Iteration: 0, 1, 2, 3, 4, 5, 6, 7, 8, 9, 10, 11, 12, 13, 14, 15, 16, 17, 18, 19, 20, 21, 22, 23, 24, 25, 26, 27, 28, 29, 30, 31, 32, 33, 34, 35, 36, 37, 38, 39, 40, 41, 42, 43, 44, 45, 46, 47, 48, 49, 
Printing individual runtimes:
 0: 9.508958ms
 1: 9.564054ms
 2: 5.991397ms
 3: 6.084433ms
 4: 6.062043ms
 5: 6.020913ms
 6: 9.505083ms
 7: 6.039149ms
 8: 6.010422ms
 9: 6.065006ms
 10: 6.085102ms
 11: 9.742153ms
 12: 6.218655ms
 13: 6.191281ms
 14: 6.218019ms
 15: 6.091014ms
 16: 6.090883ms
 17: 6.062534ms
 18: 6.026104ms
 19: 6.021881ms
 20: 5.971644ms
 21: 6.082722ms
 22: 6.063090ms
 23: 6.073687ms
 24: 6.091716ms
 25: 6.169923ms
 26: 6.092376ms
 27: 6.149749ms
 28: 6.073102ms
 29: 6.115008ms
 30: 6.130374ms
 31: 6.123343ms
 32: 6.069526ms
 33: 6.103306ms
 34: 6.032786ms
 35: 6.101975ms
 36: 6.052853ms
 37: 6.049630ms
 38: 6.084711ms
 39: 6.090172ms
 40: 6.110636ms
 41: 6.304951ms
 42: 6.085447ms
 43: 6.060336ms
 44: 6.064973ms
 45: 6.071481ms
 46: 6.096271ms
 47: 6.065714ms
 48: 6.087097ms
 49: 6.081471ms


Measurements
--------------------------
FFT Size            : 240^3
Threads             : 38
Batch               : 1
Iterations          : 50
Avg Tot Runtime     : 6.366983 ms
Runtime per batch   : 6.366983 ms
SD                  : 0.949588 ms
Throughput          : 0.134608 GFLOPs
Plan Time           : 428.891076 sec
