Expm 2: Streaming FFTW
FFTW Plan: Patient
-- Cannot import wisdom from ../../wisdom/singlenode/all/165/fftw_165_t40_b1.patient
-- Exporting wisdom file to ../../wisdom/singlenode/all/165/fftw_165_t40_b1.patient
Iteration: 0, 1, 2, 3, 4, 5, 6, 7, 8, 9, 10, 11, 12, 13, 14, 15, 16, 17, 18, 19, 20, 21, 22, 23, 24, 25, 26, 27, 28, 29, 30, 31, 32, 33, 34, 35, 36, 37, 38, 39, 40, 41, 42, 43, 44, 45, 46, 47, 48, 49, 
Printing individual runtimes:
 0: 2.345845ms
 1: 2.388086ms
 2: 2.431147ms
 3: 2.433670ms
 4: 2.821858ms
 5: 2.433334ms
 6: 2.390102ms
 7: 2.381829ms
 8: 2.408785ms
 9: 4.005381ms
 10: 3.888461ms
 11: 2.356280ms
 12: 2.515238ms
 13: 2.451799ms
 14: 2.494070ms
 15: 2.412066ms
 16: 2.461570ms
 17: 2.491270ms
 18: 2.479589ms
 19: 2.484290ms
 20: 2.506815ms
 21: 2.481585ms
 22: 2.511289ms
 23: 2.486722ms
 24: 2.503345ms
 25: 2.411026ms
 26: 2.497802ms
 27: 2.457382ms
 28: 3.649793ms
 29: 2.455749ms
 30: 2.413689ms
 31: 2.514153ms
 32: 2.498288ms
 33: 2.502912ms
 34: 2.443992ms
 35: 2.490067ms
 36: 2.452268ms
 37: 2.511952ms
 38: 2.481523ms
 39: 2.493444ms
 40: 2.589403ms
 41: 2.981486ms
 42: 2.493086ms
 43: 2.485349ms
 44: 3.925377ms
 45: 3.899165ms
 46: 2.492909ms
 47: 2.511495ms
 48: 4.063518ms
 49: 2.534438ms


Measurements
--------------------------
FFT Size            : 165^3
Threads             : 40
Batch               : 1
Iterations          : 50
Avg Tot Runtime     : 2.656294 ms
Runtime per batch   : 2.656294 ms
SD                  : 0.473649 ms
Throughput          : 0.115384 GFLOPs
Plan Time           : 20.777285 sec
