Expm 2: Streaming FFTW
FFTW Plan: Patient
-- Cannot import wisdom from ../../wisdom/singlenode/all/173/fftw_173_t38_b1.patient
-- Exporting wisdom file to ../../wisdom/singlenode/all/173/fftw_173_t38_b1.patient
Iteration: 0, 1, 2, 3, 4, 5, 6, 7, 8, 9, 10, 11, 12, 13, 14, 15, 16, 17, 18, 19, 20, 21, 22, 23, 24, 25, 26, 27, 28, 29, 30, 31, 32, 33, 34, 35, 36, 37, 38, 39, 40, 41, 42, 43, 44, 45, 46, 47, 48, 49, 
Printing individual runtimes:
 0: 10.907424ms
 1: 10.727418ms
 2: 9.877881ms
 3: 10.719022ms
 4: 11.044404ms
 5: 10.809407ms
 6: 10.682063ms
 7: 10.143725ms
 8: 10.736750ms
 9: 13.607026ms
 10: 11.182040ms
 11: 11.427089ms
 12: 11.446064ms
 13: 11.086101ms
 14: 11.221386ms
 15: 11.302272ms
 16: 15.010105ms
 17: 11.206019ms
 18: 10.872354ms
 19: 11.110506ms
 20: 11.210638ms
 21: 10.165884ms
 22: 11.316952ms
 23: 13.941489ms
 24: 11.526403ms
 25: 11.439107ms
 26: 10.961952ms
 27: 10.921294ms
 28: 11.154392ms
 29: 11.002689ms
 30: 11.544759ms
 31: 12.646072ms
 32: 10.725551ms
 33: 11.226522ms
 34: 10.989325ms
 35: 11.436635ms
 36: 11.104030ms
 37: 11.233192ms
 38: 11.009447ms
 39: 11.040605ms
 40: 10.845606ms
 41: 10.868171ms
 42: 11.003572ms
 43: 11.386266ms
 44: 11.005788ms
 45: 11.164035ms
 46: 10.910658ms
 47: 11.119719ms
 48: 10.949731ms
 49: 10.856402ms


Measurements
--------------------------
FFT Size            : 173^3
Threads             : 38
Batch               : 1
Iterations          : 50
Avg Tot Runtime     : 11.236519 ms
Runtime per batch   : 11.236519 ms
SD                  : 0.857023 ms
Throughput          : 0.711652 GFLOPs
Plan Time           : 239.577574 sec
