Expm 2: Streaming FFTW
FFTW Plan: Patient
-- Cannot import wisdom from ../../wisdom/singlenode/all/596/fftw_596_t37_b1.patient
-- Exporting wisdom file to ../../wisdom/singlenode/all/596/fftw_596_t37_b1.patient
Iteration: 0, 1, 2, 3, 4, 5, 6, 7, 8, 9, 10, 11, 12, 13, 14, 15, 16, 17, 18, 19, 20, 21, 22, 23, 24, 25, 26, 27, 28, 29, 30, 31, 32, 33, 34, 35, 36, 37, 38, 39, 40, 41, 42, 43, 44, 45, 46, 47, 48, 49, 
Printing individual runtimes:
 0: 381.312456ms
 1: 379.325674ms
 2: 382.817765ms
 3: 378.265500ms
 4: 382.064227ms
 5: 390.373535ms
 6: 443.730247ms
 7: 372.823921ms
 8: 394.785995ms
 9: 391.755900ms
 10: 624.094860ms
 11: 392.560305ms
 12: 390.492765ms
 13: 390.338226ms
 14: 395.578941ms
 15: 667.956241ms
 16: 394.706104ms
 17: 390.306944ms
 18: 395.111851ms
 19: 405.530281ms
 20: 386.542032ms
 21: 507.299981ms
 22: 378.755297ms
 23: 390.177554ms
 24: 399.809534ms
 25: 600.226299ms
 26: 583.472584ms
 27: 380.129022ms
 28: 397.442521ms
 29: 386.554299ms
 30: 386.234671ms
 31: 382.273797ms
 32: 379.625604ms
 33: 383.641184ms
 34: 401.882745ms
 35: 393.396878ms
 36: 518.529176ms
 37: 520.269783ms
 38: 408.110362ms
 39: 401.537769ms
 40: 394.581290ms
 41: 390.495488ms
 42: 400.191279ms
 43: 387.937140ms
 44: 383.214632ms
 45: 394.980743ms
 46: 402.433751ms
 47: 393.684375ms
 48: 384.923891ms
 49: 390.441535ms


Measurements
--------------------------
FFT Size            : 596^3
Threads             : 37
Batch               : 1
Iterations          : 50
Avg Tot Runtime     : 417.054539 ms
Runtime per batch   : 417.054539 ms
SD                  : 67.815263 ms
Throughput          : 29.141210 GFLOPs
Plan Time           : 752.259170 sec
