Expm 2: Streaming FFTW
FFTW Plan: Patient
-- Cannot import wisdom from ../../wisdom/singlenode/all/596/fftw_596_t39_b1.patient
-- Exporting wisdom file to ../../wisdom/singlenode/all/596/fftw_596_t39_b1.patient
Iteration: 0, 1, 2, 3, 4, 5, 6, 7, 8, 9, 10, 11, 12, 13, 14, 15, 16, 17, 18, 19, 20, 21, 22, 23, 24, 25, 26, 27, 28, 29, 30, 31, 32, 33, 34, 35, 36, 37, 38, 39, 40, 41, 42, 43, 44, 45, 46, 47, 48, 49, 
Printing individual runtimes:
 0: 325.099626ms
 1: 427.761040ms
 2: 783.211323ms
 3: 769.157482ms
 4: 838.509586ms
 5: 466.341994ms
 6: 409.054802ms
 7: 358.927399ms
 8: 613.608371ms
 9: 326.062374ms
 10: 323.551488ms
 11: 322.969247ms
 12: 323.180256ms
 13: 323.968369ms
 14: 323.403395ms
 15: 427.036937ms
 16: 324.145294ms
 17: 323.903629ms
 18: 695.101997ms
 19: 587.566637ms
 20: 331.202765ms
 21: 325.784211ms
 22: 324.961936ms
 23: 324.909403ms
 24: 367.119751ms
 25: 325.164459ms
 26: 324.535191ms
 27: 325.416688ms
 28: 325.322188ms
 29: 326.003600ms
 30: 329.544413ms
 31: 324.834225ms
 32: 325.247502ms
 33: 325.141534ms
 34: 327.033496ms
 35: 325.929405ms
 36: 444.858726ms
 37: 665.636316ms
 38: 329.687977ms
 39: 326.274620ms
 40: 326.106823ms
 41: 325.046779ms
 42: 325.184794ms
 43: 325.570884ms
 44: 325.487742ms
 45: 326.454610ms
 46: 325.138519ms
 47: 327.758677ms
 48: 326.502003ms
 49: 326.869153ms


Measurements
--------------------------
FFT Size            : 596^3
Threads             : 39
Batch               : 1
Iterations          : 50
Avg Tot Runtime     : 391.545793 ms
Runtime per batch   : 391.545793 ms
SD                  : 135.660016 ms
Throughput          : 29.141210 GFLOPs
Plan Time           : 771.994031 sec
