Expm 2: Streaming FFTW
FFTW Plan: Patient
-- Cannot import wisdom from ../../wisdom/singlenode/all/590/fftw_590_t36_b1.patient
-- Exporting wisdom file to ../../wisdom/singlenode/all/590/fftw_590_t36_b1.patient
Iteration: 0, 1, 2, 3, 4, 5, 6, 7, 8, 9, 10, 11, 12, 13, 14, 15, 16, 17, 18, 19, 20, 21, 22, 23, 24, 25, 26, 27, 28, 29, 30, 31, 32, 33, 34, 35, 36, 37, 38, 39, 40, 41, 42, 43, 44, 45, 46, 47, 48, 49, 
Printing individual runtimes:
 0: 435.382699ms
 1: 440.536216ms
 2: 444.859953ms
 3: 440.857857ms
 4: 597.684630ms
 5: 462.145945ms
 6: 443.474845ms
 7: 443.467237ms
 8: 442.754526ms
 9: 443.363976ms
 10: 443.002945ms
 11: 443.204174ms
 12: 443.079994ms
 13: 599.614053ms
 14: 436.443800ms
 15: 521.691884ms
 16: 439.113876ms
 17: 440.023647ms
 18: 440.095215ms
 19: 441.153108ms
 20: 442.958742ms
 21: 444.615571ms
 22: 842.921283ms
 23: 443.202107ms
 24: 443.094095ms
 25: 442.571595ms
 26: 442.994934ms
 27: 444.558627ms
 28: 443.633427ms
 29: 438.167038ms
 30: 793.035642ms
 31: 440.947024ms
 32: 440.173969ms
 33: 699.649270ms
 34: 618.704558ms
 35: 443.093301ms
 36: 443.451057ms
 37: 450.347331ms
 38: 443.521311ms
 39: 442.366255ms
 40: 502.224424ms
 41: 443.447415ms
 42: 443.555098ms
 43: 443.177125ms
 44: 443.009336ms
 45: 443.537676ms
 46: 444.200099ms
 47: 472.581814ms
 48: 466.149538ms
 49: 445.496291ms


Measurements
--------------------------
FFT Size            : 590^3
Threads             : 36
Batch               : 1
Iterations          : 50
Avg Tot Runtime     : 476.666731 ms
Runtime per batch   : 476.666731 ms
SD                  : 87.489371 ms
Throughput          : 29.768334 GFLOPs
Plan Time           : 753.169068 sec
