Expm 2: Streaming FFTW
FFTW Plan: Patient
-- Cannot import wisdom from ../../wisdom/singlenode/all/544/fftw_544_t36_b1.patient
-- Exporting wisdom file to ../../wisdom/singlenode/all/544/fftw_544_t36_b1.patient
Iteration: 0, 1, 2, 3, 4, 5, 6, 7, 8, 9, 10, 11, 12, 13, 14, 15, 16, 17, 18, 19, 20, 21, 22, 23, 24, 25, 26, 27, 28, 29, 30, 31, 32, 33, 34, 35, 36, 37, 38, 39, 40, 41, 42, 43, 44, 45, 46, 47, 48, 49, 
Printing individual runtimes:
 0: 205.724187ms
 1: 210.467484ms
 2: 203.010747ms
 3: 209.884438ms
 4: 207.904069ms
 5: 383.187307ms
 6: 300.978371ms
 7: 207.658114ms
 8: 384.449971ms
 9: 210.244550ms
 10: 329.285619ms
 11: 206.198894ms
 12: 208.006355ms
 13: 207.287183ms
 14: 203.870900ms
 15: 206.661880ms
 16: 208.252585ms
 17: 210.122093ms
 18: 206.977989ms
 19: 207.757578ms
 20: 204.909215ms
 21: 206.383336ms
 22: 209.071360ms
 23: 430.145502ms
 24: 383.678895ms
 25: 424.562246ms
 26: 208.342811ms
 27: 209.474796ms
 28: 463.017972ms
 29: 431.570995ms
 30: 203.008258ms
 31: 200.218029ms
 32: 198.505084ms
 33: 198.494277ms
 34: 199.314496ms
 35: 432.060246ms
 36: 213.289606ms
 37: 197.256518ms
 38: 199.374168ms
 39: 199.297125ms
 40: 204.870550ms
 41: 200.317547ms
 42: 198.886800ms
 43: 205.385637ms
 44: 204.127826ms
 45: 204.436197ms
 46: 198.027289ms
 47: 199.461606ms
 48: 202.741851ms
 49: 200.321874ms


Measurements
--------------------------
FFT Size            : 544^3
Threads             : 36
Batch               : 1
Iterations          : 50
Avg Tot Runtime     : 242.969649 ms
Runtime per batch   : 242.969649 ms
SD                  : 79.691615 ms
Throughput          : 11.976234 GFLOPs
Plan Time           : 1395.772417 sec
