Expm 2: Streaming FFTW
FFTW Plan: Patient
-- Cannot import wisdom from ../../wisdom/singlenode/all/532/fftw_532_t36_b1.patient
-- Exporting wisdom file to ../../wisdom/singlenode/all/532/fftw_532_t36_b1.patient
Iteration: 0, 1, 2, 3, 4, 5, 6, 7, 8, 9, 10, 11, 12, 13, 14, 15, 16, 17, 18, 19, 20, 21, 22, 23, 24, 25, 26, 27, 28, 29, 30, 31, 32, 33, 34, 35, 36, 37, 38, 39, 40, 41, 42, 43, 44, 45, 46, 47, 48, 49, 
Printing individual runtimes:
 0: 287.045154ms
 1: 194.651271ms
 2: 195.087524ms
 3: 192.547662ms
 4: 218.094735ms
 5: 193.996544ms
 6: 190.796815ms
 7: 195.535470ms
 8: 201.134451ms
 9: 206.126969ms
 10: 189.835945ms
 11: 192.676941ms
 12: 189.696236ms
 13: 193.700812ms
 14: 190.566068ms
 15: 188.005147ms
 16: 189.053654ms
 17: 193.261235ms
 18: 194.328824ms
 19: 219.719633ms
 20: 189.874393ms
 21: 188.450157ms
 22: 187.968182ms
 23: 192.947044ms
 24: 187.374149ms
 25: 189.587583ms
 26: 215.854027ms
 27: 188.234777ms
 28: 197.024667ms
 29: 196.563655ms
 30: 308.798809ms
 31: 421.907194ms
 32: 408.923233ms
 33: 185.358596ms
 34: 186.570940ms
 35: 203.091534ms
 36: 188.702010ms
 37: 192.009686ms
 38: 192.375057ms
 39: 188.113677ms
 40: 190.711992ms
 41: 190.294489ms
 42: 193.413089ms
 43: 191.288789ms
 44: 196.789745ms
 45: 190.800862ms
 46: 192.073273ms
 47: 191.929750ms
 48: 190.962446ms
 49: 194.678427ms


Measurements
--------------------------
FFT Size            : 532^3
Threads             : 36
Batch               : 1
Iterations          : 50
Avg Tot Runtime     : 206.970666 ms
Runtime per batch   : 206.970666 ms
SD                  : 47.780722 ms
Throughput          : 12.473904 GFLOPs
Plan Time           : 465.141971 sec
