Expm 2: Streaming FFTW
FFTW Plan: Patient
-- Cannot import wisdom from ../../wisdom/singlenode/all/278/fftw_278_t37_b1.patient
-- Exporting wisdom file to ../../wisdom/singlenode/all/278/fftw_278_t37_b1.patient
Iteration: 0, 1, 2, 3, 4, 5, 6, 7, 8, 9, 10, 11, 12, 13, 14, 15, 16, 17, 18, 19, 20, 21, 22, 23, 24, 25, 26, 27, 28, 29, 30, 31, 32, 33, 34, 35, 36, 37, 38, 39, 40, 41, 42, 43, 44, 45, 46, 47, 48, 49, 
Printing individual runtimes:
 0: 49.599713ms
 1: 33.147433ms
 2: 34.194925ms
 3: 34.335556ms
 4: 34.190560ms
 5: 34.058195ms
 6: 34.410975ms
 7: 34.434858ms
 8: 34.733811ms
 9: 33.707141ms
 10: 33.584216ms
 11: 34.055048ms
 12: 34.443635ms
 13: 34.330217ms
 14: 62.228334ms
 15: 34.117977ms
 16: 34.394661ms
 17: 33.772720ms
 18: 34.913906ms
 19: 34.113364ms
 20: 61.035507ms
 21: 61.607538ms
 22: 69.836256ms
 23: 59.644408ms
 24: 57.969692ms
 25: 54.773339ms
 26: 32.245780ms
 27: 32.629145ms
 28: 32.491802ms
 29: 49.156460ms
 30: 33.821562ms
 31: 33.338054ms
 32: 83.532536ms
 33: 58.805367ms
 34: 33.058400ms
 35: 32.917095ms
 36: 33.274357ms
 37: 33.331913ms
 38: 33.286338ms
 39: 33.258655ms
 40: 32.887869ms
 41: 33.786301ms
 42: 32.795846ms
 43: 124.757941ms
 44: 58.081330ms
 45: 35.430945ms
 46: 32.412339ms
 47: 39.106875ms
 48: 34.793376ms
 49: 34.648655ms


Measurements
--------------------------
FFT Size            : 278^3
Threads             : 37
Batch               : 1
Iterations          : 50
Avg Tot Runtime     : 42.109659 ms
Runtime per batch   : 42.109659 ms
SD                  : 16.945791 ms
Throughput          : 2.642417 GFLOPs
Plan Time           : 209.137264 sec
