Expm 2: Streaming FFT

Printing individual runtimes:
 0: 0.188904ms
 1: 0.055556ms
 2: 0.049864ms
 3: 0.230072ms
 4: 0.062834ms
 5: 0.809927ms
 6: 0.062289ms
 7: 0.110937ms
 8: 0.059564ms
 9: 0.057085ms
 10: 0.050668ms
 11: 0.134129ms
 12: 0.046533ms
 13: 0.051901ms
 14: 0.152501ms
 15: 0.050593ms
 16: 0.052593ms
 17: 0.050592ms
 18: 0.050909ms
 19: 0.048249ms
 20: 0.047301ms
 21: 0.160954ms
 22: 0.052086ms
 23: 0.136043ms
 24: 0.054140ms
 25: 0.046941ms
 26: 0.055407ms
 27: 0.052456ms
 28: 0.047537ms
 29: 0.051600ms
 30: 0.054019ms
 31: 0.052588ms
 32: 0.052077ms
 33: 0.056607ms
 34: 0.053332ms
 35: 0.049779ms
 36: 0.050862ms
 37: 0.178423ms
 38: 0.085574ms
 39: 0.056172ms
 40: 0.054850ms
 41: 0.051644ms
 42: 0.069833ms
 43: 0.052116ms
 44: 0.046394ms
 45: 0.046546ms
 46: 0.050087ms
 47: 0.053363ms
 48: 0.051412ms
 49: 0.055964ms
 50: 0.050198ms
 51: 0.051023ms
 52: 0.045732ms
 53: 0.049948ms
 54: 0.055078ms
 55: 0.073933ms
 56: 0.054335ms
 57: 0.050879ms
 58: 0.047223ms
 59: 0.051211ms
 60: 0.047797ms
 61: 0.050954ms
 62: 0.053570ms
 63: 0.051597ms
 64: 0.102744ms
 65: 0.053595ms
 66: 0.046247ms
 67: 0.059405ms
 68: 0.191484ms
 69: 0.050271ms
 70: 0.046233ms
 71: 0.047155ms
 72: 0.047521ms
 73: 0.052030ms
 74: 0.057182ms
 75: 0.057038ms
 76: 0.051663ms
 77: 0.053245ms
 78: 0.047589ms
 79: 0.054134ms
 80: 0.114984ms
 81: 0.051852ms
 82: 0.048044ms
 83: 0.050915ms
 84: 0.052198ms
 85: 0.057946ms
 86: 0.050486ms
 87: 0.067710ms
 88: 0.051108ms
 89: 0.057158ms
 90: 0.050554ms
 91: 0.055624ms
 92: 0.053317ms
 93: 0.048878ms
 94: 0.072249ms
 95: 0.055393ms
 96: 0.052073ms
 97: 0.060105ms
 98: 0.058598ms
 99: 0.045964ms
 100: 0.053560ms
 101: 0.054672ms
 102: 0.073949ms
 103: 0.050857ms
 104: 0.050468ms
 105: 0.055510ms
 106: 0.052047ms
 107: 0.053092ms
 108: 0.052339ms
 109: 0.047262ms
 110: 0.050223ms
 111: 0.061454ms
 112: 0.050651ms
 113: 0.052614ms
 114: 0.073086ms
 115: 0.050513ms
 116: 0.047817ms
 117: 0.052619ms
 118: 0.052375ms
 119: 0.046360ms
 120: 0.047198ms
 121: 0.055798ms
 122: 0.050831ms
 123: 0.054170ms
 124: 0.051020ms
 125: 0.046517ms
 126: 0.051546ms
 127: 0.054230ms
 128: 0.054423ms
 129: 0.052461ms
 130: 0.048066ms
 131: 0.046421ms
 132: 0.185923ms
 133: 0.056533ms
 134: 0.047057ms
 135: 0.046825ms
 136: 0.071242ms
 137: 0.051861ms
 138: 0.049757ms
 139: 0.046636ms
 140: 0.060077ms
 141: 0.048190ms
 142: 0.047284ms
 143: 0.049650ms
 144: 0.058090ms
 145: 0.067861ms
 146: 0.070387ms
 147: 0.051649ms
 148: 0.046913ms
 149: 0.051160ms
 150: 0.053349ms
 151: 0.053362ms
 152: 0.050269ms
 153: 0.123380ms
 154: 0.057191ms
 155: 0.055116ms
 156: 0.054556ms
 157: 0.050119ms
 158: 0.048158ms
 159: 0.050590ms
 160: 0.052546ms
 161: 0.054116ms
 162: 0.071387ms
 163: 0.053685ms
 164: 0.052654ms
 165: 0.045454ms
 166: 0.061645ms
 167: 0.045946ms
 168: 0.043682ms
 169: 0.051231ms
 170: 0.044481ms
 171: 0.053931ms
 172: 0.051667ms
 173: 0.047377ms
 174: 0.049274ms
 175: 0.068175ms
 176: 0.045936ms
 177: 0.050806ms
 178: 0.053717ms
 179: 0.055505ms
 180: 0.051971ms
 181: 0.050871ms
 182: 0.054963ms
 183: 0.048257ms
 184: 0.045585ms
 185: 0.057569ms
 186: 0.053339ms
 187: 0.045410ms
 188: 0.044861ms
 189: 0.069048ms
 190: 0.048668ms
 191: 0.045512ms
 192: 0.046144ms
 193: 0.051937ms
 194: 0.046556ms
 195: 0.048960ms
 196: 0.043974ms
 197: 0.050529ms
 198: 0.050688ms
 199: 0.045815ms


-- Real : Q1: 50 Q2: 100 Q3: 150
-- Array: Q1: 49 Q2: 99 Q3: 149
Printing sorted runtimes:
 0: 0.046517ms
 1: 0.045815ms
 2: 0.046360ms
 3: 0.046421ms
 4: 0.045964ms
 5: 0.043974ms
 6: 0.046233ms
 7: 0.046247ms
 8: 0.045454ms
 9: 0.046144ms
 10: 0.045946ms
 11: 0.045512ms
 12: 0.043682ms
 13: 0.044481ms
 14: 0.045732ms
 15: 0.046394ms
 16: 0.045936ms
 17: 0.045585ms
 18: 0.045410ms
 19: 0.044861ms
 20: 0.048249ms
 21: 0.046636ms
 22: 0.048190ms
 23: 0.047284ms
 24: 0.046825ms
 25: 0.046941ms
 26: 0.046913ms
 27: 0.048044ms
 28: 0.047537ms
 29: 0.047057ms
 30: 0.047589ms
 31: 0.047198ms
 32: 0.047262ms
 33: 0.048158ms
 34: 0.047817ms
 35: 0.047301ms
 36: 0.047521ms
 37: 0.047155ms
 38: 0.046556ms
 39: 0.047797ms
 40: 0.047223ms
 41: 0.046533ms
 42: 0.047377ms
 43: 0.048066ms
 44: 0.046546ms
 45: 0.048668ms
 46: 0.048257ms
 47: 0.048960ms
 48: 0.048878ms
 49: 0.049274ms
 50: 0.049650ms
 51: 0.049779ms
 52: 0.049757ms
 53: 0.051901ms
 54: 0.049948ms
 55: 0.051231ms
 56: 0.051644ms
 57: 0.050879ms
 58: 0.051023ms
 59: 0.051211ms
 60: 0.050513ms
 61: 0.050954ms
 62: 0.050668ms
 63: 0.051597ms
 64: 0.050087ms
 65: 0.050688ms
 66: 0.050806ms
 67: 0.050223ms
 68: 0.050590ms
 69: 0.050271ms
 70: 0.050198ms
 71: 0.050529ms
 72: 0.050862ms
 73: 0.050593ms
 74: 0.050871ms
 75: 0.050119ms
 76: 0.051663ms
 77: 0.049864ms
 78: 0.051667ms
 79: 0.050269ms
 80: 0.051600ms
 81: 0.051852ms
 82: 0.050831ms
 83: 0.050915ms
 84: 0.050468ms
 85: 0.050857ms
 86: 0.050486ms
 87: 0.051160ms
 88: 0.051108ms
 89: 0.050592ms
 90: 0.050554ms
 91: 0.051649ms
 92: 0.051546ms
 93: 0.051412ms
 94: 0.050651ms
 95: 0.050909ms
 96: 0.051861ms
 97: 0.051020ms
 98: 0.051971ms
 99: 0.051937ms
 100: 0.052030ms
 101: 0.055556ms
 102: 0.052077ms
 103: 0.052073ms
 104: 0.052086ms
 105: 0.053362ms
 106: 0.052198ms
 107: 0.053092ms
 108: 0.052339ms
 109: 0.053245ms
 110: 0.052546ms
 111: 0.052654ms
 112: 0.053349ms
 113: 0.052614ms
 114: 0.052116ms
 115: 0.052593ms
 116: 0.053332ms
 117: 0.052619ms
 118: 0.052375ms
 119: 0.053317ms
 120: 0.052588ms
 121: 0.052461ms
 122: 0.052456ms
 123: 0.053339ms
 124: 0.053363ms
 125: 0.053560ms
 126: 0.054170ms
 127: 0.054230ms
 128: 0.054423ms
 129: 0.052047ms
 130: 0.054140ms
 131: 0.055407ms
 132: 0.054019ms
 133: 0.054963ms
 134: 0.055510ms
 135: 0.055505ms
 136: 0.053717ms
 137: 0.054672ms
 138: 0.054850ms
 139: 0.053931ms
 140: 0.055078ms
 141: 0.054335ms
 142: 0.055393ms
 143: 0.053570ms
 144: 0.053595ms
 145: 0.053685ms
 146: 0.054116ms
 147: 0.054556ms
 148: 0.055116ms
 149: 0.054134ms
 150: 0.055624ms
 151: 0.055798ms
 152: 0.056172ms
 153: 0.056607ms
 154: 0.057191ms
 155: 0.057158ms
 156: 0.057946ms
 157: 0.057038ms
 158: 0.057182ms
 159: 0.055964ms
 160: 0.056533ms
 161: 0.057569ms
 162: 0.057085ms
 163: 0.067861ms
 164: 0.058090ms
 165: 0.059564ms
 166: 0.061645ms
 167: 0.061454ms
 168: 0.060105ms
 169: 0.059405ms
 170: 0.060077ms
 171: 0.058598ms
 172: 0.062289ms
 173: 0.062834ms
 174: 0.067710ms
 175: 0.068175ms
 176: 0.188904ms
 177: 0.085574ms
 178: 0.071242ms
 179: 0.073949ms
 180: 0.178423ms
 181: 0.069833ms
 182: 0.073933ms
 183: 0.185923ms
 184: 0.072249ms
 185: 0.102744ms
 186: 0.073086ms
 187: 0.136043ms
 188: 0.160954ms
 189: 0.069048ms
 190: 0.152501ms
 191: 0.134129ms
 192: 0.071387ms
 193: 0.070387ms
 194: 0.110937ms
 195: 0.191484ms
 196: 0.809927ms
 197: 0.123380ms
 198: 0.230072ms
 199: 0.114984ms


Measurements
--------------------------
FFT Size            : 48^3
Threads             : 38
Batch               : 1
Iterations          : 200
Avg Tot Runtime     : 0.063296 ms
Runtime per batch   : 0.063296 ms
SD                  : 0.059656 ms
Q1                  : 0.049274 ms
Median              : 0.051984 ms
Q3                  : 0.054134 ms
