Expm 2: Streaming FFT

Printing individual runtimes:
 0: 0.189011ms
 1: 0.058956ms
 2: 0.046926ms
 3: 0.614448ms
 4: 0.051467ms
 5: 0.051524ms
 6: 0.047675ms
 7: 0.061899ms
 8: 0.059736ms
 9: 0.047991ms
 10: 0.188576ms
 11: 0.042605ms
 12: 0.048395ms
 13: 0.048912ms
 14: 0.216085ms
 15: 0.049891ms
 16: 0.050911ms
 17: 0.046787ms
 18: 0.041910ms
 19: 0.045658ms
 20: 0.049214ms
 21: 0.238667ms
 22: 0.042253ms
 23: 0.051365ms
 24: 0.045184ms
 25: 0.053613ms
 26: 0.044569ms
 27: 0.051940ms
 28: 0.192025ms
 29: 0.052506ms
 30: 0.051759ms
 31: 0.063710ms
 32: 0.041515ms
 33: 0.038187ms
 34: 0.060242ms
 35: 0.223594ms
 36: 0.055959ms
 37: 0.057366ms
 38: 0.052907ms
 39: 0.050051ms
 40: 0.061918ms
 41: 0.044147ms
 42: 0.046898ms
 43: 0.052044ms
 44: 0.182802ms
 45: 0.043512ms
 46: 0.041244ms
 47: 0.049770ms
 48: 0.048839ms
 49: 0.061584ms
 50: 0.050853ms
 51: 0.050030ms
 52: 0.049658ms
 53: 0.047999ms
 54: 0.048615ms
 55: 0.216582ms
 56: 0.044944ms
 57: 0.053005ms
 58: 0.058977ms
 59: 0.050696ms
 60: 0.049333ms
 61: 0.069684ms
 62: 0.044172ms
 63: 0.054343ms
 64: 0.040012ms
 65: 0.060342ms
 66: 0.047825ms
 67: 0.046980ms
 68: 0.053327ms
 69: 0.043079ms
 70: 0.237799ms
 71: 0.061190ms
 72: 0.048147ms
 73: 0.067873ms
 74: 0.061490ms
 75: 0.051288ms
 76: 0.057935ms
 77: 0.042640ms
 78: 0.047380ms
 79: 0.051174ms
 80: 0.047930ms
 81: 0.041218ms
 82: 0.046794ms
 83: 0.047578ms
 84: 0.258046ms
 85: 0.047865ms
 86: 0.051839ms
 87: 0.057419ms
 88: 0.042676ms
 89: 0.063044ms
 90: 0.044922ms
 91: 0.052632ms
 92: 0.062224ms
 93: 0.051652ms
 94: 0.050197ms
 95: 0.049233ms
 96: 0.047851ms
 97: 0.046854ms
 98: 0.060658ms
 99: 0.057679ms
 100: 0.053381ms
 101: 0.189043ms
 102: 0.061625ms
 103: 0.048160ms
 104: 0.062373ms
 105: 0.044529ms
 106: 0.032004ms
 107: 0.051833ms
 108: 0.047396ms
 109: 0.049583ms
 110: 0.051884ms
 111: 0.049164ms
 112: 0.047255ms
 113: 0.043415ms
 114: 0.058104ms
 115: 0.053412ms
 116: 0.042617ms
 117: 0.043043ms
 118: 0.044253ms
 119: 0.043106ms
 120: 0.054995ms
 121: 0.049478ms
 122: 0.047615ms
 123: 0.043525ms
 124: 0.040890ms
 125: 0.201818ms
 126: 0.048068ms
 127: 0.042619ms
 128: 0.048573ms
 129: 0.043176ms
 130: 0.051051ms
 131: 0.046979ms
 132: 0.058717ms
 133: 0.044227ms
 134: 0.048037ms
 135: 0.062516ms
 136: 0.048329ms
 137: 0.063249ms
 138: 0.053029ms
 139: 0.055225ms
 140: 0.070882ms
 141: 0.050318ms
 142: 0.050420ms
 143: 0.049063ms
 144: 0.042485ms
 145: 0.050541ms
 146: 0.061379ms
 147: 0.045519ms
 148: 0.059854ms
 149: 0.050989ms
 150: 0.046869ms
 151: 0.042517ms
 152: 0.060786ms
 153: 0.051315ms
 154: 0.057297ms
 155: 0.050083ms
 156: 0.064555ms
 157: 0.059548ms
 158: 0.048144ms
 159: 0.056187ms
 160: 0.060059ms
 161: 0.040985ms
 162: 0.056447ms
 163: 0.042136ms
 164: 0.058533ms
 165: 0.047773ms
 166: 0.061345ms
 167: 0.044377ms
 168: 0.057839ms
 169: 0.052464ms
 170: 0.186077ms
 171: 0.068199ms
 172: 0.050226ms
 173: 0.078259ms
 174: 0.049676ms
 175: 0.067199ms
 176: 0.050898ms
 177: 0.041846ms
 178: 0.048954ms
 179: 0.048368ms
 180: 0.050385ms
 181: 0.049975ms
 182: 0.049407ms
 183: 0.048269ms
 184: 0.047845ms
 185: 0.047789ms
 186: 0.050138ms
 187: 0.042868ms
 188: 0.062193ms
 189: 0.062153ms
 190: 0.052141ms
 191: 0.044341ms
 192: 0.050278ms
 193: 0.051933ms
 194: 0.053565ms
 195: 0.047882ms
 196: 0.047083ms
 197: 0.051542ms
 198: 0.049565ms
 199: 0.062140ms


-- Real : Q1: 50 Q2: 100 Q3: 150
-- Array: Q1: 49 Q2: 99 Q3: 149
Printing sorted runtimes:
 0: 0.047255ms
 1: 0.043415ms
 2: 0.046926ms
 3: 0.042517ms
 4: 0.046869ms
 5: 0.042617ms
 6: 0.032004ms
 7: 0.047083ms
 8: 0.044529ms
 9: 0.042136ms
 10: 0.045519ms
 11: 0.042605ms
 12: 0.043043ms
 13: 0.044253ms
 14: 0.043106ms
 15: 0.044377ms
 16: 0.046854ms
 17: 0.046787ms
 18: 0.041910ms
 19: 0.045658ms
 20: 0.043525ms
 21: 0.044922ms
 22: 0.042253ms
 23: 0.040890ms
 24: 0.045184ms
 25: 0.042485ms
 26: 0.044569ms
 27: 0.042676ms
 28: 0.044341ms
 29: 0.042619ms
 30: 0.046794ms
 31: 0.041218ms
 32: 0.041515ms
 33: 0.038187ms
 34: 0.042868ms
 35: 0.042640ms
 36: 0.041846ms
 37: 0.040985ms
 38: 0.043079ms
 39: 0.043176ms
 40: 0.046980ms
 41: 0.044147ms
 42: 0.046898ms
 43: 0.044227ms
 44: 0.040012ms
 45: 0.043512ms
 46: 0.041244ms
 47: 0.044172ms
 48: 0.046979ms
 49: 0.044944ms
 50: 0.047380ms
 51: 0.048395ms
 52: 0.047578ms
 53: 0.047615ms
 54: 0.047773ms
 55: 0.047675ms
 56: 0.047789ms
 57: 0.047825ms
 58: 0.047845ms
 59: 0.047865ms
 60: 0.047882ms
 61: 0.047851ms
 62: 0.047930ms
 63: 0.047396ms
 64: 0.048068ms
 65: 0.048368ms
 66: 0.047999ms
 67: 0.048269ms
 68: 0.048160ms
 69: 0.048037ms
 70: 0.047991ms
 71: 0.048329ms
 72: 0.048147ms
 73: 0.048144ms
 74: 0.049214ms
 75: 0.048954ms
 76: 0.048573ms
 77: 0.049063ms
 78: 0.048839ms
 79: 0.048912ms
 80: 0.049164ms
 81: 0.048615ms
 82: 0.050278ms
 83: 0.049583ms
 84: 0.049333ms
 85: 0.049565ms
 86: 0.049891ms
 87: 0.049975ms
 88: 0.049407ms
 89: 0.049658ms
 90: 0.049233ms
 91: 0.049676ms
 92: 0.050030ms
 93: 0.049478ms
 94: 0.050197ms
 95: 0.049770ms
 96: 0.050051ms
 97: 0.050138ms
 98: 0.050226ms
 99: 0.050083ms
 100: 0.050318ms
 101: 0.050853ms
 102: 0.050385ms
 103: 0.050420ms
 104: 0.050696ms
 105: 0.050541ms
 106: 0.051365ms
 107: 0.050911ms
 108: 0.051051ms
 109: 0.050989ms
 110: 0.051288ms
 111: 0.051174ms
 112: 0.051315ms
 113: 0.050898ms
 114: 0.053613ms
 115: 0.053412ms
 116: 0.051833ms
 117: 0.051467ms
 118: 0.053381ms
 119: 0.051524ms
 120: 0.052506ms
 121: 0.051652ms
 122: 0.053565ms
 123: 0.052632ms
 124: 0.052464ms
 125: 0.051759ms
 126: 0.051933ms
 127: 0.051839ms
 128: 0.051884ms
 129: 0.053327ms
 130: 0.052141ms
 131: 0.053005ms
 132: 0.051542ms
 133: 0.052044ms
 134: 0.052907ms
 135: 0.051940ms
 136: 0.053029ms
 137: 0.058104ms
 138: 0.055959ms
 139: 0.055225ms
 140: 0.054343ms
 141: 0.056447ms
 142: 0.054995ms
 143: 0.057366ms
 144: 0.056187ms
 145: 0.057935ms
 146: 0.057419ms
 147: 0.057839ms
 148: 0.057297ms
 149: 0.057679ms
 150: 0.058533ms
 151: 0.058717ms
 152: 0.058956ms
 153: 0.060786ms
 154: 0.059854ms
 155: 0.061379ms
 156: 0.064555ms
 157: 0.059548ms
 158: 0.070882ms
 159: 0.063249ms
 160: 0.060059ms
 161: 0.062516ms
 162: 0.201818ms
 163: 0.062373ms
 164: 0.061625ms
 165: 0.189043ms
 166: 0.061345ms
 167: 0.060658ms
 168: 0.062224ms
 169: 0.063044ms
 170: 0.186077ms
 171: 0.068199ms
 172: 0.258046ms
 173: 0.078259ms
 174: 0.061490ms
 175: 0.067199ms
 176: 0.067873ms
 177: 0.061190ms
 178: 0.237799ms
 179: 0.060342ms
 180: 0.069684ms
 181: 0.058977ms
 182: 0.216582ms
 183: 0.061584ms
 184: 0.182802ms
 185: 0.061918ms
 186: 0.223594ms
 187: 0.060242ms
 188: 0.062193ms
 189: 0.062153ms
 190: 0.063710ms
 191: 0.192025ms
 192: 0.238667ms
 193: 0.216085ms
 194: 0.188576ms
 195: 0.059736ms
 196: 0.061899ms
 197: 0.614448ms
 198: 0.189011ms
 199: 0.062140ms


Measurements
--------------------------
FFT Size            : 48^3
Threads             : 24
Batch               : 1
Iterations          : 200
Avg Tot Runtime     : 0.064323 ms
Runtime per batch   : 0.064323 ms
SD                  : 0.055863 ms
Q1                  : 0.044944 ms
Median              : 0.050201 ms
Q3                  : 0.057679 ms
