Expm 2: Streaming FFT

Printing individual runtimes:
 0: 0.169343ms
 1: 0.051077ms
 2: 0.048732ms
 3: 0.159627ms
 4: 0.049363ms
 5: 0.055010ms
 6: 0.047347ms
 7: 0.050540ms
 8: 0.051420ms
 9: 0.049808ms
 10: 0.157228ms
 11: 0.050146ms
 12: 0.053113ms
 13: 0.059139ms
 14: 0.050328ms
 15: 0.050357ms
 16: 0.048145ms
 17: 0.175681ms
 18: 0.049069ms
 19: 0.049547ms
 20: 0.049138ms
 21: 0.052404ms
 22: 0.050438ms
 23: 0.049345ms
 24: 0.055231ms
 25: 0.048893ms
 26: 0.059055ms
 27: 0.049829ms
 28: 0.059186ms
 29: 0.049644ms
 30: 0.050868ms
 31: 0.161622ms
 32: 0.040382ms
 33: 0.048987ms
 34: 0.050035ms
 35: 0.049382ms
 36: 0.051522ms
 37: 0.047644ms
 38: 0.049396ms
 39: 0.051016ms
 40: 0.055039ms
 41: 0.056582ms
 42: 0.048445ms
 43: 0.049410ms
 44: 0.050729ms
 45: 0.048789ms
 46: 0.056736ms
 47: 0.049574ms
 48: 0.057884ms
 49: 0.058204ms
 50: 0.061861ms
 51: 0.050264ms
 52: 0.053832ms
 53: 0.049591ms
 54: 0.048722ms
 55: 0.058556ms
 56: 0.063086ms
 57: 0.050013ms
 58: 0.058020ms
 59: 0.050334ms
 60: 0.158587ms
 61: 0.059063ms
 62: 0.049283ms
 63: 0.052167ms
 64: 0.057107ms
 65: 0.049671ms
 66: 0.047587ms
 67: 0.052443ms
 68: 0.049188ms
 69: 0.047807ms
 70: 0.048676ms
 71: 0.049235ms
 72: 0.049202ms
 73: 0.049704ms
 74: 0.041127ms
 75: 0.048948ms
 76: 0.050998ms
 77: 0.050264ms
 78: 0.049659ms
 79: 0.050514ms
 80: 0.048727ms
 81: 0.052729ms
 82: 0.059129ms
 83: 0.051093ms
 84: 0.078526ms
 85: 0.049478ms
 86: 0.048741ms
 87: 0.048332ms
 88: 0.048204ms
 89: 0.147406ms
 90: 0.050696ms
 91: 0.050067ms
 92: 0.054526ms
 93: 0.056263ms
 94: 0.050615ms
 95: 0.053131ms
 96: 0.048609ms
 97: 0.059364ms
 98: 0.060847ms
 99: 0.052882ms
 100: 0.049794ms
 101: 0.049262ms
 102: 0.057804ms
 103: 0.050877ms
 104: 0.047793ms
 105: 0.048484ms
 106: 0.062236ms
 107: 0.049976ms
 108: 0.048023ms
 109: 0.054479ms
 110: 0.048604ms
 111: 0.059491ms
 112: 0.050035ms
 113: 0.051096ms
 114: 0.058934ms
 115: 0.049717ms
 116: 0.054308ms
 117: 0.058974ms
 118: 0.048640ms
 119: 0.048756ms
 120: 0.050707ms
 121: 0.065466ms
 122: 0.048168ms
 123: 0.050811ms
 124: 0.051029ms
 125: 0.051905ms
 126: 0.049429ms
 127: 0.055497ms
 128: 0.049976ms
 129: 0.049386ms
 130: 0.050066ms
 131: 0.049967ms
 132: 0.051325ms
 133: 0.049346ms
 134: 0.047829ms
 135: 0.049627ms
 136: 0.049173ms
 137: 0.051912ms
 138: 0.049189ms
 139: 0.050355ms
 140: 0.049233ms
 141: 0.050168ms
 142: 0.059046ms
 143: 0.050140ms
 144: 0.149001ms
 145: 0.050597ms
 146: 0.050985ms
 147: 0.048989ms
 148: 0.048039ms
 149: 0.048393ms
 150: 0.047611ms
 151: 0.049336ms
 152: 0.055486ms
 153: 0.049706ms
 154: 0.073667ms
 155: 0.050779ms
 156: 0.048896ms
 157: 0.065586ms
 158: 0.057707ms
 159: 0.057096ms
 160: 0.061129ms
 161: 0.049843ms
 162: 0.058279ms
 163: 0.051572ms
 164: 0.049703ms
 165: 0.049275ms
 166: 0.058799ms
 167: 0.050567ms
 168: 0.049019ms
 169: 0.061568ms
 170: 0.049858ms
 171: 0.058247ms
 172: 0.050746ms
 173: 0.048545ms
 174: 0.050667ms
 175: 0.050207ms
 176: 0.063195ms
 177: 0.049176ms
 178: 0.051375ms
 179: 0.068410ms
 180: 0.049083ms
 181: 0.050146ms
 182: 0.057569ms
 183: 0.047990ms
 184: 0.061942ms
 185: 0.050677ms
 186: 0.050872ms
 187: 0.051304ms
 188: 0.055859ms
 189: 0.052011ms
 190: 0.051679ms
 191: 0.056735ms
 192: 0.047942ms
 193: 0.063410ms
 194: 0.052182ms
 195: 0.048719ms
 196: 0.052463ms
 197: 0.053638ms
 198: 0.049804ms
 199: 0.065979ms


-- Real : Q1: 50 Q2: 100 Q3: 150
-- Array: Q1: 49 Q2: 99 Q3: 149
Printing sorted runtimes:
 0: 0.048640ms
 1: 0.047807ms
 2: 0.041127ms
 3: 0.047587ms
 4: 0.048039ms
 5: 0.047942ms
 6: 0.047347ms
 7: 0.048393ms
 8: 0.047611ms
 9: 0.048168ms
 10: 0.048604ms
 11: 0.048332ms
 12: 0.047990ms
 13: 0.048023ms
 14: 0.048484ms
 15: 0.047793ms
 16: 0.048145ms
 17: 0.048445ms
 18: 0.048204ms
 19: 0.047644ms
 20: 0.040382ms
 21: 0.047829ms
 22: 0.048609ms
 23: 0.048545ms
 24: 0.048893ms
 25: 0.048676ms
 26: 0.048732ms
 27: 0.048719ms
 28: 0.048756ms
 29: 0.048727ms
 30: 0.048722ms
 31: 0.048741ms
 32: 0.048789ms
 33: 0.048987ms
 34: 0.048948ms
 35: 0.048896ms
 36: 0.049176ms
 37: 0.049173ms
 38: 0.048989ms
 39: 0.049138ms
 40: 0.049019ms
 41: 0.049069ms
 42: 0.049083ms
 43: 0.049235ms
 44: 0.049233ms
 45: 0.049189ms
 46: 0.049188ms
 47: 0.049202ms
 48: 0.049275ms
 49: 0.049262ms
 50: 0.049283ms
 51: 0.050328ms
 52: 0.049345ms
 53: 0.049346ms
 54: 0.049363ms
 55: 0.049386ms
 56: 0.049478ms
 57: 0.049382ms
 58: 0.049547ms
 59: 0.049396ms
 60: 0.049429ms
 61: 0.049410ms
 62: 0.049591ms
 63: 0.049574ms
 64: 0.049627ms
 65: 0.049671ms
 66: 0.049659ms
 67: 0.049794ms
 68: 0.049717ms
 69: 0.049804ms
 70: 0.049644ms
 71: 0.049706ms
 72: 0.049703ms
 73: 0.049704ms
 74: 0.049976ms
 75: 0.049336ms
 76: 0.050207ms
 77: 0.050264ms
 78: 0.050066ms
 79: 0.049967ms
 80: 0.050013ms
 81: 0.050140ms
 82: 0.050168ms
 83: 0.049808ms
 84: 0.049829ms
 85: 0.050264ms
 86: 0.049843ms
 87: 0.050035ms
 88: 0.049976ms
 89: 0.050146ms
 90: 0.050146ms
 91: 0.050067ms
 92: 0.049858ms
 93: 0.050035ms
 94: 0.050357ms
 95: 0.050334ms
 96: 0.050355ms
 97: 0.050540ms
 98: 0.050514ms
 99: 0.050438ms
 100: 0.050567ms
 101: 0.053638ms
 102: 0.050615ms
 103: 0.050667ms
 104: 0.050677ms
 105: 0.050696ms
 106: 0.050877ms
 107: 0.050868ms
 108: 0.050746ms
 109: 0.051905ms
 110: 0.051016ms
 111: 0.051029ms
 112: 0.050729ms
 113: 0.050811ms
 114: 0.050779ms
 115: 0.050872ms
 116: 0.050707ms
 117: 0.050998ms
 118: 0.051077ms
 119: 0.051679ms
 120: 0.051304ms
 121: 0.051420ms
 122: 0.051375ms
 123: 0.051096ms
 124: 0.051522ms
 125: 0.050985ms
 126: 0.051572ms
 127: 0.051093ms
 128: 0.051325ms
 129: 0.052404ms
 130: 0.052882ms
 131: 0.050597ms
 132: 0.052463ms
 133: 0.052182ms
 134: 0.053131ms
 135: 0.053113ms
 136: 0.052167ms
 137: 0.051912ms
 138: 0.052443ms
 139: 0.052729ms
 140: 0.052011ms
 141: 0.055486ms
 142: 0.055231ms
 143: 0.054479ms
 144: 0.054308ms
 145: 0.055010ms
 146: 0.053832ms
 147: 0.054526ms
 148: 0.055039ms
 149: 0.055497ms
 150: 0.055859ms
 151: 0.057804ms
 152: 0.058020ms
 153: 0.057569ms
 154: 0.056263ms
 155: 0.057107ms
 156: 0.056582ms
 157: 0.056736ms
 158: 0.057707ms
 159: 0.057096ms
 160: 0.057884ms
 161: 0.056735ms
 162: 0.058279ms
 163: 0.058204ms
 164: 0.061129ms
 165: 0.065586ms
 166: 0.058799ms
 167: 0.061861ms
 168: 0.073667ms
 169: 0.061568ms
 170: 0.059491ms
 171: 0.058247ms
 172: 0.161622ms
 173: 0.059186ms
 174: 0.059055ms
 175: 0.058556ms
 176: 0.063195ms
 177: 0.063086ms
 178: 0.058934ms
 179: 0.068410ms
 180: 0.175681ms
 181: 0.059139ms
 182: 0.158587ms
 183: 0.059063ms
 184: 0.061942ms
 185: 0.157228ms
 186: 0.065466ms
 187: 0.149001ms
 188: 0.059046ms
 189: 0.059129ms
 190: 0.058974ms
 191: 0.078526ms
 192: 0.147406ms
 193: 0.063410ms
 194: 0.059364ms
 195: 0.159627ms
 196: 0.062236ms
 197: 0.060847ms
 198: 0.169343ms
 199: 0.065979ms


Measurements
--------------------------
FFT Size            : 48^3
Threads             : 23
Batch               : 1
Iterations          : 200
Avg Tot Runtime     : 0.056672 ms
Runtime per batch   : 0.056672 ms
SD                  : 0.021725 ms
Q1                  : 0.049262 ms
Median              : 0.050503 ms
Q3                  : 0.055497 ms
