Expm 2: Streaming FFTW
FFTW Plan: Patient
-- Cannot import wisdom from ../../wisdom/singlenode/all/322/fftw_322_t39_b1.patient
-- Exporting wisdom file to ../../wisdom/singlenode/all/322/fftw_322_t39_b1.patient
Iteration: 0, 1, 2, 3, 4, 5, 6, 7, 8, 9, 10, 11, 12, 13, 14, 15, 16, 17, 18, 19, 20, 21, 22, 23, 24, 25, 26, 27, 28, 29, 30, 31, 32, 33, 34, 35, 36, 37, 38, 39, 40, 41, 42, 43, 44, 45, 46, 47, 48, 49, 
Printing individual runtimes:
 0: 46.030326ms
 1: 46.158913ms
 2: 45.975667ms
 3: 45.981213ms
 4: 46.020319ms
 5: 45.853848ms
 6: 46.021763ms
 7: 45.901197ms
 8: 46.211875ms
 9: 46.113428ms
 10: 45.939569ms
 11: 46.105898ms
 12: 46.234170ms
 13: 45.890238ms
 14: 45.781360ms
 15: 46.096379ms
 16: 46.151493ms
 17: 46.055338ms
 18: 45.973148ms
 19: 45.981995ms
 20: 46.005517ms
 21: 45.765760ms
 22: 46.869942ms
 23: 129.738880ms
 24: 127.557729ms
 25: 45.963587ms
 26: 45.974605ms
 27: 56.756290ms
 28: 45.961068ms
 29: 46.113821ms
 30: 45.995891ms
 31: 45.947904ms
 32: 46.086404ms
 33: 45.695821ms
 34: 45.774058ms
 35: 46.196776ms
 36: 46.066218ms
 37: 45.855647ms
 38: 45.947764ms
 39: 45.725590ms
 40: 46.057298ms
 41: 46.105276ms
 42: 45.894921ms
 43: 45.934592ms
 44: 45.979837ms
 45: 46.989461ms
 46: 45.677059ms
 47: 45.784196ms
 48: 45.991385ms
 49: 45.819875ms


Measurements
--------------------------
FFT Size            : 322^3
Threads             : 39
Batch               : 1
Iterations          : 50
Avg Tot Runtime     : 49.534226 ms
Runtime per batch   : 49.534226 ms
SD                  : 16.221974 ms
Throughput          : 3.090753 GFLOPs
Plan Time           : 84.156757 sec
