Expm 2: Streaming FFTW
FFTW Plan: Patient
-- Cannot import wisdom from ../../wisdom/singlenode/all/322/fftw_322_t37_b1.patient
-- Exporting wisdom file to ../../wisdom/singlenode/all/322/fftw_322_t37_b1.patient
Iteration: 0, 1, 2, 3, 4, 5, 6, 7, 8, 9, 10, 11, 12, 13, 14, 15, 16, 17, 18, 19, 20, 21, 22, 23, 24, 25, 26, 27, 28, 29, 30, 31, 32, 33, 34, 35, 36, 37, 38, 39, 40, 41, 42, 43, 44, 45, 46, 47, 48, 49, 
Printing individual runtimes:
 0: 46.006869ms
 1: 47.054792ms
 2: 45.636382ms
 3: 45.534792ms
 4: 46.421202ms
 5: 46.034493ms
 6: 45.583621ms
 7: 45.502624ms
 8: 45.648946ms
 9: 61.152391ms
 10: 45.491673ms
 11: 45.397033ms
 12: 44.981401ms
 13: 44.783053ms
 14: 44.766298ms
 15: 45.172300ms
 16: 45.121190ms
 17: 45.038902ms
 18: 45.832205ms
 19: 45.446778ms
 20: 45.378585ms
 21: 45.125512ms
 22: 45.436125ms
 23: 118.939036ms
 24: 47.982296ms
 25: 45.353713ms
 26: 45.522721ms
 27: 45.570348ms
 28: 45.553871ms
 29: 45.417690ms
 30: 44.971843ms
 31: 45.607435ms
 32: 45.548294ms
 33: 45.211041ms
 34: 45.432464ms
 35: 45.131293ms
 36: 45.534829ms
 37: 45.763846ms
 38: 45.694122ms
 39: 46.338033ms
 40: 44.971287ms
 41: 45.273839ms
 42: 45.145353ms
 43: 45.871559ms
 44: 45.411719ms
 45: 45.348494ms
 46: 45.597941ms
 47: 45.777069ms
 48: 45.561084ms
 49: 45.973916ms


Measurements
--------------------------
FFT Size            : 322^3
Threads             : 37
Batch               : 1
Iterations          : 50
Avg Tot Runtime     : 47.341046 ms
Runtime per batch   : 47.341046 ms
SD                  : 10.472066 ms
Throughput          : 3.092790 GFLOPs
Plan Time           : 81.246137 sec
