Expm 2: Streaming FFTW
FFTW Plan: Patient
-- Cannot import wisdom from ../../wisdom/singlenode/all/587/fftw_587_t37_b1.patient
-- Exporting wisdom file to ../../wisdom/singlenode/all/587/fftw_587_t37_b1.patient
Iteration: 0, 1, 2, 3, 4, 5, 6, 7, 8, 9, 10, 11, 12, 13, 14, 15, 16, 17, 18, 19, 20, 21, 22, 23, 24, 25, 26, 27, 28, 29, 30, 31, 32, 33, 34, 35, 36, 37, 38, 39, 40, 41, 42, 43, 44, 45, 46, 47, 48, 49, 
Printing individual runtimes:
 0: 287.824848ms
 1: 274.014406ms
 2: 287.997471ms
 3: 287.643162ms
 4: 504.159022ms
 5: 521.488008ms
 6: 271.142054ms
 7: 272.330538ms
 8: 273.793421ms
 9: 269.847014ms
 10: 272.624329ms
 11: 583.641032ms
 12: 507.723048ms
 13: 270.716542ms
 14: 268.285164ms
 15: 265.806213ms
 16: 269.215594ms
 17: 266.222825ms
 18: 266.639859ms
 19: 268.442469ms
 20: 271.903710ms
 21: 270.756608ms
 22: 388.337251ms
 23: 538.997693ms
 24: 406.117314ms
 25: 276.570808ms
 26: 489.238167ms
 27: 477.458130ms
 28: 337.967605ms
 29: 488.712368ms
 30: 507.711874ms
 31: 440.356115ms
 32: 450.389120ms
 33: 270.131098ms
 34: 442.948139ms
 35: 277.126188ms
 36: 503.482387ms
 37: 633.987219ms
 38: 650.140698ms
 39: 592.523835ms
 40: 504.826045ms
 41: 418.608501ms
 42: 534.731316ms
 43: 512.064866ms
 44: 270.758577ms
 45: 501.143785ms
 46: 454.062618ms
 47: 275.274162ms
 48: 272.001402ms
 49: 329.734951ms


Measurements
--------------------------
FFT Size            : 587^3
Threads             : 37
Batch               : 1
Iterations          : 50
Avg Tot Runtime     : 385.552391 ms
Runtime per batch   : 385.552391 ms
SD                  : 121.264898 ms
Throughput          : 26.374000 GFLOPs
Plan Time           : 1011.834365 sec
