Expm 2: Streaming FFTW
FFTW Plan: Patient
-- Cannot import wisdom from ../../wisdom/singlenode/all/587/fftw_587_t40_b1.patient
-- Exporting wisdom file to ../../wisdom/singlenode/all/587/fftw_587_t40_b1.patient
Iteration: 0, 1, 2, 3, 4, 5, 6, 7, 8, 9, 10, 11, 12, 13, 14, 15, 16, 17, 18, 19, 20, 21, 22, 23, 24, 25, 26, 27, 28, 29, 30, 31, 32, 33, 34, 35, 36, 37, 38, 39, 40, 41, 42, 43, 44, 45, 46, 47, 48, 49, 
Printing individual runtimes:
 0: 244.841456ms
 1: 246.696507ms
 2: 518.414650ms
 3: 524.903077ms
 4: 264.045928ms
 5: 250.898808ms
 6: 251.434190ms
 7: 262.803610ms
 8: 264.007721ms
 9: 250.466353ms
 10: 506.934842ms
 11: 458.238906ms
 12: 267.102673ms
 13: 265.775093ms
 14: 345.244758ms
 15: 253.631228ms
 16: 365.271317ms
 17: 266.219225ms
 18: 267.858563ms
 19: 465.717906ms
 20: 455.971705ms
 21: 415.879583ms
 22: 265.824439ms
 23: 265.379688ms
 24: 263.841095ms
 25: 266.540460ms
 26: 321.894137ms
 27: 294.791776ms
 28: 266.147355ms
 29: 246.353407ms
 30: 383.606657ms
 31: 247.336143ms
 32: 247.455041ms
 33: 266.908478ms
 34: 248.107514ms
 35: 247.896558ms
 36: 247.945962ms
 37: 257.017033ms
 38: 248.729607ms
 39: 448.419402ms
 40: 455.535606ms
 41: 252.589116ms
 42: 251.625378ms
 43: 348.599323ms
 44: 474.010150ms
 45: 251.713519ms
 46: 251.915490ms
 47: 251.840457ms
 48: 252.215641ms
 49: 252.124944ms


Measurements
--------------------------
FFT Size            : 587^3
Threads             : 40
Batch               : 1
Iterations          : 50
Avg Tot Runtime     : 309.774449 ms
Runtime per batch   : 309.774449 ms
SD                  : 87.986003 ms
Throughput          : 26.374000 GFLOPs
Plan Time           : 1067.773925 sec
