Expm 2: Streaming FFT

Printing individual runtimes:
 0: 0.277938ms
 1: 0.078163ms
 2: 0.089014ms
 3: 0.543646ms
 4: 0.071630ms
 5: 0.081340ms
 6: 0.065750ms
 7: 0.063440ms
 8: 0.070569ms
 9: 0.078372ms
 10: 0.221749ms
 11: 0.084953ms
 12: 0.064499ms
 13: 0.071984ms
 14: 0.243444ms
 15: 0.079932ms
 16: 0.076367ms
 17: 0.066658ms
 18: 0.069769ms
 19: 0.245406ms
 20: 0.069966ms
 21: 0.069294ms
 22: 0.082695ms
 23: 0.065908ms
 24: 0.088002ms
 25: 0.073271ms
 26: 0.073612ms
 27: 0.269817ms
 28: 0.090557ms
 29: 0.080237ms
 30: 0.073500ms
 31: 0.077650ms
 32: 0.229218ms
 33: 0.078018ms
 34: 0.077250ms
 35: 0.076624ms
 36: 0.087864ms
 37: 0.078396ms
 38: 0.225139ms
 39: 0.090693ms
 40: 0.076468ms
 41: 0.079954ms
 42: 0.072410ms
 43: 0.071076ms
 44: 0.076065ms
 45: 0.072239ms
 46: 0.072001ms
 47: 0.189289ms
 48: 0.078734ms
 49: 0.087605ms
 50: 0.070252ms
 51: 0.082418ms
 52: 0.076157ms
 53: 0.080307ms
 54: 0.070924ms
 55: 0.070244ms
 56: 0.081681ms
 57: 0.081280ms
 58: 0.079072ms
 59: 0.075558ms
 60: 0.075446ms
 61: 0.080420ms
 62: 0.089206ms
 63: 0.069430ms
 64: 0.066292ms
 65: 0.097087ms
 66: 0.068342ms
 67: 0.077221ms
 68: 0.080072ms
 69: 0.070767ms
 70: 0.094626ms
 71: 0.078895ms
 72: 0.076832ms
 73: 0.200531ms
 74: 0.092401ms
 75: 0.081083ms
 76: 0.075942ms
 77: 0.070445ms
 78: 0.076629ms
 79: 0.103096ms
 80: 0.071575ms
 81: 0.082855ms
 82: 0.076177ms
 83: 0.068451ms
 84: 0.072524ms
 85: 0.074796ms
 86: 0.074343ms
 87: 0.074259ms
 88: 0.073469ms
 89: 0.079471ms
 90: 0.091025ms
 91: 0.071745ms
 92: 0.076542ms
 93: 0.077281ms
 94: 0.088921ms
 95: 0.092908ms
 96: 0.075942ms
 97: 0.261867ms
 98: 0.086486ms
 99: 0.066926ms
 100: 0.068461ms
 101: 0.074474ms
 102: 0.082849ms
 103: 0.071610ms
 104: 0.078103ms
 105: 0.070868ms
 106: 0.073066ms
 107: 0.091342ms
 108: 0.093431ms
 109: 0.080014ms
 110: 0.070092ms
 111: 0.072805ms
 112: 0.076877ms
 113: 0.076988ms
 114: 0.090871ms
 115: 0.089862ms
 116: 0.085839ms
 117: 0.093724ms
 118: 0.072874ms
 119: 0.073501ms
 120: 0.076027ms
 121: 0.086044ms
 122: 0.084470ms
 123: 0.076964ms
 124: 0.081856ms
 125: 0.073792ms
 126: 0.085190ms
 127: 0.075814ms
 128: 0.065152ms
 129: 0.080062ms
 130: 0.069903ms
 131: 0.090312ms
 132: 0.089943ms
 133: 0.085347ms
 134: 0.068133ms
 135: 0.087960ms
 136: 0.075588ms
 137: 0.083129ms
 138: 0.078238ms
 139: 0.065949ms
 140: 0.087330ms
 141: 0.071379ms
 142: 0.084291ms
 143: 0.258885ms
 144: 0.077861ms
 145: 0.075607ms
 146: 0.082015ms
 147: 0.078035ms
 148: 0.089062ms
 149: 0.073213ms
 150: 0.067824ms
 151: 0.072303ms
 152: 0.078774ms
 153: 0.067377ms
 154: 0.073462ms
 155: 0.071130ms
 156: 0.077929ms
 157: 0.071002ms
 158: 0.079797ms
 159: 0.076732ms
 160: 0.086314ms
 161: 0.071453ms
 162: 0.088553ms
 163: 0.077871ms
 164: 0.077961ms
 165: 0.084940ms
 166: 0.084418ms
 167: 0.076426ms
 168: 0.078248ms
 169: 0.079806ms
 170: 0.070087ms
 171: 0.090431ms
 172: 0.094219ms
 173: 0.089347ms
 174: 0.082950ms
 175: 0.103005ms
 176: 0.069781ms
 177: 0.076402ms
 178: 0.090885ms
 179: 0.076279ms
 180: 0.082631ms
 181: 0.080657ms
 182: 0.091984ms
 183: 0.082220ms
 184: 0.075039ms
 185: 0.085092ms
 186: 0.070975ms
 187: 0.247614ms
 188: 0.067773ms
 189: 0.100653ms
 190: 0.086064ms
 191: 0.065786ms
 192: 0.060996ms
 193: 0.084475ms
 194: 0.067104ms
 195: 0.067029ms
 196: 0.068561ms
 197: 0.069550ms
 198: 0.072359ms
 199: 0.082218ms


-- Real : Q1: 50 Q2: 100 Q3: 150
-- Array: Q1: 49 Q2: 99 Q3: 149
Printing sorted runtimes:
 0: 0.070868ms
 1: 0.068461ms
 2: 0.069550ms
 3: 0.068561ms
 4: 0.066926ms
 5: 0.067029ms
 6: 0.065750ms
 7: 0.063440ms
 8: 0.070569ms
 9: 0.067104ms
 10: 0.060996ms
 11: 0.065786ms
 12: 0.064499ms
 13: 0.070092ms
 14: 0.067773ms
 15: 0.068451ms
 16: 0.070445ms
 17: 0.066658ms
 18: 0.069769ms
 19: 0.065152ms
 20: 0.069966ms
 21: 0.069294ms
 22: 0.069903ms
 23: 0.065908ms
 24: 0.068133ms
 25: 0.070767ms
 26: 0.068342ms
 27: 0.069781ms
 28: 0.070087ms
 29: 0.065949ms
 30: 0.066292ms
 31: 0.069430ms
 32: 0.070244ms
 33: 0.067824ms
 34: 0.070252ms
 35: 0.067377ms
 36: 0.071453ms
 37: 0.071379ms
 38: 0.070924ms
 39: 0.071002ms
 40: 0.070975ms
 41: 0.071130ms
 42: 0.071076ms
 43: 0.071984ms
 44: 0.071575ms
 45: 0.071610ms
 46: 0.071630ms
 47: 0.071745ms
 48: 0.072239ms
 49: 0.072001ms
 50: 0.072303ms
 51: 0.076426ms
 52: 0.072410ms
 53: 0.072524ms
 54: 0.073066ms
 55: 0.072805ms
 56: 0.073213ms
 57: 0.073462ms
 58: 0.073792ms
 59: 0.075039ms
 60: 0.075446ms
 61: 0.074474ms
 62: 0.075558ms
 63: 0.072874ms
 64: 0.073500ms
 65: 0.073501ms
 66: 0.073612ms
 67: 0.073469ms
 68: 0.074796ms
 69: 0.073271ms
 70: 0.074259ms
 71: 0.074343ms
 72: 0.075588ms
 73: 0.076279ms
 74: 0.075814ms
 75: 0.075607ms
 76: 0.075942ms
 77: 0.075942ms
 78: 0.076157ms
 79: 0.076177ms
 80: 0.076065ms
 81: 0.076027ms
 82: 0.072359ms
 83: 0.076402ms
 84: 0.076367ms
 85: 0.077871ms
 86: 0.076624ms
 87: 0.076629ms
 88: 0.077221ms
 89: 0.076964ms
 90: 0.077650ms
 91: 0.077861ms
 92: 0.076542ms
 93: 0.077281ms
 94: 0.076988ms
 95: 0.076877ms
 96: 0.076832ms
 97: 0.076732ms
 98: 0.076468ms
 99: 0.077250ms
 100: 0.077929ms
 101: 0.082218ms
 102: 0.078018ms
 103: 0.078372ms
 104: 0.078103ms
 105: 0.078163ms
 106: 0.078035ms
 107: 0.078238ms
 108: 0.078248ms
 109: 0.080014ms
 110: 0.079806ms
 111: 0.080657ms
 112: 0.080237ms
 113: 0.078396ms
 114: 0.079797ms
 115: 0.079954ms
 116: 0.078734ms
 117: 0.078774ms
 118: 0.080307ms
 119: 0.079471ms
 120: 0.079072ms
 121: 0.080420ms
 122: 0.079932ms
 123: 0.080072ms
 124: 0.078895ms
 125: 0.081083ms
 126: 0.080062ms
 127: 0.077961ms
 128: 0.081340ms
 129: 0.081681ms
 130: 0.081856ms
 131: 0.081280ms
 132: 0.082015ms
 133: 0.084953ms
 134: 0.082418ms
 135: 0.082695ms
 136: 0.082950ms
 137: 0.083129ms
 138: 0.084470ms
 139: 0.082849ms
 140: 0.082631ms
 141: 0.082220ms
 142: 0.084291ms
 143: 0.084475ms
 144: 0.084940ms
 145: 0.082855ms
 146: 0.084418ms
 147: 0.085190ms
 148: 0.085092ms
 149: 0.085347ms
 150: 0.085839ms
 151: 0.086044ms
 152: 0.086064ms
 153: 0.087605ms
 154: 0.091025ms
 155: 0.092401ms
 156: 0.089862ms
 157: 0.090693ms
 158: 0.090871ms
 159: 0.091342ms
 160: 0.086314ms
 161: 0.088921ms
 162: 0.088553ms
 163: 0.087864ms
 164: 0.089062ms
 165: 0.090312ms
 166: 0.089943ms
 167: 0.089206ms
 168: 0.091984ms
 169: 0.086486ms
 170: 0.090557ms
 171: 0.090431ms
 172: 0.087330ms
 173: 0.089347ms
 174: 0.089014ms
 175: 0.087960ms
 176: 0.090885ms
 177: 0.088002ms
 178: 0.269817ms
 179: 0.103005ms
 180: 0.094219ms
 181: 0.093431ms
 182: 0.261867ms
 183: 0.092908ms
 184: 0.245406ms
 185: 0.229218ms
 186: 0.225139ms
 187: 0.247614ms
 188: 0.243444ms
 189: 0.100653ms
 190: 0.189289ms
 191: 0.093724ms
 192: 0.221749ms
 193: 0.258885ms
 194: 0.097087ms
 195: 0.200531ms
 196: 0.543646ms
 197: 0.103096ms
 198: 0.277938ms
 199: 0.094626ms


Measurements
--------------------------
FFT Size            : 45^3
Threads             : 27
Batch               : 1
Iterations          : 200
Avg Tot Runtime     : 0.090240 ms
Runtime per batch   : 0.090240 ms
SD                  : 0.050963 ms
Q1                  : 0.072001 ms
Median              : 0.077590 ms
Q3                  : 0.085347 ms
