Expm 2: Streaming FFT

Printing individual runtimes:
 0: 0.210663ms
 1: 0.089342ms
 2: 0.101151ms
 3: 0.184764ms
 4: 0.087167ms
 5: 0.594883ms
 6: 0.084795ms
 7: 0.149588ms
 8: 0.099508ms
 9: 0.087636ms
 10: 0.084281ms
 11: 0.093936ms
 12: 0.154129ms
 13: 0.082835ms
 14: 0.214915ms
 15: 0.084367ms
 16: 0.059084ms
 17: 0.219130ms
 18: 0.100610ms
 19: 0.094430ms
 20: 0.069508ms
 21: 0.144049ms
 22: 0.081925ms
 23: 0.223794ms
 24: 0.075379ms
 25: 0.151525ms
 26: 0.093725ms
 27: 0.080143ms
 28: 0.200492ms
 29: 0.094844ms
 30: 0.093010ms
 31: 0.095942ms
 32: 0.152500ms
 33: 0.094324ms
 34: 0.084322ms
 35: 0.151104ms
 36: 0.095722ms
 37: 0.091731ms
 38: 0.096298ms
 39: 0.097701ms
 40: 0.094648ms
 41: 0.087417ms
 42: 0.096416ms
 43: 0.086354ms
 44: 0.096412ms
 45: 0.093599ms
 46: 0.094255ms
 47: 0.186583ms
 48: 0.086168ms
 49: 0.095663ms
 50: 0.094851ms
 51: 0.095242ms
 52: 0.185016ms
 53: 0.099793ms
 54: 0.089444ms
 55: 0.094591ms
 56: 0.097905ms
 57: 0.083896ms
 58: 0.102584ms
 59: 0.082847ms
 60: 0.084266ms
 61: 0.090560ms
 62: 0.092201ms
 63: 0.092903ms
 64: 0.093265ms
 65: 0.097438ms
 66: 0.099085ms
 67: 0.097179ms
 68: 0.087422ms
 69: 0.099799ms
 70: 0.077633ms
 71: 0.085152ms
 72: 0.145768ms
 73: 0.092101ms
 74: 0.092360ms
 75: 0.094812ms
 76: 0.096275ms
 77: 0.086448ms
 78: 0.093401ms
 79: 0.086139ms
 80: 0.092288ms
 81: 0.094505ms
 82: 0.174054ms
 83: 0.094504ms
 84: 0.091199ms
 85: 0.087774ms
 86: 0.082459ms
 87: 0.094466ms
 88: 0.097894ms
 89: 0.094060ms
 90: 0.095564ms
 91: 0.086389ms
 92: 0.077098ms
 93: 0.100013ms
 94: 0.099852ms
 95: 0.094264ms
 96: 0.093887ms
 97: 0.201173ms
 98: 0.149504ms
 99: 0.095030ms
 100: 0.083787ms
 101: 0.097402ms
 102: 0.094933ms
 103: 0.094118ms
 104: 0.094966ms
 105: 0.088509ms
 106: 0.090394ms
 107: 0.098119ms
 108: 0.091361ms
 109: 0.081443ms
 110: 0.095383ms
 111: 0.082403ms
 112: 0.092756ms
 113: 0.098117ms
 114: 0.089731ms
 115: 0.084973ms
 116: 0.093492ms
 117: 0.085975ms
 118: 0.084161ms
 119: 0.092258ms
 120: 0.094481ms
 121: 0.093914ms
 122: 0.094177ms
 123: 0.090783ms
 124: 0.089414ms
 125: 0.094860ms
 126: 0.085991ms
 127: 0.098467ms
 128: 0.093940ms
 129: 0.104927ms
 130: 0.089993ms
 131: 0.090431ms
 132: 0.098931ms
 133: 0.086096ms
 134: 0.102541ms
 135: 0.243870ms
 136: 0.100834ms
 137: 0.083737ms
 138: 0.093008ms
 139: 0.094710ms
 140: 0.085259ms
 141: 0.087969ms
 142: 0.102469ms
 143: 0.092985ms
 144: 0.095337ms
 145: 0.100995ms
 146: 0.095841ms
 147: 0.089657ms
 148: 0.096603ms
 149: 0.094009ms
 150: 0.092378ms
 151: 0.093865ms
 152: 0.092714ms
 153: 0.096748ms
 154: 0.093316ms
 155: 0.087034ms
 156: 0.090563ms
 157: 0.094342ms
 158: 0.084868ms
 159: 0.096075ms
 160: 0.100114ms
 161: 0.094743ms
 162: 0.095242ms
 163: 0.186383ms
 164: 0.094550ms
 165: 0.100115ms
 166: 0.095086ms
 167: 0.098779ms
 168: 0.096647ms
 169: 0.102487ms
 170: 0.093782ms
 171: 0.090759ms
 172: 0.092703ms
 173: 0.085353ms
 174: 0.095421ms
 175: 0.094169ms
 176: 0.093237ms
 177: 0.093380ms
 178: 0.087400ms
 179: 0.090401ms
 180: 0.096580ms
 181: 0.085720ms
 182: 0.086352ms
 183: 0.092655ms
 184: 0.085144ms
 185: 0.093609ms
 186: 0.094837ms
 187: 0.093025ms
 188: 0.084599ms
 189: 0.083961ms
 190: 0.084000ms
 191: 0.093949ms
 192: 0.093981ms
 193: 0.095439ms
 194: 0.092512ms
 195: 0.092974ms
 196: 0.091353ms
 197: 0.093048ms
 198: 0.095523ms
 199: 0.093287ms


-- Real : Q1: 50 Q2: 100 Q3: 150
-- Array: Q1: 49 Q2: 99 Q3: 149
Printing sorted runtimes:
 0: 0.089342ms
 1: 0.084000ms
 2: 0.083961ms
 3: 0.084599ms
 4: 0.087167ms
 5: 0.085144ms
 6: 0.084795ms
 7: 0.086352ms
 8: 0.085720ms
 9: 0.087636ms
 10: 0.084281ms
 11: 0.087400ms
 12: 0.085353ms
 13: 0.082835ms
 14: 0.084868ms
 15: 0.084367ms
 16: 0.059084ms
 17: 0.087034ms
 18: 0.087969ms
 19: 0.085259ms
 20: 0.069508ms
 21: 0.083737ms
 22: 0.081925ms
 23: 0.086096ms
 24: 0.075379ms
 25: 0.085991ms
 26: 0.084161ms
 27: 0.080143ms
 28: 0.085975ms
 29: 0.084973ms
 30: 0.082403ms
 31: 0.081443ms
 32: 0.088509ms
 33: 0.083787ms
 34: 0.084322ms
 35: 0.077098ms
 36: 0.086389ms
 37: 0.082459ms
 38: 0.087774ms
 39: 0.086139ms
 40: 0.086448ms
 41: 0.087417ms
 42: 0.085152ms
 43: 0.086354ms
 44: 0.077633ms
 45: 0.087422ms
 46: 0.084266ms
 47: 0.082847ms
 48: 0.086168ms
 49: 0.083896ms
 50: 0.089414ms
 51: 0.093401ms
 52: 0.089657ms
 53: 0.089993ms
 54: 0.089731ms
 55: 0.090431ms
 56: 0.090401ms
 57: 0.090394ms
 58: 0.090560ms
 59: 0.090759ms
 60: 0.090563ms
 61: 0.090783ms
 62: 0.092101ms
 63: 0.091199ms
 64: 0.091353ms
 65: 0.091731ms
 66: 0.091361ms
 67: 0.092378ms
 68: 0.092288ms
 69: 0.092201ms
 70: 0.092258ms
 71: 0.092512ms
 72: 0.092360ms
 73: 0.092655ms
 74: 0.092985ms
 75: 0.093316ms
 76: 0.093237ms
 77: 0.092756ms
 78: 0.092714ms
 79: 0.093010ms
 80: 0.093025ms
 81: 0.093265ms
 82: 0.092703ms
 83: 0.093008ms
 84: 0.092903ms
 85: 0.092974ms
 86: 0.093048ms
 87: 0.093287ms
 88: 0.089444ms
 89: 0.093380ms
 90: 0.093940ms
 91: 0.093609ms
 92: 0.093492ms
 93: 0.093725ms
 94: 0.093782ms
 95: 0.093936ms
 96: 0.093887ms
 97: 0.093914ms
 98: 0.093865ms
 99: 0.093599ms
 100: 0.093949ms
 101: 0.095030ms
 102: 0.094009ms
 103: 0.094118ms
 104: 0.094060ms
 105: 0.094169ms
 106: 0.094177ms
 107: 0.094504ms
 108: 0.094466ms
 109: 0.094324ms
 110: 0.094430ms
 111: 0.094255ms
 112: 0.094342ms
 113: 0.094481ms
 114: 0.094264ms
 115: 0.094505ms
 116: 0.094550ms
 117: 0.094591ms
 118: 0.094837ms
 119: 0.094844ms
 120: 0.094812ms
 121: 0.094648ms
 122: 0.094710ms
 123: 0.094851ms
 124: 0.094743ms
 125: 0.094860ms
 126: 0.093981ms
 127: 0.094933ms
 128: 0.094966ms
 129: 0.095564ms
 130: 0.095242ms
 131: 0.095383ms
 132: 0.095523ms
 133: 0.095439ms
 134: 0.095421ms
 135: 0.095086ms
 136: 0.095242ms
 137: 0.095337ms
 138: 0.096075ms
 139: 0.095942ms
 140: 0.095722ms
 141: 0.095841ms
 142: 0.095663ms
 143: 0.096412ms
 144: 0.096275ms
 145: 0.096298ms
 146: 0.096603ms
 147: 0.096416ms
 148: 0.096580ms
 149: 0.096647ms
 150: 0.096748ms
 151: 0.097179ms
 152: 0.097701ms
 153: 0.097402ms
 154: 0.097905ms
 155: 0.097894ms
 156: 0.097438ms
 157: 0.098117ms
 158: 0.098119ms
 159: 0.214915ms
 160: 0.100114ms
 161: 0.151104ms
 162: 0.100834ms
 163: 0.186383ms
 164: 0.104927ms
 165: 0.100115ms
 166: 0.243870ms
 167: 0.098779ms
 168: 0.100013ms
 169: 0.102487ms
 170: 0.219130ms
 171: 0.099852ms
 172: 0.174054ms
 173: 0.154129ms
 174: 0.102541ms
 175: 0.201173ms
 176: 0.149504ms
 177: 0.145768ms
 178: 0.151525ms
 179: 0.098467ms
 180: 0.100995ms
 181: 0.099508ms
 182: 0.149588ms
 183: 0.099799ms
 184: 0.594883ms
 185: 0.144049ms
 186: 0.099085ms
 187: 0.200492ms
 188: 0.184764ms
 189: 0.101151ms
 190: 0.210663ms
 191: 0.186583ms
 192: 0.102584ms
 193: 0.223794ms
 194: 0.102469ms
 195: 0.100610ms
 196: 0.099793ms
 197: 0.185016ms
 198: 0.098931ms
 199: 0.152500ms


Measurements
--------------------------
FFT Size            : 45^3
Threads             : 39
Batch               : 1
Iterations          : 200
Avg Tot Runtime     : 0.103374 ms
Runtime per batch   : 0.103374 ms
SD                  : 0.045392 ms
Q1                  : 0.083896 ms
Median              : 0.093774 ms
Q3                  : 0.096647 ms
