Expm 2: Streaming FFTW
FFTW Plan: Patient
-- Cannot import wisdom from ../../wisdom/singlenode/all/58/fftw_58_t40_b1.patient
-- Exporting wisdom file to ../../wisdom/singlenode/all/58/fftw_58_t40_b1.patient
Iteration: 0, 1, 2, 3, 4, 5, 6, 7, 8, 9, 10, 11, 12, 13, 14, 15, 16, 17, 18, 19, 20, 21, 22, 23, 24, 25, 26, 27, 28, 29, 30, 31, 32, 33, 34, 35, 36, 37, 38, 39, 40, 41, 42, 43, 44, 45, 46, 47, 48, 49, 
Printing individual runtimes:
 0: 0.883946ms
 1: 0.536745ms
 2: 0.462486ms
 3: 0.464549ms
 4: 0.466612ms
 5: 0.464025ms
 6: 0.462195ms
 7: 0.474674ms
 8: 0.469974ms
 9: 0.469964ms
 10: 0.461272ms
 11: 0.498958ms
 12: 0.968204ms
 13: 0.438262ms
 14: 0.446672ms
 15: 0.463751ms
 16: 0.603409ms
 17: 0.463263ms
 18: 0.440503ms
 19: 0.444396ms
 20: 1.355216ms
 21: 0.458618ms
 22: 0.438196ms
 23: 0.444409ms
 24: 2.612593ms
 25: 0.827144ms
 26: 0.463503ms
 27: 0.496425ms
 28: 0.660896ms
 29: 0.496112ms
 30: 0.496427ms
 31: 0.477998ms
 32: 0.477841ms
 33: 0.458114ms
 34: 0.468920ms
 35: 0.462515ms
 36: 0.450686ms
 37: 0.471612ms
 38: 0.466468ms
 39: 0.991426ms
 40: 0.456109ms
 41: 0.469304ms
 42: 0.467801ms
 43: 0.460596ms
 44: 0.454172ms
 45: 0.460999ms
 46: 0.446113ms
 47: 0.463072ms
 48: 0.464903ms
 49: 0.448417ms


Measurements
--------------------------
FFT Size            : 58^3
Threads             : 40
Batch               : 1
Iterations          : 50
Avg Tot Runtime     : 0.569009 ms
Runtime per batch   : 0.569009 ms
SD                  : 0.339780 ms
Throughput          : 0.019356 GFLOPs
Plan Time           : 12.724750 sec
