Expm 2: Streaming FFT

Printing individual runtimes:
 0: 0.528496ms
 1: 0.265625ms
 2: 0.239176ms
 3: 0.458073ms
 4: 0.244248ms
 5: 1.132089ms
 6: 0.256802ms
 7: 0.245308ms
 8: 0.234282ms
 9: 0.385292ms
 10: 0.237180ms
 11: 0.316718ms
 12: 0.240669ms
 13: 0.449959ms
 14: 0.265303ms
 15: 0.257225ms
 16: 0.392877ms
 17: 0.233686ms
 18: 0.435173ms
 19: 0.261874ms
 20: 0.250302ms
 21: 0.362071ms
 22: 0.237750ms
 23: 0.262660ms
 24: 0.417040ms
 25: 0.261943ms
 26: 0.235116ms
 27: 0.247080ms
 28: 0.363255ms
 29: 0.241115ms
 30: 0.278705ms
 31: 0.270167ms
 32: 0.434990ms
 33: 0.267891ms
 34: 0.257029ms
 35: 0.235001ms
 36: 0.353115ms
 37: 0.249833ms
 38: 0.238293ms
 39: 0.239409ms
 40: 0.278930ms
 41: 0.392801ms
 42: 0.262744ms
 43: 0.242847ms
 44: 0.277326ms
 45: 0.242240ms
 46: 0.319809ms
 47: 0.271738ms
 48: 0.265866ms
 49: 0.235669ms
 50: 0.269018ms
 51: 0.257444ms
 52: 0.386798ms
 53: 0.255710ms
 54: 0.236718ms
 55: 0.262098ms
 56: 0.263620ms
 57: 0.264281ms
 58: 0.269308ms
 59: 0.237738ms
 60: 0.253318ms
 61: 0.270348ms
 62: 0.270933ms
 63: 0.254045ms
 64: 0.269704ms
 65: 0.257229ms
 66: 0.246404ms
 67: 0.329571ms
 68: 0.253828ms
 69: 0.285208ms
 70: 0.236736ms
 71: 0.237653ms
 72: 0.237078ms
 73: 0.269568ms
 74: 0.242431ms
 75: 0.261931ms
 76: 0.239600ms
 77: 0.264704ms
 78: 0.240516ms
 79: 0.242336ms
 80: 0.235736ms
 81: 0.263479ms
 82: 0.241000ms
 83: 0.259232ms
 84: 0.266718ms
 85: 0.240317ms
 86: 0.264179ms
 87: 0.264131ms
 88: 0.263831ms
 89: 0.232632ms
 90: 0.251461ms
 91: 0.262379ms
 92: 0.257015ms
 93: 0.266745ms
 94: 0.382617ms
 95: 0.257000ms
 96: 0.276722ms
 97: 0.284073ms
 98: 0.277238ms
 99: 0.252538ms
 100: 0.269962ms
 101: 0.248507ms
 102: 0.264681ms
 103: 0.262703ms
 104: 0.335210ms
 105: 0.255193ms
 106: 0.238356ms
 107: 0.275421ms
 108: 0.253560ms
 109: 0.282929ms
 110: 0.255388ms
 111: 0.274407ms
 112: 0.238084ms
 113: 0.263609ms
 114: 0.394443ms
 115: 0.267046ms
 116: 0.242293ms
 117: 0.260450ms
 118: 0.239403ms
 119: 0.245163ms
 120: 0.237931ms
 121: 0.264339ms
 122: 0.261473ms
 123: 0.255829ms
 124: 0.259498ms
 125: 0.257844ms
 126: 0.272341ms
 127: 0.278077ms
 128: 0.236202ms
 129: 0.261224ms
 130: 0.263547ms
 131: 0.235179ms
 132: 0.260464ms
 133: 0.237025ms
 134: 0.246546ms
 135: 0.270348ms
 136: 0.262786ms
 137: 0.245729ms
 138: 0.267671ms
 139: 0.245368ms
 140: 0.251208ms
 141: 0.254150ms
 142: 0.241480ms
 143: 0.277939ms
 144: 0.259269ms
 145: 0.266307ms
 146: 0.246089ms
 147: 0.237915ms
 148: 0.257748ms
 149: 0.240488ms
 150: 0.268972ms
 151: 0.259942ms
 152: 0.261104ms
 153: 0.243163ms
 154: 0.262583ms
 155: 0.254814ms
 156: 0.243242ms
 157: 0.235746ms
 158: 0.273190ms
 159: 0.255295ms
 160: 0.256995ms
 161: 0.249742ms
 162: 0.242177ms
 163: 0.247498ms
 164: 0.269640ms
 165: 0.255924ms
 166: 0.238433ms
 167: 0.415358ms
 168: 0.260414ms
 169: 0.259033ms
 170: 0.265760ms
 171: 0.235730ms
 172: 0.246650ms
 173: 0.264911ms
 174: 0.243023ms
 175: 0.247150ms
 176: 0.257085ms
 177: 0.250233ms
 178: 0.239214ms
 179: 0.368273ms
 180: 0.260560ms
 181: 0.261989ms
 182: 0.249152ms
 183: 0.237007ms
 184: 0.260029ms
 185: 0.256172ms
 186: 0.264588ms
 187: 0.244786ms
 188: 0.239478ms
 189: 0.262465ms
 190: 0.235812ms
 191: 0.265941ms
 192: 0.274119ms
 193: 0.273645ms
 194: 0.243251ms
 195: 0.249048ms
 196: 0.253480ms
 197: 0.268161ms
 198: 0.243713ms
 199: 0.242269ms


-- Real : Q1: 50 Q2: 100 Q3: 150
-- Array: Q1: 49 Q2: 99 Q3: 149
Printing sorted runtimes:
 0: 0.242269ms
 1: 0.237025ms
 2: 0.239176ms
 3: 0.235179ms
 4: 0.236202ms
 5: 0.241480ms
 6: 0.237931ms
 7: 0.239403ms
 8: 0.234282ms
 9: 0.237915ms
 10: 0.237180ms
 11: 0.238084ms
 12: 0.240669ms
 13: 0.235812ms
 14: 0.240488ms
 15: 0.238356ms
 16: 0.235746ms
 17: 0.233686ms
 18: 0.239478ms
 19: 0.232632ms
 20: 0.240317ms
 21: 0.241000ms
 22: 0.237750ms
 23: 0.235736ms
 24: 0.240516ms
 25: 0.239600ms
 26: 0.235116ms
 27: 0.237078ms
 28: 0.237653ms
 29: 0.241115ms
 30: 0.236736ms
 31: 0.237007ms
 32: 0.242177ms
 33: 0.238433ms
 34: 0.237738ms
 35: 0.235001ms
 36: 0.236718ms
 37: 0.235730ms
 38: 0.238293ms
 39: 0.239409ms
 40: 0.239214ms
 41: 0.235669ms
 42: 0.242240ms
 43: 0.242847ms
 44: 0.242431ms
 45: 0.242293ms
 46: 0.242336ms
 47: 0.243163ms
 48: 0.243023ms
 49: 0.243242ms
 50: 0.243251ms
 51: 0.257844ms
 52: 0.243713ms
 53: 0.244786ms
 54: 0.245163ms
 55: 0.245308ms
 56: 0.246546ms
 57: 0.245729ms
 58: 0.246404ms
 59: 0.245368ms
 60: 0.246089ms
 61: 0.249048ms
 62: 0.249152ms
 63: 0.247080ms
 64: 0.248507ms
 65: 0.246650ms
 66: 0.247150ms
 67: 0.247498ms
 68: 0.253828ms
 69: 0.257085ms
 70: 0.255924ms
 71: 0.256172ms
 72: 0.254045ms
 73: 0.249742ms
 74: 0.256802ms
 75: 0.255829ms
 76: 0.253318ms
 77: 0.257029ms
 78: 0.253480ms
 79: 0.254150ms
 80: 0.255388ms
 81: 0.253560ms
 82: 0.255710ms
 83: 0.255193ms
 84: 0.256995ms
 85: 0.250302ms
 86: 0.249833ms
 87: 0.250233ms
 88: 0.252538ms
 89: 0.254814ms
 90: 0.251461ms
 91: 0.251208ms
 92: 0.257015ms
 93: 0.255295ms
 94: 0.257000ms
 95: 0.257444ms
 96: 0.244248ms
 97: 0.257229ms
 98: 0.257748ms
 99: 0.257225ms
 100: 0.259033ms
 101: 0.259269ms
 102: 0.259232ms
 103: 0.263831ms
 104: 0.260450ms
 105: 0.260029ms
 106: 0.260464ms
 107: 0.259942ms
 108: 0.260414ms
 109: 0.260560ms
 110: 0.262660ms
 111: 0.262583ms
 112: 0.262744ms
 113: 0.262379ms
 114: 0.262098ms
 115: 0.261943ms
 116: 0.261931ms
 117: 0.261104ms
 118: 0.262703ms
 119: 0.261874ms
 120: 0.261989ms
 121: 0.262465ms
 122: 0.261473ms
 123: 0.261224ms
 124: 0.263609ms
 125: 0.262786ms
 126: 0.263479ms
 127: 0.259498ms
 128: 0.263620ms
 129: 0.263547ms
 130: 0.267671ms
 131: 0.264281ms
 132: 0.264339ms
 133: 0.265625ms
 134: 0.264704ms
 135: 0.264588ms
 136: 0.265303ms
 137: 0.264681ms
 138: 0.264911ms
 139: 0.264179ms
 140: 0.264131ms
 141: 0.266745ms
 142: 0.265941ms
 143: 0.266718ms
 144: 0.265866ms
 145: 0.266307ms
 146: 0.267046ms
 147: 0.265760ms
 148: 0.267891ms
 149: 0.268161ms
 150: 0.268972ms
 151: 0.275421ms
 152: 0.335210ms
 153: 0.269962ms
 154: 0.277238ms
 155: 0.284073ms
 156: 0.276722ms
 157: 0.382617ms
 158: 0.273190ms
 159: 0.282929ms
 160: 0.274407ms
 161: 0.269568ms
 162: 0.285208ms
 163: 0.329571ms
 164: 0.269640ms
 165: 0.269704ms
 166: 0.270933ms
 167: 0.415358ms
 168: 0.270348ms
 169: 0.269308ms
 170: 0.394443ms
 171: 0.386798ms
 172: 0.269018ms
 173: 0.272341ms
 174: 0.271738ms
 175: 0.319809ms
 176: 0.277326ms
 177: 0.392801ms
 178: 0.278930ms
 179: 0.368273ms
 180: 0.353115ms
 181: 0.277939ms
 182: 0.434990ms
 183: 0.270167ms
 184: 0.278705ms
 185: 0.363255ms
 186: 0.417040ms
 187: 0.362071ms
 188: 0.435173ms
 189: 0.392877ms
 190: 0.449959ms
 191: 0.278077ms
 192: 0.274119ms
 193: 0.273645ms
 194: 0.316718ms
 195: 0.385292ms
 196: 1.132089ms
 197: 0.270348ms
 198: 0.458073ms
 199: 0.528496ms


Measurements
--------------------------
FFT Size            : 68^3
Threads             : 35
Batch               : 1
Iterations          : 200
Avg Tot Runtime     : 0.273567 ms
Runtime per batch   : 0.273567 ms
SD                  : 0.076651 ms
Q1                  : 0.243242 ms
Median              : 0.258129 ms
Q3                  : 0.268161 ms
