Expm 2: Streaming FFT

Printing individual runtimes:
 0: 0.580771ms
 1: 0.419662ms
 2: 0.423165ms
 3: 0.531610ms
 4: 0.403510ms
 5: 0.453662ms
 6: 0.423613ms
 7: 0.418582ms
 8: 0.420265ms
 9: 0.403620ms
 10: 0.543265ms
 11: 0.432427ms
 12: 0.464106ms
 13: 0.400720ms
 14: 0.525583ms
 15: 0.408278ms
 16: 0.416157ms
 17: 0.417900ms
 18: 0.415175ms
 19: 0.525855ms
 20: 0.416153ms
 21: 0.406827ms
 22: 0.410241ms
 23: 0.430385ms
 24: 0.419448ms
 25: 0.421849ms
 26: 0.403635ms
 27: 0.523007ms
 28: 0.417395ms
 29: 0.418620ms
 30: 0.414682ms
 31: 0.419345ms
 32: 0.524196ms
 33: 0.440306ms
 34: 0.411647ms
 35: 0.451485ms
 36: 0.411319ms
 37: 0.413024ms
 38: 0.533607ms
 39: 0.413785ms
 40: 0.410224ms
 41: 0.407181ms
 42: 0.436792ms
 43: 0.411462ms
 44: 0.414733ms
 45: 0.409051ms
 46: 0.413435ms
 47: 0.420057ms
 48: 0.527270ms
 49: 0.442391ms
 50: 0.406958ms
 51: 0.414889ms
 52: 0.410111ms
 53: 0.420311ms
 54: 0.414797ms
 55: 0.439394ms
 56: 0.410815ms
 57: 0.425375ms
 58: 0.413298ms
 59: 0.414727ms
 60: 0.414338ms
 61: 0.408807ms
 62: 0.532614ms
 63: 0.448369ms
 64: 0.441646ms
 65: 0.409544ms
 66: 0.416504ms
 67: 0.422964ms
 68: 0.415594ms
 69: 0.440423ms
 70: 0.402369ms
 71: 0.412585ms
 72: 0.420092ms
 73: 0.409186ms
 74: 0.409369ms
 75: 0.406950ms
 76: 0.409395ms
 77: 0.411658ms
 78: 0.546093ms
 79: 0.413988ms
 80: 0.441752ms
 81: 0.411321ms
 82: 0.402049ms
 83: 0.455244ms
 84: 0.421266ms
 85: 0.415760ms
 86: 0.412714ms
 87: 0.415059ms
 88: 0.409929ms
 89: 0.415848ms
 90: 0.406220ms
 91: 0.416991ms
 92: 0.529154ms
 93: 0.410754ms
 94: 0.409222ms
 95: 0.438894ms
 96: 0.406249ms
 97: 0.407438ms
 98: 0.458799ms
 99: 0.426874ms
 100: 0.430094ms
 101: 0.409987ms
 102: 0.410913ms
 103: 0.411530ms
 104: 0.411331ms
 105: 0.414079ms
 106: 0.415730ms
 107: 0.432659ms
 108: 0.409244ms
 109: 0.414855ms
 110: 0.420812ms
 111: 0.526933ms
 112: 0.416956ms
 113: 0.418989ms
 114: 0.408638ms
 115: 0.416716ms
 116: 0.427354ms
 117: 0.417700ms
 118: 0.417077ms
 119: 0.413794ms
 120: 0.416737ms
 121: 0.412804ms
 122: 0.402672ms
 123: 0.423265ms
 124: 0.405931ms
 125: 0.413387ms
 126: 0.418005ms
 127: 0.405381ms
 128: 0.405572ms
 129: 0.415172ms
 130: 0.410233ms
 131: 0.407376ms
 132: 0.418896ms
 133: 0.518398ms
 134: 0.451791ms
 135: 0.408799ms
 136: 0.410851ms
 137: 0.420854ms
 138: 0.442503ms
 139: 0.406443ms
 140: 0.406902ms
 141: 0.422464ms
 142: 0.430670ms
 143: 0.418845ms
 144: 0.409098ms
 145: 0.404484ms
 146: 0.412762ms
 147: 0.408240ms
 148: 0.407901ms
 149: 0.397041ms
 150: 0.420632ms
 151: 0.405228ms
 152: 0.399813ms
 153: 0.418872ms
 154: 0.405592ms
 155: 0.415997ms
 156: 0.413371ms
 157: 0.403018ms
 158: 0.418833ms
 159: 0.412319ms
 160: 0.415146ms
 161: 0.454515ms
 162: 0.414512ms
 163: 0.412107ms
 164: 0.524568ms
 165: 0.412778ms
 166: 0.421207ms
 167: 0.412366ms
 168: 0.404750ms
 169: 0.415442ms
 170: 0.445440ms
 171: 0.418271ms
 172: 0.433755ms
 173: 0.414495ms
 174: 0.418058ms
 175: 0.401692ms
 176: 0.405964ms
 177: 0.417537ms
 178: 0.404581ms
 179: 0.406837ms
 180: 0.440107ms
 181: 0.424891ms
 182: 0.407629ms
 183: 0.407881ms
 184: 0.437517ms
 185: 0.423852ms
 186: 0.407696ms
 187: 0.417799ms
 188: 0.417991ms
 189: 0.408047ms
 190: 0.422954ms
 191: 0.406555ms
 192: 0.529405ms
 193: 0.409026ms
 194: 0.412374ms
 195: 0.411800ms
 196: 0.421379ms
 197: 0.415104ms
 198: 0.416107ms
 199: 0.412811ms


-- Real : Q1: 50 Q2: 100 Q3: 150
-- Array: Q1: 49 Q2: 99 Q3: 149
Printing sorted runtimes:
 0: 0.408799ms
 1: 0.406220ms
 2: 0.399813ms
 3: 0.406443ms
 4: 0.403510ms
 5: 0.405228ms
 6: 0.406950ms
 7: 0.407376ms
 8: 0.404750ms
 9: 0.403620ms
 10: 0.406555ms
 11: 0.408047ms
 12: 0.406249ms
 13: 0.400720ms
 14: 0.405572ms
 15: 0.408278ms
 16: 0.405381ms
 17: 0.405931ms
 18: 0.406902ms
 19: 0.407696ms
 20: 0.402672ms
 21: 0.406827ms
 22: 0.406958ms
 23: 0.407881ms
 24: 0.407438ms
 25: 0.407629ms
 26: 0.403635ms
 27: 0.406837ms
 28: 0.408638ms
 29: 0.397041ms
 30: 0.404484ms
 31: 0.407901ms
 32: 0.404581ms
 33: 0.408240ms
 34: 0.403018ms
 35: 0.405964ms
 36: 0.405592ms
 37: 0.402369ms
 38: 0.401692ms
 39: 0.402049ms
 40: 0.407181ms
 41: 0.409222ms
 42: 0.409098ms
 43: 0.408807ms
 44: 0.409026ms
 45: 0.409051ms
 46: 0.409186ms
 47: 0.409395ms
 48: 0.409244ms
 49: 0.409369ms
 50: 0.409544ms
 51: 0.413387ms
 52: 0.410111ms
 53: 0.409987ms
 54: 0.410224ms
 55: 0.410233ms
 56: 0.410815ms
 57: 0.410913ms
 58: 0.410241ms
 59: 0.410754ms
 60: 0.410851ms
 61: 0.411319ms
 62: 0.411321ms
 63: 0.412107ms
 64: 0.412778ms
 65: 0.412366ms
 66: 0.412714ms
 67: 0.412319ms
 68: 0.411462ms
 69: 0.411530ms
 70: 0.411331ms
 71: 0.412585ms
 72: 0.411647ms
 73: 0.412762ms
 74: 0.412804ms
 75: 0.412374ms
 76: 0.411800ms
 77: 0.411658ms
 78: 0.412811ms
 79: 0.409929ms
 80: 0.413024ms
 81: 0.413371ms
 82: 0.413298ms
 83: 0.413794ms
 84: 0.413785ms
 85: 0.413435ms
 86: 0.415059ms
 87: 0.414682ms
 88: 0.413988ms
 89: 0.414855ms
 90: 0.414512ms
 91: 0.414733ms
 92: 0.414338ms
 93: 0.414727ms
 94: 0.414495ms
 95: 0.414797ms
 96: 0.414889ms
 97: 0.414079ms
 98: 0.415146ms
 99: 0.415104ms
 100: 0.415172ms
 101: 0.417991ms
 102: 0.415442ms
 103: 0.415594ms
 104: 0.415997ms
 105: 0.416157ms
 106: 0.415730ms
 107: 0.416991ms
 108: 0.416107ms
 109: 0.415848ms
 110: 0.416504ms
 111: 0.416153ms
 112: 0.416956ms
 113: 0.415760ms
 114: 0.417395ms
 115: 0.416716ms
 116: 0.416737ms
 117: 0.417537ms
 118: 0.417077ms
 119: 0.417700ms
 120: 0.415175ms
 121: 0.417799ms
 122: 0.417900ms
 123: 0.422464ms
 124: 0.418620ms
 125: 0.418058ms
 126: 0.418005ms
 127: 0.418271ms
 128: 0.418582ms
 129: 0.418833ms
 130: 0.418845ms
 131: 0.419448ms
 132: 0.418896ms
 133: 0.418989ms
 134: 0.419345ms
 135: 0.419662ms
 136: 0.421379ms
 137: 0.420854ms
 138: 0.420265ms
 139: 0.421849ms
 140: 0.420057ms
 141: 0.418872ms
 142: 0.420311ms
 143: 0.421207ms
 144: 0.420092ms
 145: 0.420812ms
 146: 0.421266ms
 147: 0.420632ms
 148: 0.422954ms
 149: 0.422964ms
 150: 0.423165ms
 151: 0.423613ms
 152: 0.430094ms
 153: 0.423852ms
 154: 0.424891ms
 155: 0.423265ms
 156: 0.427354ms
 157: 0.425375ms
 158: 0.426874ms
 159: 0.440423ms
 160: 0.441646ms
 161: 0.454515ms
 162: 0.448369ms
 163: 0.532614ms
 164: 0.524568ms
 165: 0.526933ms
 166: 0.546093ms
 167: 0.439394ms
 168: 0.430670ms
 169: 0.442391ms
 170: 0.445440ms
 171: 0.527270ms
 172: 0.433755ms
 173: 0.441752ms
 174: 0.436792ms
 175: 0.533607ms
 176: 0.451485ms
 177: 0.440306ms
 178: 0.524196ms
 179: 0.523007ms
 180: 0.440107ms
 181: 0.455244ms
 182: 0.518398ms
 183: 0.430385ms
 184: 0.437517ms
 185: 0.432659ms
 186: 0.525855ms
 187: 0.525583ms
 188: 0.464106ms
 189: 0.432427ms
 190: 0.529154ms
 191: 0.543265ms
 192: 0.529405ms
 193: 0.442503ms
 194: 0.438894ms
 195: 0.453662ms
 196: 0.451791ms
 197: 0.531610ms
 198: 0.458799ms
 199: 0.580771ms


Measurements
--------------------------
FFT Size            : 68^3
Threads             : 21
Batch               : 1
Iterations          : 200
Avg Tot Runtime     : 0.426468 ms
Runtime per batch   : 0.426468 ms
SD                  : 0.033700 ms
Q1                  : 0.409369 ms
Median              : 0.415138 ms
Q3                  : 0.422964 ms
