Expm 2: Streaming FFTW
FFTW Plan: Patient
-- Cannot import wisdom from ../../wisdom/singlenode/all/416/fftw_416_t39_b1.patient
-- Exporting wisdom file to ../../wisdom/singlenode/all/416/fftw_416_t39_b1.patient
Iteration: 0, 1, 2, 3, 4, 5, 6, 7, 8, 9, 10, 11, 12, 13, 14, 15, 16, 17, 18, 19, 20, 21, 22, 23, 24, 25, 26, 27, 28, 29, 30, 31, 32, 33, 34, 35, 36, 37, 38, 39, 40, 41, 42, 43, 44, 45, 46, 47, 48, 49, 
Printing individual runtimes:
 0: 43.331667ms
 1: 42.556298ms
 2: 41.952005ms
 3: 42.410736ms
 4: 42.349858ms
 5: 42.945631ms
 6: 42.535987ms
 7: 42.162817ms
 8: 42.488320ms
 9: 56.481208ms
 10: 47.720505ms
 11: 42.920497ms
 12: 42.061998ms
 13: 41.802256ms
 14: 41.856225ms
 15: 41.778171ms
 16: 42.263127ms
 17: 42.464422ms
 18: 41.668264ms
 19: 42.709482ms
 20: 41.933532ms
 21: 42.811629ms
 22: 42.515309ms
 23: 42.038349ms
 24: 41.999430ms
 25: 41.852785ms
 26: 43.193745ms
 27: 43.051887ms
 28: 42.769402ms
 29: 43.373203ms
 30: 43.114415ms
 31: 42.143174ms
 32: 42.818256ms
 33: 42.543950ms
 34: 42.681067ms
 35: 50.448297ms
 36: 43.287846ms
 37: 42.815123ms
 38: 43.337178ms
 39: 67.135451ms
 40: 69.688582ms
 41: 43.931920ms
 42: 52.624258ms
 43: 68.943282ms
 44: 44.420189ms
 45: 44.362952ms
 46: 44.962194ms
 47: 43.609501ms
 48: 53.475010ms
 49: 44.053303ms


Measurements
--------------------------
FFT Size            : 416^3
Threads             : 39
Batch               : 1
Iterations          : 50
Avg Tot Runtime     : 45.247894 ms
Runtime per batch   : 45.247894 ms
SD                  : 6.640032 ms
Throughput          : 1.433181 GFLOPs
Plan Time           : 470.250545 sec
