Expm 2: Streaming FFTW
FFTW Plan: Patient
-- Cannot import wisdom from ../../wisdom/singlenode/all/247/fftw_247_t40_b1.patient
-- Exporting wisdom file to ../../wisdom/singlenode/all/247/fftw_247_t40_b1.patient
Iteration: 0, 1, 2, 3, 4, 5, 6, 7, 8, 9, 10, 11, 12, 13, 14, 15, 16, 17, 18, 19, 20, 21, 22, 23, 24, 25, 26, 27, 28, 29, 30, 31, 32, 33, 34, 35, 36, 37, 38, 39, 40, 41, 42, 43, 44, 45, 46, 47, 48, 49, 
Printing individual runtimes:
 0: 19.362390ms
 1: 19.466971ms
 2: 20.112769ms
 3: 19.402059ms
 4: 19.225989ms
 5: 19.209184ms
 6: 19.356191ms
 7: 19.338212ms
 8: 19.422779ms
 9: 19.959312ms
 10: 19.935184ms
 11: 19.884217ms
 12: 19.210381ms
 13: 19.965616ms
 14: 19.402457ms
 15: 19.318485ms
 16: 19.609588ms
 17: 19.392087ms
 18: 22.028639ms
 19: 19.969238ms
 20: 19.906442ms
 21: 19.589244ms
 22: 19.463048ms
 23: 19.412546ms
 24: 19.345976ms
 25: 19.474990ms
 26: 39.974760ms
 27: 37.011467ms
 28: 31.474875ms
 29: 19.548788ms
 30: 19.514952ms
 31: 19.464305ms
 32: 19.442674ms
 33: 19.248737ms
 34: 36.026855ms
 35: 35.995471ms
 36: 19.349173ms
 37: 20.108809ms
 38: 19.352740ms
 39: 20.109924ms
 40: 19.162671ms
 41: 20.205259ms
 42: 19.188200ms
 43: 20.011230ms
 44: 19.196590ms
 45: 37.897014ms
 46: 19.585167ms
 47: 20.146686ms
 48: 20.233524ms
 49: 36.025104ms


Measurements
--------------------------
FFT Size            : 247^3
Threads             : 40
Batch               : 1
Iterations          : 50
Avg Tot Runtime     : 21.980779 ms
Runtime per batch   : 21.980779 ms
SD                  : 5.881418 ms
Throughput          : 1.630461 GFLOPs
Plan Time           : 86.828944 sec
