Expm 2: Streaming FFTW
FFTW Plan: Patient
-- Cannot import wisdom from ../../wisdom/singlenode/all/82/fftw_82_t36_b1.patient
-- Exporting wisdom file to ../../wisdom/singlenode/all/82/fftw_82_t36_b1.patient
Iteration: 0, 1, 2, 3, 4, 5, 6, 7, 8, 9, 10, 11, 12, 13, 14, 15, 16, 17, 18, 19, 20, 21, 22, 23, 24, 25, 26, 27, 28, 29, 30, 31, 32, 33, 34, 35, 36, 37, 38, 39, 40, 41, 42, 43, 44, 45, 46, 47, 48, 49, 
Printing individual runtimes:
 0: 1.612816ms
 1: 1.570531ms
 2: 2.156742ms
 3: 1.568130ms
 4: 3.302009ms
 5: 4.253683ms
 6: 1.634374ms
 7: 1.629703ms
 8: 4.646792ms
 9: 5.001089ms
 10: 4.154062ms
 11: 2.837477ms
 12: 2.847294ms
 13: 2.450931ms
 14: 1.542449ms
 15: 1.548907ms
 16: 1.577109ms
 17: 1.576147ms
 18: 3.142595ms
 19: 1.556466ms
 20: 1.588681ms
 21: 4.710599ms
 22: 5.479727ms
 23: 2.823453ms
 24: 2.939788ms
 25: 2.837822ms
 26: 2.917224ms
 27: 2.825311ms
 28: 1.572069ms
 29: 1.577122ms
 30: 1.550579ms
 31: 4.142074ms
 32: 2.817740ms
 33: 2.844923ms
 34: 1.574836ms
 35: 1.583705ms
 36: 2.376442ms
 37: 1.566982ms
 38: 1.580948ms
 39: 2.373221ms
 40: 1.535196ms
 41: 3.020265ms
 42: 2.364024ms
 43: 2.815378ms
 44: 2.916987ms
 45: 2.842078ms
 46: 1.525769ms
 47: 1.501454ms
 48: 1.586767ms
 49: 1.596942ms


Measurements
--------------------------
FFT Size            : 82^3
Threads             : 36
Batch               : 1
Iterations          : 50
Avg Tot Runtime     : 2.479948 ms
Runtime per batch   : 2.479948 ms
SD                  : 1.058074 ms
Throughput          : 0.075712 GFLOPs
Plan Time           : 16.689352 sec
