Expm 2: Streaming FFT

Printing individual runtimes:
 0: 0.090000ms
 1: 0.020461ms
 2: 0.019887ms
 3: 0.088859ms
 4: 0.026847ms
 5: 0.021021ms
 6: 0.024141ms
 7: 0.017903ms
 8: 0.019396ms
 9: 0.019697ms
 10: 0.087541ms
 11: 0.029085ms
 12: 0.020205ms
 13: 0.020684ms
 14: 0.029387ms
 15: 0.020411ms
 16: 0.019358ms
 17: 0.092325ms
 18: 0.019561ms
 19: 0.018839ms
 20: 0.019057ms
 21: 0.025143ms
 22: 0.023072ms
 23: 0.020464ms
 24: 0.019970ms
 25: 0.020315ms
 26: 0.021401ms
 27: 0.021641ms
 28: 0.024844ms
 29: 0.020455ms
 30: 0.019181ms
 31: 0.103979ms
 32: 0.019327ms
 33: 0.028802ms
 34: 0.020052ms
 35: 0.017745ms
 36: 0.021377ms
 37: 0.019613ms
 38: 0.019360ms
 39: 0.019106ms
 40: 0.033253ms
 41: 0.018496ms
 42: 0.021054ms
 43: 0.019794ms
 44: 0.088264ms
 45: 0.019546ms
 46: 0.018987ms
 47: 0.018239ms
 48: 0.026394ms
 49: 0.021899ms
 50: 0.018521ms
 51: 0.019422ms
 52: 0.019588ms
 53: 0.018526ms
 54: 0.022174ms
 55: 0.019007ms
 56: 0.019299ms
 57: 0.021199ms
 58: 0.020730ms
 59: 0.018891ms
 60: 0.020379ms
 61: 0.021845ms
 62: 0.020878ms
 63: 0.019304ms
 64: 0.017903ms
 65: 0.022596ms
 66: 0.031953ms
 67: 0.018772ms
 68: 0.019428ms
 69: 0.019411ms
 70: 0.018761ms
 71: 0.018357ms
 72: 0.098717ms
 73: 0.020851ms
 74: 0.020111ms
 75: 0.020927ms
 76: 0.019409ms
 77: 0.094389ms
 78: 0.028188ms
 79: 0.019652ms
 80: 0.019144ms
 81: 0.021941ms
 82: 0.020662ms
 83: 0.018596ms
 84: 0.019902ms
 85: 0.020610ms
 86: 0.019210ms
 87: 0.018667ms
 88: 0.019343ms
 89: 0.018228ms
 90: 0.019474ms
 91: 0.023731ms
 92: 0.019195ms
 93: 0.027372ms
 94: 0.019107ms
 95: 0.020841ms
 96: 0.019517ms
 97: 0.018692ms
 98: 0.020787ms
 99: 0.029313ms
 100: 0.020747ms
 101: 0.019552ms
 102: 0.019956ms
 103: 0.020131ms
 104: 0.026540ms
 105: 0.018898ms
 106: 0.019291ms
 107: 0.020671ms
 108: 0.026766ms
 109: 0.020089ms
 110: 0.020849ms
 111: 0.021096ms
 112: 0.018585ms
 113: 0.027840ms
 114: 0.024475ms
 115: 0.020348ms
 116: 0.020183ms
 117: 0.018662ms
 118: 0.020776ms
 119: 0.019900ms
 120: 0.018304ms
 121: 0.019194ms
 122: 0.019264ms
 123: 0.021350ms
 124: 0.021118ms
 125: 0.024977ms
 126: 0.025339ms
 127: 0.027449ms
 128: 0.018606ms
 129: 0.029325ms
 130: 0.088052ms
 131: 0.019176ms
 132: 0.025658ms
 133: 0.018037ms
 134: 0.018993ms
 135: 0.023686ms
 136: 0.019854ms
 137: 0.020350ms
 138: 0.018927ms
 139: 0.021437ms
 140: 0.018477ms
 141: 0.019149ms
 142: 0.018334ms
 143: 0.027357ms
 144: 0.019244ms
 145: 0.018745ms
 146: 0.028469ms
 147: 0.023055ms
 148: 0.019257ms
 149: 0.024614ms
 150: 0.019847ms
 151: 0.029232ms
 152: 0.018468ms
 153: 0.018538ms
 154: 0.017987ms
 155: 0.020695ms
 156: 0.026192ms
 157: 0.025712ms
 158: 0.019232ms
 159: 0.020646ms
 160: 0.018400ms
 161: 0.020049ms
 162: 0.019568ms
 163: 0.020194ms
 164: 0.020050ms
 165: 0.027791ms
 166: 0.020835ms
 167: 0.019231ms
 168: 0.019313ms
 169: 0.019020ms
 170: 0.018728ms
 171: 0.018625ms
 172: 0.019827ms
 173: 0.020024ms
 174: 0.026333ms
 175: 0.024763ms
 176: 0.019875ms
 177: 0.020939ms
 178: 0.019127ms
 179: 0.018972ms
 180: 0.025797ms
 181: 0.019714ms
 182: 0.018573ms
 183: 0.018665ms
 184: 0.020055ms
 185: 0.019939ms
 186: 0.020310ms
 187: 0.018545ms
 188: 0.018216ms
 189: 0.019791ms
 190: 0.018674ms
 191: 0.028237ms
 192: 0.024769ms
 193: 0.020506ms
 194: 0.019784ms
 195: 0.019401ms
 196: 0.020316ms
 197: 0.027490ms
 198: 0.022606ms
 199: 0.027024ms


-- Real : Q1: 50 Q2: 100 Q3: 150
-- Array: Q1: 49 Q2: 99 Q3: 149
Printing sorted runtimes:
 0: 0.019181ms
 1: 0.018606ms
 2: 0.019176ms
 3: 0.018037ms
 4: 0.018891ms
 5: 0.017903ms
 6: 0.018304ms
 7: 0.017903ms
 8: 0.018993ms
 9: 0.018662ms
 10: 0.018674ms
 11: 0.018585ms
 12: 0.018927ms
 13: 0.018477ms
 14: 0.018216ms
 15: 0.019149ms
 16: 0.018772ms
 17: 0.018545ms
 18: 0.018898ms
 19: 0.018839ms
 20: 0.019057ms
 21: 0.018334ms
 22: 0.019007ms
 23: 0.018745ms
 24: 0.019020ms
 25: 0.018692ms
 26: 0.019107ms
 27: 0.018665ms
 28: 0.018573ms
 29: 0.018468ms
 30: 0.018526ms
 31: 0.018761ms
 32: 0.018538ms
 33: 0.018972ms
 34: 0.018228ms
 35: 0.017745ms
 36: 0.019127ms
 37: 0.018667ms
 38: 0.018357ms
 39: 0.019106ms
 40: 0.018596ms
 41: 0.018496ms
 42: 0.017987ms
 43: 0.019144ms
 44: 0.018521ms
 45: 0.018400ms
 46: 0.018987ms
 47: 0.018239ms
 48: 0.018625ms
 49: 0.018728ms
 50: 0.019194ms
 51: 0.019875ms
 52: 0.019231ms
 53: 0.019210ms
 54: 0.019257ms
 55: 0.019244ms
 56: 0.019299ms
 57: 0.019291ms
 58: 0.019304ms
 59: 0.019264ms
 60: 0.019232ms
 61: 0.019854ms
 62: 0.019791ms
 63: 0.019195ms
 64: 0.019697ms
 65: 0.019358ms
 66: 0.019568ms
 67: 0.019313ms
 68: 0.019428ms
 69: 0.019411ms
 70: 0.019588ms
 71: 0.019422ms
 72: 0.019561ms
 73: 0.019546ms
 74: 0.019552ms
 75: 0.019396ms
 76: 0.019409ms
 77: 0.019827ms
 78: 0.019401ms
 79: 0.019652ms
 80: 0.019794ms
 81: 0.019517ms
 82: 0.019784ms
 83: 0.019847ms
 84: 0.019714ms
 85: 0.019327ms
 86: 0.019360ms
 87: 0.019613ms
 88: 0.019343ms
 89: 0.019474ms
 90: 0.019900ms
 91: 0.019887ms
 92: 0.020050ms
 93: 0.019902ms
 94: 0.019956ms
 95: 0.019939ms
 96: 0.020024ms
 97: 0.020049ms
 98: 0.019970ms
 99: 0.020052ms
 100: 0.020055ms
 101: 0.020841ms
 102: 0.020111ms
 103: 0.020131ms
 104: 0.020310ms
 105: 0.020316ms
 106: 0.020194ms
 107: 0.020315ms
 108: 0.020411ms
 109: 0.020461ms
 110: 0.020183ms
 111: 0.020205ms
 112: 0.020455ms
 113: 0.020350ms
 114: 0.020379ms
 115: 0.020348ms
 116: 0.020684ms
 117: 0.020671ms
 118: 0.020464ms
 119: 0.020610ms
 120: 0.020506ms
 121: 0.020662ms
 122: 0.020695ms
 123: 0.020646ms
 124: 0.020730ms
 125: 0.020747ms
 126: 0.020835ms
 127: 0.020089ms
 128: 0.020787ms
 129: 0.020776ms
 130: 0.021118ms
 131: 0.021054ms
 132: 0.020878ms
 133: 0.020939ms
 134: 0.020851ms
 135: 0.020927ms
 136: 0.021021ms
 137: 0.020849ms
 138: 0.021096ms
 139: 0.021845ms
 140: 0.021437ms
 141: 0.021350ms
 142: 0.021377ms
 143: 0.021199ms
 144: 0.021641ms
 145: 0.021401ms
 146: 0.022174ms
 147: 0.021941ms
 148: 0.021899ms
 149: 0.022596ms
 150: 0.022606ms
 151: 0.023055ms
 152: 0.024141ms
 153: 0.023731ms
 154: 0.023072ms
 155: 0.024475ms
 156: 0.023686ms
 157: 0.025143ms
 158: 0.025339ms
 159: 0.025712ms
 160: 0.024844ms
 161: 0.024769ms
 162: 0.024614ms
 163: 0.024977ms
 164: 0.025658ms
 165: 0.024763ms
 166: 0.025797ms
 167: 0.026192ms
 168: 0.026847ms
 169: 0.026540ms
 170: 0.026766ms
 171: 0.026394ms
 172: 0.026333ms
 173: 0.027024ms
 174: 0.088264ms
 175: 0.027791ms
 176: 0.033253ms
 177: 0.031953ms
 178: 0.098717ms
 179: 0.028802ms
 180: 0.094389ms
 181: 0.103979ms
 182: 0.028188ms
 183: 0.027372ms
 184: 0.029232ms
 185: 0.027449ms
 186: 0.028469ms
 187: 0.092325ms
 188: 0.029387ms
 189: 0.029085ms
 190: 0.087541ms
 191: 0.028237ms
 192: 0.029313ms
 193: 0.090000ms
 194: 0.027357ms
 195: 0.027840ms
 196: 0.088859ms
 197: 0.027490ms
 198: 0.029325ms
 199: 0.088052ms


Measurements
--------------------------
FFT Size            : 32^3
Threads             : 24
Batch               : 1
Iterations          : 200
Avg Tot Runtime     : 0.024389 ms
Runtime per batch   : 0.024389 ms
SD                  : 0.015142 ms
Q1                  : 0.018728 ms
Median              : 0.020053 ms
Q3                  : 0.022596 ms
