Expm 2: Streaming FFT

Printing individual runtimes:
 0: 0.091329ms
 1: 0.022965ms
 2: 0.024389ms
 3: 0.099211ms
 4: 0.023026ms
 5: 0.023500ms
 6: 0.024533ms
 7: 0.032997ms
 8: 0.024078ms
 9: 0.022398ms
 10: 0.087820ms
 11: 0.025115ms
 12: 0.022210ms
 13: 0.024638ms
 14: 0.095211ms
 15: 0.024302ms
 16: 0.026508ms
 17: 0.024142ms
 18: 0.022604ms
 19: 0.022878ms
 20: 0.026642ms
 21: 0.065740ms
 22: 0.022778ms
 23: 0.025363ms
 24: 0.023536ms
 25: 0.023696ms
 26: 0.022342ms
 27: 0.036838ms
 28: 0.080856ms
 29: 0.022403ms
 30: 0.024477ms
 31: 0.022780ms
 32: 0.024154ms
 33: 0.023700ms
 34: 0.024664ms
 35: 0.082412ms
 36: 0.022959ms
 37: 0.022079ms
 38: 0.024256ms
 39: 0.024849ms
 40: 0.022342ms
 41: 0.023883ms
 42: 0.035032ms
 43: 0.081291ms
 44: 0.028730ms
 45: 0.023358ms
 46: 0.024127ms
 47: 0.023281ms
 48: 0.022672ms
 49: 0.023421ms
 50: 0.023275ms
 51: 0.022466ms
 52: 0.023624ms
 53: 0.022735ms
 54: 0.083890ms
 55: 0.022688ms
 56: 0.023470ms
 57: 0.026413ms
 58: 0.021837ms
 59: 0.022750ms
 60: 0.043074ms
 61: 0.023412ms
 62: 0.023358ms
 63: 0.023499ms
 64: 0.025231ms
 65: 0.022469ms
 66: 0.023094ms
 67: 0.029807ms
 68: 0.022559ms
 69: 0.023346ms
 70: 0.022748ms
 71: 0.025983ms
 72: 0.076299ms
 73: 0.024488ms
 74: 0.023724ms
 75: 0.025981ms
 76: 0.023196ms
 77: 0.021993ms
 78: 0.023406ms
 79: 0.022654ms
 80: 0.024516ms
 81: 0.022959ms
 82: 0.023685ms
 83: 0.022998ms
 84: 0.021836ms
 85: 0.074033ms
 86: 0.023944ms
 87: 0.023350ms
 88: 0.022998ms
 89: 0.023519ms
 90: 0.023430ms
 91: 0.024897ms
 92: 0.024435ms
 93: 0.023851ms
 94: 0.023343ms
 95: 0.023507ms
 96: 0.045451ms
 97: 0.022853ms
 98: 0.022714ms
 99: 0.022430ms
 100: 0.022945ms
 101: 0.022568ms
 102: 0.022664ms
 103: 0.083328ms
 104: 0.022926ms
 105: 0.024520ms
 106: 0.023673ms
 107: 0.022345ms
 108: 0.024139ms
 109: 0.022680ms
 110: 0.033294ms
 111: 0.023071ms
 112: 0.038766ms
 113: 0.024247ms
 114: 0.022554ms
 115: 0.023230ms
 116: 0.021923ms
 117: 0.022773ms
 118: 0.024452ms
 119: 0.024510ms
 120: 0.022547ms
 121: 0.090411ms
 122: 0.024289ms
 123: 0.023121ms
 124: 0.025239ms
 125: 0.026279ms
 126: 0.024369ms
 127: 0.023539ms
 128: 0.030153ms
 129: 0.025552ms
 130: 0.022540ms
 131: 0.031600ms
 132: 0.025167ms
 133: 0.022785ms
 134: 0.023308ms
 135: 0.022950ms
 136: 0.023041ms
 137: 0.022966ms
 138: 0.023152ms
 139: 0.022550ms
 140: 0.023533ms
 141: 0.084114ms
 142: 0.024068ms
 143: 0.023370ms
 144: 0.023293ms
 145: 0.024088ms
 146: 0.021754ms
 147: 0.023125ms
 148: 0.021907ms
 149: 0.022413ms
 150: 0.022306ms
 151: 0.023263ms
 152: 0.022494ms
 153: 0.022185ms
 154: 0.024176ms
 155: 0.035754ms
 156: 0.023513ms
 157: 0.023442ms
 158: 0.022694ms
 159: 0.031494ms
 160: 0.022994ms
 161: 0.027352ms
 162: 0.034772ms
 163: 0.023867ms
 164: 0.031197ms
 165: 0.086862ms
 166: 0.022876ms
 167: 0.035336ms
 168: 0.023501ms
 169: 0.021889ms
 170: 0.023888ms
 171: 0.031773ms
 172: 0.023624ms
 173: 0.033168ms
 174: 0.025080ms
 175: 0.023315ms
 176: 0.034195ms
 177: 0.024608ms
 178: 0.023112ms
 179: 0.023411ms
 180: 0.023293ms
 181: 0.024244ms
 182: 0.023678ms
 183: 0.023831ms
 184: 0.028126ms
 185: 0.022564ms
 186: 0.024128ms
 187: 0.022139ms
 188: 0.044488ms
 189: 0.022025ms
 190: 0.025236ms
 191: 0.024159ms
 192: 0.022549ms
 193: 0.023335ms
 194: 0.024286ms
 195: 0.022676ms
 196: 0.080682ms
 197: 0.022467ms
 198: 0.023073ms
 199: 0.022565ms


-- Real : Q1: 50 Q2: 100 Q3: 150
-- Array: Q1: 49 Q2: 99 Q3: 149
Printing sorted runtimes:
 0: 0.022735ms
 1: 0.022565ms
 2: 0.022467ms
 3: 0.022676ms
 4: 0.022549ms
 5: 0.022025ms
 6: 0.022139ms
 7: 0.022564ms
 8: 0.021889ms
 9: 0.022398ms
 10: 0.022688ms
 11: 0.022694ms
 12: 0.022210ms
 13: 0.022185ms
 14: 0.022494ms
 15: 0.022306ms
 16: 0.022413ms
 17: 0.021907ms
 18: 0.022604ms
 19: 0.022466ms
 20: 0.021754ms
 21: 0.022550ms
 22: 0.021837ms
 23: 0.022672ms
 24: 0.022540ms
 25: 0.022547ms
 26: 0.022342ms
 27: 0.022469ms
 28: 0.021923ms
 29: 0.022403ms
 30: 0.022554ms
 31: 0.022559ms
 32: 0.022680ms
 33: 0.022345ms
 34: 0.021993ms
 35: 0.022664ms
 36: 0.022568ms
 37: 0.022079ms
 38: 0.022430ms
 39: 0.022714ms
 40: 0.022342ms
 41: 0.022654ms
 42: 0.021836ms
 43: 0.022853ms
 44: 0.022778ms
 45: 0.022748ms
 46: 0.022780ms
 47: 0.022773ms
 48: 0.022785ms
 49: 0.022750ms
 50: 0.022876ms
 51: 0.022965ms
 52: 0.022926ms
 53: 0.022945ms
 54: 0.022878ms
 55: 0.022950ms
 56: 0.022959ms
 57: 0.022959ms
 58: 0.023513ms
 59: 0.023421ms
 60: 0.023073ms
 61: 0.023412ms
 62: 0.023358ms
 63: 0.023499ms
 64: 0.023442ms
 65: 0.023281ms
 66: 0.023094ms
 67: 0.023263ms
 68: 0.023125ms
 69: 0.023346ms
 70: 0.023358ms
 71: 0.022994ms
 72: 0.023335ms
 73: 0.023293ms
 74: 0.023370ms
 75: 0.023026ms
 76: 0.023196ms
 77: 0.023501ms
 78: 0.023406ms
 79: 0.023152ms
 80: 0.022966ms
 81: 0.023500ms
 82: 0.023041ms
 83: 0.022998ms
 84: 0.023308ms
 85: 0.023275ms
 86: 0.023121ms
 87: 0.023350ms
 88: 0.022998ms
 89: 0.023315ms
 90: 0.023430ms
 91: 0.023230ms
 92: 0.023112ms
 93: 0.023071ms
 94: 0.023343ms
 95: 0.023507ms
 96: 0.023411ms
 97: 0.023293ms
 98: 0.023470ms
 99: 0.023519ms
 100: 0.023533ms
 101: 0.024302ms
 102: 0.023536ms
 103: 0.023678ms
 104: 0.023624ms
 105: 0.023624ms
 106: 0.023673ms
 107: 0.023700ms
 108: 0.024139ms
 109: 0.024154ms
 110: 0.023831ms
 111: 0.023851ms
 112: 0.024176ms
 113: 0.024247ms
 114: 0.023539ms
 115: 0.024142ms
 116: 0.024127ms
 117: 0.024286ms
 118: 0.024088ms
 119: 0.023724ms
 120: 0.023696ms
 121: 0.024068ms
 122: 0.024289ms
 123: 0.023944ms
 124: 0.023867ms
 125: 0.024256ms
 126: 0.024159ms
 127: 0.023883ms
 128: 0.023888ms
 129: 0.024128ms
 130: 0.024244ms
 131: 0.024078ms
 132: 0.023685ms
 133: 0.024533ms
 134: 0.024435ms
 135: 0.024389ms
 136: 0.024477ms
 137: 0.024516ms
 138: 0.024520ms
 139: 0.024369ms
 140: 0.024452ms
 141: 0.024488ms
 142: 0.024510ms
 143: 0.024897ms
 144: 0.024638ms
 145: 0.024664ms
 146: 0.024849ms
 147: 0.024608ms
 148: 0.025115ms
 149: 0.025080ms
 150: 0.025167ms
 151: 0.025231ms
 152: 0.025236ms
 153: 0.025239ms
 154: 0.025981ms
 155: 0.025552ms
 156: 0.025363ms
 157: 0.035754ms
 158: 0.026508ms
 159: 0.031494ms
 160: 0.026642ms
 161: 0.027352ms
 162: 0.034772ms
 163: 0.043074ms
 164: 0.031197ms
 165: 0.029807ms
 166: 0.080682ms
 167: 0.035336ms
 168: 0.065740ms
 169: 0.031600ms
 170: 0.030153ms
 171: 0.031773ms
 172: 0.026279ms
 173: 0.033168ms
 174: 0.025983ms
 175: 0.036838ms
 176: 0.034195ms
 177: 0.080856ms
 178: 0.038766ms
 179: 0.033294ms
 180: 0.083328ms
 181: 0.082412ms
 182: 0.076299ms
 183: 0.045451ms
 184: 0.028126ms
 185: 0.032997ms
 186: 0.074033ms
 187: 0.035032ms
 188: 0.044488ms
 189: 0.026413ms
 190: 0.081291ms
 191: 0.028730ms
 192: 0.083890ms
 193: 0.091329ms
 194: 0.090411ms
 195: 0.099211ms
 196: 0.087820ms
 197: 0.086862ms
 198: 0.084114ms
 199: 0.095211ms


Measurements
--------------------------
FFT Size            : 32^3
Threads             : 15
Batch               : 1
Iterations          : 200
Avg Tot Runtime     : 0.029491 ms
Runtime per batch   : 0.029491 ms
SD                  : 0.016666 ms
Q1                  : 0.022750 ms
Median              : 0.023526 ms
Q3                  : 0.025080 ms
