Expm 2: Streaming FFTW
FFTW Plan: Patient
-- Cannot import wisdom from ../../wisdom/singlenode/all/164/fftw_164_t37_b1.patient
-- Exporting wisdom file to ../../wisdom/singlenode/all/164/fftw_164_t37_b1.patient
Iteration: 0, 1, 2, 3, 4, 5, 6, 7, 8, 9, 10, 11, 12, 13, 14, 15, 16, 17, 18, 19, 20, 21, 22, 23, 24, 25, 26, 27, 28, 29, 30, 31, 32, 33, 34, 35, 36, 37, 38, 39, 40, 41, 42, 43, 44, 45, 46, 47, 48, 49, 
Printing individual runtimes:
 0: 10.124734ms
 1: 10.033991ms
 2: 10.041204ms
 3: 10.012487ms
 4: 10.064013ms
 5: 10.030849ms
 6: 10.064873ms
 7: 12.117619ms
 8: 19.281589ms
 9: 10.472186ms
 10: 10.005111ms
 11: 10.160092ms
 12: 10.006334ms
 13: 9.988060ms
 14: 10.096108ms
 15: 10.315452ms
 16: 10.002160ms
 17: 10.000457ms
 18: 10.009253ms
 19: 11.778642ms
 20: 10.239247ms
 21: 9.995953ms
 22: 12.337790ms
 23: 10.118735ms
 24: 9.929878ms
 25: 10.113889ms
 26: 10.058521ms
 27: 10.119977ms
 28: 10.091637ms
 29: 10.018527ms
 30: 9.987496ms
 31: 9.966995ms
 32: 19.138785ms
 33: 10.102105ms
 34: 9.906817ms
 35: 10.226141ms
 36: 10.094841ms
 37: 9.991635ms
 38: 10.042152ms
 39: 12.232615ms
 40: 10.032949ms
 41: 9.955886ms
 42: 9.982330ms
 43: 12.367958ms
 44: 9.992815ms
 45: 10.139094ms
 46: 10.086407ms
 47: 19.827253ms
 48: 18.865927ms
 49: 12.414343ms


Measurements
--------------------------
FFT Size            : 164^3
Threads             : 37
Batch               : 1
Iterations          : 50
Avg Tot Runtime     : 11.059678 ms
Runtime per batch   : 11.059678 ms
SD                  : 2.525259 ms
Throughput          : 0.629380 GFLOPs
Plan Time           : 58.188546 sec
