Expm 2: Streaming FFTW
FFTW Plan: Patient
-- Cannot import wisdom from ../../wisdom/singlenode/all/164/fftw_164_t38_b1.patient
-- Exporting wisdom file to ../../wisdom/singlenode/all/164/fftw_164_t38_b1.patient
Iteration: 0, 1, 2, 3, 4, 5, 6, 7, 8, 9, 10, 11, 12, 13, 14, 15, 16, 17, 18, 19, 20, 21, 22, 23, 24, 25, 26, 27, 28, 29, 30, 31, 32, 33, 34, 35, 36, 37, 38, 39, 40, 41, 42, 43, 44, 45, 46, 47, 48, 49, 
Printing individual runtimes:
 0: 9.792816ms
 1: 9.796958ms
 2: 9.765325ms
 3: 9.787276ms
 4: 9.819521ms
 5: 9.736191ms
 6: 9.763209ms
 7: 9.732816ms
 8: 9.817524ms
 9: 9.813018ms
 10: 9.762910ms
 11: 9.812949ms
 12: 9.754052ms
 13: 9.739175ms
 14: 9.721072ms
 15: 9.792470ms
 16: 9.802208ms
 17: 9.724719ms
 18: 9.724851ms
 19: 9.805038ms
 20: 9.813835ms
 21: 9.725139ms
 22: 9.790750ms
 23: 9.767612ms
 24: 9.830615ms
 25: 9.805591ms
 26: 9.734272ms
 27: 9.769982ms
 28: 9.722680ms
 29: 9.787200ms
 30: 10.074471ms
 31: 9.794994ms
 32: 9.727791ms
 33: 9.737316ms
 34: 9.788786ms
 35: 9.822127ms
 36: 9.784950ms
 37: 9.783608ms
 38: 9.753571ms
 39: 9.804402ms
 40: 9.787318ms
 41: 9.990134ms
 42: 9.726303ms
 43: 9.716720ms
 44: 9.815233ms
 45: 9.825789ms
 46: 9.815568ms
 47: 9.866838ms
 48: 9.834296ms
 49: 9.816726ms


Measurements
--------------------------
FFT Size            : 164^3
Threads             : 38
Batch               : 1
Iterations          : 50
Avg Tot Runtime     : 9.789574 ms
Runtime per batch   : 9.789574 ms
SD                  : 0.062380 ms
Throughput          : 0.608388 GFLOPs
Plan Time           : 56.566580 sec
