Expm 2: Streaming FFTW
FFTW Plan: Patient
-- Cannot import wisdom from ../../wisdom/singlenode/all/456/fftw_456_t39_b1.patient
-- Exporting wisdom file to ../../wisdom/singlenode/all/456/fftw_456_t39_b1.patient
Iteration: 0, 1, 2, 3, 4, 5, 6, 7, 8, 9, 10, 11, 12, 13, 14, 15, 16, 17, 18, 19, 20, 21, 22, 23, 24, 25, 26, 27, 28, 29, 30, 31, 32, 33, 34, 35, 36, 37, 38, 39, 40, 41, 42, 43, 44, 45, 46, 47, 48, 49, 
Printing individual runtimes:
 0: 120.334509ms
 1: 118.372865ms
 2: 118.209612ms
 3: 117.300969ms
 4: 152.420063ms
 5: 120.098422ms
 6: 121.472751ms
 7: 120.683425ms
 8: 121.768837ms
 9: 118.142512ms
 10: 117.527886ms
 11: 135.105625ms
 12: 118.746922ms
 13: 139.392862ms
 14: 116.928600ms
 15: 118.252592ms
 16: 118.541317ms
 17: 118.580086ms
 18: 119.064398ms
 19: 118.571824ms
 20: 117.929639ms
 21: 116.053661ms
 22: 118.207694ms
 23: 114.104409ms
 24: 137.552966ms
 25: 115.821308ms
 26: 117.264524ms
 27: 115.614945ms
 28: 117.254118ms
 29: 115.836773ms
 30: 114.828724ms
 31: 116.066919ms
 32: 116.072094ms
 33: 117.337226ms
 34: 116.666282ms
 35: 115.563912ms
 36: 115.901708ms
 37: 115.683766ms
 38: 118.442961ms
 39: 116.126320ms
 40: 116.180279ms
 41: 114.905946ms
 42: 114.014325ms
 43: 113.514324ms
 44: 132.131014ms
 45: 123.769144ms
 46: 116.384450ms
 47: 113.509255ms
 48: 114.205178ms
 49: 113.889294ms


Measurements
--------------------------
FFT Size            : 456^3
Threads             : 39
Batch               : 1
Iterations          : 50
Avg Tot Runtime     : 119.406985 ms
Runtime per batch   : 119.406985 ms
SD                  : 7.316728 ms
Throughput          : 7.573237 GFLOPs
Plan Time           : 429.563092 sec
