Expm 2: Streaming FFT

Printing individual runtimes:
 0: 0.419597ms
 1: 0.200659ms
 2: 0.192564ms
 3: 0.371172ms
 4: 0.194278ms
 5: 0.192258ms
 6: 0.190057ms
 7: 0.190595ms
 8: 0.190342ms
 9: 0.201783ms
 10: 0.370747ms
 11: 0.189002ms
 12: 0.201059ms
 13: 0.202175ms
 14: 0.321802ms
 15: 0.196641ms
 16: 0.209629ms
 17: 0.197401ms
 18: 0.191313ms
 19: 0.384112ms
 20: 0.206111ms
 21: 0.189367ms
 22: 0.232330ms
 23: 0.193445ms
 24: 0.189927ms
 25: 0.195908ms
 26: 0.354771ms
 27: 0.223768ms
 28: 0.195531ms
 29: 0.205326ms
 30: 0.203813ms
 31: 0.195143ms
 32: 0.195535ms
 33: 0.384830ms
 34: 0.235425ms
 35: 0.198093ms
 36: 0.188581ms
 37: 0.236810ms
 38: 0.202534ms
 39: 0.201496ms
 40: 0.310571ms
 41: 0.191368ms
 42: 0.194611ms
 43: 0.207868ms
 44: 0.219036ms
 45: 0.190424ms
 46: 0.187447ms
 47: 0.198051ms
 48: 0.196827ms
 49: 0.377093ms
 50: 0.196899ms
 51: 0.192020ms
 52: 0.188170ms
 53: 0.188167ms
 54: 0.196241ms
 55: 0.190535ms
 56: 0.214401ms
 57: 0.191589ms
 58: 0.194368ms
 59: 0.187969ms
 60: 0.388022ms
 61: 0.218268ms
 62: 0.227044ms
 63: 0.196859ms
 64: 0.196326ms
 65: 0.219320ms
 66: 0.196827ms
 67: 0.198043ms
 68: 0.196512ms
 69: 0.196873ms
 70: 0.221819ms
 71: 0.195703ms
 72: 0.237485ms
 73: 0.196579ms
 74: 0.376369ms
 75: 0.198138ms
 76: 0.198162ms
 77: 0.245783ms
 78: 0.198457ms
 79: 0.188389ms
 80: 0.237756ms
 81: 0.200858ms
 82: 0.201952ms
 83: 0.186338ms
 84: 0.188563ms
 85: 0.187921ms
 86: 0.190225ms
 87: 0.204361ms
 88: 0.380725ms
 89: 0.199987ms
 90: 0.205176ms
 91: 0.197738ms
 92: 0.192083ms
 93: 0.205217ms
 94: 0.195430ms
 95: 0.237179ms
 96: 0.201321ms
 97: 0.196431ms
 98: 0.197654ms
 99: 0.188892ms
 100: 0.194973ms
 101: 0.198047ms
 102: 0.198609ms
 103: 0.202811ms
 104: 0.191381ms
 105: 0.224342ms
 106: 0.188323ms
 107: 0.198961ms
 108: 0.187870ms
 109: 0.196805ms
 110: 0.198310ms
 111: 0.198415ms
 112: 0.423748ms
 113: 0.193958ms
 114: 0.189434ms
 115: 0.189910ms
 116: 0.191774ms
 117: 0.224299ms
 118: 0.196198ms
 119: 0.197292ms
 120: 0.218102ms
 121: 0.196980ms
 122: 0.240253ms
 123: 0.197312ms
 124: 0.201302ms
 125: 0.196085ms
 126: 0.199342ms
 127: 0.234368ms
 128: 0.196144ms
 129: 0.218701ms
 130: 0.204889ms
 131: 0.187400ms
 132: 0.389295ms
 133: 0.197564ms
 134: 0.199436ms
 135: 0.189295ms
 136: 0.206082ms
 137: 0.199777ms
 138: 0.189577ms
 139: 0.200111ms
 140: 0.199077ms
 141: 0.188013ms
 142: 0.199052ms
 143: 0.195875ms
 144: 0.194627ms
 145: 0.199246ms
 146: 0.191307ms
 147: 0.196814ms
 148: 0.197133ms
 149: 0.188731ms
 150: 0.208253ms
 151: 0.383668ms
 152: 0.199457ms
 153: 0.191761ms
 154: 0.196532ms
 155: 0.190675ms
 156: 0.189057ms
 157: 0.192573ms
 158: 0.189281ms
 159: 0.189002ms
 160: 0.196368ms
 161: 0.240388ms
 162: 0.223098ms
 163: 0.195390ms
 164: 0.192302ms
 165: 0.186233ms
 166: 0.222434ms
 167: 0.197303ms
 168: 0.188869ms
 169: 0.199647ms
 170: 0.199486ms
 171: 0.189664ms
 172: 0.197232ms
 173: 0.202344ms
 174: 0.189888ms
 175: 0.233168ms
 176: 0.219761ms
 177: 0.211535ms
 178: 0.385232ms
 179: 0.187973ms
 180: 0.197894ms
 181: 0.199026ms
 182: 0.190201ms
 183: 0.200812ms
 184: 0.213511ms
 185: 0.239734ms
 186: 0.195291ms
 187: 0.225690ms
 188: 0.199061ms
 189: 0.188877ms
 190: 0.187672ms
 191: 0.197845ms
 192: 0.188306ms
 193: 0.188321ms
 194: 0.187265ms
 195: 0.222703ms
 196: 0.187988ms
 197: 0.224150ms
 198: 0.198014ms
 199: 0.195628ms


-- Real : Q1: 50 Q2: 100 Q3: 150
-- Array: Q1: 49 Q2: 99 Q3: 149
Printing sorted runtimes:
 0: 0.188389ms
 1: 0.187988ms
 2: 0.186338ms
 3: 0.187265ms
 4: 0.187921ms
 5: 0.188323ms
 6: 0.187969ms
 7: 0.187870ms
 8: 0.188167ms
 9: 0.188321ms
 10: 0.188306ms
 11: 0.188170ms
 12: 0.187672ms
 13: 0.187400ms
 14: 0.187447ms
 15: 0.188013ms
 16: 0.187973ms
 17: 0.186233ms
 18: 0.189664ms
 19: 0.188563ms
 20: 0.188869ms
 21: 0.189367ms
 22: 0.188892ms
 23: 0.189002ms
 24: 0.189434ms
 25: 0.188877ms
 26: 0.189295ms
 27: 0.189002ms
 28: 0.189577ms
 29: 0.189281ms
 30: 0.188731ms
 31: 0.188581ms
 32: 0.189057ms
 33: 0.190675ms
 34: 0.190595ms
 35: 0.190535ms
 36: 0.190057ms
 37: 0.190342ms
 38: 0.189927ms
 39: 0.189910ms
 40: 0.190201ms
 41: 0.190424ms
 42: 0.190225ms
 43: 0.189888ms
 44: 0.191589ms
 45: 0.191368ms
 46: 0.191381ms
 47: 0.191307ms
 48: 0.191313ms
 49: 0.191761ms
 50: 0.191774ms
 51: 0.196085ms
 52: 0.192258ms
 53: 0.192083ms
 54: 0.192302ms
 55: 0.192564ms
 56: 0.193445ms
 57: 0.192573ms
 58: 0.194368ms
 59: 0.193958ms
 60: 0.195535ms
 61: 0.195291ms
 62: 0.194973ms
 63: 0.195390ms
 64: 0.195430ms
 65: 0.195531ms
 66: 0.194611ms
 67: 0.194278ms
 68: 0.194627ms
 69: 0.195143ms
 70: 0.195628ms
 71: 0.195703ms
 72: 0.195908ms
 73: 0.195875ms
 74: 0.192020ms
 75: 0.196241ms
 76: 0.196144ms
 77: 0.196198ms
 78: 0.196980ms
 79: 0.196805ms
 80: 0.196814ms
 81: 0.196641ms
 82: 0.196827ms
 83: 0.196873ms
 84: 0.196512ms
 85: 0.196579ms
 86: 0.196827ms
 87: 0.196899ms
 88: 0.196859ms
 89: 0.196431ms
 90: 0.196532ms
 91: 0.196368ms
 92: 0.196326ms
 93: 0.197292ms
 94: 0.197133ms
 95: 0.197232ms
 96: 0.197401ms
 97: 0.197303ms
 98: 0.197312ms
 99: 0.197564ms
 100: 0.197654ms
 101: 0.199342ms
 102: 0.197738ms
 103: 0.198138ms
 104: 0.198014ms
 105: 0.198047ms
 106: 0.198093ms
 107: 0.197894ms
 108: 0.198043ms
 109: 0.198051ms
 110: 0.198162ms
 111: 0.198415ms
 112: 0.199052ms
 113: 0.198310ms
 114: 0.198961ms
 115: 0.199077ms
 116: 0.199246ms
 117: 0.197845ms
 118: 0.198609ms
 119: 0.198457ms
 120: 0.199061ms
 121: 0.199026ms
 122: 0.202811ms
 123: 0.199436ms
 124: 0.199647ms
 125: 0.199777ms
 126: 0.199486ms
 127: 0.200659ms
 128: 0.201783ms
 129: 0.201059ms
 130: 0.199457ms
 131: 0.201302ms
 132: 0.202175ms
 133: 0.200812ms
 134: 0.200858ms
 135: 0.201952ms
 136: 0.201321ms
 137: 0.202534ms
 138: 0.201496ms
 139: 0.200111ms
 140: 0.202344ms
 141: 0.199987ms
 142: 0.206111ms
 143: 0.205176ms
 144: 0.204889ms
 145: 0.205217ms
 146: 0.204361ms
 147: 0.205326ms
 148: 0.203813ms
 149: 0.206082ms
 150: 0.207868ms
 151: 0.208253ms
 152: 0.383668ms
 153: 0.227044ms
 154: 0.236810ms
 155: 0.235425ms
 156: 0.384830ms
 157: 0.218268ms
 158: 0.224342ms
 159: 0.223768ms
 160: 0.237179ms
 161: 0.240388ms
 162: 0.223098ms
 163: 0.354771ms
 164: 0.237485ms
 165: 0.232330ms
 166: 0.222434ms
 167: 0.388022ms
 168: 0.214401ms
 169: 0.219320ms
 170: 0.423748ms
 171: 0.384112ms
 172: 0.310571ms
 173: 0.377093ms
 174: 0.380725ms
 175: 0.233168ms
 176: 0.219761ms
 177: 0.211535ms
 178: 0.385232ms
 179: 0.209629ms
 180: 0.224299ms
 181: 0.219036ms
 182: 0.218102ms
 183: 0.240253ms
 184: 0.213511ms
 185: 0.239734ms
 186: 0.321802ms
 187: 0.225690ms
 188: 0.237756ms
 189: 0.389295ms
 190: 0.218701ms
 191: 0.221819ms
 192: 0.370747ms
 193: 0.376369ms
 194: 0.371172ms
 195: 0.222703ms
 196: 0.234368ms
 197: 0.224150ms
 198: 0.245783ms
 199: 0.419597ms


Measurements
--------------------------
FFT Size            : 78^3
Threads             : 21
Batch               : 1
Iterations          : 200
Avg Tot Runtime     : 0.214751 ms
Runtime per batch   : 0.214751 ms
SD                  : 0.049989 ms
Q1                  : 0.191761 ms
Median              : 0.197609 ms
Q3                  : 0.206082 ms
