Expm 2: Streaming FFT

Printing individual runtimes:
 0: 0.337543ms
 1: 0.190845ms
 2: 0.174729ms
 3: 1.214709ms
 4: 0.182036ms
 5: 0.176966ms
 6: 0.173697ms
 7: 0.382705ms
 8: 0.181776ms
 9: 0.189226ms
 10: 0.172085ms
 11: 0.874924ms
 12: 0.172958ms
 13: 0.175702ms
 14: 0.200361ms
 15: 0.203846ms
 16: 0.175139ms
 17: 0.396267ms
 18: 0.173140ms
 19: 0.204745ms
 20: 0.176617ms
 21: 0.168317ms
 22: 0.176562ms
 23: 0.184259ms
 24: 0.372319ms
 25: 0.198730ms
 26: 0.169684ms
 27: 0.178769ms
 28: 0.186570ms
 29: 0.175776ms
 30: 0.195392ms
 31: 0.179324ms
 32: 0.380683ms
 33: 0.177396ms
 34: 0.185857ms
 35: 0.179990ms
 36: 0.179771ms
 37: 0.174017ms
 38: 0.173775ms
 39: 0.426190ms
 40: 0.179969ms
 41: 0.167701ms
 42: 0.197409ms
 43: 0.181775ms
 44: 0.182000ms
 45: 0.179296ms
 46: 0.167875ms
 47: 0.206785ms
 48: 0.177448ms
 49: 0.465751ms
 50: 0.170236ms
 51: 0.170984ms
 52: 0.200919ms
 53: 0.170940ms
 54: 0.174634ms
 55: 0.168887ms
 56: 0.172631ms
 57: 0.203653ms
 58: 0.396274ms
 59: 0.178612ms
 60: 0.204149ms
 61: 0.176764ms
 62: 0.171958ms
 63: 0.174924ms
 64: 0.177680ms
 65: 0.180107ms
 66: 0.172018ms
 67: 0.171772ms
 68: 0.170485ms
 69: 0.171703ms
 70: 0.168894ms
 71: 0.172556ms
 72: 0.201324ms
 73: 0.177324ms
 74: 0.373786ms
 75: 0.176335ms
 76: 0.168703ms
 77: 0.170194ms
 78: 0.175855ms
 79: 0.170517ms
 80: 0.170975ms
 81: 0.172879ms
 82: 0.180637ms
 83: 0.179445ms
 84: 0.175297ms
 85: 0.181270ms
 86: 0.169157ms
 87: 0.178000ms
 88: 0.180679ms
 89: 0.395754ms
 90: 0.174664ms
 91: 0.173737ms
 92: 0.179041ms
 93: 0.177201ms
 94: 0.178038ms
 95: 0.164210ms
 96: 0.169924ms
 97: 0.179780ms
 98: 0.184990ms
 99: 0.172146ms
 100: 0.172713ms
 101: 0.175022ms
 102: 0.193551ms
 103: 0.176201ms
 104: 0.174197ms
 105: 0.174445ms
 106: 0.173332ms
 107: 0.371337ms
 108: 0.175305ms
 109: 0.171618ms
 110: 0.188064ms
 111: 0.174355ms
 112: 0.173415ms
 113: 0.182443ms
 114: 0.171967ms
 115: 0.178577ms
 116: 0.172823ms
 117: 0.169549ms
 118: 0.175079ms
 119: 0.179040ms
 120: 0.175673ms
 121: 0.171089ms
 122: 0.175808ms
 123: 0.180659ms
 124: 0.206965ms
 125: 0.168687ms
 126: 0.173532ms
 127: 0.177642ms
 128: 0.203692ms
 129: 0.168239ms
 130: 0.178240ms
 131: 0.176910ms
 132: 0.172334ms
 133: 0.171613ms
 134: 0.173603ms
 135: 0.174512ms
 136: 0.175018ms
 137: 0.180110ms
 138: 0.172286ms
 139: 0.172778ms
 140: 0.171343ms
 141: 0.181210ms
 142: 0.173630ms
 143: 0.176395ms
 144: 0.173927ms
 145: 0.185475ms
 146: 0.169645ms
 147: 0.169758ms
 148: 0.178741ms
 149: 0.191874ms
 150: 0.194643ms
 151: 0.171118ms
 152: 0.169739ms
 153: 0.170885ms
 154: 0.168725ms
 155: 0.169768ms
 156: 0.174441ms
 157: 0.180159ms
 158: 0.173243ms
 159: 0.175524ms
 160: 0.170765ms
 161: 0.173374ms
 162: 0.167687ms
 163: 0.171852ms
 164: 0.173691ms
 165: 0.195847ms
 166: 0.169828ms
 167: 0.206672ms
 168: 0.216370ms
 169: 0.215008ms
 170: 0.173402ms
 171: 0.181180ms
 172: 0.187995ms
 173: 0.175235ms
 174: 0.167905ms
 175: 0.175275ms
 176: 0.171538ms
 177: 0.356438ms
 178: 0.170633ms
 179: 0.185214ms
 180: 0.177487ms
 181: 0.173571ms
 182: 0.176300ms
 183: 0.174211ms
 184: 0.190766ms
 185: 0.176045ms
 186: 0.169326ms
 187: 0.173486ms
 188: 0.176117ms
 189: 0.195083ms
 190: 0.171927ms
 191: 0.177041ms
 192: 0.208898ms
 193: 0.167393ms
 194: 0.181426ms
 195: 0.197499ms
 196: 0.172553ms
 197: 0.188262ms
 198: 0.207548ms
 199: 0.173475ms


-- Real : Q1: 50 Q2: 100 Q3: 150
-- Array: Q1: 49 Q2: 99 Q3: 149
Printing sorted runtimes:
 0: 0.172018ms
 1: 0.171772ms
 2: 0.167393ms
 3: 0.171927ms
 4: 0.169326ms
 5: 0.170633ms
 6: 0.171538ms
 7: 0.167905ms
 8: 0.171958ms
 9: 0.169828ms
 10: 0.170485ms
 11: 0.171852ms
 12: 0.171703ms
 13: 0.167687ms
 14: 0.168894ms
 15: 0.170765ms
 16: 0.168703ms
 17: 0.169768ms
 18: 0.168887ms
 19: 0.168725ms
 20: 0.170885ms
 21: 0.168317ms
 22: 0.169739ms
 23: 0.171118ms
 24: 0.169758ms
 25: 0.169645ms
 26: 0.169684ms
 27: 0.171343ms
 28: 0.170194ms
 29: 0.170940ms
 30: 0.171613ms
 31: 0.170517ms
 32: 0.168239ms
 33: 0.168687ms
 34: 0.171089ms
 35: 0.169549ms
 36: 0.170984ms
 37: 0.171967ms
 38: 0.170236ms
 39: 0.171618ms
 40: 0.170975ms
 41: 0.167701ms
 42: 0.169157ms
 43: 0.167875ms
 44: 0.169924ms
 45: 0.164210ms
 46: 0.172334ms
 47: 0.172146ms
 48: 0.172286ms
 49: 0.172085ms
 50: 0.172553ms
 51: 0.173691ms
 52: 0.172823ms
 53: 0.172879ms
 54: 0.172778ms
 55: 0.172713ms
 56: 0.172631ms
 57: 0.172958ms
 58: 0.173140ms
 59: 0.173374ms
 60: 0.173243ms
 61: 0.173415ms
 62: 0.173402ms
 63: 0.173332ms
 64: 0.173475ms
 65: 0.172556ms
 66: 0.173532ms
 67: 0.173603ms
 68: 0.173630ms
 69: 0.173571ms
 70: 0.173486ms
 71: 0.174211ms
 72: 0.174017ms
 73: 0.173775ms
 74: 0.174197ms
 75: 0.173927ms
 76: 0.173737ms
 77: 0.173697ms
 78: 0.175305ms
 79: 0.174729ms
 80: 0.174634ms
 81: 0.175275ms
 82: 0.175235ms
 83: 0.175079ms
 84: 0.175297ms
 85: 0.174445ms
 86: 0.175022ms
 87: 0.175139ms
 88: 0.174441ms
 89: 0.174924ms
 90: 0.174664ms
 91: 0.174512ms
 92: 0.175018ms
 93: 0.174355ms
 94: 0.175808ms
 95: 0.175702ms
 96: 0.175673ms
 97: 0.175776ms
 98: 0.175524ms
 99: 0.175855ms
 100: 0.176045ms
 101: 0.178612ms
 102: 0.176335ms
 103: 0.176201ms
 104: 0.176300ms
 105: 0.176395ms
 106: 0.176617ms
 107: 0.176562ms
 108: 0.176764ms
 109: 0.177041ms
 110: 0.176910ms
 111: 0.177201ms
 112: 0.177324ms
 113: 0.177396ms
 114: 0.176966ms
 115: 0.178577ms
 116: 0.178000ms
 117: 0.177448ms
 118: 0.176117ms
 119: 0.177487ms
 120: 0.178038ms
 121: 0.178240ms
 122: 0.177680ms
 123: 0.177642ms
 124: 0.181426ms
 125: 0.179445ms
 126: 0.179969ms
 127: 0.180659ms
 128: 0.180107ms
 129: 0.181270ms
 130: 0.181180ms
 131: 0.179771ms
 132: 0.179324ms
 133: 0.180159ms
 134: 0.180679ms
 135: 0.180637ms
 136: 0.179990ms
 137: 0.180110ms
 138: 0.179780ms
 139: 0.179041ms
 140: 0.178769ms
 141: 0.181210ms
 142: 0.178741ms
 143: 0.179296ms
 144: 0.179040ms
 145: 0.181776ms
 146: 0.181775ms
 147: 0.182443ms
 148: 0.182000ms
 149: 0.182036ms
 150: 0.184259ms
 151: 0.184990ms
 152: 0.185475ms
 153: 0.185214ms
 154: 0.186570ms
 155: 0.189226ms
 156: 0.188064ms
 157: 0.188262ms
 158: 0.190766ms
 159: 0.187995ms
 160: 0.185857ms
 161: 0.193551ms
 162: 0.194643ms
 163: 0.191874ms
 164: 0.190845ms
 165: 0.195847ms
 166: 0.874924ms
 167: 0.206672ms
 168: 0.216370ms
 169: 0.215008ms
 170: 0.200361ms
 171: 0.203846ms
 172: 0.206785ms
 173: 0.396267ms
 174: 0.382705ms
 175: 0.204745ms
 176: 0.465751ms
 177: 0.356438ms
 178: 0.200919ms
 179: 0.395754ms
 180: 0.372319ms
 181: 0.203653ms
 182: 0.373786ms
 183: 0.201324ms
 184: 0.198730ms
 185: 0.396274ms
 186: 0.197409ms
 187: 0.195392ms
 188: 0.204149ms
 189: 0.195083ms
 190: 1.214709ms
 191: 0.380683ms
 192: 0.208898ms
 193: 0.203692ms
 194: 0.371337ms
 195: 0.197499ms
 196: 0.206965ms
 197: 0.426190ms
 198: 0.207548ms
 199: 0.337543ms


Measurements
--------------------------
FFT Size            : 78^3
Threads             : 28
Batch               : 1
Iterations          : 200
Avg Tot Runtime     : 0.199995 ms
Runtime per batch   : 0.199995 ms
SD                  : 0.100618 ms
Q1                  : 0.172085 ms
Median              : 0.175950 ms
Q3                  : 0.182036 ms
