Expm 2: Streaming FFT

Printing individual runtimes:
 0: 0.326144ms
 1: 0.203992ms
 2: 0.189131ms
 3: 0.382725ms
 4: 0.247233ms
 5: 0.202895ms
 6: 0.189181ms
 7: 0.191686ms
 8: 0.223451ms
 9: 0.191924ms
 10: 0.355889ms
 11: 0.190093ms
 12: 0.190281ms
 13: 0.189537ms
 14: 0.312767ms
 15: 0.199591ms
 16: 0.192517ms
 17: 0.192581ms
 18: 0.191657ms
 19: 0.388854ms
 20: 0.199756ms
 21: 0.193579ms
 22: 0.192544ms
 23: 0.190934ms
 24: 0.189871ms
 25: 0.193032ms
 26: 0.394071ms
 27: 0.197471ms
 28: 0.195415ms
 29: 0.189015ms
 30: 0.196825ms
 31: 0.198580ms
 32: 0.378748ms
 33: 0.200773ms
 34: 0.187738ms
 35: 0.199346ms
 36: 0.190544ms
 37: 0.197643ms
 38: 0.192428ms
 39: 0.382842ms
 40: 0.195893ms
 41: 0.189556ms
 42: 0.196260ms
 43: 0.188062ms
 44: 0.203090ms
 45: 0.190023ms
 46: 0.189684ms
 47: 0.201419ms
 48: 0.361233ms
 49: 0.221568ms
 50: 0.192054ms
 51: 0.200677ms
 52: 0.197358ms
 53: 0.204801ms
 54: 0.196710ms
 55: 0.198828ms
 56: 0.194168ms
 57: 0.208612ms
 58: 0.200922ms
 59: 0.199823ms
 60: 0.200571ms
 61: 0.355701ms
 62: 0.211965ms
 63: 0.190134ms
 64: 0.197752ms
 65: 0.198956ms
 66: 0.199994ms
 67: 0.199207ms
 68: 0.201106ms
 69: 0.202379ms
 70: 0.201019ms
 71: 0.198423ms
 72: 0.196212ms
 73: 0.197435ms
 74: 0.195164ms
 75: 0.197181ms
 76: 0.192215ms
 77: 0.381291ms
 78: 0.189582ms
 79: 0.196012ms
 80: 0.213176ms
 81: 0.198437ms
 82: 0.194659ms
 83: 0.206390ms
 84: 0.202101ms
 85: 0.188426ms
 86: 0.193656ms
 87: 0.198106ms
 88: 0.191719ms
 89: 0.189953ms
 90: 0.200148ms
 91: 0.193570ms
 92: 0.195516ms
 93: 0.204597ms
 94: 0.188619ms
 95: 0.236383ms
 96: 0.196721ms
 97: 0.198667ms
 98: 0.351918ms
 99: 0.193980ms
 100: 0.205167ms
 101: 0.196440ms
 102: 0.223522ms
 103: 0.196653ms
 104: 0.189725ms
 105: 0.196281ms
 106: 0.190576ms
 107: 0.191347ms
 108: 0.197064ms
 109: 0.191546ms
 110: 0.199356ms
 111: 0.196246ms
 112: 0.203667ms
 113: 0.188222ms
 114: 0.203776ms
 115: 0.197577ms
 116: 0.194142ms
 117: 0.189236ms
 118: 0.371132ms
 119: 0.191042ms
 120: 0.190001ms
 121: 0.190289ms
 122: 0.198869ms
 123: 0.197972ms
 124: 0.206113ms
 125: 0.188094ms
 126: 0.186967ms
 127: 0.195113ms
 128: 0.197983ms
 129: 0.189967ms
 130: 0.203097ms
 131: 0.189114ms
 132: 0.198132ms
 133: 0.189397ms
 134: 0.195658ms
 135: 0.189911ms
 136: 0.202812ms
 137: 0.190595ms
 138: 0.189504ms
 139: 0.189805ms
 140: 0.197612ms
 141: 0.192711ms
 142: 0.196445ms
 143: 0.371126ms
 144: 0.190492ms
 145: 0.197299ms
 146: 0.201799ms
 147: 0.190366ms
 148: 0.189932ms
 149: 0.199795ms
 150: 0.204749ms
 151: 0.187726ms
 152: 0.202304ms
 153: 0.197890ms
 154: 0.187960ms
 155: 0.201026ms
 156: 0.189337ms
 157: 0.187801ms
 158: 0.191483ms
 159: 0.195355ms
 160: 0.191413ms
 161: 0.348107ms
 162: 0.189294ms
 163: 0.191177ms
 164: 0.190925ms
 165: 0.208463ms
 166: 0.193827ms
 167: 0.200372ms
 168: 0.236374ms
 169: 0.192550ms
 170: 0.198342ms
 171: 0.191743ms
 172: 0.191422ms
 173: 0.190083ms
 174: 0.189426ms
 175: 0.204361ms
 176: 0.190020ms
 177: 0.204751ms
 178: 0.216444ms
 179: 0.190895ms
 180: 0.199911ms
 181: 0.189800ms
 182: 0.192296ms
 183: 0.188984ms
 184: 0.199155ms
 185: 0.206281ms
 186: 0.200158ms
 187: 0.272114ms
 188: 0.195497ms
 189: 0.198125ms
 190: 0.192595ms
 191: 0.202473ms
 192: 0.190848ms
 193: 0.198889ms
 194: 0.190733ms
 195: 0.212021ms
 196: 0.190989ms
 197: 0.190257ms
 198: 0.192099ms
 199: 0.188641ms


-- Real : Q1: 50 Q2: 100 Q3: 150
-- Array: Q1: 49 Q2: 99 Q3: 149
Printing sorted runtimes:
 0: 0.189294ms
 1: 0.188641ms
 2: 0.189131ms
 3: 0.187801ms
 4: 0.187960ms
 5: 0.187726ms
 6: 0.189181ms
 7: 0.189114ms
 8: 0.186967ms
 9: 0.188094ms
 10: 0.189236ms
 11: 0.188222ms
 12: 0.188619ms
 13: 0.188426ms
 14: 0.188984ms
 15: 0.188062ms
 16: 0.187738ms
 17: 0.189015ms
 18: 0.190848ms
 19: 0.190281ms
 20: 0.189805ms
 21: 0.189426ms
 22: 0.189953ms
 23: 0.190083ms
 24: 0.189871ms
 25: 0.189537ms
 26: 0.190366ms
 27: 0.189504ms
 28: 0.190020ms
 29: 0.189582ms
 30: 0.190595ms
 31: 0.189725ms
 32: 0.190576ms
 33: 0.189932ms
 34: 0.190093ms
 35: 0.189911ms
 36: 0.190544ms
 37: 0.190492ms
 38: 0.190733ms
 39: 0.189397ms
 40: 0.190134ms
 41: 0.189556ms
 42: 0.189800ms
 43: 0.189967ms
 44: 0.190001ms
 45: 0.190023ms
 46: 0.189684ms
 47: 0.190257ms
 48: 0.190289ms
 49: 0.189337ms
 50: 0.190895ms
 51: 0.195893ms
 52: 0.190934ms
 53: 0.190989ms
 54: 0.191042ms
 55: 0.191347ms
 56: 0.191413ms
 57: 0.191177ms
 58: 0.191422ms
 59: 0.192099ms
 60: 0.191483ms
 61: 0.191719ms
 62: 0.191686ms
 63: 0.191743ms
 64: 0.191924ms
 65: 0.191546ms
 66: 0.191657ms
 67: 0.192054ms
 68: 0.195658ms
 69: 0.192517ms
 70: 0.194142ms
 71: 0.192428ms
 72: 0.192550ms
 73: 0.192595ms
 74: 0.195164ms
 75: 0.192711ms
 76: 0.192215ms
 77: 0.190925ms
 78: 0.192581ms
 79: 0.193980ms
 80: 0.192296ms
 81: 0.195355ms
 82: 0.194659ms
 83: 0.195415ms
 84: 0.195497ms
 85: 0.193032ms
 86: 0.193656ms
 87: 0.194168ms
 88: 0.193827ms
 89: 0.192544ms
 90: 0.195113ms
 91: 0.193570ms
 92: 0.195516ms
 93: 0.193579ms
 94: 0.196260ms
 95: 0.196012ms
 96: 0.196212ms
 97: 0.196246ms
 98: 0.196281ms
 99: 0.196440ms
 100: 0.196445ms
 101: 0.201106ms
 102: 0.196653ms
 103: 0.198342ms
 104: 0.197181ms
 105: 0.199911ms
 106: 0.197435ms
 107: 0.200148ms
 108: 0.197064ms
 109: 0.198423ms
 110: 0.199356ms
 111: 0.198437ms
 112: 0.197299ms
 113: 0.199795ms
 114: 0.199207ms
 115: 0.197577ms
 116: 0.199994ms
 117: 0.198956ms
 118: 0.197752ms
 119: 0.197890ms
 120: 0.199823ms
 121: 0.198889ms
 122: 0.198869ms
 123: 0.197972ms
 124: 0.198828ms
 125: 0.198667ms
 126: 0.199155ms
 127: 0.197358ms
 128: 0.197983ms
 129: 0.199591ms
 130: 0.196721ms
 131: 0.198106ms
 132: 0.198132ms
 133: 0.198125ms
 134: 0.197643ms
 135: 0.199346ms
 136: 0.198580ms
 137: 0.196825ms
 138: 0.197471ms
 139: 0.199756ms
 140: 0.197612ms
 141: 0.200773ms
 142: 0.200158ms
 143: 0.200372ms
 144: 0.200677ms
 145: 0.201026ms
 146: 0.200922ms
 147: 0.200571ms
 148: 0.201019ms
 149: 0.196710ms
 150: 0.201419ms
 151: 0.201799ms
 152: 0.202304ms
 153: 0.202101ms
 154: 0.202895ms
 155: 0.202473ms
 156: 0.202812ms
 157: 0.202379ms
 158: 0.203097ms
 159: 0.203090ms
 160: 0.203776ms
 161: 0.203667ms
 162: 0.203992ms
 163: 0.204361ms
 164: 0.204749ms
 165: 0.208463ms
 166: 0.371126ms
 167: 0.206113ms
 168: 0.236374ms
 169: 0.371132ms
 170: 0.223522ms
 171: 0.205167ms
 172: 0.351918ms
 173: 0.236383ms
 174: 0.204597ms
 175: 0.348107ms
 176: 0.206390ms
 177: 0.204751ms
 178: 0.216444ms
 179: 0.213176ms
 180: 0.381291ms
 181: 0.211965ms
 182: 0.355701ms
 183: 0.208612ms
 184: 0.204801ms
 185: 0.206281ms
 186: 0.221568ms
 187: 0.272114ms
 188: 0.361233ms
 189: 0.382842ms
 190: 0.378748ms
 191: 0.394071ms
 192: 0.388854ms
 193: 0.312767ms
 194: 0.355889ms
 195: 0.212021ms
 196: 0.223451ms
 197: 0.247233ms
 198: 0.382725ms
 199: 0.326144ms


Measurements
--------------------------
FFT Size            : 78^3
Threads             : 20
Batch               : 1
Iterations          : 200
Avg Tot Runtime     : 0.209751 ms
Runtime per batch   : 0.209751 ms
SD                  : 0.045485 ms
Q1                  : 0.189337 ms
Median              : 0.196443 ms
Q3                  : 0.201106 ms
