Expm 2: Streaming FFTW
FFTW Plan: Patient
-- Cannot import wisdom from ../../wisdom/singlenode/all/477/fftw_477_t36_b1.patient
-- Exporting wisdom file to ../../wisdom/singlenode/all/477/fftw_477_t36_b1.patient
Iteration: 0, 1, 2, 3, 4, 5, 6, 7, 8, 9, 10, 11, 12, 13, 14, 15, 16, 17, 18, 19, 20, 21, 22, 23, 24, 25, 26, 27, 28, 29, 30, 31, 32, 33, 34, 35, 36, 37, 38, 39, 40, 41, 42, 43, 44, 45, 46, 47, 48, 49, 
Printing individual runtimes:
 0: 298.174524ms
 1: 298.809291ms
 2: 301.669732ms
 3: 298.125705ms
 4: 299.500324ms
 5: 418.124340ms
 6: 298.962770ms
 7: 300.350058ms
 8: 298.780409ms
 9: 299.854165ms
 10: 516.704798ms
 11: 295.124105ms
 12: 295.583842ms
 13: 296.640883ms
 14: 295.758651ms
 15: 295.735208ms
 16: 296.512441ms
 17: 296.189339ms
 18: 296.457698ms
 19: 297.781398ms
 20: 298.031910ms
 21: 296.521266ms
 22: 295.902664ms
 23: 298.345280ms
 24: 298.928897ms
 25: 296.806731ms
 26: 297.398400ms
 27: 297.720036ms
 28: 296.906731ms
 29: 298.791282ms
 30: 297.276309ms
 31: 300.375253ms
 32: 299.810661ms
 33: 304.025123ms
 34: 494.316711ms
 35: 476.421888ms
 36: 296.907014ms
 37: 296.377039ms
 38: 296.941373ms
 39: 296.723082ms
 40: 296.789957ms
 41: 296.042203ms
 42: 295.754779ms
 43: 296.281380ms
 44: 295.931344ms
 45: 298.133902ms
 46: 295.824485ms
 47: 296.649292ms
 48: 296.644443ms
 49: 295.636913ms


Measurements
--------------------------
FFT Size            : 477^3
Threads             : 36
Batch               : 1
Iterations          : 50
Avg Tot Runtime     : 311.861121 ms
Runtime per batch   : 311.861121 ms
SD                  : 49.635839 ms
Throughput          : 14.812138 GFLOPs
Plan Time           : 314.034756 sec
