Expm 2: Streaming FFTW
FFTW Plan: Patient
-- Cannot import wisdom from ../../wisdom/singlenode/all/649/fftw_649_t36_b1.patient
-- Exporting wisdom file to ../../wisdom/singlenode/all/649/fftw_649_t36_b1.patient
Iteration: 0, 1, 2, 3, 4, 5, 6, 7, 8, 9, 10, 11, 12, 13, 14, 15, 16, 17, 18, 19, 20, 21, 22, 23, 24, 25, 26, 27, 28, 29, 30, 31, 32, 33, 34, 35, 36, 37, 38, 39, 40, 41, 42, 43, 44, 45, 46, 47, 48, 49, 
Printing individual runtimes:
 0: 722.824027ms
 1: 646.118468ms
 2: 649.254855ms
 3: 656.332512ms
 4: 649.880905ms
 5: 647.394303ms
 6: 645.938990ms
 7: 649.804382ms
 8: 648.472827ms
 9: 650.017621ms
 10: 655.206310ms
 11: 675.639636ms
 12: 670.067385ms
 13: 666.949228ms
 14: 664.297086ms
 15: 664.880282ms
 16: 666.608072ms
 17: 662.406217ms
 18: 662.117384ms
 19: 638.774213ms
 20: 637.046263ms
 21: 648.316235ms
 22: 640.907025ms
 23: 641.555077ms
 24: 642.369122ms
 25: 640.525278ms
 26: 641.202516ms
 27: 641.321284ms
 28: 635.927636ms
 29: 616.888002ms
 30: 620.628860ms
 31: 618.541648ms
 32: 628.967206ms
 33: 630.411093ms
 34: 621.352955ms
 35: 683.955787ms
 36: 641.589185ms
 37: 634.056072ms
 38: 622.838843ms
 39: 622.112605ms
 40: 621.460831ms
 41: 623.376566ms
 42: 620.767608ms
 43: 622.477188ms
 44: 623.239548ms
 45: 623.790026ms
 46: 623.081252ms
 47: 622.238111ms
 48: 625.707107ms
 49: 620.108347ms


Measurements
--------------------------
FFT Size            : 649^3
Threads             : 36
Batch               : 1
Iterations          : 50
Avg Tot Runtime     : 642.594880 ms
Runtime per batch   : 642.594880 ms
SD                  : 20.530688 ms
Throughput          : 44.830887 GFLOPs
Plan Time           : 958.228899 sec
