Expm 2: Streaming FFTW
FFTW Plan: Patient
-- Cannot import wisdom from ../../wisdom/singlenode/all/521/fftw_521_t38_b1.patient
-- Exporting wisdom file to ../../wisdom/singlenode/all/521/fftw_521_t38_b1.patient
Iteration: 0, 1, 2, 3, 4, 5, 6, 7, 8, 9, 10, 11, 12, 13, 14, 15, 16, 17, 18, 19, 20, 21, 22, 23, 24, 25, 26, 27, 28, 29, 30, 31, 32, 33, 34, 35, 36, 37, 38, 39, 40, 41, 42, 43, 44, 45, 46, 47, 48, 49, 
Printing individual runtimes:
 0: 204.782496ms
 1: 200.694298ms
 2: 199.124002ms
 3: 200.697385ms
 4: 199.126756ms
 5: 230.056002ms
 6: 199.579293ms
 7: 199.439711ms
 8: 199.336877ms
 9: 201.364833ms
 10: 201.116766ms
 11: 198.752107ms
 12: 198.714078ms
 13: 198.686869ms
 14: 201.066592ms
 15: 200.629771ms
 16: 198.749883ms
 17: 198.849075ms
 18: 198.635108ms
 19: 228.528843ms
 20: 228.912935ms
 21: 228.799441ms
 22: 198.911746ms
 23: 200.841252ms
 24: 198.744359ms
 25: 199.382810ms
 26: 198.778252ms
 27: 201.039214ms
 28: 201.074793ms
 29: 199.102708ms
 30: 200.830496ms
 31: 199.582697ms
 32: 198.562926ms
 33: 312.153446ms
 34: 227.864827ms
 35: 403.051332ms
 36: 229.450156ms
 37: 227.939220ms
 38: 228.584622ms
 39: 208.053032ms
 40: 234.314447ms
 41: 271.059228ms
 42: 408.127335ms
 43: 453.670067ms
 44: 221.577001ms
 45: 218.966201ms
 46: 220.821758ms
 47: 221.579286ms
 48: 220.565490ms
 49: 222.994270ms


Measurements
--------------------------
FFT Size            : 521^3
Threads             : 38
Batch               : 1
Iterations          : 50
Avg Tot Runtime     : 224.865322 ms
Runtime per batch   : 224.865322 ms
SD                  : 54.074660 ms
Throughput          : 20.584457 GFLOPs
Plan Time           : 1011.602636 sec
