Expm 2: Streaming FFTW
FFTW Plan: Patient
-- Cannot import wisdom from ../../wisdom/singlenode/all/461/fftw_461_t38_b1.patient
-- Exporting wisdom file to ../../wisdom/singlenode/all/461/fftw_461_t38_b1.patient
Iteration: 0, 1, 2, 3, 4, 5, 6, 7, 8, 9, 10, 11, 12, 13, 14, 15, 16, 17, 18, 19, 20, 21, 22, 23, 24, 25, 26, 27, 28, 29, 30, 31, 32, 33, 34, 35, 36, 37, 38, 39, 40, 41, 42, 43, 44, 45, 46, 47, 48, 49, 
Printing individual runtimes:
 0: 134.129597ms
 1: 136.736273ms
 2: 135.747637ms
 3: 134.280367ms
 4: 134.452899ms
 5: 135.495844ms
 6: 133.314440ms
 7: 133.958934ms
 8: 133.593819ms
 9: 135.971659ms
 10: 135.388724ms
 11: 136.123622ms
 12: 136.301096ms
 13: 133.942445ms
 14: 133.044503ms
 15: 135.480438ms
 16: 133.744013ms
 17: 129.767947ms
 18: 130.250820ms
 19: 129.903692ms
 20: 203.260521ms
 21: 130.474876ms
 22: 127.428275ms
 23: 130.223921ms
 24: 130.481559ms
 25: 130.269046ms
 26: 130.098951ms
 27: 130.621609ms
 28: 130.564715ms
 29: 130.877243ms
 30: 128.834712ms
 31: 139.726702ms
 32: 128.652532ms
 33: 128.515766ms
 34: 128.298819ms
 35: 129.903043ms
 36: 129.253496ms
 37: 129.232826ms
 38: 128.408111ms
 39: 130.048590ms
 40: 128.012733ms
 41: 130.280451ms
 42: 129.643876ms
 43: 129.243704ms
 44: 128.781873ms
 45: 128.429373ms
 46: 129.746232ms
 47: 128.824522ms
 48: 128.584406ms
 49: 128.933500ms


Measurements
--------------------------
FFT Size            : 461^3
Threads             : 38
Batch               : 1
Iterations          : 50
Avg Tot Runtime     : 132.945695 ms
Runtime per batch   : 132.945695 ms
SD                  : 10.465227 ms
Throughput          : 12.442680 GFLOPs
Plan Time           : 859.949845 sec
