Expm 2: Streaming FFTW
FFTW Plan: Patient
-- Cannot import wisdom from ../../wisdom/singlenode/all/506/fftw_506_t36_b1.patient
-- Exporting wisdom file to ../../wisdom/singlenode/all/506/fftw_506_t36_b1.patient
Iteration: 0, 1, 2, 3, 4, 5, 6, 7, 8, 9, 10, 11, 12, 13, 14, 15, 16, 17, 18, 19, 20, 21, 22, 23, 24, 25, 26, 27, 28, 29, 30, 31, 32, 33, 34, 35, 36, 37, 38, 39, 40, 41, 42, 43, 44, 45, 46, 47, 48, 49, 
Printing individual runtimes:
 0: 198.860636ms
 1: 549.603402ms
 2: 387.454879ms
 3: 198.074161ms
 4: 375.323002ms
 5: 196.864950ms
 6: 232.005108ms
 7: 372.778018ms
 8: 375.977527ms
 9: 214.632522ms
 10: 199.626861ms
 11: 195.239609ms
 12: 200.028296ms
 13: 199.678503ms
 14: 200.540198ms
 15: 196.685229ms
 16: 198.866888ms
 17: 197.666723ms
 18: 199.930626ms
 19: 200.823615ms
 20: 201.356118ms
 21: 198.196631ms
 22: 200.178173ms
 23: 197.834559ms
 24: 197.923003ms
 25: 200.525268ms
 26: 196.806113ms
 27: 375.059959ms
 28: 317.765529ms
 29: 270.654691ms
 30: 197.231506ms
 31: 198.728868ms
 32: 199.097842ms
 33: 200.616810ms
 34: 198.267136ms
 35: 199.544455ms
 36: 197.541198ms
 37: 200.350468ms
 38: 381.622051ms
 39: 468.310444ms
 40: 572.955409ms
 41: 429.777201ms
 42: 300.271528ms
 43: 389.855063ms
 44: 206.746769ms
 45: 202.649648ms
 46: 200.613842ms
 47: 199.471735ms
 48: 200.651362ms
 49: 200.111911ms


Measurements
--------------------------
FFT Size            : 506^3
Threads             : 36
Batch               : 1
Iterations          : 50
Avg Tot Runtime     : 255.827521 ms
Runtime per batch   : 255.827521 ms
SD                  : 98.686797 ms
Throughput          : 16.594503 GFLOPs
Plan Time           : 723.734289 sec
