Expm 2: Streaming FFTW
FFTW Plan: Patient
-- Cannot import wisdom from ../../wisdom/singlenode/all/470/fftw_470_t38_b1.patient
-- Exporting wisdom file to ../../wisdom/singlenode/all/470/fftw_470_t38_b1.patient
Iteration: 0, 1, 2, 3, 4, 5, 6, 7, 8, 9, 10, 11, 12, 13, 14, 15, 16, 17, 18, 19, 20, 21, 22, 23, 24, 25, 26, 27, 28, 29, 30, 31, 32, 33, 34, 35, 36, 37, 38, 39, 40, 41, 42, 43, 44, 45, 46, 47, 48, 49, 
Printing individual runtimes:
 0: 431.597775ms
 1: 350.719330ms
 2: 289.198205ms
 3: 213.752205ms
 4: 213.433041ms
 5: 215.770126ms
 6: 212.643592ms
 7: 345.795148ms
 8: 209.176301ms
 9: 218.688512ms
 10: 211.394630ms
 11: 211.286307ms
 12: 231.526123ms
 13: 216.242396ms
 14: 213.305856ms
 15: 212.490257ms
 16: 214.541919ms
 17: 212.784271ms
 18: 352.399508ms
 19: 335.188186ms
 20: 207.451259ms
 21: 209.109545ms
 22: 208.269899ms
 23: 205.507598ms
 24: 339.497538ms
 25: 213.570675ms
 26: 208.907635ms
 27: 213.378144ms
 28: 208.963723ms
 29: 211.260868ms
 30: 207.872620ms
 31: 207.665744ms
 32: 281.106281ms
 33: 214.872424ms
 34: 210.457475ms
 35: 209.515270ms
 36: 213.931568ms
 37: 211.157748ms
 38: 212.168698ms
 39: 210.847320ms
 40: 214.247847ms
 41: 204.471341ms
 42: 208.586163ms
 43: 210.579505ms
 44: 357.048579ms
 45: 286.958858ms
 46: 353.941002ms
 47: 334.044990ms
 48: 206.089663ms
 49: 217.711653ms


Measurements
--------------------------
FFT Size            : 470^3
Threads             : 38
Batch               : 1
Iterations          : 50
Avg Tot Runtime     : 242.222506 ms
Runtime per batch   : 242.222506 ms
SD                  : 57.283079 ms
Throughput          : 14.874302 GFLOPs
Plan Time           : 296.537297 sec
