Expm 2: Streaming FFTW
FFTW Plan: Patient
-- Cannot import wisdom from ../../wisdom/singlenode/all/104/fftw_104_t38_b1.patient
-- Exporting wisdom file to ../../wisdom/singlenode/all/104/fftw_104_t38_b1.patient
Iteration: 0, 1, 2, 3, 4, 5, 6, 7, 8, 9, 10, 11, 12, 13, 14, 15, 16, 17, 18, 19, 20, 21, 22, 23, 24, 25, 26, 27, 28, 29, 30, 31, 32, 33, 34, 35, 36, 37, 38, 39, 40, 41, 42, 43, 44, 45, 46, 47, 48, 49, 
Printing individual runtimes:
 0: 1.055300ms
 1: 1.081043ms
 2: 1.050201ms
 3: 1.449525ms
 4: 1.112594ms
 5: 0.602255ms
 6: 0.585352ms
 7: 0.569861ms
 8: 0.609055ms
 9: 0.623355ms
 10: 0.595939ms
 11: 0.617125ms
 12: 0.603620ms
 13: 0.604687ms
 14: 0.603617ms
 15: 0.594619ms
 16: 0.605410ms
 17: 0.609498ms
 18: 0.622003ms
 19: 0.639253ms
 20: 0.601062ms
 21: 0.608637ms
 22: 0.616454ms
 23: 0.619452ms
 24: 0.605525ms
 25: 0.604723ms
 26: 0.623501ms
 27: 0.596195ms
 28: 0.626437ms
 29: 0.635279ms
 30: 0.620093ms
 31: 0.625385ms
 32: 0.680954ms
 33: 0.640944ms
 34: 0.587016ms
 35: 0.617378ms
 36: 0.584934ms
 37: 0.606846ms
 38: 0.634889ms
 39: 1.524022ms
 40: 0.620439ms
 41: 0.594106ms
 42: 0.624727ms
 43: 0.582650ms
 44: 0.615264ms
 45: 0.609816ms
 46: 0.601698ms
 47: 0.601588ms
 48: 0.609464ms
 49: 0.638796ms


Measurements
--------------------------
FFT Size            : 104^3
Threads             : 38
Batch               : 1
Iterations          : 50
Avg Tot Runtime     : 0.683852 ms
Runtime per batch   : 0.683852 ms
SD                  : 0.207374 ms
Throughput          : 0.017571 GFLOPs
Plan Time           : 17.711341 sec
