Expm 2: Streaming FFTW
FFTW Plan: Patient
-- Cannot import wisdom from ../../wisdom/singlenode/all/104/fftw_104_t39_b1.patient
-- Exporting wisdom file to ../../wisdom/singlenode/all/104/fftw_104_t39_b1.patient
Iteration: 0, 1, 2, 3, 4, 5, 6, 7, 8, 9, 10, 11, 12, 13, 14, 15, 16, 17, 18, 19, 20, 21, 22, 23, 24, 25, 26, 27, 28, 29, 30, 31, 32, 33, 34, 35, 36, 37, 38, 39, 40, 41, 42, 43, 44, 45, 46, 47, 48, 49, 
Printing individual runtimes:
 0: 0.617098ms
 1: 0.602539ms
 2: 0.598376ms
 3: 0.576486ms
 4: 0.926382ms
 5: 0.574680ms
 6: 0.572841ms
 7: 0.896479ms
 8: 0.577063ms
 9: 1.156212ms
 10: 0.938605ms
 11: 0.569109ms
 12: 0.568537ms
 13: 0.558355ms
 14: 0.557260ms
 15: 0.560790ms
 16: 0.556959ms
 17: 0.592731ms
 18: 0.565363ms
 19: 0.560451ms
 20: 0.567098ms
 21: 0.558059ms
 22: 2.010331ms
 23: 0.956132ms
 24: 0.572841ms
 25: 0.575801ms
 26: 0.602715ms
 27: 0.578359ms
 28: 0.569784ms
 29: 0.592657ms
 30: 0.568044ms
 31: 0.575917ms
 32: 0.572369ms
 33: 0.580125ms
 34: 0.563693ms
 35: 0.593741ms
 36: 0.591242ms
 37: 0.580740ms
 38: 0.610592ms
 39: 0.579785ms
 40: 0.569042ms
 41: 0.587946ms
 42: 0.970838ms
 43: 0.578011ms
 44: 0.575300ms
 45: 0.580047ms
 46: 0.587138ms
 47: 0.587162ms
 48: 0.605922ms
 49: 0.574724ms


Measurements
--------------------------
FFT Size            : 104^3
Threads             : 39
Batch               : 1
Iterations          : 50
Avg Tot Runtime     : 0.654849 ms
Runtime per batch   : 0.654849 ms
SD                  : 0.234528 ms
Throughput          : 0.018865 GFLOPs
Plan Time           : 18.064115 sec
