Expm 2: Streaming FFTW
FFTW Plan: Patient
-- Cannot import wisdom from ../../wisdom/singlenode/all/104/fftw_104_t37_b1.patient
-- Exporting wisdom file to ../../wisdom/singlenode/all/104/fftw_104_t37_b1.patient
Iteration: 0, 1, 2, 3, 4, 5, 6, 7, 8, 9, 10, 11, 12, 13, 14, 15, 16, 17, 18, 19, 20, 21, 22, 23, 24, 25, 26, 27, 28, 29, 30, 31, 32, 33, 34, 35, 36, 37, 38, 39, 40, 41, 42, 43, 44, 45, 46, 47, 48, 49, 
Printing individual runtimes:
 0: 1.075537ms
 1: 0.645025ms
 2: 0.624546ms
 3: 0.599025ms
 4: 0.610019ms
 5: 0.691439ms
 6: 0.670422ms
 7: 0.661408ms
 8: 0.670699ms
 9: 0.651834ms
 10: 0.654768ms
 11: 0.680262ms
 12: 0.666698ms
 13: 0.671347ms
 14: 0.657711ms
 15: 0.705793ms
 16: 0.679432ms
 17: 0.671693ms
 18: 0.692196ms
 19: 0.674252ms
 20: 0.668503ms
 21: 0.662900ms
 22: 0.673497ms
 23: 0.676024ms
 24: 0.675527ms
 25: 0.679548ms
 26: 0.663811ms
 27: 0.642410ms
 28: 0.673670ms
 29: 0.682052ms
 30: 0.679224ms
 31: 0.712191ms
 32: 0.681275ms
 33: 2.978318ms
 34: 0.652600ms
 35: 0.632278ms
 36: 0.657487ms
 37: 0.646488ms
 38: 1.636048ms
 39: 1.696604ms
 40: 2.904014ms
 41: 1.129375ms
 42: 0.676881ms
 43: 1.071276ms
 44: 1.078813ms
 45: 0.671309ms
 46: 0.682705ms
 47: 0.659356ms
 48: 0.666475ms
 49: 0.665179ms


Measurements
--------------------------
FFT Size            : 104^3
Threads             : 37
Batch               : 1
Iterations          : 50
Avg Tot Runtime     : 0.830599 ms
Runtime per batch   : 0.830599 ms
SD                  : 0.484580 ms
Throughput          : 0.016224 GFLOPs
Plan Time           : 17.070140 sec
