Expm 2: Streaming FFTW
FFTW Plan: Patient
-- Cannot import wisdom from ../../wisdom/singlenode/all/368/fftw_368_t39_b1.patient
-- Exporting wisdom file to ../../wisdom/singlenode/all/368/fftw_368_t39_b1.patient
Iteration: 0, 1, 2, 3, 4, 5, 6, 7, 8, 9, 10, 11, 12, 13, 14, 15, 16, 17, 18, 19, 20, 21, 22, 23, 24, 25, 26, 27, 28, 29, 30, 31, 32, 33, 34, 35, 36, 37, 38, 39, 40, 41, 42, 43, 44, 45, 46, 47, 48, 49, 
Printing individual runtimes:
 0: 69.175109ms
 1: 69.256874ms
 2: 69.034236ms
 3: 69.372797ms
 4: 77.022853ms
 5: 69.018973ms
 6: 69.026445ms
 7: 69.656646ms
 8: 105.342647ms
 9: 69.043723ms
 10: 69.398270ms
 11: 70.438401ms
 12: 69.087748ms
 13: 69.268079ms
 14: 69.440330ms
 15: 69.093095ms
 16: 69.537701ms
 17: 69.674384ms
 18: 71.168340ms
 19: 68.913904ms
 20: 69.860698ms
 21: 69.466317ms
 22: 68.951007ms
 23: 70.465386ms
 24: 69.278379ms
 25: 69.147634ms
 26: 68.963514ms
 27: 69.247788ms
 28: 69.485013ms
 29: 69.140354ms
 30: 69.788025ms
 31: 68.874107ms
 32: 69.114792ms
 33: 70.034635ms
 34: 69.263232ms
 35: 69.256201ms
 36: 68.875675ms
 37: 69.472471ms
 38: 68.920128ms
 39: 69.202513ms
 40: 70.329222ms
 41: 69.439165ms
 42: 90.120528ms
 43: 69.630033ms
 44: 70.170037ms
 45: 69.742533ms
 46: 68.977130ms
 47: 69.589875ms
 48: 69.611754ms
 49: 71.341815ms


Measurements
--------------------------
FFT Size            : 368^3
Threads             : 39
Batch               : 1
Iterations          : 50
Avg Tot Runtime     : 70.754610 ms
Runtime per batch   : 70.754610 ms
SD                  : 5.834521 ms
Throughput          : 4.484444 GFLOPs
Plan Time           : 336.627949 sec
