Expm 2: Streaming FFTW
FFTW Plan: Patient
-- Cannot import wisdom from ../../wisdom/singlenode/all/668/fftw_668_t40_b1.patient
-- Exporting wisdom file to ../../wisdom/singlenode/all/668/fftw_668_t40_b1.patient
Iteration: 0, 1, 2, 3, 4, 5, 6, 7, 8, 9, 10, 11, 12, 13, 14, 15, 16, 17, 18, 19, 20, 21, 22, 23, 24, 25, 26, 27, 28, 29, 30, 31, 32, 33, 34, 35, 36, 37, 38, 39, 40, 41, 42, 43, 44, 45, 46, 47, 48, 49, 
Printing individual runtimes:
 0: 495.467498ms
 1: 779.673468ms
 2: 529.088337ms
 3: 512.784872ms
 4: 1189.723673ms
 5: 1068.138969ms
 6: 922.330610ms
 7: 589.904418ms
 8: 703.053440ms
 9: 1184.080052ms
 10: 690.814367ms
 11: 530.893660ms
 12: 508.812824ms
 13: 538.521972ms
 14: 511.913282ms
 15: 534.729756ms
 16: 744.978393ms
 17: 612.654319ms
 18: 1337.768519ms
 19: 640.430591ms
 20: 747.938684ms
 21: 726.538995ms
 22: 563.344871ms
 23: 499.477957ms
 24: 543.010231ms
 25: 636.973208ms
 26: 514.383932ms
 27: 594.988701ms
 28: 607.084248ms
 29: 1128.801097ms
 30: 913.922821ms
 31: 529.460642ms
 32: 501.866191ms
 33: 606.523110ms
 34: 786.133832ms
 35: 1063.389423ms
 36: 816.797814ms
 37: 491.943293ms
 38: 640.039893ms
 39: 492.347610ms
 40: 492.149743ms
 41: 559.745813ms
 42: 586.906603ms
 43: 598.373547ms
 44: 605.021905ms
 45: 496.062366ms
 46: 964.671953ms
 47: 493.689796ms
 48: 493.696831ms
 49: 544.658340ms


Measurements
--------------------------
FFT Size            : 668^3
Threads             : 40
Batch               : 1
Iterations          : 50
Avg Tot Runtime     : 677.314129 ms
Runtime per batch   : 677.314129 ms
SD                  : 216.437699 ms
Throughput          : 43.944586 GFLOPs
Plan Time           : 1017.737209 sec
