Expm 2: Streaming FFTW
FFTW Plan: Patient
-- Cannot import wisdom from ../../wisdom/singlenode/all/95/fftw_95_t39_b1.patient
-- Exporting wisdom file to ../../wisdom/singlenode/all/95/fftw_95_t39_b1.patient
Iteration: 0, 1, 2, 3, 4, 5, 6, 7, 8, 9, 10, 11, 12, 13, 14, 15, 16, 17, 18, 19, 20, 21, 22, 23, 24, 25, 26, 27, 28, 29, 30, 31, 32, 33, 34, 35, 36, 37, 38, 39, 40, 41, 42, 43, 44, 45, 46, 47, 48, 49, 
Printing individual runtimes:
 0: 2.033495ms
 1: 3.516197ms
 2: 1.259737ms
 3: 1.677801ms
 4: 1.249385ms
 5: 1.268900ms
 6: 1.272355ms
 7: 1.250338ms
 8: 3.211894ms
 9: 1.287550ms
 10: 1.258865ms
 11: 1.269916ms
 12: 2.940273ms
 13: 1.254354ms
 14: 1.231526ms
 15: 1.251285ms
 16: 1.208620ms
 17: 1.160620ms
 18: 1.251258ms
 19: 1.257499ms
 20: 1.243315ms
 21: 1.231107ms
 22: 1.278892ms
 23: 1.260793ms
 24: 1.273341ms
 25: 1.274350ms
 26: 2.526878ms
 27: 1.266895ms
 28: 1.277396ms
 29: 2.114947ms
 30: 3.692267ms
 31: 1.221641ms
 32: 1.260834ms
 33: 1.232448ms
 34: 2.055372ms
 35: 1.204867ms
 36: 1.263811ms
 37: 1.283887ms
 38: 1.202649ms
 39: 1.183841ms
 40: 1.184027ms
 41: 1.232379ms
 42: 1.213982ms
 43: 1.226144ms
 44: 1.802215ms
 45: 1.262857ms
 46: 1.234355ms
 47: 1.211873ms
 48: 1.189191ms
 49: 1.187505ms


Measurements
--------------------------
FFT Size            : 95^3
Threads             : 39
Batch               : 1
Iterations          : 50
Avg Tot Runtime     : 1.504119 ms
Runtime per batch   : 1.504119 ms
SD                  : 0.612377 ms
Throughput          : 0.063599 GFLOPs
Plan Time           : 5.019832 sec
