Expm 2: Streaming FFT

Printing individual runtimes:
 0: 0.577085ms
 1: 0.369257ms
 2: 0.378454ms
 3: 0.946304ms
 4: 0.380289ms
 5: 1.301859ms
 6: 0.379100ms
 7: 0.530384ms
 8: 0.372216ms
 9: 0.431269ms
 10: 0.375012ms
 11: 0.360783ms
 12: 0.376285ms
 13: 0.373866ms
 14: 0.665308ms
 15: 0.375672ms
 16: 0.388743ms
 17: 0.396839ms
 18: 0.370632ms
 19: 0.489097ms
 20: 0.374295ms
 21: 0.410387ms
 22: 0.367092ms
 23: 0.364915ms
 24: 0.377056ms
 25: 0.364557ms
 26: 0.419187ms
 27: 0.371895ms
 28: 0.969720ms
 29: 0.365095ms
 30: 0.363109ms
 31: 0.486362ms
 32: 0.366532ms
 33: 0.368898ms
 34: 0.374978ms
 35: 0.362638ms
 36: 0.376514ms
 37: 0.370077ms
 38: 0.378910ms
 39: 0.364118ms
 40: 0.376063ms
 41: 0.374218ms
 42: 0.589478ms
 43: 0.364993ms
 44: 0.366790ms
 45: 0.373932ms
 46: 0.367554ms
 47: 0.377076ms
 48: 0.382103ms
 49: 0.380741ms
 50: 0.372455ms
 51: 0.396162ms
 52: 0.379549ms
 53: 0.368023ms
 54: 0.370091ms
 55: 0.414455ms
 56: 0.370019ms
 57: 0.423610ms
 58: 0.370069ms
 59: 0.439991ms
 60: 0.365504ms
 61: 0.371178ms
 62: 0.364544ms
 63: 0.372454ms
 64: 0.367986ms
 65: 0.363915ms
 66: 0.375430ms
 67: 0.396646ms
 68: 0.365623ms
 69: 0.365428ms
 70: 0.396430ms
 71: 0.373884ms
 72: 0.373364ms
 73: 0.370624ms
 74: 0.378823ms
 75: 0.370490ms
 76: 0.374426ms
 77: 0.369339ms
 78: 0.390056ms
 79: 0.406341ms
 80: 0.570912ms
 81: 0.392142ms
 82: 0.370771ms
 83: 0.392665ms
 84: 0.363953ms
 85: 0.403708ms
 86: 0.392401ms
 87: 0.386575ms
 88: 0.374994ms
 89: 0.396254ms
 90: 0.367837ms
 91: 0.422443ms
 92: 0.369584ms
 93: 0.378991ms
 94: 0.361644ms
 95: 0.374160ms
 96: 0.390130ms
 97: 0.372878ms
 98: 0.422972ms
 99: 0.374354ms
 100: 0.363128ms
 101: 0.381815ms
 102: 0.369337ms
 103: 0.365426ms
 104: 0.371888ms
 105: 0.391102ms
 106: 0.363266ms
 107: 0.366033ms
 108: 0.368250ms
 109: 0.366310ms
 110: 0.370561ms
 111: 0.363821ms
 112: 0.374491ms
 113: 0.370664ms
 114: 0.460495ms
 115: 0.366503ms
 116: 0.371147ms
 117: 0.377053ms
 118: 0.402183ms
 119: 0.365680ms
 120: 0.366907ms
 121: 0.360972ms
 122: 0.379827ms
 123: 0.378565ms
 124: 0.364107ms
 125: 0.372414ms
 126: 0.393254ms
 127: 0.368226ms
 128: 0.386310ms
 129: 0.372608ms
 130: 0.399917ms
 131: 0.363870ms
 132: 0.373460ms
 133: 0.369486ms
 134: 0.391056ms
 135: 0.374776ms
 136: 0.361143ms
 137: 0.377238ms
 138: 0.365166ms
 139: 0.540086ms
 140: 0.390208ms
 141: 0.375374ms
 142: 0.386067ms
 143: 0.385250ms
 144: 0.368394ms
 145: 0.377009ms
 146: 0.376296ms
 147: 0.387013ms
 148: 0.374038ms
 149: 0.386524ms
 150: 0.364770ms
 151: 0.414780ms
 152: 0.408148ms
 153: 0.373932ms
 154: 0.375815ms
 155: 0.367345ms
 156: 0.365565ms
 157: 0.369887ms
 158: 0.395675ms
 159: 0.366606ms
 160: 0.371986ms
 161: 0.371144ms
 162: 0.365397ms
 163: 0.368147ms
 164: 0.365866ms
 165: 0.370149ms
 166: 0.413408ms
 167: 0.391525ms
 168: 0.369697ms
 169: 0.363733ms
 170: 0.365928ms
 171: 0.371791ms
 172: 0.361848ms
 173: 0.372644ms
 174: 0.367338ms
 175: 0.363453ms
 176: 0.368264ms
 177: 0.377945ms
 178: 0.365833ms
 179: 0.374785ms
 180: 0.371933ms
 181: 0.384322ms
 182: 0.394018ms
 183: 0.385880ms
 184: 0.395496ms
 185: 0.360154ms
 186: 0.412826ms
 187: 0.367689ms
 188: 0.368879ms
 189: 0.363473ms
 190: 0.371894ms
 191: 0.367259ms
 192: 0.397973ms
 193: 0.376094ms
 194: 0.397238ms
 195: 0.361460ms
 196: 0.376041ms
 197: 0.369642ms
 198: 0.364217ms
 199: 0.376795ms


-- Real : Q1: 50 Q2: 100 Q3: 150
-- Array: Q1: 49 Q2: 99 Q3: 149
Printing sorted runtimes:
 0: 0.364217ms
 1: 0.363915ms
 2: 0.361460ms
 3: 0.363953ms
 4: 0.363473ms
 5: 0.361644ms
 6: 0.363128ms
 7: 0.360154ms
 8: 0.363266ms
 9: 0.363821ms
 10: 0.363453ms
 11: 0.360783ms
 12: 0.364118ms
 13: 0.361848ms
 14: 0.360972ms
 15: 0.363733ms
 16: 0.364107ms
 17: 0.362638ms
 18: 0.363870ms
 19: 0.363109ms
 20: 0.361143ms
 21: 0.366503ms
 22: 0.364544ms
 23: 0.364915ms
 24: 0.364770ms
 25: 0.364557ms
 26: 0.365504ms
 27: 0.365166ms
 28: 0.365565ms
 29: 0.365095ms
 30: 0.365623ms
 31: 0.365397ms
 32: 0.365428ms
 33: 0.365426ms
 34: 0.365833ms
 35: 0.366033ms
 36: 0.365866ms
 37: 0.365928ms
 38: 0.366310ms
 39: 0.364993ms
 40: 0.365680ms
 41: 0.367345ms
 42: 0.367092ms
 43: 0.367338ms
 44: 0.366790ms
 45: 0.366907ms
 46: 0.367259ms
 47: 0.366606ms
 48: 0.366532ms
 49: 0.367554ms
 50: 0.367689ms
 51: 0.372414ms
 52: 0.368879ms
 53: 0.368023ms
 54: 0.367837ms
 55: 0.368226ms
 56: 0.368147ms
 57: 0.368250ms
 58: 0.369257ms
 59: 0.367986ms
 60: 0.368394ms
 61: 0.368264ms
 62: 0.371178ms
 63: 0.369642ms
 64: 0.371894ms
 65: 0.370069ms
 66: 0.371933ms
 67: 0.372216ms
 68: 0.371791ms
 69: 0.370019ms
 70: 0.369697ms
 71: 0.370149ms
 72: 0.370632ms
 73: 0.370624ms
 74: 0.371144ms
 75: 0.370490ms
 76: 0.371986ms
 77: 0.369339ms
 78: 0.369887ms
 79: 0.371895ms
 80: 0.369486ms
 81: 0.368898ms
 82: 0.370771ms
 83: 0.370077ms
 84: 0.371147ms
 85: 0.370664ms
 86: 0.370561ms
 87: 0.371888ms
 88: 0.369337ms
 89: 0.369584ms
 90: 0.370091ms
 91: 0.372608ms
 92: 0.372455ms
 93: 0.372454ms
 94: 0.373364ms
 95: 0.372644ms
 96: 0.372878ms
 97: 0.373866ms
 98: 0.373460ms
 99: 0.373884ms
 100: 0.373932ms
 101: 0.377056ms
 102: 0.374218ms
 103: 0.374785ms
 104: 0.374295ms
 105: 0.374354ms
 106: 0.374038ms
 107: 0.374491ms
 108: 0.374776ms
 109: 0.373932ms
 110: 0.374160ms
 111: 0.374426ms
 112: 0.375672ms
 113: 0.376285ms
 114: 0.375815ms
 115: 0.374994ms
 116: 0.375012ms
 117: 0.375430ms
 118: 0.376296ms
 119: 0.376063ms
 120: 0.375374ms
 121: 0.376094ms
 122: 0.376041ms
 123: 0.376795ms
 124: 0.376514ms
 125: 0.377009ms
 126: 0.374978ms
 127: 0.377053ms
 128: 0.378823ms
 129: 0.378565ms
 130: 0.377076ms
 131: 0.377945ms
 132: 0.377238ms
 133: 0.378454ms
 134: 0.385250ms
 135: 0.379100ms
 136: 0.378991ms
 137: 0.379827ms
 138: 0.384322ms
 139: 0.379549ms
 140: 0.381815ms
 141: 0.378910ms
 142: 0.382103ms
 143: 0.380289ms
 144: 0.380741ms
 145: 0.386067ms
 146: 0.385880ms
 147: 0.386575ms
 148: 0.386310ms
 149: 0.386524ms
 150: 0.387013ms
 151: 0.388743ms
 152: 0.408148ms
 153: 0.414455ms
 154: 0.460495ms
 155: 0.410387ms
 156: 0.403708ms
 157: 0.390056ms
 158: 0.395675ms
 159: 0.489097ms
 160: 0.589478ms
 161: 0.414780ms
 162: 0.392401ms
 163: 0.396839ms
 164: 0.393254ms
 165: 0.392142ms
 166: 0.413408ms
 167: 0.391525ms
 168: 0.396430ms
 169: 0.402183ms
 170: 0.665308ms
 171: 0.423610ms
 172: 0.422443ms
 173: 0.391102ms
 174: 0.419187ms
 175: 0.390208ms
 176: 0.431269ms
 177: 0.540086ms
 178: 0.396646ms
 179: 0.396162ms
 180: 0.422972ms
 181: 0.406341ms
 182: 0.394018ms
 183: 0.969720ms
 184: 0.395496ms
 185: 0.530384ms
 186: 0.412826ms
 187: 0.392665ms
 188: 1.301859ms
 189: 0.391056ms
 190: 0.439991ms
 191: 0.946304ms
 192: 0.397973ms
 193: 0.390130ms
 194: 0.397238ms
 195: 0.570912ms
 196: 0.486362ms
 197: 0.399917ms
 198: 0.577085ms
 199: 0.396254ms


Measurements
--------------------------
FFT Size            : 74^3
Threads             : 31
Batch               : 1
Iterations          : 200
Avg Tot Runtime     : 0.395427 ms
Runtime per batch   : 0.395427 ms
SD                  : 0.094673 ms
Q1                  : 0.367554 ms
Median              : 0.373908 ms
Q3                  : 0.386524 ms
