Expm 2: Streaming FFT

Printing individual runtimes:
 0: 0.578509ms
 1: 0.363447ms
 2: 0.365416ms
 3: 1.421616ms
 4: 0.418793ms
 5: 0.380221ms
 6: 0.364065ms
 7: 0.533414ms
 8: 0.374623ms
 9: 0.386241ms
 10: 0.362832ms
 11: 0.374453ms
 12: 0.637859ms
 13: 0.368222ms
 14: 0.377567ms
 15: 0.364992ms
 16: 0.365157ms
 17: 0.568303ms
 18: 0.407398ms
 19: 0.370980ms
 20: 0.369236ms
 21: 0.368560ms
 22: 0.360499ms
 23: 0.382076ms
 24: 0.372353ms
 25: 0.365027ms
 26: 0.376277ms
 27: 0.369125ms
 28: 0.369593ms
 29: 0.973061ms
 30: 0.362173ms
 31: 0.362503ms
 32: 0.362071ms
 33: 0.361243ms
 34: 0.372185ms
 35: 0.372353ms
 36: 0.380751ms
 37: 0.363323ms
 38: 0.370801ms
 39: 0.377169ms
 40: 0.363135ms
 41: 0.361944ms
 42: 0.367970ms
 43: 0.357436ms
 44: 0.361607ms
 45: 0.392116ms
 46: 0.366958ms
 47: 0.576801ms
 48: 0.369553ms
 49: 0.384895ms
 50: 0.364009ms
 51: 0.370924ms
 52: 0.363273ms
 53: 0.368514ms
 54: 0.383206ms
 55: 0.377834ms
 56: 0.365270ms
 57: 0.371612ms
 58: 0.391581ms
 59: 0.379827ms
 60: 0.364079ms
 61: 0.362508ms
 62: 0.375854ms
 63: 0.380394ms
 64: 0.367642ms
 65: 0.369850ms
 66: 0.389629ms
 67: 0.367740ms
 68: 0.384569ms
 69: 0.382450ms
 70: 0.363953ms
 71: 0.371085ms
 72: 0.358363ms
 73: 0.377680ms
 74: 0.393713ms
 75: 0.375876ms
 76: 0.369229ms
 77: 0.367619ms
 78: 0.371320ms
 79: 0.582575ms
 80: 0.359025ms
 81: 0.361389ms
 82: 0.377928ms
 83: 0.365568ms
 84: 0.368112ms
 85: 0.366948ms
 86: 0.362929ms
 87: 0.367668ms
 88: 0.369169ms
 89: 0.364339ms
 90: 0.362277ms
 91: 0.363148ms
 92: 0.367791ms
 93: 0.396507ms
 94: 0.410015ms
 95: 0.374772ms
 96: 0.380970ms
 97: 0.372564ms
 98: 0.366890ms
 99: 0.377698ms
 100: 0.377384ms
 101: 0.363801ms
 102: 0.362049ms
 103: 0.557298ms
 104: 0.386161ms
 105: 0.369747ms
 106: 0.377728ms
 107: 0.370112ms
 108: 0.370992ms
 109: 0.368422ms
 110: 0.375037ms
 111: 0.368483ms
 112: 0.379097ms
 113: 0.364814ms
 114: 0.415700ms
 115: 0.409399ms
 116: 0.375651ms
 117: 0.365048ms
 118: 0.380431ms
 119: 0.411759ms
 120: 0.362224ms
 121: 0.368099ms
 122: 0.384618ms
 123: 0.373127ms
 124: 0.367338ms
 125: 0.365581ms
 126: 0.405867ms
 127: 0.375498ms
 128: 0.371560ms
 129: 0.362669ms
 130: 0.371015ms
 131: 0.403415ms
 132: 0.393437ms
 133: 0.373387ms
 134: 0.368830ms
 135: 0.376318ms
 136: 0.402594ms
 137: 0.415781ms
 138: 0.370251ms
 139: 0.372566ms
 140: 0.380016ms
 141: 0.618330ms
 142: 0.368924ms
 143: 0.365533ms
 144: 0.368878ms
 145: 0.371301ms
 146: 0.381286ms
 147: 0.365508ms
 148: 0.366015ms
 149: 0.362532ms
 150: 0.365697ms
 151: 0.365839ms
 152: 0.378194ms
 153: 0.367345ms
 154: 0.363933ms
 155: 0.371055ms
 156: 0.374254ms
 157: 0.361850ms
 158: 0.385610ms
 159: 0.370008ms
 160: 0.368588ms
 161: 0.368388ms
 162: 0.396631ms
 163: 0.363159ms
 164: 0.367487ms
 165: 0.371376ms
 166: 0.358422ms
 167: 0.372539ms
 168: 0.410723ms
 169: 0.383274ms
 170: 0.376004ms
 171: 0.361467ms
 172: 0.369326ms
 173: 0.360579ms
 174: 0.374083ms
 175: 0.378691ms
 176: 0.367913ms
 177: 0.370719ms
 178: 0.380101ms
 179: 0.376948ms
 180: 0.370171ms
 181: 0.375851ms
 182: 0.366160ms
 183: 0.363728ms
 184: 0.366133ms
 185: 0.363727ms
 186: 0.383681ms
 187: 0.376223ms
 188: 0.392205ms
 189: 0.379592ms
 190: 0.371053ms
 191: 0.361771ms
 192: 0.368538ms
 193: 0.363103ms
 194: 0.367689ms
 195: 0.383143ms
 196: 0.376622ms
 197: 0.367423ms
 198: 0.378289ms
 199: 0.372712ms


-- Real : Q1: 50 Q2: 100 Q3: 150
-- Array: Q1: 49 Q2: 99 Q3: 149
Printing sorted runtimes:
 0: 0.365048ms
 1: 0.363447ms
 2: 0.362224ms
 3: 0.364814ms
 4: 0.362669ms
 5: 0.363103ms
 6: 0.364065ms
 7: 0.362049ms
 8: 0.361771ms
 9: 0.363801ms
 10: 0.362832ms
 11: 0.363727ms
 12: 0.363148ms
 13: 0.362277ms
 14: 0.363728ms
 15: 0.364992ms
 16: 0.364339ms
 17: 0.362929ms
 18: 0.361389ms
 19: 0.359025ms
 20: 0.362532ms
 21: 0.358363ms
 22: 0.360499ms
 23: 0.363953ms
 24: 0.363933ms
 25: 0.365027ms
 26: 0.361850ms
 27: 0.362508ms
 28: 0.364079ms
 29: 0.360579ms
 30: 0.362173ms
 31: 0.362503ms
 32: 0.362071ms
 33: 0.361243ms
 34: 0.363159ms
 35: 0.363273ms
 36: 0.364009ms
 37: 0.363323ms
 38: 0.358422ms
 39: 0.361467ms
 40: 0.363135ms
 41: 0.361944ms
 42: 0.361607ms
 43: 0.357436ms
 44: 0.365568ms
 45: 0.365157ms
 46: 0.365508ms
 47: 0.365270ms
 48: 0.365416ms
 49: 0.365533ms
 50: 0.365581ms
 51: 0.370251ms
 52: 0.365839ms
 53: 0.366948ms
 54: 0.366160ms
 55: 0.366133ms
 56: 0.366890ms
 57: 0.366015ms
 58: 0.366958ms
 59: 0.367338ms
 60: 0.369593ms
 61: 0.369125ms
 62: 0.370008ms
 63: 0.367913ms
 64: 0.367642ms
 65: 0.369850ms
 66: 0.365697ms
 67: 0.367740ms
 68: 0.367423ms
 69: 0.367345ms
 70: 0.367970ms
 71: 0.368483ms
 72: 0.368560ms
 73: 0.368588ms
 74: 0.368388ms
 75: 0.369236ms
 76: 0.369229ms
 77: 0.367619ms
 78: 0.368422ms
 79: 0.370112ms
 80: 0.367689ms
 81: 0.370171ms
 82: 0.369747ms
 83: 0.367487ms
 84: 0.368112ms
 85: 0.368514ms
 86: 0.368830ms
 87: 0.367668ms
 88: 0.369169ms
 89: 0.368538ms
 90: 0.368222ms
 91: 0.369326ms
 92: 0.367791ms
 93: 0.368099ms
 94: 0.368878ms
 95: 0.369553ms
 96: 0.368924ms
 97: 0.370801ms
 98: 0.370719ms
 99: 0.370924ms
 100: 0.370980ms
 101: 0.377698ms
 102: 0.371053ms
 103: 0.372353ms
 104: 0.371015ms
 105: 0.372185ms
 106: 0.371055ms
 107: 0.371612ms
 108: 0.373127ms
 109: 0.371320ms
 110: 0.371560ms
 111: 0.371085ms
 112: 0.371301ms
 113: 0.372353ms
 114: 0.372539ms
 115: 0.372566ms
 116: 0.372564ms
 117: 0.372712ms
 118: 0.371376ms
 119: 0.376622ms
 120: 0.375651ms
 121: 0.374623ms
 122: 0.376223ms
 123: 0.370992ms
 124: 0.374453ms
 125: 0.375876ms
 126: 0.377567ms
 127: 0.375498ms
 128: 0.375037ms
 129: 0.377680ms
 130: 0.375851ms
 131: 0.376948ms
 132: 0.376277ms
 133: 0.373387ms
 134: 0.374254ms
 135: 0.376318ms
 136: 0.374083ms
 137: 0.377169ms
 138: 0.377384ms
 139: 0.374772ms
 140: 0.376004ms
 141: 0.375854ms
 142: 0.378289ms
 143: 0.377834ms
 144: 0.377928ms
 145: 0.378194ms
 146: 0.377728ms
 147: 0.379592ms
 148: 0.379097ms
 149: 0.378691ms
 150: 0.379827ms
 151: 0.380016ms
 152: 0.380101ms
 153: 0.380221ms
 154: 0.380394ms
 155: 0.380751ms
 156: 0.380970ms
 157: 0.380431ms
 158: 0.385610ms
 159: 0.393437ms
 160: 0.389629ms
 161: 0.391581ms
 162: 0.386241ms
 163: 0.384569ms
 164: 0.383206ms
 165: 0.384895ms
 166: 0.392205ms
 167: 0.392116ms
 168: 0.384618ms
 169: 0.383274ms
 170: 0.382450ms
 171: 0.383681ms
 172: 0.383143ms
 173: 0.386161ms
 174: 0.381286ms
 175: 0.382076ms
 176: 0.393713ms
 177: 0.557298ms
 178: 0.402594ms
 179: 0.403415ms
 180: 0.407398ms
 181: 0.973061ms
 182: 0.568303ms
 183: 0.405867ms
 184: 0.637859ms
 185: 0.415700ms
 186: 0.415781ms
 187: 0.410723ms
 188: 0.576801ms
 189: 0.618330ms
 190: 0.396631ms
 191: 0.409399ms
 192: 0.533414ms
 193: 0.410015ms
 194: 0.418793ms
 195: 0.396507ms
 196: 0.411759ms
 197: 1.421616ms
 198: 0.582575ms
 199: 0.578509ms


Measurements
--------------------------
FFT Size            : 74^3
Threads             : 27
Batch               : 1
Iterations          : 200
Avg Tot Runtime     : 0.390172 ms
Runtime per batch   : 0.390172 ms
SD                  : 0.094455 ms
Q1                  : 0.365533 ms
Median              : 0.370952 ms
Q3                  : 0.378691 ms
