Expm 2: Streaming FFT

Printing individual runtimes:
 0: 0.562633ms
 1: 0.372977ms
 2: 0.371421ms
 3: 1.596789ms
 4: 0.376171ms
 5: 0.554042ms
 6: 0.374155ms
 7: 0.540834ms
 8: 0.396274ms
 9: 0.406178ms
 10: 0.374157ms
 11: 0.782369ms
 12: 0.365867ms
 13: 0.376188ms
 14: 0.445576ms
 15: 0.366132ms
 16: 0.369369ms
 17: 0.619382ms
 18: 0.374234ms
 19: 0.412326ms
 20: 0.370102ms
 21: 0.368976ms
 22: 0.381058ms
 23: 0.370377ms
 24: 0.371809ms
 25: 0.387509ms
 26: 0.391541ms
 27: 0.578656ms
 28: 0.369589ms
 29: 0.368114ms
 30: 0.374634ms
 31: 0.385432ms
 32: 0.409369ms
 33: 0.385636ms
 34: 0.370059ms
 35: 0.366770ms
 36: 0.377760ms
 37: 0.571972ms
 38: 0.375736ms
 39: 0.404755ms
 40: 0.387428ms
 41: 0.368788ms
 42: 0.393303ms
 43: 0.372234ms
 44: 0.366214ms
 45: 0.366018ms
 46: 0.374786ms
 47: 0.361830ms
 48: 0.529749ms
 49: 0.374837ms
 50: 0.377054ms
 51: 0.403549ms
 52: 0.371125ms
 53: 0.364414ms
 54: 0.369848ms
 55: 0.364690ms
 56: 0.381820ms
 57: 0.358807ms
 58: 0.384241ms
 59: 0.364354ms
 60: 0.366982ms
 61: 0.369501ms
 62: 0.373766ms
 63: 0.366486ms
 64: 0.362885ms
 65: 0.369646ms
 66: 0.366550ms
 67: 0.409611ms
 68: 0.364923ms
 69: 0.388826ms
 70: 0.369431ms
 71: 0.394662ms
 72: 0.366908ms
 73: 1.199001ms
 74: 0.411285ms
 75: 0.384852ms
 76: 0.363782ms
 77: 0.369654ms
 78: 0.376504ms
 79: 0.391458ms
 80: 0.372990ms
 81: 0.365646ms
 82: 0.386220ms
 83: 0.364191ms
 84: 0.378937ms
 85: 0.414655ms
 86: 0.367937ms
 87: 0.377837ms
 88: 0.361025ms
 89: 0.381753ms
 90: 0.414177ms
 91: 0.545238ms
 92: 0.367125ms
 93: 0.365259ms
 94: 0.371967ms
 95: 0.402674ms
 96: 0.369717ms
 97: 0.416633ms
 98: 0.378944ms
 99: 0.367600ms
 100: 0.374608ms
 101: 0.374255ms
 102: 0.369227ms
 103: 0.398621ms
 104: 0.365064ms
 105: 0.367515ms
 106: 0.366140ms
 107: 0.378312ms
 108: 0.373507ms
 109: 0.373795ms
 110: 0.369598ms
 111: 0.364759ms
 112: 0.369676ms
 113: 0.366035ms
 114: 0.368240ms
 115: 0.368809ms
 116: 0.406097ms
 117: 0.369209ms
 118: 0.372682ms
 119: 0.394122ms
 120: 0.363832ms
 121: 0.373865ms
 122: 0.371247ms
 123: 0.363712ms
 124: 0.373901ms
 125: 0.401876ms
 126: 0.381773ms
 127: 0.376268ms
 128: 0.365423ms
 129: 0.359987ms
 130: 0.413268ms
 131: 0.366902ms
 132: 0.425022ms
 133: 0.367168ms
 134: 0.365121ms
 135: 0.379148ms
 136: 0.372384ms
 137: 0.362220ms
 138: 0.380299ms
 139: 0.367523ms
 140: 0.375555ms
 141: 0.368021ms
 142: 0.372268ms
 143: 0.415911ms
 144: 0.371925ms
 145: 0.371066ms
 146: 0.364422ms
 147: 0.364659ms
 148: 0.379333ms
 149: 0.362560ms
 150: 0.370454ms
 151: 0.366882ms
 152: 0.362209ms
 153: 0.376108ms
 154: 0.364838ms
 155: 0.533882ms
 156: 0.407343ms
 157: 0.394413ms
 158: 0.384667ms
 159: 0.361201ms
 160: 0.373556ms
 161: 0.364004ms
 162: 0.378485ms
 163: 0.365069ms
 164: 0.374832ms
 165: 0.365959ms
 166: 0.364153ms
 167: 0.367924ms
 168: 0.361856ms
 169: 0.381827ms
 170: 0.361194ms
 171: 0.366073ms
 172: 0.385349ms
 173: 0.368808ms
 174: 0.378526ms
 175: 0.364427ms
 176: 0.376134ms
 177: 0.367989ms
 178: 0.361627ms
 179: 0.370728ms
 180: 0.366639ms
 181: 0.363425ms
 182: 0.368309ms
 183: 0.367714ms
 184: 0.394601ms
 185: 0.371882ms
 186: 0.420403ms
 187: 0.372709ms
 188: 0.363409ms
 189: 0.371172ms
 190: 0.369308ms
 191: 0.361628ms
 192: 0.372077ms
 193: 0.377156ms
 194: 0.360416ms
 195: 0.360512ms
 196: 0.361164ms
 197: 0.389106ms
 198: 0.374032ms
 199: 0.368613ms


-- Real : Q1: 50 Q2: 100 Q3: 150
-- Array: Q1: 49 Q2: 99 Q3: 149
Printing sorted runtimes:
 0: 0.366140ms
 1: 0.365064ms
 2: 0.364759ms
 3: 0.361164ms
 4: 0.360512ms
 5: 0.360416ms
 6: 0.366035ms
 7: 0.361628ms
 8: 0.365259ms
 9: 0.363832ms
 10: 0.363409ms
 11: 0.361025ms
 12: 0.365867ms
 13: 0.363712ms
 14: 0.365423ms
 15: 0.366132ms
 16: 0.364191ms
 17: 0.359987ms
 18: 0.363425ms
 19: 0.365646ms
 20: 0.365121ms
 21: 0.363782ms
 22: 0.362220ms
 23: 0.364923ms
 24: 0.362885ms
 25: 0.361627ms
 26: 0.364354ms
 27: 0.364427ms
 28: 0.364422ms
 29: 0.358807ms
 30: 0.364659ms
 31: 0.366073ms
 32: 0.361194ms
 33: 0.361856ms
 34: 0.364690ms
 35: 0.364414ms
 36: 0.362560ms
 37: 0.364153ms
 38: 0.365959ms
 39: 0.365069ms
 40: 0.364004ms
 41: 0.362209ms
 42: 0.361201ms
 43: 0.361830ms
 44: 0.364838ms
 45: 0.366018ms
 46: 0.366550ms
 47: 0.366214ms
 48: 0.366486ms
 49: 0.366639ms
 50: 0.366770ms
 51: 0.371125ms
 52: 0.366882ms
 53: 0.366908ms
 54: 0.366982ms
 55: 0.367714ms
 56: 0.368808ms
 57: 0.368114ms
 58: 0.368309ms
 59: 0.367989ms
 60: 0.369227ms
 61: 0.367937ms
 62: 0.367600ms
 63: 0.367125ms
 64: 0.368240ms
 65: 0.367924ms
 66: 0.369209ms
 67: 0.367168ms
 68: 0.368976ms
 69: 0.367515ms
 70: 0.368613ms
 71: 0.368021ms
 72: 0.368788ms
 73: 0.367523ms
 74: 0.368809ms
 75: 0.369431ms
 76: 0.370377ms
 77: 0.369654ms
 78: 0.370102ms
 79: 0.369717ms
 80: 0.369646ms
 81: 0.369501ms
 82: 0.369589ms
 83: 0.369369ms
 84: 0.370059ms
 85: 0.369308ms
 86: 0.369848ms
 87: 0.369676ms
 88: 0.369598ms
 89: 0.370454ms
 90: 0.370728ms
 91: 0.366902ms
 92: 0.371066ms
 93: 0.371967ms
 94: 0.371882ms
 95: 0.371172ms
 96: 0.371925ms
 97: 0.371809ms
 98: 0.371421ms
 99: 0.371247ms
 100: 0.372077ms
 101: 0.384241ms
 102: 0.372682ms
 103: 0.372709ms
 104: 0.372384ms
 105: 0.372268ms
 106: 0.372977ms
 107: 0.372990ms
 108: 0.373507ms
 109: 0.373795ms
 110: 0.373556ms
 111: 0.373766ms
 112: 0.373865ms
 113: 0.378944ms
 114: 0.374032ms
 115: 0.375736ms
 116: 0.376171ms
 117: 0.377156ms
 118: 0.374155ms
 119: 0.374832ms
 120: 0.381753ms
 121: 0.374608ms
 122: 0.377837ms
 123: 0.378485ms
 124: 0.373901ms
 125: 0.374255ms
 126: 0.381773ms
 127: 0.376268ms
 128: 0.378937ms
 129: 0.377760ms
 130: 0.374157ms
 131: 0.378312ms
 132: 0.376188ms
 133: 0.374634ms
 134: 0.376504ms
 135: 0.379148ms
 136: 0.378526ms
 137: 0.374786ms
 138: 0.380299ms
 139: 0.374234ms
 140: 0.375555ms
 141: 0.376108ms
 142: 0.376134ms
 143: 0.381058ms
 144: 0.374837ms
 145: 0.381827ms
 146: 0.377054ms
 147: 0.381820ms
 148: 0.379333ms
 149: 0.372234ms
 150: 0.384667ms
 151: 0.384852ms
 152: 0.385432ms
 153: 0.385349ms
 154: 0.385636ms
 155: 0.387428ms
 156: 0.386220ms
 157: 0.387509ms
 158: 0.394413ms
 159: 0.393303ms
 160: 0.391458ms
 161: 0.394601ms
 162: 0.396274ms
 163: 0.394662ms
 164: 0.394122ms
 165: 0.389106ms
 166: 0.388826ms
 167: 0.398621ms
 168: 0.404755ms
 169: 0.401876ms
 170: 0.402674ms
 171: 0.391541ms
 172: 0.403549ms
 173: 0.407343ms
 174: 0.533882ms
 175: 0.416633ms
 176: 0.529749ms
 177: 0.562633ms
 178: 0.409611ms
 179: 0.415911ms
 180: 0.412326ms
 181: 0.409369ms
 182: 0.406097ms
 183: 0.445576ms
 184: 0.411285ms
 185: 0.425022ms
 186: 0.420403ms
 187: 0.554042ms
 188: 0.413268ms
 189: 0.406178ms
 190: 0.414655ms
 191: 0.540834ms
 192: 0.414177ms
 193: 0.545238ms
 194: 0.782369ms
 195: 0.619382ms
 196: 1.596789ms
 197: 1.199001ms
 198: 0.578656ms
 199: 0.571972ms


Measurements
--------------------------
FFT Size            : 74^3
Threads             : 30
Batch               : 1
Iterations          : 200
Avg Tot Runtime     : 0.396655 ms
Runtime per batch   : 0.396655 ms
SD                  : 0.113998 ms
Q1                  : 0.366639 ms
Median              : 0.371662 ms
Q3                  : 0.384241 ms
