Expm 2: Streaming FFTW
FFTW Plan: Patient
-- Cannot import wisdom from ../../wisdom/singlenode/all/585/fftw_585_t37_b1.patient
-- Exporting wisdom file to ../../wisdom/singlenode/all/585/fftw_585_t37_b1.patient
Iteration: 0, 1, 2, 3, 4, 5, 6, 7, 8, 9, 10, 11, 12, 13, 14, 15, 16, 17, 18, 19, 20, 21, 22, 23, 24, 25, 26, 27, 28, 29, 30, 31, 32, 33, 34, 35, 36, 37, 38, 39, 40, 41, 42, 43, 44, 45, 46, 47, 48, 49, 
Printing individual runtimes:
 0: 117.806245ms
 1: 120.776283ms
 2: 122.878211ms
 3: 127.653382ms
 4: 120.814517ms
 5: 122.380336ms
 6: 120.957156ms
 7: 121.796961ms
 8: 122.321526ms
 9: 122.094072ms
 10: 120.970286ms
 11: 122.220511ms
 12: 122.921401ms
 13: 122.457506ms
 14: 122.784278ms
 15: 122.804517ms
 16: 122.989020ms
 17: 122.843688ms
 18: 122.434043ms
 19: 120.316651ms
 20: 123.850996ms
 21: 122.960576ms
 22: 122.274023ms
 23: 122.661736ms
 24: 122.245105ms
 25: 122.478910ms
 26: 120.655295ms
 27: 142.499843ms
 28: 122.865334ms
 29: 122.774402ms
 30: 122.382203ms
 31: 122.576912ms
 32: 121.440156ms
 33: 120.376841ms
 34: 127.794678ms
 35: 128.601315ms
 36: 137.911731ms
 37: 131.296228ms
 38: 131.788752ms
 39: 124.597659ms
 40: 157.357671ms
 41: 126.532738ms
 42: 133.071477ms
 43: 125.559303ms
 44: 123.113827ms
 45: 144.529809ms
 46: 164.512828ms
 47: 121.418365ms
 48: 121.885214ms
 49: 121.564047ms


Measurements
--------------------------
FFT Size            : 585^3
Threads             : 37
Batch               : 1
Iterations          : 50
Avg Tot Runtime     : 125.915971 ms
Runtime per batch   : 125.915971 ms
SD                  : 8.910651 ms
Throughput          : 6.601011 GFLOPs
Plan Time           : 445.872644 sec
