Expm 2: Streaming FFTW
FFTW Plan: Patient
-- Cannot import wisdom from ../../wisdom/singlenode/all/51/fftw_51_t36_b1.patient
-- Exporting wisdom file to ../../wisdom/singlenode/all/51/fftw_51_t36_b1.patient
Iteration: 0, 1, 2, 3, 4, 5, 6, 7, 8, 9, 10, 11, 12, 13, 14, 15, 16, 17, 18, 19, 20, 21, 22, 23, 24, 25, 26, 27, 28, 29, 30, 31, 32, 33, 34, 35, 36, 37, 38, 39, 40, 41, 42, 43, 44, 45, 46, 47, 48, 49, 
Printing individual runtimes:
 0: 0.946103ms
 1: 1.424241ms
 2: 1.548595ms
 3: 1.455818ms
 4: 0.528677ms
 5: 0.589234ms
 6: 0.534774ms
 7: 1.171860ms
 8: 0.284924ms
 9: 0.266189ms
 10: 0.284814ms
 11: 0.865466ms
 12: 0.281102ms
 13: 0.286553ms
 14: 0.244824ms
 15: 0.280749ms
 16: 0.268989ms
 17: 0.269610ms
 18: 0.275678ms
 19: 0.499678ms
 20: 0.265807ms
 21: 1.044067ms
 22: 0.244114ms
 23: 0.264693ms
 24: 0.274012ms
 25: 0.269164ms
 26: 0.281162ms
 27: 0.287514ms
 28: 0.657347ms
 29: 0.277914ms
 30: 0.285767ms
 31: 0.289835ms
 32: 0.316199ms
 33: 1.220660ms
 34: 0.279953ms
 35: 0.537569ms
 36: 0.285350ms
 37: 0.275027ms
 38: 0.273399ms
 39: 0.254717ms
 40: 0.265280ms
 41: 0.278023ms
 42: 0.277090ms
 43: 0.251235ms
 44: 0.257671ms
 45: 0.265479ms
 46: 0.264487ms
 47: 0.262833ms
 48: 0.278489ms
 49: 0.267066ms


Measurements
--------------------------
FFT Size            : 51^3
Threads             : 36
Batch               : 1
Iterations          : 50
Avg Tot Runtime     : 0.457196 ms
Runtime per batch   : 0.457196 ms
SD                  : 0.354104 ms
Throughput          : 0.008677 GFLOPs
Plan Time           : 2.736251 sec
