Expm 2: Streaming FFTW
FFTW Plan: Patient
-- Cannot import wisdom from ../../wisdom/singlenode/all/51/fftw_51_t38_b1.patient
-- Exporting wisdom file to ../../wisdom/singlenode/all/51/fftw_51_t38_b1.patient
Iteration: 0, 1, 2, 3, 4, 5, 6, 7, 8, 9, 10, 11, 12, 13, 14, 15, 16, 17, 18, 19, 20, 21, 22, 23, 24, 25, 26, 27, 28, 29, 30, 31, 32, 33, 34, 35, 36, 37, 38, 39, 40, 41, 42, 43, 44, 45, 46, 47, 48, 49, 
Printing individual runtimes:
 0: 1.293987ms
 1: 0.575251ms
 2: 0.560606ms
 3: 3.638280ms
 4: 0.555953ms
 5: 0.414380ms
 6: 0.569777ms
 7: 1.015936ms
 8: 0.288151ms
 9: 0.266368ms
 10: 0.254942ms
 11: 2.338938ms
 12: 0.578061ms
 13: 0.265539ms
 14: 0.255792ms
 15: 0.265043ms
 16: 0.267185ms
 17: 0.263561ms
 18: 0.270639ms
 19: 0.875908ms
 20: 0.265802ms
 21: 0.269688ms
 22: 0.903146ms
 23: 0.251797ms
 24: 0.263405ms
 25: 0.263591ms
 26: 0.263364ms
 27: 0.261769ms
 28: 0.245382ms
 29: 0.262670ms
 30: 0.900190ms
 31: 0.266832ms
 32: 0.256857ms
 33: 0.262899ms
 34: 0.256789ms
 35: 0.268818ms
 36: 0.248276ms
 37: 0.269244ms
 38: 0.260816ms
 39: 0.260154ms
 40: 0.251365ms
 41: 0.267737ms
 42: 0.266321ms
 43: 0.263859ms
 44: 0.272370ms
 45: 0.259539ms
 46: 0.264479ms
 47: 0.274889ms
 48: 0.251984ms
 49: 0.256715ms


Measurements
--------------------------
FFT Size            : 51^3
Threads             : 38
Batch               : 1
Iterations          : 50
Avg Tot Runtime     : 0.478901 ms
Runtime per batch   : 0.478901 ms
SD                  : 0.577636 ms
Throughput          : 0.008677 GFLOPs
Plan Time           : 3.018112 sec
