Expm 2: Streaming FFTW
FFTW Plan: Patient
-- Cannot import wisdom from ../../wisdom/singlenode/all/201/fftw_201_t40_b1.patient
-- Exporting wisdom file to ../../wisdom/singlenode/all/201/fftw_201_t40_b1.patient
Iteration: 0, 1, 2, 3, 4, 5, 6, 7, 8, 9, 10, 11, 12, 13, 14, 15, 16, 17, 18, 19, 20, 21, 22, 23, 24, 25, 26, 27, 28, 29, 30, 31, 32, 33, 34, 35, 36, 37, 38, 39, 40, 41, 42, 43, 44, 45, 46, 47, 48, 49, 
Printing individual runtimes:
 0: 22.420888ms
 1: 23.790647ms
 2: 22.785548ms
 3: 23.303063ms
 4: 22.389754ms
 5: 22.315243ms
 6: 22.440795ms
 7: 22.345787ms
 8: 22.825534ms
 9: 22.051912ms
 10: 22.240630ms
 11: 39.734970ms
 12: 22.241573ms
 13: 22.568682ms
 14: 21.903341ms
 15: 23.026162ms
 16: 22.324457ms
 17: 23.315492ms
 18: 23.071169ms
 19: 22.228720ms
 20: 22.456499ms
 21: 22.467270ms
 22: 22.670604ms
 23: 21.931567ms
 24: 22.282445ms
 25: 22.199912ms
 26: 22.780682ms
 27: 23.262837ms
 28: 22.740194ms
 29: 22.258809ms
 30: 22.030898ms
 31: 22.375089ms
 32: 22.743943ms
 33: 22.819336ms
 34: 32.158985ms
 35: 23.717805ms
 36: 22.364126ms
 37: 32.957041ms
 38: 22.280502ms
 39: 23.186242ms
 40: 23.114104ms
 41: 22.167847ms
 42: 22.363263ms
 43: 26.912144ms
 44: 22.162112ms
 45: 27.527499ms
 46: 22.314546ms
 47: 22.521431ms
 48: 22.386432ms
 49: 21.922452ms


Measurements
--------------------------
FFT Size            : 201^3
Threads             : 40
Batch               : 1
Iterations          : 50
Avg Tot Runtime     : 23.488020 ms
Runtime per batch   : 23.488020 ms
SD                  : 3.177918 ms
Throughput          : 1.347212 GFLOPs
Plan Time           : 38.423326 sec
