Expm 2: Streaming FFTW
FFTW Plan: Patient
-- Cannot import wisdom from ../../wisdom/singlenode/all/158/fftw_158_t39_b1.patient
-- Exporting wisdom file to ../../wisdom/singlenode/all/158/fftw_158_t39_b1.patient
Iteration: 0, 1, 2, 3, 4, 5, 6, 7, 8, 9, 10, 11, 12, 13, 14, 15, 16, 17, 18, 19, 20, 21, 22, 23, 24, 25, 26, 27, 28, 29, 30, 31, 32, 33, 34, 35, 36, 37, 38, 39, 40, 41, 42, 43, 44, 45, 46, 47, 48, 49, 
Printing individual runtimes:
 0: 6.033018ms
 1: 5.988710ms
 2: 6.042175ms
 3: 6.445640ms
 4: 6.353319ms
 5: 6.319697ms
 6: 7.047188ms
 7: 6.249363ms
 8: 6.166625ms
 9: 6.267256ms
 10: 6.158049ms
 11: 6.794374ms
 12: 6.470748ms
 13: 6.020994ms
 14: 5.991033ms
 15: 6.974633ms
 16: 6.199176ms
 17: 6.061241ms
 18: 6.018325ms
 19: 6.617412ms
 20: 6.108260ms
 21: 6.132703ms
 22: 6.047803ms
 23: 6.341836ms
 24: 6.341485ms
 25: 6.330688ms
 26: 5.990176ms
 27: 6.590914ms
 28: 6.273161ms
 29: 6.041934ms
 30: 7.080546ms
 31: 5.975441ms
 32: 5.961564ms
 33: 8.375338ms
 34: 6.298356ms
 35: 5.971353ms
 36: 5.965171ms
 37: 5.984053ms
 38: 11.865192ms
 39: 11.646065ms
 40: 6.022468ms
 41: 8.722683ms
 42: 11.516624ms
 43: 11.395067ms
 44: 6.511675ms
 45: 13.513370ms
 46: 11.498291ms
 47: 6.011115ms
 48: 6.021534ms
 49: 6.723100ms


Measurements
--------------------------
FFT Size            : 158^3
Threads             : 39
Batch               : 1
Iterations          : 50
Avg Tot Runtime     : 7.029539 ms
Runtime per batch   : 7.029539 ms
SD                  : 1.893909 ms
Throughput          : 0.444281 GFLOPs
Plan Time           : 52.490234 sec
