Expm 2: Streaming FFTW
FFTW Plan: Patient
-- Cannot import wisdom from ../../wisdom/singlenode/all/316/fftw_316_t40_b1.patient
-- Exporting wisdom file to ../../wisdom/singlenode/all/316/fftw_316_t40_b1.patient
Iteration: 0, 1, 2, 3, 4, 5, 6, 7, 8, 9, 10, 11, 12, 13, 14, 15, 16, 17, 18, 19, 20, 21, 22, 23, 24, 25, 26, 27, 28, 29, 30, 31, 32, 33, 34, 35, 36, 37, 38, 39, 40, 41, 42, 43, 44, 45, 46, 47, 48, 49, 
Printing individual runtimes:
 0: 88.989339ms
 1: 75.342683ms
 2: 54.526717ms
 3: 54.537071ms
 4: 53.198998ms
 5: 54.604635ms
 6: 54.043532ms
 7: 90.055784ms
 8: 53.824646ms
 9: 53.858612ms
 10: 52.861976ms
 11: 54.779196ms
 12: 53.495086ms
 13: 54.042105ms
 14: 55.035702ms
 15: 54.115910ms
 16: 54.531130ms
 17: 52.814536ms
 18: 55.782661ms
 19: 53.327707ms
 20: 53.109583ms
 21: 53.841049ms
 22: 52.698629ms
 23: 54.637911ms
 24: 53.488041ms
 25: 54.013589ms
 26: 55.255471ms
 27: 53.413252ms
 28: 55.009798ms
 29: 53.044285ms
 30: 52.228844ms
 31: 53.772296ms
 32: 53.852300ms
 33: 76.418292ms
 34: 88.937941ms
 35: 52.887738ms
 36: 53.525887ms
 37: 53.827645ms
 38: 53.564180ms
 39: 53.727301ms
 40: 53.998238ms
 41: 52.443416ms
 42: 54.477135ms
 43: 53.236912ms
 44: 55.740414ms
 45: 52.906440ms
 46: 55.947361ms
 47: 53.836651ms
 48: 53.761155ms
 49: 53.781170ms


Measurements
--------------------------
FFT Size            : 316^3
Threads             : 40
Batch               : 1
Iterations          : 50
Avg Tot Runtime     : 56.903019 ms
Runtime per batch   : 56.903019 ms
SD                  : 9.290014 ms
Throughput          : 3.903787 GFLOPs
Plan Time           : 137.569690 sec
