Expm 2: Streaming FFT

Printing individual runtimes:
 0: 0.163145ms
 1: 0.040943ms
 2: 0.038045ms
 3: 0.342571ms
 4: 0.043648ms
 5: 0.053276ms
 6: 0.042270ms
 7: 0.040954ms
 8: 0.043721ms
 9: 0.052670ms
 10: 0.114835ms
 11: 0.045406ms
 12: 0.029339ms
 13: 0.046309ms
 14: 0.043407ms
 15: 0.036241ms
 16: 0.146460ms
 17: 0.046274ms
 18: 0.028758ms
 19: 0.029257ms
 20: 0.038230ms
 21: 0.039740ms
 22: 0.061688ms
 23: 0.035323ms
 24: 0.043272ms
 25: 0.041659ms
 26: 0.045052ms
 27: 0.054331ms
 28: 0.050668ms
 29: 0.136811ms
 30: 0.042782ms
 31: 0.042143ms
 32: 0.043113ms
 33: 0.056206ms
 34: 0.043072ms
 35: 0.034335ms
 36: 0.040437ms
 37: 0.046319ms
 38: 0.041235ms
 39: 0.035078ms
 40: 0.052844ms
 41: 0.035827ms
 42: 0.030435ms
 43: 0.044004ms
 44: 0.061214ms
 45: 0.047553ms
 46: 0.041923ms
 47: 0.042293ms
 48: 0.044526ms
 49: 0.041658ms
 50: 0.038500ms
 51: 0.059084ms
 52: 0.047485ms
 53: 0.052817ms
 54: 0.040040ms
 55: 0.043021ms
 56: 0.114859ms
 57: 0.054110ms
 58: 0.040480ms
 59: 0.041592ms
 60: 0.046745ms
 61: 0.038919ms
 62: 0.043842ms
 63: 0.041928ms
 64: 0.044399ms
 65: 0.042511ms
 66: 0.028202ms
 67: 0.043077ms
 68: 0.048574ms
 69: 0.043989ms
 70: 0.044334ms
 71: 0.038260ms
 72: 0.053705ms
 73: 0.041466ms
 74: 0.044307ms
 75: 0.055141ms
 76: 0.039836ms
 77: 0.043763ms
 78: 0.041982ms
 79: 0.041143ms
 80: 0.060504ms
 81: 0.038537ms
 82: 0.044979ms
 83: 0.052747ms
 84: 0.045533ms
 85: 0.039004ms
 86: 0.043895ms
 87: 0.039918ms
 88: 0.039438ms
 89: 0.038024ms
 90: 0.038329ms
 91: 0.042802ms
 92: 0.040766ms
 93: 0.043138ms
 94: 0.038523ms
 95: 0.042170ms
 96: 0.042319ms
 97: 0.062440ms
 98: 0.035845ms
 99: 0.042693ms
 100: 0.041722ms
 101: 0.041704ms
 102: 0.041984ms
 103: 0.047726ms
 104: 0.039792ms
 105: 0.044594ms
 106: 0.041725ms
 107: 0.041886ms
 108: 0.117646ms
 109: 0.045942ms
 110: 0.042753ms
 111: 0.044063ms
 112: 0.042318ms
 113: 0.041008ms
 114: 0.052894ms
 115: 0.036828ms
 116: 0.051579ms
 117: 0.042765ms
 118: 0.041626ms
 119: 0.042341ms
 120: 0.042766ms
 121: 0.048449ms
 122: 0.037875ms
 123: 0.041036ms
 124: 0.043122ms
 125: 0.044629ms
 126: 0.042151ms
 127: 0.043712ms
 128: 0.041860ms
 129: 0.045445ms
 130: 0.041186ms
 131: 0.034180ms
 132: 0.036938ms
 133: 0.041746ms
 134: 0.041615ms
 135: 0.042436ms
 136: 0.043665ms
 137: 0.048286ms
 138: 0.046074ms
 139: 0.035124ms
 140: 0.042376ms
 141: 0.039693ms
 142: 0.042321ms
 143: 0.041243ms
 144: 0.038637ms
 145: 0.042406ms
 146: 0.029776ms
 147: 0.041849ms
 148: 0.038574ms
 149: 0.038000ms
 150: 0.041508ms
 151: 0.041588ms
 152: 0.030085ms
 153: 0.037001ms
 154: 0.043878ms
 155: 0.047835ms
 156: 0.054638ms
 157: 0.035823ms
 158: 0.041622ms
 159: 0.035981ms
 160: 0.042346ms
 161: 0.043707ms
 162: 0.043252ms
 163: 0.041789ms
 164: 0.042614ms
 165: 0.043258ms
 166: 0.042105ms
 167: 0.043355ms
 168: 0.042722ms
 169: 0.039064ms
 170: 0.040841ms
 171: 0.044036ms
 172: 0.054461ms
 173: 0.040836ms
 174: 0.040293ms
 175: 0.043720ms
 176: 0.041082ms
 177: 0.035031ms
 178: 0.036581ms
 179: 0.038466ms
 180: 0.041971ms
 181: 0.041397ms
 182: 0.053513ms
 183: 0.045874ms
 184: 0.034095ms
 185: 0.040670ms
 186: 0.041856ms
 187: 0.047900ms
 188: 0.042862ms
 189: 0.043018ms
 190: 0.043597ms
 191: 0.028373ms
 192: 0.044098ms
 193: 0.060649ms
 194: 0.048158ms
 195: 0.042711ms
 196: 0.041560ms
 197: 0.053966ms
 198: 0.037683ms
 199: 0.049910ms


-- Real : Q1: 50 Q2: 100 Q3: 150
-- Array: Q1: 49 Q2: 99 Q3: 149
Printing sorted runtimes:
 0: 0.036828ms
 1: 0.034180ms
 2: 0.035845ms
 3: 0.035124ms
 4: 0.030435ms
 5: 0.028373ms
 6: 0.035827ms
 7: 0.035078ms
 8: 0.034095ms
 9: 0.029776ms
 10: 0.034335ms
 11: 0.036581ms
 12: 0.029339ms
 13: 0.035031ms
 14: 0.028202ms
 15: 0.036241ms
 16: 0.030085ms
 17: 0.035823ms
 18: 0.028758ms
 19: 0.029257ms
 20: 0.035981ms
 21: 0.035323ms
 22: 0.039740ms
 23: 0.037875ms
 24: 0.039064ms
 25: 0.039438ms
 26: 0.038230ms
 27: 0.038024ms
 28: 0.038500ms
 29: 0.037001ms
 30: 0.038919ms
 31: 0.038329ms
 32: 0.036938ms
 33: 0.038000ms
 34: 0.038574ms
 35: 0.038466ms
 36: 0.038045ms
 37: 0.038260ms
 38: 0.037683ms
 39: 0.039004ms
 40: 0.038637ms
 41: 0.039693ms
 42: 0.038537ms
 43: 0.038523ms
 44: 0.040293ms
 45: 0.040040ms
 46: 0.039792ms
 47: 0.039918ms
 48: 0.039836ms
 49: 0.040437ms
 50: 0.040480ms
 51: 0.041849ms
 52: 0.040836ms
 53: 0.040766ms
 54: 0.040841ms
 55: 0.040943ms
 56: 0.041626ms
 57: 0.041008ms
 58: 0.041036ms
 59: 0.041592ms
 60: 0.041186ms
 61: 0.041658ms
 62: 0.041704ms
 63: 0.041615ms
 64: 0.041243ms
 65: 0.041235ms
 66: 0.041508ms
 67: 0.041588ms
 68: 0.041622ms
 69: 0.041659ms
 70: 0.041082ms
 71: 0.041397ms
 72: 0.040954ms
 73: 0.041466ms
 74: 0.041560ms
 75: 0.041143ms
 76: 0.041722ms
 77: 0.041746ms
 78: 0.040670ms
 79: 0.041789ms
 80: 0.041725ms
 81: 0.042143ms
 82: 0.042105ms
 83: 0.041886ms
 84: 0.041982ms
 85: 0.041971ms
 86: 0.041984ms
 87: 0.041860ms
 88: 0.041928ms
 89: 0.041856ms
 90: 0.041923ms
 91: 0.042270ms
 92: 0.042151ms
 93: 0.042170ms
 94: 0.042341ms
 95: 0.042318ms
 96: 0.042319ms
 97: 0.042321ms
 98: 0.042293ms
 99: 0.042346ms
 100: 0.042376ms
 101: 0.043077ms
 102: 0.042436ms
 103: 0.042511ms
 104: 0.042862ms
 105: 0.043018ms
 106: 0.042711ms
 107: 0.042782ms
 108: 0.042614ms
 109: 0.042766ms
 110: 0.042753ms
 111: 0.042693ms
 112: 0.042802ms
 113: 0.043021ms
 114: 0.042722ms
 115: 0.042765ms
 116: 0.043072ms
 117: 0.042406ms
 118: 0.044399ms
 119: 0.044063ms
 120: 0.044036ms
 121: 0.043258ms
 122: 0.043720ms
 123: 0.043648ms
 124: 0.043122ms
 125: 0.044004ms
 126: 0.043407ms
 127: 0.043712ms
 128: 0.043842ms
 129: 0.043252ms
 130: 0.043707ms
 131: 0.043721ms
 132: 0.043113ms
 133: 0.043763ms
 134: 0.043138ms
 135: 0.043355ms
 136: 0.043665ms
 137: 0.043989ms
 138: 0.043878ms
 139: 0.043895ms
 140: 0.043597ms
 141: 0.044098ms
 142: 0.044307ms
 143: 0.044334ms
 144: 0.043272ms
 145: 0.044594ms
 146: 0.044526ms
 147: 0.044979ms
 148: 0.044629ms
 149: 0.045052ms
 150: 0.045406ms
 151: 0.045445ms
 152: 0.045942ms
 153: 0.045533ms
 154: 0.045874ms
 155: 0.047835ms
 156: 0.047900ms
 157: 0.048574ms
 158: 0.046074ms
 159: 0.047553ms
 160: 0.048286ms
 161: 0.047726ms
 162: 0.048158ms
 163: 0.047485ms
 164: 0.049910ms
 165: 0.048449ms
 166: 0.046309ms
 167: 0.046745ms
 168: 0.046274ms
 169: 0.046319ms
 170: 0.061688ms
 171: 0.054110ms
 172: 0.054461ms
 173: 0.052894ms
 174: 0.146460ms
 175: 0.117646ms
 176: 0.114859ms
 177: 0.051579ms
 178: 0.052817ms
 179: 0.114835ms
 180: 0.059084ms
 181: 0.052670ms
 182: 0.053513ms
 183: 0.054331ms
 184: 0.163145ms
 185: 0.062440ms
 186: 0.050668ms
 187: 0.054638ms
 188: 0.053705ms
 189: 0.136811ms
 190: 0.052747ms
 191: 0.053276ms
 192: 0.061214ms
 193: 0.060649ms
 194: 0.052844ms
 195: 0.060504ms
 196: 0.055141ms
 197: 0.053966ms
 198: 0.342571ms
 199: 0.056206ms


Measurements
--------------------------
FFT Size            : 32^3
Threads             : 13
Batch               : 1
Iterations          : 200
Avg Tot Runtime     : 0.047122 ms
Runtime per batch   : 0.047122 ms
SD                  : 0.026774 ms
Q1                  : 0.040437 ms
Median              : 0.042361 ms
Q3                  : 0.045052 ms
