Expm 2: Streaming FFT

Printing individual runtimes:
 0: 0.117498ms
 1: 0.050556ms
 2: 0.039421ms
 3: 0.403371ms
 4: 0.035822ms
 5: 0.023575ms
 6: 0.022250ms
 7: 0.031675ms
 8: 0.022837ms
 9: 0.040839ms
 10: 0.130031ms
 11: 0.022083ms
 12: 0.031838ms
 13: 0.031614ms
 14: 0.029078ms
 15: 0.039551ms
 16: 0.127708ms
 17: 0.023461ms
 18: 0.029614ms
 19: 0.022689ms
 20: 0.028764ms
 21: 0.022901ms
 22: 0.021429ms
 23: 0.031116ms
 24: 0.033498ms
 25: 0.028436ms
 26: 0.022575ms
 27: 0.039258ms
 28: 0.022896ms
 29: 0.139122ms
 30: 0.031704ms
 31: 0.032043ms
 32: 0.047035ms
 33: 0.022820ms
 34: 0.022837ms
 35: 0.031054ms
 36: 0.031255ms
 37: 0.034994ms
 38: 0.028468ms
 39: 0.031628ms
 40: 0.031118ms
 41: 0.023281ms
 42: 0.021341ms
 43: 0.022135ms
 44: 0.035705ms
 45: 0.021725ms
 46: 0.036406ms
 47: 0.032168ms
 48: 0.037323ms
 49: 0.031214ms
 50: 0.030726ms
 51: 0.037911ms
 52: 0.022060ms
 53: 0.022510ms
 54: 0.022182ms
 55: 0.031034ms
 56: 0.169007ms
 57: 0.025557ms
 58: 0.047024ms
 59: 0.022334ms
 60: 0.047989ms
 61: 0.021593ms
 62: 0.031339ms
 63: 0.024743ms
 64: 0.021053ms
 65: 0.022891ms
 66: 0.026431ms
 67: 0.022274ms
 68: 0.037462ms
 69: 0.022980ms
 70: 0.021523ms
 71: 0.049125ms
 72: 0.023043ms
 73: 0.035866ms
 74: 0.029597ms
 75: 0.035239ms
 76: 0.023478ms
 77: 0.036784ms
 78: 0.027552ms
 79: 0.022121ms
 80: 0.022035ms
 81: 0.027061ms
 82: 0.021609ms
 83: 0.047264ms
 84: 0.030266ms
 85: 0.036521ms
 86: 0.030849ms
 87: 0.023227ms
 88: 0.030672ms
 89: 0.023130ms
 90: 0.024013ms
 91: 0.021876ms
 92: 0.029385ms
 93: 0.031853ms
 94: 0.022268ms
 95: 0.031781ms
 96: 0.036406ms
 97: 0.029999ms
 98: 0.032067ms
 99: 0.031906ms
 100: 0.031968ms
 101: 0.035556ms
 102: 0.030950ms
 103: 0.021370ms
 104: 0.022833ms
 105: 0.036954ms
 106: 0.021970ms
 107: 0.027489ms
 108: 0.139581ms
 109: 0.033569ms
 110: 0.022836ms
 111: 0.042878ms
 112: 0.029696ms
 113: 0.031348ms
 114: 0.028799ms
 115: 0.024320ms
 116: 0.048531ms
 117: 0.022176ms
 118: 0.031220ms
 119: 0.022136ms
 120: 0.037242ms
 121: 0.030340ms
 122: 0.034718ms
 123: 0.025382ms
 124: 0.036786ms
 125: 0.022382ms
 126: 0.035682ms
 127: 0.032339ms
 128: 0.035925ms
 129: 0.032128ms
 130: 0.032137ms
 131: 0.038130ms
 132: 0.036945ms
 133: 0.022780ms
 134: 0.035028ms
 135: 0.047608ms
 136: 0.030868ms
 137: 0.022447ms
 138: 0.042147ms
 139: 0.047139ms
 140: 0.022041ms
 141: 0.027690ms
 142: 0.023719ms
 143: 0.022647ms
 144: 0.021556ms
 145: 0.022996ms
 146: 0.031209ms
 147: 0.021255ms
 148: 0.036595ms
 149: 0.031781ms
 150: 0.031267ms
 151: 0.022567ms
 152: 0.039643ms
 153: 0.031775ms
 154: 0.022071ms
 155: 0.033276ms
 156: 0.035598ms
 157: 0.022208ms
 158: 0.021520ms
 159: 0.023062ms
 160: 0.023818ms
 161: 0.031007ms
 162: 0.030876ms
 163: 0.031133ms
 164: 0.023266ms
 165: 0.023267ms
 166: 0.022542ms
 167: 0.036013ms
 168: 0.021515ms
 169: 0.022718ms
 170: 0.033116ms
 171: 0.031579ms
 172: 0.022813ms
 173: 0.023333ms
 174: 0.028439ms
 175: 0.021532ms
 176: 0.032292ms
 177: 0.022490ms
 178: 0.023622ms
 179: 0.027109ms
 180: 0.029439ms
 181: 0.022152ms
 182: 0.021828ms
 183: 0.035543ms
 184: 0.030660ms
 185: 0.036414ms
 186: 0.022385ms
 187: 0.036507ms
 188: 0.025056ms
 189: 0.034322ms
 190: 0.030828ms
 191: 0.021909ms
 192: 0.036414ms
 193: 0.033662ms
 194: 0.031985ms
 195: 0.036788ms
 196: 0.029037ms
 197: 0.036561ms
 198: 0.022129ms
 199: 0.036268ms


-- Real : Q1: 50 Q2: 100 Q3: 150
-- Array: Q1: 49 Q2: 99 Q3: 149
Printing sorted runtimes:
 0: 0.022121ms
 1: 0.021520ms
 2: 0.022071ms
 3: 0.021255ms
 4: 0.021556ms
 5: 0.022041ms
 6: 0.021515ms
 7: 0.021970ms
 8: 0.021370ms
 9: 0.021876ms
 10: 0.021909ms
 11: 0.022083ms
 12: 0.021609ms
 13: 0.022035ms
 14: 0.021532ms
 15: 0.021523ms
 16: 0.021053ms
 17: 0.021593ms
 18: 0.022060ms
 19: 0.021828ms
 20: 0.021725ms
 21: 0.021341ms
 22: 0.021429ms
 23: 0.022567ms
 24: 0.022382ms
 25: 0.022542ms
 26: 0.022490ms
 27: 0.022274ms
 28: 0.022334ms
 29: 0.022385ms
 30: 0.022182ms
 31: 0.022510ms
 32: 0.022268ms
 33: 0.022152ms
 34: 0.022136ms
 35: 0.022208ms
 36: 0.022135ms
 37: 0.022129ms
 38: 0.022250ms
 39: 0.022447ms
 40: 0.022176ms
 41: 0.022689ms
 42: 0.022647ms
 43: 0.022575ms
 44: 0.022813ms
 45: 0.022718ms
 46: 0.022780ms
 47: 0.022833ms
 48: 0.022820ms
 49: 0.022836ms
 50: 0.022837ms
 51: 0.026431ms
 52: 0.022891ms
 53: 0.022901ms
 54: 0.022896ms
 55: 0.025382ms
 56: 0.024013ms
 57: 0.025557ms
 58: 0.023130ms
 59: 0.023575ms
 60: 0.023622ms
 61: 0.023461ms
 62: 0.023267ms
 63: 0.024743ms
 64: 0.023227ms
 65: 0.023266ms
 66: 0.023333ms
 67: 0.025056ms
 68: 0.023719ms
 69: 0.022980ms
 70: 0.024320ms
 71: 0.023281ms
 72: 0.023043ms
 73: 0.022996ms
 74: 0.023818ms
 75: 0.023062ms
 76: 0.023478ms
 77: 0.022837ms
 78: 0.029439ms
 79: 0.029078ms
 80: 0.028799ms
 81: 0.027061ms
 82: 0.028468ms
 83: 0.028439ms
 84: 0.027489ms
 85: 0.028764ms
 86: 0.027690ms
 87: 0.029037ms
 88: 0.029385ms
 89: 0.027109ms
 90: 0.027552ms
 91: 0.028436ms
 92: 0.030340ms
 93: 0.029597ms
 94: 0.029614ms
 95: 0.029696ms
 96: 0.030266ms
 97: 0.029999ms
 98: 0.030660ms
 99: 0.030672ms
 100: 0.030726ms
 101: 0.033662ms
 102: 0.030828ms
 103: 0.031054ms
 104: 0.030950ms
 105: 0.030876ms
 106: 0.031007ms
 107: 0.030868ms
 108: 0.031034ms
 109: 0.031614ms
 110: 0.031255ms
 111: 0.031118ms
 112: 0.031579ms
 113: 0.031348ms
 114: 0.031133ms
 115: 0.031214ms
 116: 0.031339ms
 117: 0.031116ms
 118: 0.031220ms
 119: 0.031267ms
 120: 0.031209ms
 121: 0.031853ms
 122: 0.031985ms
 123: 0.031781ms
 124: 0.031838ms
 125: 0.032067ms
 126: 0.031775ms
 127: 0.032339ms
 128: 0.032292ms
 129: 0.032128ms
 130: 0.032137ms
 131: 0.031906ms
 132: 0.031968ms
 133: 0.032168ms
 134: 0.033276ms
 135: 0.031781ms
 136: 0.031675ms
 137: 0.031628ms
 138: 0.033116ms
 139: 0.032043ms
 140: 0.031704ms
 141: 0.033498ms
 142: 0.030849ms
 143: 0.033569ms
 144: 0.035239ms
 145: 0.034994ms
 146: 0.034718ms
 147: 0.034322ms
 148: 0.035028ms
 149: 0.035543ms
 150: 0.035556ms
 151: 0.035598ms
 152: 0.035682ms
 153: 0.035866ms
 154: 0.036268ms
 155: 0.035925ms
 156: 0.036013ms
 157: 0.035705ms
 158: 0.036406ms
 159: 0.036406ms
 160: 0.035822ms
 161: 0.047139ms
 162: 0.042147ms
 163: 0.047608ms
 164: 0.036945ms
 165: 0.038130ms
 166: 0.036786ms
 167: 0.037242ms
 168: 0.048531ms
 169: 0.042878ms
 170: 0.139581ms
 171: 0.036954ms
 172: 0.036595ms
 173: 0.036521ms
 174: 0.047264ms
 175: 0.036784ms
 176: 0.049125ms
 177: 0.037462ms
 178: 0.047989ms
 179: 0.047024ms
 180: 0.169007ms
 181: 0.037911ms
 182: 0.037323ms
 183: 0.039643ms
 184: 0.047035ms
 185: 0.036414ms
 186: 0.139122ms
 187: 0.036507ms
 188: 0.039258ms
 189: 0.127708ms
 190: 0.039551ms
 191: 0.130031ms
 192: 0.036414ms
 193: 0.040839ms
 194: 0.403371ms
 195: 0.036788ms
 196: 0.039421ms
 197: 0.036561ms
 198: 0.050556ms
 199: 0.117498ms


Measurements
--------------------------
FFT Size            : 32^3
Threads             : 19
Batch               : 1
Iterations          : 200
Avg Tot Runtime     : 0.034703 ms
Runtime per batch   : 0.034703 ms
SD                  : 0.032783 ms
Q1                  : 0.022836 ms
Median              : 0.030699 ms
Q3                  : 0.035543 ms
