Expm 2: Streaming FFT

Printing individual runtimes:
 0: 0.101718ms
 1: 0.033936ms
 2: 0.039723ms
 3: 0.473241ms
 4: 0.027467ms
 5: 0.022526ms
 6: 0.032295ms
 7: 0.022049ms
 8: 0.031243ms
 9: 0.022525ms
 10: 0.155741ms
 11: 0.028078ms
 12: 0.031412ms
 13: 0.022971ms
 14: 0.022436ms
 15: 0.021944ms
 16: 0.037516ms
 17: 0.147623ms
 18: 0.037662ms
 19: 0.022360ms
 20: 0.021429ms
 21: 0.038372ms
 22: 0.028279ms
 23: 0.026479ms
 24: 0.027721ms
 25: 0.028297ms
 26: 0.022937ms
 27: 0.030858ms
 28: 0.035918ms
 29: 0.034444ms
 30: 0.034247ms
 31: 0.129055ms
 32: 0.024043ms
 33: 0.022075ms
 34: 0.037008ms
 35: 0.022328ms
 36: 0.024876ms
 37: 0.026963ms
 38: 0.032210ms
 39: 0.049564ms
 40: 0.044803ms
 41: 0.021185ms
 42: 0.033682ms
 43: 0.021643ms
 44: 0.020666ms
 45: 0.034864ms
 46: 0.029798ms
 47: 0.036968ms
 48: 0.022073ms
 49: 0.037074ms
 50: 0.045696ms
 51: 0.032856ms
 52: 0.021754ms
 53: 0.038546ms
 54: 0.038512ms
 55: 0.021242ms
 56: 0.031113ms
 57: 0.029195ms
 58: 0.022749ms
 59: 0.136251ms
 60: 0.021454ms
 61: 0.022372ms
 62: 0.022786ms
 63: 0.027468ms
 64: 0.038855ms
 65: 0.028780ms
 66: 0.034705ms
 67: 0.022015ms
 68: 0.022464ms
 69: 0.021275ms
 70: 0.026419ms
 71: 0.036914ms
 72: 0.023651ms
 73: 0.029831ms
 74: 0.026874ms
 75: 0.021755ms
 76: 0.040423ms
 77: 0.034220ms
 78: 0.031147ms
 79: 0.025834ms
 80: 0.039337ms
 81: 0.026854ms
 82: 0.022955ms
 83: 0.024476ms
 84: 0.035668ms
 85: 0.030768ms
 86: 0.025966ms
 87: 0.040906ms
 88: 0.025457ms
 89: 0.039477ms
 90: 0.021471ms
 91: 0.051306ms
 92: 0.025411ms
 93: 0.022061ms
 94: 0.034778ms
 95: 0.032094ms
 96: 0.024135ms
 97: 0.021966ms
 98: 0.028598ms
 99: 0.031765ms
 100: 0.021636ms
 101: 0.028762ms
 102: 0.038192ms
 103: 0.025710ms
 104: 0.031801ms
 105: 0.031191ms
 106: 0.023196ms
 107: 0.037633ms
 108: 0.023750ms
 109: 0.027309ms
 110: 0.045570ms
 111: 0.038594ms
 112: 0.023342ms
 113: 0.023601ms
 114: 0.048176ms
 115: 0.030843ms
 116: 0.049667ms
 117: 0.143618ms
 118: 0.032211ms
 119: 0.030288ms
 120: 0.030150ms
 121: 0.038303ms
 122: 0.032160ms
 123: 0.025306ms
 124: 0.028796ms
 125: 0.029829ms
 126: 0.026015ms
 127: 0.037962ms
 128: 0.032026ms
 129: 0.035472ms
 130: 0.035419ms
 131: 0.022301ms
 132: 0.031703ms
 133: 0.022016ms
 134: 0.042023ms
 135: 0.035442ms
 136: 0.034956ms
 137: 0.028016ms
 138: 0.028560ms
 139: 0.031805ms
 140: 0.023138ms
 141: 0.022484ms
 142: 0.032234ms
 143: 0.022468ms
 144: 0.031495ms
 145: 0.024742ms
 146: 0.022543ms
 147: 0.021436ms
 148: 0.025803ms
 149: 0.036888ms
 150: 0.037853ms
 151: 0.023716ms
 152: 0.023267ms
 153: 0.027011ms
 154: 0.027864ms
 155: 0.031971ms
 156: 0.047255ms
 157: 0.026926ms
 158: 0.026320ms
 159: 0.026100ms
 160: 0.026070ms
 161: 0.036836ms
 162: 0.022960ms
 163: 0.030901ms
 164: 0.031624ms
 165: 0.021758ms
 166: 0.022221ms
 167: 0.024019ms
 168: 0.035333ms
 169: 0.025509ms
 170: 0.022423ms
 171: 0.031406ms
 172: 0.028984ms
 173: 0.023041ms
 174: 0.024081ms
 175: 0.037663ms
 176: 0.022122ms
 177: 0.035331ms
 178: 0.040620ms
 179: 0.032199ms
 180: 0.023894ms
 181: 0.032196ms
 182: 0.030395ms
 183: 0.022763ms
 184: 0.031577ms
 185: 0.032238ms
 186: 0.030975ms
 187: 0.022521ms
 188: 0.027645ms
 189: 0.021621ms
 190: 0.022302ms
 191: 0.032498ms
 192: 0.022312ms
 193: 0.030624ms
 194: 0.022447ms
 195: 0.025155ms
 196: 0.022864ms
 197: 0.038578ms
 198: 0.036728ms
 199: 0.026690ms


-- Real : Q1: 50 Q2: 100 Q3: 150
-- Array: Q1: 49 Q2: 99 Q3: 149
Printing sorted runtimes:
 0: 0.022864ms
 1: 0.021755ms
 2: 0.021471ms
 3: 0.022447ms
 4: 0.022312ms
 5: 0.022526ms
 6: 0.022302ms
 7: 0.022049ms
 8: 0.021621ms
 9: 0.022525ms
 10: 0.022521ms
 11: 0.022763ms
 12: 0.022061ms
 13: 0.021275ms
 14: 0.022436ms
 15: 0.021944ms
 16: 0.022122ms
 17: 0.022464ms
 18: 0.022015ms
 19: 0.022360ms
 20: 0.021429ms
 21: 0.022423ms
 22: 0.021966ms
 23: 0.021636ms
 24: 0.022786ms
 25: 0.022221ms
 26: 0.022372ms
 27: 0.021758ms
 28: 0.021454ms
 29: 0.022749ms
 30: 0.021242ms
 31: 0.021754ms
 32: 0.022301ms
 33: 0.022075ms
 34: 0.022016ms
 35: 0.022328ms
 36: 0.022073ms
 37: 0.022484ms
 38: 0.022468ms
 39: 0.021436ms
 40: 0.022543ms
 41: 0.021185ms
 42: 0.020666ms
 43: 0.021643ms
 44: 0.022971ms
 45: 0.022955ms
 46: 0.022960ms
 47: 0.022937ms
 48: 0.023041ms
 49: 0.023138ms
 50: 0.023196ms
 51: 0.024476ms
 52: 0.023894ms
 53: 0.023267ms
 54: 0.023601ms
 55: 0.023716ms
 56: 0.023342ms
 57: 0.023750ms
 58: 0.023651ms
 59: 0.024019ms
 60: 0.024043ms
 61: 0.024081ms
 62: 0.024135ms
 63: 0.028078ms
 64: 0.026479ms
 65: 0.025509ms
 66: 0.024742ms
 67: 0.026320ms
 68: 0.025306ms
 69: 0.026015ms
 70: 0.026419ms
 71: 0.026100ms
 72: 0.024876ms
 73: 0.025411ms
 74: 0.025155ms
 75: 0.026690ms
 76: 0.025457ms
 77: 0.025966ms
 78: 0.027468ms
 79: 0.025834ms
 80: 0.025803ms
 81: 0.026854ms
 82: 0.027467ms
 83: 0.027645ms
 84: 0.025710ms
 85: 0.027309ms
 86: 0.026070ms
 87: 0.027721ms
 88: 0.028016ms
 89: 0.026926ms
 90: 0.026874ms
 91: 0.027864ms
 92: 0.027011ms
 93: 0.026963ms
 94: 0.028560ms
 95: 0.028279ms
 96: 0.028297ms
 97: 0.028762ms
 98: 0.028598ms
 99: 0.028780ms
 100: 0.028796ms
 101: 0.029831ms
 102: 0.029798ms
 103: 0.029829ms
 104: 0.029195ms
 105: 0.028984ms
 106: 0.031624ms
 107: 0.031406ms
 108: 0.031191ms
 109: 0.031495ms
 110: 0.030624ms
 111: 0.030768ms
 112: 0.031113ms
 113: 0.031412ms
 114: 0.031243ms
 115: 0.030843ms
 116: 0.031147ms
 117: 0.030975ms
 118: 0.030901ms
 119: 0.030288ms
 120: 0.030150ms
 121: 0.030395ms
 122: 0.030858ms
 123: 0.031577ms
 124: 0.032094ms
 125: 0.031765ms
 126: 0.031801ms
 127: 0.031971ms
 128: 0.032026ms
 129: 0.031805ms
 130: 0.031703ms
 131: 0.034778ms
 132: 0.032211ms
 133: 0.034444ms
 134: 0.032295ms
 135: 0.034247ms
 136: 0.032856ms
 137: 0.034705ms
 138: 0.032160ms
 139: 0.034220ms
 140: 0.032498ms
 141: 0.032196ms
 142: 0.032234ms
 143: 0.032238ms
 144: 0.033936ms
 145: 0.033682ms
 146: 0.032199ms
 147: 0.032210ms
 148: 0.034956ms
 149: 0.034864ms
 150: 0.035331ms
 151: 0.035333ms
 152: 0.037008ms
 153: 0.036914ms
 154: 0.037516ms
 155: 0.036888ms
 156: 0.037663ms
 157: 0.037662ms
 158: 0.036968ms
 159: 0.035442ms
 160: 0.037074ms
 161: 0.036836ms
 162: 0.035918ms
 163: 0.035419ms
 164: 0.035472ms
 165: 0.035668ms
 166: 0.037633ms
 167: 0.036728ms
 168: 0.037853ms
 169: 0.040906ms
 170: 0.038372ms
 171: 0.040423ms
 172: 0.129055ms
 173: 0.039477ms
 174: 0.147623ms
 175: 0.047255ms
 176: 0.051306ms
 177: 0.049564ms
 178: 0.040620ms
 179: 0.044803ms
 180: 0.042023ms
 181: 0.045696ms
 182: 0.037962ms
 183: 0.038855ms
 184: 0.038546ms
 185: 0.038303ms
 186: 0.143618ms
 187: 0.155741ms
 188: 0.049667ms
 189: 0.048176ms
 190: 0.038512ms
 191: 0.038594ms
 192: 0.039337ms
 193: 0.045570ms
 194: 0.473241ms
 195: 0.039723ms
 196: 0.038192ms
 197: 0.038578ms
 198: 0.136251ms
 199: 0.101718ms


Measurements
--------------------------
FFT Size            : 32^3
Threads             : 22
Batch               : 1
Iterations          : 200
Avg Tot Runtime     : 0.034965 ms
Runtime per batch   : 0.034965 ms
SD                  : 0.036703 ms
Q1                  : 0.023138 ms
Median              : 0.028788 ms
Q3                  : 0.034864 ms
