Expm 2: Streaming FFT

Printing individual runtimes:
 0: 0.150891ms
 1: 0.035280ms
 2: 0.038028ms
 3: 0.436529ms
 4: 0.024494ms
 5: 0.048413ms
 6: 0.022599ms
 7: 0.021991ms
 8: 0.033624ms
 9: 0.028902ms
 10: 0.123187ms
 11: 0.031114ms
 12: 0.021801ms
 13: 0.034711ms
 14: 0.031663ms
 15: 0.031503ms
 16: 0.133119ms
 17: 0.022122ms
 18: 0.030687ms
 19: 0.031150ms
 20: 0.036993ms
 21: 0.032797ms
 22: 0.032010ms
 23: 0.027780ms
 24: 0.022289ms
 25: 0.031896ms
 26: 0.021548ms
 27: 0.037258ms
 28: 0.031718ms
 29: 0.180588ms
 30: 0.022526ms
 31: 0.031345ms
 32: 0.033498ms
 33: 0.023369ms
 34: 0.031628ms
 35: 0.031417ms
 36: 0.031619ms
 37: 0.031515ms
 38: 0.144621ms
 39: 0.036472ms
 40: 0.021616ms
 41: 0.025929ms
 42: 0.042167ms
 43: 0.031359ms
 44: 0.021399ms
 45: 0.020815ms
 46: 0.023687ms
 47: 0.020423ms
 48: 0.025840ms
 49: 0.021470ms
 50: 0.021162ms
 51: 0.029835ms
 52: 0.032264ms
 53: 0.031157ms
 54: 0.028109ms
 55: 0.021103ms
 56: 0.114352ms
 57: 0.032156ms
 58: 0.037107ms
 59: 0.037882ms
 60: 0.031735ms
 61: 0.030788ms
 62: 0.030972ms
 63: 0.022352ms
 64: 0.021257ms
 65: 0.034632ms
 66: 0.038613ms
 67: 0.036521ms
 68: 0.032366ms
 69: 0.032113ms
 70: 0.021952ms
 71: 0.030996ms
 72: 0.022042ms
 73: 0.031353ms
 74: 0.031611ms
 75: 0.034413ms
 76: 0.039278ms
 77: 0.030825ms
 78: 0.038747ms
 79: 0.031827ms
 80: 0.032201ms
 81: 0.031288ms
 82: 0.031521ms
 83: 0.031856ms
 84: 0.038066ms
 85: 0.021585ms
 86: 0.031090ms
 87: 0.031011ms
 88: 0.031103ms
 89: 0.030601ms
 90: 0.031430ms
 91: 0.023055ms
 92: 0.037764ms
 93: 0.031915ms
 94: 0.038968ms
 95: 0.022315ms
 96: 0.021650ms
 97: 0.041312ms
 98: 0.021575ms
 99: 0.031428ms
 100: 0.034366ms
 101: 0.032466ms
 102: 0.031245ms
 103: 0.031624ms
 104: 0.031384ms
 105: 0.031911ms
 106: 0.030462ms
 107: 0.032094ms
 108: 0.110134ms
 109: 0.035999ms
 110: 0.041209ms
 111: 0.036245ms
 112: 0.039052ms
 113: 0.021724ms
 114: 0.039533ms
 115: 0.037860ms
 116: 0.034542ms
 117: 0.031153ms
 118: 0.031200ms
 119: 0.045182ms
 120: 0.038600ms
 121: 0.037380ms
 122: 0.042030ms
 123: 0.022364ms
 124: 0.032131ms
 125: 0.037131ms
 126: 0.030401ms
 127: 0.020982ms
 128: 0.022246ms
 129: 0.030939ms
 130: 0.039441ms
 131: 0.021930ms
 132: 0.021675ms
 133: 0.031990ms
 134: 0.031020ms
 135: 0.035884ms
 136: 0.022680ms
 137: 0.021868ms
 138: 0.036113ms
 139: 0.036107ms
 140: 0.022741ms
 141: 0.112762ms
 142: 0.032064ms
 143: 0.031057ms
 144: 0.022528ms
 145: 0.031299ms
 146: 0.031902ms
 147: 0.021698ms
 148: 0.031414ms
 149: 0.038154ms
 150: 0.031043ms
 151: 0.031899ms
 152: 0.031163ms
 153: 0.035262ms
 154: 0.037585ms
 155: 0.039398ms
 156: 0.107197ms
 157: 0.035399ms
 158: 0.034906ms
 159: 0.021888ms
 160: 0.031350ms
 161: 0.036542ms
 162: 0.031203ms
 163: 0.032310ms
 164: 0.040468ms
 165: 0.037044ms
 166: 0.041887ms
 167: 0.036493ms
 168: 0.040085ms
 169: 0.033856ms
 170: 0.039137ms
 171: 0.022803ms
 172: 0.032115ms
 173: 0.031684ms
 174: 0.037405ms
 175: 0.037959ms
 176: 0.037948ms
 177: 0.021697ms
 178: 0.044555ms
 179: 0.031146ms
 180: 0.022688ms
 181: 0.021464ms
 182: 0.036675ms
 183: 0.022039ms
 184: 0.032316ms
 185: 0.031966ms
 186: 0.031491ms
 187: 0.031592ms
 188: 0.037548ms
 189: 0.038785ms
 190: 0.022298ms
 191: 0.022292ms
 192: 0.030884ms
 193: 0.022513ms
 194: 0.034012ms
 195: 0.035856ms
 196: 0.022363ms
 197: 0.031394ms
 198: 0.035066ms
 199: 0.030574ms


-- Real : Q1: 50 Q2: 100 Q3: 150
-- Array: Q1: 49 Q2: 99 Q3: 149
Printing sorted runtimes:
 0: 0.021650ms
 1: 0.021103ms
 2: 0.021464ms
 3: 0.021162ms
 4: 0.021470ms
 5: 0.020423ms
 6: 0.020815ms
 7: 0.021399ms
 8: 0.020982ms
 9: 0.021616ms
 10: 0.021257ms
 11: 0.021585ms
 12: 0.021575ms
 13: 0.021548ms
 14: 0.021930ms
 15: 0.021868ms
 16: 0.021675ms
 17: 0.021697ms
 18: 0.021888ms
 19: 0.021801ms
 20: 0.021698ms
 21: 0.021724ms
 22: 0.022680ms
 23: 0.022298ms
 24: 0.022289ms
 25: 0.022292ms
 26: 0.022364ms
 27: 0.022528ms
 28: 0.022363ms
 29: 0.022315ms
 30: 0.022526ms
 31: 0.022246ms
 32: 0.022599ms
 33: 0.021991ms
 34: 0.022352ms
 35: 0.022039ms
 36: 0.022042ms
 37: 0.021952ms
 38: 0.022122ms
 39: 0.022513ms
 40: 0.025929ms
 41: 0.022688ms
 42: 0.022803ms
 43: 0.024494ms
 44: 0.023369ms
 45: 0.023055ms
 46: 0.023687ms
 47: 0.022741ms
 48: 0.025840ms
 49: 0.027780ms
 50: 0.028109ms
 51: 0.031299ms
 52: 0.030401ms
 53: 0.030462ms
 54: 0.029835ms
 55: 0.030574ms
 56: 0.031157ms
 57: 0.031150ms
 58: 0.030939ms
 59: 0.031146ms
 60: 0.031043ms
 61: 0.030788ms
 62: 0.030972ms
 63: 0.031057ms
 64: 0.031114ms
 65: 0.031245ms
 66: 0.031153ms
 67: 0.028902ms
 68: 0.030884ms
 69: 0.031020ms
 70: 0.031163ms
 71: 0.030996ms
 72: 0.031200ms
 73: 0.030601ms
 74: 0.031103ms
 75: 0.031011ms
 76: 0.031090ms
 77: 0.030825ms
 78: 0.031203ms
 79: 0.031288ms
 80: 0.030687ms
 81: 0.031521ms
 82: 0.031394ms
 83: 0.031414ms
 84: 0.031503ms
 85: 0.031359ms
 86: 0.031384ms
 87: 0.031417ms
 88: 0.031428ms
 89: 0.031353ms
 90: 0.031430ms
 91: 0.031515ms
 92: 0.031350ms
 93: 0.031491ms
 94: 0.031345ms
 95: 0.031624ms
 96: 0.031611ms
 97: 0.031619ms
 98: 0.031592ms
 99: 0.031628ms
 100: 0.031663ms
 101: 0.035280ms
 102: 0.031718ms
 103: 0.031966ms
 104: 0.031899ms
 105: 0.031911ms
 106: 0.031896ms
 107: 0.031915ms
 108: 0.031735ms
 109: 0.031856ms
 110: 0.031827ms
 111: 0.031902ms
 112: 0.031990ms
 113: 0.032797ms
 114: 0.032010ms
 115: 0.032094ms
 116: 0.032064ms
 117: 0.032466ms
 118: 0.033498ms
 119: 0.032201ms
 120: 0.032310ms
 121: 0.033856ms
 122: 0.032113ms
 123: 0.032366ms
 124: 0.032131ms
 125: 0.032115ms
 126: 0.032316ms
 127: 0.033624ms
 128: 0.034012ms
 129: 0.032264ms
 130: 0.032156ms
 131: 0.034366ms
 132: 0.031684ms
 133: 0.035066ms
 134: 0.034711ms
 135: 0.034632ms
 136: 0.034413ms
 137: 0.034906ms
 138: 0.035262ms
 139: 0.034542ms
 140: 0.036472ms
 141: 0.035399ms
 142: 0.036107ms
 143: 0.036113ms
 144: 0.035884ms
 145: 0.035999ms
 146: 0.036245ms
 147: 0.035856ms
 148: 0.036521ms
 149: 0.036493ms
 150: 0.036542ms
 151: 0.036675ms
 152: 0.037044ms
 153: 0.036993ms
 154: 0.037131ms
 155: 0.037107ms
 156: 0.037258ms
 157: 0.037585ms
 158: 0.037548ms
 159: 0.037380ms
 160: 0.037764ms
 161: 0.037405ms
 162: 0.037860ms
 163: 0.037882ms
 164: 0.038747ms
 165: 0.038066ms
 166: 0.038968ms
 167: 0.038600ms
 168: 0.039398ms
 169: 0.039278ms
 170: 0.039137ms
 171: 0.038785ms
 172: 0.038154ms
 173: 0.038613ms
 174: 0.039052ms
 175: 0.037959ms
 176: 0.037948ms
 177: 0.038028ms
 178: 0.039441ms
 179: 0.044555ms
 180: 0.040085ms
 181: 0.114352ms
 182: 0.041887ms
 183: 0.042167ms
 184: 0.040468ms
 185: 0.144621ms
 186: 0.180588ms
 187: 0.107197ms
 188: 0.041312ms
 189: 0.150891ms
 190: 0.110134ms
 191: 0.133119ms
 192: 0.042030ms
 193: 0.123187ms
 194: 0.048413ms
 195: 0.041209ms
 196: 0.436529ms
 197: 0.039533ms
 198: 0.112762ms
 199: 0.045182ms


Measurements
--------------------------
FFT Size            : 32^3
Threads             : 21
Batch               : 1
Iterations          : 200
Avg Tot Runtime     : 0.037629 ms
Runtime per batch   : 0.037629 ms
SD                  : 0.035863 ms
Q1                  : 0.027780 ms
Median              : 0.031646 ms
Q3                  : 0.036493 ms
