Expm 2: Streaming FFT

Printing individual runtimes:
 0: 0.127224ms
 1: 0.056461ms
 2: 0.044386ms
 3: 0.347027ms
 4: 0.055985ms
 5: 0.050983ms
 6: 0.044893ms
 7: 0.050280ms
 8: 0.046484ms
 9: 0.050646ms
 10: 0.128232ms
 11: 0.040807ms
 12: 0.047393ms
 13: 0.038073ms
 14: 0.053782ms
 15: 0.042428ms
 16: 0.157578ms
 17: 0.043400ms
 18: 0.048099ms
 19: 0.033692ms
 20: 0.039943ms
 21: 0.039429ms
 22: 0.041771ms
 23: 0.035734ms
 24: 0.042600ms
 25: 0.044459ms
 26: 0.043052ms
 27: 0.038981ms
 28: 0.043517ms
 29: 0.142112ms
 30: 0.045587ms
 31: 0.042569ms
 32: 0.040441ms
 33: 0.042202ms
 34: 0.043926ms
 35: 0.028617ms
 36: 0.041207ms
 37: 0.057134ms
 38: 0.043167ms
 39: 0.041986ms
 40: 0.043066ms
 41: 0.042073ms
 42: 0.037119ms
 43: 0.035946ms
 44: 0.043898ms
 45: 0.042833ms
 46: 0.041327ms
 47: 0.040629ms
 48: 0.043971ms
 49: 0.039609ms
 50: 0.045636ms
 51: 0.042651ms
 52: 0.039528ms
 53: 0.041392ms
 54: 0.034972ms
 55: 0.044312ms
 56: 0.117841ms
 57: 0.045795ms
 58: 0.043035ms
 59: 0.041452ms
 60: 0.043659ms
 61: 0.043003ms
 62: 0.063540ms
 63: 0.047205ms
 64: 0.041259ms
 65: 0.039928ms
 66: 0.040982ms
 67: 0.036984ms
 68: 0.044355ms
 69: 0.036823ms
 70: 0.026103ms
 71: 0.041898ms
 72: 0.038845ms
 73: 0.044993ms
 74: 0.043301ms
 75: 0.040208ms
 76: 0.045307ms
 77: 0.054204ms
 78: 0.041420ms
 79: 0.045734ms
 80: 0.044603ms
 81: 0.040709ms
 82: 0.042053ms
 83: 0.044062ms
 84: 0.036094ms
 85: 0.043526ms
 86: 0.043564ms
 87: 0.045849ms
 88: 0.045542ms
 89: 0.028041ms
 90: 0.041752ms
 91: 0.038150ms
 92: 0.044277ms
 93: 0.045350ms
 94: 0.040960ms
 95: 0.034732ms
 96: 0.044396ms
 97: 0.061068ms
 98: 0.042207ms
 99: 0.049104ms
 100: 0.042554ms
 101: 0.044811ms
 102: 0.044253ms
 103: 0.046478ms
 104: 0.036132ms
 105: 0.042184ms
 106: 0.051839ms
 107: 0.028416ms
 108: 0.113470ms
 109: 0.051074ms
 110: 0.030204ms
 111: 0.044335ms
 112: 0.051552ms
 113: 0.043821ms
 114: 0.043235ms
 115: 0.042793ms
 116: 0.045400ms
 117: 0.044316ms
 118: 0.042634ms
 119: 0.041427ms
 120: 0.035483ms
 121: 0.036849ms
 122: 0.044791ms
 123: 0.055987ms
 124: 0.045932ms
 125: 0.041881ms
 126: 0.044993ms
 127: 0.047889ms
 128: 0.047930ms
 129: 0.064419ms
 130: 0.040407ms
 131: 0.035062ms
 132: 0.041148ms
 133: 0.046550ms
 134: 0.038855ms
 135: 0.040739ms
 136: 0.037277ms
 137: 0.040649ms
 138: 0.041295ms
 139: 0.041459ms
 140: 0.040065ms
 141: 0.041877ms
 142: 0.035363ms
 143: 0.046236ms
 144: 0.044718ms
 145: 0.040802ms
 146: 0.042086ms
 147: 0.039177ms
 148: 0.043086ms
 149: 0.045846ms
 150: 0.043234ms
 151: 0.042977ms
 152: 0.041974ms
 153: 0.039713ms
 154: 0.041928ms
 155: 0.039138ms
 156: 0.051862ms
 157: 0.045447ms
 158: 0.040423ms
 159: 0.042387ms
 160: 0.041578ms
 161: 0.041953ms
 162: 0.040358ms
 163: 0.043588ms
 164: 0.041387ms
 165: 0.042721ms
 166: 0.059371ms
 167: 0.042211ms
 168: 0.042042ms
 169: 0.054338ms
 170: 0.042256ms
 171: 0.042346ms
 172: 0.040368ms
 173: 0.041636ms
 174: 0.045077ms
 175: 0.048984ms
 176: 0.042166ms
 177: 0.030099ms
 178: 0.047368ms
 179: 0.037946ms
 180: 0.040358ms
 181: 0.037802ms
 182: 0.035666ms
 183: 0.045016ms
 184: 0.038956ms
 185: 0.041338ms
 186: 0.044704ms
 187: 0.045291ms
 188: 0.039705ms
 189: 0.041578ms
 190: 0.037592ms
 191: 0.035525ms
 192: 0.036966ms
 193: 0.060974ms
 194: 0.042145ms
 195: 0.045089ms
 196: 0.042249ms
 197: 0.042252ms
 198: 0.041737ms
 199: 0.042299ms


-- Real : Q1: 50 Q2: 100 Q3: 150
-- Array: Q1: 49 Q2: 99 Q3: 149
Printing sorted runtimes:
 0: 0.040423ms
 1: 0.036132ms
 2: 0.028416ms
 3: 0.030204ms
 4: 0.034732ms
 5: 0.035483ms
 6: 0.036966ms
 7: 0.035525ms
 8: 0.037592ms
 9: 0.038150ms
 10: 0.039705ms
 11: 0.028041ms
 12: 0.036849ms
 13: 0.038073ms
 14: 0.038956ms
 15: 0.040407ms
 16: 0.035666ms
 17: 0.037802ms
 18: 0.040358ms
 19: 0.033692ms
 20: 0.039943ms
 21: 0.039429ms
 22: 0.035062ms
 23: 0.035734ms
 24: 0.037946ms
 25: 0.030099ms
 26: 0.036094ms
 27: 0.038981ms
 28: 0.038855ms
 29: 0.040368ms
 30: 0.037277ms
 31: 0.040208ms
 32: 0.038845ms
 33: 0.026103ms
 34: 0.036823ms
 35: 0.028617ms
 36: 0.040065ms
 37: 0.036984ms
 38: 0.039928ms
 39: 0.035363ms
 40: 0.040358ms
 41: 0.039177ms
 42: 0.037119ms
 43: 0.035946ms
 44: 0.039713ms
 45: 0.034972ms
 46: 0.039528ms
 47: 0.039138ms
 48: 0.039609ms
 49: 0.040441ms
 50: 0.040629ms
 51: 0.041392ms
 52: 0.040709ms
 53: 0.040739ms
 54: 0.040802ms
 55: 0.040807ms
 56: 0.040960ms
 57: 0.040649ms
 58: 0.041338ms
 59: 0.041148ms
 60: 0.041327ms
 61: 0.041295ms
 62: 0.041207ms
 63: 0.040982ms
 64: 0.041259ms
 65: 0.041387ms
 66: 0.041881ms
 67: 0.041427ms
 68: 0.041877ms
 69: 0.041737ms
 70: 0.041771ms
 71: 0.041452ms
 72: 0.041636ms
 73: 0.041459ms
 74: 0.041420ms
 75: 0.041578ms
 76: 0.041578ms
 77: 0.041752ms
 78: 0.042207ms
 79: 0.041953ms
 80: 0.041928ms
 81: 0.042086ms
 82: 0.042053ms
 83: 0.041898ms
 84: 0.042166ms
 85: 0.042145ms
 86: 0.042042ms
 87: 0.041986ms
 88: 0.042073ms
 89: 0.042184ms
 90: 0.041974ms
 91: 0.042202ms
 92: 0.042428ms
 93: 0.042211ms
 94: 0.042299ms
 95: 0.042249ms
 96: 0.042252ms
 97: 0.042256ms
 98: 0.042346ms
 99: 0.042387ms
 100: 0.042554ms
 101: 0.043234ms
 102: 0.042600ms
 103: 0.042721ms
 104: 0.042651ms
 105: 0.042634ms
 106: 0.042793ms
 107: 0.042833ms
 108: 0.043066ms
 109: 0.042977ms
 110: 0.042569ms
 111: 0.043086ms
 112: 0.043035ms
 113: 0.043003ms
 114: 0.043167ms
 115: 0.043052ms
 116: 0.043926ms
 117: 0.043898ms
 118: 0.043400ms
 119: 0.043659ms
 120: 0.043821ms
 121: 0.043588ms
 122: 0.043235ms
 123: 0.043301ms
 124: 0.043526ms
 125: 0.043564ms
 126: 0.043517ms
 127: 0.044791ms
 128: 0.044316ms
 129: 0.044312ms
 130: 0.044396ms
 131: 0.044335ms
 132: 0.044062ms
 133: 0.044386ms
 134: 0.044603ms
 135: 0.043971ms
 136: 0.044704ms
 137: 0.044277ms
 138: 0.044459ms
 139: 0.044718ms
 140: 0.044355ms
 141: 0.044253ms
 142: 0.044993ms
 143: 0.044893ms
 144: 0.044811ms
 145: 0.045077ms
 146: 0.045016ms
 147: 0.044993ms
 148: 0.045089ms
 149: 0.045291ms
 150: 0.045307ms
 151: 0.045400ms
 152: 0.045350ms
 153: 0.045447ms
 154: 0.045587ms
 155: 0.045636ms
 156: 0.045542ms
 157: 0.045795ms
 158: 0.045846ms
 159: 0.045734ms
 160: 0.045849ms
 161: 0.051862ms
 162: 0.117841ms
 163: 0.046236ms
 164: 0.063540ms
 165: 0.047205ms
 166: 0.059371ms
 167: 0.057134ms
 168: 0.054204ms
 169: 0.054338ms
 170: 0.046550ms
 171: 0.064419ms
 172: 0.142112ms
 173: 0.047930ms
 174: 0.047889ms
 175: 0.048984ms
 176: 0.045932ms
 177: 0.055987ms
 178: 0.047368ms
 179: 0.051552ms
 180: 0.048099ms
 181: 0.051074ms
 182: 0.157578ms
 183: 0.113470ms
 184: 0.053782ms
 185: 0.047393ms
 186: 0.061068ms
 187: 0.051839ms
 188: 0.128232ms
 189: 0.050646ms
 190: 0.046484ms
 191: 0.050280ms
 192: 0.049104ms
 193: 0.060974ms
 194: 0.050983ms
 195: 0.127224ms
 196: 0.055985ms
 197: 0.347027ms
 198: 0.046478ms
 199: 0.056461ms


Measurements
--------------------------
FFT Size            : 32^3
Threads             : 15
Batch               : 1
Iterations          : 200
Avg Tot Runtime     : 0.047115 ms
Runtime per batch   : 0.047115 ms
SD                  : 0.026770 ms
Q1                  : 0.040441 ms
Median              : 0.042470 ms
Q3                  : 0.045291 ms
