Expm 2: Streaming FFT

Printing individual runtimes:
 0: 0.208095ms
 1: 0.034555ms
 2: 0.020022ms
 3: 0.137753ms
 4: 0.020761ms
 5: 0.639052ms
 6: 0.019083ms
 7: 0.017424ms
 8: 0.025479ms
 9: 0.092977ms
 10: 0.018355ms
 11: 0.091525ms
 12: 0.017438ms
 13: 0.016136ms
 14: 0.017163ms
 15: 0.016373ms
 16: 0.016161ms
 17: 0.022525ms
 18: 0.018117ms
 19: 0.016309ms
 20: 0.085352ms
 21: 0.026366ms
 22: 0.119788ms
 23: 0.026729ms
 24: 0.024444ms
 25: 0.025475ms
 26: 0.016751ms
 27: 0.017592ms
 28: 0.025579ms
 29: 0.042844ms
 30: 0.017070ms
 31: 0.017665ms
 32: 0.098300ms
 33: 0.018011ms
 34: 0.031472ms
 35: 0.093209ms
 36: 0.017183ms
 37: 0.031543ms
 38: 0.016240ms
 39: 0.016472ms
 40: 0.032494ms
 41: 0.031895ms
 42: 0.016321ms
 43: 0.016221ms
 44: 0.016186ms
 45: 0.018044ms
 46: 0.016937ms
 47: 0.017086ms
 48: 0.017728ms
 49: 0.015849ms
 50: 0.016766ms
 51: 0.021018ms
 52: 0.015656ms
 53: 0.131888ms
 54: 0.017950ms
 55: 0.017611ms
 56: 0.104826ms
 57: 0.017289ms
 58: 0.015642ms
 59: 0.017270ms
 60: 0.091917ms
 61: 0.019990ms
 62: 0.016115ms
 63: 0.017356ms
 64: 0.017613ms
 65: 0.016733ms
 66: 0.020721ms
 67: 0.016417ms
 68: 0.017446ms
 69: 0.017478ms
 70: 0.016772ms
 71: 0.017789ms
 72: 0.016530ms
 73: 0.015700ms
 74: 0.018613ms
 75: 0.016093ms
 76: 0.016820ms
 77: 0.016566ms
 78: 0.016509ms
 79: 0.016531ms
 80: 0.021298ms
 81: 0.016648ms
 82: 0.016032ms
 83: 0.016350ms
 84: 0.017443ms
 85: 0.016760ms
 86: 0.016403ms
 87: 0.017070ms
 88: 0.016713ms
 89: 0.017157ms
 90: 0.017601ms
 91: 0.015912ms
 92: 0.020073ms
 93: 0.017542ms
 94: 0.112961ms
 95: 0.015943ms
 96: 0.016605ms
 97: 0.017667ms
 98: 0.017868ms
 99: 0.074935ms
 100: 0.033394ms
 101: 0.017011ms
 102: 0.017436ms
 103: 0.032277ms
 104: 0.016595ms
 105: 0.016812ms
 106: 0.017257ms
 107: 0.017681ms
 108: 0.017960ms
 109: 0.016673ms
 110: 0.016777ms
 111: 0.018533ms
 112: 0.017332ms
 113: 0.017413ms
 114: 0.015905ms
 115: 0.017733ms
 116: 0.024343ms
 117: 0.018493ms
 118: 0.018504ms
 119: 0.017049ms
 120: 0.017598ms
 121: 0.022780ms
 122: 0.017088ms
 123: 0.018087ms
 124: 0.017655ms
 125: 0.031398ms
 126: 0.031810ms
 127: 0.017242ms
 128: 0.017999ms
 129: 0.016739ms
 130: 0.016666ms
 131: 0.019576ms
 132: 0.015791ms
 133: 0.033581ms
 134: 0.019181ms
 135: 0.030741ms
 136: 0.015847ms
 137: 0.017238ms
 138: 0.017179ms
 139: 0.021775ms
 140: 0.016926ms
 141: 0.016674ms
 142: 0.025785ms
 143: 0.016542ms
 144: 0.017894ms
 145: 0.016839ms
 146: 0.017643ms
 147: 0.016391ms
 148: 0.017515ms
 149: 0.015500ms
 150: 0.016953ms
 151: 0.016519ms
 152: 0.027002ms
 153: 0.024879ms
 154: 0.017525ms
 155: 0.016267ms
 156: 0.017197ms
 157: 0.018313ms
 158: 0.020801ms
 159: 0.017504ms
 160: 0.016830ms
 161: 0.016749ms
 162: 0.018126ms
 163: 0.018291ms
 164: 0.017509ms
 165: 0.016421ms
 166: 0.018870ms
 167: 0.118145ms
 168: 0.016330ms
 169: 0.034367ms
 170: 0.017246ms
 171: 0.112666ms
 172: 0.018054ms
 173: 0.023600ms
 174: 0.016860ms
 175: 0.016712ms
 176: 0.017930ms
 177: 0.016839ms
 178: 0.033878ms
 179: 0.017210ms
 180: 0.016690ms
 181: 0.021124ms
 182: 0.015458ms
 183: 0.016604ms
 184: 0.016946ms
 185: 0.020886ms
 186: 0.017425ms
 187: 0.016479ms
 188: 0.031789ms
 189: 0.017191ms
 190: 0.017910ms
 191: 0.016702ms
 192: 0.016133ms
 193: 0.016738ms
 194: 0.017541ms
 195: 0.016424ms
 196: 0.032154ms
 197: 0.016796ms
 198: 0.015274ms
 199: 0.017183ms


-- Real : Q1: 50 Q2: 100 Q3: 150
-- Array: Q1: 49 Q2: 99 Q3: 149
Printing sorted runtimes:
 0: 0.016702ms
 1: 0.016648ms
 2: 0.015912ms
 3: 0.015274ms
 4: 0.016032ms
 5: 0.016115ms
 6: 0.016690ms
 7: 0.016330ms
 8: 0.015458ms
 9: 0.016421ms
 10: 0.015943ms
 11: 0.016424ms
 12: 0.016479ms
 13: 0.016136ms
 14: 0.016531ms
 15: 0.016373ms
 16: 0.016161ms
 17: 0.016267ms
 18: 0.016519ms
 19: 0.016309ms
 20: 0.016509ms
 21: 0.015500ms
 22: 0.016605ms
 23: 0.016391ms
 24: 0.016566ms
 25: 0.016542ms
 26: 0.015642ms
 27: 0.016674ms
 28: 0.016417ms
 29: 0.016133ms
 30: 0.016093ms
 31: 0.016350ms
 32: 0.016595ms
 33: 0.015847ms
 34: 0.016604ms
 35: 0.015791ms
 36: 0.015700ms
 37: 0.016666ms
 38: 0.016240ms
 39: 0.016472ms
 40: 0.016673ms
 41: 0.016530ms
 42: 0.016321ms
 43: 0.016221ms
 44: 0.016186ms
 45: 0.015656ms
 46: 0.015849ms
 47: 0.016403ms
 48: 0.015905ms
 49: 0.016712ms
 50: 0.016713ms
 51: 0.017210ms
 52: 0.016760ms
 53: 0.016739ms
 54: 0.016812ms
 55: 0.016839ms
 56: 0.016820ms
 57: 0.016777ms
 58: 0.016751ms
 59: 0.016738ms
 60: 0.016830ms
 61: 0.016749ms
 62: 0.016796ms
 63: 0.016766ms
 64: 0.016772ms
 65: 0.017157ms
 66: 0.016946ms
 67: 0.017011ms
 68: 0.017070ms
 69: 0.017086ms
 70: 0.016937ms
 71: 0.017049ms
 72: 0.017088ms
 73: 0.017183ms
 74: 0.017179ms
 75: 0.017070ms
 76: 0.016926ms
 77: 0.016839ms
 78: 0.016953ms
 79: 0.017163ms
 80: 0.016860ms
 81: 0.017183ms
 82: 0.017197ms
 83: 0.016733ms
 84: 0.017191ms
 85: 0.017289ms
 86: 0.017242ms
 87: 0.017270ms
 88: 0.017246ms
 89: 0.017238ms
 90: 0.017257ms
 91: 0.017446ms
 92: 0.017443ms
 93: 0.017332ms
 94: 0.017425ms
 95: 0.017413ms
 96: 0.017356ms
 97: 0.017438ms
 98: 0.017436ms
 99: 0.017424ms
 100: 0.017478ms
 101: 0.020073ms
 102: 0.017868ms
 103: 0.017667ms
 104: 0.017611ms
 105: 0.017525ms
 106: 0.017542ms
 107: 0.017681ms
 108: 0.017665ms
 109: 0.017541ms
 110: 0.017643ms
 111: 0.017894ms
 112: 0.017601ms
 113: 0.017613ms
 114: 0.017728ms
 115: 0.017733ms
 116: 0.017789ms
 117: 0.017504ms
 118: 0.017592ms
 119: 0.017655ms
 120: 0.017598ms
 121: 0.017509ms
 122: 0.017910ms
 123: 0.018087ms
 124: 0.018044ms
 125: 0.017960ms
 126: 0.017950ms
 127: 0.017930ms
 128: 0.017999ms
 129: 0.018011ms
 130: 0.018054ms
 131: 0.018117ms
 132: 0.019576ms
 133: 0.019083ms
 134: 0.019181ms
 135: 0.018126ms
 136: 0.018291ms
 137: 0.017515ms
 138: 0.018613ms
 139: 0.018355ms
 140: 0.020022ms
 141: 0.018504ms
 142: 0.018493ms
 143: 0.019990ms
 144: 0.018533ms
 145: 0.018313ms
 146: 0.018870ms
 147: 0.020761ms
 148: 0.020721ms
 149: 0.020801ms
 150: 0.020886ms
 151: 0.021298ms
 152: 0.021124ms
 153: 0.021018ms
 154: 0.026366ms
 155: 0.022525ms
 156: 0.026729ms
 157: 0.024444ms
 158: 0.025475ms
 159: 0.025785ms
 160: 0.025579ms
 161: 0.021775ms
 162: 0.024879ms
 163: 0.023600ms
 164: 0.022780ms
 165: 0.024343ms
 166: 0.027002ms
 167: 0.025479ms
 168: 0.030741ms
 169: 0.031398ms
 170: 0.032154ms
 171: 0.031472ms
 172: 0.031543ms
 173: 0.032494ms
 174: 0.031810ms
 175: 0.031895ms
 176: 0.032277ms
 177: 0.031789ms
 178: 0.033394ms
 179: 0.033878ms
 180: 0.112666ms
 181: 0.034367ms
 182: 0.118145ms
 183: 0.033581ms
 184: 0.208095ms
 185: 0.074935ms
 186: 0.112961ms
 187: 0.091917ms
 188: 0.104826ms
 189: 0.131888ms
 190: 0.093209ms
 191: 0.098300ms
 192: 0.042844ms
 193: 0.119788ms
 194: 0.085352ms
 195: 0.091525ms
 196: 0.092977ms
 197: 0.639052ms
 198: 0.137753ms
 199: 0.034555ms


Measurements
--------------------------
FFT Size            : 32^3
Threads             : 36
Batch               : 1
Iterations          : 200
Avg Tot Runtime     : 0.029273 ms
Runtime per batch   : 0.029273 ms
SD                  : 0.050536 ms
Q1                  : 0.016712 ms
Median              : 0.017451 ms
Q3                  : 0.020801 ms
