Expm 2: Streaming FFT

Printing individual runtimes:
 0: 0.199990ms
 1: 0.021088ms
 2: 0.033363ms
 3: 0.191601ms
 4: 0.020203ms
 5: 0.545599ms
 6: 0.024806ms
 7: 0.016193ms
 8: 0.030554ms
 9: 0.079289ms
 10: 0.015561ms
 11: 0.115074ms
 12: 0.024272ms
 13: 0.016087ms
 14: 0.095536ms
 15: 0.017558ms
 16: 0.102686ms
 17: 0.015892ms
 18: 0.016579ms
 19: 0.075704ms
 20: 0.016961ms
 21: 0.131259ms
 22: 0.017523ms
 23: 0.031569ms
 24: 0.099134ms
 25: 0.017072ms
 26: 0.016069ms
 27: 0.095064ms
 28: 0.018109ms
 29: 0.018052ms
 30: 0.016131ms
 31: 0.082725ms
 32: 0.016422ms
 33: 0.016731ms
 34: 0.017224ms
 35: 0.128650ms
 36: 0.033364ms
 37: 0.015988ms
 38: 0.016840ms
 39: 0.031959ms
 40: 0.016716ms
 41: 0.015529ms
 42: 0.016753ms
 43: 0.017504ms
 44: 0.016476ms
 45: 0.038447ms
 46: 0.018169ms
 47: 0.077897ms
 48: 0.016359ms
 49: 0.017424ms
 50: 0.033440ms
 51: 0.019011ms
 52: 0.016825ms
 53: 0.102618ms
 54: 0.030262ms
 55: 0.016922ms
 56: 0.016496ms
 57: 0.015768ms
 58: 0.017069ms
 59: 0.017936ms
 60: 0.016762ms
 61: 0.016195ms
 62: 0.016870ms
 63: 0.016893ms
 64: 0.015803ms
 65: 0.016241ms
 66: 0.016725ms
 67: 0.016022ms
 68: 0.016461ms
 69: 0.016953ms
 70: 0.016758ms
 71: 0.016267ms
 72: 0.016298ms
 73: 0.016985ms
 74: 0.015335ms
 75: 0.016212ms
 76: 0.016184ms
 77: 0.082245ms
 78: 0.016749ms
 79: 0.015398ms
 80: 0.016493ms
 81: 0.017680ms
 82: 0.117337ms
 83: 0.016252ms
 84: 0.016621ms
 85: 0.030594ms
 86: 0.015995ms
 87: 0.016553ms
 88: 0.016230ms
 89: 0.015786ms
 90: 0.015195ms
 91: 0.016696ms
 92: 0.016469ms
 93: 0.016906ms
 94: 0.021890ms
 95: 0.015757ms
 96: 0.016536ms
 97: 0.016516ms
 98: 0.017866ms
 99: 0.016500ms
 100: 0.016436ms
 101: 0.016500ms
 102: 0.017277ms
 103: 0.030772ms
 104: 0.016538ms
 105: 0.017107ms
 106: 0.017243ms
 107: 0.016261ms
 108: 0.017150ms
 109: 0.016504ms
 110: 0.015421ms
 111: 0.033359ms
 112: 0.016652ms
 113: 0.031644ms
 114: 0.015495ms
 115: 0.015537ms
 116: 0.015345ms
 117: 0.091809ms
 118: 0.016622ms
 119: 0.015368ms
 120: 0.018201ms
 121: 0.015797ms
 122: 0.017171ms
 123: 0.016968ms
 124: 0.019005ms
 125: 0.015443ms
 126: 0.017656ms
 127: 0.015568ms
 128: 0.016211ms
 129: 0.016015ms
 130: 0.015883ms
 131: 0.017565ms
 132: 0.029928ms
 133: 0.016052ms
 134: 0.016076ms
 135: 0.015439ms
 136: 0.017518ms
 137: 0.031946ms
 138: 0.015601ms
 139: 0.015939ms
 140: 0.016443ms
 141: 0.017627ms
 142: 0.016721ms
 143: 0.035486ms
 144: 0.016190ms
 145: 0.020453ms
 146: 0.015388ms
 147: 0.017471ms
 148: 0.025336ms
 149: 0.015412ms
 150: 0.016197ms
 151: 0.015848ms
 152: 0.016251ms
 153: 0.015590ms
 154: 0.015929ms
 155: 0.015715ms
 156: 0.015964ms
 157: 0.016326ms
 158: 0.141175ms
 159: 0.016727ms
 160: 0.017160ms
 161: 0.015638ms
 162: 0.031670ms
 163: 0.015157ms
 164: 0.016498ms
 165: 0.015501ms
 166: 0.015990ms
 167: 0.015394ms
 168: 0.096630ms
 169: 0.016949ms
 170: 0.017690ms
 171: 0.017558ms
 172: 0.016033ms
 173: 0.016891ms
 174: 0.015532ms
 175: 0.032747ms
 176: 0.016917ms
 177: 0.025737ms
 178: 0.025843ms
 179: 0.014942ms
 180: 0.015803ms
 181: 0.015778ms
 182: 0.015298ms
 183: 0.016450ms
 184: 0.015453ms
 185: 0.016842ms
 186: 0.016386ms
 187: 0.018176ms
 188: 0.016405ms
 189: 0.017126ms
 190: 0.022977ms
 191: 0.025033ms
 192: 0.017828ms
 193: 0.015226ms
 194: 0.016325ms
 195: 0.031297ms
 196: 0.015339ms
 197: 0.017229ms
 198: 0.018778ms
 199: 0.015990ms


-- Real : Q1: 50 Q2: 100 Q3: 150
-- Array: Q1: 49 Q2: 99 Q3: 149
Printing sorted runtimes:
 0: 0.015988ms
 1: 0.015335ms
 2: 0.015339ms
 3: 0.015398ms
 4: 0.015226ms
 5: 0.015803ms
 6: 0.015786ms
 7: 0.015195ms
 8: 0.015453ms
 9: 0.015298ms
 10: 0.015561ms
 11: 0.015778ms
 12: 0.015803ms
 13: 0.015757ms
 14: 0.014942ms
 15: 0.015532ms
 16: 0.015768ms
 17: 0.015892ms
 18: 0.015394ms
 19: 0.015421ms
 20: 0.015501ms
 21: 0.015157ms
 22: 0.015638ms
 23: 0.015495ms
 24: 0.015964ms
 25: 0.015715ms
 26: 0.015537ms
 27: 0.015929ms
 28: 0.015590ms
 29: 0.015345ms
 30: 0.015368ms
 31: 0.015848ms
 32: 0.015797ms
 33: 0.015443ms
 34: 0.015412ms
 35: 0.015388ms
 36: 0.015568ms
 37: 0.015883ms
 38: 0.015939ms
 39: 0.015601ms
 40: 0.015439ms
 41: 0.015529ms
 42: 0.016052ms
 43: 0.015990ms
 44: 0.016022ms
 45: 0.016015ms
 46: 0.015995ms
 47: 0.016033ms
 48: 0.015990ms
 49: 0.016069ms
 50: 0.016076ms
 51: 0.016476ms
 52: 0.016184ms
 53: 0.016195ms
 54: 0.016193ms
 55: 0.016087ms
 56: 0.016190ms
 57: 0.016261ms
 58: 0.016359ms
 59: 0.016326ms
 60: 0.016386ms
 61: 0.016197ms
 62: 0.016230ms
 63: 0.016211ms
 64: 0.016405ms
 65: 0.016241ms
 66: 0.016252ms
 67: 0.016436ms
 68: 0.016325ms
 69: 0.016251ms
 70: 0.016212ms
 71: 0.016267ms
 72: 0.016298ms
 73: 0.016422ms
 74: 0.016131ms
 75: 0.016443ms
 76: 0.016469ms
 77: 0.016450ms
 78: 0.016461ms
 79: 0.016538ms
 80: 0.016493ms
 81: 0.016498ms
 82: 0.016504ms
 83: 0.016496ms
 84: 0.016500ms
 85: 0.016500ms
 86: 0.016516ms
 87: 0.016536ms
 88: 0.016716ms
 89: 0.016621ms
 90: 0.016579ms
 91: 0.016696ms
 92: 0.016622ms
 93: 0.016553ms
 94: 0.016652ms
 95: 0.016731ms
 96: 0.016721ms
 97: 0.016725ms
 98: 0.016727ms
 99: 0.016749ms
 100: 0.016753ms
 101: 0.017229ms
 102: 0.016762ms
 103: 0.016961ms
 104: 0.016949ms
 105: 0.017107ms
 106: 0.016985ms
 107: 0.016893ms
 108: 0.016870ms
 109: 0.016842ms
 110: 0.016922ms
 111: 0.017126ms
 112: 0.017069ms
 113: 0.016840ms
 114: 0.016891ms
 115: 0.017072ms
 116: 0.016825ms
 117: 0.016906ms
 118: 0.016953ms
 119: 0.016968ms
 120: 0.016917ms
 121: 0.017150ms
 122: 0.017171ms
 123: 0.017224ms
 124: 0.017160ms
 125: 0.016758ms
 126: 0.018176ms
 127: 0.018109ms
 128: 0.017424ms
 129: 0.017243ms
 130: 0.018169ms
 131: 0.017565ms
 132: 0.018052ms
 133: 0.017504ms
 134: 0.017523ms
 135: 0.017656ms
 136: 0.017518ms
 137: 0.017828ms
 138: 0.017680ms
 139: 0.017866ms
 140: 0.017277ms
 141: 0.017627ms
 142: 0.017690ms
 143: 0.017936ms
 144: 0.017558ms
 145: 0.017471ms
 146: 0.017558ms
 147: 0.019005ms
 148: 0.018201ms
 149: 0.018778ms
 150: 0.019011ms
 151: 0.020203ms
 152: 0.020453ms
 153: 0.021088ms
 154: 0.095064ms
 155: 0.102618ms
 156: 0.099134ms
 157: 0.031569ms
 158: 0.141175ms
 159: 0.030262ms
 160: 0.031644ms
 161: 0.082725ms
 162: 0.031670ms
 163: 0.131259ms
 164: 0.033359ms
 165: 0.030772ms
 166: 0.075704ms
 167: 0.199990ms
 168: 0.096630ms
 169: 0.091809ms
 170: 0.025336ms
 171: 0.128650ms
 172: 0.102686ms
 173: 0.021890ms
 174: 0.033364ms
 175: 0.032747ms
 176: 0.035486ms
 177: 0.025737ms
 178: 0.025843ms
 179: 0.095536ms
 180: 0.024272ms
 181: 0.115074ms
 182: 0.079289ms
 183: 0.030594ms
 184: 0.030554ms
 185: 0.117337ms
 186: 0.024806ms
 187: 0.033440ms
 188: 0.545599ms
 189: 0.031959ms
 190: 0.022977ms
 191: 0.025033ms
 192: 0.031946ms
 193: 0.077897ms
 194: 0.191601ms
 195: 0.031297ms
 196: 0.033363ms
 197: 0.082245ms
 198: 0.029928ms
 199: 0.038447ms


Measurements
--------------------------
FFT Size            : 32^3
Threads             : 34
Batch               : 1
Iterations          : 200
Avg Tot Runtime     : 0.029914 ms
Runtime per batch   : 0.029914 ms
SD                  : 0.046949 ms
Q1                  : 0.016069 ms
Median              : 0.016751 ms
Q3                  : 0.018778 ms
