Expm 2: Streaming FFTW
FFTW Plan: Patient
-- Cannot import wisdom from ../../wisdom/singlenode/all/191/fftw_191_t36_b1.patient
-- Exporting wisdom file to ../../wisdom/singlenode/all/191/fftw_191_t36_b1.patient
Iteration: 0, 1, 2, 3, 4, 5, 6, 7, 8, 9, 10, 11, 12, 13, 14, 15, 16, 17, 18, 19, 20, 21, 22, 23, 24, 25, 26, 27, 28, 29, 30, 31, 32, 33, 34, 35, 36, 37, 38, 39, 40, 41, 42, 43, 44, 45, 46, 47, 48, 49, 
Printing individual runtimes:
 0: 8.932538ms
 1: 8.976832ms
 2: 8.959064ms
 3: 9.103159ms
 4: 9.042267ms
 5: 9.101745ms
 6: 9.501857ms
 7: 8.998931ms
 8: 8.937986ms
 9: 9.688034ms
 10: 10.026333ms
 11: 13.928584ms
 12: 9.277484ms
 13: 9.239968ms
 14: 9.126739ms
 15: 10.800725ms
 16: 9.900264ms
 17: 9.161856ms
 18: 9.018118ms
 19: 9.176250ms
 20: 8.949501ms
 21: 9.078232ms
 22: 8.981557ms
 23: 9.892047ms
 24: 9.104334ms
 25: 8.990194ms
 26: 9.047355ms
 27: 9.028213ms
 28: 9.739193ms
 29: 9.127331ms
 30: 9.042348ms
 31: 8.946795ms
 32: 8.999598ms
 33: 8.953242ms
 34: 8.964572ms
 35: 9.161360ms
 36: 9.239941ms
 37: 9.084558ms
 38: 9.032897ms
 39: 8.971811ms
 40: 8.959527ms
 41: 9.056775ms
 42: 8.956455ms
 43: 8.998370ms
 44: 8.987520ms
 45: 9.016047ms
 46: 8.963999ms
 47: 9.420786ms
 48: 8.951784ms
 49: 9.030357ms


Measurements
--------------------------
FFT Size            : 191^3
Threads             : 36
Batch               : 1
Iterations          : 50
Avg Tot Runtime     : 9.271509 ms
Runtime per batch   : 9.271509 ms
SD                  : 0.752985 ms
Throughput          : 0.794337 GFLOPs
Plan Time           : 141.081868 sec
