Expm 2: Streaming FFTW
FFTW Plan: Patient
-- Cannot import wisdom from ../../wisdom/singlenode/all/191/fftw_191_t38_b1.patient
-- Exporting wisdom file to ../../wisdom/singlenode/all/191/fftw_191_t38_b1.patient
Iteration: 0, 1, 2, 3, 4, 5, 6, 7, 8, 9, 10, 11, 12, 13, 14, 15, 16, 17, 18, 19, 20, 21, 22, 23, 24, 25, 26, 27, 28, 29, 30, 31, 32, 33, 34, 35, 36, 37, 38, 39, 40, 41, 42, 43, 44, 45, 46, 47, 48, 49, 
Printing individual runtimes:
 0: 9.367144ms
 1: 9.682203ms
 2: 13.343570ms
 3: 9.344952ms
 4: 9.154030ms
 5: 15.884999ms
 6: 17.816410ms
 7: 8.742282ms
 8: 8.600725ms
 9: 9.275051ms
 10: 10.130039ms
 11: 10.848967ms
 12: 8.533951ms
 13: 9.053481ms
 14: 10.372403ms
 15: 8.771367ms
 16: 8.024253ms
 17: 9.388635ms
 18: 9.068992ms
 19: 9.771296ms
 20: 8.980340ms
 21: 9.826686ms
 22: 10.076506ms
 23: 9.174723ms
 24: 14.524399ms
 25: 17.691087ms
 26: 15.271213ms
 27: 7.977172ms
 28: 8.207355ms
 29: 9.032490ms
 30: 8.849515ms
 31: 8.943404ms
 32: 8.606905ms
 33: 8.264006ms
 34: 8.608387ms
 35: 10.104229ms
 36: 8.398101ms
 37: 8.291590ms
 38: 9.251770ms
 39: 9.508166ms
 40: 9.195899ms
 41: 8.523853ms
 42: 8.584354ms
 43: 8.554855ms
 44: 8.803599ms
 45: 10.999789ms
 46: 8.609033ms
 47: 8.583309ms
 48: 8.222002ms
 49: 8.907602ms


Measurements
--------------------------
FFT Size            : 191^3
Threads             : 38
Batch               : 1
Iterations          : 50
Avg Tot Runtime     : 9.874942 ms
Runtime per batch   : 9.874942 ms
SD                  : 2.337292 ms
Throughput          : 0.794337 GFLOPs
Plan Time           : 143.768340 sec
