Expm 2: Streaming FFTW
FFTW Plan: Patient
-- Cannot import wisdom from ../../wisdom/singlenode/all/448/fftw_448_t37_b1.patient
-- Exporting wisdom file to ../../wisdom/singlenode/all/448/fftw_448_t37_b1.patient
Iteration: 0, 1, 2, 3, 4, 5, 6, 7, 8, 9, 10, 11, 12, 13, 14, 15, 16, 17, 18, 19, 20, 21, 22, 23, 24, 25, 26, 27, 28, 29, 30, 31, 32, 33, 34, 35, 36, 37, 38, 39, 40, 41, 42, 43, 44, 45, 46, 47, 48, 49, 
Printing individual runtimes:
 0: 63.962722ms
 1: 64.091577ms
 2: 69.142192ms
 3: 85.229886ms
 4: 66.607851ms
 5: 74.818075ms
 6: 86.882072ms
 7: 66.040743ms
 8: 80.137591ms
 9: 78.026894ms
 10: 55.884657ms
 11: 57.125630ms
 12: 69.736697ms
 13: 74.756969ms
 14: 55.579665ms
 15: 62.689480ms
 16: 56.294043ms
 17: 54.999387ms
 18: 55.587031ms
 19: 63.634657ms
 20: 54.871373ms
 21: 55.234881ms
 22: 55.664623ms
 23: 54.826205ms
 24: 54.785285ms
 25: 58.187280ms
 26: 50.974502ms
 27: 51.075876ms
 28: 52.439741ms
 29: 49.729087ms
 30: 50.139967ms
 31: 50.698487ms
 32: 50.533355ms
 33: 53.104537ms
 34: 51.242948ms
 35: 52.420218ms
 36: 51.748153ms
 37: 51.401469ms
 38: 50.851165ms
 39: 50.558189ms
 40: 50.530431ms
 41: 52.996923ms
 42: 52.964096ms
 43: 76.921117ms
 44: 55.372740ms
 45: 58.029854ms
 46: 56.671613ms
 47: 56.013475ms
 48: 56.049963ms
 49: 56.419775ms


Measurements
--------------------------
FFT Size            : 448^3
Threads             : 37
Batch               : 1
Iterations          : 50
Avg Tot Runtime     : 59.273703 ms
Runtime per batch   : 59.273703 ms
SD                  : 9.683985 ms
Throughput          : 1.443863 GFLOPs
Plan Time           : 889.864356 sec
