Expm 2: Streaming FFTW
FFTW Plan: Patient
-- Cannot import wisdom from ../../wisdom/singlenode/all/653/fftw_653_t37_b1.patient
-- Exporting wisdom file to ../../wisdom/singlenode/all/653/fftw_653_t37_b1.patient
Iteration: 0, 1, 2, 3, 4, 5, 6, 7, 8, 9, 10, 11, 12, 13, 14, 15, 16, 17, 18, 19, 20, 21, 22, 23, 24, 25, 26, 27, 28, 29, 30, 31, 32, 33, 34, 35, 36, 37, 38, 39, 40, 41, 42, 43, 44, 45, 46, 47, 48, 49, 
Printing individual runtimes:
 0: 594.245785ms
 1: 570.222216ms
 2: 608.769119ms
 3: 615.819744ms
 4: 607.155023ms
 5: 1021.826128ms
 6: 888.890306ms
 7: 624.473053ms
 8: 623.877184ms
 9: 626.986923ms
 10: 993.121052ms
 11: 890.517144ms
 12: 609.515899ms
 13: 612.197876ms
 14: 609.363741ms
 15: 609.979466ms
 16: 608.212370ms
 17: 587.575306ms
 18: 611.778119ms
 19: 721.844240ms
 20: 979.340066ms
 21: 612.069076ms
 22: 610.736200ms
 23: 612.334312ms
 24: 607.022208ms
 25: 609.548416ms
 26: 629.657345ms
 27: 595.050095ms
 28: 608.132184ms
 29: 608.849021ms
 30: 608.411774ms
 31: 609.486707ms
 32: 684.621946ms
 33: 1044.169428ms
 34: 969.995639ms
 35: 612.011784ms
 36: 609.796778ms
 37: 610.702907ms
 38: 610.725529ms
 39: 603.519952ms
 40: 609.135471ms
 41: 611.899331ms
 42: 606.720873ms
 43: 611.339843ms
 44: 610.001244ms
 45: 611.070503ms
 46: 607.722342ms
 47: 608.761563ms
 48: 608.246414ms
 49: 579.933415ms


Measurements
--------------------------
FFT Size            : 653^3
Threads             : 37
Batch               : 1
Iterations          : 50
Avg Tot Runtime     : 662.747661 ms
Runtime per batch   : 662.747661 ms
SD                  : 127.359415 ms
Throughput          : 55.922688 GFLOPs
Plan Time           : 635.124769 sec
