Expm 2: Streaming FFT

Printing individual runtimes:
 0: 0.523764ms
 1: 0.039459ms
 2: 0.035356ms
 3: 0.102958ms
 4: 0.027368ms
 5: 0.027928ms
 6: 0.049490ms
 7: 0.037491ms
 8: 0.037261ms
 9: 0.028588ms
 10: 0.105363ms
 11: 0.029150ms
 12: 0.035541ms
 13: 0.034286ms
 14: 0.117365ms
 15: 0.037380ms
 16: 0.027986ms
 17: 0.054156ms
 18: 0.028120ms
 19: 0.026852ms
 20: 0.026820ms
 21: 0.122551ms
 22: 0.036574ms
 23: 0.026749ms
 24: 0.036021ms
 25: 0.026578ms
 26: 0.035121ms
 27: 0.110170ms
 28: 0.028248ms
 29: 0.027714ms
 30: 0.026375ms
 31: 0.037031ms
 32: 0.106656ms
 33: 0.038353ms
 34: 0.037164ms
 35: 0.025560ms
 36: 0.026375ms
 37: 0.027663ms
 38: 0.025403ms
 39: 0.111498ms
 40: 0.026826ms
 41: 0.045037ms
 42: 0.042994ms
 43: 0.026183ms
 44: 0.026305ms
 45: 0.035920ms
 46: 0.035294ms
 47: 0.040480ms
 48: 0.118162ms
 49: 0.028560ms
 50: 0.028689ms
 51: 0.025894ms
 52: 0.038205ms
 53: 0.037666ms
 54: 0.027961ms
 55: 0.036290ms
 56: 0.034126ms
 57: 0.026379ms
 58: 0.037225ms
 59: 0.025624ms
 60: 0.027153ms
 61: 0.026601ms
 62: 0.110952ms
 63: 0.038058ms
 64: 0.035376ms
 65: 0.047240ms
 66: 0.045954ms
 67: 0.037633ms
 68: 0.028655ms
 69: 0.037217ms
 70: 0.033584ms
 71: 0.041812ms
 72: 0.057072ms
 73: 0.029016ms
 74: 0.036447ms
 75: 0.037659ms
 76: 0.035942ms
 77: 0.025803ms
 78: 0.027506ms
 79: 0.049716ms
 80: 0.048753ms
 81: 0.112039ms
 82: 0.036224ms
 83: 0.040273ms
 84: 0.027460ms
 85: 0.027149ms
 86: 0.033562ms
 87: 0.037428ms
 88: 0.027213ms
 89: 0.037310ms
 90: 0.047325ms
 91: 0.048176ms
 92: 0.036069ms
 93: 0.033997ms
 94: 0.117646ms
 95: 0.027766ms
 96: 0.036924ms
 97: 0.027963ms
 98: 0.026957ms
 99: 0.036654ms
 100: 0.025965ms
 101: 0.033807ms
 102: 0.037481ms
 103: 0.026422ms
 104: 0.035169ms
 105: 0.026447ms
 106: 0.029518ms
 107: 0.034919ms
 108: 0.027699ms
 109: 0.026320ms
 110: 0.036553ms
 111: 0.033142ms
 112: 0.035370ms
 113: 0.044961ms
 114: 0.032584ms
 115: 0.041507ms
 116: 0.101072ms
 117: 0.037167ms
 118: 0.036104ms
 119: 0.041855ms
 120: 0.026168ms
 121: 0.047882ms
 122: 0.040626ms
 123: 0.026058ms
 124: 0.034903ms
 125: 0.046333ms
 126: 0.033513ms
 127: 0.036285ms
 128: 0.026776ms
 129: 0.027590ms
 130: 0.027053ms
 131: 0.034173ms
 132: 0.046248ms
 133: 0.025754ms
 134: 0.038769ms
 135: 0.035665ms
 136: 0.034993ms
 137: 0.035857ms
 138: 0.047683ms
 139: 0.027234ms
 140: 0.032178ms
 141: 0.046029ms
 142: 0.034322ms
 143: 0.102811ms
 144: 0.032696ms
 145: 0.026837ms
 146: 0.025721ms
 147: 0.040954ms
 148: 0.032875ms
 149: 0.036480ms
 150: 0.035015ms
 151: 0.035513ms
 152: 0.038088ms
 153: 0.037224ms
 154: 0.028853ms
 155: 0.033396ms
 156: 0.046590ms
 157: 0.035773ms
 158: 0.035217ms
 159: 0.034637ms
 160: 0.036055ms
 161: 0.033958ms
 162: 0.033203ms
 163: 0.045691ms
 164: 0.034612ms
 165: 0.027864ms
 166: 0.034718ms
 167: 0.034392ms
 168: 0.037823ms
 169: 0.043630ms
 170: 0.028746ms
 171: 0.045334ms
 172: 0.104612ms
 173: 0.027241ms
 174: 0.028305ms
 175: 0.030387ms
 176: 0.024839ms
 177: 0.027497ms
 178: 0.026342ms
 179: 0.036815ms
 180: 0.046300ms
 181: 0.044533ms
 182: 0.026642ms
 183: 0.026257ms
 184: 0.035481ms
 185: 0.026349ms
 186: 0.031779ms
 187: 0.036453ms
 188: 0.028612ms
 189: 0.035680ms
 190: 0.032165ms
 191: 0.025569ms
 192: 0.044662ms
 193: 0.037786ms
 194: 0.037543ms
 195: 0.027433ms
 196: 0.045235ms
 197: 0.043615ms
 198: 0.026029ms
 199: 0.027759ms


-- Real : Q1: 50 Q2: 100 Q3: 150
-- Array: Q1: 49 Q2: 99 Q3: 149
Printing sorted runtimes:
 0: 0.027759ms
 1: 0.026029ms
 2: 0.027433ms
 3: 0.025569ms
 4: 0.027368ms
 5: 0.026349ms
 6: 0.026257ms
 7: 0.026642ms
 8: 0.026342ms
 9: 0.027497ms
 10: 0.024839ms
 11: 0.027241ms
 12: 0.025721ms
 13: 0.026837ms
 14: 0.027234ms
 15: 0.025754ms
 16: 0.027053ms
 17: 0.027590ms
 18: 0.026776ms
 19: 0.026852ms
 20: 0.026820ms
 21: 0.026058ms
 22: 0.026168ms
 23: 0.026749ms
 24: 0.026320ms
 25: 0.026578ms
 26: 0.027699ms
 27: 0.026447ms
 28: 0.026422ms
 29: 0.027714ms
 30: 0.026375ms
 31: 0.025965ms
 32: 0.026957ms
 33: 0.027213ms
 34: 0.027149ms
 35: 0.025560ms
 36: 0.026375ms
 37: 0.027663ms
 38: 0.025403ms
 39: 0.027460ms
 40: 0.026826ms
 41: 0.027506ms
 42: 0.025803ms
 43: 0.026183ms
 44: 0.026305ms
 45: 0.026601ms
 46: 0.027153ms
 47: 0.025624ms
 48: 0.026379ms
 49: 0.025894ms
 50: 0.027766ms
 51: 0.030387ms
 52: 0.028305ms
 53: 0.027963ms
 54: 0.027961ms
 55: 0.028560ms
 56: 0.028248ms
 57: 0.027928ms
 58: 0.027986ms
 59: 0.028120ms
 60: 0.028689ms
 61: 0.028588ms
 62: 0.028853ms
 63: 0.028746ms
 64: 0.029150ms
 65: 0.028612ms
 66: 0.029016ms
 67: 0.028655ms
 68: 0.029518ms
 69: 0.027864ms
 70: 0.033807ms
 71: 0.033584ms
 72: 0.033203ms
 73: 0.031779ms
 74: 0.033142ms
 75: 0.032584ms
 76: 0.033513ms
 77: 0.033396ms
 78: 0.033562ms
 79: 0.032178ms
 80: 0.032875ms
 81: 0.032165ms
 82: 0.032696ms
 83: 0.034612ms
 84: 0.034286ms
 85: 0.034322ms
 86: 0.034126ms
 87: 0.033958ms
 88: 0.034173ms
 89: 0.034392ms
 90: 0.033997ms
 91: 0.035015ms
 92: 0.034903ms
 93: 0.034718ms
 94: 0.034637ms
 95: 0.034993ms
 96: 0.034919ms
 97: 0.035169ms
 98: 0.035121ms
 99: 0.035217ms
 100: 0.035294ms
 101: 0.037543ms
 102: 0.037481ms
 103: 0.037217ms
 104: 0.036654ms
 105: 0.035920ms
 106: 0.036290ms
 107: 0.036924ms
 108: 0.035376ms
 109: 0.036021ms
 110: 0.036553ms
 111: 0.036453ms
 112: 0.035370ms
 113: 0.035356ms
 114: 0.036069ms
 115: 0.036055ms
 116: 0.035481ms
 117: 0.037167ms
 118: 0.036104ms
 119: 0.036447ms
 120: 0.036574ms
 121: 0.037491ms
 122: 0.035773ms
 123: 0.035942ms
 124: 0.037224ms
 125: 0.035680ms
 126: 0.037310ms
 127: 0.036285ms
 128: 0.035513ms
 129: 0.037031ms
 130: 0.037225ms
 131: 0.036480ms
 132: 0.035541ms
 133: 0.037380ms
 134: 0.036224ms
 135: 0.035665ms
 136: 0.037428ms
 137: 0.035857ms
 138: 0.036815ms
 139: 0.037261ms
 140: 0.037164ms
 141: 0.038088ms
 142: 0.037659ms
 143: 0.038058ms
 144: 0.037786ms
 145: 0.037666ms
 146: 0.037823ms
 147: 0.037633ms
 148: 0.038353ms
 149: 0.038205ms
 150: 0.038769ms
 151: 0.039459ms
 152: 0.040273ms
 153: 0.045235ms
 154: 0.045037ms
 155: 0.042994ms
 156: 0.044533ms
 157: 0.040626ms
 158: 0.040480ms
 159: 0.041855ms
 160: 0.041507ms
 161: 0.045954ms
 162: 0.044961ms
 163: 0.045691ms
 164: 0.041812ms
 165: 0.046300ms
 166: 0.043615ms
 167: 0.040954ms
 168: 0.046248ms
 169: 0.043630ms
 170: 0.044662ms
 171: 0.045334ms
 172: 0.046029ms
 173: 0.046333ms
 174: 0.104612ms
 175: 0.046590ms
 176: 0.105363ms
 177: 0.102811ms
 178: 0.117365ms
 179: 0.047683ms
 180: 0.054156ms
 181: 0.122551ms
 182: 0.047882ms
 183: 0.049490ms
 184: 0.101072ms
 185: 0.110170ms
 186: 0.106656ms
 187: 0.117646ms
 188: 0.048176ms
 189: 0.047325ms
 190: 0.111498ms
 191: 0.102958ms
 192: 0.112039ms
 193: 0.048753ms
 194: 0.049716ms
 195: 0.057072ms
 196: 0.047240ms
 197: 0.110952ms
 198: 0.118162ms
 199: 0.523764ms


Measurements
--------------------------
FFT Size            : 36^3
Threads             : 20
Batch               : 1
Iterations          : 200
Avg Tot Runtime     : 0.042037 ms
Runtime per batch   : 0.042037 ms
SD                  : 0.039861 ms
Q1                  : 0.025894 ms
Median              : 0.035255 ms
Q3                  : 0.038205 ms
