Expm 2: Streaming FFT

Printing individual runtimes:
 0: 0.112799ms
 1: 0.026285ms
 2: 0.024701ms
 3: 0.064263ms
 4: 0.027204ms
 5: 0.071819ms
 6: 0.027246ms
 7: 0.108939ms
 8: 0.037311ms
 9: 0.027233ms
 10: 0.027851ms
 11: 0.039798ms
 12: 0.024665ms
 13: 0.048412ms
 14: 0.095032ms
 15: 0.037012ms
 16: 0.039095ms
 17: 0.038607ms
 18: 0.025323ms
 19: 0.027590ms
 20: 0.025788ms
 21: 0.044586ms
 22: 0.025446ms
 23: 0.028867ms
 24: 0.037960ms
 25: 0.036012ms
 26: 0.038059ms
 27: 0.028501ms
 28: 0.024020ms
 29: 0.024866ms
 30: 0.025205ms
 31: 0.035720ms
 32: 0.038202ms
 33: 0.037983ms
 34: 0.037127ms
 35: 0.098408ms
 36: 0.027135ms
 37: 0.028649ms
 38: 0.038046ms
 39: 0.028467ms
 40: 0.029779ms
 41: 0.039015ms
 42: 0.038523ms
 43: 0.025868ms
 44: 0.036384ms
 45: 0.027080ms
 46: 0.024424ms
 47: 0.027616ms
 48: 0.034945ms
 49: 0.027607ms
 50: 0.038573ms
 51: 0.025416ms
 52: 0.106387ms
 53: 0.040941ms
 54: 0.025349ms
 55: 0.036386ms
 56: 0.027844ms
 57: 0.027057ms
 58: 0.029007ms
 59: 0.027989ms
 60: 0.028553ms
 61: 0.027234ms
 62: 0.027460ms
 63: 0.026549ms
 64: 0.036784ms
 65: 0.040834ms
 66: 0.028812ms
 67: 0.026113ms
 68: 0.025360ms
 69: 0.026701ms
 70: 0.025480ms
 71: 0.027398ms
 72: 0.026631ms
 73: 0.219362ms
 74: 0.025917ms
 75: 0.025651ms
 76: 0.028912ms
 77: 0.037549ms
 78: 0.046097ms
 79: 0.025566ms
 80: 0.028758ms
 81: 0.040093ms
 82: 0.092458ms
 83: 0.029179ms
 84: 0.026765ms
 85: 0.103774ms
 86: 0.026415ms
 87: 0.039096ms
 88: 0.029599ms
 89: 0.026205ms
 90: 0.026404ms
 91: 0.039644ms
 92: 0.027248ms
 93: 0.040807ms
 94: 0.040191ms
 95: 0.033878ms
 96: 0.038720ms
 97: 0.028285ms
 98: 0.037187ms
 99: 0.044466ms
 100: 0.026950ms
 101: 0.027540ms
 102: 0.029054ms
 103: 0.029816ms
 104: 0.030613ms
 105: 0.040354ms
 106: 0.038233ms
 107: 0.027204ms
 108: 0.026606ms
 109: 0.029138ms
 110: 0.026817ms
 111: 0.027714ms
 112: 0.026203ms
 113: 0.039228ms
 114: 0.029529ms
 115: 0.026905ms
 116: 0.027531ms
 117: 0.026530ms
 118: 0.027416ms
 119: 0.026648ms
 120: 0.028263ms
 121: 0.025772ms
 122: 0.025547ms
 123: 0.027177ms
 124: 0.039262ms
 125: 0.026529ms
 126: 0.029333ms
 127: 0.040012ms
 128: 0.026583ms
 129: 0.025562ms
 130: 0.026334ms
 131: 0.027072ms
 132: 0.029551ms
 133: 0.027098ms
 134: 0.039619ms
 135: 0.034844ms
 136: 0.025777ms
 137: 0.025551ms
 138: 0.026442ms
 139: 0.026195ms
 140: 0.025431ms
 141: 0.106205ms
 142: 0.027691ms
 143: 0.027011ms
 144: 0.024401ms
 145: 0.028032ms
 146: 0.026094ms
 147: 0.037273ms
 148: 0.026122ms
 149: 0.030323ms
 150: 0.026726ms
 151: 0.024754ms
 152: 0.037033ms
 153: 0.036571ms
 154: 0.029457ms
 155: 0.037913ms
 156: 0.027189ms
 157: 0.027695ms
 158: 0.026838ms
 159: 0.027679ms
 160: 0.027239ms
 161: 0.025486ms
 162: 0.024450ms
 163: 0.029747ms
 164: 0.026342ms
 165: 0.025555ms
 166: 0.027009ms
 167: 0.026256ms
 168: 0.038138ms
 169: 0.028167ms
 170: 0.026695ms
 171: 0.027743ms
 172: 0.028151ms
 173: 0.039891ms
 174: 0.037946ms
 175: 0.028012ms
 176: 0.024660ms
 177: 0.037127ms
 178: 0.025042ms
 179: 0.027646ms
 180: 0.026864ms
 181: 0.025068ms
 182: 0.028464ms
 183: 0.034485ms
 184: 0.026304ms
 185: 0.031410ms
 186: 0.033655ms
 187: 0.038456ms
 188: 0.034732ms
 189: 0.036438ms
 190: 0.027271ms
 191: 0.028309ms
 192: 0.036169ms
 193: 0.035416ms
 194: 0.025503ms
 195: 0.027113ms
 196: 0.026711ms
 197: 0.027353ms
 198: 0.038409ms
 199: 0.028444ms


-- Real : Q1: 50 Q2: 100 Q3: 150
-- Array: Q1: 49 Q2: 99 Q3: 149
Printing sorted runtimes:
 0: 0.026442ms
 1: 0.026285ms
 2: 0.024701ms
 3: 0.026113ms
 4: 0.025503ms
 5: 0.026304ms
 6: 0.025068ms
 7: 0.025360ms
 8: 0.025042ms
 9: 0.024660ms
 10: 0.025480ms
 11: 0.026256ms
 12: 0.024665ms
 13: 0.025555ms
 14: 0.026342ms
 15: 0.024450ms
 16: 0.025486ms
 17: 0.025917ms
 18: 0.025323ms
 19: 0.024754ms
 20: 0.025788ms
 21: 0.025651ms
 22: 0.025446ms
 23: 0.026122ms
 24: 0.026094ms
 25: 0.024401ms
 26: 0.025431ms
 27: 0.026195ms
 28: 0.024020ms
 29: 0.024866ms
 30: 0.025205ms
 31: 0.025349ms
 32: 0.025551ms
 33: 0.025777ms
 34: 0.026334ms
 35: 0.025562ms
 36: 0.025566ms
 37: 0.025416ms
 38: 0.025547ms
 39: 0.025772ms
 40: 0.026415ms
 41: 0.026205ms
 42: 0.026404ms
 43: 0.025868ms
 44: 0.026203ms
 45: 0.024424ms
 46: 0.026549ms
 47: 0.026529ms
 48: 0.026530ms
 49: 0.026583ms
 50: 0.026606ms
 51: 0.027204ms
 52: 0.026765ms
 53: 0.026905ms
 54: 0.026950ms
 55: 0.026726ms
 56: 0.026838ms
 57: 0.026631ms
 58: 0.026695ms
 59: 0.026701ms
 60: 0.026864ms
 61: 0.026711ms
 62: 0.026817ms
 63: 0.027080ms
 64: 0.026648ms
 65: 0.027177ms
 66: 0.027113ms
 67: 0.027135ms
 68: 0.027204ms
 69: 0.027072ms
 70: 0.027098ms
 71: 0.027011ms
 72: 0.027057ms
 73: 0.027189ms
 74: 0.027009ms
 75: 0.027646ms
 76: 0.027246ms
 77: 0.027233ms
 78: 0.027616ms
 79: 0.027460ms
 80: 0.027531ms
 81: 0.027540ms
 82: 0.027416ms
 83: 0.027353ms
 84: 0.027239ms
 85: 0.027234ms
 86: 0.027248ms
 87: 0.027271ms
 88: 0.027590ms
 89: 0.027607ms
 90: 0.027398ms
 91: 0.027714ms
 92: 0.027695ms
 93: 0.027691ms
 94: 0.027679ms
 95: 0.027851ms
 96: 0.027844ms
 97: 0.027743ms
 98: 0.027989ms
 99: 0.028012ms
 100: 0.028032ms
 101: 0.036784ms
 102: 0.028151ms
 103: 0.028263ms
 104: 0.028285ms
 105: 0.028309ms
 106: 0.028444ms
 107: 0.028167ms
 108: 0.028812ms
 109: 0.029138ms
 110: 0.030613ms
 111: 0.029816ms
 112: 0.036384ms
 113: 0.028553ms
 114: 0.029529ms
 115: 0.035416ms
 116: 0.029054ms
 117: 0.036169ms
 118: 0.029007ms
 119: 0.029779ms
 120: 0.036438ms
 121: 0.028467ms
 122: 0.034732ms
 123: 0.033655ms
 124: 0.031410ms
 125: 0.028649ms
 126: 0.029333ms
 127: 0.034485ms
 128: 0.028464ms
 129: 0.036386ms
 130: 0.028912ms
 131: 0.033878ms
 132: 0.029551ms
 133: 0.028758ms
 134: 0.029179ms
 135: 0.034844ms
 136: 0.029747ms
 137: 0.029457ms
 138: 0.035720ms
 139: 0.028501ms
 140: 0.036571ms
 141: 0.029599ms
 142: 0.030323ms
 143: 0.028867ms
 144: 0.036012ms
 145: 0.034945ms
 146: 0.037033ms
 147: 0.037012ms
 148: 0.037127ms
 149: 0.037127ms
 150: 0.037187ms
 151: 0.037273ms
 152: 0.038046ms
 153: 0.038059ms
 154: 0.038202ms
 155: 0.037913ms
 156: 0.037311ms
 157: 0.037960ms
 158: 0.037549ms
 159: 0.037946ms
 160: 0.038138ms
 161: 0.037983ms
 162: 0.038233ms
 163: 0.039095ms
 164: 0.095032ms
 165: 0.048412ms
 166: 0.039619ms
 167: 0.039798ms
 168: 0.106387ms
 169: 0.092458ms
 170: 0.040093ms
 171: 0.040191ms
 172: 0.040941ms
 173: 0.039891ms
 174: 0.103774ms
 175: 0.046097ms
 176: 0.038607ms
 177: 0.038573ms
 178: 0.039096ms
 179: 0.106205ms
 180: 0.108939ms
 181: 0.098408ms
 182: 0.038720ms
 183: 0.040012ms
 184: 0.071819ms
 185: 0.039262ms
 186: 0.044586ms
 187: 0.038456ms
 188: 0.040807ms
 189: 0.044466ms
 190: 0.219362ms
 191: 0.112799ms
 192: 0.039015ms
 193: 0.038523ms
 194: 0.039228ms
 195: 0.040354ms
 196: 0.064263ms
 197: 0.040834ms
 198: 0.038409ms
 199: 0.039644ms


Measurements
--------------------------
FFT Size            : 36^3
Threads             : 32
Batch               : 1
Iterations          : 200
Avg Tot Runtime     : 0.034747 ms
Runtime per batch   : 0.034747 ms
SD                  : 0.020390 ms
Q1                  : 0.026583 ms
Median              : 0.028022 ms
Q3                  : 0.037127 ms
