Expm 2: Streaming FFTW
FFTW Plan: Patient
-- Cannot import wisdom from ../../wisdom/singlenode/all/106/fftw_106_t37_b1.patient
-- Exporting wisdom file to ../../wisdom/singlenode/all/106/fftw_106_t37_b1.patient
Iteration: 0, 1, 2, 3, 4, 5, 6, 7, 8, 9, 10, 11, 12, 13, 14, 15, 16, 17, 18, 19, 20, 21, 22, 23, 24, 25, 26, 27, 28, 29, 30, 31, 32, 33, 34, 35, 36, 37, 38, 39, 40, 41, 42, 43, 44, 45, 46, 47, 48, 49, 
Printing individual runtimes:
 0: 7.327075ms
 1: 2.487926ms
 2: 2.487656ms
 3: 4.697966ms
 4: 2.642964ms
 5: 2.630397ms
 6: 2.689920ms
 7: 2.971142ms
 8: 2.615445ms
 9: 2.606423ms
 10: 2.659540ms
 11: 3.923380ms
 12: 2.565900ms
 13: 2.563988ms
 14: 2.569811ms
 15: 2.570359ms
 16: 5.198521ms
 17: 4.548148ms
 18: 4.529047ms
 19: 4.459166ms
 20: 2.667258ms
 21: 2.605659ms
 22: 2.575901ms
 23: 2.527787ms
 24: 2.507382ms
 25: 2.534047ms
 26: 2.506218ms
 27: 2.560259ms
 28: 2.499258ms
 29: 3.398160ms
 30: 2.691049ms
 31: 2.665043ms
 32: 2.776921ms
 33: 2.522916ms
 34: 5.807875ms
 35: 9.345034ms
 36: 9.655204ms
 37: 7.049479ms
 38: 4.613632ms
 39: 4.534245ms
 40: 4.502357ms
 41: 4.535807ms
 42: 2.585086ms
 43: 2.578356ms
 44: 2.538861ms
 45: 2.564503ms
 46: 2.519784ms
 47: 2.574598ms
 48: 2.511002ms
 49: 2.680398ms


Measurements
--------------------------
FFT Size            : 106^3
Threads             : 37
Batch               : 1
Iterations          : 50
Avg Tot Runtime     : 3.527577 ms
Runtime per batch   : 3.527577 ms
SD                  : 1.700971 ms
Throughput          : 0.151349 GFLOPs
Plan Time           : 34.452293 sec
