Expm 2: Streaming FFTW
FFTW Plan: Patient
-- Cannot import wisdom from ../../wisdom/singlenode/all/106/fftw_106_t39_b1.patient
-- Exporting wisdom file to ../../wisdom/singlenode/all/106/fftw_106_t39_b1.patient
Iteration: 0, 1, 2, 3, 4, 5, 6, 7, 8, 9, 10, 11, 12, 13, 14, 15, 16, 17, 18, 19, 20, 21, 22, 23, 24, 25, 26, 27, 28, 29, 30, 31, 32, 33, 34, 35, 36, 37, 38, 39, 40, 41, 42, 43, 44, 45, 46, 47, 48, 49, 
Printing individual runtimes:
 0: 3.418023ms
 1: 3.805401ms
 2: 3.501475ms
 3: 3.507462ms
 4: 3.737317ms
 5: 3.739304ms
 6: 3.854548ms
 7: 3.707672ms
 8: 3.920855ms
 9: 3.601312ms
 10: 3.804624ms
 11: 3.815305ms
 12: 3.833096ms
 13: 3.671766ms
 14: 3.933419ms
 15: 3.647925ms
 16: 3.585728ms
 17: 4.018795ms
 18: 3.677616ms
 19: 3.762369ms
 20: 3.587386ms
 21: 3.725839ms
 22: 3.909072ms
 23: 3.846126ms
 24: 3.844422ms
 25: 3.822097ms
 26: 3.861332ms
 27: 3.749124ms
 28: 3.847967ms
 29: 3.558090ms
 30: 3.945745ms
 31: 3.970161ms
 32: 3.843507ms
 33: 3.776517ms
 34: 3.748975ms
 35: 3.813280ms
 36: 3.753608ms
 37: 4.034413ms
 38: 3.675717ms
 39: 3.865660ms
 40: 3.822918ms
 41: 3.702226ms
 42: 3.810196ms
 43: 3.690858ms
 44: 3.844488ms
 45: 3.791561ms
 46: 3.651292ms
 47: 3.724863ms
 48: 3.762620ms
 49: 3.878375ms


Measurements
--------------------------
FFT Size            : 106^3
Threads             : 39
Batch               : 1
Iterations          : 50
Avg Tot Runtime     : 3.768049 ms
Runtime per batch   : 3.768049 ms
SD                  : 0.129443 ms
Throughput          : 0.151355 GFLOPs
Plan Time           : 35.181625 sec
