Expm 2: Streaming FFTW
FFTW Plan: Patient
-- Cannot import wisdom from ../../wisdom/singlenode/all/69/fftw_69_t37_b1.patient
-- Exporting wisdom file to ../../wisdom/singlenode/all/69/fftw_69_t37_b1.patient
Iteration: 0, 1, 2, 3, 4, 5, 6, 7, 8, 9, 10, 11, 12, 13, 14, 15, 16, 17, 18, 19, 20, 21, 22, 23, 24, 25, 26, 27, 28, 29, 30, 31, 32, 33, 34, 35, 36, 37, 38, 39, 40, 41, 42, 43, 44, 45, 46, 47, 48, 49, 
Printing individual runtimes:
 0: 1.401016ms
 1: 0.685752ms
 2: 0.668885ms
 3: 0.677002ms
 4: 0.691537ms
 5: 1.524223ms
 6: 0.685738ms
 7: 0.677501ms
 8: 0.693659ms
 9: 0.687371ms
 10: 4.626195ms
 11: 3.595087ms
 12: 2.738563ms
 13: 1.261930ms
 14: 1.231879ms
 15: 2.580643ms
 16: 4.110749ms
 17: 0.666180ms
 18: 0.683191ms
 19: 0.657361ms
 20: 0.684988ms
 21: 0.986795ms
 22: 0.662541ms
 23: 0.699412ms
 24: 0.634504ms
 25: 0.677346ms
 26: 0.675488ms
 27: 0.637157ms
 28: 0.696170ms
 29: 1.545040ms
 30: 1.272563ms
 31: 1.211514ms
 32: 0.678811ms
 33: 0.676403ms
 34: 0.683245ms
 35: 0.666359ms
 36: 0.678459ms
 37: 0.647814ms
 38: 0.696357ms
 39: 0.636782ms
 40: 0.660395ms
 41: 0.697345ms
 42: 0.674745ms
 43: 0.691736ms
 44: 0.669297ms
 45: 0.636895ms
 46: 0.688414ms
 47: 0.678668ms
 48: 1.109687ms
 49: 0.692076ms


Measurements
--------------------------
FFT Size            : 69^3
Threads             : 37
Batch               : 1
Iterations          : 50
Avg Tot Runtime     : 1.069829 ms
Runtime per batch   : 1.069829 ms
SD                  : 0.890406 ms
Throughput          : 0.029223 GFLOPs
Plan Time           : 3.343401 sec
