Expm 2: Streaming FFTW
FFTW Plan: Patient
-- Cannot import wisdom from ../../wisdom/singlenode/all/69/fftw_69_t40_b1.patient
-- Exporting wisdom file to ../../wisdom/singlenode/all/69/fftw_69_t40_b1.patient
Iteration: 0, 1, 2, 3, 4, 5, 6, 7, 8, 9, 10, 11, 12, 13, 14, 15, 16, 17, 18, 19, 20, 21, 22, 23, 24, 25, 26, 27, 28, 29, 30, 31, 32, 33, 34, 35, 36, 37, 38, 39, 40, 41, 42, 43, 44, 45, 46, 47, 48, 49, 
Printing individual runtimes:
 0: 1.038138ms
 1: 0.593339ms
 2: 0.580533ms
 3: 0.571483ms
 4: 1.099060ms
 5: 1.305823ms
 6: 0.564113ms
 7: 0.557198ms
 8: 0.751121ms
 9: 0.556230ms
 10: 1.148061ms
 11: 0.581923ms
 12: 0.562659ms
 13: 1.081079ms
 14: 1.834167ms
 15: 0.571872ms
 16: 0.577873ms
 17: 0.559137ms
 18: 1.477188ms
 19: 1.158804ms
 20: 1.127297ms
 21: 0.612834ms
 22: 0.588275ms
 23: 0.576475ms
 24: 0.593041ms
 25: 0.576196ms
 26: 0.593611ms
 27: 0.577068ms
 28: 0.588500ms
 29: 0.564085ms
 30: 0.586527ms
 31: 0.593912ms
 32: 0.578207ms
 33: 0.544382ms
 34: 0.581512ms
 35: 0.587462ms
 36: 1.284709ms
 37: 0.557285ms
 38: 2.598358ms
 39: 1.036114ms
 40: 0.556332ms
 41: 0.540190ms
 42: 0.537949ms
 43: 0.538088ms
 44: 0.539723ms
 45: 0.549079ms
 46: 0.888765ms
 47: 0.547674ms
 48: 0.551337ms
 49: 0.542451ms


Measurements
--------------------------
FFT Size            : 69^3
Threads             : 40
Batch               : 1
Iterations          : 50
Avg Tot Runtime     : 0.766145 ms
Runtime per batch   : 0.766145 ms
SD                  : 0.394481 ms
Throughput          : 0.027495 GFLOPs
Plan Time           : 3.471915 sec
