Expm 2: Streaming FFTW
FFTW Plan: Patient
-- Cannot import wisdom from ../../wisdom/singlenode/all/541/fftw_541_t39_b1.patient
-- Exporting wisdom file to ../../wisdom/singlenode/all/541/fftw_541_t39_b1.patient
Iteration: 0, 1, 2, 3, 4, 5, 6, 7, 8, 9, 10, 11, 12, 13, 14, 15, 16, 17, 18, 19, 20, 21, 22, 23, 24, 25, 26, 27, 28, 29, 30, 31, 32, 33, 34, 35, 36, 37, 38, 39, 40, 41, 42, 43, 44, 45, 46, 47, 48, 49, 
Printing individual runtimes:
 0: 376.805530ms
 1: 378.080853ms
 2: 376.820906ms
 3: 375.494026ms
 4: 376.752512ms
 5: 376.080695ms
 6: 376.030451ms
 7: 374.607973ms
 8: 375.287449ms
 9: 370.704182ms
 10: 360.313218ms
 11: 743.564733ms
 12: 638.841489ms
 13: 369.639209ms
 14: 369.225151ms
 15: 368.359755ms
 16: 391.914925ms
 17: 456.695126ms
 18: 370.476361ms
 19: 371.070991ms
 20: 370.797946ms
 21: 369.590924ms
 22: 370.050179ms
 23: 368.373774ms
 24: 661.520313ms
 25: 369.193285ms
 26: 370.080342ms
 27: 369.995069ms
 28: 368.852650ms
 29: 370.586615ms
 30: 364.547324ms
 31: 365.658922ms
 32: 363.818558ms
 33: 363.334368ms
 34: 364.014775ms
 35: 363.440837ms
 36: 713.390921ms
 37: 449.893507ms
 38: 363.738063ms
 39: 363.113112ms
 40: 364.602060ms
 41: 363.486732ms
 42: 661.911310ms
 43: 372.756170ms
 44: 809.215567ms
 45: 644.032908ms
 46: 390.733980ms
 47: 364.892376ms
 48: 365.091192ms
 49: 363.414885ms


Measurements
--------------------------
FFT Size            : 541^3
Threads             : 39
Batch               : 1
Iterations          : 50
Avg Tot Runtime     : 419.217884 ms
Runtime per batch   : 419.217884 ms
SD                  : 115.114227 ms
Throughput          : 36.198201 GFLOPs
Plan Time           : 1046.095984 sec
