Expm 2: Streaming FFTW
FFTW Plan: Patient
-- Cannot import wisdom from ../../wisdom/singlenode/all/442/fftw_442_t37_b1.patient
-- Exporting wisdom file to ../../wisdom/singlenode/all/442/fftw_442_t37_b1.patient
Iteration: 0, 1, 2, 3, 4, 5, 6, 7, 8, 9, 10, 11, 12, 13, 14, 15, 16, 17, 18, 19, 20, 21, 22, 23, 24, 25, 26, 27, 28, 29, 30, 31, 32, 33, 34, 35, 36, 37, 38, 39, 40, 41, 42, 43, 44, 45, 46, 47, 48, 49, 
Printing individual runtimes:
 0: 105.489088ms
 1: 104.600033ms
 2: 104.673872ms
 3: 105.177796ms
 4: 105.375598ms
 5: 104.347834ms
 6: 117.141178ms
 7: 104.452388ms
 8: 105.626642ms
 9: 104.419853ms
 10: 114.092217ms
 11: 105.789466ms
 12: 104.696924ms
 13: 117.296861ms
 14: 105.399721ms
 15: 106.528011ms
 16: 104.528170ms
 17: 104.463580ms
 18: 104.758258ms
 19: 104.801264ms
 20: 105.408116ms
 21: 220.669833ms
 22: 201.747680ms
 23: 106.278287ms
 24: 105.795688ms
 25: 106.048391ms
 26: 105.660781ms
 27: 105.611676ms
 28: 105.649747ms
 29: 105.993479ms
 30: 105.812516ms
 31: 105.169669ms
 32: 105.905362ms
 33: 105.876751ms
 34: 105.635277ms
 35: 106.895129ms
 36: 106.102034ms
 37: 106.835119ms
 38: 105.197576ms
 39: 105.328461ms
 40: 105.830422ms
 41: 105.719239ms
 42: 106.102462ms
 43: 106.036316ms
 44: 106.045888ms
 45: 106.241895ms
 46: 105.316478ms
 47: 105.377486ms
 48: 105.967773ms
 49: 108.168817ms


Measurements
--------------------------
FFT Size            : 442^3
Threads             : 37
Batch               : 1
Iterations          : 50
Avg Tot Runtime     : 110.441742 ms
Runtime per batch   : 110.441742 ms
SD                  : 20.823229 ms
Throughput          : 9.149287 GFLOPs
Plan Time           : 459.879082 sec
