Expm 2: Streaming FFT

Printing individual runtimes:
 0: 0.485955ms
 1: 0.323254ms
 2: 0.288267ms
 3: 0.461855ms
 4: 0.301612ms
 5: 0.320490ms
 6: 0.293935ms
 7: 0.294649ms
 8: 0.297464ms
 9: 0.295079ms
 10: 0.464672ms
 11: 0.290018ms
 12: 0.285658ms
 13: 0.293704ms
 14: 0.414897ms
 15: 0.296151ms
 16: 0.293302ms
 17: 0.305306ms
 18: 0.293206ms
 19: 0.297243ms
 20: 0.337683ms
 21: 0.452749ms
 22: 0.318758ms
 23: 0.289541ms
 24: 0.308291ms
 25: 0.293427ms
 26: 0.297275ms
 27: 0.460903ms
 28: 0.299171ms
 29: 0.319215ms
 30: 0.331550ms
 31: 0.317363ms
 32: 0.320155ms
 33: 0.452290ms
 34: 0.298943ms
 35: 0.341538ms
 36: 0.287761ms
 37: 0.290463ms
 38: 0.295565ms
 39: 0.298660ms
 40: 0.429882ms
 41: 0.325497ms
 42: 0.316991ms
 43: 0.293251ms
 44: 0.298615ms
 45: 0.295025ms
 46: 0.304807ms
 47: 0.302852ms
 48: 0.333377ms
 49: 0.337238ms
 50: 0.333080ms
 51: 0.449652ms
 52: 0.287162ms
 53: 0.299795ms
 54: 0.298401ms
 55: 0.297075ms
 56: 0.298896ms
 57: 0.297202ms
 58: 0.335594ms
 59: 0.293627ms
 60: 0.294465ms
 61: 0.296320ms
 62: 0.296695ms
 63: 0.308507ms
 64: 0.289496ms
 65: 0.293823ms
 66: 0.454874ms
 67: 0.306864ms
 68: 0.329399ms
 69: 0.300074ms
 70: 0.293860ms
 71: 0.291233ms
 72: 0.303213ms
 73: 0.319387ms
 74: 0.302160ms
 75: 0.295690ms
 76: 0.295998ms
 77: 0.294370ms
 78: 0.299608ms
 79: 0.295578ms
 80: 0.326801ms
 81: 0.463282ms
 82: 0.300781ms
 83: 0.319833ms
 84: 0.321634ms
 85: 0.296496ms
 86: 0.287625ms
 87: 0.289060ms
 88: 0.291647ms
 89: 0.296842ms
 90: 0.306028ms
 91: 0.321444ms
 92: 0.333888ms
 93: 0.309331ms
 94: 0.300920ms
 95: 0.327674ms
 96: 0.319818ms
 97: 0.287888ms
 98: 0.452910ms
 99: 0.294679ms
 100: 0.317093ms
 101: 0.325643ms
 102: 0.291716ms
 103: 0.295973ms
 104: 0.293307ms
 105: 0.302476ms
 106: 0.298397ms
 107: 0.302459ms
 108: 0.298461ms
 109: 0.303962ms
 110: 0.297565ms
 111: 0.296256ms
 112: 0.293215ms
 113: 0.305831ms
 114: 0.301527ms
 115: 0.295654ms
 116: 0.453158ms
 117: 0.300191ms
 118: 0.290547ms
 119: 0.312942ms
 120: 0.318848ms
 121: 0.331454ms
 122: 0.303797ms
 123: 0.293756ms
 124: 0.298143ms
 125: 0.290416ms
 126: 0.296201ms
 127: 0.297692ms
 128: 0.299163ms
 129: 0.301641ms
 130: 0.294333ms
 131: 0.293423ms
 132: 0.294335ms
 133: 0.288044ms
 134: 0.286493ms
 135: 0.304527ms
 136: 0.290711ms
 137: 0.318811ms
 138: 0.457081ms
 139: 0.301898ms
 140: 0.294315ms
 141: 0.289416ms
 142: 0.294516ms
 143: 0.296883ms
 144: 0.296755ms
 145: 0.298353ms
 146: 0.294709ms
 147: 0.297797ms
 148: 0.302493ms
 149: 0.295961ms
 150: 0.304500ms
 151: 0.326485ms
 152: 0.288414ms
 153: 0.302575ms
 154: 0.295801ms
 155: 0.295574ms
 156: 0.285377ms
 157: 0.295904ms
 158: 0.296456ms
 159: 0.293437ms
 160: 0.465383ms
 161: 0.323663ms
 162: 0.305199ms
 163: 0.286997ms
 164: 0.292436ms
 165: 0.318979ms
 166: 0.299654ms
 167: 0.293651ms
 168: 0.300128ms
 169: 0.333659ms
 170: 0.291642ms
 171: 0.295575ms
 172: 0.291744ms
 173: 0.287981ms
 174: 0.331475ms
 175: 0.319360ms
 176: 0.292236ms
 177: 0.306141ms
 178: 0.319801ms
 179: 0.324177ms
 180: 0.318021ms
 181: 0.290830ms
 182: 0.298387ms
 183: 0.297137ms
 184: 0.293613ms
 185: 0.298732ms
 186: 0.294510ms
 187: 0.320145ms
 188: 0.294324ms
 189: 0.479045ms
 190: 0.291502ms
 191: 0.300253ms
 192: 0.296314ms
 193: 0.293410ms
 194: 0.302311ms
 195: 0.298063ms
 196: 0.306863ms
 197: 0.298868ms
 198: 0.289577ms
 199: 0.293877ms


-- Real : Q1: 50 Q2: 100 Q3: 150
-- Array: Q1: 49 Q2: 99 Q3: 149
Printing sorted runtimes:
 0: 0.293877ms
 1: 0.289416ms
 2: 0.288267ms
 3: 0.289577ms
 4: 0.290711ms
 5: 0.286493ms
 6: 0.288044ms
 7: 0.293423ms
 8: 0.290416ms
 9: 0.293756ms
 10: 0.290547ms
 11: 0.290018ms
 12: 0.285658ms
 13: 0.293704ms
 14: 0.288414ms
 15: 0.293215ms
 16: 0.293302ms
 17: 0.293307ms
 18: 0.293206ms
 19: 0.291716ms
 20: 0.287888ms
 21: 0.293410ms
 22: 0.285377ms
 23: 0.289541ms
 24: 0.293437ms
 25: 0.293427ms
 26: 0.291647ms
 27: 0.289060ms
 28: 0.287625ms
 29: 0.291502ms
 30: 0.286997ms
 31: 0.292436ms
 32: 0.293651ms
 33: 0.293613ms
 34: 0.291233ms
 35: 0.293860ms
 36: 0.287761ms
 37: 0.290463ms
 38: 0.291642ms
 39: 0.293823ms
 40: 0.289496ms
 41: 0.290830ms
 42: 0.293627ms
 43: 0.293251ms
 44: 0.287162ms
 45: 0.291744ms
 46: 0.287981ms
 47: 0.292236ms
 48: 0.293935ms
 49: 0.294315ms
 50: 0.294324ms
 51: 0.295574ms
 52: 0.294370ms
 53: 0.294335ms
 54: 0.294510ms
 55: 0.294516ms
 56: 0.294465ms
 57: 0.294679ms
 58: 0.294649ms
 59: 0.295025ms
 60: 0.294709ms
 61: 0.295079ms
 62: 0.294333ms
 63: 0.295565ms
 64: 0.297243ms
 65: 0.295801ms
 66: 0.296883ms
 67: 0.296320ms
 68: 0.296695ms
 69: 0.295961ms
 70: 0.297137ms
 71: 0.295973ms
 72: 0.296755ms
 73: 0.297075ms
 74: 0.296201ms
 75: 0.295690ms
 76: 0.295998ms
 77: 0.295575ms
 78: 0.296314ms
 79: 0.295578ms
 80: 0.295654ms
 81: 0.297202ms
 82: 0.295904ms
 83: 0.296151ms
 84: 0.296256ms
 85: 0.296496ms
 86: 0.296456ms
 87: 0.296842ms
 88: 0.298461ms
 89: 0.297275ms
 90: 0.297797ms
 91: 0.298397ms
 92: 0.297565ms
 93: 0.298353ms
 94: 0.298387ms
 95: 0.297692ms
 96: 0.298063ms
 97: 0.297464ms
 98: 0.298143ms
 99: 0.298401ms
 100: 0.298615ms
 101: 0.306863ms
 102: 0.299795ms
 103: 0.298660ms
 104: 0.300920ms
 105: 0.298868ms
 106: 0.301612ms
 107: 0.301641ms
 108: 0.300253ms
 109: 0.299163ms
 110: 0.299171ms
 111: 0.301898ms
 112: 0.298896ms
 113: 0.300781ms
 114: 0.301527ms
 115: 0.299654ms
 116: 0.299608ms
 117: 0.300191ms
 118: 0.302160ms
 119: 0.298732ms
 120: 0.298943ms
 121: 0.300074ms
 122: 0.302311ms
 123: 0.303797ms
 124: 0.304500ms
 125: 0.300128ms
 126: 0.304807ms
 127: 0.305831ms
 128: 0.303962ms
 129: 0.302459ms
 130: 0.302476ms
 131: 0.305306ms
 132: 0.302575ms
 133: 0.306141ms
 134: 0.302852ms
 135: 0.304527ms
 136: 0.303213ms
 137: 0.302493ms
 138: 0.306028ms
 139: 0.305199ms
 140: 0.317093ms
 141: 0.309331ms
 142: 0.306864ms
 143: 0.308507ms
 144: 0.312942ms
 145: 0.316991ms
 146: 0.308291ms
 147: 0.318021ms
 148: 0.317363ms
 149: 0.318758ms
 150: 0.318811ms
 151: 0.318848ms
 152: 0.453158ms
 153: 0.325643ms
 154: 0.485955ms
 155: 0.452910ms
 156: 0.319818ms
 157: 0.327674ms
 158: 0.333888ms
 159: 0.321444ms
 160: 0.465383ms
 161: 0.323663ms
 162: 0.321634ms
 163: 0.319833ms
 164: 0.463282ms
 165: 0.318979ms
 166: 0.326801ms
 167: 0.319387ms
 168: 0.329399ms
 169: 0.333659ms
 170: 0.454874ms
 171: 0.335594ms
 172: 0.449652ms
 173: 0.333080ms
 174: 0.331475ms
 175: 0.319360ms
 176: 0.337238ms
 177: 0.333377ms
 178: 0.319801ms
 179: 0.324177ms
 180: 0.326485ms
 181: 0.325497ms
 182: 0.429882ms
 183: 0.341538ms
 184: 0.452290ms
 185: 0.320155ms
 186: 0.331454ms
 187: 0.320145ms
 188: 0.331550ms
 189: 0.479045ms
 190: 0.319215ms
 191: 0.460903ms
 192: 0.457081ms
 193: 0.452749ms
 194: 0.337683ms
 195: 0.414897ms
 196: 0.464672ms
 197: 0.320490ms
 198: 0.461855ms
 199: 0.323254ms


Measurements
--------------------------
FFT Size            : 58^3
Threads             : 20
Batch               : 1
Iterations          : 200
Avg Tot Runtime     : 0.314824 ms
Runtime per batch   : 0.314824 ms
SD                  : 0.043747 ms
Q1                  : 0.294315 ms
Median              : 0.298508 ms
Q3                  : 0.318758 ms
