Expm 2: Streaming FFT

Printing individual runtimes:
 0: 0.461330ms
 1: 0.303947ms
 2: 0.302275ms
 3: 0.471533ms
 4: 0.304244ms
 5: 0.299093ms
 6: 0.302871ms
 7: 0.303387ms
 8: 0.308513ms
 9: 0.321530ms
 10: 0.465555ms
 11: 0.298913ms
 12: 0.320741ms
 13: 0.303840ms
 14: 0.412676ms
 15: 0.323952ms
 16: 0.298034ms
 17: 0.338874ms
 18: 0.329300ms
 19: 0.455649ms
 20: 0.302637ms
 21: 0.301313ms
 22: 0.291642ms
 23: 0.295504ms
 24: 0.309897ms
 25: 0.299174ms
 26: 0.339637ms
 27: 0.477484ms
 28: 0.325114ms
 29: 0.331900ms
 30: 0.339915ms
 31: 0.294086ms
 32: 0.321584ms
 33: 0.462082ms
 34: 0.341755ms
 35: 0.294537ms
 36: 0.317682ms
 37: 0.298454ms
 38: 0.291988ms
 39: 0.323259ms
 40: 0.299526ms
 41: 0.326177ms
 42: 0.456447ms
 43: 0.297693ms
 44: 0.330290ms
 45: 0.326348ms
 46: 0.297694ms
 47: 0.323503ms
 48: 0.296030ms
 49: 0.304468ms
 50: 0.295042ms
 51: 0.293017ms
 52: 0.422738ms
 53: 0.303258ms
 54: 0.298384ms
 55: 0.342593ms
 56: 0.345460ms
 57: 0.321278ms
 58: 0.299527ms
 59: 0.334949ms
 60: 0.294158ms
 61: 0.296952ms
 62: 0.293472ms
 63: 0.344969ms
 64: 0.292058ms
 65: 0.479849ms
 66: 0.296629ms
 67: 0.298198ms
 68: 0.322361ms
 69: 0.290446ms
 70: 0.303020ms
 71: 0.295665ms
 72: 0.291528ms
 73: 0.287335ms
 74: 0.296329ms
 75: 0.302777ms
 76: 0.295119ms
 77: 0.294662ms
 78: 0.296639ms
 79: 0.319053ms
 80: 0.296567ms
 81: 0.294979ms
 82: 0.453198ms
 83: 0.308801ms
 84: 0.327426ms
 85: 0.299318ms
 86: 0.324481ms
 87: 0.298990ms
 88: 0.346364ms
 89: 0.327629ms
 90: 0.295779ms
 91: 0.293459ms
 92: 0.304427ms
 93: 0.304470ms
 94: 0.301668ms
 95: 0.289406ms
 96: 0.447256ms
 97: 0.333737ms
 98: 0.331663ms
 99: 0.295445ms
 100: 0.291663ms
 101: 0.286637ms
 102: 0.296232ms
 103: 0.327025ms
 104: 0.305202ms
 105: 0.294821ms
 106: 0.329523ms
 107: 0.292927ms
 108: 0.304528ms
 109: 0.301379ms
 110: 0.301034ms
 111: 0.305639ms
 112: 0.326779ms
 113: 0.328496ms
 114: 0.300379ms
 115: 0.302953ms
 116: 0.299760ms
 117: 0.478417ms
 118: 0.330696ms
 119: 0.300758ms
 120: 0.291654ms
 121: 0.298979ms
 122: 0.298440ms
 123: 0.300096ms
 124: 0.305265ms
 125: 0.329012ms
 126: 0.305662ms
 127: 0.313776ms
 128: 0.298410ms
 129: 0.309931ms
 130: 0.302906ms
 131: 0.296894ms
 132: 0.335398ms
 133: 0.306139ms
 134: 0.287228ms
 135: 0.292799ms
 136: 0.326380ms
 137: 0.320774ms
 138: 0.300019ms
 139: 0.340923ms
 140: 0.292548ms
 141: 0.344450ms
 142: 0.454737ms
 143: 0.318584ms
 144: 0.309165ms
 145: 0.296918ms
 146: 0.295915ms
 147: 0.300809ms
 148: 0.320117ms
 149: 0.294755ms
 150: 0.302277ms
 151: 0.295856ms
 152: 0.322284ms
 153: 0.293229ms
 154: 0.317906ms
 155: 0.295293ms
 156: 0.294318ms
 157: 0.295103ms
 158: 0.290136ms
 159: 0.330399ms
 160: 0.299971ms
 161: 0.295642ms
 162: 0.302905ms
 163: 0.301378ms
 164: 0.292277ms
 165: 0.321831ms
 166: 0.296751ms
 167: 0.310944ms
 168: 0.295400ms
 169: 0.294870ms
 170: 0.301943ms
 171: 0.295760ms
 172: 0.320280ms
 173: 0.320394ms
 174: 0.293252ms
 175: 0.291138ms
 176: 0.410890ms
 177: 0.302092ms
 178: 0.301280ms
 179: 0.303006ms
 180: 0.294024ms
 181: 0.294948ms
 182: 0.334246ms
 183: 0.311442ms
 184: 0.298291ms
 185: 0.300693ms
 186: 0.304350ms
 187: 0.301567ms
 188: 0.293076ms
 189: 0.291688ms
 190: 0.341945ms
 191: 0.295021ms
 192: 0.304180ms
 193: 0.297071ms
 194: 0.309057ms
 195: 0.322705ms
 196: 0.292990ms
 197: 0.296604ms
 198: 0.321079ms
 199: 0.299518ms


-- Real : Q1: 50 Q2: 100 Q3: 150
-- Array: Q1: 49 Q2: 99 Q3: 149
Printing sorted runtimes:
 0: 0.294662ms
 1: 0.287335ms
 2: 0.292990ms
 3: 0.291528ms
 4: 0.290446ms
 5: 0.292058ms
 6: 0.291688ms
 7: 0.293076ms
 8: 0.293472ms
 9: 0.294158ms
 10: 0.294024ms
 11: 0.293459ms
 12: 0.291138ms
 13: 0.293252ms
 14: 0.289406ms
 15: 0.291663ms
 16: 0.286637ms
 17: 0.293017ms
 18: 0.292927ms
 19: 0.292277ms
 20: 0.291654ms
 21: 0.290136ms
 22: 0.291642ms
 23: 0.287228ms
 24: 0.291988ms
 25: 0.292799ms
 26: 0.294318ms
 27: 0.294537ms
 28: 0.293229ms
 29: 0.292548ms
 30: 0.294086ms
 31: 0.295915ms
 32: 0.294979ms
 33: 0.295021ms
 34: 0.295856ms
 35: 0.295293ms
 36: 0.295119ms
 37: 0.294948ms
 38: 0.295103ms
 39: 0.295504ms
 40: 0.295779ms
 41: 0.295665ms
 42: 0.295760ms
 43: 0.295445ms
 44: 0.294870ms
 45: 0.295642ms
 46: 0.294755ms
 47: 0.295400ms
 48: 0.295042ms
 49: 0.294821ms
 50: 0.296030ms
 51: 0.299518ms
 52: 0.296567ms
 53: 0.296329ms
 54: 0.296894ms
 55: 0.296639ms
 56: 0.296629ms
 57: 0.296604ms
 58: 0.296751ms
 59: 0.297693ms
 60: 0.297071ms
 61: 0.296952ms
 62: 0.298291ms
 63: 0.297694ms
 64: 0.296918ms
 65: 0.298384ms
 66: 0.298034ms
 67: 0.298198ms
 68: 0.299318ms
 69: 0.299093ms
 70: 0.298990ms
 71: 0.298913ms
 72: 0.298979ms
 73: 0.298440ms
 74: 0.298410ms
 75: 0.298454ms
 76: 0.299174ms
 77: 0.296232ms
 78: 0.300693ms
 79: 0.300379ms
 80: 0.299971ms
 81: 0.299760ms
 82: 0.300096ms
 83: 0.299527ms
 84: 0.299526ms
 85: 0.300019ms
 86: 0.302275ms
 87: 0.302092ms
 88: 0.300809ms
 89: 0.301280ms
 90: 0.301943ms
 91: 0.301379ms
 92: 0.301567ms
 93: 0.301313ms
 94: 0.301668ms
 95: 0.300758ms
 96: 0.301378ms
 97: 0.301034ms
 98: 0.302277ms
 99: 0.302637ms
 100: 0.302777ms
 101: 0.308801ms
 102: 0.302871ms
 103: 0.303020ms
 104: 0.305202ms
 105: 0.304468ms
 106: 0.304350ms
 107: 0.302905ms
 108: 0.304528ms
 109: 0.303258ms
 110: 0.303387ms
 111: 0.305639ms
 112: 0.303947ms
 113: 0.303840ms
 114: 0.304244ms
 115: 0.302953ms
 116: 0.304180ms
 117: 0.308513ms
 118: 0.306139ms
 119: 0.302906ms
 120: 0.305662ms
 121: 0.304427ms
 122: 0.303006ms
 123: 0.304470ms
 124: 0.305265ms
 125: 0.321530ms
 126: 0.319053ms
 127: 0.313776ms
 128: 0.321079ms
 129: 0.309931ms
 130: 0.321278ms
 131: 0.309057ms
 132: 0.309897ms
 133: 0.311442ms
 134: 0.310944ms
 135: 0.317682ms
 136: 0.317906ms
 137: 0.320774ms
 138: 0.320117ms
 139: 0.320280ms
 140: 0.320741ms
 141: 0.309165ms
 142: 0.320394ms
 143: 0.318584ms
 144: 0.323259ms
 145: 0.322284ms
 146: 0.321584ms
 147: 0.322361ms
 148: 0.322705ms
 149: 0.321831ms
 150: 0.323503ms
 151: 0.323952ms
 152: 0.324481ms
 153: 0.325114ms
 154: 0.326380ms
 155: 0.328496ms
 156: 0.327426ms
 157: 0.327629ms
 158: 0.326177ms
 159: 0.326779ms
 160: 0.327025ms
 161: 0.326348ms
 162: 0.329012ms
 163: 0.330399ms
 164: 0.455649ms
 165: 0.339637ms
 166: 0.329300ms
 167: 0.477484ms
 168: 0.338874ms
 169: 0.331900ms
 170: 0.339915ms
 171: 0.412676ms
 172: 0.462082ms
 173: 0.454737ms
 174: 0.344450ms
 175: 0.341755ms
 176: 0.410890ms
 177: 0.340923ms
 178: 0.335398ms
 179: 0.456447ms
 180: 0.465555ms
 181: 0.330290ms
 182: 0.334246ms
 183: 0.330696ms
 184: 0.478417ms
 185: 0.329523ms
 186: 0.422738ms
 187: 0.342593ms
 188: 0.345460ms
 189: 0.331663ms
 190: 0.341945ms
 191: 0.333737ms
 192: 0.447256ms
 193: 0.471533ms
 194: 0.334949ms
 195: 0.346364ms
 196: 0.344969ms
 197: 0.479849ms
 198: 0.453198ms
 199: 0.461330ms


Measurements
--------------------------
FFT Size            : 58^3
Threads             : 22
Batch               : 1
Iterations          : 200
Avg Tot Runtime     : 0.318267 ms
Runtime per batch   : 0.318267 ms
SD                  : 0.041716 ms
Q1                  : 0.294821 ms
Median              : 0.302707 ms
Q3                  : 0.321831 ms
