Expm 2: Streaming FFT

Printing individual runtimes:
 0: 0.486208ms
 1: 0.317776ms
 2: 0.346294ms
 3: 0.463694ms
 4: 0.292767ms
 5: 0.327377ms
 6: 0.325874ms
 7: 0.293661ms
 8: 0.306168ms
 9: 0.297371ms
 10: 0.475302ms
 11: 0.326359ms
 12: 0.328191ms
 13: 0.303444ms
 14: 0.408113ms
 15: 0.297833ms
 16: 0.330484ms
 17: 0.324209ms
 18: 0.314459ms
 19: 0.293023ms
 20: 0.328401ms
 21: 0.450699ms
 22: 0.303914ms
 23: 0.304688ms
 24: 0.295743ms
 25: 0.336299ms
 26: 0.292751ms
 27: 0.448173ms
 28: 0.302976ms
 29: 0.298723ms
 30: 0.333919ms
 31: 0.292274ms
 32: 0.330617ms
 33: 0.299824ms
 34: 0.308837ms
 35: 0.454817ms
 36: 0.292481ms
 37: 0.296443ms
 38: 0.319757ms
 39: 0.300540ms
 40: 0.293768ms
 41: 0.326041ms
 42: 0.293992ms
 43: 0.457443ms
 44: 0.322957ms
 45: 0.290552ms
 46: 0.318400ms
 47: 0.295636ms
 48: 0.295102ms
 49: 0.295999ms
 50: 0.295629ms
 51: 0.297723ms
 52: 0.304519ms
 53: 0.294592ms
 54: 0.455731ms
 55: 0.295986ms
 56: 0.296505ms
 57: 0.291621ms
 58: 0.290190ms
 59: 0.300172ms
 60: 0.299636ms
 61: 0.306578ms
 62: 0.297239ms
 63: 0.303530ms
 64: 0.291518ms
 65: 0.290884ms
 66: 0.302840ms
 67: 0.301662ms
 68: 0.297190ms
 69: 0.437637ms
 70: 0.308096ms
 71: 0.290655ms
 72: 0.310009ms
 73: 0.300999ms
 74: 0.301397ms
 75: 0.308822ms
 76: 0.301023ms
 77: 0.300374ms
 78: 0.311295ms
 79: 0.304662ms
 80: 0.295398ms
 81: 0.315891ms
 82: 0.291378ms
 83: 0.460641ms
 84: 0.331747ms
 85: 0.290780ms
 86: 0.295109ms
 87: 0.305752ms
 88: 0.300145ms
 89: 0.293854ms
 90: 0.333523ms
 91: 0.305602ms
 92: 0.337398ms
 93: 0.302370ms
 94: 0.344183ms
 95: 0.342663ms
 96: 0.302244ms
 97: 0.297013ms
 98: 0.302850ms
 99: 0.306338ms
 100: 0.297704ms
 101: 0.302019ms
 102: 0.306755ms
 103: 0.291752ms
 104: 0.303549ms
 105: 0.447729ms
 106: 0.293600ms
 107: 0.293835ms
 108: 0.303303ms
 109: 0.296892ms
 110: 0.302013ms
 111: 0.301348ms
 112: 0.299772ms
 113: 0.321976ms
 114: 0.297197ms
 115: 0.341451ms
 116: 0.300554ms
 117: 0.311779ms
 118: 0.296519ms
 119: 0.306442ms
 120: 0.300213ms
 121: 0.309528ms
 122: 0.298551ms
 123: 0.303530ms
 124: 0.299957ms
 125: 0.450774ms
 126: 0.294213ms
 127: 0.297466ms
 128: 0.292639ms
 129: 0.296982ms
 130: 0.331143ms
 131: 0.288861ms
 132: 0.288856ms
 133: 0.323651ms
 134: 0.325394ms
 135: 0.326737ms
 136: 0.324644ms
 137: 0.326265ms
 138: 0.304180ms
 139: 0.328295ms
 140: 0.323474ms
 141: 0.321881ms
 142: 0.296018ms
 143: 0.292574ms
 144: 0.438396ms
 145: 0.303646ms
 146: 0.306393ms
 147: 0.297354ms
 148: 0.303098ms
 149: 0.330891ms
 150: 0.306247ms
 151: 0.295318ms
 152: 0.295306ms
 153: 0.298213ms
 154: 0.295600ms
 155: 0.301554ms
 156: 0.307755ms
 157: 0.321922ms
 158: 0.307331ms
 159: 0.307012ms
 160: 0.302577ms
 161: 0.305642ms
 162: 0.294952ms
 163: 0.300766ms
 164: 0.322528ms
 165: 0.313355ms
 166: 0.296371ms
 167: 0.295655ms
 168: 0.296056ms
 169: 0.322357ms
 170: 0.319009ms
 171: 0.293168ms
 172: 0.326214ms
 173: 0.293834ms
 174: 0.302594ms
 175: 0.308286ms
 176: 0.299836ms
 177: 0.450542ms
 178: 0.295604ms
 179: 0.292776ms
 180: 0.292458ms
 181: 0.293918ms
 182: 0.302519ms
 183: 0.291951ms
 184: 0.343722ms
 185: 0.324892ms
 186: 0.333747ms
 187: 0.301996ms
 188: 0.299338ms
 189: 0.306262ms
 190: 0.293117ms
 191: 0.300241ms
 192: 0.296301ms
 193: 0.296583ms
 194: 0.328706ms
 195: 0.295934ms
 196: 0.326065ms
 197: 0.291255ms
 198: 0.305037ms
 199: 0.322433ms


-- Real : Q1: 50 Q2: 100 Q3: 150
-- Array: Q1: 49 Q2: 99 Q3: 149
Printing sorted runtimes:
 0: 0.296018ms
 1: 0.292574ms
 2: 0.291255ms
 3: 0.295934ms
 4: 0.292767ms
 5: 0.295318ms
 6: 0.288856ms
 7: 0.293661ms
 8: 0.288861ms
 9: 0.295306ms
 10: 0.292639ms
 11: 0.293117ms
 12: 0.294213ms
 13: 0.295600ms
 14: 0.293835ms
 15: 0.293600ms
 16: 0.291752ms
 17: 0.291951ms
 18: 0.293854ms
 19: 0.293023ms
 20: 0.295109ms
 21: 0.293918ms
 22: 0.290780ms
 23: 0.294952ms
 24: 0.295743ms
 25: 0.292458ms
 26: 0.292751ms
 27: 0.292776ms
 28: 0.291378ms
 29: 0.295398ms
 30: 0.295604ms
 31: 0.292274ms
 32: 0.290655ms
 33: 0.290884ms
 34: 0.291518ms
 35: 0.290190ms
 36: 0.292481ms
 37: 0.291621ms
 38: 0.295986ms
 39: 0.294592ms
 40: 0.293768ms
 41: 0.293834ms
 42: 0.293992ms
 43: 0.293168ms
 44: 0.295629ms
 45: 0.290552ms
 46: 0.295655ms
 47: 0.295636ms
 48: 0.295102ms
 49: 0.295999ms
 50: 0.296056ms
 51: 0.302244ms
 52: 0.296519ms
 53: 0.296583ms
 54: 0.296371ms
 55: 0.296443ms
 56: 0.296505ms
 57: 0.297190ms
 58: 0.297013ms
 59: 0.296982ms
 60: 0.296892ms
 61: 0.297371ms
 62: 0.297239ms
 63: 0.297704ms
 64: 0.297197ms
 65: 0.297354ms
 66: 0.297466ms
 67: 0.297723ms
 68: 0.301662ms
 69: 0.298213ms
 70: 0.299957ms
 71: 0.299836ms
 72: 0.298551ms
 73: 0.300999ms
 74: 0.301397ms
 75: 0.300213ms
 76: 0.301023ms
 77: 0.300374ms
 78: 0.299824ms
 79: 0.300554ms
 80: 0.298723ms
 81: 0.300241ms
 82: 0.301554ms
 83: 0.300766ms
 84: 0.299772ms
 85: 0.301348ms
 86: 0.302013ms
 87: 0.299636ms
 88: 0.300145ms
 89: 0.299338ms
 90: 0.297833ms
 91: 0.301996ms
 92: 0.302019ms
 93: 0.300172ms
 94: 0.300540ms
 95: 0.296301ms
 96: 0.302519ms
 97: 0.302370ms
 98: 0.302577ms
 99: 0.302594ms
 100: 0.302840ms
 101: 0.322433ms
 102: 0.302850ms
 103: 0.303098ms
 104: 0.303303ms
 105: 0.303530ms
 106: 0.303444ms
 107: 0.303530ms
 108: 0.303549ms
 109: 0.303646ms
 110: 0.304180ms
 111: 0.303914ms
 112: 0.304688ms
 113: 0.305752ms
 114: 0.305037ms
 115: 0.305642ms
 116: 0.304662ms
 117: 0.304519ms
 118: 0.306393ms
 119: 0.306442ms
 120: 0.306247ms
 121: 0.305602ms
 122: 0.306168ms
 123: 0.306755ms
 124: 0.306578ms
 125: 0.306338ms
 126: 0.306262ms
 127: 0.307012ms
 128: 0.308837ms
 129: 0.313355ms
 130: 0.308096ms
 131: 0.310009ms
 132: 0.308286ms
 133: 0.309528ms
 134: 0.308822ms
 135: 0.311295ms
 136: 0.311779ms
 137: 0.307755ms
 138: 0.307331ms
 139: 0.315891ms
 140: 0.314459ms
 141: 0.317776ms
 142: 0.321881ms
 143: 0.302976ms
 144: 0.319757ms
 145: 0.319009ms
 146: 0.322357ms
 147: 0.318400ms
 148: 0.321922ms
 149: 0.321976ms
 150: 0.322528ms
 151: 0.322957ms
 152: 0.323651ms
 153: 0.323474ms
 154: 0.341451ms
 155: 0.330891ms
 156: 0.447729ms
 157: 0.326737ms
 158: 0.342663ms
 159: 0.344183ms
 160: 0.337398ms
 161: 0.333523ms
 162: 0.331747ms
 163: 0.460641ms
 164: 0.450774ms
 165: 0.437637ms
 166: 0.455731ms
 167: 0.324644ms
 168: 0.331143ms
 169: 0.326265ms
 170: 0.328295ms
 171: 0.457443ms
 172: 0.326214ms
 173: 0.326041ms
 174: 0.438396ms
 175: 0.454817ms
 176: 0.330617ms
 177: 0.450542ms
 178: 0.333919ms
 179: 0.448173ms
 180: 0.336299ms
 181: 0.450699ms
 182: 0.328401ms
 183: 0.324209ms
 184: 0.343722ms
 185: 0.324892ms
 186: 0.333747ms
 187: 0.330484ms
 188: 0.408113ms
 189: 0.328191ms
 190: 0.326359ms
 191: 0.475302ms
 192: 0.325874ms
 193: 0.327377ms
 194: 0.328706ms
 195: 0.463694ms
 196: 0.326065ms
 197: 0.346294ms
 198: 0.486208ms
 199: 0.325394ms


Measurements
--------------------------
FFT Size            : 58^3
Threads             : 21
Batch               : 1
Iterations          : 200
Avg Tot Runtime     : 0.317203 ms
Runtime per batch   : 0.317203 ms
SD                  : 0.040990 ms
Q1                  : 0.295999 ms
Median              : 0.302717 ms
Q3                  : 0.321976 ms
