Expm 2: Streaming FFT

Printing individual runtimes:
 0: 0.461656ms
 1: 0.311795ms
 2: 0.298763ms
 3: 0.451803ms
 4: 0.297837ms
 5: 0.297044ms
 6: 0.303678ms
 7: 0.310725ms
 8: 0.309259ms
 9: 0.303157ms
 10: 0.442242ms
 11: 0.301887ms
 12: 0.307020ms
 13: 0.462474ms
 14: 0.299752ms
 15: 0.299460ms
 16: 0.296353ms
 17: 0.303277ms
 18: 0.463909ms
 19: 0.298774ms
 20: 0.301594ms
 21: 0.328387ms
 22: 0.457631ms
 23: 0.300450ms
 24: 0.299576ms
 25: 0.302231ms
 26: 0.300530ms
 27: 0.299803ms
 28: 0.302854ms
 29: 0.307320ms
 30: 0.293649ms
 31: 0.461637ms
 32: 0.295348ms
 33: 0.307072ms
 34: 0.304863ms
 35: 0.298615ms
 36: 0.296538ms
 37: 0.339140ms
 38: 0.322890ms
 39: 0.448500ms
 40: 0.326496ms
 41: 0.302081ms
 42: 0.300782ms
 43: 0.297335ms
 44: 0.297819ms
 45: 0.300670ms
 46: 0.296139ms
 47: 0.296430ms
 48: 0.299016ms
 49: 0.308560ms
 50: 0.309298ms
 51: 0.295646ms
 52: 0.297641ms
 53: 0.303998ms
 54: 0.305274ms
 55: 0.445501ms
 56: 0.292492ms
 57: 0.293396ms
 58: 0.295289ms
 59: 0.298012ms
 60: 0.300167ms
 61: 0.297301ms
 62: 0.328219ms
 63: 0.303693ms
 64: 0.305418ms
 65: 0.304767ms
 66: 0.300995ms
 67: 0.296822ms
 68: 0.300231ms
 69: 0.295325ms
 70: 0.308409ms
 71: 0.324119ms
 72: 0.297100ms
 73: 0.302980ms
 74: 0.297669ms
 75: 0.294898ms
 76: 0.312023ms
 77: 0.322868ms
 78: 0.341211ms
 79: 0.305119ms
 80: 0.314627ms
 81: 0.293678ms
 82: 0.297731ms
 83: 0.297079ms
 84: 0.347397ms
 85: 0.303704ms
 86: 0.466637ms
 87: 0.309780ms
 88: 0.305369ms
 89: 0.301142ms
 90: 0.303968ms
 91: 0.332500ms
 92: 0.301654ms
 93: 0.302398ms
 94: 0.301940ms
 95: 0.298034ms
 96: 0.449553ms
 97: 0.297060ms
 98: 0.304355ms
 99: 0.307850ms
 100: 0.301694ms
 101: 0.323459ms
 102: 0.297290ms
 103: 0.303870ms
 104: 0.304936ms
 105: 0.299662ms
 106: 0.302735ms
 107: 0.301060ms
 108: 0.303405ms
 109: 0.295955ms
 110: 0.337814ms
 111: 0.299314ms
 112: 0.299618ms
 113: 0.301915ms
 114: 0.306532ms
 115: 0.453046ms
 116: 0.307816ms
 117: 0.325865ms
 118: 0.330316ms
 119: 0.295810ms
 120: 0.303311ms
 121: 0.306248ms
 122: 0.304741ms
 123: 0.328723ms
 124: 0.298021ms
 125: 0.304293ms
 126: 0.306194ms
 127: 0.299848ms
 128: 0.298390ms
 129: 0.300829ms
 130: 0.297429ms
 131: 0.303824ms
 132: 0.296532ms
 133: 0.300757ms
 134: 0.298544ms
 135: 0.306663ms
 136: 0.308648ms
 137: 0.301491ms
 138: 0.322443ms
 139: 0.298368ms
 140: 0.293758ms
 141: 0.298405ms
 142: 0.343635ms
 143: 0.312079ms
 144: 0.334711ms
 145: 0.299733ms
 146: 0.308390ms
 147: 0.297334ms
 148: 0.296479ms
 149: 0.300593ms
 150: 0.306415ms
 151: 0.298316ms
 152: 0.308481ms
 153: 0.304470ms
 154: 0.310114ms
 155: 0.307497ms
 156: 0.296524ms
 157: 0.305724ms
 158: 0.321403ms
 159: 0.296230ms
 160: 0.299483ms
 161: 0.305645ms
 162: 0.298437ms
 163: 0.326446ms
 164: 0.307232ms
 165: 0.320316ms
 166: 0.308303ms
 167: 0.309069ms
 168: 0.297883ms
 169: 0.301766ms
 170: 0.326946ms
 171: 0.295829ms
 172: 0.317518ms
 173: 0.323628ms
 174: 0.296850ms
 175: 0.315639ms
 176: 0.302918ms
 177: 0.302618ms
 178: 0.332035ms
 179: 0.324762ms
 180: 0.296703ms
 181: 0.325245ms
 182: 0.305937ms
 183: 0.294613ms
 184: 0.297939ms
 185: 0.304112ms
 186: 0.298155ms
 187: 0.295425ms
 188: 0.292982ms
 189: 0.299790ms
 190: 0.301670ms
 191: 0.336808ms
 192: 0.304473ms
 193: 0.294986ms
 194: 0.295426ms
 195: 0.308455ms
 196: 0.305227ms
 197: 0.301823ms
 198: 0.295291ms
 199: 0.297894ms


-- Real : Q1: 50 Q2: 100 Q3: 150
-- Array: Q1: 49 Q2: 99 Q3: 149
Printing sorted runtimes:
 0: 0.297894ms
 1: 0.297060ms
 2: 0.297290ms
 3: 0.295291ms
 4: 0.297837ms
 5: 0.297044ms
 6: 0.295426ms
 7: 0.294986ms
 8: 0.297079ms
 9: 0.297731ms
 10: 0.292982ms
 11: 0.295425ms
 12: 0.293678ms
 13: 0.295955ms
 14: 0.294898ms
 15: 0.297669ms
 16: 0.296353ms
 17: 0.294613ms
 18: 0.296703ms
 19: 0.295810ms
 20: 0.297100ms
 21: 0.296850ms
 22: 0.295829ms
 23: 0.295325ms
 24: 0.296822ms
 25: 0.297883ms
 26: 0.297429ms
 27: 0.296532ms
 28: 0.297301ms
 29: 0.295289ms
 30: 0.293649ms
 31: 0.296230ms
 32: 0.295348ms
 33: 0.296524ms
 34: 0.293396ms
 35: 0.292492ms
 36: 0.296538ms
 37: 0.297641ms
 38: 0.296479ms
 39: 0.297334ms
 40: 0.295646ms
 41: 0.293758ms
 42: 0.296430ms
 43: 0.297335ms
 44: 0.297819ms
 45: 0.296139ms
 46: 0.298034ms
 47: 0.298021ms
 48: 0.297939ms
 49: 0.298012ms
 50: 0.298155ms
 51: 0.301670ms
 52: 0.298368ms
 53: 0.298390ms
 54: 0.298544ms
 55: 0.299314ms
 56: 0.298615ms
 57: 0.298774ms
 58: 0.298763ms
 59: 0.298405ms
 60: 0.299016ms
 61: 0.298437ms
 62: 0.299460ms
 63: 0.299618ms
 64: 0.299483ms
 65: 0.299662ms
 66: 0.299576ms
 67: 0.299790ms
 68: 0.300231ms
 69: 0.300450ms
 70: 0.299848ms
 71: 0.299803ms
 72: 0.300167ms
 73: 0.299733ms
 74: 0.300530ms
 75: 0.299752ms
 76: 0.300782ms
 77: 0.300757ms
 78: 0.300593ms
 79: 0.300670ms
 80: 0.301060ms
 81: 0.301594ms
 82: 0.300995ms
 83: 0.298316ms
 84: 0.300829ms
 85: 0.301142ms
 86: 0.301491ms
 87: 0.301654ms
 88: 0.301823ms
 89: 0.301694ms
 90: 0.301766ms
 91: 0.302735ms
 92: 0.302231ms
 93: 0.302398ms
 94: 0.301940ms
 95: 0.301887ms
 96: 0.301915ms
 97: 0.302618ms
 98: 0.302081ms
 99: 0.302854ms
 100: 0.302918ms
 101: 0.306415ms
 102: 0.302980ms
 103: 0.303870ms
 104: 0.303968ms
 105: 0.303277ms
 106: 0.303704ms
 107: 0.303998ms
 108: 0.303405ms
 109: 0.303824ms
 110: 0.303693ms
 111: 0.304293ms
 112: 0.303311ms
 113: 0.304112ms
 114: 0.303678ms
 115: 0.305369ms
 116: 0.305227ms
 117: 0.304473ms
 118: 0.304355ms
 119: 0.305937ms
 120: 0.304936ms
 121: 0.306248ms
 122: 0.304741ms
 123: 0.305645ms
 124: 0.305724ms
 125: 0.304470ms
 126: 0.306194ms
 127: 0.304863ms
 128: 0.304767ms
 129: 0.305418ms
 130: 0.303157ms
 131: 0.305119ms
 132: 0.305274ms
 133: 0.307497ms
 134: 0.307072ms
 135: 0.306663ms
 136: 0.307320ms
 137: 0.307232ms
 138: 0.306532ms
 139: 0.307020ms
 140: 0.308560ms
 141: 0.308455ms
 142: 0.307816ms
 143: 0.308481ms
 144: 0.308409ms
 145: 0.307850ms
 146: 0.308390ms
 147: 0.308303ms
 148: 0.308648ms
 149: 0.309069ms
 150: 0.309259ms
 151: 0.310725ms
 152: 0.309298ms
 153: 0.309780ms
 154: 0.310114ms
 155: 0.311795ms
 156: 0.322868ms
 157: 0.324119ms
 158: 0.321403ms
 159: 0.461637ms
 160: 0.337814ms
 161: 0.328723ms
 162: 0.312023ms
 163: 0.326446ms
 164: 0.339140ms
 165: 0.320316ms
 166: 0.322890ms
 167: 0.448500ms
 168: 0.347397ms
 169: 0.323459ms
 170: 0.326946ms
 171: 0.457631ms
 172: 0.317518ms
 173: 0.323628ms
 174: 0.328387ms
 175: 0.315639ms
 176: 0.461656ms
 177: 0.326496ms
 178: 0.332035ms
 179: 0.324762ms
 180: 0.463909ms
 181: 0.325245ms
 182: 0.334711ms
 183: 0.330316ms
 184: 0.462474ms
 185: 0.449553ms
 186: 0.312079ms
 187: 0.466637ms
 188: 0.442242ms
 189: 0.343635ms
 190: 0.314627ms
 191: 0.336808ms
 192: 0.325865ms
 193: 0.322443ms
 194: 0.332500ms
 195: 0.341211ms
 196: 0.328219ms
 197: 0.453046ms
 198: 0.451803ms
 199: 0.445501ms


Measurements
--------------------------
FFT Size            : 58^3
Threads             : 26
Batch               : 1
Iterations          : 200
Avg Tot Runtime     : 0.314556 ms
Runtime per batch   : 0.314556 ms
SD                  : 0.037240 ms
Q1                  : 0.298012 ms
Median              : 0.302886 ms
Q3                  : 0.309069 ms
