Expm 2: Streaming FFTW
FFTW Plan: Patient
-- Cannot import wisdom from ../../wisdom/singlenode/all/483/fftw_483_t36_b1.patient
-- Exporting wisdom file to ../../wisdom/singlenode/all/483/fftw_483_t36_b1.patient
Iteration: 0, 1, 2, 3, 4, 5, 6, 7, 8, 9, 10, 11, 12, 13, 14, 15, 16, 17, 18, 19, 20, 21, 22, 23, 24, 25, 26, 27, 28, 29, 30, 31, 32, 33, 34, 35, 36, 37, 38, 39, 40, 41, 42, 43, 44, 45, 46, 47, 48, 49, 
Printing individual runtimes:
 0: 178.810910ms
 1: 178.028643ms
 2: 178.445963ms
 3: 178.271283ms
 4: 178.524439ms
 5: 284.159492ms
 6: 178.306810ms
 7: 178.495727ms
 8: 178.460179ms
 9: 178.157650ms
 10: 178.747013ms
 11: 178.083254ms
 12: 309.284455ms
 13: 177.928972ms
 14: 178.026078ms
 15: 422.458380ms
 16: 323.739417ms
 17: 325.771545ms
 18: 266.346990ms
 19: 176.390887ms
 20: 176.329968ms
 21: 176.170986ms
 22: 176.883373ms
 23: 175.535845ms
 24: 292.198312ms
 25: 178.122215ms
 26: 175.453097ms
 27: 176.091693ms
 28: 175.959513ms
 29: 175.778517ms
 30: 175.832451ms
 31: 176.058814ms
 32: 175.541959ms
 33: 175.652789ms
 34: 175.797703ms
 35: 328.352383ms
 36: 177.038249ms
 37: 329.081714ms
 38: 321.948559ms
 39: 174.698328ms
 40: 175.373259ms
 41: 175.354604ms
 42: 175.062336ms
 43: 175.665248ms
 44: 175.026440ms
 45: 175.607247ms
 46: 175.001164ms
 47: 174.731294ms
 48: 175.230464ms
 49: 175.103572ms


Measurements
--------------------------
FFT Size            : 483^3
Threads             : 36
Batch               : 1
Iterations          : 50
Avg Tot Runtime     : 205.342404 ms
Runtime per batch   : 205.342404 ms
SD                  : 60.185243 ms
Throughput          : 10.708665 GFLOPs
Plan Time           : 189.054889 sec
