Expm 2: Streaming FFTW
FFTW Plan: Patient
-- Cannot import wisdom from ../../wisdom/singlenode/all/321/fftw_321_t40_b1.patient
-- Exporting wisdom file to ../../wisdom/singlenode/all/321/fftw_321_t40_b1.patient
Iteration: 0, 1, 2, 3, 4, 5, 6, 7, 8, 9, 10, 11, 12, 13, 14, 15, 16, 17, 18, 19, 20, 21, 22, 23, 24, 25, 26, 27, 28, 29, 30, 31, 32, 33, 34, 35, 36, 37, 38, 39, 40, 41, 42, 43, 44, 45, 46, 47, 48, 49, 
Printing individual runtimes:
 0: 82.677321ms
 1: 82.649096ms
 2: 82.645118ms
 3: 82.336009ms
 4: 82.429847ms
 5: 82.478360ms
 6: 82.392569ms
 7: 82.464601ms
 8: 82.612500ms
 9: 82.250861ms
 10: 183.766262ms
 11: 87.951700ms
 12: 84.344312ms
 13: 85.780897ms
 14: 84.319458ms
 15: 126.680324ms
 16: 126.065922ms
 17: 102.465313ms
 18: 82.345419ms
 19: 81.903528ms
 20: 93.715937ms
 21: 82.697683ms
 22: 82.667923ms
 23: 83.354704ms
 24: 85.538410ms
 25: 84.237157ms
 26: 83.632509ms
 27: 83.780278ms
 28: 82.906262ms
 29: 82.614245ms
 30: 114.897467ms
 31: 120.522450ms
 32: 82.677936ms
 33: 85.232300ms
 34: 82.849870ms
 35: 83.241475ms
 36: 83.895955ms
 37: 82.458720ms
 38: 82.804013ms
 39: 82.697705ms
 40: 84.330341ms
 41: 123.170589ms
 42: 82.682065ms
 43: 82.733077ms
 44: 82.649823ms
 45: 82.614707ms
 46: 82.619883ms
 47: 82.700155ms
 48: 82.664680ms
 49: 82.674706ms


Measurements
--------------------------
FFT Size            : 321^3
Threads             : 40
Batch               : 1
Iterations          : 50
Avg Tot Runtime     : 89.716449 ms
Runtime per batch   : 89.716449 ms
SD                  : 18.029118 ms
Throughput          : 4.491866 GFLOPs
Plan Time           : 166.293125 sec
