Expm 2: Streaming FFT

Printing individual runtimes:
 0: 0.159980ms
 1: 0.094939ms
 2: 0.090607ms
 3: 0.294189ms
 4: 0.099248ms
 5: 0.104108ms
 6: 0.091218ms
 7: 0.101590ms
 8: 0.310119ms
 9: 0.096202ms
 10: 0.097596ms
 11: 0.097181ms
 12: 0.097872ms
 13: 0.098726ms
 14: 0.090835ms
 15: 0.279786ms
 16: 0.087245ms
 17: 0.098138ms
 18: 0.097584ms
 19: 0.105593ms
 20: 0.092534ms
 21: 0.095466ms
 22: 0.097695ms
 23: 0.100809ms
 24: 0.094675ms
 25: 0.096923ms
 26: 0.089596ms
 27: 0.100453ms
 28: 0.177729ms
 29: 0.104839ms
 30: 0.112014ms
 31: 0.089104ms
 32: 0.100368ms
 33: 0.090770ms
 34: 0.098723ms
 35: 0.129006ms
 36: 0.091442ms
 37: 0.099538ms
 38: 0.097660ms
 39: 0.098309ms
 40: 0.104622ms
 41: 0.096270ms
 42: 0.112125ms
 43: 0.096221ms
 44: 0.091675ms
 45: 0.098633ms
 46: 0.099313ms
 47: 0.096793ms
 48: 0.099331ms
 49: 0.097891ms
 50: 0.090426ms
 51: 0.097441ms
 52: 0.098789ms
 53: 0.099558ms
 54: 0.097374ms
 55: 0.089748ms
 56: 0.275672ms
 57: 0.100906ms
 58: 0.097536ms
 59: 0.278413ms
 60: 0.100931ms
 61: 0.089236ms
 62: 0.098615ms
 63: 0.120821ms
 64: 0.098486ms
 65: 0.092992ms
 66: 0.098879ms
 67: 0.089670ms
 68: 0.100216ms
 69: 0.098793ms
 70: 0.094205ms
 71: 0.100432ms
 72: 0.099939ms
 73: 0.103588ms
 74: 0.099398ms
 75: 0.098457ms
 76: 0.099474ms
 77: 0.089619ms
 78: 0.098523ms
 79: 0.091599ms
 80: 0.103278ms
 81: 0.110693ms
 82: 0.118490ms
 83: 0.095422ms
 84: 0.094082ms
 85: 0.098217ms
 86: 0.098447ms
 87: 0.099254ms
 88: 0.099537ms
 89: 0.097572ms
 90: 0.094345ms
 91: 0.102784ms
 92: 0.088829ms
 93: 0.096165ms
 94: 0.099882ms
 95: 0.098177ms
 96: 0.099607ms
 97: 0.089667ms
 98: 0.090971ms
 99: 0.088497ms
 100: 0.097313ms
 101: 0.094683ms
 102: 0.097693ms
 103: 0.097399ms
 104: 0.099969ms
 105: 0.098512ms
 106: 0.097966ms
 107: 0.097921ms
 108: 0.099878ms
 109: 0.101189ms
 110: 0.098819ms
 111: 0.119324ms
 112: 0.097841ms
 113: 0.098557ms
 114: 0.104166ms
 115: 0.090482ms
 116: 0.119379ms
 117: 0.096859ms
 118: 0.091556ms
 119: 0.094273ms
 120: 0.096963ms
 121: 0.098622ms
 122: 0.097541ms
 123: 0.097610ms
 124: 0.098654ms
 125: 0.130083ms
 126: 0.085450ms
 127: 0.100016ms
 128: 0.097197ms
 129: 0.120740ms
 130: 0.101895ms
 131: 0.110626ms
 132: 0.098794ms
 133: 0.118139ms
 134: 0.112972ms
 135: 0.099453ms
 136: 0.103069ms
 137: 0.100114ms
 138: 0.106081ms
 139: 0.115633ms
 140: 0.117085ms
 141: 0.096851ms
 142: 0.117367ms
 143: 0.116054ms
 144: 0.123558ms
 145: 0.112974ms
 146: 0.098912ms
 147: 0.097550ms
 148: 0.100424ms
 149: 0.089230ms
 150: 0.102180ms
 151: 0.087894ms
 152: 0.098305ms
 153: 0.101072ms
 154: 0.119697ms
 155: 0.109429ms
 156: 0.095841ms
 157: 0.097825ms
 158: 0.099118ms
 159: 0.089225ms
 160: 0.090078ms
 161: 0.099863ms
 162: 0.099509ms
 163: 0.101826ms
 164: 0.122912ms
 165: 0.098731ms
 166: 0.097649ms
 167: 0.104106ms
 168: 0.100683ms
 169: 0.340012ms
 170: 0.087631ms
 171: 0.097943ms
 172: 0.097377ms
 173: 0.092031ms
 174: 0.097823ms
 175: 0.269568ms
 176: 0.105481ms
 177: 0.116542ms
 178: 0.097904ms
 179: 0.120158ms
 180: 0.089346ms
 181: 0.090791ms
 182: 0.100027ms
 183: 0.122106ms
 184: 0.099175ms
 185: 0.089132ms
 186: 0.153198ms
 187: 0.097808ms
 188: 0.100057ms
 189: 0.098429ms
 190: 0.090318ms
 191: 0.099571ms
 192: 0.099256ms
 193: 0.109057ms
 194: 0.097400ms
 195: 0.097069ms
 196: 0.112381ms
 197: 0.127941ms
 198: 0.125340ms
 199: 0.093567ms


-- Real : Q1: 50 Q2: 100 Q3: 150
-- Array: Q1: 49 Q2: 99 Q3: 149
Printing sorted runtimes:
 0: 0.094939ms
 1: 0.093567ms
 2: 0.090607ms
 3: 0.090318ms
 4: 0.089132ms
 5: 0.090791ms
 6: 0.091218ms
 7: 0.089346ms
 8: 0.092031ms
 9: 0.087631ms
 10: 0.090078ms
 11: 0.089225ms
 12: 0.087894ms
 13: 0.089230ms
 14: 0.090835ms
 15: 0.085450ms
 16: 0.087245ms
 17: 0.094273ms
 18: 0.091556ms
 19: 0.090482ms
 20: 0.092534ms
 21: 0.094683ms
 22: 0.088497ms
 23: 0.090971ms
 24: 0.094675ms
 25: 0.089667ms
 26: 0.089596ms
 27: 0.088829ms
 28: 0.094345ms
 29: 0.094082ms
 30: 0.091599ms
 31: 0.089104ms
 32: 0.089619ms
 33: 0.090770ms
 34: 0.094205ms
 35: 0.089670ms
 36: 0.091442ms
 37: 0.092992ms
 38: 0.089236ms
 39: 0.089748ms
 40: 0.090426ms
 41: 0.091675ms
 42: 0.096221ms
 43: 0.096202ms
 44: 0.095841ms
 45: 0.096165ms
 46: 0.095466ms
 47: 0.095422ms
 48: 0.096793ms
 49: 0.096270ms
 50: 0.096851ms
 51: 0.098429ms
 52: 0.096923ms
 53: 0.097823ms
 54: 0.097374ms
 55: 0.098309ms
 56: 0.097377ms
 57: 0.097943ms
 58: 0.097536ms
 59: 0.097904ms
 60: 0.097649ms
 61: 0.097660ms
 62: 0.096859ms
 63: 0.097596ms
 64: 0.097695ms
 65: 0.097181ms
 66: 0.097825ms
 67: 0.097441ms
 68: 0.098305ms
 69: 0.097872ms
 70: 0.097550ms
 71: 0.097808ms
 72: 0.097197ms
 73: 0.097610ms
 74: 0.097541ms
 75: 0.098177ms
 76: 0.096963ms
 77: 0.098138ms
 78: 0.097313ms
 79: 0.097584ms
 80: 0.097891ms
 81: 0.097069ms
 82: 0.097841ms
 83: 0.097400ms
 84: 0.097921ms
 85: 0.098217ms
 86: 0.097693ms
 87: 0.097966ms
 88: 0.097399ms
 89: 0.097572ms
 90: 0.098633ms
 91: 0.098447ms
 92: 0.098615ms
 93: 0.098557ms
 94: 0.098523ms
 95: 0.098457ms
 96: 0.098486ms
 97: 0.098622ms
 98: 0.098512ms
 99: 0.098654ms
 100: 0.098723ms
 101: 0.102180ms
 102: 0.098726ms
 103: 0.098731ms
 104: 0.099248ms
 105: 0.099118ms
 106: 0.099254ms
 107: 0.098879ms
 108: 0.098793ms
 109: 0.099313ms
 110: 0.098819ms
 111: 0.099256ms
 112: 0.098912ms
 113: 0.098794ms
 114: 0.099331ms
 115: 0.099175ms
 116: 0.100057ms
 117: 0.099571ms
 118: 0.100809ms
 119: 0.100368ms
 120: 0.099474ms
 121: 0.099607ms
 122: 0.099398ms
 123: 0.100027ms
 124: 0.101590ms
 125: 0.099882ms
 126: 0.100453ms
 127: 0.100016ms
 128: 0.099939ms
 129: 0.099558ms
 130: 0.101895ms
 131: 0.100906ms
 132: 0.100683ms
 133: 0.100931ms
 134: 0.099969ms
 135: 0.099453ms
 136: 0.101826ms
 137: 0.100114ms
 138: 0.099509ms
 139: 0.099863ms
 140: 0.099538ms
 141: 0.100432ms
 142: 0.099537ms
 143: 0.101072ms
 144: 0.100216ms
 145: 0.099878ms
 146: 0.098789ms
 147: 0.101189ms
 148: 0.100424ms
 149: 0.102784ms
 150: 0.103069ms
 151: 0.103588ms
 152: 0.103278ms
 153: 0.104106ms
 154: 0.104108ms
 155: 0.109429ms
 156: 0.104622ms
 157: 0.104839ms
 158: 0.109057ms
 159: 0.105481ms
 160: 0.104166ms
 161: 0.110626ms
 162: 0.106081ms
 163: 0.105593ms
 164: 0.112014ms
 165: 0.112125ms
 166: 0.112381ms
 167: 0.112972ms
 168: 0.110693ms
 169: 0.118139ms
 170: 0.120740ms
 171: 0.115633ms
 172: 0.117085ms
 173: 0.117367ms
 174: 0.119324ms
 175: 0.119697ms
 176: 0.116054ms
 177: 0.116542ms
 178: 0.119379ms
 179: 0.120158ms
 180: 0.112974ms
 181: 0.118490ms
 182: 0.127941ms
 183: 0.122106ms
 184: 0.125340ms
 185: 0.122912ms
 186: 0.120821ms
 187: 0.129006ms
 188: 0.123558ms
 189: 0.130083ms
 190: 0.294189ms
 191: 0.153198ms
 192: 0.269568ms
 193: 0.310119ms
 194: 0.275672ms
 195: 0.278413ms
 196: 0.340012ms
 197: 0.279786ms
 198: 0.177729ms
 199: 0.159980ms


Measurements
--------------------------
FFT Size            : 60^3
Threads             : 28
Batch               : 1
Iterations          : 200
Avg Tot Runtime     : 0.107904 ms
Runtime per batch   : 0.107904 ms
SD                  : 0.037281 ms
Q1                  : 0.096270 ms
Median              : 0.098688 ms
Q3                  : 0.102784 ms
