Expm 2: Streaming FFT

Printing individual runtimes:
 0: 0.167821ms
 1: 0.096142ms
 2: 0.078047ms
 3: 0.285220ms
 4: 0.098482ms
 5: 0.094780ms
 6: 0.122358ms
 7: 0.088949ms
 8: 0.091155ms
 9: 0.100128ms
 10: 0.281553ms
 11: 0.092383ms
 12: 0.090652ms
 13: 0.089503ms
 14: 0.180249ms
 15: 0.097878ms
 16: 0.092499ms
 17: 0.098887ms
 18: 0.089957ms
 19: 0.321534ms
 20: 0.111480ms
 21: 0.090592ms
 22: 0.297462ms
 23: 0.088265ms
 24: 0.087839ms
 25: 0.100338ms
 26: 0.095193ms
 27: 0.098759ms
 28: 0.097833ms
 29: 0.089472ms
 30: 0.096670ms
 31: 0.099717ms
 32: 0.281811ms
 33: 0.128894ms
 34: 0.090181ms
 35: 0.099501ms
 36: 0.101992ms
 37: 0.087788ms
 38: 0.123195ms
 39: 0.089263ms
 40: 0.130840ms
 41: 0.120936ms
 42: 0.290675ms
 43: 0.098637ms
 44: 0.091933ms
 45: 0.092305ms
 46: 0.095512ms
 47: 0.101453ms
 48: 0.091440ms
 49: 0.080245ms
 50: 0.120770ms
 51: 0.089146ms
 52: 0.091648ms
 53: 0.092007ms
 54: 0.304887ms
 55: 0.087591ms
 56: 0.087507ms
 57: 0.096614ms
 58: 0.091847ms
 59: 0.124911ms
 60: 0.099374ms
 61: 0.106817ms
 62: 0.096206ms
 63: 0.088422ms
 64: 0.100412ms
 65: 0.094949ms
 66: 0.098921ms
 67: 0.092169ms
 68: 0.099869ms
 69: 0.091379ms
 70: 0.091920ms
 71: 0.273648ms
 72: 0.090807ms
 73: 0.096200ms
 74: 0.121068ms
 75: 0.097049ms
 76: 0.091943ms
 77: 0.089467ms
 78: 0.078141ms
 79: 0.088822ms
 80: 0.123516ms
 81: 0.124090ms
 82: 0.121235ms
 83: 0.098285ms
 84: 0.089596ms
 85: 0.099346ms
 86: 0.113051ms
 87: 0.110208ms
 88: 0.126873ms
 89: 0.091269ms
 90: 0.286648ms
 91: 0.113854ms
 92: 0.090355ms
 93: 0.096977ms
 94: 0.090680ms
 95: 0.089621ms
 96: 0.098683ms
 97: 0.099913ms
 98: 0.097597ms
 99: 0.100327ms
 100: 0.089499ms
 101: 0.122941ms
 102: 0.124986ms
 103: 0.117968ms
 104: 0.087646ms
 105: 0.090369ms
 106: 0.088260ms
 107: 0.098246ms
 108: 0.106779ms
 109: 0.092671ms
 110: 0.130853ms
 111: 0.101250ms
 112: 0.132292ms
 113: 0.097750ms
 114: 0.090703ms
 115: 0.125968ms
 116: 0.090444ms
 117: 0.100659ms
 118: 0.105909ms
 119: 0.118339ms
 120: 0.081219ms
 121: 0.089075ms
 122: 0.079974ms
 123: 0.089787ms
 124: 0.097917ms
 125: 0.092748ms
 126: 0.097976ms
 127: 0.089683ms
 128: 0.091388ms
 129: 0.100412ms
 130: 0.286584ms
 131: 0.114022ms
 132: 0.101100ms
 133: 0.098381ms
 134: 0.091753ms
 135: 0.094502ms
 136: 0.105234ms
 137: 0.090017ms
 138: 0.091447ms
 139: 0.088654ms
 140: 0.091332ms
 141: 0.089359ms
 142: 0.121857ms
 143: 0.098355ms
 144: 0.108206ms
 145: 0.092724ms
 146: 0.089305ms
 147: 0.090370ms
 148: 0.098043ms
 149: 0.110232ms
 150: 0.091123ms
 151: 0.096894ms
 152: 0.090225ms
 153: 0.088857ms
 154: 0.111629ms
 155: 0.087394ms
 156: 0.088628ms
 157: 0.090976ms
 158: 0.099026ms
 159: 0.089533ms
 160: 0.089211ms
 161: 0.092964ms
 162: 0.132092ms
 163: 0.089473ms
 164: 0.092272ms
 165: 0.096226ms
 166: 0.096655ms
 167: 0.101939ms
 168: 0.096729ms
 169: 0.097857ms
 170: 0.095170ms
 171: 0.105574ms
 172: 0.096316ms
 173: 0.113482ms
 174: 0.092352ms
 175: 0.126548ms
 176: 0.113773ms
 177: 0.089078ms
 178: 0.090251ms
 179: 0.127491ms
 180: 0.116748ms
 181: 0.108350ms
 182: 0.097629ms
 183: 0.089674ms
 184: 0.087526ms
 185: 0.098740ms
 186: 0.112356ms
 187: 0.090521ms
 188: 0.089733ms
 189: 0.120738ms
 190: 0.123000ms
 191: 0.111747ms
 192: 0.090297ms
 193: 0.099178ms
 194: 0.096492ms
 195: 0.098956ms
 196: 0.093847ms
 197: 0.099817ms
 198: 0.090170ms
 199: 0.089533ms


-- Real : Q1: 50 Q2: 100 Q3: 150
-- Array: Q1: 49 Q2: 99 Q3: 149
Printing sorted runtimes:
 0: 0.089533ms
 1: 0.087526ms
 2: 0.078047ms
 3: 0.089078ms
 4: 0.089473ms
 5: 0.089211ms
 6: 0.089533ms
 7: 0.088949ms
 8: 0.088628ms
 9: 0.087394ms
 10: 0.088857ms
 11: 0.089305ms
 12: 0.089359ms
 13: 0.089503ms
 14: 0.088654ms
 15: 0.079974ms
 16: 0.089075ms
 17: 0.081219ms
 18: 0.088260ms
 19: 0.087646ms
 20: 0.089499ms
 21: 0.088822ms
 22: 0.078141ms
 23: 0.088265ms
 24: 0.087839ms
 25: 0.089467ms
 26: 0.088422ms
 27: 0.087507ms
 28: 0.087591ms
 29: 0.089472ms
 30: 0.089146ms
 31: 0.080245ms
 32: 0.089263ms
 33: 0.087788ms
 34: 0.090251ms
 35: 0.090181ms
 36: 0.090170ms
 37: 0.090017ms
 38: 0.089787ms
 39: 0.089674ms
 40: 0.089596ms
 41: 0.089621ms
 42: 0.090225ms
 43: 0.089683ms
 44: 0.089957ms
 45: 0.089733ms
 46: 0.090355ms
 47: 0.090297ms
 48: 0.090369ms
 49: 0.090370ms
 50: 0.090444ms
 51: 0.096614ms
 52: 0.090652ms
 53: 0.091155ms
 54: 0.090592ms
 55: 0.090976ms
 56: 0.090703ms
 57: 0.091123ms
 58: 0.090807ms
 59: 0.090680ms
 60: 0.091847ms
 61: 0.091332ms
 62: 0.091269ms
 63: 0.091753ms
 64: 0.091388ms
 65: 0.091933ms
 66: 0.092007ms
 67: 0.091943ms
 68: 0.091447ms
 69: 0.091379ms
 70: 0.091920ms
 71: 0.091648ms
 72: 0.091440ms
 73: 0.092169ms
 74: 0.096200ms
 75: 0.092383ms
 76: 0.090521ms
 77: 0.092499ms
 78: 0.092352ms
 79: 0.094949ms
 80: 0.096316ms
 81: 0.095170ms
 82: 0.095193ms
 83: 0.096206ms
 84: 0.092748ms
 85: 0.096142ms
 86: 0.092671ms
 87: 0.092964ms
 88: 0.096226ms
 89: 0.094780ms
 90: 0.092272ms
 91: 0.092724ms
 92: 0.093847ms
 93: 0.095512ms
 94: 0.092305ms
 95: 0.094502ms
 96: 0.096492ms
 97: 0.096729ms
 98: 0.096670ms
 99: 0.096655ms
 100: 0.096894ms
 101: 0.108206ms
 102: 0.097049ms
 103: 0.097878ms
 104: 0.097857ms
 105: 0.097597ms
 106: 0.097750ms
 107: 0.097629ms
 108: 0.097833ms
 109: 0.098381ms
 110: 0.098637ms
 111: 0.098246ms
 112: 0.098285ms
 113: 0.098482ms
 114: 0.098683ms
 115: 0.098043ms
 116: 0.098355ms
 117: 0.097917ms
 118: 0.097976ms
 119: 0.098740ms
 120: 0.098759ms
 121: 0.098921ms
 122: 0.098887ms
 123: 0.099346ms
 124: 0.099178ms
 125: 0.099026ms
 126: 0.098956ms
 127: 0.099374ms
 128: 0.100412ms
 129: 0.100412ms
 130: 0.099869ms
 131: 0.100338ms
 132: 0.099717ms
 133: 0.100659ms
 134: 0.100128ms
 135: 0.099913ms
 136: 0.100327ms
 137: 0.099817ms
 138: 0.099501ms
 139: 0.101992ms
 140: 0.105234ms
 141: 0.101100ms
 142: 0.101453ms
 143: 0.106817ms
 144: 0.105574ms
 145: 0.101939ms
 146: 0.106779ms
 147: 0.105909ms
 148: 0.101250ms
 149: 0.096977ms
 150: 0.108350ms
 151: 0.110208ms
 152: 0.112356ms
 153: 0.114022ms
 154: 0.111629ms
 155: 0.118339ms
 156: 0.120738ms
 157: 0.117968ms
 158: 0.110232ms
 159: 0.116748ms
 160: 0.113051ms
 161: 0.111480ms
 162: 0.113773ms
 163: 0.113854ms
 164: 0.113482ms
 165: 0.111747ms
 166: 0.120770ms
 167: 0.120936ms
 168: 0.121068ms
 169: 0.121235ms
 170: 0.124090ms
 171: 0.132292ms
 172: 0.123516ms
 173: 0.128894ms
 174: 0.126873ms
 175: 0.126548ms
 176: 0.132092ms
 177: 0.123000ms
 178: 0.122941ms
 179: 0.127491ms
 180: 0.122358ms
 181: 0.124986ms
 182: 0.130840ms
 183: 0.123195ms
 184: 0.124911ms
 185: 0.121857ms
 186: 0.130853ms
 187: 0.125968ms
 188: 0.304887ms
 189: 0.273648ms
 190: 0.285220ms
 191: 0.297462ms
 192: 0.290675ms
 193: 0.286648ms
 194: 0.321534ms
 195: 0.281811ms
 196: 0.281553ms
 197: 0.286584ms
 198: 0.180249ms
 199: 0.167821ms


Measurements
--------------------------
FFT Size            : 60^3
Threads             : 24
Batch               : 1
Iterations          : 200
Avg Tot Runtime     : 0.109475 ms
Runtime per batch   : 0.109475 ms
SD                  : 0.044019 ms
Q1                  : 0.090370 ms
Median              : 0.096775 ms
Q3                  : 0.108206 ms
