Expm 2: Streaming FFT

Printing individual runtimes:
 0: 0.342412ms
 1: 0.114495ms
 2: 0.107958ms
 3: 0.291251ms
 4: 0.110106ms
 5: 1.794513ms
 6: 0.130420ms
 7: 0.165501ms
 8: 0.076169ms
 9: 0.293681ms
 10: 0.104168ms
 11: 0.081650ms
 12: 0.202346ms
 13: 0.076556ms
 14: 0.306277ms
 15: 0.107996ms
 16: 0.108502ms
 17: 0.176811ms
 18: 0.105036ms
 19: 0.097978ms
 20: 0.304399ms
 21: 0.082985ms
 22: 0.098200ms
 23: 0.099012ms
 24: 0.095918ms
 25: 0.082952ms
 26: 0.168087ms
 27: 0.108530ms
 28: 0.119503ms
 29: 0.093096ms
 30: 0.096216ms
 31: 0.079438ms
 32: 0.316132ms
 33: 0.104884ms
 34: 0.096648ms
 35: 0.091723ms
 36: 0.104304ms
 37: 0.087150ms
 38: 0.080957ms
 39: 0.082914ms
 40: 0.101668ms
 41: 0.094285ms
 42: 0.099438ms
 43: 0.086541ms
 44: 0.180717ms
 45: 0.102603ms
 46: 0.086653ms
 47: 0.087435ms
 48: 0.094279ms
 49: 0.086662ms
 50: 0.098593ms
 51: 0.084182ms
 52: 0.114588ms
 53: 0.095682ms
 54: 0.087144ms
 55: 0.095062ms
 56: 0.361252ms
 57: 0.093656ms
 58: 0.089038ms
 59: 0.085045ms
 60: 0.092465ms
 61: 0.085317ms
 62: 0.088356ms
 63: 0.100363ms
 64: 0.087312ms
 65: 0.102069ms
 66: 0.168943ms
 67: 0.118638ms
 68: 0.096797ms
 69: 0.102452ms
 70: 0.087109ms
 71: 0.094458ms
 72: 0.093802ms
 73: 0.092410ms
 74: 0.103023ms
 75: 0.296635ms
 76: 0.102313ms
 77: 0.095753ms
 78: 0.088286ms
 79: 0.101723ms
 80: 0.086206ms
 81: 0.100008ms
 82: 0.095240ms
 83: 0.103451ms
 84: 0.087468ms
 85: 0.084148ms
 86: 0.087328ms
 87: 0.084222ms
 88: 0.101488ms
 89: 0.093382ms
 90: 0.100788ms
 91: 0.106833ms
 92: 0.105011ms
 93: 0.157975ms
 94: 0.078213ms
 95: 0.074973ms
 96: 0.097211ms
 97: 0.096243ms
 98: 0.083709ms
 99: 0.102031ms
 100: 0.096185ms
 101: 0.102641ms
 102: 0.075704ms
 103: 0.106434ms
 104: 0.102783ms
 105: 0.104370ms
 106: 0.100779ms
 107: 0.106507ms
 108: 0.103577ms
 109: 0.103234ms
 110: 0.091847ms
 111: 0.077834ms
 112: 0.103168ms
 113: 0.097997ms
 114: 0.098544ms
 115: 0.090598ms
 116: 0.094925ms
 117: 0.081417ms
 118: 0.096943ms
 119: 0.095009ms
 120: 0.096678ms
 121: 0.071301ms
 122: 0.104088ms
 123: 0.084672ms
 124: 0.100292ms
 125: 0.099051ms
 126: 0.112877ms
 127: 0.080225ms
 128: 0.099643ms
 129: 0.093496ms
 130: 0.084986ms
 131: 0.095768ms
 132: 0.092104ms
 133: 0.087501ms
 134: 0.102241ms
 135: 0.105437ms
 136: 0.097068ms
 137: 0.097319ms
 138: 0.079774ms
 139: 0.103126ms
 140: 0.099736ms
 141: 0.084005ms
 142: 0.362194ms
 143: 0.090828ms
 144: 0.098433ms
 145: 0.096452ms
 146: 0.092476ms
 147: 0.102919ms
 148: 0.084552ms
 149: 0.076269ms
 150: 0.096798ms
 151: 0.087390ms
 152: 0.084097ms
 153: 0.095918ms
 154: 0.105672ms
 155: 0.097212ms
 156: 0.103867ms
 157: 0.089591ms
 158: 0.147750ms
 159: 0.106839ms
 160: 0.095639ms
 161: 0.104006ms
 162: 0.097515ms
 163: 0.098768ms
 164: 0.087222ms
 165: 0.092375ms
 166: 0.102527ms
 167: 0.091134ms
 168: 0.096674ms
 169: 0.094189ms
 170: 0.084414ms
 171: 0.097965ms
 172: 0.095401ms
 173: 0.098463ms
 174: 0.099969ms
 175: 0.087660ms
 176: 0.098531ms
 177: 0.096048ms
 178: 0.087671ms
 179: 0.083792ms
 180: 0.083671ms
 181: 0.101497ms
 182: 0.122711ms
 183: 0.074697ms
 184: 0.095466ms
 185: 0.107950ms
 186: 0.099221ms
 187: 0.093210ms
 188: 0.104537ms
 189: 0.090688ms
 190: 0.079429ms
 191: 0.099958ms
 192: 0.106522ms
 193: 0.109653ms
 194: 0.315992ms
 195: 0.098951ms
 196: 0.087084ms
 197: 0.076179ms
 198: 0.084020ms
 199: 0.085524ms


-- Real : Q1: 50 Q2: 100 Q3: 150
-- Array: Q1: 49 Q2: 99 Q3: 149
Printing sorted runtimes:
 0: 0.085524ms
 1: 0.078213ms
 2: 0.084020ms
 3: 0.076179ms
 4: 0.074973ms
 5: 0.079429ms
 6: 0.083709ms
 7: 0.084222ms
 8: 0.076169ms
 9: 0.084148ms
 10: 0.074697ms
 11: 0.081650ms
 12: 0.083671ms
 13: 0.076556ms
 14: 0.083792ms
 15: 0.075704ms
 16: 0.077834ms
 17: 0.081417ms
 18: 0.071301ms
 19: 0.084414ms
 20: 0.084672ms
 21: 0.082985ms
 22: 0.080225ms
 23: 0.084986ms
 24: 0.085317ms
 25: 0.082952ms
 26: 0.085045ms
 27: 0.084182ms
 28: 0.079774ms
 29: 0.084005ms
 30: 0.082914ms
 31: 0.079438ms
 32: 0.084097ms
 33: 0.080957ms
 34: 0.076269ms
 35: 0.084552ms
 36: 0.087312ms
 37: 0.087150ms
 38: 0.087084ms
 39: 0.086206ms
 40: 0.087109ms
 41: 0.087222ms
 42: 0.087144ms
 43: 0.086541ms
 44: 0.086662ms
 45: 0.086653ms
 46: 0.087468ms
 47: 0.087435ms
 48: 0.087328ms
 49: 0.087390ms
 50: 0.087501ms
 51: 0.095466ms
 52: 0.087671ms
 53: 0.088286ms
 54: 0.088356ms
 55: 0.090688ms
 56: 0.089591ms
 57: 0.090828ms
 58: 0.089038ms
 59: 0.091134ms
 60: 0.091723ms
 61: 0.090598ms
 62: 0.091847ms
 63: 0.092375ms
 64: 0.092465ms
 65: 0.093496ms
 66: 0.094285ms
 67: 0.094189ms
 68: 0.093656ms
 69: 0.093210ms
 70: 0.092476ms
 71: 0.094458ms
 72: 0.093802ms
 73: 0.092410ms
 74: 0.093382ms
 75: 0.094925ms
 76: 0.092104ms
 77: 0.093096ms
 78: 0.094279ms
 79: 0.095009ms
 80: 0.087660ms
 81: 0.095062ms
 82: 0.095240ms
 83: 0.095401ms
 84: 0.096678ms
 85: 0.095918ms
 86: 0.095918ms
 87: 0.095768ms
 88: 0.096048ms
 89: 0.095682ms
 90: 0.095639ms
 91: 0.096185ms
 92: 0.096452ms
 93: 0.096648ms
 94: 0.096216ms
 95: 0.095753ms
 96: 0.096674ms
 97: 0.096243ms
 98: 0.096798ms
 99: 0.096797ms
 100: 0.096943ms
 101: 0.100779ms
 102: 0.097211ms
 103: 0.097515ms
 104: 0.097212ms
 105: 0.098463ms
 106: 0.098768ms
 107: 0.098531ms
 108: 0.097978ms
 109: 0.098433ms
 110: 0.097319ms
 111: 0.097965ms
 112: 0.098593ms
 113: 0.097997ms
 114: 0.098544ms
 115: 0.098200ms
 116: 0.098951ms
 117: 0.099012ms
 118: 0.099051ms
 119: 0.099958ms
 120: 0.099221ms
 121: 0.099969ms
 122: 0.097068ms
 123: 0.099438ms
 124: 0.100292ms
 125: 0.099736ms
 126: 0.100008ms
 127: 0.100363ms
 128: 0.099643ms
 129: 0.102527ms
 130: 0.101488ms
 131: 0.102452ms
 132: 0.102031ms
 133: 0.101668ms
 134: 0.102241ms
 135: 0.102069ms
 136: 0.101723ms
 137: 0.101497ms
 138: 0.100788ms
 139: 0.102313ms
 140: 0.102641ms
 141: 0.102603ms
 142: 0.103451ms
 143: 0.103126ms
 144: 0.103234ms
 145: 0.103023ms
 146: 0.103168ms
 147: 0.102919ms
 148: 0.102783ms
 149: 0.103577ms
 150: 0.103867ms
 151: 0.104088ms
 152: 0.104537ms
 153: 0.104370ms
 154: 0.104168ms
 155: 0.104304ms
 156: 0.104006ms
 157: 0.105672ms
 158: 0.104884ms
 159: 0.106839ms
 160: 0.106507ms
 161: 0.105011ms
 162: 0.106434ms
 163: 0.105036ms
 164: 0.105437ms
 165: 0.106833ms
 166: 0.107950ms
 167: 0.106522ms
 168: 0.108530ms
 169: 0.107996ms
 170: 0.109653ms
 171: 0.110106ms
 172: 0.112877ms
 173: 0.107958ms
 174: 0.108502ms
 175: 0.114495ms
 176: 0.157975ms
 177: 0.130420ms
 178: 0.147750ms
 179: 0.165501ms
 180: 0.119503ms
 181: 0.118638ms
 182: 0.122711ms
 183: 0.114588ms
 184: 0.168087ms
 185: 0.293681ms
 186: 0.202346ms
 187: 0.306277ms
 188: 0.176811ms
 189: 0.296635ms
 190: 1.794513ms
 191: 0.304399ms
 192: 0.342412ms
 193: 0.316132ms
 194: 0.315992ms
 195: 0.362194ms
 196: 0.180717ms
 197: 0.291251ms
 198: 0.361252ms
 199: 0.168943ms


Measurements
--------------------------
FFT Size            : 60^3
Threads             : 33
Batch               : 1
Iterations          : 200
Avg Tot Runtime     : 0.117818 ms
Runtime per batch   : 0.117818 ms
SD                  : 0.129585 ms
Q1                  : 0.087390 ms
Median              : 0.096870 ms
Q3                  : 0.103577 ms
