Expm 2: Streaming FFT

Printing individual runtimes:
 0: 0.223197ms
 1: 0.100712ms
 2: 0.104423ms
 3: 0.264609ms
 4: 0.129072ms
 5: 1.790059ms
 6: 0.076878ms
 7: 0.104074ms
 8: 0.084258ms
 9: 0.184295ms
 10: 0.098536ms
 11: 0.297603ms
 12: 0.099011ms
 13: 0.209349ms
 14: 0.079562ms
 15: 0.107757ms
 16: 0.302425ms
 17: 0.105586ms
 18: 0.077079ms
 19: 0.221385ms
 20: 0.106135ms
 21: 0.300770ms
 22: 0.100282ms
 23: 0.098135ms
 24: 0.104907ms
 25: 0.203192ms
 26: 0.095681ms
 27: 0.336695ms
 28: 0.096381ms
 29: 0.106804ms
 30: 0.091319ms
 31: 0.084754ms
 32: 0.166748ms
 33: 0.085408ms
 34: 0.096494ms
 35: 0.087556ms
 36: 0.100380ms
 37: 0.329840ms
 38: 0.106605ms
 39: 0.099265ms
 40: 0.171329ms
 41: 0.083901ms
 42: 0.098632ms
 43: 0.339457ms
 44: 0.105134ms
 45: 0.091332ms
 46: 0.103749ms
 47: 0.103373ms
 48: 0.097238ms
 49: 0.087654ms
 50: 0.097672ms
 51: 0.104481ms
 52: 0.089524ms
 53: 0.095395ms
 54: 0.097232ms
 55: 0.095273ms
 56: 0.182236ms
 57: 0.106120ms
 58: 0.090780ms
 59: 0.094560ms
 60: 0.112901ms
 61: 0.104031ms
 62: 0.106735ms
 63: 0.081683ms
 64: 0.096054ms
 65: 0.291106ms
 66: 0.096656ms
 67: 0.095405ms
 68: 0.095604ms
 69: 0.099743ms
 70: 0.099171ms
 71: 0.099587ms
 72: 0.097969ms
 73: 0.104764ms
 74: 0.096211ms
 75: 0.087978ms
 76: 0.102245ms
 77: 0.095848ms
 78: 0.098778ms
 79: 0.087442ms
 80: 0.098026ms
 81: 0.086358ms
 82: 0.105899ms
 83: 0.080553ms
 84: 0.103530ms
 85: 0.104852ms
 86: 0.105690ms
 87: 0.108583ms
 88: 0.099175ms
 89: 0.164253ms
 90: 0.093810ms
 91: 0.089894ms
 92: 0.093910ms
 93: 0.093318ms
 94: 0.101980ms
 95: 0.076742ms
 96: 0.095975ms
 97: 0.099253ms
 98: 0.098459ms
 99: 0.092654ms
 100: 0.093710ms
 101: 0.303593ms
 102: 0.095179ms
 103: 0.095012ms
 104: 0.094994ms
 105: 0.091267ms
 106: 0.081753ms
 107: 0.098765ms
 108: 0.080894ms
 109: 0.076769ms
 110: 0.105568ms
 111: 0.101658ms
 112: 0.104008ms
 113: 0.103813ms
 114: 0.104401ms
 115: 0.107449ms
 116: 0.122566ms
 117: 0.097200ms
 118: 0.094206ms
 119: 0.102280ms
 120: 0.087320ms
 121: 0.105870ms
 122: 0.104882ms
 123: 0.110315ms
 124: 0.108886ms
 125: 0.107540ms
 126: 0.084289ms
 127: 0.086816ms
 128: 0.089548ms
 129: 0.096270ms
 130: 0.094538ms
 131: 0.098896ms
 132: 0.101432ms
 133: 0.080668ms
 134: 0.109602ms
 135: 0.096177ms
 136: 0.101420ms
 137: 0.082038ms
 138: 0.095924ms
 139: 0.102742ms
 140: 0.104099ms
 141: 0.105275ms
 142: 0.104841ms
 143: 0.096293ms
 144: 0.097045ms
 145: 0.102123ms
 146: 0.103102ms
 147: 0.176301ms
 148: 0.103948ms
 149: 0.099344ms
 150: 0.075329ms
 151: 0.094557ms
 152: 0.098715ms
 153: 0.089455ms
 154: 0.084823ms
 155: 0.106382ms
 156: 0.099088ms
 157: 0.095247ms
 158: 0.097628ms
 159: 0.353674ms
 160: 0.089080ms
 161: 0.094959ms
 162: 0.087488ms
 163: 0.100501ms
 164: 0.099812ms
 165: 0.102089ms
 166: 0.079581ms
 167: 0.105135ms
 168: 0.164195ms
 169: 0.082878ms
 170: 0.084027ms
 171: 0.107133ms
 172: 0.095834ms
 173: 0.108900ms
 174: 0.105629ms
 175: 0.086364ms
 176: 0.104134ms
 177: 0.076493ms
 178: 0.098477ms
 179: 0.096952ms
 180: 0.092248ms
 181: 0.122158ms
 182: 0.084971ms
 183: 0.099196ms
 184: 0.094805ms
 185: 0.086317ms
 186: 0.100669ms
 187: 0.101372ms
 188: 0.098803ms
 189: 0.090899ms
 190: 0.095540ms
 191: 0.090376ms
 192: 0.096368ms
 193: 0.102981ms
 194: 0.094722ms
 195: 0.086662ms
 196: 0.099632ms
 197: 0.099413ms
 198: 0.091390ms
 199: 0.088746ms


-- Real : Q1: 50 Q2: 100 Q3: 150
-- Array: Q1: 49 Q2: 99 Q3: 149
Printing sorted runtimes:
 0: 0.089524ms
 1: 0.088746ms
 2: 0.087654ms
 3: 0.086662ms
 4: 0.081683ms
 5: 0.087978ms
 6: 0.076878ms
 7: 0.086317ms
 8: 0.084258ms
 9: 0.084971ms
 10: 0.087442ms
 11: 0.076493ms
 12: 0.086364ms
 13: 0.084027ms
 14: 0.079562ms
 15: 0.082878ms
 16: 0.079581ms
 17: 0.087488ms
 18: 0.077079ms
 19: 0.089080ms
 20: 0.084823ms
 21: 0.089455ms
 22: 0.075329ms
 23: 0.082038ms
 24: 0.080668ms
 25: 0.086358ms
 26: 0.086816ms
 27: 0.084289ms
 28: 0.087320ms
 29: 0.076769ms
 30: 0.080553ms
 31: 0.084754ms
 32: 0.080894ms
 33: 0.085408ms
 34: 0.081753ms
 35: 0.087556ms
 36: 0.083901ms
 37: 0.076742ms
 38: 0.093318ms
 39: 0.092654ms
 40: 0.089894ms
 41: 0.091267ms
 42: 0.091319ms
 43: 0.089548ms
 44: 0.092248ms
 45: 0.091332ms
 46: 0.090899ms
 47: 0.090376ms
 48: 0.090780ms
 49: 0.091390ms
 50: 0.093710ms
 51: 0.097672ms
 52: 0.096381ms
 53: 0.095395ms
 54: 0.097232ms
 55: 0.095273ms
 56: 0.094206ms
 57: 0.097200ms
 58: 0.097238ms
 59: 0.094560ms
 60: 0.094722ms
 61: 0.096368ms
 62: 0.095540ms
 63: 0.095681ms
 64: 0.096054ms
 65: 0.096270ms
 66: 0.096656ms
 67: 0.095405ms
 68: 0.095604ms
 69: 0.094538ms
 70: 0.096177ms
 71: 0.095924ms
 72: 0.096293ms
 73: 0.094805ms
 74: 0.096211ms
 75: 0.097045ms
 76: 0.096494ms
 77: 0.095848ms
 78: 0.094994ms
 79: 0.096952ms
 80: 0.095012ms
 81: 0.095179ms
 82: 0.094557ms
 83: 0.095975ms
 84: 0.095834ms
 85: 0.093910ms
 86: 0.095247ms
 87: 0.094959ms
 88: 0.093810ms
 89: 0.097628ms
 90: 0.098536ms
 91: 0.098026ms
 92: 0.098477ms
 93: 0.097969ms
 94: 0.098459ms
 95: 0.098135ms
 96: 0.098765ms
 97: 0.098715ms
 98: 0.098632ms
 99: 0.098778ms
 100: 0.098803ms
 101: 0.104481ms
 102: 0.099171ms
 103: 0.099088ms
 104: 0.099011ms
 105: 0.099175ms
 106: 0.100380ms
 107: 0.099344ms
 108: 0.099196ms
 109: 0.100282ms
 110: 0.099587ms
 111: 0.099253ms
 112: 0.099265ms
 113: 0.099812ms
 114: 0.099743ms
 115: 0.099413ms
 116: 0.100501ms
 117: 0.099632ms
 118: 0.100669ms
 119: 0.100712ms
 120: 0.102280ms
 121: 0.098896ms
 122: 0.104423ms
 123: 0.102981ms
 124: 0.104031ms
 125: 0.103373ms
 126: 0.101372ms
 127: 0.104074ms
 128: 0.103749ms
 129: 0.102245ms
 130: 0.104401ms
 131: 0.103813ms
 132: 0.101432ms
 133: 0.104134ms
 134: 0.103530ms
 135: 0.104008ms
 136: 0.101420ms
 137: 0.101658ms
 138: 0.102089ms
 139: 0.102742ms
 140: 0.104099ms
 141: 0.101980ms
 142: 0.103948ms
 143: 0.103102ms
 144: 0.102123ms
 145: 0.104852ms
 146: 0.104764ms
 147: 0.104841ms
 148: 0.104882ms
 149: 0.104907ms
 150: 0.105134ms
 151: 0.105870ms
 152: 0.105568ms
 153: 0.105586ms
 154: 0.105135ms
 155: 0.105629ms
 156: 0.105275ms
 157: 0.105690ms
 158: 0.105899ms
 159: 0.106382ms
 160: 0.106135ms
 161: 0.106605ms
 162: 0.106735ms
 163: 0.106120ms
 164: 0.106804ms
 165: 0.108583ms
 166: 0.302425ms
 167: 0.221385ms
 168: 0.164195ms
 169: 0.107757ms
 170: 0.209349ms
 171: 0.107133ms
 172: 0.109602ms
 173: 0.108900ms
 174: 0.353674ms
 175: 0.164253ms
 176: 0.171329ms
 177: 0.297603ms
 178: 0.339457ms
 179: 0.300770ms
 180: 0.107449ms
 181: 0.122158ms
 182: 0.184295ms
 183: 0.203192ms
 184: 0.329840ms
 185: 0.122566ms
 186: 0.291106ms
 187: 0.336695ms
 188: 0.107540ms
 189: 1.790059ms
 190: 0.223197ms
 191: 0.129072ms
 192: 0.108886ms
 193: 0.110315ms
 194: 0.112901ms
 195: 0.264609ms
 196: 0.303593ms
 197: 0.182236ms
 198: 0.176301ms
 199: 0.166748ms


Measurements
--------------------------
FFT Size            : 60^3
Threads             : 35
Batch               : 1
Iterations          : 200
Avg Tot Runtime     : 0.121048 ms
Runtime per batch   : 0.121048 ms
SD                  : 0.129029 ms
Q1                  : 0.091390 ms
Median              : 0.098790 ms
Q3                  : 0.104907 ms
