Expm 2: Streaming FFT

Printing individual runtimes:
 0: 0.213517ms
 1: 0.118414ms
 2: 0.104588ms
 3: 1.642595ms
 4: 0.088108ms
 5: 0.087058ms
 6: 0.088437ms
 7: 0.368868ms
 8: 0.091226ms
 9: 0.089641ms
 10: 0.080374ms
 11: 0.084583ms
 12: 0.345295ms
 13: 0.081713ms
 14: 0.090968ms
 15: 0.087248ms
 16: 0.087383ms
 17: 0.343981ms
 18: 0.082837ms
 19: 0.083883ms
 20: 0.106299ms
 21: 0.082801ms
 22: 0.093098ms
 23: 0.075769ms
 24: 0.321190ms
 25: 0.083620ms
 26: 0.083160ms
 27: 0.092039ms
 28: 0.108208ms
 29: 0.083853ms
 30: 0.086868ms
 31: 0.091250ms
 32: 0.416985ms
 33: 0.082190ms
 34: 0.084858ms
 35: 0.093546ms
 36: 0.097125ms
 37: 0.075004ms
 38: 0.101320ms
 39: 0.080519ms
 40: 0.081800ms
 41: 0.086143ms
 42: 0.335263ms
 43: 0.082671ms
 44: 0.086874ms
 45: 0.082319ms
 46: 0.075182ms
 47: 0.100414ms
 48: 0.086415ms
 49: 0.086018ms
 50: 0.082695ms
 51: 0.083536ms
 52: 0.078697ms
 53: 0.338528ms
 54: 0.083071ms
 55: 0.078861ms
 56: 0.077879ms
 57: 0.091222ms
 58: 0.080369ms
 59: 0.090896ms
 60: 0.087846ms
 61: 0.087130ms
 62: 0.106595ms
 63: 0.083811ms
 64: 0.076528ms
 65: 0.084481ms
 66: 0.083388ms
 67: 0.088816ms
 68: 0.379232ms
 69: 0.091504ms
 70: 0.086783ms
 71: 0.087592ms
 72: 0.093201ms
 73: 0.087865ms
 74: 0.087956ms
 75: 0.095568ms
 76: 0.082880ms
 77: 0.077542ms
 78: 0.082806ms
 79: 0.081780ms
 80: 0.083069ms
 81: 0.083081ms
 82: 0.085358ms
 83: 0.078164ms
 84: 0.087190ms
 85: 0.113877ms
 86: 0.085492ms
 87: 0.331089ms
 88: 0.084259ms
 89: 0.081158ms
 90: 0.077593ms
 91: 0.082225ms
 92: 0.090549ms
 93: 0.082637ms
 94: 0.095868ms
 95: 0.078016ms
 96: 0.097160ms
 97: 0.092285ms
 98: 0.075430ms
 99: 0.076686ms
 100: 0.092626ms
 101: 0.096019ms
 102: 0.093970ms
 103: 0.084854ms
 104: 0.076539ms
 105: 0.336497ms
 106: 0.087568ms
 107: 0.084762ms
 108: 0.084520ms
 109: 0.080963ms
 110: 0.089195ms
 111: 0.080971ms
 112: 0.083232ms
 113: 0.093492ms
 114: 0.087863ms
 115: 0.082719ms
 116: 0.081237ms
 117: 0.090846ms
 118: 0.097782ms
 119: 0.069755ms
 120: 0.087339ms
 121: 0.077933ms
 122: 0.083216ms
 123: 0.130427ms
 124: 0.097649ms
 125: 0.082800ms
 126: 0.088876ms
 127: 0.087601ms
 128: 0.086599ms
 129: 0.080041ms
 130: 0.122608ms
 131: 0.075514ms
 132: 0.088206ms
 133: 0.088024ms
 134: 0.077060ms
 135: 0.082377ms
 136: 0.340795ms
 137: 0.100865ms
 138: 0.093270ms
 139: 0.088843ms
 140: 0.088988ms
 141: 0.069307ms
 142: 0.098294ms
 143: 0.079683ms
 144: 0.083560ms
 145: 0.087756ms
 146: 0.085587ms
 147: 0.083557ms
 148: 0.068531ms
 149: 0.088386ms
 150: 0.081823ms
 151: 0.076294ms
 152: 0.088828ms
 153: 0.083692ms
 154: 0.098969ms
 155: 0.106714ms
 156: 0.083296ms
 157: 0.094825ms
 158: 0.081247ms
 159: 0.084622ms
 160: 0.084283ms
 161: 0.086821ms
 162: 0.363678ms
 163: 0.086970ms
 164: 0.087010ms
 165: 0.081001ms
 166: 0.094211ms
 167: 0.074436ms
 168: 0.089479ms
 169: 0.085582ms
 170: 0.082959ms
 171: 0.098448ms
 172: 0.077546ms
 173: 0.083878ms
 174: 0.085098ms
 175: 0.104440ms
 176: 0.093447ms
 177: 0.083015ms
 178: 0.095916ms
 179: 0.093226ms
 180: 0.083443ms
 181: 0.079371ms
 182: 0.084585ms
 183: 0.090166ms
 184: 0.088446ms
 185: 0.087975ms
 186: 0.084636ms
 187: 0.091659ms
 188: 0.083999ms
 189: 0.371474ms
 190: 0.090056ms
 191: 0.093092ms
 192: 0.085356ms
 193: 0.086918ms
 194: 0.084458ms
 195: 0.095022ms
 196: 0.076110ms
 197: 0.103703ms
 198: 0.081951ms
 199: 0.077517ms


-- Real : Q1: 50 Q2: 100 Q3: 150
-- Array: Q1: 49 Q2: 99 Q3: 149
Printing sorted runtimes:
 0: 0.077546ms
 1: 0.077517ms
 2: 0.076528ms
 3: 0.076110ms
 4: 0.077542ms
 5: 0.068531ms
 6: 0.069307ms
 7: 0.075182ms
 8: 0.076294ms
 9: 0.075004ms
 10: 0.074436ms
 11: 0.077060ms
 12: 0.075514ms
 13: 0.075430ms
 14: 0.076686ms
 15: 0.076539ms
 16: 0.075769ms
 17: 0.069755ms
 18: 0.082671ms
 19: 0.077933ms
 20: 0.081951ms
 21: 0.079683ms
 22: 0.081247ms
 23: 0.081780ms
 24: 0.081237ms
 25: 0.080369ms
 26: 0.077879ms
 27: 0.078861ms
 28: 0.080971ms
 29: 0.080963ms
 30: 0.078697ms
 31: 0.080041ms
 32: 0.081713ms
 33: 0.082190ms
 34: 0.081001ms
 35: 0.078016ms
 36: 0.080374ms
 37: 0.082377ms
 38: 0.082637ms
 39: 0.080519ms
 40: 0.081800ms
 41: 0.082225ms
 42: 0.079371ms
 43: 0.078164ms
 44: 0.077593ms
 45: 0.082319ms
 46: 0.081823ms
 47: 0.081158ms
 48: 0.082719ms
 49: 0.082695ms
 50: 0.082800ms
 51: 0.084520ms
 52: 0.082806ms
 53: 0.082837ms
 54: 0.083071ms
 55: 0.083232ms
 56: 0.083160ms
 57: 0.083081ms
 58: 0.083015ms
 59: 0.083069ms
 60: 0.083296ms
 61: 0.083536ms
 62: 0.083443ms
 63: 0.082880ms
 64: 0.083216ms
 65: 0.082959ms
 66: 0.083388ms
 67: 0.083557ms
 68: 0.083878ms
 69: 0.083853ms
 70: 0.084283ms
 71: 0.083560ms
 72: 0.083620ms
 73: 0.084458ms
 74: 0.083999ms
 75: 0.084481ms
 76: 0.083811ms
 77: 0.083883ms
 78: 0.084259ms
 79: 0.083692ms
 80: 0.082801ms
 81: 0.085358ms
 82: 0.084762ms
 83: 0.084854ms
 84: 0.084636ms
 85: 0.084622ms
 86: 0.084858ms
 87: 0.084583ms
 88: 0.085098ms
 89: 0.084585ms
 90: 0.085356ms
 91: 0.086018ms
 92: 0.085582ms
 93: 0.085587ms
 94: 0.085492ms
 95: 0.086599ms
 96: 0.086143ms
 97: 0.086415ms
 98: 0.086783ms
 99: 0.086821ms
 100: 0.086868ms
 101: 0.087865ms
 102: 0.086918ms
 103: 0.086874ms
 104: 0.087010ms
 105: 0.087190ms
 106: 0.087058ms
 107: 0.087130ms
 108: 0.087248ms
 109: 0.087568ms
 110: 0.086970ms
 111: 0.087756ms
 112: 0.087592ms
 113: 0.087846ms
 114: 0.087863ms
 115: 0.087601ms
 116: 0.087383ms
 117: 0.087339ms
 118: 0.091250ms
 119: 0.090056ms
 120: 0.090846ms
 121: 0.090166ms
 122: 0.090549ms
 123: 0.089195ms
 124: 0.089479ms
 125: 0.091222ms
 126: 0.088876ms
 127: 0.088446ms
 128: 0.090896ms
 129: 0.090968ms
 130: 0.088828ms
 131: 0.087975ms
 132: 0.088206ms
 133: 0.088024ms
 134: 0.087956ms
 135: 0.089641ms
 136: 0.091226ms
 137: 0.088108ms
 138: 0.088386ms
 139: 0.088843ms
 140: 0.088988ms
 141: 0.088437ms
 142: 0.088816ms
 143: 0.092039ms
 144: 0.091659ms
 145: 0.091504ms
 146: 0.093098ms
 147: 0.092626ms
 148: 0.092285ms
 149: 0.093092ms
 150: 0.093201ms
 151: 0.095022ms
 152: 0.093270ms
 153: 0.097649ms
 154: 0.098969ms
 155: 0.098294ms
 156: 0.093546ms
 157: 0.094825ms
 158: 0.097782ms
 159: 0.093492ms
 160: 0.097125ms
 161: 0.093970ms
 162: 0.100414ms
 163: 0.096019ms
 164: 0.093226ms
 165: 0.097160ms
 166: 0.094211ms
 167: 0.095868ms
 168: 0.095916ms
 169: 0.093447ms
 170: 0.095568ms
 171: 0.098448ms
 172: 0.100865ms
 173: 0.379232ms
 174: 0.106595ms
 175: 0.104440ms
 176: 0.113877ms
 177: 0.338528ms
 178: 0.331089ms
 179: 0.213517ms
 180: 0.363678ms
 181: 0.335263ms
 182: 0.101320ms
 183: 0.336497ms
 184: 0.130427ms
 185: 0.416985ms
 186: 0.108208ms
 187: 0.321190ms
 188: 0.106714ms
 189: 0.371474ms
 190: 0.106299ms
 191: 0.122608ms
 192: 0.343981ms
 193: 0.345295ms
 194: 0.368868ms
 195: 0.340795ms
 196: 1.642595ms
 197: 0.103703ms
 198: 0.104588ms
 199: 0.118414ms


Measurements
--------------------------
FFT Size            : 60^3
Threads             : 30
Batch               : 1
Iterations          : 200
Avg Tot Runtime     : 0.112923 ms
Runtime per batch   : 0.112923 ms
SD                  : 0.127395 ms
Q1                  : 0.082695 ms
Median              : 0.086845 ms
Q3                  : 0.093092 ms
