Expm 2: Streaming FFTW
FFTW Plan: Patient
-- Cannot import wisdom from ../../wisdom/singlenode/all/44/fftw_44_t40_b1.patient
-- Exporting wisdom file to ../../wisdom/singlenode/all/44/fftw_44_t40_b1.patient
Iteration: 0, 1, 2, 3, 4, 5, 6, 7, 8, 9, 10, 11, 12, 13, 14, 15, 16, 17, 18, 19, 20, 21, 22, 23, 24, 25, 26, 27, 28, 29, 30, 31, 32, 33, 34, 35, 36, 37, 38, 39, 40, 41, 42, 43, 44, 45, 46, 47, 48, 49, 
Printing individual runtimes:
 0: 0.143721ms
 1: 0.216219ms
 2: 0.327064ms
 3: 0.766315ms
 4: 0.153756ms
 5: 0.085390ms
 6: 0.090795ms
 7: 0.082966ms
 8: 1.002989ms
 9: 0.083669ms
 10: 0.079622ms
 11: 0.084650ms
 12: 0.075239ms
 13: 0.073214ms
 14: 0.088813ms
 15: 0.072136ms
 16: 0.869417ms
 17: 0.188400ms
 18: 0.176735ms
 19: 0.181340ms
 20: 0.202322ms
 21: 0.084939ms
 22: 0.078763ms
 23: 0.086649ms
 24: 0.076373ms
 25: 0.137688ms
 26: 0.640975ms
 27: 0.082064ms
 28: 0.085274ms
 29: 0.074267ms
 30: 0.124573ms
 31: 0.220875ms
 32: 0.072722ms
 33: 0.073451ms
 34: 0.071013ms
 35: 0.071357ms
 36: 0.070232ms
 37: 0.075618ms
 38: 0.069624ms
 39: 0.071724ms
 40: 0.076564ms
 41: 0.074056ms
 42: 0.070204ms
 43: 0.071614ms
 44: 0.090214ms
 45: 0.082244ms
 46: 0.071460ms
 47: 0.074127ms
 48: 0.075103ms
 49: 0.069723ms


Measurements
--------------------------
FFT Size            : 44^3
Threads             : 40
Batch               : 1
Iterations          : 50
Avg Tot Runtime     : 0.161365 ms
Runtime per batch   : 0.161365 ms
SD                  : 0.204550 ms
Throughput          : 0.001436 GFLOPs
Plan Time           : 5.657684 sec
