Expm 2: Streaming FFT

Printing individual runtimes:
 0: 0.309988ms
 1: 0.098402ms
 2: 0.102003ms
 3: 0.197299ms
 4: 0.103915ms
 5: 0.112047ms
 6: 0.124337ms
 7: 0.100514ms
 8: 0.212507ms
 9: 0.129068ms
 10: 0.101426ms
 11: 0.099350ms
 12: 0.106109ms
 13: 0.100162ms
 14: 0.101515ms
 15: 0.133556ms
 16: 0.099611ms
 17: 0.098988ms
 18: 0.101321ms
 19: 0.122296ms
 20: 0.100599ms
 21: 0.197193ms
 22: 0.102285ms
 23: 0.100475ms
 24: 0.109648ms
 25: 0.098258ms
 26: 0.100952ms
 27: 0.103303ms
 28: 0.142034ms
 29: 0.117233ms
 30: 0.096426ms
 31: 0.094493ms
 32: 0.098901ms
 33: 0.107402ms
 34: 0.098502ms
 35: 0.109947ms
 36: 0.102652ms
 37: 0.102212ms
 38: 0.103451ms
 39: 0.100106ms
 40: 0.110906ms
 41: 0.098387ms
 42: 0.210148ms
 43: 0.092385ms
 44: 0.102303ms
 45: 0.100152ms
 46: 0.099262ms
 47: 0.102278ms
 48: 0.102010ms
 49: 0.123431ms
 50: 0.106053ms
 51: 0.098130ms
 52: 0.104180ms
 53: 0.100966ms
 54: 0.093695ms
 55: 0.091612ms
 56: 0.135905ms
 57: 0.102366ms
 58: 0.101882ms
 59: 0.105958ms
 60: 0.104100ms
 61: 0.100474ms
 62: 0.100877ms
 63: 0.110746ms
 64: 0.099802ms
 65: 0.103211ms
 66: 0.097464ms
 67: 0.097747ms
 68: 0.100623ms
 69: 0.104775ms
 70: 0.107323ms
 71: 0.096000ms
 72: 0.093153ms
 73: 0.111054ms
 74: 0.103217ms
 75: 0.093137ms
 76: 0.094320ms
 77: 0.105027ms
 78: 0.105091ms
 79: 0.102699ms
 80: 0.102782ms
 81: 0.102979ms
 82: 0.099293ms
 83: 0.093886ms
 84: 0.137752ms
 85: 0.222939ms
 86: 0.100705ms
 87: 0.092497ms
 88: 0.101797ms
 89: 0.090268ms
 90: 0.099844ms
 91: 0.099351ms
 92: 0.098801ms
 93: 0.102659ms
 94: 0.094364ms
 95: 0.102624ms
 96: 0.106130ms
 97: 0.123677ms
 98: 0.099878ms
 99: 0.095386ms
 100: 0.114860ms
 101: 0.089805ms
 102: 0.102045ms
 103: 0.103101ms
 104: 0.092181ms
 105: 0.091737ms
 106: 0.101259ms
 107: 0.090717ms
 108: 0.093062ms
 109: 0.096707ms
 110: 0.099539ms
 111: 0.107267ms
 112: 0.093932ms
 113: 0.106462ms
 114: 0.103772ms
 115: 0.184914ms
 116: 0.104114ms
 117: 0.103522ms
 118: 0.096617ms
 119: 0.103701ms
 120: 0.100291ms
 121: 0.101806ms
 122: 0.103261ms
 123: 0.101588ms
 124: 0.098776ms
 125: 0.095091ms
 126: 0.100391ms
 127: 0.101425ms
 128: 0.101406ms
 129: 0.103284ms
 130: 0.101275ms
 131: 0.100144ms
 132: 0.105851ms
 133: 0.104304ms
 134: 0.101897ms
 135: 0.105124ms
 136: 0.100847ms
 137: 0.103280ms
 138: 0.097425ms
 139: 0.100635ms
 140: 0.096454ms
 141: 0.102488ms
 142: 0.102542ms
 143: 0.092208ms
 144: 0.096227ms
 145: 0.103904ms
 146: 0.097037ms
 147: 0.092716ms
 148: 0.094743ms
 149: 0.098455ms
 150: 0.095741ms
 151: 0.105077ms
 152: 0.098017ms
 153: 0.099052ms
 154: 0.101238ms
 155: 0.101304ms
 156: 0.102535ms
 157: 0.102427ms
 158: 0.107109ms
 159: 0.100618ms
 160: 0.104500ms
 161: 0.100992ms
 162: 0.094287ms
 163: 0.103910ms
 164: 0.108749ms
 165: 0.100364ms
 166: 0.101034ms
 167: 0.098862ms
 168: 0.108601ms
 169: 0.120309ms
 170: 0.098952ms
 171: 0.094859ms
 172: 0.096862ms
 173: 0.199783ms
 174: 0.095874ms
 175: 0.101185ms
 176: 0.097723ms
 177: 0.098358ms
 178: 0.093463ms
 179: 0.103732ms
 180: 0.098736ms
 181: 0.095690ms
 182: 0.101092ms
 183: 0.103224ms
 184: 0.099582ms
 185: 0.104063ms
 186: 0.106954ms
 187: 0.100700ms
 188: 0.091613ms
 189: 0.095792ms
 190: 0.103752ms
 191: 0.097945ms
 192: 0.094517ms
 193: 0.094820ms
 194: 0.099958ms
 195: 0.100373ms
 196: 0.097766ms
 197: 0.095635ms
 198: 0.126540ms
 199: 0.102669ms


-- Real : Q1: 50 Q2: 100 Q3: 150
-- Array: Q1: 49 Q2: 99 Q3: 149
Printing sorted runtimes:
 0: 0.096000ms
 1: 0.094859ms
 2: 0.095091ms
 3: 0.095635ms
 4: 0.092497ms
 5: 0.093153ms
 6: 0.090268ms
 7: 0.092716ms
 8: 0.094820ms
 9: 0.094517ms
 10: 0.093695ms
 11: 0.093137ms
 12: 0.092385ms
 13: 0.093932ms
 14: 0.095874ms
 15: 0.095792ms
 16: 0.091612ms
 17: 0.094320ms
 18: 0.094364ms
 19: 0.091613ms
 20: 0.093062ms
 21: 0.090717ms
 22: 0.091737ms
 23: 0.092181ms
 24: 0.094287ms
 25: 0.095386ms
 26: 0.089805ms
 27: 0.092208ms
 28: 0.095690ms
 29: 0.094743ms
 30: 0.093886ms
 31: 0.094493ms
 32: 0.095741ms
 33: 0.093463ms
 34: 0.098017ms
 35: 0.096426ms
 36: 0.096862ms
 37: 0.096227ms
 38: 0.097723ms
 39: 0.097037ms
 40: 0.096707ms
 41: 0.097464ms
 42: 0.097747ms
 43: 0.097945ms
 44: 0.096454ms
 45: 0.097425ms
 46: 0.097766ms
 47: 0.096617ms
 48: 0.098130ms
 49: 0.098258ms
 50: 0.098358ms
 51: 0.101034ms
 52: 0.098952ms
 53: 0.099351ms
 54: 0.098801ms
 55: 0.098387ms
 56: 0.098862ms
 57: 0.099802ms
 58: 0.098502ms
 59: 0.099293ms
 60: 0.098455ms
 61: 0.098901ms
 62: 0.098736ms
 63: 0.099582ms
 64: 0.099052ms
 65: 0.098988ms
 66: 0.099611ms
 67: 0.099539ms
 68: 0.099350ms
 69: 0.098776ms
 70: 0.098402ms
 71: 0.100162ms
 72: 0.100618ms
 73: 0.100635ms
 74: 0.100599ms
 75: 0.100623ms
 76: 0.100992ms
 77: 0.100700ms
 78: 0.100391ms
 79: 0.100877ms
 80: 0.100474ms
 81: 0.100364ms
 82: 0.100514ms
 83: 0.100475ms
 84: 0.099262ms
 85: 0.100966ms
 86: 0.100705ms
 87: 0.100373ms
 88: 0.100847ms
 89: 0.100952ms
 90: 0.099844ms
 91: 0.100152ms
 92: 0.099958ms
 93: 0.099878ms
 94: 0.100144ms
 95: 0.100291ms
 96: 0.100106ms
 97: 0.101185ms
 98: 0.101092ms
 99: 0.101238ms
 100: 0.101259ms
 101: 0.102782ms
 102: 0.101304ms
 103: 0.101275ms
 104: 0.101406ms
 105: 0.101425ms
 106: 0.101806ms
 107: 0.101797ms
 108: 0.101426ms
 109: 0.101588ms
 110: 0.101515ms
 111: 0.102003ms
 112: 0.101882ms
 113: 0.101897ms
 114: 0.102488ms
 115: 0.102285ms
 116: 0.102542ms
 117: 0.102045ms
 118: 0.102652ms
 119: 0.102212ms
 120: 0.102624ms
 121: 0.102659ms
 122: 0.102303ms
 123: 0.102278ms
 124: 0.102010ms
 125: 0.102366ms
 126: 0.102669ms
 127: 0.102535ms
 128: 0.102427ms
 129: 0.102699ms
 130: 0.101321ms
 131: 0.103732ms
 132: 0.103701ms
 133: 0.103211ms
 134: 0.103522ms
 135: 0.103217ms
 136: 0.103284ms
 137: 0.103280ms
 138: 0.103261ms
 139: 0.102979ms
 140: 0.103451ms
 141: 0.103303ms
 142: 0.103101ms
 143: 0.103224ms
 144: 0.104063ms
 145: 0.103904ms
 146: 0.103910ms
 147: 0.103752ms
 148: 0.103915ms
 149: 0.103772ms
 150: 0.104100ms
 151: 0.104114ms
 152: 0.105077ms
 153: 0.105091ms
 154: 0.105027ms
 155: 0.105124ms
 156: 0.104180ms
 157: 0.105851ms
 158: 0.104304ms
 159: 0.104775ms
 160: 0.104500ms
 161: 0.107109ms
 162: 0.110746ms
 163: 0.107323ms
 164: 0.108749ms
 165: 0.111054ms
 166: 0.105958ms
 167: 0.135905ms
 168: 0.108601ms
 169: 0.120309ms
 170: 0.137752ms
 171: 0.106053ms
 172: 0.123431ms
 173: 0.199783ms
 174: 0.210148ms
 175: 0.110906ms
 176: 0.222939ms
 177: 0.109947ms
 178: 0.107402ms
 179: 0.106130ms
 180: 0.117233ms
 181: 0.142034ms
 182: 0.123677ms
 183: 0.114860ms
 184: 0.109648ms
 185: 0.107267ms
 186: 0.106954ms
 187: 0.197193ms
 188: 0.122296ms
 189: 0.133556ms
 190: 0.106462ms
 191: 0.106109ms
 192: 0.129068ms
 193: 0.212507ms
 194: 0.124337ms
 195: 0.112047ms
 196: 0.184914ms
 197: 0.197299ms
 198: 0.126540ms
 199: 0.309988ms


Measurements
--------------------------
FFT Size            : 38^3
Threads             : 29
Batch               : 1
Iterations          : 200
Avg Tot Runtime     : 0.106760 ms
Runtime per batch   : 0.106760 ms
SD                  : 0.024978 ms
Q1                  : 0.098258 ms
Median              : 0.101249 ms
Q3                  : 0.103772 ms
