Expm 2: Streaming FFT

Printing individual runtimes:
 0: 379.256535ms
 1: 397.846979ms
 2: 362.149618ms
 3: 397.310056ms
 4: 396.673076ms
 5: 394.721094ms
 6: 366.104515ms
 7: 384.538710ms
 8: 389.087625ms
 9: 395.332135ms
 10: 363.465280ms
 11: 359.491272ms
 12: 362.943452ms
 13: 359.561259ms
 14: 383.509652ms
 15: 390.475668ms
 16: 360.916558ms
 17: 361.896999ms
 18: 360.856607ms
 19: 361.431386ms
 20: 382.377507ms
 21: 387.756199ms
 22: 396.091778ms
 23: 395.993862ms
 24: 397.195101ms
 25: 366.941843ms
 26: 361.312347ms
 27: 366.613138ms
 28: 387.023902ms
 29: 383.803763ms
 30: 379.141257ms
 31: 396.572877ms
 32: 395.032911ms
 33: 362.858591ms
 34: 364.591546ms
 35: 391.279090ms
 36: 375.018869ms
 37: 362.163940ms
 38: 365.810737ms
 39: 393.528834ms
 40: 394.188278ms
 41: 386.017858ms
 42: 366.978264ms
 43: 368.249982ms
 44: 394.256795ms
 45: 383.941598ms
 46: 395.905818ms
 47: 394.455150ms
 48: 386.390869ms
 49: 390.397041ms
 50: 391.671341ms
 51: 393.443728ms
 52: 364.500773ms
 53: 395.889734ms
 54: 384.518725ms
 55: 369.397874ms
 56: 368.022926ms
 57: 366.853570ms
 58: 394.891064ms
 59: 392.617489ms
 60: 396.150713ms
 61: 394.804422ms
 62: 377.940949ms
 63: 371.513968ms
 64: 363.432946ms
 65: 362.783104ms
 66: 396.299134ms
 67: 361.295646ms
 68: 397.686278ms
 69: 363.639035ms
 70: 368.026943ms
 71: 392.534728ms
 72: 369.255317ms
 73: 366.465207ms
 74: 379.885321ms
 75: 362.116936ms
 76: 396.330608ms
 77: 362.562426ms
 78: 359.206042ms
 79: 396.358150ms
 80: 360.356415ms
 81: 359.061819ms
 82: 363.481209ms
 83: 364.685659ms
 84: 386.411271ms
 85: 339.628921ms
 86: 369.764343ms
 87: 388.569846ms
 88: 392.876353ms
 89: 367.760269ms
 90: 367.920663ms
 91: 389.522074ms
 92: 386.610292ms
 93: 360.974293ms
 94: 390.667139ms
 95: 393.854799ms
 96: 358.493260ms
 97: 363.732020ms
 98: 377.920823ms
 99: 375.084474ms
 100: 384.424410ms
 101: 383.818774ms
 102: 365.962466ms
 103: 367.214507ms
 104: 370.713817ms
 105: 374.211428ms
 106: 388.611784ms
 107: 363.220613ms
 108: 396.624180ms
 109: 395.371717ms
 110: 390.839154ms
 111: 395.861812ms
 112: 362.049114ms
 113: 359.635541ms
 114: 360.253003ms
 115: 394.447303ms
 116: 363.282671ms
 117: 397.009658ms
 118: 392.829516ms
 119: 364.699442ms
 120: 389.145611ms
 121: 372.877325ms
 122: 370.069841ms
 123: 368.045220ms
 124: 366.040834ms
 125: 364.500461ms
 126: 362.489001ms
 127: 398.528166ms
 128: 366.110005ms
 129: 357.024703ms
 130: 391.069970ms
 131: 369.597776ms
 132: 360.985138ms
 133: 386.140554ms
 134: 367.262247ms
 135: 346.297176ms
 136: 371.244428ms
 137: 369.153852ms
 138: 390.153892ms
 139: 392.995242ms
 140: 391.185600ms
 141: 391.854178ms
 142: 377.818160ms
 143: 373.365981ms
 144: 392.202946ms
 145: 395.872739ms
 146: 394.840709ms
 147: 396.799894ms
 148: 389.750411ms
 149: 376.979004ms
 150: 366.044936ms
 151: 396.199792ms
 152: 366.666529ms
 153: 358.565979ms
 154: 396.087292ms
 155: 391.099910ms
 156: 396.991343ms
 157: 401.232017ms
 158: 365.473861ms
 159: 360.623845ms
 160: 358.448163ms
 161: 381.188446ms
 162: 362.405285ms
 163: 367.300403ms
 164: 385.909654ms
 165: 360.816731ms
 166: 397.270583ms
 167: 387.103312ms
 168: 393.422557ms
 169: 362.755653ms
 170: 360.963296ms
 171: 370.263693ms
 172: 368.812815ms
 173: 356.966525ms
 174: 366.455096ms
 175: 360.242810ms
 176: 387.128339ms
 177: 364.668693ms
 178: 363.233328ms
 179: 397.399081ms
 180: 400.355208ms
 181: 386.605954ms
 182: 394.843127ms
 183: 384.187939ms
 184: 385.060346ms
 185: 358.983409ms
 186: 396.761931ms
 187: 365.272255ms
 188: 368.390538ms
 189: 391.130124ms
 190: 362.236806ms
 191: 383.548163ms
 192: 374.071658ms
 193: 386.057204ms
 194: 395.533742ms
 195: 395.750730ms
 196: 370.999212ms
 197: 396.683959ms
 198: 360.264182ms
 199: 384.689307ms


-- Real : Q1: 50 Q2: 100 Q3: 150
-- Array: Q1: 49 Q2: 99 Q3: 149
Printing sorted runtimes:
 0: 363.282671ms
 1: 360.253003ms
 2: 362.149618ms
 3: 360.264182ms
 4: 359.635541ms
 5: 362.049114ms
 6: 363.220613ms
 7: 358.493260ms
 8: 362.489001ms
 9: 362.236806ms
 10: 360.974293ms
 11: 359.491272ms
 12: 362.943452ms
 13: 359.561259ms
 14: 357.024703ms
 15: 360.985138ms
 16: 360.916558ms
 17: 361.896999ms
 18: 360.856607ms
 19: 361.431386ms
 20: 339.628921ms
 21: 359.061819ms
 22: 358.983409ms
 23: 360.356415ms
 24: 363.233328ms
 25: 346.297176ms
 26: 361.312347ms
 27: 359.206042ms
 28: 362.562426ms
 29: 362.116936ms
 30: 361.295646ms
 31: 360.242810ms
 32: 362.783104ms
 33: 362.858591ms
 34: 358.565979ms
 35: 356.966525ms
 36: 360.623845ms
 37: 362.163940ms
 38: 358.448163ms
 39: 362.405285ms
 40: 360.816731ms
 41: 360.963296ms
 42: 362.755653ms
 43: 363.639035ms
 44: 363.432946ms
 45: 363.481209ms
 46: 363.465280ms
 47: 364.500461ms
 48: 363.732020ms
 49: 364.500773ms
 50: 364.591546ms
 51: 370.713817ms
 52: 365.810737ms
 53: 365.473861ms
 54: 366.110005ms
 55: 364.685659ms
 56: 366.104515ms
 57: 366.853570ms
 58: 365.962466ms
 59: 366.666529ms
 60: 366.044936ms
 61: 365.272255ms
 62: 366.941843ms
 63: 366.613138ms
 64: 364.699442ms
 65: 366.455096ms
 66: 364.668693ms
 67: 366.465207ms
 68: 366.978264ms
 69: 366.040834ms
 70: 368.026943ms
 71: 369.153852ms
 72: 369.255317ms
 73: 368.249982ms
 74: 370.069841ms
 75: 368.045220ms
 76: 370.263693ms
 77: 367.214507ms
 78: 367.300403ms
 79: 368.812815ms
 80: 367.920663ms
 81: 367.760269ms
 82: 368.022926ms
 83: 369.397874ms
 84: 367.262247ms
 85: 369.597776ms
 86: 369.764343ms
 87: 368.390538ms
 88: 376.979004ms
 89: 370.999212ms
 90: 374.071658ms
 91: 372.877325ms
 92: 371.244428ms
 93: 375.018869ms
 94: 374.211428ms
 95: 373.365981ms
 96: 371.513968ms
 97: 375.084474ms
 98: 377.818160ms
 99: 377.920823ms
 100: 377.940949ms
 101: 391.130124ms
 102: 379.141257ms
 103: 381.188446ms
 104: 382.377507ms
 105: 379.885321ms
 106: 384.518725ms
 107: 383.941598ms
 108: 383.803763ms
 109: 383.548163ms
 110: 383.509652ms
 111: 386.140554ms
 112: 384.187939ms
 113: 386.017858ms
 114: 384.538710ms
 115: 384.689307ms
 116: 386.057204ms
 117: 385.060346ms
 118: 383.818774ms
 119: 385.909654ms
 120: 384.424410ms
 121: 386.390869ms
 122: 387.103312ms
 123: 387.756199ms
 124: 388.611784ms
 125: 389.145611ms
 126: 389.750411ms
 127: 389.087625ms
 128: 386.610292ms
 129: 389.522074ms
 130: 390.475668ms
 131: 387.128339ms
 132: 388.569846ms
 133: 390.397041ms
 134: 386.411271ms
 135: 386.605954ms
 136: 387.023902ms
 137: 390.153892ms
 138: 391.099910ms
 139: 379.256535ms
 140: 390.839154ms
 141: 390.667139ms
 142: 391.069970ms
 143: 392.202946ms
 144: 391.279090ms
 145: 391.671341ms
 146: 391.185600ms
 147: 391.854178ms
 148: 392.617489ms
 149: 392.534728ms
 150: 392.829516ms
 151: 392.876353ms
 152: 392.995242ms
 153: 393.422557ms
 154: 393.528834ms
 155: 393.854799ms
 156: 393.443728ms
 157: 394.188278ms
 158: 395.889734ms
 159: 396.991343ms
 160: 396.087292ms
 161: 394.891064ms
 162: 396.199792ms
 163: 394.455150ms
 164: 396.150713ms
 165: 395.905818ms
 166: 397.270583ms
 167: 394.804422ms
 168: 396.799894ms
 169: 394.256795ms
 170: 394.840709ms
 171: 401.232017ms
 172: 395.872739ms
 173: 396.299134ms
 174: 395.032911ms
 175: 396.572877ms
 176: 397.686278ms
 177: 396.330608ms
 178: 397.195101ms
 179: 397.399081ms
 180: 400.355208ms
 181: 396.358150ms
 182: 394.843127ms
 183: 395.993862ms
 184: 398.528166ms
 185: 396.091778ms
 186: 396.761931ms
 187: 396.624180ms
 188: 395.371717ms
 189: 395.861812ms
 190: 395.332135ms
 191: 397.009658ms
 192: 394.721094ms
 193: 394.447303ms
 194: 395.533742ms
 195: 395.750730ms
 196: 396.673076ms
 197: 396.683959ms
 198: 397.310056ms
 199: 397.846979ms


Measurements
--------------------------
FFT Size            : 512^3
Threads             : 4
Batch               : 1
Iterations          : 200
Avg Tot Runtime     : 378.107885 ms
Runtime per batch   : 378.107885 ms
SD                  : 14.402512 ms
Q1                  : 364.500773 ms
Median              : 377.930886 ms
Q3                  : 392.534728 ms
