Expm 2: Streaming FFT

Printing individual runtimes:
 0: 391.297593ms
 1: 407.886014ms
 2: 369.452081ms
 3: 383.605759ms
 4: 389.426518ms
 5: 386.543330ms
 6: 404.080228ms
 7: 412.554981ms
 8: 375.707662ms
 9: 391.888793ms
 10: 372.830233ms
 11: 393.771271ms
 12: 376.564211ms
 13: 412.310134ms
 14: 391.807618ms
 15: 376.798225ms
 16: 411.473066ms
 17: 399.967601ms
 18: 358.273520ms
 19: 383.167293ms
 20: 406.905356ms
 21: 373.585644ms
 22: 370.162498ms
 23: 362.105189ms
 24: 399.565319ms
 25: 408.336939ms
 26: 384.387472ms
 27: 395.726695ms
 28: 410.821478ms
 29: 377.311882ms
 30: 389.040252ms
 31: 389.989267ms
 32: 384.049997ms
 33: 378.789663ms
 34: 398.540107ms
 35: 374.932451ms
 36: 389.948415ms
 37: 407.499694ms
 38: 410.472902ms
 39: 401.901326ms
 40: 419.129337ms
 41: 407.775593ms
 42: 416.512407ms
 43: 369.459886ms
 44: 380.814074ms
 45: 407.564736ms
 46: 399.592711ms
 47: 384.662489ms
 48: 411.515332ms
 49: 371.908427ms
 50: 410.010404ms
 51: 398.339340ms
 52: 375.598675ms
 53: 393.849926ms
 54: 382.238175ms
 55: 378.136747ms
 56: 358.437044ms
 57: 394.081612ms
 58: 350.674038ms
 59: 360.168722ms
 60: 400.032441ms
 61: 404.306648ms
 62: 366.837477ms
 63: 424.969078ms
 64: 363.228128ms
 65: 377.464100ms
 66: 372.384711ms
 67: 392.862926ms
 68: 379.758228ms
 69: 382.840669ms
 70: 392.782186ms
 71: 419.017451ms
 72: 394.177320ms
 73: 383.979901ms
 74: 358.489100ms
 75: 380.133845ms
 76: 400.549515ms
 77: 402.940057ms
 78: 408.257765ms
 79: 388.632284ms
 80: 411.631609ms
 81: 375.851757ms
 82: 384.806844ms
 83: 405.749627ms
 84: 355.165062ms
 85: 422.930259ms
 86: 404.626731ms
 87: 401.005153ms
 88: 396.324509ms
 89: 401.629114ms
 90: 411.651343ms
 91: 402.861239ms
 92: 401.769985ms
 93: 405.780522ms
 94: 387.286515ms
 95: 393.965032ms
 96: 384.909557ms
 97: 401.346618ms
 98: 370.953614ms
 99: 399.746468ms
 100: 372.935226ms
 101: 360.752162ms
 102: 337.520257ms
 103: 377.439105ms
 104: 389.431878ms
 105: 391.986097ms
 106: 284.644204ms
 107: 271.941275ms
 108: 318.879218ms
 109: 303.869245ms
 110: 294.927660ms
 111: 271.473828ms
 112: 294.190728ms
 113: 284.689671ms
 114: 318.878292ms
 115: 268.241510ms
 116: 294.414443ms
 117: 313.781850ms
 118: 295.430246ms
 119: 276.414172ms
 120: 292.314321ms
 121: 300.965470ms
 122: 264.727690ms
 123: 349.988744ms
 124: 319.895651ms
 125: 299.229581ms
 126: 333.693613ms
 127: 295.552363ms
 128: 274.406151ms
 129: 311.843015ms
 130: 303.616122ms
 131: 314.432197ms
 132: 312.743956ms
 133: 316.743961ms
 134: 332.797180ms
 135: 314.868336ms
 136: 326.110320ms
 137: 274.312087ms
 138: 283.099428ms
 139: 284.286628ms
 140: 292.527547ms
 141: 359.042478ms
 142: 310.373875ms
 143: 282.206991ms
 144: 312.707277ms
 145: 293.255657ms
 146: 329.971672ms
 147: 275.748808ms
 148: 281.839292ms
 149: 325.872845ms
 150: 287.366275ms
 151: 334.368773ms
 152: 253.341322ms
 153: 316.833509ms
 154: 310.528044ms
 155: 293.201521ms
 156: 255.093453ms
 157: 327.122519ms
 158: 311.763227ms
 159: 299.446389ms
 160: 300.614342ms
 161: 305.563769ms
 162: 283.051462ms
 163: 273.942385ms
 164: 284.394587ms
 165: 293.730077ms
 166: 281.366282ms
 167: 304.483525ms
 168: 298.890210ms
 169: 283.086192ms
 170: 310.949805ms
 171: 310.614833ms
 172: 284.062208ms
 173: 281.377250ms
 174: 287.369114ms
 175: 291.379023ms
 176: 281.802312ms
 177: 278.554752ms
 178: 299.531402ms
 179: 284.147059ms
 180: 273.583922ms
 181: 270.462348ms
 182: 276.939634ms
 183: 273.633201ms
 184: 287.376398ms
 185: 323.349859ms
 186: 331.869494ms
 187: 278.004917ms
 188: 265.809173ms
 189: 273.786822ms
 190: 255.466723ms
 191: 294.823538ms
 192: 291.141461ms
 193: 258.340563ms
 194: 302.053625ms
 195: 290.962271ms
 196: 285.638844ms
 197: 296.908693ms
 198: 295.721326ms
 199: 314.686651ms


-- Real : Q1: 50 Q2: 100 Q3: 150
-- Array: Q1: 49 Q2: 99 Q3: 149
Printing sorted runtimes:
 0: 294.190728ms
 1: 283.099428ms
 2: 271.473828ms
 3: 284.286628ms
 4: 274.312087ms
 5: 285.638844ms
 6: 290.962271ms
 7: 292.527547ms
 8: 258.340563ms
 9: 291.141461ms
 10: 282.206991ms
 11: 293.255657ms
 12: 255.466723ms
 13: 273.786822ms
 14: 265.809173ms
 15: 278.004917ms
 16: 275.748808ms
 17: 271.941275ms
 18: 284.644204ms
 19: 287.376398ms
 20: 273.633201ms
 21: 276.939634ms
 22: 284.689671ms
 23: 268.241510ms
 24: 270.462348ms
 25: 273.583922ms
 26: 284.147059ms
 27: 281.839292ms
 28: 278.554752ms
 29: 281.802312ms
 30: 291.379023ms
 31: 287.369114ms
 32: 281.377250ms
 33: 284.062208ms
 34: 274.406151ms
 35: 287.366275ms
 36: 283.086192ms
 37: 264.727690ms
 38: 292.314321ms
 39: 281.366282ms
 40: 293.730077ms
 41: 284.394587ms
 42: 273.942385ms
 43: 253.341322ms
 44: 283.051462ms
 45: 276.414172ms
 46: 293.201521ms
 47: 255.093453ms
 48: 294.823538ms
 49: 294.414443ms
 50: 294.927660ms
 51: 323.349859ms
 52: 295.721326ms
 53: 295.552363ms
 54: 296.908693ms
 55: 305.563769ms
 56: 304.483525ms
 57: 300.965470ms
 58: 298.890210ms
 59: 299.229581ms
 60: 310.949805ms
 61: 310.528044ms
 62: 310.614833ms
 63: 299.531402ms
 64: 311.843015ms
 65: 303.869245ms
 66: 303.616122ms
 67: 300.614342ms
 68: 299.446389ms
 69: 312.707277ms
 70: 311.763227ms
 71: 310.373875ms
 72: 312.743956ms
 73: 302.053625ms
 74: 313.781850ms
 75: 314.432197ms
 76: 314.686651ms
 77: 295.430246ms
 78: 318.879218ms
 79: 314.868336ms
 80: 318.878292ms
 81: 316.743961ms
 82: 316.833509ms
 83: 319.895651ms
 84: 350.674038ms
 85: 337.520257ms
 86: 331.869494ms
 87: 326.110320ms
 88: 325.872845ms
 89: 333.693613ms
 90: 332.797180ms
 91: 329.971672ms
 92: 349.988744ms
 93: 327.122519ms
 94: 334.368773ms
 95: 358.489100ms
 96: 358.437044ms
 97: 358.273520ms
 98: 355.165062ms
 99: 359.042478ms
 100: 360.168722ms
 101: 376.798225ms
 102: 376.564211ms
 103: 362.105189ms
 104: 369.459886ms
 105: 370.162498ms
 106: 371.908427ms
 107: 370.953614ms
 108: 366.837477ms
 109: 363.228128ms
 110: 372.830233ms
 111: 369.452081ms
 112: 372.935226ms
 113: 375.598675ms
 114: 375.707662ms
 115: 374.932451ms
 116: 375.851757ms
 117: 373.585644ms
 118: 372.384711ms
 119: 360.752162ms
 120: 387.286515ms
 121: 380.814074ms
 122: 383.167293ms
 123: 384.387472ms
 124: 384.662489ms
 125: 382.238175ms
 126: 377.311882ms
 127: 378.136747ms
 128: 384.909557ms
 129: 377.464100ms
 130: 383.605759ms
 131: 384.049997ms
 132: 384.806844ms
 133: 379.758228ms
 134: 382.840669ms
 135: 377.439105ms
 136: 386.543330ms
 137: 378.789663ms
 138: 383.979901ms
 139: 380.133845ms
 140: 391.807618ms
 141: 389.040252ms
 142: 388.632284ms
 143: 389.948415ms
 144: 389.426518ms
 145: 391.297593ms
 146: 389.431878ms
 147: 389.989267ms
 148: 391.888793ms
 149: 391.986097ms
 150: 392.782186ms
 151: 394.081612ms
 152: 393.965032ms
 153: 393.771271ms
 154: 393.849926ms
 155: 394.177320ms
 156: 392.862926ms
 157: 398.339340ms
 158: 399.565319ms
 159: 395.726695ms
 160: 396.324509ms
 161: 398.540107ms
 162: 399.592711ms
 163: 399.746468ms
 164: 407.775593ms
 165: 407.564736ms
 166: 401.901326ms
 167: 400.032441ms
 168: 407.499694ms
 169: 404.306648ms
 170: 404.080228ms
 171: 400.549515ms
 172: 402.940057ms
 173: 405.749627ms
 174: 404.626731ms
 175: 401.005153ms
 176: 401.629114ms
 177: 399.967601ms
 178: 402.861239ms
 179: 401.769985ms
 180: 405.780522ms
 181: 401.346618ms
 182: 407.886014ms
 183: 406.905356ms
 184: 408.336939ms
 185: 410.821478ms
 186: 411.473066ms
 187: 410.472902ms
 188: 419.129337ms
 189: 412.310134ms
 190: 416.512407ms
 191: 411.515332ms
 192: 410.010404ms
 193: 424.969078ms
 194: 412.554981ms
 195: 419.017451ms
 196: 408.257765ms
 197: 411.631609ms
 198: 422.930259ms
 199: 411.651343ms


Measurements
--------------------------
FFT Size            : 512^3
Threads             : 30
Batch               : 1
Iterations          : 200
Avg Tot Runtime     : 345.635666 ms
Runtime per batch   : 345.635666 ms
SD                  : 50.672200 ms
Q1                  : 294.414443 ms
Median              : 359.605600 ms
Q3                  : 391.986097 ms
