Expm 2: Streaming FFT

Printing individual runtimes:
 0: 415.229954ms
 1: 455.723169ms
 2: 414.790209ms
 3: 477.362213ms
 4: 433.807931ms
 5: 431.643096ms
 6: 437.888529ms
 7: 449.858390ms
 8: 395.942206ms
 9: 395.152336ms
 10: 428.196758ms
 11: 386.070540ms
 12: 408.774884ms
 13: 425.095654ms
 14: 378.833813ms
 15: 430.934826ms
 16: 450.557157ms
 17: 372.065417ms
 18: 435.304710ms
 19: 435.787575ms
 20: 435.226733ms
 21: 435.180983ms
 22: 413.051390ms
 23: 366.238100ms
 24: 430.958838ms
 25: 455.932665ms
 26: 387.991042ms
 27: 416.792017ms
 28: 393.223083ms
 29: 381.917992ms
 30: 389.963275ms
 31: 371.336190ms
 32: 398.595956ms
 33: 374.827700ms
 34: 405.275725ms
 35: 386.127509ms
 36: 328.505314ms
 37: 421.405716ms
 38: 416.421755ms
 39: 389.637558ms
 40: 375.216777ms
 41: 399.762546ms
 42: 414.037678ms
 43: 380.725144ms
 44: 379.224010ms
 45: 400.641526ms
 46: 371.503146ms
 47: 396.878135ms
 48: 377.059142ms
 49: 423.022874ms
 50: 391.292680ms
 51: 431.901680ms
 52: 439.456956ms
 53: 377.266825ms
 54: 396.827997ms
 55: 392.612517ms
 56: 400.432725ms
 57: 356.371149ms
 58: 423.506199ms
 59: 349.583570ms
 60: 388.054847ms
 61: 413.254253ms
 62: 332.866197ms
 63: 398.755194ms
 64: 381.308564ms
 65: 445.906889ms
 66: 440.884905ms
 67: 369.297506ms
 68: 389.476236ms
 69: 399.925939ms
 70: 350.154213ms
 71: 376.932458ms
 72: 380.044783ms
 73: 394.157852ms
 74: 390.061356ms
 75: 422.751814ms
 76: 374.709121ms
 77: 411.492380ms
 78: 366.003241ms
 79: 330.872711ms
 80: 337.378261ms
 81: 438.023529ms
 82: 405.826725ms
 83: 432.148909ms
 84: 412.257991ms
 85: 385.135186ms
 86: 371.878818ms
 87: 397.360484ms
 88: 365.044131ms
 89: 377.205876ms
 90: 429.041922ms
 91: 394.636036ms
 92: 399.113999ms
 93: 420.510414ms
 94: 345.178780ms
 95: 373.455700ms
 96: 387.024810ms
 97: 347.181031ms
 98: 389.713378ms
 99: 369.173506ms
 100: 393.106194ms
 101: 398.967304ms
 102: 408.468841ms
 103: 350.638476ms
 104: 377.924917ms
 105: 431.805028ms
 106: 410.437418ms
 107: 384.913396ms
 108: 423.516587ms
 109: 320.874573ms
 110: 415.224605ms
 111: 352.418763ms
 112: 405.073923ms
 113: 384.978882ms
 114: 380.147003ms
 115: 414.766107ms
 116: 407.965617ms
 117: 420.467594ms
 118: 402.066185ms
 119: 359.969494ms
 120: 386.142516ms
 121: 403.190122ms
 122: 351.752631ms
 123: 397.383227ms
 124: 400.019010ms
 125: 440.169544ms
 126: 406.197814ms
 127: 421.892779ms
 128: 373.239249ms
 129: 398.173835ms
 130: 416.380817ms
 131: 382.318625ms
 132: 434.057090ms
 133: 357.900558ms
 134: 400.510699ms
 135: 407.528611ms
 136: 413.717649ms
 137: 384.393328ms
 138: 392.283899ms
 139: 436.332461ms
 140: 406.158520ms
 141: 384.491720ms
 142: 430.666432ms
 143: 421.863877ms
 144: 414.419555ms
 145: 360.224642ms
 146: 372.230633ms
 147: 376.669481ms
 148: 408.391915ms
 149: 431.429043ms
 150: 371.703382ms
 151: 334.922872ms
 152: 334.791457ms
 153: 417.104405ms
 154: 464.766630ms
 155: 398.512389ms
 156: 444.997935ms
 157: 353.128706ms
 158: 367.227818ms
 159: 424.927695ms
 160: 388.019566ms
 161: 407.534877ms
 162: 410.467221ms
 163: 421.773603ms
 164: 419.785838ms
 165: 369.807308ms
 166: 394.202592ms
 167: 444.948081ms
 168: 437.147262ms
 169: 432.943772ms
 170: 355.246331ms
 171: 369.203144ms
 172: 433.592820ms
 173: 431.676566ms
 174: 336.193699ms
 175: 445.276972ms
 176: 444.334874ms
 177: 381.188298ms
 178: 417.760250ms
 179: 428.160772ms
 180: 417.578082ms
 181: 422.680073ms
 182: 370.476156ms
 183: 448.324678ms
 184: 397.274260ms
 185: 421.981921ms
 186: 421.253815ms
 187: 439.630841ms
 188: 427.684000ms
 189: 419.889765ms
 190: 408.391617ms
 191: 423.238150ms
 192: 418.112393ms
 193: 457.463348ms
 194: 415.067846ms
 195: 418.276783ms
 196: 451.405256ms
 197: 370.935995ms
 198: 409.866389ms
 199: 420.639616ms


-- Real : Q1: 50 Q2: 100 Q3: 150
-- Array: Q1: 49 Q2: 99 Q3: 149
Printing sorted runtimes:
 0: 351.752631ms
 1: 349.583570ms
 2: 332.866197ms
 3: 350.154213ms
 4: 330.872711ms
 5: 328.505314ms
 6: 337.378261ms
 7: 334.791457ms
 8: 345.178780ms
 9: 320.874573ms
 10: 336.193699ms
 11: 334.922872ms
 12: 347.181031ms
 13: 350.638476ms
 14: 369.173506ms
 15: 356.371149ms
 16: 359.969494ms
 17: 367.227818ms
 18: 353.128706ms
 19: 366.003241ms
 20: 360.224642ms
 21: 352.418763ms
 22: 365.044131ms
 23: 366.238100ms
 24: 357.900558ms
 25: 355.246331ms
 26: 377.924917ms
 27: 369.203144ms
 28: 370.476156ms
 29: 372.065417ms
 30: 377.205876ms
 31: 371.336190ms
 32: 376.669481ms
 33: 374.827700ms
 34: 371.878818ms
 35: 371.703382ms
 36: 377.266825ms
 37: 370.935995ms
 38: 372.230633ms
 39: 373.455700ms
 40: 375.216777ms
 41: 374.709121ms
 42: 373.239249ms
 43: 369.297506ms
 44: 369.807308ms
 45: 377.059142ms
 46: 371.503146ms
 47: 376.932458ms
 48: 379.224010ms
 49: 378.833813ms
 50: 380.044783ms
 51: 387.024810ms
 52: 380.725144ms
 53: 381.188298ms
 54: 381.917992ms
 55: 381.308564ms
 56: 384.393328ms
 57: 382.318625ms
 58: 384.491720ms
 59: 380.147003ms
 60: 386.142516ms
 61: 384.978882ms
 62: 384.913396ms
 63: 386.070540ms
 64: 385.135186ms
 65: 386.127509ms
 66: 399.113999ms
 67: 397.383227ms
 68: 389.476236ms
 69: 392.283899ms
 70: 391.292680ms
 71: 396.878135ms
 72: 395.942206ms
 73: 394.157852ms
 74: 390.061356ms
 75: 395.152336ms
 76: 398.755194ms
 77: 396.827997ms
 78: 389.637558ms
 79: 394.202592ms
 80: 388.019566ms
 81: 398.512389ms
 82: 398.967304ms
 83: 398.173835ms
 84: 388.054847ms
 85: 392.612517ms
 86: 393.106194ms
 87: 397.360484ms
 88: 398.595956ms
 89: 389.963275ms
 90: 393.223083ms
 91: 394.636036ms
 92: 397.274260ms
 93: 387.991042ms
 94: 389.713378ms
 95: 400.510699ms
 96: 400.019010ms
 97: 399.925939ms
 98: 399.762546ms
 99: 400.432725ms
 100: 400.641526ms
 101: 415.229954ms
 102: 405.073923ms
 103: 403.190122ms
 104: 406.197814ms
 105: 407.965617ms
 106: 405.826725ms
 107: 405.275725ms
 108: 408.391617ms
 109: 407.534877ms
 110: 406.158520ms
 111: 407.528611ms
 112: 408.391915ms
 113: 410.437418ms
 114: 409.866389ms
 115: 408.774884ms
 116: 408.468841ms
 117: 410.467221ms
 118: 413.254253ms
 119: 413.051390ms
 120: 412.257991ms
 121: 411.492380ms
 122: 413.717649ms
 123: 414.419555ms
 124: 402.066185ms
 125: 414.037678ms
 126: 414.766107ms
 127: 415.224605ms
 128: 414.790209ms
 129: 415.067846ms
 130: 420.639616ms
 131: 419.785838ms
 132: 416.421755ms
 133: 416.792017ms
 134: 417.760250ms
 135: 417.578082ms
 136: 419.889765ms
 137: 418.112393ms
 138: 417.104405ms
 139: 418.276783ms
 140: 420.467594ms
 141: 420.510414ms
 142: 416.380817ms
 143: 421.863877ms
 144: 421.773603ms
 145: 421.253815ms
 146: 421.405716ms
 147: 422.680073ms
 148: 421.892779ms
 149: 421.981921ms
 150: 422.751814ms
 151: 423.022874ms
 152: 423.516587ms
 153: 423.506199ms
 154: 423.238150ms
 155: 438.023529ms
 156: 444.997935ms
 157: 464.766630ms
 158: 440.884905ms
 159: 424.927695ms
 160: 445.906889ms
 161: 432.148909ms
 162: 439.456956ms
 163: 429.041922ms
 164: 431.901680ms
 165: 431.805028ms
 166: 431.429043ms
 167: 444.948081ms
 168: 437.147262ms
 169: 432.943772ms
 170: 455.932665ms
 171: 430.958838ms
 172: 433.592820ms
 173: 431.676566ms
 174: 435.180983ms
 175: 445.276972ms
 176: 444.334874ms
 177: 435.226733ms
 178: 435.787575ms
 179: 428.160772ms
 180: 435.304710ms
 181: 440.169544ms
 182: 450.557157ms
 183: 448.324678ms
 184: 430.934826ms
 185: 434.057090ms
 186: 436.332461ms
 187: 439.630841ms
 188: 427.684000ms
 189: 425.095654ms
 190: 428.196758ms
 191: 430.666432ms
 192: 449.858390ms
 193: 457.463348ms
 194: 437.888529ms
 195: 431.643096ms
 196: 451.405256ms
 197: 433.807931ms
 198: 477.362213ms
 199: 455.723169ms


Measurements
--------------------------
FFT Size            : 512^3
Threads             : 27
Batch               : 1
Iterations          : 200
Avg Tot Runtime     : 400.922657 ms
Runtime per batch   : 400.922657 ms
SD                  : 30.202752 ms
Q1                  : 378.833813 ms
Median              : 400.537126 ms
Q3                  : 421.981921 ms
