Expm 2: Streaming FFT

Printing individual runtimes:
 0: 384.451937ms
 1: 375.293709ms
 2: 384.320453ms
 3: 363.507015ms
 4: 367.780138ms
 5: 391.410289ms
 6: 371.872125ms
 7: 377.361031ms
 8: 375.352693ms
 9: 356.594582ms
 10: 352.154239ms
 11: 369.873344ms
 12: 370.602514ms
 13: 389.531002ms
 14: 393.006782ms
 15: 371.543627ms
 16: 384.981025ms
 17: 385.849440ms
 18: 381.393410ms
 19: 384.504573ms
 20: 364.694076ms
 21: 377.794600ms
 22: 413.046381ms
 23: 404.599647ms
 24: 359.714248ms
 25: 365.194332ms
 26: 376.125267ms
 27: 365.102510ms
 28: 384.171826ms
 29: 368.883328ms
 30: 378.884718ms
 31: 391.596183ms
 32: 271.452766ms
 33: 303.495077ms
 34: 279.551449ms
 35: 292.669874ms
 36: 297.690375ms
 37: 321.581186ms
 38: 272.063057ms
 39: 290.125675ms
 40: 306.908159ms
 41: 270.562258ms
 42: 282.419930ms
 43: 288.829687ms
 44: 311.311463ms
 45: 301.248142ms
 46: 273.135380ms
 47: 245.503019ms
 48: 300.761563ms
 49: 294.395339ms
 50: 284.056551ms
 51: 264.738807ms
 52: 292.393278ms
 53: 297.047530ms
 54: 290.232128ms
 55: 296.233565ms
 56: 283.359311ms
 57: 299.275306ms
 58: 260.929244ms
 59: 318.512925ms
 60: 287.130593ms
 61: 294.487849ms
 62: 349.230349ms
 63: 322.394425ms
 64: 294.726177ms
 65: 305.517526ms
 66: 301.542444ms
 67: 294.265427ms
 68: 284.265132ms
 69: 306.738121ms
 70: 287.447295ms
 71: 292.300514ms
 72: 289.529995ms
 73: 294.036615ms
 74: 309.928762ms
 75: 304.528854ms
 76: 283.136362ms
 77: 308.658803ms
 78: 303.003460ms
 79: 299.676371ms
 80: 273.934403ms
 81: 277.727049ms
 82: 290.224449ms
 83: 316.794191ms
 84: 307.923184ms
 85: 312.188221ms
 86: 292.461849ms
 87: 289.079006ms
 88: 302.135770ms
 89: 296.865592ms
 90: 312.710427ms
 91: 319.384989ms
 92: 310.300588ms
 93: 291.439498ms
 94: 285.967697ms
 95: 288.139137ms
 96: 277.138615ms
 97: 307.533414ms
 98: 379.425918ms
 99: 382.614245ms
 100: 359.992721ms
 101: 380.133101ms
 102: 349.843543ms
 103: 355.039304ms
 104: 391.780593ms
 105: 383.402778ms
 106: 394.652532ms
 107: 385.854935ms
 108: 362.342287ms
 109: 367.842159ms
 110: 379.601895ms
 111: 387.525047ms
 112: 369.912171ms
 113: 389.038598ms
 114: 386.650752ms
 115: 380.022639ms
 116: 369.830143ms
 117: 351.399177ms
 118: 383.933699ms
 119: 351.240399ms
 120: 383.086351ms
 121: 381.637785ms
 122: 373.901968ms
 123: 384.238642ms
 124: 355.196553ms
 125: 369.347820ms
 126: 398.327559ms
 127: 349.482020ms
 128: 379.632973ms
 129: 386.335378ms
 130: 379.270720ms
 131: 383.944227ms
 132: 377.947616ms
 133: 399.449204ms
 134: 383.611500ms
 135: 375.002345ms
 136: 377.193474ms
 137: 386.646144ms
 138: 281.961419ms
 139: 324.217913ms
 140: 301.500411ms
 141: 289.949365ms
 142: 272.662168ms
 143: 292.095003ms
 144: 309.553306ms
 145: 296.444887ms
 146: 310.028718ms
 147: 303.523417ms
 148: 272.964270ms
 149: 313.598010ms
 150: 271.120531ms
 151: 333.149528ms
 152: 303.683102ms
 153: 274.549158ms
 154: 313.594258ms
 155: 288.079173ms
 156: 303.411134ms
 157: 282.794289ms
 158: 306.890797ms
 159: 274.019672ms
 160: 284.904558ms
 161: 317.996290ms
 162: 276.457558ms
 163: 251.076024ms
 164: 316.890043ms
 165: 295.751396ms
 166: 287.004016ms
 167: 284.903483ms
 168: 327.983798ms
 169: 273.517874ms
 170: 288.594319ms
 171: 268.998341ms
 172: 297.557941ms
 173: 306.083131ms
 174: 303.294203ms
 175: 292.978623ms
 176: 291.756024ms
 177: 265.645390ms
 178: 285.067008ms
 179: 286.011862ms
 180: 288.178968ms
 181: 308.037659ms
 182: 285.258417ms
 183: 293.483323ms
 184: 306.235488ms
 185: 294.667153ms
 186: 281.465081ms
 187: 286.239891ms
 188: 288.706073ms
 189: 293.989691ms
 190: 319.970591ms
 191: 320.206931ms
 192: 282.690090ms
 193: 310.306032ms
 194: 295.800502ms
 195: 303.600031ms
 196: 293.629643ms
 197: 291.332823ms
 198: 298.893228ms
 199: 302.460441ms


-- Real : Q1: 50 Q2: 100 Q3: 150
-- Array: Q1: 49 Q2: 99 Q3: 149
Printing sorted runtimes:
 0: 288.829687ms
 1: 281.961419ms
 2: 277.727049ms
 3: 273.934403ms
 4: 285.967697ms
 5: 283.136362ms
 6: 288.139137ms
 7: 277.138615ms
 8: 282.690090ms
 9: 272.662168ms
 10: 287.447295ms
 11: 268.998341ms
 12: 272.964270ms
 13: 284.265132ms
 14: 288.706073ms
 15: 286.239891ms
 16: 281.465081ms
 17: 288.594319ms
 18: 271.120531ms
 19: 273.517874ms
 20: 285.258417ms
 21: 274.549158ms
 22: 288.178968ms
 23: 286.011862ms
 24: 288.079173ms
 25: 285.067008ms
 26: 265.645390ms
 27: 284.903483ms
 28: 287.130593ms
 29: 282.794289ms
 30: 274.019672ms
 31: 287.004016ms
 32: 271.452766ms
 33: 284.904558ms
 34: 279.551449ms
 35: 260.929244ms
 36: 283.359311ms
 37: 276.457558ms
 38: 272.063057ms
 39: 264.738807ms
 40: 251.076024ms
 41: 270.562258ms
 42: 282.419930ms
 43: 284.056551ms
 44: 245.503019ms
 45: 273.135380ms
 46: 289.949365ms
 47: 289.529995ms
 48: 289.079006ms
 49: 290.125675ms
 50: 290.224449ms
 51: 296.865592ms
 52: 291.439498ms
 53: 291.332823ms
 54: 291.756024ms
 55: 292.095003ms
 56: 292.393278ms
 57: 292.300514ms
 58: 292.461849ms
 59: 294.036615ms
 60: 292.978623ms
 61: 294.487849ms
 62: 292.669874ms
 63: 293.483323ms
 64: 294.726177ms
 65: 294.667153ms
 66: 293.629643ms
 67: 294.265427ms
 68: 293.989691ms
 69: 294.395339ms
 70: 295.751396ms
 71: 296.444887ms
 72: 290.232128ms
 73: 296.233565ms
 74: 295.800502ms
 75: 303.294203ms
 76: 301.500411ms
 77: 297.690375ms
 78: 297.557941ms
 79: 299.676371ms
 80: 297.047530ms
 81: 298.893228ms
 82: 302.460441ms
 83: 299.275306ms
 84: 302.135770ms
 85: 300.761563ms
 86: 301.248142ms
 87: 301.542444ms
 88: 303.003460ms
 89: 306.083131ms
 90: 303.600031ms
 91: 303.495077ms
 92: 303.411134ms
 93: 303.683102ms
 94: 303.523417ms
 95: 304.528854ms
 96: 305.517526ms
 97: 306.738121ms
 98: 306.235488ms
 99: 306.890797ms
 100: 306.908159ms
 101: 349.843543ms
 102: 307.923184ms
 103: 312.188221ms
 104: 308.658803ms
 105: 310.028718ms
 106: 311.311463ms
 107: 308.037659ms
 108: 309.553306ms
 109: 309.928762ms
 110: 310.300588ms
 111: 310.306032ms
 112: 312.710427ms
 113: 313.594258ms
 114: 313.598010ms
 115: 317.996290ms
 116: 307.533414ms
 117: 324.217913ms
 118: 321.581186ms
 119: 316.794191ms
 120: 316.890043ms
 121: 318.512925ms
 122: 333.149528ms
 123: 349.230349ms
 124: 319.384989ms
 125: 322.394425ms
 126: 319.970591ms
 127: 349.482020ms
 128: 320.206931ms
 129: 327.983798ms
 130: 369.830143ms
 131: 355.039304ms
 132: 352.154239ms
 133: 356.594582ms
 134: 355.196553ms
 135: 351.240399ms
 136: 351.399177ms
 137: 359.992721ms
 138: 359.714248ms
 139: 363.507015ms
 140: 367.842159ms
 141: 367.780138ms
 142: 362.342287ms
 143: 368.883328ms
 144: 369.347820ms
 145: 365.102510ms
 146: 364.694076ms
 147: 365.194332ms
 148: 369.873344ms
 149: 369.912171ms
 150: 370.602514ms
 151: 371.872125ms
 152: 371.543627ms
 153: 375.002345ms
 154: 373.901968ms
 155: 375.293709ms
 156: 380.022639ms
 157: 386.650752ms
 158: 389.038598ms
 159: 383.933699ms
 160: 387.525047ms
 161: 379.601895ms
 162: 383.086351ms
 163: 381.637785ms
 164: 385.854935ms
 165: 394.652532ms
 166: 383.402778ms
 167: 391.780593ms
 168: 380.133101ms
 169: 384.451937ms
 170: 382.614245ms
 171: 379.425918ms
 172: 391.596183ms
 173: 378.884718ms
 174: 384.238642ms
 175: 384.171826ms
 176: 398.327559ms
 177: 376.125267ms
 178: 379.632973ms
 179: 404.599647ms
 180: 413.046381ms
 181: 377.794600ms
 182: 386.335378ms
 183: 384.504573ms
 184: 381.393410ms
 185: 385.849440ms
 186: 384.981025ms
 187: 379.270720ms
 188: 393.006782ms
 189: 389.531002ms
 190: 383.944227ms
 191: 377.947616ms
 192: 375.352693ms
 193: 377.361031ms
 194: 399.449204ms
 195: 391.410289ms
 196: 383.611500ms
 197: 377.193474ms
 198: 384.320453ms
 199: 386.646144ms


Measurements
--------------------------
FFT Size            : 512^3
Threads             : 31
Batch               : 1
Iterations          : 200
Avg Tot Runtime     : 324.349563 ms
Runtime per batch   : 324.349563 ms
SD                  : 42.369898 ms
Q1                  : 290.125675 ms
Median              : 306.899478 ms
Q3                  : 369.912171 ms
