Expm 2: Streaming FFTW
FFTW Plan: Patient
-- Cannot import wisdom from ../../wisdom/singlenode/all/635/fftw_635_t40_b1.patient
-- Exporting wisdom file to ../../wisdom/singlenode/all/635/fftw_635_t40_b1.patient
Iteration: 0, 1, 2, 3, 4, 5, 6, 7, 8, 9, 10, 11, 12, 13, 14, 15, 16, 17, 18, 19, 20, 21, 22, 23, 24, 25, 26, 27, 28, 29, 30, 31, 32, 33, 34, 35, 36, 37, 38, 39, 40, 41, 42, 43, 44, 45, 46, 47, 48, 49, 
Printing individual runtimes:
 0: 726.382460ms
 1: 470.923895ms
 2: 460.884148ms
 3: 424.524213ms
 4: 809.169772ms
 5: 412.533026ms
 6: 437.800596ms
 7: 652.561983ms
 8: 724.563129ms
 9: 359.063315ms
 10: 358.457447ms
 11: 357.942474ms
 12: 402.520663ms
 13: 358.619559ms
 14: 651.176991ms
 15: 680.636645ms
 16: 669.630985ms
 17: 713.997899ms
 18: 424.696966ms
 19: 354.838208ms
 20: 355.511133ms
 21: 677.235822ms
 22: 760.373065ms
 23: 394.950926ms
 24: 483.499435ms
 25: 437.276896ms
 26: 446.793627ms
 27: 359.551505ms
 28: 355.706283ms
 29: 673.400613ms
 30: 722.817187ms
 31: 547.295485ms
 32: 526.950263ms
 33: 354.770458ms
 34: 675.078763ms
 35: 656.652662ms
 36: 353.759674ms
 37: 355.534246ms
 38: 667.272717ms
 39: 714.407565ms
 40: 644.127283ms
 41: 355.669307ms
 42: 355.012006ms
 43: 355.235121ms
 44: 371.778266ms
 45: 669.871609ms
 46: 577.746562ms
 47: 641.384708ms
 48: 659.419541ms
 49: 660.612050ms


Measurements
--------------------------
FFT Size            : 635^3
Threads             : 40
Batch               : 1
Iterations          : 50
Avg Tot Runtime     : 525.212383 ms
Runtime per batch   : 525.212383 ms
SD                  : 149.312361 ms
Throughput          : 30.959212 GFLOPs
Plan Time           : 345.927327 sec
