Expm 2: Streaming FFTW
FFTW Plan: Patient
-- Cannot import wisdom from ../../wisdom/singlenode/all/635/fftw_635_t36_b1.patient
-- Exporting wisdom file to ../../wisdom/singlenode/all/635/fftw_635_t36_b1.patient
Iteration: 0, 1, 2, 3, 4, 5, 6, 7, 8, 9, 10, 11, 12, 13, 14, 15, 16, 17, 18, 19, 20, 21, 22, 23, 24, 25, 26, 27, 28, 29, 30, 31, 32, 33, 34, 35, 36, 37, 38, 39, 40, 41, 42, 43, 44, 45, 46, 47, 48, 49, 
Printing individual runtimes:
 0: 786.514643ms
 1: 486.715700ms
 2: 787.861178ms
 3: 497.295627ms
 4: 414.672632ms
 5: 741.372572ms
 6: 462.814933ms
 7: 413.426727ms
 8: 415.082516ms
 9: 416.177515ms
 10: 416.357722ms
 11: 760.790738ms
 12: 413.668791ms
 13: 413.990597ms
 14: 415.906802ms
 15: 415.778308ms
 16: 413.187548ms
 17: 414.773756ms
 18: 416.225242ms
 19: 416.458129ms
 20: 415.895942ms
 21: 415.525765ms
 22: 416.689924ms
 23: 421.295978ms
 24: 416.705385ms
 25: 416.756175ms
 26: 417.421747ms
 27: 415.910466ms
 28: 418.975350ms
 29: 414.640452ms
 30: 417.082938ms
 31: 415.237697ms
 32: 415.821979ms
 33: 416.140219ms
 34: 415.595385ms
 35: 416.848621ms
 36: 414.206458ms
 37: 413.377763ms
 38: 417.018481ms
 39: 417.205969ms
 40: 419.337674ms
 41: 417.824204ms
 42: 558.548995ms
 43: 416.353069ms
 44: 417.048497ms
 45: 430.911349ms
 46: 415.877057ms
 47: 740.584614ms
 48: 479.606806ms
 49: 431.590352ms


Measurements
--------------------------
FFT Size            : 635^3
Threads             : 36
Batch               : 1
Iterations          : 50
Avg Tot Runtime     : 459.502140 ms
Runtime per batch   : 459.502140 ms
SD                  : 104.859722 ms
Throughput          : 30.959212 GFLOPs
Plan Time           : 336.674260 sec
