Expm 2: Streaming FFTW
FFTW Plan: Patient
-- Cannot import wisdom from ../../wisdom/singlenode/all/656/fftw_656_t37_b1.patient
-- Exporting wisdom file to ../../wisdom/singlenode/all/656/fftw_656_t37_b1.patient
Iteration: 0, 1, 2, 3, 4, 5, 6, 7, 8, 9, 10, 11, 12, 13, 14, 15, 16, 17, 18, 19, 20, 21, 22, 23, 24, 25, 26, 27, 28, 29, 30, 31, 32, 33, 34, 35, 36, 37, 38, 39, 40, 41, 42, 43, 44, 45, 46, 47, 48, 49, 
Printing individual runtimes:
 0: 704.112748ms
 1: 615.935244ms
 2: 623.498686ms
 3: 672.290808ms
 4: 618.315677ms
 5: 625.698909ms
 6: 803.039580ms
 7: 614.275668ms
 8: 647.462410ms
 9: 734.791555ms
 10: 831.689192ms
 11: 1108.074088ms
 12: 616.643410ms
 13: 615.711915ms
 14: 616.794592ms
 15: 1051.170262ms
 16: 612.637409ms
 17: 608.927326ms
 18: 610.829010ms
 19: 610.840310ms
 20: 611.754784ms
 21: 610.903619ms
 22: 1014.090146ms
 23: 1105.808122ms
 24: 703.994672ms
 25: 996.971969ms
 26: 606.155831ms
 27: 609.085976ms
 28: 1102.774774ms
 29: 613.021263ms
 30: 613.574496ms
 31: 1134.801790ms
 32: 740.324330ms
 33: 635.339053ms
 34: 614.811311ms
 35: 612.540159ms
 36: 785.836051ms
 37: 1080.985314ms
 38: 612.049175ms
 39: 608.786869ms
 40: 674.807181ms
 41: 611.155033ms
 42: 610.525047ms
 43: 613.141758ms
 44: 611.429026ms
 45: 626.682572ms
 46: 610.589899ms
 47: 652.730772ms
 48: 788.924177ms
 49: 862.702847ms


Measurements
--------------------------
FFT Size            : 656^3
Threads             : 37
Batch               : 1
Iterations          : 50
Avg Tot Runtime     : 720.380736 ms
Runtime per batch   : 720.380736 ms
SD                  : 167.863133 ms
Throughput          : 41.421910 GFLOPs
Plan Time           : 2032.362338 sec
