Expm 2: Streaming FFTW
FFTW Plan: Patient
-- Cannot import wisdom from ../../wisdom/singlenode/all/293/fftw_293_t40_b1.patient
-- Exporting wisdom file to ../../wisdom/singlenode/all/293/fftw_293_t40_b1.patient
Iteration: 0, 1, 2, 3, 4, 5, 6, 7, 8, 9, 10, 11, 12, 13, 14, 15, 16, 17, 18, 19, 20, 21, 22, 23, 24, 25, 26, 27, 28, 29, 30, 31, 32, 33, 34, 35, 36, 37, 38, 39, 40, 41, 42, 43, 44, 45, 46, 47, 48, 49, 
Printing individual runtimes:
 0: 58.512596ms
 1: 42.143636ms
 2: 43.169842ms
 3: 42.513581ms
 4: 42.793105ms
 5: 41.336424ms
 6: 44.330522ms
 7: 42.199435ms
 8: 42.277104ms
 9: 42.872286ms
 10: 42.848934ms
 11: 42.228821ms
 12: 44.052912ms
 13: 41.001940ms
 14: 42.194236ms
 15: 41.648874ms
 16: 42.970517ms
 17: 43.539806ms
 18: 42.278252ms
 19: 42.811040ms
 20: 43.152644ms
 21: 42.155882ms
 22: 42.499655ms
 23: 43.183414ms
 24: 42.679069ms
 25: 42.865700ms
 26: 65.976766ms
 27: 43.116629ms
 28: 43.621788ms
 29: 43.108047ms
 30: 41.769259ms
 31: 41.753926ms
 32: 43.691885ms
 33: 43.014179ms
 34: 42.800714ms
 35: 42.370297ms
 36: 42.334957ms
 37: 42.760021ms
 38: 40.886992ms
 39: 70.937146ms
 40: 62.968532ms
 41: 41.220342ms
 42: 43.149227ms
 43: 38.514672ms
 44: 37.920209ms
 45: 38.383767ms
 46: 36.786178ms
 47: 39.932443ms
 48: 59.827104ms
 49: 39.792815ms


Measurements
--------------------------
FFT Size            : 293^3
Threads             : 40
Batch               : 1
Iterations          : 50
Avg Tot Runtime     : 44.217962 ms
Runtime per batch   : 44.217962 ms
SD                  : 6.799719 ms
Throughput          : 3.560845 GFLOPs
Plan Time           : 315.016449 sec
