Expm 2: Streaming FFTW
FFTW Plan: Patient
-- Cannot import wisdom from ../../wisdom/singlenode/all/267/fftw_267_t39_b1.patient
-- Exporting wisdom file to ../../wisdom/singlenode/all/267/fftw_267_t39_b1.patient
Iteration: 0, 1, 2, 3, 4, 5, 6, 7, 8, 9, 10, 11, 12, 13, 14, 15, 16, 17, 18, 19, 20, 21, 22, 23, 24, 25, 26, 27, 28, 29, 30, 31, 32, 33, 34, 35, 36, 37, 38, 39, 40, 41, 42, 43, 44, 45, 46, 47, 48, 49, 
Printing individual runtimes:
 0: 64.487090ms
 1: 34.608766ms
 2: 34.552636ms
 3: 34.428082ms
 4: 34.673982ms
 5: 34.321036ms
 6: 47.083926ms
 7: 34.613334ms
 8: 34.777423ms
 9: 34.532258ms
 10: 34.652912ms
 11: 34.798473ms
 12: 34.558246ms
 13: 34.634259ms
 14: 34.592173ms
 15: 34.355559ms
 16: 34.710543ms
 17: 34.624749ms
 18: 34.471839ms
 19: 34.388890ms
 20: 34.946501ms
 21: 34.181333ms
 22: 34.844186ms
 23: 34.589054ms
 24: 34.915618ms
 25: 34.484488ms
 26: 34.992919ms
 27: 34.540581ms
 28: 34.643339ms
 29: 34.712045ms
 30: 34.517567ms
 31: 34.500897ms
 32: 34.503729ms
 33: 34.378646ms
 34: 34.166584ms
 35: 34.202757ms
 36: 34.649950ms
 37: 34.519290ms
 38: 34.558949ms
 39: 34.348146ms
 40: 34.628572ms
 41: 34.399334ms
 42: 34.404752ms
 43: 34.465642ms
 44: 34.177789ms
 45: 34.492515ms
 46: 34.359860ms
 47: 34.404328ms
 48: 34.474289ms
 49: 34.764993ms


Measurements
--------------------------
FFT Size            : 267^3
Threads             : 39
Batch               : 1
Iterations          : 50
Avg Tot Runtime     : 35.392697 ms
Runtime per batch   : 35.392697 ms
SD                  : 4.515660 ms
Throughput          : 2.471875 GFLOPs
Plan Time           : 106.241466 sec
