Expm 2: Streaming FFTW
FFTW Plan: Patient
-- Cannot import wisdom from ../../wisdom/singlenode/all/267/fftw_267_t36_b1.patient
-- Exporting wisdom file to ../../wisdom/singlenode/all/267/fftw_267_t36_b1.patient
Iteration: 0, 1, 2, 3, 4, 5, 6, 7, 8, 9, 10, 11, 12, 13, 14, 15, 16, 17, 18, 19, 20, 21, 22, 23, 24, 25, 26, 27, 28, 29, 30, 31, 32, 33, 34, 35, 36, 37, 38, 39, 40, 41, 42, 43, 44, 45, 46, 47, 48, 49, 
Printing individual runtimes:
 0: 35.907242ms
 1: 36.437800ms
 2: 35.582542ms
 3: 36.352085ms
 4: 69.875977ms
 5: 38.321543ms
 6: 69.897032ms
 7: 76.786445ms
 8: 35.738542ms
 9: 36.303140ms
 10: 45.654422ms
 11: 35.657599ms
 12: 71.758588ms
 13: 35.641242ms
 14: 35.695221ms
 15: 35.810918ms
 16: 35.451984ms
 17: 38.624233ms
 18: 35.714363ms
 19: 35.565912ms
 20: 35.424047ms
 21: 38.573022ms
 22: 35.450294ms
 23: 35.825109ms
 24: 35.730644ms
 25: 36.083919ms
 26: 35.105612ms
 27: 35.117866ms
 28: 35.762308ms
 29: 36.113582ms
 30: 35.174766ms
 31: 36.217509ms
 32: 35.713446ms
 33: 35.350314ms
 34: 35.169057ms
 35: 35.488871ms
 36: 36.634660ms
 37: 35.096771ms
 38: 35.511517ms
 39: 37.204204ms
 40: 35.207550ms
 41: 35.308862ms
 42: 35.849204ms
 43: 35.516432ms
 44: 36.752965ms
 45: 36.404840ms
 46: 36.159393ms
 47: 36.635380ms
 48: 35.681678ms
 49: 36.150307ms


Measurements
--------------------------
FFT Size            : 267^3
Threads             : 36
Batch               : 1
Iterations          : 50
Avg Tot Runtime     : 39.063819 ms
Runtime per batch   : 39.063819 ms
SD                  : 9.892714 ms
Throughput          : 2.471875 GFLOPs
Plan Time           : 100.550600 sec
