Expm 2: Streaming FFTW
FFTW Plan: Patient
-- Cannot import wisdom from ../../wisdom/singlenode/all/267/fftw_267_t40_b1.patient
-- Exporting wisdom file to ../../wisdom/singlenode/all/267/fftw_267_t40_b1.patient
Iteration: 0, 1, 2, 3, 4, 5, 6, 7, 8, 9, 10, 11, 12, 13, 14, 15, 16, 17, 18, 19, 20, 21, 22, 23, 24, 25, 26, 27, 28, 29, 30, 31, 32, 33, 34, 35, 36, 37, 38, 39, 40, 41, 42, 43, 44, 45, 46, 47, 48, 49, 
Printing individual runtimes:
 0: 40.141098ms
 1: 52.682736ms
 2: 63.822794ms
 3: 36.441218ms
 4: 35.825510ms
 5: 36.773403ms
 6: 35.703288ms
 7: 35.330673ms
 8: 34.224850ms
 9: 35.285927ms
 10: 36.543024ms
 11: 35.180520ms
 12: 35.645489ms
 13: 35.525264ms
 14: 35.785207ms
 15: 37.120811ms
 16: 36.839059ms
 17: 36.456372ms
 18: 62.069628ms
 19: 35.409989ms
 20: 35.107330ms
 21: 34.858842ms
 22: 36.720174ms
 23: 34.341007ms
 24: 35.294337ms
 25: 62.525242ms
 26: 62.251301ms
 27: 35.047521ms
 28: 33.559142ms
 29: 35.104636ms
 30: 35.496453ms
 31: 35.113368ms
 32: 34.176134ms
 33: 34.753038ms
 34: 33.969129ms
 35: 36.443194ms
 36: 37.051237ms
 37: 35.583424ms
 38: 34.493259ms
 39: 34.923159ms
 40: 36.195597ms
 41: 35.591045ms
 42: 34.179795ms
 43: 35.695601ms
 44: 34.610099ms
 45: 63.659176ms
 46: 38.023385ms
 47: 36.173866ms
 48: 37.050379ms
 49: 36.721034ms


Measurements
--------------------------
FFT Size            : 267^3
Threads             : 40
Batch               : 1
Iterations          : 50
Avg Tot Runtime     : 38.750375 ms
Runtime per batch   : 38.750375 ms
SD                  : 8.458597 ms
Throughput          : 2.471875 GFLOPs
Plan Time           : 110.926795 sec
