Expm 2: Streaming FFTW
FFTW Plan: Patient
-- Cannot import wisdom from ../../wisdom/singlenode/all/255/fftw_255_t40_b1.patient
-- Exporting wisdom file to ../../wisdom/singlenode/all/255/fftw_255_t40_b1.patient
Iteration: 0, 1, 2, 3, 4, 5, 6, 7, 8, 9, 10, 11, 12, 13, 14, 15, 16, 17, 18, 19, 20, 21, 22, 23, 24, 25, 26, 27, 28, 29, 30, 31, 32, 33, 34, 35, 36, 37, 38, 39, 40, 41, 42, 43, 44, 45, 46, 47, 48, 49, 
Printing individual runtimes:
 0: 27.021243ms
 1: 20.446132ms
 2: 19.703792ms
 3: 19.773909ms
 4: 20.311647ms
 5: 19.742588ms
 6: 20.349476ms
 7: 19.769608ms
 8: 19.761410ms
 9: 19.776805ms
 10: 19.739719ms
 11: 19.755580ms
 12: 19.742618ms
 13: 19.740478ms
 14: 19.963773ms
 15: 19.727956ms
 16: 19.793179ms
 17: 19.764620ms
 18: 20.336737ms
 19: 19.796850ms
 20: 19.730291ms
 21: 38.538992ms
 22: 19.720137ms
 23: 19.781282ms
 24: 19.714068ms
 25: 19.710325ms
 26: 19.747739ms
 27: 19.761373ms
 28: 20.190319ms
 29: 20.822327ms
 30: 38.480391ms
 31: 40.713283ms
 32: 37.540152ms
 33: 19.874634ms
 34: 19.849816ms
 35: 19.898704ms
 36: 19.846333ms
 37: 19.696993ms
 38: 19.783498ms
 39: 19.747282ms
 40: 19.796859ms
 41: 19.753118ms
 42: 19.822626ms
 43: 19.823587ms
 44: 19.774344ms
 45: 19.881271ms
 46: 19.728488ms
 47: 19.752750ms
 48: 19.804515ms
 49: 20.319493ms


Measurements
--------------------------
FFT Size            : 255^3
Threads             : 40
Batch               : 1
Iterations          : 50
Avg Tot Runtime     : 21.532462 ms
Runtime per batch   : 21.532462 ms
SD                  : 5.209878 ms
Throughput          : 1.234825 GFLOPs
Plan Time           : 72.426607 sec
