Expm 2: Streaming FFT

Printing individual runtimes:
 0: 0.142369ms
 1: 0.020115ms
 2: 0.026475ms
 3: 0.156615ms
 4: 0.023400ms
 5: 0.027496ms
 6: 0.026741ms
 7: 0.018523ms
 8: 0.021894ms
 9: 0.021206ms
 10: 0.089095ms
 11: 0.022187ms
 12: 0.021006ms
 13: 0.023685ms
 14: 0.156985ms
 15: 0.020487ms
 16: 0.020754ms
 17: 0.021197ms
 18: 0.019970ms
 19: 0.137391ms
 20: 0.019970ms
 21: 0.021056ms
 22: 0.024837ms
 23: 0.022378ms
 24: 0.021508ms
 25: 0.028311ms
 26: 0.140024ms
 27: 0.022431ms
 28: 0.025462ms
 29: 0.154171ms
 30: 0.020356ms
 31: 0.020860ms
 32: 0.019650ms
 33: 0.019630ms
 34: 0.098360ms
 35: 0.020526ms
 36: 0.020591ms
 37: 0.020504ms
 38: 0.025188ms
 39: 0.021317ms
 40: 0.018727ms
 41: 0.020660ms
 42: 0.117350ms
 43: 0.022016ms
 44: 0.021091ms
 45: 0.023149ms
 46: 0.020027ms
 47: 0.026213ms
 48: 0.020392ms
 49: 0.020300ms
 50: 0.023081ms
 51: 0.019487ms
 52: 0.020194ms
 53: 0.116173ms
 54: 0.029863ms
 55: 0.025777ms
 56: 0.018334ms
 57: 0.019620ms
 58: 0.020399ms
 59: 0.023294ms
 60: 0.025171ms
 61: 0.020780ms
 62: 0.082292ms
 63: 0.020910ms
 64: 0.019624ms
 65: 0.021653ms
 66: 0.019196ms
 67: 0.020138ms
 68: 0.019483ms
 69: 0.019746ms
 70: 0.019388ms
 71: 0.021416ms
 72: 0.022804ms
 73: 0.020573ms
 74: 0.020680ms
 75: 0.021941ms
 76: 0.019908ms
 77: 0.020356ms
 78: 0.133338ms
 79: 0.021518ms
 80: 0.020965ms
 81: 0.019911ms
 82: 0.022020ms
 83: 0.020730ms
 84: 0.018913ms
 85: 0.023350ms
 86: 0.020557ms
 87: 0.026508ms
 88: 0.021307ms
 89: 0.037932ms
 90: 0.020239ms
 91: 0.023061ms
 92: 0.019501ms
 93: 0.020195ms
 94: 0.019558ms
 95: 0.021733ms
 96: 0.083801ms
 97: 0.020224ms
 98: 0.022243ms
 99: 0.020602ms
 100: 0.026839ms
 101: 0.019576ms
 102: 0.022536ms
 103: 0.024104ms
 104: 0.025550ms
 105: 0.026424ms
 106: 0.021578ms
 107: 0.022794ms
 108: 0.022023ms
 109: 0.020256ms
 110: 0.018551ms
 111: 0.021823ms
 112: 0.021258ms
 113: 0.020874ms
 114: 0.021368ms
 115: 0.019588ms
 116: 0.019870ms
 117: 0.019259ms
 118: 0.019674ms
 119: 0.023885ms
 120: 0.020991ms
 121: 0.020433ms
 122: 0.026406ms
 123: 0.028611ms
 124: 0.020276ms
 125: 0.019130ms
 126: 0.025720ms
 127: 0.021229ms
 128: 0.021781ms
 129: 0.020553ms
 130: 0.076815ms
 131: 0.020359ms
 132: 0.020824ms
 133: 0.020843ms
 134: 0.020829ms
 135: 0.019883ms
 136: 0.019635ms
 137: 0.024844ms
 138: 0.027096ms
 139: 0.021513ms
 140: 0.019957ms
 141: 0.021033ms
 142: 0.020063ms
 143: 0.020777ms
 144: 0.022057ms
 145: 0.020449ms
 146: 0.019211ms
 147: 0.026535ms
 148: 0.021946ms
 149: 0.021655ms
 150: 0.021472ms
 151: 0.024561ms
 152: 0.019194ms
 153: 0.024337ms
 154: 0.020424ms
 155: 0.019638ms
 156: 0.020310ms
 157: 0.115382ms
 158: 0.021001ms
 159: 0.019190ms
 160: 0.022229ms
 161: 0.020088ms
 162: 0.021707ms
 163: 0.020479ms
 164: 0.021625ms
 165: 0.020442ms
 166: 0.027581ms
 167: 0.020560ms
 168: 0.019850ms
 169: 0.021810ms
 170: 0.028579ms
 171: 0.020288ms
 172: 0.029222ms
 173: 0.020993ms
 174: 0.019280ms
 175: 0.019415ms
 176: 0.022989ms
 177: 0.020227ms
 178: 0.023344ms
 179: 0.019779ms
 180: 0.020319ms
 181: 0.019029ms
 182: 0.021083ms
 183: 0.020298ms
 184: 0.020575ms
 185: 0.021086ms
 186: 0.022292ms
 187: 0.020840ms
 188: 0.019754ms
 189: 0.018610ms
 190: 0.022047ms
 191: 0.029751ms
 192: 0.021945ms
 193: 0.021484ms
 194: 0.021839ms
 195: 0.021131ms
 196: 0.019275ms
 197: 0.022351ms
 198: 0.020080ms
 199: 0.018721ms


-- Real : Q1: 50 Q2: 100 Q3: 150
-- Array: Q1: 49 Q2: 99 Q3: 149
Printing sorted runtimes:
 0: 0.020115ms
 1: 0.018721ms
 2: 0.020080ms
 3: 0.019275ms
 4: 0.018610ms
 5: 0.019754ms
 6: 0.019029ms
 7: 0.018523ms
 8: 0.019779ms
 9: 0.019415ms
 10: 0.019280ms
 11: 0.019850ms
 12: 0.020088ms
 13: 0.019190ms
 14: 0.019638ms
 15: 0.019194ms
 16: 0.019211ms
 17: 0.020063ms
 18: 0.019970ms
 19: 0.019957ms
 20: 0.019970ms
 21: 0.019635ms
 22: 0.019883ms
 23: 0.019130ms
 24: 0.019674ms
 25: 0.019259ms
 26: 0.019870ms
 27: 0.019588ms
 28: 0.018551ms
 29: 0.019576ms
 30: 0.019558ms
 31: 0.019501ms
 32: 0.019650ms
 33: 0.019630ms
 34: 0.018913ms
 35: 0.019911ms
 36: 0.019908ms
 37: 0.019388ms
 38: 0.019746ms
 39: 0.019483ms
 40: 0.018727ms
 41: 0.019196ms
 42: 0.019624ms
 43: 0.019620ms
 44: 0.018334ms
 45: 0.019487ms
 46: 0.020027ms
 47: 0.020195ms
 48: 0.020138ms
 49: 0.020194ms
 50: 0.020224ms
 51: 0.020442ms
 52: 0.020239ms
 53: 0.020256ms
 54: 0.020276ms
 55: 0.020288ms
 56: 0.020310ms
 57: 0.020298ms
 58: 0.020300ms
 59: 0.020319ms
 60: 0.020356ms
 61: 0.020359ms
 62: 0.020356ms
 63: 0.020392ms
 64: 0.020227ms
 65: 0.020433ms
 66: 0.020424ms
 67: 0.020399ms
 68: 0.021033ms
 69: 0.020777ms
 70: 0.020504ms
 71: 0.020829ms
 72: 0.020843ms
 73: 0.020573ms
 74: 0.020680ms
 75: 0.020824ms
 76: 0.020591ms
 77: 0.020449ms
 78: 0.020553ms
 79: 0.020754ms
 80: 0.020965ms
 81: 0.020526ms
 82: 0.020991ms
 83: 0.020730ms
 84: 0.020487ms
 85: 0.020993ms
 86: 0.020557ms
 87: 0.020840ms
 88: 0.020660ms
 89: 0.020874ms
 90: 0.020780ms
 91: 0.020575ms
 92: 0.020860ms
 93: 0.021001ms
 94: 0.020560ms
 95: 0.021006ms
 96: 0.020479ms
 97: 0.020910ms
 98: 0.020602ms
 99: 0.021056ms
 100: 0.021083ms
 101: 0.021781ms
 102: 0.021091ms
 103: 0.021197ms
 104: 0.021472ms
 105: 0.021416ms
 106: 0.021317ms
 107: 0.021206ms
 108: 0.021131ms
 109: 0.021307ms
 110: 0.021229ms
 111: 0.021368ms
 112: 0.021258ms
 113: 0.021484ms
 114: 0.021518ms
 115: 0.021625ms
 116: 0.021578ms
 117: 0.021513ms
 118: 0.021508ms
 119: 0.021086ms
 120: 0.021707ms
 121: 0.021653ms
 122: 0.021655ms
 123: 0.021733ms
 124: 0.022378ms
 125: 0.021839ms
 126: 0.021823ms
 127: 0.021810ms
 128: 0.021945ms
 129: 0.022016ms
 130: 0.022292ms
 131: 0.022023ms
 132: 0.021941ms
 133: 0.022351ms
 134: 0.022187ms
 135: 0.022057ms
 136: 0.022229ms
 137: 0.021894ms
 138: 0.021946ms
 139: 0.022020ms
 140: 0.022047ms
 141: 0.022243ms
 142: 0.023081ms
 143: 0.022794ms
 144: 0.022989ms
 145: 0.022804ms
 146: 0.022431ms
 147: 0.022536ms
 148: 0.023061ms
 149: 0.023149ms
 150: 0.023294ms
 151: 0.023344ms
 152: 0.023400ms
 153: 0.023685ms
 154: 0.023350ms
 155: 0.023885ms
 156: 0.025462ms
 157: 0.026475ms
 158: 0.026424ms
 159: 0.024337ms
 160: 0.025550ms
 161: 0.024104ms
 162: 0.028311ms
 163: 0.027496ms
 164: 0.026839ms
 165: 0.024561ms
 166: 0.027581ms
 167: 0.026406ms
 168: 0.025171ms
 169: 0.026213ms
 170: 0.028579ms
 171: 0.026535ms
 172: 0.026508ms
 173: 0.025720ms
 174: 0.026741ms
 175: 0.025777ms
 176: 0.024837ms
 177: 0.024844ms
 178: 0.027096ms
 179: 0.025188ms
 180: 0.028611ms
 181: 0.089095ms
 182: 0.029222ms
 183: 0.115382ms
 184: 0.156985ms
 185: 0.137391ms
 186: 0.076815ms
 187: 0.140024ms
 188: 0.154171ms
 189: 0.083801ms
 190: 0.037932ms
 191: 0.029751ms
 192: 0.098360ms
 193: 0.133338ms
 194: 0.117350ms
 195: 0.082292ms
 196: 0.156615ms
 197: 0.029863ms
 198: 0.116173ms
 199: 0.142369ms


Measurements
--------------------------
FFT Size            : 21^3
Threads             : 23
Batch               : 1
Iterations          : 200
Avg Tot Runtime     : 0.029115 ms
Runtime per batch   : 0.029115 ms
SD                  : 0.027079 ms
Q1                  : 0.020194 ms
Median              : 0.021070 ms
Q3                  : 0.023149 ms
