Expm 2: Streaming FFT

Printing individual runtimes:
 0: 0.134126ms
 1: 0.028280ms
 2: 0.044003ms
 3: 0.150188ms
 4: 0.040188ms
 5: 0.053475ms
 6: 0.034553ms
 7: 0.040236ms
 8: 0.087613ms
 9: 0.043643ms
 10: 0.039334ms
 11: 0.039645ms
 12: 0.032106ms
 13: 0.045110ms
 14: 0.035461ms
 15: 0.044552ms
 16: 0.048893ms
 17: 0.038666ms
 18: 0.039152ms
 19: 0.036198ms
 20: 0.030414ms
 21: 0.039957ms
 22: 0.145598ms
 23: 0.030329ms
 24: 0.037138ms
 25: 0.029853ms
 26: 0.044291ms
 27: 0.033138ms
 28: 0.031277ms
 29: 0.036543ms
 30: 0.039680ms
 31: 0.037217ms
 32: 0.028815ms
 33: 0.032283ms
 34: 0.031661ms
 35: 0.030457ms
 36: 0.029786ms
 37: 0.025986ms
 38: 0.032290ms
 39: 0.030051ms
 40: 0.035493ms
 41: 0.029292ms
 42: 0.027407ms
 43: 0.126546ms
 44: 0.041773ms
 45: 0.034695ms
 46: 0.030501ms
 47: 0.033684ms
 48: 0.031841ms
 49: 0.029083ms
 50: 0.028755ms
 51: 0.028206ms
 52: 0.029588ms
 53: 0.029576ms
 54: 0.029633ms
 55: 0.029576ms
 56: 0.032499ms
 57: 0.036387ms
 58: 0.031786ms
 59: 0.032795ms
 60: 0.030930ms
 61: 0.037063ms
 62: 0.132454ms
 63: 0.040005ms
 64: 0.032177ms
 65: 0.029923ms
 66: 0.030783ms
 67: 0.037653ms
 68: 0.040293ms
 69: 0.029383ms
 70: 0.038719ms
 71: 0.038812ms
 72: 0.087698ms
 73: 0.028632ms
 74: 0.026581ms
 75: 0.036852ms
 76: 0.030873ms
 77: 0.027986ms
 78: 0.028227ms
 79: 0.027139ms
 80: 0.037571ms
 81: 0.030825ms
 82: 0.034674ms
 83: 0.030120ms
 84: 0.030364ms
 85: 0.099930ms
 86: 0.030820ms
 87: 0.032208ms
 88: 0.028164ms
 89: 0.030117ms
 90: 0.027779ms
 91: 0.026357ms
 92: 0.029918ms
 93: 0.030919ms
 94: 0.029814ms
 95: 0.029923ms
 96: 0.035071ms
 97: 0.029807ms
 98: 0.031662ms
 99: 0.029957ms
 100: 0.042502ms
 101: 0.030916ms
 102: 0.036286ms
 103: 0.027249ms
 104: 0.030302ms
 105: 0.030193ms
 106: 0.027849ms
 107: 0.077429ms
 108: 0.036896ms
 109: 0.039131ms
 110: 0.029061ms
 111: 0.029951ms
 112: 0.039858ms
 113: 0.029381ms
 114: 0.029605ms
 115: 0.031768ms
 116: 0.030486ms
 117: 0.028880ms
 118: 0.031819ms
 119: 0.030767ms
 120: 0.034860ms
 121: 0.027764ms
 122: 0.029348ms
 123: 0.030399ms
 124: 0.032431ms
 125: 0.027337ms
 126: 0.036823ms
 127: 0.027989ms
 128: 0.029408ms
 129: 0.029504ms
 130: 0.031242ms
 131: 0.030209ms
 132: 0.030594ms
 133: 0.040452ms
 134: 0.029296ms
 135: 0.040408ms
 136: 0.045805ms
 137: 0.039442ms
 138: 0.026109ms
 139: 0.033505ms
 140: 0.027566ms
 141: 0.028055ms
 142: 0.034233ms
 143: 0.028178ms
 144: 0.029670ms
 145: 0.027719ms
 146: 0.028993ms
 147: 0.026778ms
 148: 0.027995ms
 149: 0.035099ms
 150: 0.036191ms
 151: 0.029660ms
 152: 0.029848ms
 153: 0.029707ms
 154: 0.028406ms
 155: 0.028723ms
 156: 0.029433ms
 157: 0.030647ms
 158: 0.035214ms
 159: 0.029157ms
 160: 0.029938ms
 161: 0.027942ms
 162: 0.027955ms
 163: 0.027776ms
 164: 0.034948ms
 165: 0.031695ms
 166: 0.031276ms
 167: 0.031246ms
 168: 0.031537ms
 169: 0.029488ms
 170: 0.029071ms
 171: 0.039522ms
 172: 0.036962ms
 173: 0.035947ms
 174: 0.046729ms
 175: 0.035372ms
 176: 0.028911ms
 177: 0.028344ms
 178: 0.037258ms
 179: 0.034999ms
 180: 0.039501ms
 181: 0.035745ms
 182: 0.034362ms
 183: 0.031933ms
 184: 0.026746ms
 185: 0.030634ms
 186: 0.028835ms
 187: 0.037193ms
 188: 0.031395ms
 189: 0.037605ms
 190: 0.033807ms
 191: 0.030706ms
 192: 0.029780ms
 193: 0.037919ms
 194: 0.036540ms
 195: 0.029635ms
 196: 0.029658ms
 197: 0.029019ms
 198: 0.037191ms
 199: 0.027443ms


-- Real : Q1: 50 Q2: 100 Q3: 150
-- Array: Q1: 49 Q2: 99 Q3: 149
Printing sorted runtimes:
 0: 0.028280ms
 1: 0.027443ms
 2: 0.026746ms
 3: 0.027776ms
 4: 0.027955ms
 5: 0.027942ms
 6: 0.027995ms
 7: 0.026778ms
 8: 0.027719ms
 9: 0.028178ms
 10: 0.028055ms
 11: 0.027566ms
 12: 0.026109ms
 13: 0.027989ms
 14: 0.027337ms
 15: 0.027764ms
 16: 0.027849ms
 17: 0.027249ms
 18: 0.026357ms
 19: 0.027779ms
 20: 0.028164ms
 21: 0.027139ms
 22: 0.028227ms
 23: 0.027986ms
 24: 0.026581ms
 25: 0.028206ms
 26: 0.027407ms
 27: 0.025986ms
 28: 0.028993ms
 29: 0.028880ms
 30: 0.028632ms
 31: 0.028835ms
 32: 0.028815ms
 33: 0.028344ms
 34: 0.028911ms
 35: 0.028755ms
 36: 0.028723ms
 37: 0.028406ms
 38: 0.029071ms
 39: 0.029061ms
 40: 0.029019ms
 41: 0.029383ms
 42: 0.029292ms
 43: 0.029296ms
 44: 0.029348ms
 45: 0.029381ms
 46: 0.029157ms
 47: 0.029083ms
 48: 0.029408ms
 49: 0.029433ms
 50: 0.029488ms
 51: 0.030501ms
 52: 0.029504ms
 53: 0.029576ms
 54: 0.029588ms
 55: 0.029605ms
 56: 0.029633ms
 57: 0.029923ms
 58: 0.029853ms
 59: 0.029807ms
 60: 0.029918ms
 61: 0.029814ms
 62: 0.029786ms
 63: 0.029660ms
 64: 0.029780ms
 65: 0.029670ms
 66: 0.029635ms
 67: 0.029658ms
 68: 0.029848ms
 69: 0.029707ms
 70: 0.029923ms
 71: 0.029576ms
 72: 0.030486ms
 73: 0.030302ms
 74: 0.029957ms
 75: 0.030193ms
 76: 0.030457ms
 77: 0.030329ms
 78: 0.030399ms
 79: 0.030051ms
 80: 0.030209ms
 81: 0.029938ms
 82: 0.029951ms
 83: 0.030120ms
 84: 0.030364ms
 85: 0.030117ms
 86: 0.030414ms
 87: 0.030820ms
 88: 0.030767ms
 89: 0.030634ms
 90: 0.030783ms
 91: 0.030706ms
 92: 0.030594ms
 93: 0.030647ms
 94: 0.030919ms
 95: 0.030916ms
 96: 0.030825ms
 97: 0.030873ms
 98: 0.031242ms
 99: 0.030930ms
 100: 0.031246ms
 101: 0.033505ms
 102: 0.031277ms
 103: 0.031395ms
 104: 0.031537ms
 105: 0.031662ms
 106: 0.032106ms
 107: 0.031695ms
 108: 0.031841ms
 109: 0.032283ms
 110: 0.032208ms
 111: 0.032499ms
 112: 0.031661ms
 113: 0.031786ms
 114: 0.032795ms
 115: 0.031768ms
 116: 0.033138ms
 117: 0.032431ms
 118: 0.031819ms
 119: 0.031933ms
 120: 0.032290ms
 121: 0.032177ms
 122: 0.031276ms
 123: 0.036286ms
 124: 0.034362ms
 125: 0.034233ms
 126: 0.033807ms
 127: 0.034999ms
 128: 0.035372ms
 129: 0.035099ms
 130: 0.034674ms
 131: 0.034948ms
 132: 0.033684ms
 133: 0.034695ms
 134: 0.035214ms
 135: 0.035071ms
 136: 0.034553ms
 137: 0.035461ms
 138: 0.035493ms
 139: 0.034860ms
 140: 0.036198ms
 141: 0.036191ms
 142: 0.035745ms
 143: 0.035947ms
 144: 0.036852ms
 145: 0.036540ms
 146: 0.036543ms
 147: 0.036823ms
 148: 0.036387ms
 149: 0.036896ms
 150: 0.036962ms
 151: 0.037063ms
 152: 0.037138ms
 153: 0.037193ms
 154: 0.037191ms
 155: 0.037217ms
 156: 0.037653ms
 157: 0.037605ms
 158: 0.037919ms
 159: 0.037258ms
 160: 0.037571ms
 161: 0.038666ms
 162: 0.039131ms
 163: 0.038812ms
 164: 0.038719ms
 165: 0.039152ms
 166: 0.039334ms
 167: 0.048893ms
 168: 0.042502ms
 169: 0.077429ms
 170: 0.099930ms
 171: 0.039522ms
 172: 0.150188ms
 173: 0.040188ms
 174: 0.046729ms
 175: 0.039957ms
 176: 0.145598ms
 177: 0.053475ms
 178: 0.039858ms
 179: 0.044552ms
 180: 0.039501ms
 181: 0.087698ms
 182: 0.045110ms
 183: 0.040452ms
 184: 0.044003ms
 185: 0.040293ms
 186: 0.040408ms
 187: 0.045805ms
 188: 0.040005ms
 189: 0.039442ms
 190: 0.132454ms
 191: 0.039645ms
 192: 0.041773ms
 193: 0.043643ms
 194: 0.126546ms
 195: 0.044291ms
 196: 0.087613ms
 197: 0.039680ms
 198: 0.040236ms
 199: 0.134126ms


Measurements
--------------------------
FFT Size            : 21^3
Threads             : 31
Batch               : 1
Iterations          : 200
Avg Tot Runtime     : 0.036583 ms
Runtime per batch   : 0.036583 ms
SD                  : 0.018689 ms
Q1                  : 0.029433 ms
Median              : 0.031088 ms
Q3                  : 0.036896 ms
