Expm 2: Streaming FFT

Printing individual runtimes:
 0: 0.153156ms
 1: 0.055642ms
 2: 0.051273ms
 3: 0.161649ms
 4: 0.041240ms
 5: 0.102300ms
 6: 0.035585ms
 7: 0.035557ms
 8: 0.038405ms
 9: 0.093856ms
 10: 0.037079ms
 11: 0.037838ms
 12: 0.036835ms
 13: 0.083336ms
 14: 0.037308ms
 15: 0.034500ms
 16: 0.039209ms
 17: 0.046449ms
 18: 0.036666ms
 19: 0.036734ms
 20: 0.114439ms
 21: 0.041254ms
 22: 0.037128ms
 23: 0.071077ms
 24: 0.039385ms
 25: 0.037292ms
 26: 0.036456ms
 27: 0.036252ms
 28: 0.036707ms
 29: 0.036125ms
 30: 0.036041ms
 31: 0.034642ms
 32: 0.042465ms
 33: 0.036143ms
 34: 0.039099ms
 35: 0.036925ms
 36: 0.038219ms
 37: 0.069864ms
 38: 0.034217ms
 39: 0.037630ms
 40: 0.067315ms
 41: 0.038878ms
 42: 0.037956ms
 43: 0.037190ms
 44: 0.037328ms
 45: 0.037482ms
 46: 0.035206ms
 47: 0.036245ms
 48: 0.034471ms
 49: 0.035569ms
 50: 0.038300ms
 51: 0.034323ms
 52: 0.031216ms
 53: 0.034083ms
 54: 0.037803ms
 55: 0.040514ms
 56: 0.041217ms
 57: 0.034520ms
 58: 0.036591ms
 59: 0.033912ms
 60: 0.041806ms
 61: 0.034242ms
 62: 0.034566ms
 63: 0.034738ms
 64: 0.037446ms
 65: 0.034225ms
 66: 0.034590ms
 67: 0.035787ms
 68: 0.093450ms
 69: 0.040050ms
 70: 0.040371ms
 71: 0.043370ms
 72: 0.077229ms
 73: 0.044729ms
 74: 0.046538ms
 75: 0.042475ms
 76: 0.041647ms
 77: 0.102279ms
 78: 0.045962ms
 79: 0.043108ms
 80: 0.054234ms
 81: 0.049013ms
 82: 0.053685ms
 83: 0.044554ms
 84: 0.043029ms
 85: 0.049030ms
 86: 0.048706ms
 87: 0.052389ms
 88: 0.039155ms
 89: 0.042106ms
 90: 0.043877ms
 91: 0.044403ms
 92: 0.042034ms
 93: 0.049875ms
 94: 0.055030ms
 95: 0.041685ms
 96: 0.040974ms
 97: 0.041965ms
 98: 0.042617ms
 99: 0.043857ms
 100: 0.042913ms
 101: 0.049435ms
 102: 0.044339ms
 103: 0.047669ms
 104: 0.044996ms
 105: 0.046248ms
 106: 0.051385ms
 107: 0.041433ms
 108: 0.049692ms
 109: 0.046512ms
 110: 0.042467ms
 111: 0.045734ms
 112: 0.040365ms
 113: 0.043163ms
 114: 0.045690ms
 115: 0.039961ms
 116: 0.044739ms
 117: 0.046822ms
 118: 0.045794ms
 119: 0.043961ms
 120: 0.049247ms
 121: 0.046324ms
 122: 0.043125ms
 123: 0.047354ms
 124: 0.043232ms
 125: 0.042360ms
 126: 0.044493ms
 127: 0.040906ms
 128: 0.046470ms
 129: 0.041913ms
 130: 0.080019ms
 131: 0.049172ms
 132: 0.042839ms
 133: 0.051779ms
 134: 0.042383ms
 135: 0.109067ms
 136: 0.047738ms
 137: 0.042008ms
 138: 0.042073ms
 139: 0.042865ms
 140: 0.049853ms
 141: 0.044017ms
 142: 0.041615ms
 143: 0.040540ms
 144: 0.047306ms
 145: 0.044587ms
 146: 0.055130ms
 147: 0.043533ms
 148: 0.061916ms
 149: 0.044389ms
 150: 0.035504ms
 151: 0.032266ms
 152: 0.048521ms
 153: 0.041958ms
 154: 0.047210ms
 155: 0.041651ms
 156: 0.044501ms
 157: 0.035558ms
 158: 0.049438ms
 159: 0.043497ms
 160: 0.043382ms
 161: 0.054613ms
 162: 0.041268ms
 163: 0.054533ms
 164: 0.044436ms
 165: 0.041588ms
 166: 0.048811ms
 167: 0.038529ms
 168: 0.043919ms
 169: 0.044802ms
 170: 0.046120ms
 171: 0.043190ms
 172: 0.045982ms
 173: 0.045679ms
 174: 0.041415ms
 175: 0.043229ms
 176: 0.044125ms
 177: 0.042586ms
 178: 0.055526ms
 179: 0.052355ms
 180: 0.041235ms
 181: 0.039904ms
 182: 0.043479ms
 183: 0.040709ms
 184: 0.055925ms
 185: 0.041516ms
 186: 0.040652ms
 187: 0.042428ms
 188: 0.043007ms
 189: 0.043213ms
 190: 0.042462ms
 191: 0.043506ms
 192: 0.034381ms
 193: 0.043350ms
 194: 0.037510ms
 195: 0.055553ms
 196: 0.041538ms
 197: 0.041717ms
 198: 0.054401ms
 199: 0.040758ms


-- Real : Q1: 50 Q2: 100 Q3: 150
-- Array: Q1: 49 Q2: 99 Q3: 149
Printing sorted runtimes:
 0: 0.036143ms
 1: 0.034590ms
 2: 0.034225ms
 3: 0.034738ms
 4: 0.034566ms
 5: 0.034242ms
 6: 0.035585ms
 7: 0.035557ms
 8: 0.035787ms
 9: 0.034381ms
 10: 0.033912ms
 11: 0.034520ms
 12: 0.034083ms
 13: 0.035504ms
 14: 0.031216ms
 15: 0.034500ms
 16: 0.034323ms
 17: 0.032266ms
 18: 0.035569ms
 19: 0.034471ms
 20: 0.035206ms
 21: 0.035558ms
 22: 0.034217ms
 23: 0.034642ms
 24: 0.036041ms
 25: 0.036125ms
 26: 0.037190ms
 27: 0.036252ms
 28: 0.036707ms
 29: 0.037079ms
 30: 0.036591ms
 31: 0.036835ms
 32: 0.036456ms
 33: 0.036666ms
 34: 0.036734ms
 35: 0.036925ms
 36: 0.036245ms
 37: 0.037128ms
 38: 0.037630ms
 39: 0.037308ms
 40: 0.037446ms
 41: 0.037292ms
 42: 0.037510ms
 43: 0.037482ms
 44: 0.037328ms
 45: 0.037956ms
 46: 0.037838ms
 47: 0.037803ms
 48: 0.038219ms
 49: 0.038300ms
 50: 0.038405ms
 51: 0.042073ms
 52: 0.039961ms
 53: 0.038529ms
 54: 0.039099ms
 55: 0.039155ms
 56: 0.040050ms
 57: 0.040365ms
 58: 0.039385ms
 59: 0.038878ms
 60: 0.039904ms
 61: 0.040514ms
 62: 0.040540ms
 63: 0.040652ms
 64: 0.040709ms
 65: 0.040758ms
 66: 0.040371ms
 67: 0.041806ms
 68: 0.041235ms
 69: 0.041217ms
 70: 0.039209ms
 71: 0.041433ms
 72: 0.041415ms
 73: 0.041516ms
 74: 0.041588ms
 75: 0.041717ms
 76: 0.041647ms
 77: 0.041268ms
 78: 0.041254ms
 79: 0.041651ms
 80: 0.041958ms
 81: 0.041965ms
 82: 0.040974ms
 83: 0.041240ms
 84: 0.041615ms
 85: 0.041685ms
 86: 0.040906ms
 87: 0.042008ms
 88: 0.041538ms
 89: 0.041913ms
 90: 0.042034ms
 91: 0.042383ms
 92: 0.042360ms
 93: 0.042106ms
 94: 0.042586ms
 95: 0.042467ms
 96: 0.042462ms
 97: 0.042428ms
 98: 0.042475ms
 99: 0.042465ms
 100: 0.042617ms
 101: 0.044339ms
 102: 0.042865ms
 103: 0.042913ms
 104: 0.043125ms
 105: 0.043029ms
 106: 0.043108ms
 107: 0.043007ms
 108: 0.043479ms
 109: 0.043370ms
 110: 0.043229ms
 111: 0.043190ms
 112: 0.043382ms
 113: 0.043163ms
 114: 0.043497ms
 115: 0.043213ms
 116: 0.043533ms
 117: 0.043506ms
 118: 0.043350ms
 119: 0.043232ms
 120: 0.043857ms
 121: 0.043919ms
 122: 0.044125ms
 123: 0.042839ms
 124: 0.043961ms
 125: 0.044017ms
 126: 0.043877ms
 127: 0.046512ms
 128: 0.046470ms
 129: 0.045679ms
 130: 0.044996ms
 131: 0.045982ms
 132: 0.044403ms
 133: 0.045734ms
 134: 0.044493ms
 135: 0.046248ms
 136: 0.045690ms
 137: 0.046120ms
 138: 0.044436ms
 139: 0.044802ms
 140: 0.046324ms
 141: 0.045794ms
 142: 0.045962ms
 143: 0.044554ms
 144: 0.044501ms
 145: 0.044587ms
 146: 0.044729ms
 147: 0.044739ms
 148: 0.046449ms
 149: 0.044389ms
 150: 0.046538ms
 151: 0.046822ms
 152: 0.047210ms
 153: 0.047306ms
 154: 0.047354ms
 155: 0.047669ms
 156: 0.048521ms
 157: 0.048811ms
 158: 0.048706ms
 159: 0.047738ms
 160: 0.049013ms
 161: 0.052355ms
 162: 0.049435ms
 163: 0.049247ms
 164: 0.049438ms
 165: 0.049692ms
 166: 0.051273ms
 167: 0.051385ms
 168: 0.049853ms
 169: 0.049030ms
 170: 0.052389ms
 171: 0.051779ms
 172: 0.049172ms
 173: 0.049875ms
 174: 0.053685ms
 175: 0.077229ms
 176: 0.054533ms
 177: 0.102279ms
 178: 0.055526ms
 179: 0.054613ms
 180: 0.093450ms
 181: 0.067315ms
 182: 0.153156ms
 183: 0.069864ms
 184: 0.055925ms
 185: 0.071077ms
 186: 0.114439ms
 187: 0.054234ms
 188: 0.061916ms
 189: 0.055130ms
 190: 0.083336ms
 191: 0.109067ms
 192: 0.093856ms
 193: 0.080019ms
 194: 0.102300ms
 195: 0.055553ms
 196: 0.161649ms
 197: 0.055030ms
 198: 0.054401ms
 199: 0.055642ms


Measurements
--------------------------
FFT Size            : 21^3
Threads             : 37
Batch               : 1
Iterations          : 200
Avg Tot Runtime     : 0.046460 ms
Runtime per batch   : 0.046460 ms
SD                  : 0.016980 ms
Q1                  : 0.038300 ms
Median              : 0.042541 ms
Q3                  : 0.044389 ms
