Expm 2: Streaming FFT

Printing individual runtimes:
 0: 0.202981ms
 1: 0.044823ms
 2: 0.050828ms
 3: 0.199391ms
 4: 0.047293ms
 5: 0.081751ms
 6: 0.039749ms
 7: 0.037145ms
 8: 0.046716ms
 9: 0.089049ms
 10: 0.046963ms
 11: 0.043925ms
 12: 0.046488ms
 13: 0.095774ms
 14: 0.047472ms
 15: 0.154227ms
 16: 0.040153ms
 17: 0.051690ms
 18: 0.050792ms
 19: 0.049254ms
 20: 0.052151ms
 21: 0.047501ms
 22: 0.043362ms
 23: 0.088349ms
 24: 0.055345ms
 25: 0.092114ms
 26: 0.056439ms
 27: 0.051052ms
 28: 0.042987ms
 29: 0.050193ms
 30: 0.052170ms
 31: 0.051188ms
 32: 0.047610ms
 33: 0.046396ms
 34: 0.047993ms
 35: 0.055828ms
 36: 0.049748ms
 37: 0.050754ms
 38: 0.050607ms
 39: 0.073632ms
 40: 0.046272ms
 41: 0.052371ms
 42: 0.058774ms
 43: 0.044787ms
 44: 0.045405ms
 45: 0.039639ms
 46: 0.046808ms
 47: 0.050782ms
 48: 0.059765ms
 49: 0.044627ms
 50: 0.047298ms
 51: 0.048682ms
 52: 0.051001ms
 53: 0.045033ms
 54: 0.045411ms
 55: 0.048990ms
 56: 0.048462ms
 57: 0.045460ms
 58: 0.047341ms
 59: 0.046023ms
 60: 0.052748ms
 61: 0.053343ms
 62: 0.051983ms
 63: 0.057885ms
 64: 0.045206ms
 65: 0.101936ms
 66: 0.098430ms
 67: 0.045952ms
 68: 0.092565ms
 69: 0.044732ms
 70: 0.050404ms
 71: 0.042335ms
 72: 0.091532ms
 73: 0.044438ms
 74: 0.053915ms
 75: 0.047370ms
 76: 0.049144ms
 77: 0.044718ms
 78: 0.047703ms
 79: 0.044527ms
 80: 0.044202ms
 81: 0.053925ms
 82: 0.048452ms
 83: 0.048960ms
 84: 0.047071ms
 85: 0.047920ms
 86: 0.059210ms
 87: 0.042633ms
 88: 0.043680ms
 89: 0.054346ms
 90: 0.049785ms
 91: 0.042946ms
 92: 0.043648ms
 93: 0.045144ms
 94: 0.041849ms
 95: 0.060167ms
 96: 0.055254ms
 97: 0.044150ms
 98: 0.045429ms
 99: 0.044219ms
 100: 0.044234ms
 101: 0.044148ms
 102: 0.048441ms
 103: 0.049491ms
 104: 0.049435ms
 105: 0.048768ms
 106: 0.049665ms
 107: 0.051938ms
 108: 0.045937ms
 109: 0.042138ms
 110: 0.042621ms
 111: 0.048000ms
 112: 0.044968ms
 113: 0.046404ms
 114: 0.049413ms
 115: 0.044161ms
 116: 0.049772ms
 117: 0.042079ms
 118: 0.039178ms
 119: 0.050906ms
 120: 0.051483ms
 121: 0.046931ms
 122: 0.046346ms
 123: 0.049001ms
 124: 0.048231ms
 125: 0.088383ms
 126: 0.056069ms
 127: 0.043886ms
 128: 0.095375ms
 129: 0.047814ms
 130: 0.048173ms
 131: 0.036604ms
 132: 0.044908ms
 133: 0.044729ms
 134: 0.049620ms
 135: 0.090166ms
 136: 0.046665ms
 137: 0.051480ms
 138: 0.060977ms
 139: 0.042926ms
 140: 0.051652ms
 141: 0.043623ms
 142: 0.042412ms
 143: 0.049603ms
 144: 0.051674ms
 145: 0.048413ms
 146: 0.047849ms
 147: 0.049473ms
 148: 0.047700ms
 149: 0.045401ms
 150: 0.046691ms
 151: 0.046339ms
 152: 0.044209ms
 153: 0.046911ms
 154: 0.043601ms
 155: 0.047466ms
 156: 0.042531ms
 157: 0.049896ms
 158: 0.044608ms
 159: 0.041314ms
 160: 0.044204ms
 161: 0.044865ms
 162: 0.047685ms
 163: 0.036511ms
 164: 0.046786ms
 165: 0.046816ms
 166: 0.044717ms
 167: 0.045745ms
 168: 0.048292ms
 169: 0.044493ms
 170: 0.042376ms
 171: 0.045200ms
 172: 0.051945ms
 173: 0.047842ms
 174: 0.041789ms
 175: 0.037687ms
 176: 0.045839ms
 177: 0.044467ms
 178: 0.052831ms
 179: 0.046103ms
 180: 0.049542ms
 181: 0.045975ms
 182: 0.045494ms
 183: 0.048914ms
 184: 0.049066ms
 185: 0.053851ms
 186: 0.049611ms
 187: 0.049313ms
 188: 0.042543ms
 189: 0.047120ms
 190: 0.041838ms
 191: 0.043843ms
 192: 0.044247ms
 193: 0.049360ms
 194: 0.045771ms
 195: 0.044404ms
 196: 0.047779ms
 197: 0.046326ms
 198: 0.042497ms
 199: 0.046985ms


-- Real : Q1: 50 Q2: 100 Q3: 150
-- Array: Q1: 49 Q2: 99 Q3: 149
Printing sorted runtimes:
 0: 0.042926ms
 1: 0.042497ms
 2: 0.042335ms
 3: 0.042633ms
 4: 0.039639ms
 5: 0.041838ms
 6: 0.039749ms
 7: 0.037145ms
 8: 0.042543ms
 9: 0.041849ms
 10: 0.037687ms
 11: 0.042138ms
 12: 0.041789ms
 13: 0.042376ms
 14: 0.042621ms
 15: 0.042079ms
 16: 0.040153ms
 17: 0.036511ms
 18: 0.039178ms
 19: 0.041314ms
 20: 0.036604ms
 21: 0.042531ms
 22: 0.042412ms
 23: 0.044219ms
 24: 0.044209ms
 25: 0.043362ms
 26: 0.043623ms
 27: 0.044202ms
 28: 0.042987ms
 29: 0.043680ms
 30: 0.043843ms
 31: 0.043886ms
 32: 0.044204ms
 33: 0.042946ms
 34: 0.044161ms
 35: 0.043648ms
 36: 0.043925ms
 37: 0.044148ms
 38: 0.044150ms
 39: 0.043601ms
 40: 0.044467ms
 41: 0.044234ms
 42: 0.044404ms
 43: 0.044438ms
 44: 0.044247ms
 45: 0.044608ms
 46: 0.044527ms
 47: 0.044493ms
 48: 0.044627ms
 49: 0.044717ms
 50: 0.044718ms
 51: 0.046985ms
 52: 0.044787ms
 53: 0.044823ms
 54: 0.044732ms
 55: 0.044729ms
 56: 0.046326ms
 57: 0.045460ms
 58: 0.045771ms
 59: 0.046023ms
 60: 0.046716ms
 61: 0.045494ms
 62: 0.045975ms
 63: 0.046103ms
 64: 0.045206ms
 65: 0.045839ms
 66: 0.046963ms
 67: 0.045952ms
 68: 0.046488ms
 69: 0.045411ms
 70: 0.045200ms
 71: 0.045033ms
 72: 0.045745ms
 73: 0.046816ms
 74: 0.046786ms
 75: 0.044865ms
 76: 0.046911ms
 77: 0.046339ms
 78: 0.046691ms
 79: 0.045401ms
 80: 0.046665ms
 81: 0.044908ms
 82: 0.046346ms
 83: 0.046931ms
 84: 0.046396ms
 85: 0.046404ms
 86: 0.044968ms
 87: 0.045937ms
 88: 0.046808ms
 89: 0.045429ms
 90: 0.046272ms
 91: 0.045405ms
 92: 0.045144ms
 93: 0.047370ms
 94: 0.047071ms
 95: 0.047298ms
 96: 0.047341ms
 97: 0.047293ms
 98: 0.047120ms
 99: 0.047466ms
 100: 0.047472ms
 101: 0.049491ms
 102: 0.047610ms
 103: 0.047685ms
 104: 0.048231ms
 105: 0.047993ms
 106: 0.047849ms
 107: 0.047842ms
 108: 0.047814ms
 109: 0.048173ms
 110: 0.047703ms
 111: 0.048000ms
 112: 0.047779ms
 113: 0.047920ms
 114: 0.047700ms
 115: 0.048452ms
 116: 0.048292ms
 117: 0.048441ms
 118: 0.048462ms
 119: 0.048413ms
 120: 0.048682ms
 121: 0.048960ms
 122: 0.048768ms
 123: 0.048914ms
 124: 0.048990ms
 125: 0.049066ms
 126: 0.049435ms
 127: 0.049254ms
 128: 0.049144ms
 129: 0.049001ms
 130: 0.047501ms
 131: 0.049413ms
 132: 0.049473ms
 133: 0.049313ms
 134: 0.049360ms
 135: 0.049785ms
 136: 0.049620ms
 137: 0.049665ms
 138: 0.049542ms
 139: 0.049748ms
 140: 0.049611ms
 141: 0.049772ms
 142: 0.049603ms
 143: 0.050754ms
 144: 0.050193ms
 145: 0.050404ms
 146: 0.049896ms
 147: 0.050607ms
 148: 0.050782ms
 149: 0.050792ms
 150: 0.050828ms
 151: 0.051001ms
 152: 0.050906ms
 153: 0.051052ms
 154: 0.051480ms
 155: 0.051674ms
 156: 0.051483ms
 157: 0.051652ms
 158: 0.051188ms
 159: 0.052151ms
 160: 0.051938ms
 161: 0.051983ms
 162: 0.051945ms
 163: 0.051690ms
 164: 0.052170ms
 165: 0.052748ms
 166: 0.052371ms
 167: 0.052831ms
 168: 0.053343ms
 169: 0.053915ms
 170: 0.053851ms
 171: 0.055345ms
 172: 0.054346ms
 173: 0.053925ms
 174: 0.055254ms
 175: 0.055828ms
 176: 0.101936ms
 177: 0.089049ms
 178: 0.098430ms
 179: 0.057885ms
 180: 0.092565ms
 181: 0.095774ms
 182: 0.091532ms
 183: 0.073632ms
 184: 0.154227ms
 185: 0.088349ms
 186: 0.059210ms
 187: 0.092114ms
 188: 0.056439ms
 189: 0.060977ms
 190: 0.081751ms
 191: 0.059765ms
 192: 0.199391ms
 193: 0.090166ms
 194: 0.095375ms
 195: 0.056069ms
 196: 0.060167ms
 197: 0.088383ms
 198: 0.202981ms
 199: 0.058774ms


Measurements
--------------------------
FFT Size            : 21^3
Threads             : 39
Batch               : 1
Iterations          : 200
Avg Tot Runtime     : 0.052261 ms
Runtime per batch   : 0.052261 ms
SD                  : 0.020303 ms
Q1                  : 0.044717 ms
Median              : 0.047469 ms
Q3                  : 0.050792 ms
