Expm 2: Streaming FFTW
FFTW Plan: Patient
-- Cannot import wisdom from ../../wisdom/singlenode/all/329/fftw_329_t36_b1.patient
-- Exporting wisdom file to ../../wisdom/singlenode/all/329/fftw_329_t36_b1.patient
Iteration: 0, 1, 2, 3, 4, 5, 6, 7, 8, 9, 10, 11, 12, 13, 14, 15, 16, 17, 18, 19, 20, 21, 22, 23, 24, 25, 26, 27, 28, 29, 30, 31, 32, 33, 34, 35, 36, 37, 38, 39, 40, 41, 42, 43, 44, 45, 46, 47, 48, 49, 
Printing individual runtimes:
 0: 130.259106ms
 1: 80.719127ms
 2: 83.031489ms
 3: 80.361633ms
 4: 79.213115ms
 5: 81.936935ms
 6: 79.555373ms
 7: 80.806330ms
 8: 80.513129ms
 9: 80.522512ms
 10: 84.725710ms
 11: 81.786682ms
 12: 80.770081ms
 13: 79.540170ms
 14: 80.910385ms
 15: 81.767517ms
 16: 82.976670ms
 17: 82.600420ms
 18: 101.282644ms
 19: 81.204347ms
 20: 80.313179ms
 21: 80.732157ms
 22: 79.813541ms
 23: 80.742807ms
 24: 81.117504ms
 25: 81.227275ms
 26: 81.408254ms
 27: 82.684838ms
 28: 82.157184ms
 29: 80.684093ms
 30: 83.237146ms
 31: 83.251417ms
 32: 81.584894ms
 33: 79.665518ms
 34: 79.575671ms
 35: 82.446848ms
 36: 79.673137ms
 37: 84.551073ms
 38: 80.710293ms
 39: 79.655403ms
 40: 80.683244ms
 41: 79.341458ms
 42: 83.079711ms
 43: 80.100018ms
 44: 80.986211ms
 45: 79.134736ms
 46: 79.018674ms
 47: 79.839098ms
 48: 81.553457ms
 49: 80.337202ms


Measurements
--------------------------
FFT Size            : 329^3
Threads             : 36
Batch               : 1
Iterations          : 50
Avg Tot Runtime     : 82.475788 ms
Runtime per batch   : 82.475788 ms
SD                  : 7.510799 ms
Throughput          : 5.113088 GFLOPs
Plan Time           : 95.725785 sec
