Expm 2: Streaming FFTW
FFTW Plan: Patient
-- Cannot import wisdom from ../../wisdom/singlenode/all/329/fftw_329_t37_b1.patient
-- Exporting wisdom file to ../../wisdom/singlenode/all/329/fftw_329_t37_b1.patient
Iteration: 0, 1, 2, 3, 4, 5, 6, 7, 8, 9, 10, 11, 12, 13, 14, 15, 16, 17, 18, 19, 20, 21, 22, 23, 24, 25, 26, 27, 28, 29, 30, 31, 32, 33, 34, 35, 36, 37, 38, 39, 40, 41, 42, 43, 44, 45, 46, 47, 48, 49, 
Printing individual runtimes:
 0: 77.796632ms
 1: 78.195524ms
 2: 76.969894ms
 3: 77.824771ms
 4: 77.684218ms
 5: 79.032010ms
 6: 77.947315ms
 7: 77.521853ms
 8: 77.355195ms
 9: 78.150435ms
 10: 77.114041ms
 11: 77.145803ms
 12: 78.911034ms
 13: 79.297268ms
 14: 84.603054ms
 15: 76.243583ms
 16: 75.693703ms
 17: 76.550983ms
 18: 76.160515ms
 19: 76.502879ms
 20: 76.004117ms
 21: 75.547363ms
 22: 75.483236ms
 23: 76.080311ms
 24: 75.234645ms
 25: 75.966177ms
 26: 76.966081ms
 27: 76.237842ms
 28: 76.233989ms
 29: 74.693332ms
 30: 75.695384ms
 31: 75.331921ms
 32: 76.454910ms
 33: 76.410976ms
 34: 76.859931ms
 35: 76.517063ms
 36: 76.508577ms
 37: 76.421150ms
 38: 76.556562ms
 39: 75.758365ms
 40: 76.732669ms
 41: 74.887474ms
 42: 77.395753ms
 43: 75.806684ms
 44: 76.547654ms
 45: 75.055239ms
 46: 75.771495ms
 47: 76.467335ms
 48: 76.570722ms
 49: 75.322824ms


Measurements
--------------------------
FFT Size            : 329^3
Threads             : 37
Batch               : 1
Iterations          : 50
Avg Tot Runtime     : 76.764410 ms
Runtime per batch   : 76.764410 ms
SD                  : 1.529052 ms
Throughput          : 5.113088 GFLOPs
Plan Time           : 82.175291 sec
