Expm 2: Streaming FFTW
FFTW Plan: Patient
-- Cannot import wisdom from ../../wisdom/singlenode/all/93/fftw_93_t40_b1.patient
-- Exporting wisdom file to ../../wisdom/singlenode/all/93/fftw_93_t40_b1.patient
Iteration: 0, 1, 2, 3, 4, 5, 6, 7, 8, 9, 10, 11, 12, 13, 14, 15, 16, 17, 18, 19, 20, 21, 22, 23, 24, 25, 26, 27, 28, 29, 30, 31, 32, 33, 34, 35, 36, 37, 38, 39, 40, 41, 42, 43, 44, 45, 46, 47, 48, 49, 
Printing individual runtimes:
 0: 2.903439ms
 1: 2.504673ms
 2: 1.583696ms
 3: 2.132107ms
 4: 1.591294ms
 5: 1.598404ms
 6: 1.835938ms
 7: 1.613982ms
 8: 1.608202ms
 9: 1.587753ms
 10: 1.557153ms
 11: 1.616695ms
 12: 1.607833ms
 13: 1.565306ms
 14: 1.598805ms
 15: 3.483636ms
 16: 1.625884ms
 17: 1.613433ms
 18: 1.628706ms
 19: 4.877132ms
 20: 1.608076ms
 21: 1.627658ms
 22: 1.623515ms
 23: 1.632763ms
 24: 1.629649ms
 25: 1.609747ms
 26: 1.620756ms
 27: 1.631949ms
 28: 1.634027ms
 29: 1.661191ms
 30: 1.632523ms
 31: 1.655998ms
 32: 1.637921ms
 33: 1.609188ms
 34: 1.634238ms
 35: 1.614779ms
 36: 1.624325ms
 37: 1.618345ms
 38: 1.895184ms
 39: 1.594238ms
 40: 1.613001ms
 41: 1.619015ms
 42: 1.599457ms
 43: 1.628698ms
 44: 1.614178ms
 45: 1.633000ms
 46: 1.632440ms
 47: 1.567333ms
 48: 1.622503ms
 49: 1.608908ms


Measurements
--------------------------
FFT Size            : 93^3
Threads             : 40
Batch               : 1
Iterations          : 50
Avg Tot Runtime     : 1.781373 ms
Runtime per batch   : 1.781373 ms
SD                  : 0.558842 ms
Throughput          : 0.086793 GFLOPs
Plan Time           : 9.681280 sec
