Expm 2: Streaming FFTW
FFTW Plan: Patient
-- Cannot import wisdom from ../../wisdom/singlenode/all/93/fftw_93_t38_b1.patient
-- Exporting wisdom file to ../../wisdom/singlenode/all/93/fftw_93_t38_b1.patient
Iteration: 0, 1, 2, 3, 4, 5, 6, 7, 8, 9, 10, 11, 12, 13, 14, 15, 16, 17, 18, 19, 20, 21, 22, 23, 24, 25, 26, 27, 28, 29, 30, 31, 32, 33, 34, 35, 36, 37, 38, 39, 40, 41, 42, 43, 44, 45, 46, 47, 48, 49, 
Printing individual runtimes:
 0: 3.498467ms
 1: 1.777158ms
 2: 1.791177ms
 3: 3.772919ms
 4: 1.775211ms
 5: 1.775619ms
 6: 1.779853ms
 7: 3.771342ms
 8: 1.708626ms
 9: 1.745055ms
 10: 1.755302ms
 11: 1.790195ms
 12: 1.753437ms
 13: 1.757409ms
 14: 3.986384ms
 15: 3.240152ms
 16: 1.774126ms
 17: 1.748544ms
 18: 2.087241ms
 19: 1.788551ms
 20: 1.775486ms
 21: 1.780640ms
 22: 1.767052ms
 23: 1.773810ms
 24: 1.784421ms
 25: 3.212768ms
 26: 1.693459ms
 27: 1.739792ms
 28: 1.769485ms
 29: 1.750118ms
 30: 1.765384ms
 31: 1.760043ms
 32: 3.227566ms
 33: 1.795997ms
 34: 1.794024ms
 35: 1.775555ms
 36: 1.814664ms
 37: 1.763366ms
 38: 1.746307ms
 39: 1.776368ms
 40: 1.794112ms
 41: 1.775085ms
 42: 1.789093ms
 43: 1.787573ms
 44: 1.814565ms
 45: 1.794164ms
 46: 1.815690ms
 47: 1.786225ms
 48: 1.816464ms
 49: 1.782199ms


Measurements
--------------------------
FFT Size            : 93^3
Threads             : 38
Batch               : 1
Iterations          : 50
Avg Tot Runtime     : 2.025965 ms
Runtime per batch   : 2.025965 ms
SD                  : 0.618647 ms
Throughput          : 0.088311 GFLOPs
Plan Time           : 8.514370 sec
