Expm 2: Streaming FFTW
FFTW Plan: Patient
-- Cannot import wisdom from ../../wisdom/singlenode/all/520/fftw_520_t36_b1.patient
-- Exporting wisdom file to ../../wisdom/singlenode/all/520/fftw_520_t36_b1.patient
Iteration: 0, 1, 2, 3, 4, 5, 6, 7, 8, 9, 10, 11, 12, 13, 14, 15, 16, 17, 18, 19, 20, 21, 22, 23, 24, 25, 26, 27, 28, 29, 30, 31, 32, 33, 34, 35, 36, 37, 38, 39, 40, 41, 42, 43, 44, 45, 46, 47, 48, 49, 
Printing individual runtimes:
 0: 71.941187ms
 1: 72.054478ms
 2: 72.074412ms
 3: 71.866733ms
 4: 71.348103ms
 5: 71.594275ms
 6: 71.273173ms
 7: 72.094223ms
 8: 72.211171ms
 9: 71.924359ms
 10: 72.146525ms
 11: 72.038272ms
 12: 71.950037ms
 13: 71.883048ms
 14: 71.881444ms
 15: 71.989869ms
 16: 71.942887ms
 17: 71.843857ms
 18: 72.125484ms
 19: 72.004436ms
 20: 71.859274ms
 21: 71.891767ms
 22: 72.066450ms
 23: 72.345791ms
 24: 72.125546ms
 25: 72.309720ms
 26: 71.892222ms
 27: 71.912449ms
 28: 71.941644ms
 29: 72.374347ms
 30: 72.617511ms
 31: 68.519206ms
 32: 124.314645ms
 33: 67.867502ms
 34: 67.675213ms
 35: 67.391930ms
 36: 69.309382ms
 37: 68.718384ms
 38: 67.642822ms
 39: 68.375662ms
 40: 68.402463ms
 41: 73.696650ms
 42: 71.031861ms
 43: 71.146595ms
 44: 170.251644ms
 45: 77.378115ms
 46: 77.251469ms
 47: 69.540220ms
 48: 70.371842ms
 49: 70.938420ms


Measurements
--------------------------
FFT Size            : 520^3
Threads             : 36
Batch               : 1
Iterations          : 50
Avg Tot Runtime     : 74.426974 ms
Runtime per batch   : 74.426974 ms
SD                  : 15.684955 ms
Throughput          : 3.071684 GFLOPs
Plan Time           : 1126.460125 sec
