Expm 2: Streaming FFTW
FFTW Plan: Patient
-- Cannot import wisdom from ../../wisdom/singlenode/all/511/fftw_511_t40_b1.patient
-- Exporting wisdom file to ../../wisdom/singlenode/all/511/fftw_511_t40_b1.patient
Iteration: 0, 1, 2, 3, 4, 5, 6, 7, 8, 9, 10, 11, 12, 13, 14, 15, 16, 17, 18, 19, 20, 21, 22, 23, 24, 25, 26, 27, 28, 29, 30, 31, 32, 33, 34, 35, 36, 37, 38, 39, 40, 41, 42, 43, 44, 45, 46, 47, 48, 49, 
Printing individual runtimes:
 0: 571.635743ms
 1: 596.820449ms
 2: 528.160581ms
 3: 325.122455ms
 4: 414.509660ms
 5: 499.759721ms
 6: 598.824165ms
 7: 465.772139ms
 8: 330.902926ms
 9: 336.145908ms
 10: 332.785178ms
 11: 330.340438ms
 12: 325.735800ms
 13: 335.733633ms
 14: 529.776342ms
 15: 321.866112ms
 16: 357.504792ms
 17: 320.405495ms
 18: 322.090571ms
 19: 318.336590ms
 20: 314.747139ms
 21: 384.754455ms
 22: 322.075482ms
 23: 320.388333ms
 24: 318.223594ms
 25: 322.423595ms
 26: 387.364464ms
 27: 321.308004ms
 28: 530.089730ms
 29: 320.498394ms
 30: 319.313253ms
 31: 321.131982ms
 32: 317.436231ms
 33: 319.624957ms
 34: 318.189807ms
 35: 400.028908ms
 36: 320.205317ms
 37: 318.714555ms
 38: 320.864687ms
 39: 322.424559ms
 40: 319.843551ms
 41: 322.501182ms
 42: 400.247191ms
 43: 313.905628ms
 44: 528.116075ms
 45: 321.361992ms
 46: 322.575584ms
 47: 319.334339ms
 48: 324.657229ms
 49: 322.238481ms


Measurements
--------------------------
FFT Size            : 511^3
Threads             : 40
Batch               : 1
Iterations          : 50
Avg Tot Runtime     : 369.536348 ms
Runtime per batch   : 369.536348 ms
SD                  : 84.424423 ms
Throughput          : 23.654429 GFLOPs
Plan Time           : 208.112690 sec
