Expm 2: Streaming FFTW
FFTW Plan: Patient
-- Cannot import wisdom from ../../wisdom/singlenode/all/507/fftw_507_t40_b1.patient
-- Exporting wisdom file to ../../wisdom/singlenode/all/507/fftw_507_t40_b1.patient
Iteration: 0, 1, 2, 3, 4, 5, 6, 7, 8, 9, 10, 11, 12, 13, 14, 15, 16, 17, 18, 19, 20, 21, 22, 23, 24, 25, 26, 27, 28, 29, 30, 31, 32, 33, 34, 35, 36, 37, 38, 39, 40, 41, 42, 43, 44, 45, 46, 47, 48, 49, 
Printing individual runtimes:
 0: 133.972992ms
 1: 146.470687ms
 2: 135.634694ms
 3: 91.860300ms
 4: 148.230436ms
 5: 142.093801ms
 6: 106.937767ms
 7: 87.880681ms
 8: 87.604979ms
 9: 87.817275ms
 10: 87.488038ms
 11: 87.433036ms
 12: 90.224727ms
 13: 202.979064ms
 14: 141.159180ms
 15: 133.371100ms
 16: 79.157050ms
 17: 79.755530ms
 18: 132.948452ms
 19: 140.875568ms
 20: 123.613327ms
 21: 79.119106ms
 22: 120.216781ms
 23: 134.754575ms
 24: 83.228059ms
 25: 82.863617ms
 26: 86.458379ms
 27: 85.378739ms
 28: 135.857575ms
 29: 90.781611ms
 30: 186.034193ms
 31: 235.628903ms
 32: 135.560518ms
 33: 136.649238ms
 34: 136.524866ms
 35: 137.865619ms
 36: 197.167037ms
 37: 191.138854ms
 38: 136.567907ms
 39: 185.015373ms
 40: 84.799911ms
 41: 85.024414ms
 42: 153.248556ms
 43: 84.859507ms
 44: 85.318436ms
 45: 87.160844ms
 46: 138.937269ms
 47: 102.703672ms
 48: 86.759166ms
 49: 86.687899ms


Measurements
--------------------------
FFT Size            : 507^3
Threads             : 40
Batch               : 1
Iterations          : 50
Avg Tot Runtime     : 120.796386 ms
Runtime per batch   : 120.796386 ms
SD                  : 38.277435 ms
Throughput          : 7.800358 GFLOPs
Plan Time           : 644.513429 sec
