Expm 2: Streaming FFTW
FFTW Plan: Patient
-- Cannot import wisdom from ../../wisdom/singlenode/all/281/fftw_281_t36_b1.patient
-- Exporting wisdom file to ../../wisdom/singlenode/all/281/fftw_281_t36_b1.patient
Iteration: 0, 1, 2, 3, 4, 5, 6, 7, 8, 9, 10, 11, 12, 13, 14, 15, 16, 17, 18, 19, 20, 21, 22, 23, 24, 25, 26, 27, 28, 29, 30, 31, 32, 33, 34, 35, 36, 37, 38, 39, 40, 41, 42, 43, 44, 45, 46, 47, 48, 49, 
Printing individual runtimes:
 0: 33.977855ms
 1: 34.598119ms
 2: 35.310117ms
 3: 33.815323ms
 4: 35.704035ms
 5: 34.133272ms
 6: 36.623397ms
 7: 35.487602ms
 8: 34.613816ms
 9: 34.735830ms
 10: 34.739480ms
 11: 35.923675ms
 12: 34.944365ms
 13: 35.115279ms
 14: 37.201472ms
 15: 34.175831ms
 16: 34.395949ms
 17: 34.857292ms
 18: 33.853037ms
 19: 34.398985ms
 20: 36.993050ms
 21: 36.479553ms
 22: 33.866605ms
 23: 34.864922ms
 24: 34.153672ms
 25: 35.292740ms
 26: 35.286211ms
 27: 34.402432ms
 28: 33.979294ms
 29: 34.641615ms
 30: 34.894703ms
 31: 33.764415ms
 32: 35.054556ms
 33: 36.310353ms
 34: 35.230369ms
 35: 34.984460ms
 36: 34.706940ms
 37: 35.660503ms
 38: 35.086940ms
 39: 35.344895ms
 40: 32.444545ms
 41: 34.729274ms
 42: 34.258200ms
 43: 32.688646ms
 44: 35.441529ms
 45: 31.805945ms
 46: 32.221851ms
 47: 31.720876ms
 48: 32.644238ms
 49: 31.069304ms


Measurements
--------------------------
FFT Size            : 281^3
Threads             : 36
Batch               : 1
Iterations          : 50
Avg Tot Runtime     : 34.572547 ms
Runtime per batch   : 34.572547 ms
SD                  : 1.285561 ms
Throughput          : 2.686253 GFLOPs
Plan Time           : 387.793017 sec
