Expm 2: Streaming FFTW
FFTW Plan: Patient
-- Cannot import wisdom from ../../wisdom/singlenode/all/609/fftw_609_t36_b1.patient
-- Exporting wisdom file to ../../wisdom/singlenode/all/609/fftw_609_t36_b1.patient
Iteration: 0, 1, 2, 3, 4, 5, 6, 7, 8, 9, 10, 11, 12, 13, 14, 15, 16, 17, 18, 19, 20, 21, 22, 23, 24, 25, 26, 27, 28, 29, 30, 31, 32, 33, 34, 35, 36, 37, 38, 39, 40, 41, 42, 43, 44, 45, 46, 47, 48, 49, 
Printing individual runtimes:
 0: 429.309890ms
 1: 428.166161ms
 2: 429.073870ms
 3: 428.711147ms
 4: 853.570348ms
 5: 618.348338ms
 6: 425.728315ms
 7: 454.067094ms
 8: 477.321341ms
 9: 429.083549ms
 10: 428.438599ms
 11: 428.715148ms
 12: 429.915944ms
 13: 428.181946ms
 14: 910.869459ms
 15: 529.203561ms
 16: 436.871599ms
 17: 437.440028ms
 18: 437.801309ms
 19: 695.376526ms
 20: 801.845457ms
 21: 525.591583ms
 22: 794.580604ms
 23: 431.677964ms
 24: 435.333157ms
 25: 436.520901ms
 26: 615.510691ms
 27: 448.319046ms
 28: 435.780993ms
 29: 435.567198ms
 30: 435.528850ms
 31: 425.846312ms
 32: 435.977348ms
 33: 435.642486ms
 34: 435.947137ms
 35: 428.965667ms
 36: 684.120112ms
 37: 720.403119ms
 38: 422.784139ms
 39: 799.984014ms
 40: 917.614740ms
 41: 891.293532ms
 42: 507.109115ms
 43: 797.426592ms
 44: 607.736198ms
 45: 765.831797ms
 46: 894.067982ms
 47: 518.815103ms
 48: 440.219842ms
 49: 727.239768ms


Measurements
--------------------------
FFT Size            : 609^3
Threads             : 36
Batch               : 1
Iterations          : 50
Avg Tot Runtime     : 555.789512 ms
Runtime per batch   : 555.789512 ms
SD                  : 166.556555 ms
Throughput          : 26.446411 GFLOPs
Plan Time           : 380.356484 sec
