Expm 2: Streaming FFTW
FFTW Plan: Patient
-- Cannot import wisdom from ../../wisdom/singlenode/all/490/fftw_490_t36_b1.patient
-- Exporting wisdom file to ../../wisdom/singlenode/all/490/fftw_490_t36_b1.patient
Iteration: 0, 1, 2, 3, 4, 5, 6, 7, 8, 9, 10, 11, 12, 13, 14, 15, 16, 17, 18, 19, 20, 21, 22, 23, 24, 25, 26, 27, 28, 29, 30, 31, 32, 33, 34, 35, 36, 37, 38, 39, 40, 41, 42, 43, 44, 45, 46, 47, 48, 49, 
Printing individual runtimes:
 0: 65.388723ms
 1: 139.884476ms
 2: 102.588632ms
 3: 68.555365ms
 4: 67.623282ms
 5: 67.662411ms
 6: 67.599713ms
 7: 99.707671ms
 8: 66.448960ms
 9: 67.386709ms
 10: 68.961503ms
 11: 68.839916ms
 12: 68.851851ms
 13: 68.752009ms
 14: 68.719005ms
 15: 68.618256ms
 16: 68.943616ms
 17: 68.730108ms
 18: 68.363015ms
 19: 68.709502ms
 20: 68.556396ms
 21: 68.833058ms
 22: 81.301788ms
 23: 66.190850ms
 24: 65.679021ms
 25: 98.865380ms
 26: 65.071383ms
 27: 99.634533ms
 28: 65.849103ms
 29: 63.259248ms
 30: 80.162413ms
 31: 73.620293ms
 32: 64.649771ms
 33: 67.957719ms
 34: 82.506986ms
 35: 64.310160ms
 36: 64.830022ms
 37: 65.073518ms
 38: 63.513512ms
 39: 64.867471ms
 40: 64.946986ms
 41: 64.756213ms
 42: 64.938305ms
 43: 64.747131ms
 44: 64.358887ms
 45: 64.746493ms
 46: 62.736105ms
 47: 69.843313ms
 48: 60.754580ms
 49: 96.826869ms


Measurements
--------------------------
FFT Size            : 490^3
Threads             : 36
Batch               : 1
Iterations          : 50
Avg Tot Runtime     : 72.274445 ms
Runtime per batch   : 72.274445 ms
SD                  : 14.204981 ms
Throughput          : 3.495571 GFLOPs
Plan Time           : 314.522600 sec
