Expm 2: Streaming FFTW
FFTW Plan: Patient
-- Cannot import wisdom from ../../wisdom/singlenode/all/151/fftw_151_t39_b1.patient
-- Exporting wisdom file to ../../wisdom/singlenode/all/151/fftw_151_t39_b1.patient
Iteration: 0, 1, 2, 3, 4, 5, 6, 7, 8, 9, 10, 11, 12, 13, 14, 15, 16, 17, 18, 19, 20, 21, 22, 23, 24, 25, 26, 27, 28, 29, 30, 31, 32, 33, 34, 35, 36, 37, 38, 39, 40, 41, 42, 43, 44, 45, 46, 47, 48, 49, 
Printing individual runtimes:
 0: 5.391053ms
 1: 4.280711ms
 2: 4.392648ms
 3: 4.787685ms
 4: 4.253939ms
 5: 4.261105ms
 6: 7.304880ms
 7: 7.314939ms
 8: 4.339320ms
 9: 4.589437ms
 10: 7.292646ms
 11: 4.310601ms
 12: 4.456904ms
 13: 4.301299ms
 14: 7.338383ms
 15: 7.323919ms
 16: 4.762105ms
 17: 4.465193ms
 18: 4.114996ms
 19: 4.284186ms
 20: 4.401896ms
 21: 4.347798ms
 22: 4.343615ms
 23: 4.217940ms
 24: 4.483174ms
 25: 4.346517ms
 26: 4.260269ms
 27: 4.352853ms
 28: 4.418475ms
 29: 4.302494ms
 30: 4.420434ms
 31: 4.271463ms
 32: 4.217128ms
 33: 4.275148ms
 34: 4.380283ms
 35: 4.389633ms
 36: 4.393666ms
 37: 4.299334ms
 38: 7.457031ms
 39: 4.361264ms
 40: 4.317787ms
 41: 4.364436ms
 42: 4.280408ms
 43: 4.334023ms
 44: 4.365289ms
 45: 4.161742ms
 46: 4.217396ms
 47: 4.174878ms
 48: 7.330561ms
 49: 4.273081ms


Measurements
--------------------------
FFT Size            : 151^3
Threads             : 39
Batch               : 1
Iterations          : 50
Avg Tot Runtime     : 4.786519 ms
Runtime per batch   : 4.786519 ms
SD                  : 1.046624 ms
Throughput          : 0.404262 GFLOPs
Plan Time           : 126.585450 sec
