Expm 2: Streaming FFTW
FFTW Plan: Patient
-- Cannot import wisdom from ../../wisdom/singlenode/all/211/fftw_211_t39_b1.patient
-- Exporting wisdom file to ../../wisdom/singlenode/all/211/fftw_211_t39_b1.patient
Iteration: 0, 1, 2, 3, 4, 5, 6, 7, 8, 9, 10, 11, 12, 13, 14, 15, 16, 17, 18, 19, 20, 21, 22, 23, 24, 25, 26, 27, 28, 29, 30, 31, 32, 33, 34, 35, 36, 37, 38, 39, 40, 41, 42, 43, 44, 45, 46, 47, 48, 49, 
Printing individual runtimes:
 0: 24.398031ms
 1: 24.211071ms
 2: 16.385257ms
 3: 24.403511ms
 4: 24.824128ms
 5: 15.852883ms
 6: 15.651211ms
 7: 15.490949ms
 8: 15.275099ms
 9: 16.039422ms
 10: 15.936291ms
 11: 24.839132ms
 12: 17.743937ms
 13: 15.921976ms
 14: 14.382416ms
 15: 14.845926ms
 16: 15.051662ms
 17: 14.575392ms
 18: 15.852121ms
 19: 14.467131ms
 20: 22.917617ms
 21: 13.802651ms
 22: 14.407275ms
 23: 13.889971ms
 24: 14.297064ms
 25: 15.204121ms
 26: 14.157614ms
 27: 14.923218ms
 28: 14.677531ms
 29: 13.883257ms
 30: 14.467521ms
 31: 13.540453ms
 32: 13.714647ms
 33: 14.072535ms
 34: 13.826445ms
 35: 13.619976ms
 36: 14.241058ms
 37: 13.973650ms
 38: 14.560904ms
 39: 15.309958ms
 40: 14.640044ms
 41: 13.916304ms
 42: 13.990027ms
 43: 14.678255ms
 44: 13.428163ms
 45: 13.418839ms
 46: 14.382793ms
 47: 14.224382ms
 48: 14.531205ms
 49: 14.345173ms


Measurements
--------------------------
FFT Size            : 211^3
Threads             : 39
Batch               : 1
Iterations          : 50
Avg Tot Runtime     : 15.823804 ms
Runtime per batch   : 15.823804 ms
SD                  : 3.236564 ms
Throughput          : 1.138758 GFLOPs
Plan Time           : 284.998896 sec
