Expm 2: Streaming FFTW
FFTW Plan: Patient
-- Cannot import wisdom from ../../wisdom/singlenode/all/196/fftw_196_t40_b1.patient
-- Exporting wisdom file to ../../wisdom/singlenode/all/196/fftw_196_t40_b1.patient
Iteration: 0, 1, 2, 3, 4, 5, 6, 7, 8, 9, 10, 11, 12, 13, 14, 15, 16, 17, 18, 19, 20, 21, 22, 23, 24, 25, 26, 27, 28, 29, 30, 31, 32, 33, 34, 35, 36, 37, 38, 39, 40, 41, 42, 43, 44, 45, 46, 47, 48, 49, 
Printing individual runtimes:
 0: 6.622748ms
 1: 6.696950ms
 2: 4.785197ms
 3: 4.923281ms
 4: 7.202181ms
 5: 4.932581ms
 6: 2.931370ms
 7: 5.022809ms
 8: 3.649812ms
 9: 5.555407ms
 10: 10.909343ms
 11: 5.182255ms
 12: 5.004941ms
 13: 4.704355ms
 14: 2.796056ms
 15: 2.770644ms
 16: 2.777217ms
 17: 2.751971ms
 18: 2.758893ms
 19: 2.760177ms
 20: 2.754394ms
 21: 2.738401ms
 22: 4.594797ms
 23: 4.878751ms
 24: 2.793474ms
 25: 2.749409ms
 26: 2.776882ms
 27: 2.770971ms
 28: 5.760559ms
 29: 4.327839ms
 30: 2.736658ms
 31: 2.653171ms
 32: 2.686212ms
 33: 2.708885ms
 34: 2.682622ms
 35: 2.705577ms
 36: 2.719492ms
 37: 2.642750ms
 38: 2.722775ms
 39: 2.726768ms
 40: 2.745167ms
 41: 2.654306ms
 42: 11.366704ms
 43: 6.854121ms
 44: 4.451644ms
 45: 4.471499ms
 46: 4.463672ms
 47: 4.541527ms
 48: 4.468788ms
 49: 6.180705ms


Measurements
--------------------------
FFT Size            : 196^3
Threads             : 40
Batch               : 1
Iterations          : 50
Avg Tot Runtime     : 4.201334 ms
Runtime per batch   : 4.201334 ms
SD                  : 1.956233 ms
Throughput          : 0.140086 GFLOPs
Plan Time           : 36.853182 sec
