Expm 2: Streaming FFTW
FFTW Plan: Patient
-- Cannot import wisdom from ../../wisdom/singlenode/all/374/fftw_374_t37_b1.patient
-- Exporting wisdom file to ../../wisdom/singlenode/all/374/fftw_374_t37_b1.patient
Iteration: 0, 1, 2, 3, 4, 5, 6, 7, 8, 9, 10, 11, 12, 13, 14, 15, 16, 17, 18, 19, 20, 21, 22, 23, 24, 25, 26, 27, 28, 29, 30, 31, 32, 33, 34, 35, 36, 37, 38, 39, 40, 41, 42, 43, 44, 45, 46, 47, 48, 49, 
Printing individual runtimes:
 0: 66.884148ms
 1: 66.617834ms
 2: 67.687754ms
 3: 66.810185ms
 4: 66.721011ms
 5: 66.965965ms
 6: 66.573970ms
 7: 66.724776ms
 8: 66.585365ms
 9: 66.620133ms
 10: 66.573803ms
 11: 66.922616ms
 12: 67.153574ms
 13: 66.843784ms
 14: 66.827645ms
 15: 66.614786ms
 16: 67.720342ms
 17: 66.646016ms
 18: 66.846081ms
 19: 66.612526ms
 20: 66.698367ms
 21: 66.838141ms
 22: 66.595668ms
 23: 66.792804ms
 24: 66.335169ms
 25: 68.981957ms
 26: 68.546396ms
 27: 68.001551ms
 28: 67.797407ms
 29: 66.941394ms
 30: 67.083263ms
 31: 67.624299ms
 32: 67.321216ms
 33: 67.191103ms
 34: 67.605725ms
 35: 67.036899ms
 36: 68.161821ms
 37: 68.032096ms
 38: 66.923980ms
 39: 66.785097ms
 40: 67.848017ms
 41: 67.326725ms
 42: 67.208146ms
 43: 66.909296ms
 44: 70.431374ms
 45: 68.653761ms
 46: 67.128933ms
 47: 68.185490ms
 48: 68.847519ms
 49: 67.776243ms


Measurements
--------------------------
FFT Size            : 374^3
Threads             : 37
Batch               : 1
Iterations          : 50
Avg Tot Runtime     : 67.291243 ms
Runtime per batch   : 67.291243 ms
SD                  : 0.790383 ms
Throughput          : 5.457421 GFLOPs
Plan Time           : 338.353070 sec
