Expm 2: Streaming FFTW
FFTW Plan: Patient
-- Cannot import wisdom from ../../wisdom/singlenode/prime/expm2/fftw_251_t39_b1.patient
-- Exporting wisdom file to ../../wisdom/singlenode/prime/expm2/fftw_251_t39_b1.patient
Iteration: 0, 1, 2, 3, 4, 5, 6, 7, 8, 9, 10, 11, 12, 13, 14, 15, 16, 17, 18, 19, 20, 21, 22, 23, 24, 25, 26, 27, 28, 29, 30, 31, 32, 33, 34, 35, 36, 37, 38, 39, 40, 41, 42, 43, 44, 45, 46, 47, 48, 49, 
Printing individual runtimes:
 0: 21.373997ms
 1: 20.621471ms
 2: 20.841710ms
 3: 19.888540ms
 4: 20.802740ms
 5: 19.755670ms
 6: 20.084725ms
 7: 19.984582ms
 8: 21.222189ms
 9: 21.520977ms
 10: 21.347051ms
 11: 20.445454ms
 12: 21.476879ms
 13: 21.208504ms
 14: 21.432257ms
 15: 21.439909ms
 16: 21.114298ms
 17: 21.386919ms
 18: 20.687841ms
 19: 21.428923ms
 20: 20.647437ms
 21: 20.934953ms
 22: 21.348750ms
 23: 19.640397ms
 24: 20.309339ms
 25: 21.510010ms
 26: 21.812456ms
 27: 34.300251ms
 28: 34.127538ms
 29: 32.666487ms
 30: 33.057088ms
 31: 24.317648ms
 32: 20.881774ms
 33: 20.146220ms
 34: 19.098667ms
 35: 19.932955ms
 36: 20.506389ms
 37: 20.710629ms
 38: 20.740153ms
 39: 20.235770ms
 40: 18.752853ms
 41: 32.683686ms
 42: 22.818381ms
 43: 20.563823ms
 44: 20.863930ms
 45: 19.797912ms
 46: 20.709609ms
 47: 21.014879ms
 48: 20.499667ms
 49: 38.773256ms


Measurements
--------------------------
FFT Size            : 251^3
Threads             : 39
Batch               : 1
Iterations          : 50
Avg Tot Runtime     : 22.429351 ms
Runtime per batch   : 22.429351 ms
SD                  : 4.514689 ms
Throughput          : 1.852985 GFLOPs
Plan Time           : 135.734386 sec
