Expm 2: Streaming FFTW
FFTW Plan: Patient
-- Cannot import wisdom from ../../wisdom/singlenode/all/187/fftw_187_t37_b1.patient
-- Exporting wisdom file to ../../wisdom/singlenode/all/187/fftw_187_t37_b1.patient
Iteration: 0, 1, 2, 3, 4, 5, 6, 7, 8, 9, 10, 11, 12, 13, 14, 15, 16, 17, 18, 19, 20, 21, 22, 23, 24, 25, 26, 27, 28, 29, 30, 31, 32, 33, 34, 35, 36, 37, 38, 39, 40, 41, 42, 43, 44, 45, 46, 47, 48, 49, 
Printing individual runtimes:
 0: 8.316356ms
 1: 11.417341ms
 2: 8.161078ms
 3: 8.103903ms
 4: 8.104458ms
 5: 8.112759ms
 6: 8.874449ms
 7: 8.160495ms
 8: 8.800795ms
 9: 8.168540ms
 10: 8.221317ms
 11: 15.347002ms
 12: 8.115347ms
 13: 8.125531ms
 14: 8.094207ms
 15: 8.825786ms
 16: 10.801510ms
 17: 8.133456ms
 18: 8.131024ms
 19: 8.925503ms
 20: 13.329366ms
 21: 8.164171ms
 22: 8.304084ms
 23: 8.119907ms
 24: 8.289463ms
 25: 8.927930ms
 26: 8.889966ms
 27: 8.933503ms
 28: 8.257026ms
 29: 8.094756ms
 30: 8.262694ms
 31: 8.194043ms
 32: 8.290949ms
 33: 8.237349ms
 34: 8.128327ms
 35: 8.224855ms
 36: 8.210289ms
 37: 8.238507ms
 38: 8.201758ms
 39: 9.873345ms
 40: 8.261481ms
 41: 8.362940ms
 42: 8.285569ms
 43: 8.208724ms
 44: 8.255465ms
 45: 8.300855ms
 46: 8.276763ms
 47: 8.205342ms
 48: 8.211761ms
 49: 8.227720ms


Measurements
--------------------------
FFT Size            : 187^3
Threads             : 37
Batch               : 1
Iterations          : 50
Avg Tot Runtime     : 8.694195 ms
Runtime per batch   : 8.694195 ms
SD                  : 1.330957 ms
Throughput          : 0.659058 GFLOPs
Plan Time           : 37.936007 sec
