Expm 2: Streaming FFTW
FFTW Plan: Patient
-- Cannot import wisdom from ../../wisdom/singlenode/all/352/fftw_352_t38_b1.patient
-- Exporting wisdom file to ../../wisdom/singlenode/all/352/fftw_352_t38_b1.patient
Iteration: 0, 1, 2, 3, 4, 5, 6, 7, 8, 9, 10, 11, 12, 13, 14, 15, 16, 17, 18, 19, 20, 21, 22, 23, 24, 25, 26, 27, 28, 29, 30, 31, 32, 33, 34, 35, 36, 37, 38, 39, 40, 41, 42, 43, 44, 45, 46, 47, 48, 49, 
Printing individual runtimes:
 0: 27.073574ms
 1: 27.068952ms
 2: 26.725941ms
 3: 27.053304ms
 4: 27.127294ms
 5: 27.378367ms
 6: 27.426253ms
 7: 27.403675ms
 8: 47.599836ms
 9: 26.285017ms
 10: 25.734341ms
 11: 25.862887ms
 12: 26.125367ms
 13: 25.934592ms
 14: 26.097616ms
 15: 26.040421ms
 16: 25.899318ms
 17: 25.955517ms
 18: 26.115243ms
 19: 25.573390ms
 20: 25.964181ms
 21: 26.135520ms
 22: 26.390759ms
 23: 26.147157ms
 24: 26.255000ms
 25: 25.974826ms
 26: 25.815329ms
 27: 35.521484ms
 28: 26.553780ms
 29: 26.092316ms
 30: 26.062909ms
 31: 26.257887ms
 32: 26.002196ms
 33: 26.031558ms
 34: 26.254343ms
 35: 26.136230ms
 36: 26.305831ms
 37: 26.241409ms
 38: 26.309964ms
 39: 26.497311ms
 40: 26.185800ms
 41: 26.261398ms
 42: 26.364356ms
 43: 26.220597ms
 44: 26.169301ms
 45: 26.125763ms
 46: 26.163122ms
 47: 25.702339ms
 48: 26.178206ms
 49: 26.190259ms


Measurements
--------------------------
FFT Size            : 352^3
Threads             : 38
Batch               : 1
Iterations          : 50
Avg Tot Runtime     : 26.899841 ms
Runtime per batch   : 26.899841 ms
SD                  : 3.255803 ms
Throughput          : 0.979412 GFLOPs
Plan Time           : 331.777383 sec
