Expm 2: Streaming FFTW
FFTW Plan: Patient
-- Cannot import wisdom from ../../wisdom/singlenode/all/497/fftw_497_t38_b1.patient
-- Exporting wisdom file to ../../wisdom/singlenode/all/497/fftw_497_t38_b1.patient
Iteration: 0, 1, 2, 3, 4, 5, 6, 7, 8, 9, 10, 11, 12, 13, 14, 15, 16, 17, 18, 19, 20, 21, 22, 23, 24, 25, 26, 27, 28, 29, 30, 31, 32, 33, 34, 35, 36, 37, 38, 39, 40, 41, 42, 43, 44, 45, 46, 47, 48, 49, 
Printing individual runtimes:
 0: 257.064012ms
 1: 260.835338ms
 2: 255.570843ms
 3: 255.494132ms
 4: 258.410589ms
 5: 258.059055ms
 6: 374.147535ms
 7: 256.092191ms
 8: 255.338522ms
 9: 256.493106ms
 10: 253.501413ms
 11: 254.813847ms
 12: 257.275550ms
 13: 255.606453ms
 14: 254.763296ms
 15: 253.765064ms
 16: 254.813397ms
 17: 257.372557ms
 18: 482.668978ms
 19: 256.751975ms
 20: 256.808752ms
 21: 255.943704ms
 22: 254.812186ms
 23: 336.259211ms
 24: 255.984051ms
 25: 251.016724ms
 26: 357.804017ms
 27: 252.342152ms
 28: 252.366043ms
 29: 250.022427ms
 30: 252.099729ms
 31: 250.688974ms
 32: 251.641361ms
 33: 250.549232ms
 34: 471.867965ms
 35: 259.180282ms
 36: 258.061512ms
 37: 257.738327ms
 38: 257.095648ms
 39: 257.638617ms
 40: 254.914336ms
 41: 255.184322ms
 42: 259.675430ms
 43: 257.439204ms
 44: 257.401689ms
 45: 258.873186ms
 46: 256.611641ms
 47: 256.232638ms
 48: 257.573694ms
 49: 258.460339ms


Measurements
--------------------------
FFT Size            : 497^3
Threads             : 38
Batch               : 1
Iterations          : 50
Avg Tot Runtime     : 270.622505 ms
Runtime per batch   : 270.622505 ms
SD                  : 48.651020 ms
Throughput          : 14.565627 GFLOPs
Plan Time           : 215.566019 sec
