Expm 2: Streaming FFTW
FFTW Plan: Patient
-- Cannot import wisdom from ../../wisdom/singlenode/all/132/fftw_132_t39_b1.patient
-- Exporting wisdom file to ../../wisdom/singlenode/all/132/fftw_132_t39_b1.patient
Iteration: 0, 1, 2, 3, 4, 5, 6, 7, 8, 9, 10, 11, 12, 13, 14, 15, 16, 17, 18, 19, 20, 21, 22, 23, 24, 25, 26, 27, 28, 29, 30, 31, 32, 33, 34, 35, 36, 37, 38, 39, 40, 41, 42, 43, 44, 45, 46, 47, 48, 49, 
Printing individual runtimes:
 0: 1.052717ms
 1: 1.954798ms
 2: 1.933864ms
 3: 1.054659ms
 4: 0.963492ms
 5: 0.971348ms
 6: 1.002892ms
 7: 0.978038ms
 8: 0.994536ms
 9: 1.045283ms
 10: 1.062510ms
 11: 1.070528ms
 12: 1.039069ms
 13: 1.061612ms
 14: 1.043398ms
 15: 1.181144ms
 16: 1.053653ms
 17: 1.067286ms
 18: 1.050237ms
 19: 1.021151ms
 20: 0.965843ms
 21: 0.988334ms
 22: 0.995711ms
 23: 1.892736ms
 24: 1.028222ms
 25: 1.037196ms
 26: 2.263182ms
 27: 1.951722ms
 28: 1.956908ms
 29: 2.069107ms
 30: 0.995377ms
 31: 1.003893ms
 32: 2.337218ms
 33: 1.027646ms
 34: 0.987686ms
 35: 0.989580ms
 36: 1.023663ms
 37: 1.352623ms
 38: 1.024186ms
 39: 2.032395ms
 40: 1.019841ms
 41: 1.001437ms
 42: 1.051118ms
 43: 1.033546ms
 44: 1.046151ms
 45: 1.021834ms
 46: 1.021452ms
 47: 0.977386ms
 48: 1.047006ms
 49: 1.058805ms


Measurements
--------------------------
FFT Size            : 132^3
Threads             : 39
Batch               : 1
Iterations          : 50
Avg Tot Runtime     : 1.216080 ms
Runtime per batch   : 1.216080 ms
SD                  : 0.396823 ms
Throughput          : 0.045802 GFLOPs
Plan Time           : 33.343482 sec
