Expm 2: Streaming FFTW
FFTW Plan: Patient
-- Cannot import wisdom from ../../wisdom/singlenode/all/246/fftw_246_t40_b1.patient
-- Exporting wisdom file to ../../wisdom/singlenode/all/246/fftw_246_t40_b1.patient
Iteration: 0, 1, 2, 3, 4, 5, 6, 7, 8, 9, 10, 11, 12, 13, 14, 15, 16, 17, 18, 19, 20, 21, 22, 23, 24, 25, 26, 27, 28, 29, 30, 31, 32, 33, 34, 35, 36, 37, 38, 39, 40, 41, 42, 43, 44, 45, 46, 47, 48, 49, 
Printing individual runtimes:
 0: 93.904001ms
 1: 67.961006ms
 2: 68.038986ms
 3: 34.950775ms
 4: 34.914090ms
 5: 34.885931ms
 6: 34.874606ms
 7: 34.823484ms
 8: 34.897056ms
 9: 34.991283ms
 10: 34.978630ms
 11: 35.057751ms
 12: 34.927873ms
 13: 34.940660ms
 14: 34.995318ms
 15: 34.896206ms
 16: 35.145330ms
 17: 34.971510ms
 18: 35.130160ms
 19: 34.931630ms
 20: 35.081658ms
 21: 34.906202ms
 22: 63.135148ms
 23: 34.931071ms
 24: 65.364213ms
 25: 62.687372ms
 26: 95.972626ms
 27: 46.925742ms
 28: 34.853506ms
 29: 34.579918ms
 30: 34.782188ms
 31: 34.721958ms
 32: 34.638682ms
 33: 34.641355ms
 34: 34.691568ms
 35: 35.016004ms
 36: 34.751410ms
 37: 34.575530ms
 38: 34.865253ms
 39: 34.835298ms
 40: 34.685641ms
 41: 34.615963ms
 42: 34.732503ms
 43: 34.668029ms
 44: 34.682776ms
 45: 34.902825ms
 46: 34.899724ms
 47: 34.674477ms
 48: 34.688816ms
 49: 34.616053ms


Measurements
--------------------------
FFT Size            : 246^3
Threads             : 40
Batch               : 1
Iterations          : 50
Avg Tot Runtime     : 40.546796 ms
Runtime per batch   : 40.546796 ms
SD                  : 14.457810 ms
Throughput          : 2.127811 GFLOPs
Plan Time           : 97.746190 sec
