Expm 2: Streaming FFTW
FFTW Plan: Patient
-- Cannot import wisdom from ../../wisdom/singlenode/all/246/fftw_246_t38_b1.patient
-- Exporting wisdom file to ../../wisdom/singlenode/all/246/fftw_246_t38_b1.patient
Iteration: 0, 1, 2, 3, 4, 5, 6, 7, 8, 9, 10, 11, 12, 13, 14, 15, 16, 17, 18, 19, 20, 21, 22, 23, 24, 25, 26, 27, 28, 29, 30, 31, 32, 33, 34, 35, 36, 37, 38, 39, 40, 41, 42, 43, 44, 45, 46, 47, 48, 49, 
Printing individual runtimes:
 0: 32.833522ms
 1: 32.876070ms
 2: 44.575978ms
 3: 32.908304ms
 4: 32.780305ms
 5: 32.850637ms
 6: 32.886319ms
 7: 32.789962ms
 8: 32.868558ms
 9: 32.880038ms
 10: 32.768761ms
 11: 32.769715ms
 12: 32.839079ms
 13: 32.981049ms
 14: 32.864663ms
 15: 32.809558ms
 16: 32.779138ms
 17: 32.858292ms
 18: 32.837260ms
 19: 32.845187ms
 20: 32.908615ms
 21: 32.751099ms
 22: 32.700984ms
 23: 32.766002ms
 24: 32.777564ms
 25: 32.798858ms
 26: 32.795966ms
 27: 32.802663ms
 28: 32.760772ms
 29: 34.738877ms
 30: 32.960126ms
 31: 32.896883ms
 32: 32.770910ms
 33: 100.177427ms
 34: 63.568528ms
 35: 44.217006ms
 36: 32.753498ms
 37: 32.856428ms
 38: 32.732369ms
 39: 32.714452ms
 40: 32.793764ms
 41: 32.743673ms
 42: 32.798675ms
 43: 32.933214ms
 44: 32.776719ms
 45: 32.766885ms
 46: 32.872422ms
 47: 32.856746ms
 48: 32.705042ms
 49: 32.724167ms


Measurements
--------------------------
FFT Size            : 246^3
Threads             : 38
Batch               : 1
Iterations          : 50
Avg Tot Runtime     : 35.280455 ms
Runtime per batch   : 35.280455 ms
SD                  : 10.442014 ms
Throughput          : 2.089927 GFLOPs
Plan Time           : 98.190304 sec
