Expm 2: Streaming FFTW
FFTW Plan: Patient
-- Cannot import wisdom from ../../wisdom/singlenode/all/21/fftw_21_t38_b1.patient
-- Exporting wisdom file to ../../wisdom/singlenode/all/21/fftw_21_t38_b1.patient
Iteration: 0, 1, 2, 3, 4, 5, 6, 7, 8, 9, 10, 11, 12, 13, 14, 15, 16, 17, 18, 19, 20, 21, 22, 23, 24, 25, 26, 27, 28, 29, 30, 31, 32, 33, 34, 35, 36, 37, 38, 39, 40, 41, 42, 43, 44, 45, 46, 47, 48, 49, 
Printing individual runtimes:
 0: 0.127346ms
 1: 0.076883ms
 2: 0.047330ms
 3: 0.048190ms
 4: 0.048869ms
 5: 0.136549ms
 6: 0.048080ms
 7: 0.064852ms
 8: 0.045968ms
 9: 0.077478ms
 10: 0.046016ms
 11: 0.047023ms
 12: 0.102225ms
 13: 0.051118ms
 14: 0.046062ms
 15: 0.053926ms
 16: 0.045290ms
 17: 0.045946ms
 18: 0.044729ms
 19: 0.455469ms
 20: 0.049032ms
 21: 0.050158ms
 22: 0.045135ms
 23: 0.044600ms
 24: 0.088327ms
 25: 0.044362ms
 26: 0.045120ms
 27: 0.043398ms
 28: 0.084521ms
 29: 0.045133ms
 30: 0.050509ms
 31: 0.052976ms
 32: 0.065943ms
 33: 0.044836ms
 34: 0.046321ms
 35: 0.045205ms
 36: 0.046084ms
 37: 0.046033ms
 38: 0.051953ms
 39: 0.054407ms
 40: 0.045980ms
 41: 0.045101ms
 42: 0.050036ms
 43: 0.043916ms
 44: 0.044510ms
 45: 0.050248ms
 46: 0.224119ms
 47: 0.046704ms
 48: 0.044573ms
 49: 0.048451ms


Measurements
--------------------------
FFT Size            : 21^3
Threads             : 38
Batch               : 1
Iterations          : 50
Avg Tot Runtime     : 0.066941 ms
Runtime per batch   : 0.066941 ms
SD                  : 0.063529 ms
Throughput          : 0.000121 GFLOPs
Plan Time           : 3.319954 sec
