Expm 2: Streaming FFT

Printing individual runtimes:
 0: 0.304124ms
 1: 0.128798ms
 2: 0.124852ms
 3: 1.019207ms
 4: 0.128760ms
 5: 0.135391ms
 6: 0.120766ms
 7: 0.367791ms
 8: 0.121374ms
 9: 0.126810ms
 10: 0.124754ms
 11: 0.132379ms
 12: 0.122748ms
 13: 0.421863ms
 14: 0.128602ms
 15: 0.130748ms
 16: 0.172624ms
 17: 0.124810ms
 18: 0.127418ms
 19: 0.368389ms
 20: 0.128745ms
 21: 0.173317ms
 22: 0.136255ms
 23: 0.126772ms
 24: 0.127727ms
 25: 0.132791ms
 26: 0.412535ms
 27: 0.122276ms
 28: 0.125491ms
 29: 0.127398ms
 30: 0.132409ms
 31: 0.126100ms
 32: 0.170187ms
 33: 0.126227ms
 34: 0.286389ms
 35: 0.130150ms
 36: 0.123681ms
 37: 0.120279ms
 38: 0.157159ms
 39: 0.138159ms
 40: 0.122099ms
 41: 0.124630ms
 42: 0.405364ms
 43: 0.119797ms
 44: 0.150887ms
 45: 0.128392ms
 46: 0.125157ms
 47: 0.123226ms
 48: 0.441986ms
 49: 0.122970ms
 50: 0.129911ms
 51: 0.124285ms
 52: 0.133613ms
 53: 0.125673ms
 54: 0.129913ms
 55: 0.127370ms
 56: 0.120962ms
 57: 0.127458ms
 58: 0.126175ms
 59: 0.475194ms
 60: 0.130527ms
 61: 0.127114ms
 62: 0.133090ms
 63: 0.122959ms
 64: 0.123937ms
 65: 0.120819ms
 66: 0.129717ms
 67: 0.383931ms
 68: 0.123500ms
 69: 0.123813ms
 70: 0.120723ms
 71: 0.127026ms
 72: 0.120137ms
 73: 0.124754ms
 74: 0.129289ms
 75: 0.125709ms
 76: 0.122089ms
 77: 0.131376ms
 78: 0.125427ms
 79: 0.137323ms
 80: 0.160208ms
 81: 0.120402ms
 82: 0.129072ms
 83: 0.131132ms
 84: 0.135236ms
 85: 0.124498ms
 86: 0.121871ms
 87: 0.164708ms
 88: 0.125587ms
 89: 0.127843ms
 90: 0.434906ms
 91: 0.121003ms
 92: 0.121095ms
 93: 0.126445ms
 94: 0.123924ms
 95: 0.128119ms
 96: 0.126279ms
 97: 0.126961ms
 98: 0.134721ms
 99: 0.125266ms
 100: 0.130243ms
 101: 0.122697ms
 102: 0.127587ms
 103: 0.127059ms
 104: 0.123742ms
 105: 0.124824ms
 106: 0.130917ms
 107: 0.121586ms
 108: 0.166128ms
 109: 0.122379ms
 110: 0.358505ms
 111: 0.122843ms
 112: 0.134170ms
 113: 0.124845ms
 114: 0.128129ms
 115: 0.128683ms
 116: 0.122585ms
 117: 0.123952ms
 118: 0.131548ms
 119: 0.129228ms
 120: 0.124653ms
 121: 0.126644ms
 122: 0.129224ms
 123: 0.139233ms
 124: 0.134936ms
 125: 0.125266ms
 126: 0.149208ms
 127: 0.120917ms
 128: 0.126625ms
 129: 0.130928ms
 130: 0.123952ms
 131: 0.128773ms
 132: 0.122354ms
 133: 0.119917ms
 134: 0.123849ms
 135: 0.129344ms
 136: 0.374574ms
 137: 0.122122ms
 138: 0.126893ms
 139: 0.122736ms
 140: 0.139854ms
 141: 0.145739ms
 142: 0.123194ms
 143: 0.127651ms
 144: 0.123237ms
 145: 0.124135ms
 146: 0.119573ms
 147: 0.133417ms
 148: 0.126924ms
 149: 0.123350ms
 150: 0.156944ms
 151: 0.124739ms
 152: 0.124220ms
 153: 0.133963ms
 154: 0.122450ms
 155: 0.126817ms
 156: 0.127232ms
 157: 0.128859ms
 158: 0.126485ms
 159: 0.126793ms
 160: 0.125417ms
 161: 0.124352ms
 162: 0.214913ms
 163: 0.135033ms
 164: 0.123508ms
 165: 0.446391ms
 166: 0.121799ms
 167: 0.127699ms
 168: 0.118127ms
 169: 0.120204ms
 170: 0.132190ms
 171: 0.124752ms
 172: 0.120291ms
 173: 0.124718ms
 174: 0.127564ms
 175: 0.132632ms
 176: 0.126572ms
 177: 0.127070ms
 178: 0.150877ms
 179: 0.144820ms
 180: 0.150543ms
 181: 0.119994ms
 182: 0.121365ms
 183: 0.127333ms
 184: 0.120863ms
 185: 0.126053ms
 186: 0.159836ms
 187: 0.146648ms
 188: 0.143048ms
 189: 0.129581ms
 190: 0.130593ms
 191: 0.137240ms
 192: 0.121933ms
 193: 0.152381ms
 194: 0.117973ms
 195: 0.121597ms
 196: 0.126124ms
 197: 0.129195ms
 198: 0.126495ms
 199: 0.131109ms


-- Real : Q1: 50 Q2: 100 Q3: 150
-- Array: Q1: 49 Q2: 99 Q3: 149
Printing sorted runtimes:
 0: 0.123849ms
 1: 0.123194ms
 2: 0.122736ms
 3: 0.122585ms
 4: 0.123237ms
 5: 0.119917ms
 6: 0.120766ms
 7: 0.122843ms
 8: 0.121374ms
 9: 0.122379ms
 10: 0.119573ms
 11: 0.121597ms
 12: 0.122748ms
 13: 0.117973ms
 14: 0.121586ms
 15: 0.121933ms
 16: 0.122354ms
 17: 0.123742ms
 18: 0.122697ms
 19: 0.123350ms
 20: 0.121095ms
 21: 0.120863ms
 22: 0.121003ms
 23: 0.122450ms
 24: 0.121871ms
 25: 0.121365ms
 26: 0.119994ms
 27: 0.122276ms
 28: 0.120402ms
 29: 0.122089ms
 30: 0.120917ms
 31: 0.120137ms
 32: 0.120723ms
 33: 0.123813ms
 34: 0.123500ms
 35: 0.120819ms
 36: 0.123681ms
 37: 0.120279ms
 38: 0.122959ms
 39: 0.120291ms
 40: 0.122099ms
 41: 0.123508ms
 42: 0.121799ms
 43: 0.119797ms
 44: 0.120204ms
 45: 0.120962ms
 46: 0.122122ms
 47: 0.123226ms
 48: 0.118127ms
 49: 0.122970ms
 50: 0.123924ms
 51: 0.123952ms
 52: 0.123937ms
 53: 0.124852ms
 54: 0.124135ms
 55: 0.124220ms
 56: 0.124285ms
 57: 0.124739ms
 58: 0.124653ms
 59: 0.124498ms
 60: 0.124630ms
 61: 0.124752ms
 62: 0.124352ms
 63: 0.124718ms
 64: 0.124845ms
 65: 0.124810ms
 66: 0.124824ms
 67: 0.124754ms
 68: 0.124754ms
 69: 0.123952ms
 70: 0.127026ms
 71: 0.126572ms
 72: 0.126100ms
 73: 0.126124ms
 74: 0.126810ms
 75: 0.125709ms
 76: 0.125673ms
 77: 0.126793ms
 78: 0.125427ms
 79: 0.126485ms
 80: 0.126893ms
 81: 0.125491ms
 82: 0.125266ms
 83: 0.126495ms
 84: 0.126817ms
 85: 0.125417ms
 86: 0.126625ms
 87: 0.126772ms
 88: 0.125587ms
 89: 0.126227ms
 90: 0.126924ms
 91: 0.125157ms
 92: 0.126053ms
 93: 0.126445ms
 94: 0.126175ms
 95: 0.125266ms
 96: 0.126279ms
 97: 0.126961ms
 98: 0.126644ms
 99: 0.127059ms
 100: 0.127070ms
 101: 0.131109ms
 102: 0.127398ms
 103: 0.127458ms
 104: 0.127370ms
 105: 0.127333ms
 106: 0.127114ms
 107: 0.127232ms
 108: 0.127587ms
 109: 0.127651ms
 110: 0.127699ms
 111: 0.127564ms
 112: 0.127727ms
 113: 0.128760ms
 114: 0.128129ms
 115: 0.128683ms
 116: 0.128602ms
 117: 0.128119ms
 118: 0.128745ms
 119: 0.127843ms
 120: 0.128773ms
 121: 0.128392ms
 122: 0.128798ms
 123: 0.128859ms
 124: 0.129072ms
 125: 0.129228ms
 126: 0.129224ms
 127: 0.129289ms
 128: 0.129717ms
 129: 0.129913ms
 130: 0.129911ms
 131: 0.130150ms
 132: 0.129581ms
 133: 0.129195ms
 134: 0.130243ms
 135: 0.129344ms
 136: 0.127418ms
 137: 0.130928ms
 138: 0.130748ms
 139: 0.130593ms
 140: 0.130527ms
 141: 0.130917ms
 142: 0.132379ms
 143: 0.131548ms
 144: 0.132190ms
 145: 0.131376ms
 146: 0.131132ms
 147: 0.132791ms
 148: 0.132409ms
 149: 0.132632ms
 150: 0.133090ms
 151: 0.133417ms
 152: 0.133613ms
 153: 0.133963ms
 154: 0.134170ms
 155: 0.135236ms
 156: 0.136255ms
 157: 0.137240ms
 158: 0.137323ms
 159: 0.144820ms
 160: 0.135391ms
 161: 0.139233ms
 162: 0.134721ms
 163: 0.135033ms
 164: 0.139854ms
 165: 0.143048ms
 166: 0.138159ms
 167: 0.134936ms
 168: 0.145739ms
 169: 0.150887ms
 170: 0.152381ms
 171: 0.149208ms
 172: 0.374574ms
 173: 0.157159ms
 174: 0.286389ms
 175: 0.367791ms
 176: 0.170187ms
 177: 0.214913ms
 178: 0.150877ms
 179: 0.358505ms
 180: 0.150543ms
 181: 0.160208ms
 182: 0.166128ms
 183: 0.164708ms
 184: 0.173317ms
 185: 0.368389ms
 186: 0.159836ms
 187: 0.146648ms
 188: 0.156944ms
 189: 0.172624ms
 190: 0.304124ms
 191: 0.412535ms
 192: 0.405364ms
 193: 0.441986ms
 194: 0.421863ms
 195: 0.475194ms
 196: 0.446391ms
 197: 0.383931ms
 198: 1.019207ms
 199: 0.434906ms


Measurements
--------------------------
FFT Size            : 66^3
Threads             : 29
Batch               : 1
Iterations          : 200
Avg Tot Runtime     : 0.152660 ms
Runtime per batch   : 0.152660 ms
SD                  : 0.092460 ms
Q1                  : 0.122970 ms
Median              : 0.127064 ms
Q3                  : 0.132632 ms
