Expm 2: Streaming FFT

Printing individual runtimes:
 0: 0.276256ms
 1: 0.059970ms
 2: 0.071447ms
 3: 0.287913ms
 4: 0.066634ms
 5: 0.304660ms
 6: 0.054492ms
 7: 0.079422ms
 8: 0.058141ms
 9: 0.118942ms
 10: 0.064103ms
 11: 0.059959ms
 12: 0.057738ms
 13: 0.117403ms
 14: 0.059812ms
 15: 0.075011ms
 16: 0.064547ms
 17: 0.072081ms
 18: 0.070651ms
 19: 0.076692ms
 20: 0.147822ms
 21: 0.061811ms
 22: 0.046496ms
 23: 0.130270ms
 24: 0.059521ms
 25: 0.058583ms
 26: 0.089999ms
 27: 0.049781ms
 28: 0.050829ms
 29: 0.057199ms
 30: 0.061641ms
 31: 0.065061ms
 32: 0.050853ms
 33: 0.075038ms
 34: 0.068627ms
 35: 0.061324ms
 36: 0.059547ms
 37: 0.139995ms
 38: 0.074612ms
 39: 0.071832ms
 40: 5.819979ms
 41: 0.061408ms
 42: 0.074379ms
 43: 0.075512ms
 44: 0.059146ms
 45: 0.058990ms
 46: 0.050769ms
 47: 0.073947ms
 48: 0.062340ms
 49: 0.057466ms
 50: 0.107848ms
 51: 0.057799ms
 52: 0.054555ms
 53: 0.108561ms
 54: 0.070078ms
 55: 0.070475ms
 56: 0.093334ms
 57: 0.074637ms
 58: 0.067826ms
 59: 0.068899ms
 60: 0.072137ms
 61: 0.068935ms
 62: 0.075402ms
 63: 0.072904ms
 64: 0.059965ms
 65: 0.059749ms
 66: 0.059312ms
 67: 0.059287ms
 68: 0.074366ms
 69: 0.079918ms
 70: 0.061567ms
 71: 0.070309ms
 72: 0.084933ms
 73: 0.072580ms
 74: 0.068608ms
 75: 0.071709ms
 76: 0.073745ms
 77: 0.072288ms
 78: 0.070604ms
 79: 0.172096ms
 80: 0.059579ms
 81: 0.126296ms
 82: 0.078253ms
 83: 0.059342ms
 84: 0.077184ms
 85: 0.091006ms
 86: 0.072197ms
 87: 0.069017ms
 88: 0.071292ms
 89: 0.059313ms
 90: 0.073272ms
 91: 0.069167ms
 92: 0.072265ms
 93: 0.057676ms
 94: 0.057895ms
 95: 0.061437ms
 96: 0.059911ms
 97: 0.073931ms
 98: 0.070208ms
 99: 0.071081ms
 100: 0.075502ms
 101: 0.078965ms
 102: 0.061263ms
 103: 0.056025ms
 104: 0.076616ms
 105: 0.070581ms
 106: 0.070334ms
 107: 0.060331ms
 108: 0.075656ms
 109: 0.069880ms
 110: 0.056928ms
 111: 0.060536ms
 112: 0.070339ms
 113: 0.070601ms
 114: 0.076820ms
 115: 0.059562ms
 116: 0.073831ms
 117: 0.072654ms
 118: 0.061217ms
 119: 0.061673ms
 120: 0.079003ms
 121: 0.074021ms
 122: 0.079024ms
 123: 0.056244ms
 124: 0.056645ms
 125: 0.073244ms
 126: 0.057813ms
 127: 0.070118ms
 128: 0.057581ms
 129: 0.072719ms
 130: 0.075589ms
 131: 0.069338ms
 132: 0.070362ms
 133: 0.071455ms
 134: 0.131964ms
 135: 0.070680ms
 136: 0.088066ms
 137: 7.513320ms
 138: 0.081501ms
 139: 0.206756ms
 140: 0.073037ms
 141: 0.077849ms
 142: 0.072236ms
 143: 0.066722ms
 144: 0.056908ms
 145: 0.075857ms
 146: 0.069227ms
 147: 0.058754ms
 148: 0.060161ms
 149: 0.077864ms
 150: 0.080539ms
 151: 0.058353ms
 152: 0.057303ms
 153: 0.080553ms
 154: 0.068824ms
 155: 0.056689ms
 156: 0.060737ms
 157: 0.062958ms
 158: 0.072030ms
 159: 0.059275ms
 160: 0.069293ms
 161: 0.058740ms
 162: 0.068209ms
 163: 0.059007ms
 164: 0.076635ms
 165: 0.074444ms
 166: 0.076181ms
 167: 0.068930ms
 168: 0.071295ms
 169: 0.075085ms
 170: 0.069669ms
 171: 0.057515ms
 172: 0.057745ms
 173: 0.077088ms
 174: 0.083755ms
 175: 0.059482ms
 176: 0.076051ms
 177: 0.057450ms
 178: 0.056379ms
 179: 0.060056ms
 180: 0.075789ms
 181: 0.071289ms
 182: 0.101770ms
 183: 0.070663ms
 184: 0.065836ms
 185: 0.085559ms
 186: 0.057005ms
 187: 0.070396ms
 188: 0.065097ms
 189: 0.077620ms
 190: 0.068161ms
 191: 0.058074ms
 192: 0.075336ms
 193: 0.057270ms
 194: 0.057601ms
 195: 0.074186ms
 196: 0.068601ms
 197: 0.059462ms
 198: 0.085987ms
 199: 0.078941ms


-- Real : Q1: 50 Q2: 100 Q3: 150
-- Array: Q1: 49 Q2: 99 Q3: 149
Printing sorted runtimes:
 0: 0.059749ms
 1: 0.059312ms
 2: 0.058754ms
 3: 0.059462ms
 4: 0.058353ms
 5: 0.056908ms
 6: 0.054492ms
 7: 0.057303ms
 8: 0.058141ms
 9: 0.057601ms
 10: 0.056689ms
 11: 0.054555ms
 12: 0.057738ms
 13: 0.057270ms
 14: 0.057799ms
 15: 0.059275ms
 16: 0.057581ms
 17: 0.057813ms
 18: 0.056645ms
 19: 0.056244ms
 20: 0.058074ms
 21: 0.058740ms
 22: 0.046496ms
 23: 0.059562ms
 24: 0.059521ms
 25: 0.058583ms
 26: 0.056928ms
 27: 0.049781ms
 28: 0.050829ms
 29: 0.057199ms
 30: 0.059007ms
 31: 0.056025ms
 32: 0.050853ms
 33: 0.059287ms
 34: 0.057895ms
 35: 0.057676ms
 36: 0.059547ms
 37: 0.059313ms
 38: 0.059342ms
 39: 0.057515ms
 40: 0.057005ms
 41: 0.057745ms
 42: 0.059579ms
 43: 0.059482ms
 44: 0.059146ms
 45: 0.058990ms
 46: 0.050769ms
 47: 0.057450ms
 48: 0.056379ms
 49: 0.057466ms
 50: 0.059812ms
 51: 0.069167ms
 52: 0.059959ms
 53: 0.059965ms
 54: 0.059970ms
 55: 0.060161ms
 56: 0.060056ms
 57: 0.064547ms
 58: 0.067826ms
 59: 0.068899ms
 60: 0.059911ms
 61: 0.068935ms
 62: 0.061811ms
 63: 0.061673ms
 64: 0.061217ms
 65: 0.068161ms
 66: 0.068209ms
 67: 0.060536ms
 68: 0.066634ms
 69: 0.062340ms
 70: 0.061567ms
 71: 0.065097ms
 72: 0.068601ms
 73: 0.061641ms
 74: 0.068608ms
 75: 0.060331ms
 76: 0.066722ms
 77: 0.065061ms
 78: 0.061263ms
 79: 0.065836ms
 80: 0.068930ms
 81: 0.061408ms
 82: 0.062958ms
 83: 0.060737ms
 84: 0.061437ms
 85: 0.068824ms
 86: 0.068627ms
 87: 0.069017ms
 88: 0.061324ms
 89: 0.064103ms
 90: 0.070309ms
 91: 0.069338ms
 92: 0.070118ms
 93: 0.069293ms
 94: 0.069227ms
 95: 0.069669ms
 96: 0.070078ms
 97: 0.069880ms
 98: 0.070208ms
 99: 0.070334ms
 100: 0.070339ms
 101: 0.073831ms
 102: 0.070396ms
 103: 0.070475ms
 104: 0.070601ms
 105: 0.070581ms
 106: 0.070680ms
 107: 0.071292ms
 108: 0.071081ms
 109: 0.071289ms
 110: 0.070604ms
 111: 0.070663ms
 112: 0.070651ms
 113: 0.071295ms
 114: 0.071832ms
 115: 0.072580ms
 116: 0.072030ms
 117: 0.072654ms
 118: 0.071709ms
 119: 0.072904ms
 120: 0.072197ms
 121: 0.071455ms
 122: 0.072288ms
 123: 0.072236ms
 124: 0.073037ms
 125: 0.072137ms
 126: 0.072081ms
 127: 0.072265ms
 128: 0.071447ms
 129: 0.072719ms
 130: 0.073244ms
 131: 0.070362ms
 132: 0.073745ms
 133: 0.073272ms
 134: 0.075011ms
 135: 0.074444ms
 136: 0.073931ms
 137: 0.074637ms
 138: 0.074021ms
 139: 0.074366ms
 140: 0.074612ms
 141: 0.074186ms
 142: 0.074379ms
 143: 0.073947ms
 144: 0.075512ms
 145: 0.075085ms
 146: 0.075402ms
 147: 0.075038ms
 148: 0.075502ms
 149: 0.075336ms
 150: 0.075589ms
 151: 0.075656ms
 152: 0.075789ms
 153: 0.075857ms
 154: 0.076051ms
 155: 0.076181ms
 156: 0.077864ms
 157: 0.077620ms
 158: 0.077088ms
 159: 0.076692ms
 160: 0.078253ms
 161: 0.077184ms
 162: 0.076820ms
 163: 0.077849ms
 164: 0.076635ms
 165: 0.076616ms
 166: 0.078941ms
 167: 0.078965ms
 168: 0.276256ms
 169: 0.091006ms
 170: 0.079003ms
 171: 0.079024ms
 172: 0.126296ms
 173: 0.131964ms
 174: 0.083755ms
 175: 0.172096ms
 176: 0.088066ms
 177: 0.084933ms
 178: 0.079918ms
 179: 0.093334ms
 180: 7.513320ms
 181: 0.108561ms
 182: 0.101770ms
 183: 0.107848ms
 184: 0.081501ms
 185: 0.085559ms
 186: 5.819979ms
 187: 0.139995ms
 188: 0.089999ms
 189: 0.206756ms
 190: 0.130270ms
 191: 0.147822ms
 192: 0.080553ms
 193: 0.117403ms
 194: 0.118942ms
 195: 0.079422ms
 196: 0.304660ms
 197: 0.287913ms
 198: 0.085987ms
 199: 0.080539ms


Measurements
--------------------------
FFT Size            : 42^3
Threads             : 40
Batch               : 1
Iterations          : 200
Avg Tot Runtime     : 0.141068 ms
Runtime per batch   : 0.141068 ms
SD                  : 0.662098 ms
Q1                  : 0.057466 ms
Median              : 0.070337 ms
Q3                  : 0.075336 ms
