Expm 1: Only FFTW
FFTW Plan: Patient
-- Cannot import wisdom from ../../wisdom/singlenode/powers-of-2/expm1//fftw_128_t12_b1.patient
-- Exporting wisdom file to ../../wisdom/singlenode/powers-of-2/expm1//fftw_128_t12_b1.patient
Iteration: 0, 1, 2, 3, 4, 5, 6, 7, 8, 9, 10, 11, 12, 13, 14, 15, 16, 17, 18, 19, 20, 21, 22, 23, 24, 25, 26, 27, 28, 29, 30, 31, 32, 33, 34, 35, 36, 37, 38, 39, 40, 41, 42, 43, 44, 45, 46, 47, 48, 49, 
Printing individual runtimes:
 0: 1.288064ms
 1: 1.260496ms
 2: 1.266763ms
 3: 1.278779ms
 4: 1.265541ms
 5: 1.270639ms
 6: 1.272130ms
 7: 1.270779ms
 8: 1.261250ms
 9: 1.265644ms
 10: 1.265689ms
 11: 1.266775ms
 12: 1.268385ms
 13: 1.260179ms
 14: 1.265926ms
 15: 1.269082ms
 16: 1.262067ms
 17: 1.268911ms
 18: 1.271272ms
 19: 1.259706ms
 20: 1.260595ms
 21: 1.258441ms
 22: 1.253907ms
 23: 1.255163ms
 24: 1.268567ms
 25: 1.263326ms
 26: 1.259047ms
 27: 1.265522ms
 28: 1.268871ms
 29: 1.259962ms
 30: 1.258406ms
 31: 1.263244ms
 32: 1.259547ms
 33: 1.265945ms
 34: 1.263225ms
 35: 1.260236ms
 36: 1.273943ms
 37: 1.258022ms
 38: 1.273498ms
 39: 1.265577ms
 40: 1.259282ms
 41: 1.269461ms
 42: 1.269932ms
 43: 1.265368ms
 44: 1.259930ms
 45: 1.255324ms
 46: 1.270977ms
 47: 1.257155ms
 48: 1.266645ms
 49: 1.270214ms


Measurements
--------------------------
FFT Size            : 128^3
Threads             : 12
Batch               : 1
Iterations          : 50
Avg Tot Runtime     : 1.265148 ms
Runtime per batch   : 1.265148 ms
SD                  : 0.006362 ms
Throughput          : 0.017131 GFLOPs
Plan Time           : 46.167496 sec
