Expm 1: Only FFTW
FFTW Plan: Patient
-- Cannot import wisdom from ../../wisdom/singlenode/powers-of-2/expm1//fftw_128_t39_b1.patient
-- Exporting wisdom file to ../../wisdom/singlenode/powers-of-2/expm1//fftw_128_t39_b1.patient
Iteration: 0, 1, 2, 3, 4, 5, 6, 7, 8, 9, 10, 11, 12, 13, 14, 15, 16, 17, 18, 19, 20, 21, 22, 23, 24, 25, 26, 27, 28, 29, 30, 31, 32, 33, 34, 35, 36, 37, 38, 39, 40, 41, 42, 43, 44, 45, 46, 47, 48, 49, 
Printing individual runtimes:
 0: 0.867197ms
 1: 0.852479ms
 2: 0.848866ms
 3: 0.840090ms
 4: 0.844347ms
 5: 0.845783ms
 6: 0.840819ms
 7: 0.847850ms
 8: 0.851338ms
 9: 0.846719ms
 10: 0.846266ms
 11: 0.846994ms
 12: 0.842340ms
 13: 0.860199ms
 14: 0.849117ms
 15: 0.845347ms
 16: 0.856922ms
 17: 0.848533ms
 18: 0.858496ms
 19: 0.853742ms
 20: 0.861640ms
 21: 0.867578ms
 22: 0.854293ms
 23: 0.850620ms
 24: 0.849782ms
 25: 0.840694ms
 26: 0.850651ms
 27: 0.858028ms
 28: 0.848388ms
 29: 0.864603ms
 30: 0.853923ms
 31: 0.834807ms
 32: 0.857429ms
 33: 0.855361ms
 34: 0.853815ms
 35: 0.853336ms
 36: 0.844152ms
 37: 0.848684ms
 38: 0.846599ms
 39: 0.857053ms
 40: 0.845049ms
 41: 0.860905ms
 42: 0.852489ms
 43: 0.859231ms
 44: 0.840342ms
 45: 0.855312ms
 46: 0.854998ms
 47: 0.838055ms
 48: 0.855057ms
 49: 0.855406ms


Measurements
--------------------------
FFT Size            : 128^3
Threads             : 39
Batch               : 1
Iterations          : 50
Avg Tot Runtime     : 0.851234 ms
Runtime per batch   : 0.851234 ms
SD                  : 0.007326 ms
Throughput          : 0.017878 GFLOPs
Plan Time           : 53.509529 sec
