Expm 2: Streaming FFT

Printing individual runtimes:
 0: 0.300513ms
 1: 0.232209ms
 2: 0.224220ms
 3: 0.351317ms
 4: 0.225797ms
 5: 0.235548ms
 6: 0.229190ms
 7: 0.336828ms
 8: 0.214153ms
 9: 0.221934ms
 10: 0.227552ms
 11: 0.224783ms
 12: 0.222154ms
 13: 0.228011ms
 14: 0.364834ms
 15: 0.213559ms
 16: 0.225851ms
 17: 0.259799ms
 18: 0.224360ms
 19: 0.227886ms
 20: 0.348233ms
 21: 0.230966ms
 22: 0.223974ms
 23: 0.221439ms
 24: 0.223566ms
 25: 0.223792ms
 26: 0.217494ms
 27: 0.379234ms
 28: 0.221305ms
 29: 0.222895ms
 30: 0.230661ms
 31: 0.231326ms
 32: 0.224906ms
 33: 0.228866ms
 34: 0.229731ms
 35: 0.325270ms
 36: 0.220752ms
 37: 0.230506ms
 38: 0.230832ms
 39: 0.237827ms
 40: 0.230722ms
 41: 0.226969ms
 42: 0.329988ms
 43: 0.223662ms
 44: 0.217582ms
 45: 0.233107ms
 46: 0.226868ms
 47: 0.221264ms
 48: 0.243572ms
 49: 0.234498ms
 50: 0.220365ms
 51: 0.221473ms
 52: 0.234692ms
 53: 0.229248ms
 54: 0.335805ms
 55: 0.231590ms
 56: 0.215060ms
 57: 0.215754ms
 58: 0.228087ms
 59: 0.229137ms
 60: 0.228608ms
 61: 0.215288ms
 62: 0.214104ms
 63: 0.215456ms
 64: 0.220372ms
 65: 0.234025ms
 66: 0.214044ms
 67: 0.219006ms
 68: 0.362833ms
 69: 0.221873ms
 70: 0.229884ms
 71: 0.239778ms
 72: 0.227147ms
 73: 0.232410ms
 74: 0.243901ms
 75: 0.223996ms
 76: 0.217025ms
 77: 0.214655ms
 78: 0.233913ms
 79: 0.231613ms
 80: 0.237990ms
 81: 0.216933ms
 82: 0.226270ms
 83: 0.227639ms
 84: 0.217823ms
 85: 0.221201ms
 86: 0.238382ms
 87: 0.227466ms
 88: 0.222719ms
 89: 0.238410ms
 90: 0.220364ms
 91: 0.369080ms
 92: 0.227251ms
 93: 0.214935ms
 94: 0.221021ms
 95: 0.214425ms
 96: 0.231356ms
 97: 0.221532ms
 98: 0.229133ms
 99: 0.226502ms
 100: 0.234445ms
 101: 0.269541ms
 102: 0.223770ms
 103: 0.218277ms
 104: 0.241877ms
 105: 0.215458ms
 106: 0.227447ms
 107: 0.213974ms
 108: 0.229339ms
 109: 0.225855ms
 110: 0.226183ms
 111: 0.219836ms
 112: 0.223034ms
 113: 0.368429ms
 114: 0.223764ms
 115: 0.220296ms
 116: 0.221750ms
 117: 0.229341ms
 118: 0.219487ms
 119: 0.239640ms
 120: 0.229423ms
 121: 0.222264ms
 122: 0.222266ms
 123: 0.235862ms
 124: 0.211750ms
 125: 0.227503ms
 126: 0.216732ms
 127: 0.243140ms
 128: 0.221826ms
 129: 0.246280ms
 130: 0.237411ms
 131: 0.230121ms
 132: 0.222023ms
 133: 0.219774ms
 134: 0.215973ms
 135: 0.256941ms
 136: 0.224368ms
 137: 0.218486ms
 138: 0.213260ms
 139: 0.244093ms
 140: 0.228919ms
 141: 0.220731ms
 142: 0.212635ms
 143: 0.342084ms
 144: 0.223454ms
 145: 0.226035ms
 146: 0.223219ms
 147: 0.219107ms
 148: 0.229123ms
 149: 0.224765ms
 150: 0.215720ms
 151: 0.215193ms
 152: 0.230984ms
 153: 0.226154ms
 154: 0.228295ms
 155: 0.233973ms
 156: 0.217517ms
 157: 0.250168ms
 158: 0.215988ms
 159: 0.227921ms
 160: 0.217864ms
 161: 0.227665ms
 162: 0.237464ms
 163: 0.234794ms
 164: 0.219928ms
 165: 0.237821ms
 166: 0.217278ms
 167: 0.227604ms
 168: 0.240723ms
 169: 0.228208ms
 170: 0.240580ms
 171: 0.222379ms
 172: 0.226676ms
 173: 0.224849ms
 174: 0.222405ms
 175: 0.225834ms
 176: 0.220622ms
 177: 0.214276ms
 178: 0.214077ms
 179: 0.214518ms
 180: 0.225176ms
 181: 0.218399ms
 182: 0.221396ms
 183: 0.217467ms
 184: 0.230065ms
 185: 0.212878ms
 186: 0.213130ms
 187: 0.216093ms
 188: 0.219567ms
 189: 0.240811ms
 190: 0.212342ms
 191: 0.220946ms
 192: 0.311501ms
 193: 0.231685ms
 194: 0.236317ms
 195: 0.241263ms
 196: 0.233720ms
 197: 0.219490ms
 198: 0.241861ms
 199: 0.218291ms


-- Real : Q1: 50 Q2: 100 Q3: 150
-- Array: Q1: 49 Q2: 99 Q3: 149
Printing sorted runtimes:
 0: 0.218291ms
 1: 0.214935ms
 2: 0.217278ms
 3: 0.214425ms
 4: 0.217823ms
 5: 0.216933ms
 6: 0.218277ms
 7: 0.217864ms
 8: 0.214153ms
 9: 0.214655ms
 10: 0.217025ms
 11: 0.215458ms
 12: 0.213974ms
 13: 0.212635ms
 14: 0.212342ms
 15: 0.213559ms
 16: 0.214044ms
 17: 0.214276ms
 18: 0.215456ms
 19: 0.215720ms
 20: 0.216093ms
 21: 0.213260ms
 22: 0.214104ms
 23: 0.215288ms
 24: 0.215754ms
 25: 0.215060ms
 26: 0.217494ms
 27: 0.213130ms
 28: 0.214077ms
 29: 0.215988ms
 30: 0.214518ms
 31: 0.217582ms
 32: 0.215193ms
 33: 0.215973ms
 34: 0.217467ms
 35: 0.212878ms
 36: 0.217517ms
 37: 0.211750ms
 38: 0.216732ms
 39: 0.219487ms
 40: 0.219107ms
 41: 0.218486ms
 42: 0.218399ms
 43: 0.219006ms
 44: 0.220296ms
 45: 0.219836ms
 46: 0.219490ms
 47: 0.219567ms
 48: 0.219774ms
 49: 0.219928ms
 50: 0.220364ms
 51: 0.223219ms
 52: 0.220372ms
 53: 0.220622ms
 54: 0.220731ms
 55: 0.221305ms
 56: 0.221201ms
 57: 0.221473ms
 58: 0.221750ms
 59: 0.221532ms
 60: 0.220946ms
 61: 0.221439ms
 62: 0.221264ms
 63: 0.221396ms
 64: 0.221021ms
 65: 0.220752ms
 66: 0.221826ms
 67: 0.221934ms
 68: 0.222023ms
 69: 0.221873ms
 70: 0.223034ms
 71: 0.220365ms
 72: 0.222154ms
 73: 0.222405ms
 74: 0.222719ms
 75: 0.222266ms
 76: 0.222264ms
 77: 0.222895ms
 78: 0.222379ms
 79: 0.225834ms
 80: 0.223764ms
 81: 0.223454ms
 82: 0.223770ms
 83: 0.223566ms
 84: 0.223792ms
 85: 0.223974ms
 86: 0.224765ms
 87: 0.223996ms
 88: 0.224783ms
 89: 0.224368ms
 90: 0.223662ms
 91: 0.224220ms
 92: 0.224849ms
 93: 0.225176ms
 94: 0.225797ms
 95: 0.224360ms
 96: 0.224906ms
 97: 0.226035ms
 98: 0.225851ms
 99: 0.225855ms
 100: 0.226154ms
 101: 0.228208ms
 102: 0.226270ms
 103: 0.226502ms
 104: 0.226676ms
 105: 0.226868ms
 106: 0.227447ms
 107: 0.227147ms
 108: 0.227251ms
 109: 0.226969ms
 110: 0.227466ms
 111: 0.227503ms
 112: 0.226183ms
 113: 0.227921ms
 114: 0.227604ms
 115: 0.227552ms
 116: 0.228087ms
 117: 0.228011ms
 118: 0.227886ms
 119: 0.227639ms
 120: 0.227665ms
 121: 0.231326ms
 122: 0.229339ms
 123: 0.229884ms
 124: 0.230722ms
 125: 0.229423ms
 126: 0.230065ms
 127: 0.228295ms
 128: 0.230832ms
 129: 0.229248ms
 130: 0.230984ms
 131: 0.230121ms
 132: 0.230506ms
 133: 0.229731ms
 134: 0.228866ms
 135: 0.229133ms
 136: 0.229123ms
 137: 0.230661ms
 138: 0.230966ms
 139: 0.228608ms
 140: 0.228919ms
 141: 0.229190ms
 142: 0.229341ms
 143: 0.229137ms
 144: 0.232209ms
 145: 0.231356ms
 146: 0.231685ms
 147: 0.231590ms
 148: 0.231613ms
 149: 0.232410ms
 150: 0.233107ms
 151: 0.233720ms
 152: 0.237411ms
 153: 0.241263ms
 154: 0.243140ms
 155: 0.233973ms
 156: 0.235862ms
 157: 0.236317ms
 158: 0.239640ms
 159: 0.235548ms
 160: 0.241877ms
 161: 0.240811ms
 162: 0.237464ms
 163: 0.234794ms
 164: 0.234445ms
 165: 0.237821ms
 166: 0.237827ms
 167: 0.238410ms
 168: 0.240723ms
 169: 0.238382ms
 170: 0.240580ms
 171: 0.237990ms
 172: 0.233913ms
 173: 0.243901ms
 174: 0.241861ms
 175: 0.239778ms
 176: 0.244093ms
 177: 0.234025ms
 178: 0.243572ms
 179: 0.234692ms
 180: 0.234498ms
 181: 0.335805ms
 182: 0.362833ms
 183: 0.329988ms
 184: 0.369080ms
 185: 0.325270ms
 186: 0.379234ms
 187: 0.348233ms
 188: 0.259799ms
 189: 0.269541ms
 190: 0.364834ms
 191: 0.336828ms
 192: 0.311501ms
 193: 0.368429ms
 194: 0.250168ms
 195: 0.246280ms
 196: 0.256941ms
 197: 0.351317ms
 198: 0.342084ms
 199: 0.300513ms


Measurements
--------------------------
FFT Size            : 41^3
Threads             : 29
Batch               : 1
Iterations          : 200
Avg Tot Runtime     : 0.234475 ms
Runtime per batch   : 0.234475 ms
SD                  : 0.032092 ms
Q1                  : 0.219928 ms
Median              : 0.226005 ms
Q3                  : 0.232410 ms
