Expm 2: Streaming FFT

Printing individual runtimes:
 0: 0.352595ms
 1: 0.214081ms
 2: 0.227902ms
 3: 0.324263ms
 4: 0.220621ms
 5: 0.252211ms
 6: 0.225198ms
 7: 0.310206ms
 8: 0.223081ms
 9: 0.215761ms
 10: 0.226469ms
 11: 0.253008ms
 12: 0.227533ms
 13: 0.360921ms
 14: 0.222797ms
 15: 0.239134ms
 16: 0.240206ms
 17: 0.215963ms
 18: 0.223804ms
 19: 0.318531ms
 20: 0.221001ms
 21: 0.220350ms
 22: 0.215266ms
 23: 0.235517ms
 24: 0.237075ms
 25: 0.215518ms
 26: 0.216271ms
 27: 0.219441ms
 28: 0.331408ms
 29: 0.234345ms
 30: 0.225136ms
 31: 0.230314ms
 32: 0.240992ms
 33: 0.223969ms
 34: 0.226815ms
 35: 0.237844ms
 36: 0.236248ms
 37: 0.237116ms
 38: 0.237912ms
 39: 0.225398ms
 40: 0.351740ms
 41: 0.224055ms
 42: 0.244541ms
 43: 0.252550ms
 44: 0.221898ms
 45: 0.224890ms
 46: 0.238299ms
 47: 0.235257ms
 48: 0.219278ms
 49: 0.220593ms
 50: 0.219861ms
 51: 0.220741ms
 52: 0.228964ms
 53: 0.235604ms
 54: 0.250728ms
 55: 0.239693ms
 56: 0.223157ms
 57: 0.238597ms
 58: 0.336187ms
 59: 0.223413ms
 60: 0.215599ms
 61: 0.227147ms
 62: 0.233367ms
 63: 0.230957ms
 64: 0.222400ms
 65: 0.233466ms
 66: 0.220562ms
 67: 0.242566ms
 68: 0.218253ms
 69: 0.249087ms
 70: 0.229198ms
 71: 0.243455ms
 72: 0.216777ms
 73: 0.235749ms
 74: 0.226695ms
 75: 0.221865ms
 76: 0.231559ms
 77: 0.222669ms
 78: 0.226410ms
 79: 0.236590ms
 80: 0.213769ms
 81: 0.249605ms
 82: 0.239075ms
 83: 0.222569ms
 84: 0.227776ms
 85: 0.238649ms
 86: 0.217555ms
 87: 0.219167ms
 88: 0.234463ms
 89: 0.215419ms
 90: 0.214974ms
 91: 0.249525ms
 92: 0.216218ms
 93: 0.216640ms
 94: 0.224222ms
 95: 0.222553ms
 96: 0.235189ms
 97: 0.339360ms
 98: 0.218308ms
 99: 0.243088ms
 100: 0.231529ms
 101: 0.225789ms
 102: 0.216778ms
 103: 0.235153ms
 104: 0.225230ms
 105: 0.230216ms
 106: 0.224301ms
 107: 0.226219ms
 108: 0.240540ms
 109: 0.216160ms
 110: 0.226516ms
 111: 0.216098ms
 112: 0.240759ms
 113: 0.221812ms
 114: 0.250301ms
 115: 0.218284ms
 116: 0.222189ms
 117: 0.228240ms
 118: 0.228672ms
 119: 0.223784ms
 120: 0.226203ms
 121: 0.235953ms
 122: 0.220851ms
 123: 0.222582ms
 124: 0.219262ms
 125: 0.215709ms
 126: 0.229340ms
 127: 0.223493ms
 128: 0.220970ms
 129: 0.222842ms
 130: 0.225063ms
 131: 0.231910ms
 132: 0.232820ms
 133: 0.214648ms
 134: 0.241287ms
 135: 0.230930ms
 136: 0.217290ms
 137: 0.230855ms
 138: 0.225758ms
 139: 0.211838ms
 140: 0.221658ms
 141: 0.232177ms
 142: 0.235508ms
 143: 0.230830ms
 144: 0.222172ms
 145: 0.232027ms
 146: 0.236768ms
 147: 0.227225ms
 148: 0.224758ms
 149: 0.223705ms
 150: 0.232488ms
 151: 0.236573ms
 152: 0.245821ms
 153: 0.224807ms
 154: 0.224768ms
 155: 0.228759ms
 156: 0.214936ms
 157: 0.219515ms
 158: 0.219005ms
 159: 0.215811ms
 160: 0.227026ms
 161: 0.227167ms
 162: 0.239493ms
 163: 0.239397ms
 164: 0.228154ms
 165: 0.219961ms
 166: 0.229374ms
 167: 0.218370ms
 168: 0.227523ms
 169: 0.223425ms
 170: 0.231927ms
 171: 0.213211ms
 172: 0.228773ms
 173: 0.222232ms
 174: 0.330814ms
 175: 0.233334ms
 176: 0.224025ms
 177: 0.219464ms
 178: 0.245403ms
 179: 0.219127ms
 180: 0.228428ms
 181: 0.235018ms
 182: 0.232319ms
 183: 0.222445ms
 184: 0.215997ms
 185: 0.227377ms
 186: 0.223332ms
 187: 0.224263ms
 188: 0.250842ms
 189: 0.235474ms
 190: 0.227340ms
 191: 0.234452ms
 192: 0.240221ms
 193: 0.211752ms
 194: 0.215437ms
 195: 0.231205ms
 196: 0.231574ms
 197: 0.220730ms
 198: 0.223183ms
 199: 0.233510ms


-- Real : Q1: 50 Q2: 100 Q3: 150
-- Array: Q1: 49 Q2: 99 Q3: 149
Printing sorted runtimes:
 0: 0.216777ms
 1: 0.214081ms
 2: 0.214936ms
 3: 0.215599ms
 4: 0.215811ms
 5: 0.213769ms
 6: 0.215419ms
 7: 0.215709ms
 8: 0.214974ms
 9: 0.215761ms
 10: 0.213211ms
 11: 0.215437ms
 12: 0.211838ms
 13: 0.211752ms
 14: 0.216218ms
 15: 0.216640ms
 16: 0.216098ms
 17: 0.215963ms
 18: 0.216160ms
 19: 0.216271ms
 20: 0.215518ms
 21: 0.215997ms
 22: 0.215266ms
 23: 0.214648ms
 24: 0.220730ms
 25: 0.219861ms
 26: 0.218253ms
 27: 0.219441ms
 28: 0.219005ms
 29: 0.216778ms
 30: 0.217290ms
 31: 0.219262ms
 32: 0.219127ms
 33: 0.218308ms
 34: 0.220593ms
 35: 0.219464ms
 36: 0.220621ms
 37: 0.219278ms
 38: 0.220562ms
 39: 0.219961ms
 40: 0.220350ms
 41: 0.219515ms
 42: 0.218284ms
 43: 0.217555ms
 44: 0.218370ms
 45: 0.219167ms
 46: 0.221001ms
 47: 0.220970ms
 48: 0.220741ms
 49: 0.220851ms
 50: 0.221658ms
 51: 0.222582ms
 52: 0.221898ms
 53: 0.221812ms
 54: 0.222569ms
 55: 0.222172ms
 56: 0.222400ms
 57: 0.222232ms
 58: 0.222189ms
 59: 0.222553ms
 60: 0.222445ms
 61: 0.221865ms
 62: 0.224222ms
 63: 0.222669ms
 64: 0.223157ms
 65: 0.223081ms
 66: 0.222797ms
 67: 0.222842ms
 68: 0.223332ms
 69: 0.223413ms
 70: 0.223804ms
 71: 0.223784ms
 72: 0.223969ms
 73: 0.223183ms
 74: 0.224025ms
 75: 0.224055ms
 76: 0.223705ms
 77: 0.223425ms
 78: 0.223493ms
 79: 0.226815ms
 80: 0.224263ms
 81: 0.226516ms
 82: 0.225063ms
 83: 0.226219ms
 84: 0.224301ms
 85: 0.226410ms
 86: 0.225230ms
 87: 0.224890ms
 88: 0.224758ms
 89: 0.225789ms
 90: 0.224768ms
 91: 0.225398ms
 92: 0.225198ms
 93: 0.226695ms
 94: 0.224807ms
 95: 0.225136ms
 96: 0.225758ms
 97: 0.226203ms
 98: 0.226469ms
 99: 0.227026ms
 100: 0.227147ms
 101: 0.232488ms
 102: 0.227523ms
 103: 0.227377ms
 104: 0.228240ms
 105: 0.227533ms
 106: 0.227776ms
 107: 0.228154ms
 108: 0.227167ms
 109: 0.227340ms
 110: 0.227225ms
 111: 0.228428ms
 112: 0.229198ms
 113: 0.228672ms
 114: 0.228759ms
 115: 0.228773ms
 116: 0.229340ms
 117: 0.228964ms
 118: 0.230216ms
 119: 0.230930ms
 120: 0.230855ms
 121: 0.230830ms
 122: 0.230957ms
 123: 0.229374ms
 124: 0.230314ms
 125: 0.231205ms
 126: 0.231529ms
 127: 0.231574ms
 128: 0.232319ms
 129: 0.231927ms
 130: 0.227902ms
 131: 0.231910ms
 132: 0.231559ms
 133: 0.232027ms
 134: 0.232177ms
 135: 0.234345ms
 136: 0.233510ms
 137: 0.232820ms
 138: 0.233334ms
 139: 0.233466ms
 140: 0.233367ms
 141: 0.235508ms
 142: 0.235474ms
 143: 0.235257ms
 144: 0.234463ms
 145: 0.235153ms
 146: 0.234452ms
 147: 0.235018ms
 148: 0.235189ms
 149: 0.235517ms
 150: 0.235604ms
 151: 0.236573ms
 152: 0.237844ms
 153: 0.235749ms
 154: 0.236248ms
 155: 0.236590ms
 156: 0.237116ms
 157: 0.236768ms
 158: 0.237075ms
 159: 0.237912ms
 160: 0.235953ms
 161: 0.238299ms
 162: 0.239493ms
 163: 0.239397ms
 164: 0.250728ms
 165: 0.239693ms
 166: 0.238597ms
 167: 0.352595ms
 168: 0.252550ms
 169: 0.244541ms
 170: 0.240759ms
 171: 0.351740ms
 172: 0.336187ms
 173: 0.242566ms
 174: 0.330814ms
 175: 0.249087ms
 176: 0.243455ms
 177: 0.245821ms
 178: 0.245403ms
 179: 0.240992ms
 180: 0.240540ms
 181: 0.249605ms
 182: 0.250301ms
 183: 0.331408ms
 184: 0.239075ms
 185: 0.238649ms
 186: 0.318531ms
 187: 0.240206ms
 188: 0.250842ms
 189: 0.241287ms
 190: 0.239134ms
 191: 0.249525ms
 192: 0.240221ms
 193: 0.360921ms
 194: 0.253008ms
 195: 0.310206ms
 196: 0.339360ms
 197: 0.252211ms
 198: 0.324263ms
 199: 0.243088ms


Measurements
--------------------------
FFT Size            : 41^3
Threads             : 30
Batch               : 1
Iterations          : 200
Avg Tot Runtime     : 0.233327 ms
Runtime per batch   : 0.233327 ms
SD                  : 0.025413 ms
Q1                  : 0.220851 ms
Median              : 0.227087 ms
Q3                  : 0.235517 ms
