Expm 1: Only FFTW
FFTW Plan: Patient
-- Cannot import wisdom from ../../wisdom/singlenode/powers-of-2/expm1//fftw_256_t6_b1.patient
-- Exporting wisdom file to ../../wisdom/singlenode/powers-of-2/expm1//fftw_256_t6_b1.patient
Iteration: 0, 1, 2, 3, 4, 5, 6, 7, 8, 9, 10, 11, 12, 13, 14, 15, 16, 17, 18, 19, 20, 21, 22, 23, 24, 25, 26, 27, 28, 29, 30, 31, 32, 33, 34, 35, 36, 37, 38, 39, 40, 41, 42, 43, 44, 45, 46, 47, 48, 49, 
Printing individual runtimes:
 0: 27.155132ms
 1: 27.286118ms
 2: 27.291306ms
 3: 26.828519ms
 4: 27.159896ms
 5: 27.324390ms
 6: 27.328072ms
 7: 27.312161ms
 8: 27.328612ms
 9: 27.273921ms
 10: 27.333974ms
 11: 27.389833ms
 12: 27.353887ms
 13: 27.105198ms
 14: 27.289496ms
 15: 26.934684ms
 16: 27.112466ms
 17: 27.022357ms
 18: 27.054558ms
 19: 27.326925ms
 20: 27.428212ms
 21: 27.226203ms
 22: 27.153065ms
 23: 27.437050ms
 24: 26.804548ms
 25: 27.350223ms
 26: 27.242193ms
 27: 27.357671ms
 28: 27.319353ms
 29: 27.376256ms
 30: 27.179926ms
 31: 27.253141ms
 32: 27.172630ms
 33: 27.388289ms
 34: 27.299061ms
 35: 27.264671ms
 36: 27.341982ms
 37: 27.297990ms
 38: 27.003423ms
 39: 27.301305ms
 40: 27.332940ms
 41: 27.129143ms
 42: 27.365714ms
 43: 27.142163ms
 44: 27.297447ms
 45: 27.269872ms
 46: 28.303970ms
 47: 27.292399ms
 48: 27.757423ms
 49: 27.248626ms


Measurements
--------------------------
FFT Size            : 256^3
Threads             : 6
Batch               : 1
Iterations          : 50
Avg Tot Runtime     : 27.270968 ms
Runtime per batch   : 27.270968 ms
SD                  : 0.215219 ms
Throughput          : 0.170476 GFLOPs
Plan Time           : 430.598623 sec
