Expm 1: Only FFTW
FFTW Plan: Patient
-- Cannot import wisdom from ../../wisdom/singlenode/powers-of-2/expm1//fftw_256_t21_b1.patient
-- Exporting wisdom file to ../../wisdom/singlenode/powers-of-2/expm1//fftw_256_t21_b1.patient
Iteration: 0, 1, 2, 3, 4, 5, 6, 7, 8, 9, 10, 11, 12, 13, 14, 15, 16, 17, 18, 19, 20, 21, 22, 23, 24, 25, 26, 27, 28, 29, 30, 31, 32, 33, 34, 35, 36, 37, 38, 39, 40, 41, 42, 43, 44, 45, 46, 47, 48, 49, 
Printing individual runtimes:
 0: 9.270852ms
 1: 9.145743ms
 2: 9.210129ms
 3: 9.243006ms
 4: 9.241608ms
 5: 9.213771ms
 6: 9.204038ms
 7: 9.239764ms
 8: 9.193709ms
 9: 9.132480ms
 10: 9.155152ms
 11: 9.185315ms
 12: 9.246906ms
 13: 9.219081ms
 14: 10.082150ms
 15: 8.942194ms
 16: 9.015976ms
 17: 8.968529ms
 18: 8.970556ms
 19: 8.894626ms
 20: 8.956252ms
 21: 8.945555ms
 22: 8.919396ms
 23: 9.023495ms
 24: 8.935507ms
 25: 8.981162ms
 26: 8.925888ms
 27: 8.966366ms
 28: 8.988482ms
 29: 8.959162ms
 30: 8.961362ms
 31: 8.978897ms
 32: 9.001560ms
 33: 8.921357ms
 34: 8.961562ms
 35: 8.969655ms
 36: 11.951252ms
 37: 11.518104ms
 38: 11.679175ms
 39: 11.215718ms
 40: 11.260289ms
 41: 11.181483ms
 42: 11.248778ms
 43: 11.754626ms
 44: 11.390583ms
 45: 11.223494ms
 46: 11.186229ms
 47: 11.321510ms
 48: 11.185493ms
 49: 11.343834ms


Measurements
--------------------------
FFT Size            : 256^3
Threads             : 21
Batch               : 1
Iterations          : 50
Avg Tot Runtime     : 9.732636 ms
Runtime per batch   : 9.732636 ms
SD                  : 1.056004 ms
Throughput          : 0.163297 GFLOPs
Plan Time           : 393.404440 sec
