Expm 1: Only FFTW
FFTW Plan: Patient
-- Cannot import wisdom from ../../wisdom/singlenode/powers-of-2/expm1//fftw_256_t20_b1.patient
-- Exporting wisdom file to ../../wisdom/singlenode/powers-of-2/expm1//fftw_256_t20_b1.patient
Iteration: 0, 1, 2, 3, 4, 5, 6, 7, 8, 9, 10, 11, 12, 13, 14, 15, 16, 17, 18, 19, 20, 21, 22, 23, 24, 25, 26, 27, 28, 29, 30, 31, 32, 33, 34, 35, 36, 37, 38, 39, 40, 41, 42, 43, 44, 45, 46, 47, 48, 49, 
Printing individual runtimes:
 0: 12.393666ms
 1: 12.203830ms
 2: 12.112093ms
 3: 12.091959ms
 4: 12.068168ms
 5: 12.377298ms
 6: 12.271697ms
 7: 12.088205ms
 8: 12.150489ms
 9: 12.160814ms
 10: 12.151700ms
 11: 12.043083ms
 12: 12.173248ms
 13: 12.092812ms
 14: 12.088142ms
 15: 12.279227ms
 16: 12.263154ms
 17: 12.108515ms
 18: 12.255011ms
 19: 12.187826ms
 20: 12.197514ms
 21: 12.338583ms
 22: 12.357463ms
 23: 12.336525ms
 24: 12.110312ms
 25: 12.278369ms
 26: 12.120432ms
 27: 12.227812ms
 28: 12.195345ms
 29: 12.201967ms
 30: 12.123545ms
 31: 12.075120ms
 32: 12.170828ms
 33: 12.282634ms
 34: 12.353433ms
 35: 12.103002ms
 36: 12.197113ms
 37: 12.175875ms
 38: 12.101513ms
 39: 12.328310ms
 40: 12.443236ms
 41: 12.280152ms
 42: 12.168112ms
 43: 12.256288ms
 44: 12.271356ms
 45: 11.995257ms
 46: 12.147573ms
 47: 12.226612ms
 48: 12.268406ms
 49: 12.297788ms


Measurements
--------------------------
FFT Size            : 256^3
Threads             : 20
Batch               : 1
Iterations          : 50
Avg Tot Runtime     : 12.203828 ms
Runtime per batch   : 12.203828 ms
SD                  : 0.100735 ms
Throughput          : 0.176176 GFLOPs
Plan Time           : 319.860319 sec
