Expm 1: Only FFTW
FFTW Plan: Patient
-- Cannot import wisdom from ../../wisdom/singlenode/powers-of-2/expm1//fftw_256_t14_b1.patient
-- Exporting wisdom file to ../../wisdom/singlenode/powers-of-2/expm1//fftw_256_t14_b1.patient
Iteration: 0, 1, 2, 3, 4, 5, 6, 7, 8, 9, 10, 11, 12, 13, 14, 15, 16, 17, 18, 19, 20, 21, 22, 23, 24, 25, 26, 27, 28, 29, 30, 31, 32, 33, 34, 35, 36, 37, 38, 39, 40, 41, 42, 43, 44, 45, 46, 47, 48, 49, 
Printing individual runtimes:
 0: 13.992771ms
 1: 13.563185ms
 2: 13.595483ms
 3: 13.548644ms
 4: 13.594148ms
 5: 13.562646ms
 6: 13.595212ms
 7: 13.611531ms
 8: 13.757111ms
 9: 13.622464ms
 10: 13.670878ms
 11: 13.806869ms
 12: 13.622106ms
 13: 13.628113ms
 14: 13.833038ms
 15: 13.600165ms
 16: 13.867357ms
 17: 13.644925ms
 18: 13.607219ms
 19: 13.809318ms
 20: 13.465707ms
 21: 13.666179ms
 22: 13.598188ms
 23: 13.857405ms
 24: 13.597487ms
 25: 13.650784ms
 26: 13.575590ms
 27: 13.750464ms
 28: 13.601919ms
 29: 13.572846ms
 30: 13.767747ms
 31: 13.832214ms
 32: 13.682294ms
 33: 13.672837ms
 34: 13.756497ms
 35: 13.663528ms
 36: 13.789137ms
 37: 13.732046ms
 38: 13.546186ms
 39: 13.660495ms
 40: 13.787017ms
 41: 13.645010ms
 42: 14.071632ms
 43: 13.630398ms
 44: 13.650772ms
 45: 13.812591ms
 46: 13.636371ms
 47: 13.568595ms
 48: 13.514618ms
 49: 13.780740ms


Measurements
--------------------------
FFT Size            : 256^3
Threads             : 14
Batch               : 1
Iterations          : 50
Avg Tot Runtime     : 13.681410 ms
Runtime per batch   : 13.681410 ms
SD                  : 0.120210 ms
Throughput          : 0.161977 GFLOPs
Plan Time           : 326.007544 sec
