Expm 1: Only FFTW
FFTW Plan: Patient
-- Cannot import wisdom from ../../wisdom/singlenode/powers-of-2/expm1//fftw_256_t39_b1.patient
-- Exporting wisdom file to ../../wisdom/singlenode/powers-of-2/expm1//fftw_256_t39_b1.patient
Iteration: 0, 1, 2, 3, 4, 5, 6, 7, 8, 9, 10, 11, 12, 13, 14, 15, 16, 17, 18, 19, 20, 21, 22, 23, 24, 25, 26, 27, 28, 29, 30, 31, 32, 33, 34, 35, 36, 37, 38, 39, 40, 41, 42, 43, 44, 45, 46, 47, 48, 49, 
Printing individual runtimes:
 0: 9.161666ms
 1: 8.830839ms
 2: 8.823641ms
 3: 8.764617ms
 4: 8.825879ms
 5: 8.832603ms
 6: 13.101575ms
 7: 9.030112ms
 8: 8.971514ms
 9: 8.947995ms
 10: 8.949188ms
 11: 8.954497ms
 12: 13.106505ms
 13: 8.956056ms
 14: 8.966862ms
 15: 8.926759ms
 16: 8.959996ms
 17: 9.022250ms
 18: 8.951001ms
 19: 8.932015ms
 20: 9.016108ms
 21: 8.989505ms
 22: 9.070903ms
 23: 8.968214ms
 24: 8.969983ms
 25: 8.961902ms
 26: 8.995546ms
 27: 9.026128ms
 28: 8.979563ms
 29: 9.035861ms
 30: 8.976107ms
 31: 8.988823ms
 32: 8.966916ms
 33: 8.948552ms
 34: 11.053464ms
 35: 14.662608ms
 36: 19.780544ms
 37: 25.372278ms
 38: 24.013235ms
 39: 11.787030ms
 40: 14.957219ms
 41: 8.975469ms
 42: 9.015177ms
 43: 8.931921ms
 44: 8.966832ms
 45: 8.999969ms
 46: 9.246439ms
 47: 8.934482ms
 48: 8.926530ms
 49: 13.938179ms


Measurements
--------------------------
FFT Size            : 256^3
Threads             : 39
Batch               : 1
Iterations          : 50
Avg Tot Runtime     : 10.409421 ms
Runtime per batch   : 10.409421 ms
SD                  : 3.600761 ms
Throughput          : 0.165211 GFLOPs
Plan Time           : 346.932103 sec
