Expm 1: Only FFTW
FFTW Plan: Patient
-- Cannot import wisdom from ../../wisdom/singlenode/powers-of-2/expm1//fftw_256_t28_b1.patient
-- Exporting wisdom file to ../../wisdom/singlenode/powers-of-2/expm1//fftw_256_t28_b1.patient
Iteration: 0, 1, 2, 3, 4, 5, 6, 7, 8, 9, 10, 11, 12, 13, 14, 15, 16, 17, 18, 19, 20, 21, 22, 23, 24, 25, 26, 27, 28, 29, 30, 31, 32, 33, 34, 35, 36, 37, 38, 39, 40, 41, 42, 43, 44, 45, 46, 47, 48, 49, 
Printing individual runtimes:
 0: 10.536967ms
 1: 10.340527ms
 2: 10.151004ms
 3: 10.258512ms
 4: 10.148263ms
 5: 10.205786ms
 6: 10.164109ms
 7: 10.164005ms
 8: 10.184333ms
 9: 10.171391ms
 10: 10.208584ms
 11: 10.177837ms
 12: 10.177206ms
 13: 10.192200ms
 14: 10.201656ms
 15: 10.221347ms
 16: 10.165991ms
 17: 10.156977ms
 18: 10.226215ms
 19: 10.144007ms
 20: 10.175365ms
 21: 10.157152ms
 22: 10.246695ms
 23: 10.172426ms
 24: 10.198242ms
 25: 10.187243ms
 26: 10.284036ms
 27: 10.191915ms
 28: 10.201922ms
 29: 10.238972ms
 30: 10.204897ms
 31: 10.171012ms
 32: 10.222720ms
 33: 10.179111ms
 34: 10.165824ms
 35: 11.220311ms
 36: 10.199571ms
 37: 10.214891ms
 38: 11.318120ms
 39: 10.208209ms
 40: 10.173128ms
 41: 10.819963ms
 42: 10.212841ms
 43: 10.143270ms
 44: 10.191571ms
 45: 10.158923ms
 46: 10.167270ms
 47: 10.179573ms
 48: 10.129862ms
 49: 10.185202ms


Measurements
--------------------------
FFT Size            : 256^3
Threads             : 28
Batch               : 1
Iterations          : 50
Avg Tot Runtime     : 10.254343 ms
Runtime per batch   : 10.254343 ms
SD                  : 0.232886 ms
Throughput          : 0.162545 GFLOPs
Plan Time           : 337.448574 sec
