Expm 1: Only FFTW
FFTW Plan: Patient
-- Cannot import wisdom from ../../wisdom/singlenode/powers-of-2/expm1//fftw_256_t8_b1.patient
-- Exporting wisdom file to ../../wisdom/singlenode/powers-of-2/expm1//fftw_256_t8_b1.patient
Iteration: 0, 1, 2, 3, 4, 5, 6, 7, 8, 9, 10, 11, 12, 13, 14, 15, 16, 17, 18, 19, 20, 21, 22, 23, 24, 25, 26, 27, 28, 29, 30, 31, 32, 33, 34, 35, 36, 37, 38, 39, 40, 41, 42, 43, 44, 45, 46, 47, 48, 49, 
Printing individual runtimes:
 0: 19.324781ms
 1: 19.496107ms
 2: 19.229253ms
 3: 19.525996ms
 4: 19.345766ms
 5: 19.949788ms
 6: 19.484818ms
 7: 19.420720ms
 8: 19.420783ms
 9: 19.651309ms
 10: 19.535765ms
 11: 19.344090ms
 12: 19.391860ms
 13: 19.338356ms
 14: 19.423296ms
 15: 19.330570ms
 16: 19.455478ms
 17: 19.419841ms
 18: 19.289453ms
 19: 19.541255ms
 20: 19.436288ms
 21: 19.440635ms
 22: 19.504862ms
 23: 19.459044ms
 24: 19.377336ms
 25: 19.340846ms
 26: 19.411954ms
 27: 19.589192ms
 28: 19.384876ms
 29: 19.495860ms
 30: 19.349045ms
 31: 19.615128ms
 32: 19.318157ms
 33: 19.360306ms
 34: 19.302282ms
 35: 19.272260ms
 36: 19.330471ms
 37: 19.274042ms
 38: 19.365818ms
 39: 19.269514ms
 40: 19.382504ms
 41: 19.126912ms
 42: 19.230081ms
 43: 19.331002ms
 44: 19.253961ms
 45: 19.304345ms
 46: 19.400687ms
 47: 19.244520ms
 48: 19.204335ms
 49: 19.456231ms


Measurements
--------------------------
FFT Size            : 256^3
Threads             : 8
Batch               : 1
Iterations          : 50
Avg Tot Runtime     : 19.395036 ms
Runtime per batch   : 19.395036 ms
SD                  : 0.133782 ms
Throughput          : 0.161743 GFLOPs
Plan Time           : 320.139350 sec
