Expm 2: Streaming FFT

Printing individual runtimes:
 0: 0.500308ms
 1: 0.384752ms
 2: 0.362251ms
 3: 0.412210ms
 4: 0.371614ms
 5: 0.396840ms
 6: 0.364238ms
 7: 0.380325ms
 8: 0.373732ms
 9: 0.379590ms
 10: 0.429907ms
 11: 0.391598ms
 12: 0.386400ms
 13: 0.358953ms
 14: 0.463480ms
 15: 0.369359ms
 16: 0.381686ms
 17: 0.367275ms
 18: 0.371250ms
 19: 0.357519ms
 20: 0.395491ms
 21: 0.426809ms
 22: 0.377125ms
 23: 0.370695ms
 24: 0.371484ms
 25: 0.374569ms
 26: 0.370637ms
 27: 0.426512ms
 28: 0.367541ms
 29: 0.394416ms
 30: 0.380455ms
 31: 0.366335ms
 32: 0.461783ms
 33: 0.365208ms
 34: 0.361248ms
 35: 0.395169ms
 36: 0.368368ms
 37: 0.371763ms
 38: 0.372783ms
 39: 0.424876ms
 40: 0.376933ms
 41: 0.373870ms
 42: 0.382709ms
 43: 0.362267ms
 44: 0.368990ms
 45: 0.371155ms
 46: 0.372122ms
 47: 0.371091ms
 48: 0.482770ms
 49: 0.378588ms
 50: 0.362123ms
 51: 0.385079ms
 52: 0.362409ms
 53: 0.369440ms
 54: 0.360615ms
 55: 0.368616ms
 56: 0.359994ms
 57: 0.381937ms
 58: 0.374330ms
 59: 0.375679ms
 60: 0.386532ms
 61: 0.355767ms
 62: 0.480222ms
 63: 0.363448ms
 64: 0.372407ms
 65: 0.367455ms
 66: 0.381025ms
 67: 0.360237ms
 68: 0.377858ms
 69: 0.401558ms
 70: 0.368378ms
 71: 0.378087ms
 72: 0.382026ms
 73: 0.371634ms
 74: 0.378088ms
 75: 0.364306ms
 76: 0.370415ms
 77: 0.384135ms
 78: 0.361729ms
 79: 0.375733ms
 80: 0.484550ms
 81: 0.364630ms
 82: 0.374188ms
 83: 0.374343ms
 84: 0.383141ms
 85: 0.372145ms
 86: 0.366069ms
 87: 0.386291ms
 88: 0.384045ms
 89: 0.357286ms
 90: 0.366136ms
 91: 0.370491ms
 92: 0.379291ms
 93: 0.364959ms
 94: 0.448170ms
 95: 0.396703ms
 96: 0.361525ms
 97: 0.380124ms
 98: 0.365714ms
 99: 0.378941ms
 100: 0.364564ms
 101: 0.376452ms
 102: 0.380533ms
 103: 0.376158ms
 104: 0.378626ms
 105: 0.384111ms
 106: 0.353959ms
 107: 0.391425ms
 108: 0.366932ms
 109: 0.395534ms
 110: 0.372718ms
 111: 0.365486ms
 112: 0.493924ms
 113: 0.381097ms
 114: 0.363786ms
 115: 0.361254ms
 116: 0.376676ms
 117: 0.370007ms
 118: 0.380622ms
 119: 0.363506ms
 120: 0.391046ms
 121: 0.374535ms
 122: 0.355557ms
 123: 0.359293ms
 124: 0.364389ms
 125: 0.361854ms
 126: 0.366234ms
 127: 0.373984ms
 128: 0.388214ms
 129: 0.372409ms
 130: 0.382565ms
 131: 0.375250ms
 132: 0.368766ms
 133: 0.378232ms
 134: 0.376491ms
 135: 0.364832ms
 136: 0.373312ms
 137: 0.387176ms
 138: 0.381079ms
 139: 0.369494ms
 140: 0.446266ms
 141: 0.366044ms
 142: 0.363385ms
 143: 0.364817ms
 144: 0.407067ms
 145: 0.402293ms
 146: 0.399459ms
 147: 0.372488ms
 148: 0.364549ms
 149: 0.372585ms
 150: 0.379005ms
 151: 0.356021ms
 152: 0.379536ms
 153: 0.376386ms
 154: 0.376200ms
 155: 0.357456ms
 156: 0.373324ms
 157: 0.364280ms
 158: 0.387933ms
 159: 0.370234ms
 160: 0.380078ms
 161: 0.362167ms
 162: 0.387094ms
 163: 0.379947ms
 164: 0.373243ms
 165: 0.395216ms
 166: 0.474823ms
 167: 0.360651ms
 168: 0.373407ms
 169: 0.367287ms
 170: 0.382720ms
 171: 0.358907ms
 172: 0.370438ms
 173: 0.368839ms
 174: 0.359416ms
 175: 0.368012ms
 176: 0.374112ms
 177: 0.375115ms
 178: 0.370691ms
 179: 0.368431ms
 180: 0.359900ms
 181: 0.364547ms
 182: 0.393802ms
 183: 0.367131ms
 184: 0.366862ms
 185: 0.368102ms
 186: 0.371863ms
 187: 0.362545ms
 188: 0.358841ms
 189: 0.365632ms
 190: 0.359554ms
 191: 0.472701ms
 192: 0.378624ms
 193: 0.361362ms
 194: 0.372890ms
 195: 0.372833ms
 196: 0.380835ms
 197: 0.366037ms
 198: 0.363181ms
 199: 0.367566ms


-- Real : Q1: 50 Q2: 100 Q3: 150
-- Array: Q1: 49 Q2: 99 Q3: 149
Printing sorted runtimes:
 0: 0.363448ms
 1: 0.363181ms
 2: 0.362251ms
 3: 0.355767ms
 4: 0.361362ms
 5: 0.359554ms
 6: 0.360237ms
 7: 0.361729ms
 8: 0.358841ms
 9: 0.362545ms
 10: 0.359994ms
 11: 0.360615ms
 12: 0.357286ms
 13: 0.358953ms
 14: 0.359900ms
 15: 0.359416ms
 16: 0.358907ms
 17: 0.362409ms
 18: 0.362123ms
 19: 0.357519ms
 20: 0.360651ms
 21: 0.362167ms
 22: 0.361525ms
 23: 0.357456ms
 24: 0.356021ms
 25: 0.353959ms
 26: 0.362267ms
 27: 0.363385ms
 28: 0.361254ms
 29: 0.355557ms
 30: 0.359293ms
 31: 0.361854ms
 32: 0.361248ms
 33: 0.365208ms
 34: 0.364547ms
 35: 0.364630ms
 36: 0.364389ms
 37: 0.364832ms
 38: 0.364959ms
 39: 0.363506ms
 40: 0.364238ms
 41: 0.363786ms
 42: 0.364280ms
 43: 0.364817ms
 44: 0.364306ms
 45: 0.364549ms
 46: 0.364564ms
 47: 0.365632ms
 48: 0.365486ms
 49: 0.365714ms
 50: 0.366037ms
 51: 0.369359ms
 52: 0.366044ms
 53: 0.366234ms
 54: 0.366136ms
 55: 0.367131ms
 56: 0.366862ms
 57: 0.367275ms
 58: 0.367287ms
 59: 0.366932ms
 60: 0.367541ms
 61: 0.366335ms
 62: 0.367455ms
 63: 0.367566ms
 64: 0.368839ms
 65: 0.368012ms
 66: 0.368431ms
 67: 0.368102ms
 68: 0.368766ms
 69: 0.366069ms
 70: 0.368378ms
 71: 0.368368ms
 72: 0.368990ms
 73: 0.368616ms
 74: 0.370234ms
 75: 0.370007ms
 76: 0.369494ms
 77: 0.369440ms
 78: 0.372409ms
 79: 0.370415ms
 80: 0.370637ms
 81: 0.370438ms
 82: 0.371484ms
 83: 0.371155ms
 84: 0.371250ms
 85: 0.372145ms
 86: 0.371634ms
 87: 0.371763ms
 88: 0.370695ms
 89: 0.372407ms
 90: 0.372122ms
 91: 0.370491ms
 92: 0.371091ms
 93: 0.370691ms
 94: 0.371863ms
 95: 0.371614ms
 96: 0.372718ms
 97: 0.372585ms
 98: 0.372488ms
 99: 0.372783ms
 100: 0.372833ms
 101: 0.379005ms
 102: 0.374112ms
 103: 0.373407ms
 104: 0.373312ms
 105: 0.373870ms
 106: 0.373984ms
 107: 0.373732ms
 108: 0.373324ms
 109: 0.373243ms
 110: 0.374188ms
 111: 0.374569ms
 112: 0.375679ms
 113: 0.374343ms
 114: 0.374535ms
 115: 0.375250ms
 116: 0.375115ms
 117: 0.374330ms
 118: 0.376676ms
 119: 0.376933ms
 120: 0.376491ms
 121: 0.376386ms
 122: 0.376200ms
 123: 0.376158ms
 124: 0.377858ms
 125: 0.376452ms
 126: 0.377125ms
 127: 0.375733ms
 128: 0.378087ms
 129: 0.378588ms
 130: 0.378624ms
 131: 0.378941ms
 132: 0.378088ms
 133: 0.378232ms
 134: 0.378626ms
 135: 0.372890ms
 136: 0.380533ms
 137: 0.379590ms
 138: 0.380124ms
 139: 0.379536ms
 140: 0.379291ms
 141: 0.379947ms
 142: 0.380455ms
 143: 0.380325ms
 144: 0.380078ms
 145: 0.381025ms
 146: 0.380622ms
 147: 0.380835ms
 148: 0.381079ms
 149: 0.381097ms
 150: 0.381686ms
 151: 0.381937ms
 152: 0.382565ms
 153: 0.382026ms
 154: 0.382709ms
 155: 0.382720ms
 156: 0.383141ms
 157: 0.384111ms
 158: 0.386291ms
 159: 0.387176ms
 160: 0.386400ms
 161: 0.384752ms
 162: 0.387094ms
 163: 0.384135ms
 164: 0.386532ms
 165: 0.385079ms
 166: 0.384045ms
 167: 0.388214ms
 168: 0.387933ms
 169: 0.391046ms
 170: 0.391425ms
 171: 0.393802ms
 172: 0.391598ms
 173: 0.394416ms
 174: 0.395169ms
 175: 0.395491ms
 176: 0.474823ms
 177: 0.395216ms
 178: 0.426809ms
 179: 0.399459ms
 180: 0.463480ms
 181: 0.402293ms
 182: 0.407067ms
 183: 0.426512ms
 184: 0.429907ms
 185: 0.446266ms
 186: 0.461783ms
 187: 0.424876ms
 188: 0.493924ms
 189: 0.395534ms
 190: 0.396840ms
 191: 0.472701ms
 192: 0.482770ms
 193: 0.396703ms
 194: 0.448170ms
 195: 0.484550ms
 196: 0.401558ms
 197: 0.412210ms
 198: 0.480222ms
 199: 0.500308ms


Measurements
--------------------------
FFT Size            : 43^3
Threads             : 20
Batch               : 1
Iterations          : 200
Avg Tot Runtime     : 0.379969 ms
Runtime per batch   : 0.379969 ms
SD                  : 0.026254 ms
Q1                  : 0.365714 ms
Median              : 0.372808 ms
Q3                  : 0.381097 ms
