Expm 2: Streaming FFTW
FFTW Plan: Patient
-- Cannot import wisdom from ../../wisdom/singlenode/all/271/fftw_271_t39_b1.patient
-- Exporting wisdom file to ../../wisdom/singlenode/all/271/fftw_271_t39_b1.patient
Iteration: 0, 1, 2, 3, 4, 5, 6, 7, 8, 9, 10, 11, 12, 13, 14, 15, 16, 17, 18, 19, 20, 21, 22, 23, 24, 25, 26, 27, 28, 29, 30, 31, 32, 33, 34, 35, 36, 37, 38, 39, 40, 41, 42, 43, 44, 45, 46, 47, 48, 49, 
Printing individual runtimes:
 0: 30.598287ms
 1: 32.492491ms
 2: 33.287760ms
 3: 32.448647ms
 4: 61.136785ms
 5: 31.775537ms
 6: 33.413947ms
 7: 33.584224ms
 8: 31.256941ms
 9: 29.922393ms
 10: 31.842080ms
 11: 32.328753ms
 12: 31.963701ms
 13: 33.614317ms
 14: 30.576966ms
 15: 30.459660ms
 16: 30.535406ms
 17: 32.808104ms
 18: 31.845628ms
 19: 45.055416ms
 20: 31.989514ms
 21: 32.096825ms
 22: 31.253346ms
 23: 92.171398ms
 24: 104.262638ms
 25: 138.447322ms
 26: 70.734453ms
 27: 62.143859ms
 28: 32.297942ms
 29: 31.689160ms
 30: 33.147846ms
 31: 32.201003ms
 32: 33.085733ms
 33: 65.388202ms
 34: 32.470182ms
 35: 65.246691ms
 36: 61.297584ms
 37: 31.441338ms
 38: 33.161894ms
 39: 65.162897ms
 40: 32.497448ms
 41: 32.974381ms
 42: 30.640645ms
 43: 33.127073ms
 44: 32.594283ms
 45: 36.270414ms
 46: 32.982247ms
 47: 77.386016ms
 48: 32.994468ms
 49: 30.866277ms


Measurements
--------------------------
FFT Size            : 271^3
Threads             : 39
Batch               : 1
Iterations          : 50
Avg Tot Runtime     : 42.659402 ms
Runtime per batch   : 42.659402 ms
SD                  : 22.006219 ms
Throughput          : 2.523580 GFLOPs
Plan Time           : 609.948901 sec
