Expm 2: Streaming FFTW
FFTW Plan: Patient
-- Cannot import wisdom from ../../wisdom/singlenode/all/53/fftw_53_t38_b1.patient
-- Exporting wisdom file to ../../wisdom/singlenode/all/53/fftw_53_t38_b1.patient
Iteration: 0, 1, 2, 3, 4, 5, 6, 7, 8, 9, 10, 11, 12, 13, 14, 15, 16, 17, 18, 19, 20, 21, 22, 23, 24, 25, 26, 27, 28, 29, 30, 31, 32, 33, 34, 35, 36, 37, 38, 39, 40, 41, 42, 43, 44, 45, 46, 47, 48, 49, 
Printing individual runtimes:
 0: 0.683248ms
 1: 0.694009ms
 2: 0.588672ms
 3: 0.682016ms
 4: 0.678251ms
 5: 1.508284ms
 6: 0.762438ms
 7: 1.208759ms
 8: 0.736295ms
 9: 0.686002ms
 10: 0.666101ms
 11: 0.689896ms
 12: 0.651928ms
 13: 0.711463ms
 14: 0.728558ms
 15: 1.867086ms
 16: 0.776585ms
 17: 0.584199ms
 18: 0.777646ms
 19: 0.707442ms
 20: 2.530812ms
 21: 0.660133ms
 22: 0.729690ms
 23: 0.593991ms
 24: 0.686590ms
 25: 0.600963ms
 26: 0.745407ms
 27: 0.787698ms
 28: 0.652162ms
 29: 0.761493ms
 30: 0.662141ms
 31: 0.751250ms
 32: 0.750075ms
 33: 0.650566ms
 34: 0.687312ms
 35: 0.661772ms
 36: 0.729835ms
 37: 0.731800ms
 38: 0.718323ms
 39: 0.679655ms
 40: 0.589734ms
 41: 0.759856ms
 42: 0.741946ms
 43: 0.611023ms
 44: 0.681115ms
 45: 0.745085ms
 46: 0.728669ms
 47: 0.710365ms
 48: 1.182138ms
 49: 0.737274ms


Measurements
--------------------------
FFT Size            : 53^3
Threads             : 38
Batch               : 1
Iterations          : 50
Avg Tot Runtime     : 0.792955 ms
Runtime per batch   : 0.792955 ms
SD                  : 0.333415 ms
Throughput          : 0.018371 GFLOPs
Plan Time           : 31.596640 sec
