Expm 2: Streaming FFTW
FFTW Plan: Patient
-- Cannot import wisdom from ../../wisdom/singlenode/all/81/fftw_81_t39_b1.patient
-- Exporting wisdom file to ../../wisdom/singlenode/all/81/fftw_81_t39_b1.patient
Iteration: 0, 1, 2, 3, 4, 5, 6, 7, 8, 9, 10, 11, 12, 13, 14, 15, 16, 17, 18, 19, 20, 21, 22, 23, 24, 25, 26, 27, 28, 29, 30, 31, 32, 33, 34, 35, 36, 37, 38, 39, 40, 41, 42, 43, 44, 45, 46, 47, 48, 49, 
Printing individual runtimes:
 0: 0.526612ms
 1: 0.533720ms
 2: 0.540565ms
 3: 0.509599ms
 4: 0.527710ms
 5: 0.523987ms
 6: 0.934287ms
 7: 0.743783ms
 8: 1.013815ms
 9: 0.520540ms
 10: 0.520436ms
 11: 0.500911ms
 12: 1.499510ms
 13: 0.530463ms
 14: 0.523068ms
 15: 0.524450ms
 16: 2.749175ms
 17: 0.488339ms
 18: 0.487278ms
 19: 0.453696ms
 20: 0.468205ms
 21: 0.485137ms
 22: 0.482749ms
 23: 0.459197ms
 24: 0.632566ms
 25: 0.452072ms
 26: 0.458552ms
 27: 0.461896ms
 28: 0.476142ms
 29: 0.463546ms
 30: 0.469461ms
 31: 0.462521ms
 32: 0.471951ms
 33: 0.460247ms
 34: 0.455319ms
 35: 0.468435ms
 36: 0.470976ms
 37: 0.467586ms
 38: 0.451245ms
 39: 0.468835ms
 40: 0.457256ms
 41: 0.469907ms
 42: 0.467377ms
 43: 0.461828ms
 44: 0.475864ms
 45: 0.465523ms
 46: 0.446940ms
 47: 0.475272ms
 48: 0.475452ms
 49: 0.480042ms


Measurements
--------------------------
FFT Size            : 81^3
Threads             : 39
Batch               : 1
Iterations          : 50
Avg Tot Runtime     : 0.576281 ms
Runtime per batch   : 0.576281 ms
SD                  : 0.356138 ms
Throughput          : 0.011045 GFLOPs
Plan Time           : 10.722038 sec
