Expm 2: Streaming FFTW
FFTW Plan: Patient
-- Cannot import wisdom from ../../wisdom/singlenode/all/19/fftw_19_t40_b1.patient
-- Exporting wisdom file to ../../wisdom/singlenode/all/19/fftw_19_t40_b1.patient
Iteration: 0, 1, 2, 3, 4, 5, 6, 7, 8, 9, 10, 11, 12, 13, 14, 15, 16, 17, 18, 19, 20, 21, 22, 23, 24, 25, 26, 27, 28, 29, 30, 31, 32, 33, 34, 35, 36, 37, 38, 39, 40, 41, 42, 43, 44, 45, 46, 47, 48, 49, 
Printing individual runtimes:
 0: 0.297675ms
 1: 0.118761ms
 2: 0.159033ms
 3: 0.042824ms
 4: 0.043611ms
 5: 0.117259ms
 6: 0.069481ms
 7: 0.119620ms
 8: 0.054859ms
 9: 0.046614ms
 10: 0.048645ms
 11: 0.050478ms
 12: 0.054498ms
 13: 0.738609ms
 14: 0.045340ms
 15: 0.131591ms
 16: 0.113302ms
 17: 0.223395ms
 18: 0.127717ms
 19: 0.141881ms
 20: 0.131463ms
 21: 0.330404ms
 22: 0.114922ms
 23: 0.117664ms
 24: 0.060929ms
 25: 0.214328ms
 26: 0.193849ms
 27: 0.138124ms
 28: 0.106653ms
 29: 0.110495ms
 30: 0.074966ms
 31: 0.055796ms
 32: 0.054082ms
 33: 0.073786ms
 34: 0.280602ms
 35: 0.145637ms
 36: 0.146854ms
 37: 0.044623ms
 38: 0.068737ms
 39: 0.246593ms
 40: 0.134708ms
 41: 0.134547ms
 42: 0.161353ms
 43: 0.127596ms
 44: 0.114955ms
 45: 0.133213ms
 46: 0.111411ms
 47: 0.056929ms
 48: 0.199499ms
 49: 0.044951ms


Measurements
--------------------------
FFT Size            : 19^3
Threads             : 40
Batch               : 1
Iterations          : 50
Avg Tot Runtime     : 0.133497 ms
Runtime per batch   : 0.133497 ms
SD                  : 0.110204 ms
Throughput          : 0.000448 GFLOPs
Plan Time           : 1.554149 sec
