Expm 2: Streaming FFTW
FFTW Plan: Patient
-- Cannot import wisdom from ../../wisdom/singlenode/all/19/fftw_19_t39_b1.patient
-- Exporting wisdom file to ../../wisdom/singlenode/all/19/fftw_19_t39_b1.patient
Iteration: 0, 1, 2, 3, 4, 5, 6, 7, 8, 9, 10, 11, 12, 13, 14, 15, 16, 17, 18, 19, 20, 21, 22, 23, 24, 25, 26, 27, 28, 29, 30, 31, 32, 33, 34, 35, 36, 37, 38, 39, 40, 41, 42, 43, 44, 45, 46, 47, 48, 49, 
Printing individual runtimes:
 0: 0.291886ms
 1: 1.645397ms
 2: 1.631574ms
 3: 0.371260ms
 4: 0.253886ms
 5: 0.738247ms
 6: 0.138273ms
 7: 1.242697ms
 8: 0.133360ms
 9: 0.462295ms
 10: 0.125613ms
 11: 0.043390ms
 12: 0.044696ms
 13: 0.134964ms
 14: 0.038803ms
 15: 0.039855ms
 16: 0.043389ms
 17: 0.041619ms
 18: 0.407288ms
 19: 0.134067ms
 20: 0.070845ms
 21: 0.072985ms
 22: 0.055091ms
 23: 0.043388ms
 24: 0.065003ms
 25: 0.058433ms
 26: 0.133391ms
 27: 0.054994ms
 28: 0.056434ms
 29: 0.255112ms
 30: 0.055234ms
 31: 0.055703ms
 32: 0.056014ms
 33: 0.062519ms
 34: 0.063187ms
 35: 0.100394ms
 36: 0.113570ms
 37: 0.100175ms
 38: 0.054699ms
 39: 0.041230ms
 40: 0.069788ms
 41: 0.053490ms
 42: 0.053810ms
 43: 0.061309ms
 44: 0.055243ms
 45: 0.057028ms
 46: 0.055536ms
 47: 0.188097ms
 48: 0.059334ms
 49: 0.054304ms


Measurements
--------------------------
FFT Size            : 19^3
Threads             : 39
Batch               : 1
Iterations          : 50
Avg Tot Runtime     : 0.204778 ms
Runtime per batch   : 0.204778 ms
SD                  : 0.356680 ms
Throughput          : 0.000448 GFLOPs
Plan Time           : 1.819436 sec
