Expm 2: Streaming FFTW
FFTW Plan: Patient
-- Cannot import wisdom from ../../wisdom/singlenode/all/349/fftw_349_t36_b1.patient
-- Exporting wisdom file to ../../wisdom/singlenode/all/349/fftw_349_t36_b1.patient
Iteration: 0, 1, 2, 3, 4, 5, 6, 7, 8, 9, 10, 11, 12, 13, 14, 15, 16, 17, 18, 19, 20, 21, 22, 23, 24, 25, 26, 27, 28, 29, 30, 31, 32, 33, 34, 35, 36, 37, 38, 39, 40, 41, 42, 43, 44, 45, 46, 47, 48, 49, 
Printing individual runtimes:
 0: 67.600713ms
 1: 66.550520ms
 2: 66.626517ms
 3: 66.318728ms
 4: 65.120903ms
 5: 66.329069ms
 6: 66.059746ms
 7: 65.197637ms
 8: 65.852866ms
 9: 98.776013ms
 10: 63.813809ms
 11: 57.643574ms
 12: 59.022719ms
 13: 57.978547ms
 14: 57.510209ms
 15: 57.492656ms
 16: 57.574938ms
 17: 59.488987ms
 18: 57.275596ms
 19: 57.852772ms
 20: 57.568822ms
 21: 59.442845ms
 22: 57.767734ms
 23: 59.459662ms
 24: 111.333384ms
 25: 63.684208ms
 26: 57.236320ms
 27: 59.334127ms
 28: 59.656359ms
 29: 59.426670ms
 30: 57.260741ms
 31: 58.030393ms
 32: 59.374792ms
 33: 57.146958ms
 34: 59.612431ms
 35: 58.114791ms
 36: 57.504918ms
 37: 57.337555ms
 38: 57.200207ms
 39: 59.388012ms
 40: 57.144826ms
 41: 57.220828ms
 42: 57.439647ms
 43: 57.114247ms
 44: 57.350338ms
 45: 59.536872ms
 46: 57.555271ms
 47: 57.255781ms
 48: 57.359870ms
 49: 59.499098ms


Measurements
--------------------------
FFT Size            : 349^3
Threads             : 36
Batch               : 1
Iterations          : 50
Avg Tot Runtime     : 61.668885 ms
Runtime per batch   : 61.668885 ms
SD                  : 9.530469 ms
Throughput          : 5.386771 GFLOPs
Plan Time           : 712.265935 sec
