Expm 2: Streaming FFT

Printing individual runtimes:
 0: 0.330447ms
 1: 0.204350ms
 2: 0.204872ms
 3: 0.372260ms
 4: 0.210387ms
 5: 0.207699ms
 6: 0.211799ms
 7: 0.211381ms
 8: 0.209684ms
 9: 0.246193ms
 10: 0.349239ms
 11: 0.208643ms
 12: 0.211614ms
 13: 0.204658ms
 14: 0.317850ms
 15: 0.221129ms
 16: 0.210243ms
 17: 0.216272ms
 18: 0.210801ms
 19: 0.371058ms
 20: 0.213067ms
 21: 0.206099ms
 22: 0.203293ms
 23: 0.208617ms
 24: 0.252261ms
 25: 0.390212ms
 26: 0.209062ms
 27: 0.210281ms
 28: 0.207553ms
 29: 0.218032ms
 30: 0.367382ms
 31: 0.216964ms
 32: 0.208033ms
 33: 0.206064ms
 34: 0.214168ms
 35: 0.209711ms
 36: 0.207958ms
 37: 0.353450ms
 38: 0.207207ms
 39: 0.200635ms
 40: 0.207441ms
 41: 0.211534ms
 42: 0.209031ms
 43: 0.208989ms
 44: 0.212404ms
 45: 0.199288ms
 46: 0.208173ms
 47: 0.410626ms
 48: 0.209510ms
 49: 0.222193ms
 50: 0.205087ms
 51: 0.208065ms
 52: 0.202199ms
 53: 0.214574ms
 54: 0.201600ms
 55: 0.208030ms
 56: 0.253923ms
 57: 0.207758ms
 58: 0.207941ms
 59: 0.199721ms
 60: 0.208664ms
 61: 0.216920ms
 62: 0.205481ms
 63: 0.205346ms
 64: 0.203202ms
 65: 0.220355ms
 66: 0.218255ms
 67: 0.211262ms
 68: 0.212115ms
 69: 0.214539ms
 70: 0.203276ms
 71: 0.214770ms
 72: 0.207453ms
 73: 0.341657ms
 74: 0.232522ms
 75: 0.201673ms
 76: 0.206077ms
 77: 0.207224ms
 78: 0.212789ms
 79: 0.201302ms
 80: 0.266371ms
 81: 0.204552ms
 82: 0.207568ms
 83: 0.203769ms
 84: 0.211713ms
 85: 0.216729ms
 86: 0.205742ms
 87: 0.211055ms
 88: 0.201849ms
 89: 0.203763ms
 90: 0.211956ms
 91: 0.204045ms
 92: 0.216553ms
 93: 0.205490ms
 94: 0.215490ms
 95: 0.232328ms
 96: 0.208949ms
 97: 0.204879ms
 98: 0.203474ms
 99: 0.199145ms
 100: 0.208679ms
 101: 0.205279ms
 102: 0.208187ms
 103: 0.208193ms
 104: 0.204099ms
 105: 0.207480ms
 106: 0.219614ms
 107: 0.245756ms
 108: 0.212491ms
 109: 0.211899ms
 110: 0.204950ms
 111: 0.246788ms
 112: 0.208393ms
 113: 0.209327ms
 114: 0.236777ms
 115: 0.215686ms
 116: 0.211175ms
 117: 0.208270ms
 118: 0.210469ms
 119: 0.210033ms
 120: 0.216036ms
 121: 0.200559ms
 122: 0.216939ms
 123: 0.413238ms
 124: 0.250111ms
 125: 0.250427ms
 126: 0.214788ms
 127: 0.243973ms
 128: 0.204392ms
 129: 0.209177ms
 130: 0.229025ms
 131: 0.211715ms
 132: 0.210741ms
 133: 0.210896ms
 134: 0.391792ms
 135: 0.203690ms
 136: 0.207101ms
 137: 0.208950ms
 138: 0.208819ms
 139: 0.206741ms
 140: 0.212522ms
 141: 0.205200ms
 142: 0.254962ms
 143: 0.255224ms
 144: 0.210463ms
 145: 0.207891ms
 146: 0.213800ms
 147: 0.204524ms
 148: 0.205578ms
 149: 0.246663ms
 150: 0.207209ms
 151: 0.209406ms
 152: 0.200463ms
 153: 0.213348ms
 154: 0.207968ms
 155: 0.207252ms
 156: 0.207221ms
 157: 0.243320ms
 158: 0.209194ms
 159: 0.210794ms
 160: 0.212882ms
 161: 0.203453ms
 162: 0.205662ms
 163: 0.224410ms
 164: 0.242531ms
 165: 0.208276ms
 166: 0.248839ms
 167: 0.202738ms
 168: 0.207622ms
 169: 0.211426ms
 170: 0.216635ms
 171: 0.209230ms
 172: 0.209915ms
 173: 0.216093ms
 174: 0.211520ms
 175: 0.207034ms
 176: 0.208421ms
 177: 0.210028ms
 178: 0.209858ms
 179: 0.225638ms
 180: 0.207893ms
 181: 0.211026ms
 182: 0.208194ms
 183: 0.204067ms
 184: 0.210291ms
 185: 0.210183ms
 186: 0.201008ms
 187: 0.210824ms
 188: 0.207924ms
 189: 0.206243ms
 190: 0.206929ms
 191: 0.230363ms
 192: 0.205329ms
 193: 0.206221ms
 194: 0.204986ms
 195: 0.211529ms
 196: 0.209632ms
 197: 0.250906ms
 198: 0.217862ms
 199: 0.205251ms


-- Real : Q1: 50 Q2: 100 Q3: 150
-- Array: Q1: 49 Q2: 99 Q3: 149
Printing sorted runtimes:
 0: 0.205251ms
 1: 0.204350ms
 2: 0.204872ms
 3: 0.204986ms
 4: 0.201008ms
 5: 0.204067ms
 6: 0.202738ms
 7: 0.203453ms
 8: 0.200463ms
 9: 0.204524ms
 10: 0.205200ms
 11: 0.203690ms
 12: 0.204392ms
 13: 0.204658ms
 14: 0.200559ms
 15: 0.204950ms
 16: 0.204099ms
 17: 0.199145ms
 18: 0.203474ms
 19: 0.204879ms
 20: 0.204045ms
 21: 0.203763ms
 22: 0.203293ms
 23: 0.201849ms
 24: 0.203769ms
 25: 0.204552ms
 26: 0.201302ms
 27: 0.201673ms
 28: 0.203276ms
 29: 0.203202ms
 30: 0.199721ms
 31: 0.201600ms
 32: 0.202199ms
 33: 0.205087ms
 34: 0.199288ms
 35: 0.200635ms
 36: 0.206741ms
 37: 0.206243ms
 38: 0.206077ms
 39: 0.205742ms
 40: 0.206099ms
 41: 0.205346ms
 42: 0.205481ms
 43: 0.205490ms
 44: 0.206221ms
 45: 0.205662ms
 46: 0.205279ms
 47: 0.205329ms
 48: 0.206064ms
 49: 0.205578ms
 50: 0.206929ms
 51: 0.209194ms
 52: 0.207101ms
 53: 0.207209ms
 54: 0.207441ms
 55: 0.207252ms
 56: 0.207221ms
 57: 0.207207ms
 58: 0.207224ms
 59: 0.207480ms
 60: 0.207453ms
 61: 0.207553ms
 62: 0.207568ms
 63: 0.207622ms
 64: 0.207699ms
 65: 0.207924ms
 66: 0.207893ms
 67: 0.207941ms
 68: 0.207758ms
 69: 0.207958ms
 70: 0.207891ms
 71: 0.209031ms
 72: 0.208270ms
 73: 0.208030ms
 74: 0.208393ms
 75: 0.207034ms
 76: 0.208421ms
 77: 0.208989ms
 78: 0.209177ms
 79: 0.209062ms
 80: 0.208643ms
 81: 0.208950ms
 82: 0.208276ms
 83: 0.208193ms
 84: 0.208187ms
 85: 0.208679ms
 86: 0.208173ms
 87: 0.207968ms
 88: 0.208617ms
 89: 0.208819ms
 90: 0.208664ms
 91: 0.208949ms
 92: 0.208065ms
 93: 0.208033ms
 94: 0.208194ms
 95: 0.209510ms
 96: 0.209230ms
 97: 0.209406ms
 98: 0.209327ms
 99: 0.209632ms
 100: 0.209684ms
 101: 0.213067ms
 102: 0.210794ms
 103: 0.210824ms
 104: 0.210243ms
 105: 0.210183ms
 106: 0.210387ms
 107: 0.210463ms
 108: 0.210896ms
 109: 0.210741ms
 110: 0.209915ms
 111: 0.210281ms
 112: 0.210028ms
 113: 0.211026ms
 114: 0.210801ms
 115: 0.210291ms
 116: 0.210033ms
 117: 0.209858ms
 118: 0.210469ms
 119: 0.211175ms
 120: 0.212115ms
 121: 0.211262ms
 122: 0.211520ms
 123: 0.212789ms
 124: 0.211529ms
 125: 0.211426ms
 126: 0.212404ms
 127: 0.211799ms
 128: 0.211614ms
 129: 0.211381ms
 130: 0.212882ms
 131: 0.211715ms
 132: 0.211899ms
 133: 0.212491ms
 134: 0.211713ms
 135: 0.211055ms
 136: 0.211956ms
 137: 0.209711ms
 138: 0.211534ms
 139: 0.212522ms
 140: 0.214574ms
 141: 0.213348ms
 142: 0.214539ms
 143: 0.214168ms
 144: 0.213800ms
 145: 0.215686ms
 146: 0.214788ms
 147: 0.214770ms
 148: 0.215490ms
 149: 0.216036ms
 150: 0.216093ms
 151: 0.216553ms
 152: 0.216272ms
 153: 0.216635ms
 154: 0.218032ms
 155: 0.217862ms
 156: 0.220355ms
 157: 0.216964ms
 158: 0.216729ms
 159: 0.230363ms
 160: 0.229025ms
 161: 0.221129ms
 162: 0.219614ms
 163: 0.224410ms
 164: 0.225638ms
 165: 0.218255ms
 166: 0.216939ms
 167: 0.222193ms
 168: 0.216920ms
 169: 0.232328ms
 170: 0.246788ms
 171: 0.250111ms
 172: 0.236777ms
 173: 0.243973ms
 174: 0.248839ms
 175: 0.242531ms
 176: 0.243320ms
 177: 0.232522ms
 178: 0.245756ms
 179: 0.246663ms
 180: 0.246193ms
 181: 0.250427ms
 182: 0.255224ms
 183: 0.254962ms
 184: 0.317850ms
 185: 0.253923ms
 186: 0.250906ms
 187: 0.252261ms
 188: 0.266371ms
 189: 0.330447ms
 190: 0.349239ms
 191: 0.391792ms
 192: 0.413238ms
 193: 0.371058ms
 194: 0.372260ms
 195: 0.390212ms
 196: 0.341657ms
 197: 0.367382ms
 198: 0.410626ms
 199: 0.353450ms


Measurements
--------------------------
FFT Size            : 77^3
Threads             : 25
Batch               : 1
Iterations          : 200
Avg Tot Runtime     : 0.222418 ms
Runtime per batch   : 0.222418 ms
SD                  : 0.039325 ms
Q1                  : 0.205578 ms
Median              : 0.209658 ms
Q3                  : 0.216036 ms
