Expm 2: Streaming FFT

Printing individual runtimes:
 0: 0.352926ms
 1: 0.179471ms
 2: 0.187068ms
 3: 0.480420ms
 4: 0.181557ms
 5: 1.247262ms
 6: 0.177994ms
 7: 0.397852ms
 8: 0.201511ms
 9: 0.180476ms
 10: 0.173667ms
 11: 0.451434ms
 12: 0.180258ms
 13: 0.174432ms
 14: 0.200285ms
 15: 0.177974ms
 16: 0.175064ms
 17: 0.383913ms
 18: 0.184010ms
 19: 0.210215ms
 20: 0.181088ms
 21: 0.178077ms
 22: 0.172581ms
 23: 0.175829ms
 24: 0.170690ms
 25: 0.176049ms
 26: 0.382163ms
 27: 0.175237ms
 28: 0.179200ms
 29: 0.174528ms
 30: 0.176728ms
 31: 0.175918ms
 32: 0.201119ms
 33: 0.360754ms
 34: 0.193508ms
 35: 0.173722ms
 36: 0.178775ms
 37: 0.181476ms
 38: 0.187077ms
 39: 0.179676ms
 40: 0.176190ms
 41: 0.182448ms
 42: 0.178499ms
 43: 0.210735ms
 44: 0.176219ms
 45: 0.175302ms
 46: 0.178594ms
 47: 0.389316ms
 48: 0.178489ms
 49: 0.178800ms
 50: 0.195439ms
 51: 0.182597ms
 52: 0.180539ms
 53: 0.178108ms
 54: 0.173039ms
 55: 0.178422ms
 56: 0.172333ms
 57: 0.196174ms
 58: 0.177029ms
 59: 0.180409ms
 60: 0.201793ms
 61: 0.190376ms
 62: 0.200315ms
 63: 0.176624ms
 64: 0.177720ms
 65: 0.192653ms
 66: 0.176896ms
 67: 0.176660ms
 68: 0.201224ms
 69: 0.180263ms
 70: 0.176181ms
 71: 0.185261ms
 72: 0.178146ms
 73: 0.172213ms
 74: 0.176603ms
 75: 0.174359ms
 76: 0.176461ms
 77: 0.175123ms
 78: 0.178768ms
 79: 0.174831ms
 80: 0.178323ms
 81: 0.183119ms
 82: 0.181813ms
 83: 0.177234ms
 84: 0.172920ms
 85: 0.179612ms
 86: 0.175503ms
 87: 0.174341ms
 88: 0.386791ms
 89: 0.172118ms
 90: 0.173430ms
 91: 0.177585ms
 92: 0.180620ms
 93: 0.175632ms
 94: 0.175952ms
 95: 0.186773ms
 96: 0.184244ms
 97: 0.176344ms
 98: 0.181138ms
 99: 0.176864ms
 100: 0.175794ms
 101: 0.178717ms
 102: 0.187415ms
 103: 0.178986ms
 104: 0.190389ms
 105: 0.176335ms
 106: 0.174749ms
 107: 0.173147ms
 108: 0.191643ms
 109: 0.173394ms
 110: 0.176077ms
 111: 0.208854ms
 112: 0.176257ms
 113: 0.182257ms
 114: 0.182232ms
 115: 0.179538ms
 116: 0.175797ms
 117: 0.181055ms
 118: 0.200605ms
 119: 0.174551ms
 120: 0.175439ms
 121: 0.174207ms
 122: 0.173370ms
 123: 0.177770ms
 124: 0.177618ms
 125: 0.200755ms
 126: 0.176267ms
 127: 0.175173ms
 128: 0.177316ms
 129: 0.177410ms
 130: 0.184560ms
 131: 0.184807ms
 132: 0.180970ms
 133: 0.171817ms
 134: 0.176952ms
 135: 0.179738ms
 136: 0.179259ms
 137: 0.186009ms
 138: 0.175060ms
 139: 0.172173ms
 140: 0.333930ms
 141: 0.176921ms
 142: 0.198197ms
 143: 0.178245ms
 144: 0.202782ms
 145: 0.178919ms
 146: 0.173451ms
 147: 0.173876ms
 148: 0.189372ms
 149: 0.176189ms
 150: 0.176828ms
 151: 0.201456ms
 152: 0.188026ms
 153: 0.177045ms
 154: 0.171760ms
 155: 0.175068ms
 156: 0.177753ms
 157: 0.181272ms
 158: 0.184244ms
 159: 0.175548ms
 160: 0.179844ms
 161: 0.177875ms
 162: 0.201334ms
 163: 0.175769ms
 164: 0.182358ms
 165: 0.174675ms
 166: 0.174742ms
 167: 0.200688ms
 168: 0.190988ms
 169: 0.174141ms
 170: 0.177010ms
 171: 0.176340ms
 172: 0.176740ms
 173: 0.374355ms
 174: 0.178747ms
 175: 0.175632ms
 176: 0.170142ms
 177: 0.176662ms
 178: 0.183693ms
 179: 0.175575ms
 180: 0.179386ms
 181: 0.183059ms
 182: 0.211720ms
 183: 0.175048ms
 184: 0.171293ms
 185: 0.176266ms
 186: 0.175999ms
 187: 0.175636ms
 188: 0.183414ms
 189: 0.178303ms
 190: 0.171863ms
 191: 0.179391ms
 192: 0.175514ms
 193: 0.174089ms
 194: 0.202416ms
 195: 0.175551ms
 196: 0.176677ms
 197: 0.176012ms
 198: 0.175636ms
 199: 0.175642ms


-- Real : Q1: 50 Q2: 100 Q3: 150
-- Array: Q1: 49 Q2: 99 Q3: 149
Printing sorted runtimes:
 0: 0.175237ms
 1: 0.173039ms
 2: 0.172333ms
 3: 0.172213ms
 4: 0.174089ms
 5: 0.174359ms
 6: 0.171863ms
 7: 0.175123ms
 8: 0.171293ms
 9: 0.175048ms
 10: 0.173667ms
 11: 0.174831ms
 12: 0.170142ms
 13: 0.174432ms
 14: 0.172920ms
 15: 0.174141ms
 16: 0.175064ms
 17: 0.174742ms
 18: 0.174675ms
 19: 0.174341ms
 20: 0.172118ms
 21: 0.175068ms
 22: 0.172581ms
 23: 0.171760ms
 24: 0.170690ms
 25: 0.173876ms
 26: 0.173451ms
 27: 0.173430ms
 28: 0.172173ms
 29: 0.174528ms
 30: 0.175060ms
 31: 0.171817ms
 32: 0.175173ms
 33: 0.173370ms
 34: 0.174207ms
 35: 0.173722ms
 36: 0.174749ms
 37: 0.174551ms
 38: 0.173394ms
 39: 0.173147ms
 40: 0.175632ms
 41: 0.175439ms
 42: 0.175551ms
 43: 0.175548ms
 44: 0.175514ms
 45: 0.175302ms
 46: 0.175503ms
 47: 0.175575ms
 48: 0.175636ms
 49: 0.175632ms
 50: 0.175636ms
 51: 0.176728ms
 52: 0.175794ms
 53: 0.175769ms
 54: 0.176077ms
 55: 0.176190ms
 56: 0.175642ms
 57: 0.176012ms
 58: 0.176335ms
 59: 0.176677ms
 60: 0.176257ms
 61: 0.175918ms
 62: 0.176049ms
 63: 0.176624ms
 64: 0.176344ms
 65: 0.175999ms
 66: 0.176189ms
 67: 0.176660ms
 68: 0.176266ms
 69: 0.175952ms
 70: 0.176181ms
 71: 0.176662ms
 72: 0.175829ms
 73: 0.176267ms
 74: 0.176603ms
 75: 0.176219ms
 76: 0.176461ms
 77: 0.175797ms
 78: 0.176340ms
 79: 0.177029ms
 80: 0.176921ms
 81: 0.176864ms
 82: 0.177010ms
 83: 0.176896ms
 84: 0.176828ms
 85: 0.176952ms
 86: 0.176740ms
 87: 0.177753ms
 88: 0.177410ms
 89: 0.177316ms
 90: 0.177720ms
 91: 0.177585ms
 92: 0.177234ms
 93: 0.177045ms
 94: 0.177618ms
 95: 0.177875ms
 96: 0.177770ms
 97: 0.177994ms
 98: 0.177974ms
 99: 0.178077ms
 100: 0.178108ms
 101: 0.180539ms
 102: 0.178245ms
 103: 0.178146ms
 104: 0.178323ms
 105: 0.178499ms
 106: 0.178422ms
 107: 0.178489ms
 108: 0.178594ms
 109: 0.179259ms
 110: 0.179200ms
 111: 0.178986ms
 112: 0.178717ms
 113: 0.178919ms
 114: 0.179471ms
 115: 0.178768ms
 116: 0.178800ms
 117: 0.178747ms
 118: 0.179386ms
 119: 0.179391ms
 120: 0.178775ms
 121: 0.178303ms
 122: 0.180409ms
 123: 0.180476ms
 124: 0.180263ms
 125: 0.180258ms
 126: 0.179612ms
 127: 0.179844ms
 128: 0.179538ms
 129: 0.179676ms
 130: 0.179738ms
 131: 0.184010ms
 132: 0.180970ms
 133: 0.182257ms
 134: 0.181557ms
 135: 0.183414ms
 136: 0.181476ms
 137: 0.183059ms
 138: 0.183693ms
 139: 0.182232ms
 140: 0.182597ms
 141: 0.183119ms
 142: 0.181813ms
 143: 0.182358ms
 144: 0.181055ms
 145: 0.181088ms
 146: 0.181272ms
 147: 0.181138ms
 148: 0.180620ms
 149: 0.182448ms
 150: 0.184244ms
 151: 0.184244ms
 152: 0.184560ms
 153: 0.186009ms
 154: 0.186773ms
 155: 0.184807ms
 156: 0.185261ms
 157: 0.187068ms
 158: 0.187077ms
 159: 0.187415ms
 160: 0.190376ms
 161: 0.189372ms
 162: 0.188026ms
 163: 0.190389ms
 164: 0.191643ms
 165: 0.192653ms
 166: 0.196174ms
 167: 0.193508ms
 168: 0.190988ms
 169: 0.195439ms
 170: 0.198197ms
 171: 0.200285ms
 172: 0.389316ms
 173: 0.374355ms
 174: 0.333930ms
 175: 0.200688ms
 176: 0.200755ms
 177: 0.383913ms
 178: 0.210215ms
 179: 0.451434ms
 180: 0.200605ms
 181: 0.201334ms
 182: 0.211720ms
 183: 0.202782ms
 184: 0.201511ms
 185: 0.201224ms
 186: 0.201119ms
 187: 0.397852ms
 188: 0.352926ms
 189: 0.200315ms
 190: 0.382163ms
 191: 0.201793ms
 192: 1.247262ms
 193: 0.208854ms
 194: 0.202416ms
 195: 0.480420ms
 196: 0.360754ms
 197: 0.386791ms
 198: 0.210735ms
 199: 0.201456ms


Measurements
--------------------------
FFT Size            : 77^3
Threads             : 31
Batch               : 1
Iterations          : 200
Avg Tot Runtime     : 0.197595 ms
Runtime per batch   : 0.197595 ms
SD                  : 0.089329 ms
Q1                  : 0.175632 ms
Median              : 0.178092 ms
Q3                  : 0.182448 ms
