Expm 2: Streaming FFTW
FFTW Plan: Patient
-- Cannot import wisdom from ../../wisdom/singlenode/all/579/fftw_579_t39_b1.patient
-- Exporting wisdom file to ../../wisdom/singlenode/all/579/fftw_579_t39_b1.patient
Iteration: 0, 1, 2, 3, 4, 5, 6, 7, 8, 9, 10, 11, 12, 13, 14, 15, 16, 17, 18, 19, 20, 21, 22, 23, 24, 25, 26, 27, 28, 29, 30, 31, 32, 33, 34, 35, 36, 37, 38, 39, 40, 41, 42, 43, 44, 45, 46, 47, 48, 49, 
Printing individual runtimes:
 0: 295.726310ms
 1: 428.764208ms
 2: 301.219464ms
 3: 463.249149ms
 4: 301.412988ms
 5: 297.682562ms
 6: 299.162014ms
 7: 300.064792ms
 8: 302.377992ms
 9: 459.935557ms
 10: 338.967189ms
 11: 297.129809ms
 12: 297.831133ms
 13: 296.909382ms
 14: 298.633894ms
 15: 299.722710ms
 16: 298.459102ms
 17: 298.426154ms
 18: 514.006245ms
 19: 300.673971ms
 20: 299.550126ms
 21: 300.450481ms
 22: 299.183746ms
 23: 299.797328ms
 24: 300.692458ms
 25: 298.970751ms
 26: 296.865104ms
 27: 300.562412ms
 28: 300.246097ms
 29: 304.985239ms
 30: 299.890409ms
 31: 300.271215ms
 32: 297.576686ms
 33: 302.652892ms
 34: 460.391482ms
 35: 303.940670ms
 36: 338.803359ms
 37: 298.122112ms
 38: 299.898707ms
 39: 301.652164ms
 40: 298.552804ms
 41: 300.776133ms
 42: 298.022901ms
 43: 301.227643ms
 44: 353.079793ms
 45: 298.259090ms
 46: 301.208168ms
 47: 300.608000ms
 48: 301.306669ms
 49: 300.324761ms


Measurements
--------------------------
FFT Size            : 579^3
Threads             : 39
Batch               : 1
Iterations          : 50
Avg Tot Runtime     : 318.964480 ms
Runtime per batch   : 318.964480 ms
SD                  : 50.664293 ms
Throughput          : 24.203730 GFLOPs
Plan Time           : 441.613803 sec
