Expm 2: Streaming FFTW
FFTW Plan: Patient
-- Cannot import wisdom from ../../wisdom/singlenode/all/234/fftw_234_t38_b1.patient
-- Exporting wisdom file to ../../wisdom/singlenode/all/234/fftw_234_t38_b1.patient
Iteration: 0, 1, 2, 3, 4, 5, 6, 7, 8, 9, 10, 11, 12, 13, 14, 15, 16, 17, 18, 19, 20, 21, 22, 23, 24, 25, 26, 27, 28, 29, 30, 31, 32, 33, 34, 35, 36, 37, 38, 39, 40, 41, 42, 43, 44, 45, 46, 47, 48, 49, 
Printing individual runtimes:
 0: 5.612497ms
 1: 5.671255ms
 2: 5.670726ms
 3: 8.803962ms
 4: 5.726596ms
 5: 5.622859ms
 6: 5.553314ms
 7: 5.619727ms
 8: 5.846716ms
 9: 5.554603ms
 10: 5.546545ms
 11: 5.545300ms
 12: 5.513818ms
 13: 5.559890ms
 14: 9.833030ms
 15: 5.688794ms
 16: 5.651148ms
 17: 5.633335ms
 18: 5.591152ms
 19: 6.472166ms
 20: 10.219981ms
 21: 5.643486ms
 22: 5.661096ms
 23: 5.645233ms
 24: 5.585864ms
 25: 5.612731ms
 26: 5.622709ms
 27: 5.622387ms
 28: 5.699323ms
 29: 5.721417ms
 30: 5.644982ms
 31: 5.591900ms
 32: 5.777259ms
 33: 5.655439ms
 34: 9.989768ms
 35: 10.127456ms
 36: 14.799599ms
 37: 9.811256ms
 38: 9.822871ms
 39: 5.587462ms
 40: 5.616233ms
 41: 5.828646ms
 42: 5.667825ms
 43: 5.733631ms
 44: 5.637100ms
 45: 5.620424ms
 46: 5.644667ms
 47: 5.624006ms
 48: 5.754073ms
 49: 5.632158ms


Measurements
--------------------------
FFT Size            : 234^3
Threads             : 38
Batch               : 1
Iterations          : 50
Avg Tot Runtime     : 6.426368 ms
Runtime per batch   : 6.426368 ms
SD                  : 1.878328 ms
Throughput          : 0.338078 GFLOPs
Plan Time           : 63.023875 sec
