Expm 2: Streaming FFTW
FFTW Plan: Patient
-- Cannot import wisdom from ../../wisdom/singlenode/all/347/fftw_347_t38_b1.patient
-- Exporting wisdom file to ../../wisdom/singlenode/all/347/fftw_347_t38_b1.patient
Iteration: 0, 1, 2, 3, 4, 5, 6, 7, 8, 9, 10, 11, 12, 13, 14, 15, 16, 17, 18, 19, 20, 21, 22, 23, 24, 25, 26, 27, 28, 29, 30, 31, 32, 33, 34, 35, 36, 37, 38, 39, 40, 41, 42, 43, 44, 45, 46, 47, 48, 49, 
Printing individual runtimes:
 0: 97.896053ms
 1: 68.864110ms
 2: 63.741776ms
 3: 63.674857ms
 4: 63.507192ms
 5: 63.480130ms
 6: 63.734337ms
 7: 63.579386ms
 8: 62.729333ms
 9: 63.698288ms
 10: 62.623445ms
 11: 68.225801ms
 12: 62.918243ms
 13: 62.004971ms
 14: 63.732576ms
 15: 63.807391ms
 16: 63.721471ms
 17: 63.519340ms
 18: 62.829452ms
 19: 63.452270ms
 20: 64.129706ms
 21: 63.203598ms
 22: 63.921024ms
 23: 64.006930ms
 24: 63.962015ms
 25: 63.961589ms
 26: 64.079730ms
 27: 63.436932ms
 28: 63.580847ms
 29: 63.753213ms
 30: 66.408192ms
 31: 63.574784ms
 32: 63.601424ms
 33: 63.047943ms
 34: 63.296043ms
 35: 62.479240ms
 36: 63.770729ms
 37: 61.223824ms
 38: 63.024399ms
 39: 63.601556ms
 40: 64.082705ms
 41: 63.422173ms
 42: 64.279899ms
 43: 64.102282ms
 44: 63.732098ms
 45: 63.660205ms
 46: 63.828907ms
 47: 61.819994ms
 48: 63.441417ms
 49: 63.908022ms


Measurements
--------------------------
FFT Size            : 347^3
Threads             : 38
Batch               : 1
Iterations          : 50
Avg Tot Runtime     : 64.401637 ms
Runtime per batch   : 64.401637 ms
SD                  : 4.939288 ms
Throughput          : 5.316539 GFLOPs
Plan Time           : 758.953523 sec
