Expm 2: Streaming FFTW
FFTW Plan: Patient
-- Cannot import wisdom from ../../wisdom/singlenode/all/347/fftw_347_t36_b1.patient
-- Exporting wisdom file to ../../wisdom/singlenode/all/347/fftw_347_t36_b1.patient
Iteration: 0, 1, 2, 3, 4, 5, 6, 7, 8, 9, 10, 11, 12, 13, 14, 15, 16, 17, 18, 19, 20, 21, 22, 23, 24, 25, 26, 27, 28, 29, 30, 31, 32, 33, 34, 35, 36, 37, 38, 39, 40, 41, 42, 43, 44, 45, 46, 47, 48, 49, 
Printing individual runtimes:
 0: 83.902626ms
 1: 71.165302ms
 2: 72.327007ms
 3: 71.746140ms
 4: 72.011846ms
 5: 68.828079ms
 6: 69.065963ms
 7: 69.608831ms
 8: 69.214035ms
 9: 60.170486ms
 10: 62.315270ms
 11: 67.128903ms
 12: 63.974591ms
 13: 67.253303ms
 14: 65.885227ms
 15: 67.547122ms
 16: 67.958858ms
 17: 84.364650ms
 18: 67.348621ms
 19: 81.118410ms
 20: 66.781484ms
 21: 66.660933ms
 22: 65.243540ms
 23: 68.074311ms
 24: 67.594682ms
 25: 67.269455ms
 26: 70.319999ms
 27: 65.360816ms
 28: 64.688001ms
 29: 66.479474ms
 30: 69.316113ms
 31: 68.576154ms
 32: 68.707787ms
 33: 68.640035ms
 34: 67.911582ms
 35: 65.876059ms
 36: 66.670432ms
 37: 66.630982ms
 38: 67.191501ms
 39: 67.530761ms
 40: 66.997893ms
 41: 68.900615ms
 42: 65.088103ms
 43: 68.263011ms
 44: 62.927853ms
 45: 65.994615ms
 46: 68.893155ms
 47: 66.811066ms
 48: 67.320434ms
 49: 60.879054ms


Measurements
--------------------------
FFT Size            : 347^3
Threads             : 36
Batch               : 1
Iterations          : 50
Avg Tot Runtime     : 68.210703 ms
Runtime per batch   : 68.210703 ms
SD                  : 4.503942 ms
Throughput          : 5.303535 GFLOPs
Plan Time           : 703.923879 sec
