Expm 2: Streaming FFTW
FFTW Plan: Patient
-- Cannot import wisdom from ../../wisdom/singlenode/all/593/fftw_593_t40_b1.patient
-- Exporting wisdom file to ../../wisdom/singlenode/all/593/fftw_593_t40_b1.patient
Iteration: 0, 1, 2, 3, 4, 5, 6, 7, 8, 9, 10, 11, 12, 13, 14, 15, 16, 17, 18, 19, 20, 21, 22, 23, 24, 25, 26, 27, 28, 29, 30, 31, 32, 33, 34, 35, 36, 37, 38, 39, 40, 41, 42, 43, 44, 45, 46, 47, 48, 49, 
Printing individual runtimes:
 0: 485.581240ms
 1: 294.150613ms
 2: 282.520289ms
 3: 287.689055ms
 4: 282.870132ms
 5: 281.016186ms
 6: 377.694541ms
 7: 492.615378ms
 8: 347.332345ms
 9: 262.866425ms
 10: 261.712662ms
 11: 252.350170ms
 12: 249.461228ms
 13: 250.520086ms
 14: 343.911414ms
 15: 448.440312ms
 16: 344.944300ms
 17: 257.945944ms
 18: 504.493900ms
 19: 414.281036ms
 20: 401.278684ms
 21: 489.347256ms
 22: 333.763593ms
 23: 267.859224ms
 24: 388.249039ms
 25: 370.364089ms
 26: 585.607032ms
 27: 546.501447ms
 28: 550.399057ms
 29: 520.004820ms
 30: 530.786020ms
 31: 488.502583ms
 32: 484.593985ms
 33: 500.087808ms
 34: 484.984750ms
 35: 469.513922ms
 36: 503.280314ms
 37: 488.339380ms
 38: 487.107924ms
 39: 485.457547ms
 40: 348.322290ms
 41: 357.315461ms
 42: 266.316597ms
 43: 491.171216ms
 44: 507.081158ms
 45: 447.986688ms
 46: 258.125780ms
 47: 294.003551ms
 48: 526.937860ms
 49: 331.851621ms


Measurements
--------------------------
FFT Size            : 593^3
Threads             : 40
Batch               : 1
Iterations          : 50
Avg Tot Runtime     : 398.550759 ms
Runtime per batch   : 398.550759 ms
SD                  : 103.634169 ms
Throughput          : 26.991874 GFLOPs
Plan Time           : 1014.291319 sec
