Expm 2: Streaming FFT

Printing individual runtimes:
 0: 0.206196ms
 1: 0.069187ms
 2: 0.076744ms
 3: 0.197327ms
 4: 0.093782ms
 5: 0.073109ms
 6: 0.069768ms
 7: 0.075350ms
 8: 0.074111ms
 9: 0.076395ms
 10: 0.236822ms
 11: 0.102079ms
 12: 0.070879ms
 13: 0.078229ms
 14: 0.207063ms
 15: 0.069544ms
 16: 0.074107ms
 17: 0.087115ms
 18: 0.067356ms
 19: 0.215736ms
 20: 0.078217ms
 21: 0.102933ms
 22: 0.104958ms
 23: 0.071241ms
 24: 0.230449ms
 25: 0.079427ms
 26: 0.102641ms
 27: 0.073777ms
 28: 0.216818ms
 29: 0.071403ms
 30: 0.071859ms
 31: 0.068328ms
 32: 0.097998ms
 33: 0.068043ms
 34: 0.079454ms
 35: 0.210356ms
 36: 0.078016ms
 37: 0.086607ms
 38: 0.080944ms
 39: 0.095196ms
 40: 0.217076ms
 41: 0.069804ms
 42: 0.079001ms
 43: 0.077815ms
 44: 0.082221ms
 45: 0.090824ms
 46: 0.085193ms
 47: 0.090991ms
 48: 0.214641ms
 49: 0.096429ms
 50: 0.107327ms
 51: 0.074789ms
 52: 0.078961ms
 53: 0.077004ms
 54: 0.067917ms
 55: 0.203576ms
 56: 0.097415ms
 57: 0.076146ms
 58: 0.071517ms
 59: 0.068961ms
 60: 0.069367ms
 61: 0.076590ms
 62: 0.098569ms
 63: 0.067880ms
 64: 0.064394ms
 65: 0.069679ms
 66: 0.068711ms
 67: 0.068393ms
 68: 0.074076ms
 69: 0.220391ms
 70: 0.069587ms
 71: 0.060203ms
 72: 0.097267ms
 73: 0.068575ms
 74: 0.069645ms
 75: 0.069004ms
 76: 0.102588ms
 77: 0.075310ms
 78: 0.075941ms
 79: 0.203739ms
 80: 0.093545ms
 81: 0.068567ms
 82: 0.069022ms
 83: 0.099665ms
 84: 0.095724ms
 85: 0.066632ms
 86: 0.108897ms
 87: 0.068817ms
 88: 0.070753ms
 89: 0.075812ms
 90: 0.069428ms
 91: 0.231960ms
 92: 0.111252ms
 93: 0.099450ms
 94: 0.068686ms
 95: 0.071334ms
 96: 0.069759ms
 97: 0.072010ms
 98: 0.081093ms
 99: 0.079543ms
 100: 0.078615ms
 101: 0.077098ms
 102: 0.071020ms
 103: 0.060618ms
 104: 0.070012ms
 105: 0.068448ms
 106: 0.076795ms
 107: 0.075464ms
 108: 0.078378ms
 109: 0.078383ms
 110: 0.077072ms
 111: 0.089960ms
 112: 0.057418ms
 113: 0.076607ms
 114: 0.094480ms
 115: 0.068554ms
 116: 0.065936ms
 117: 0.080919ms
 118: 0.073482ms
 119: 0.079460ms
 120: 0.061473ms
 121: 0.074324ms
 122: 0.076883ms
 123: 0.099052ms
 124: 0.224941ms
 125: 0.099452ms
 126: 0.056914ms
 127: 0.069723ms
 128: 0.066314ms
 129: 0.067480ms
 130: 0.074870ms
 131: 0.071714ms
 132: 0.075534ms
 133: 0.057537ms
 134: 0.056998ms
 135: 0.099204ms
 136: 0.061949ms
 137: 0.058558ms
 138: 0.111302ms
 139: 0.067342ms
 140: 0.097569ms
 141: 0.210498ms
 142: 0.068222ms
 143: 0.077034ms
 144: 0.073253ms
 145: 0.060805ms
 146: 0.075910ms
 147: 0.068781ms
 148: 0.075241ms
 149: 0.069337ms
 150: 0.068824ms
 151: 0.057592ms
 152: 0.067711ms
 153: 0.070154ms
 154: 0.071091ms
 155: 0.056688ms
 156: 0.069338ms
 157: 0.078784ms
 158: 0.076017ms
 159: 0.068442ms
 160: 0.066777ms
 161: 0.059360ms
 162: 0.083321ms
 163: 0.075168ms
 164: 0.173901ms
 165: 0.067098ms
 166: 0.077032ms
 167: 0.068368ms
 168: 0.066841ms
 169: 0.069741ms
 170: 0.070890ms
 171: 0.066172ms
 172: 0.059005ms
 173: 0.078471ms
 174: 0.079162ms
 175: 0.093505ms
 176: 0.094835ms
 177: 0.075057ms
 178: 0.064520ms
 179: 0.059585ms
 180: 0.066503ms
 181: 0.067856ms
 182: 0.075032ms
 183: 0.093516ms
 184: 0.079218ms
 185: 0.058116ms
 186: 0.075373ms
 187: 0.068458ms
 188: 0.066843ms
 189: 0.093121ms
 190: 0.072450ms
 191: 0.084284ms
 192: 0.062970ms
 193: 0.080776ms
 194: 0.068042ms
 195: 0.076511ms
 196: 0.067924ms
 197: 0.067677ms
 198: 0.076483ms
 199: 0.079093ms


-- Real : Q1: 50 Q2: 100 Q3: 150
-- Array: Q1: 49 Q2: 99 Q3: 149
Printing sorted runtimes:
 0: 0.059360ms
 1: 0.057592ms
 2: 0.059005ms
 3: 0.056688ms
 4: 0.058116ms
 5: 0.056914ms
 6: 0.057537ms
 7: 0.057418ms
 8: 0.056998ms
 9: 0.058558ms
 10: 0.066314ms
 11: 0.065936ms
 12: 0.064394ms
 13: 0.061949ms
 14: 0.066172ms
 15: 0.060203ms
 16: 0.061473ms
 17: 0.062970ms
 18: 0.064520ms
 19: 0.059585ms
 20: 0.060805ms
 21: 0.060618ms
 22: 0.067880ms
 23: 0.066843ms
 24: 0.066777ms
 25: 0.067677ms
 26: 0.067098ms
 27: 0.067711ms
 28: 0.067856ms
 29: 0.066841ms
 30: 0.067480ms
 31: 0.066632ms
 32: 0.066503ms
 33: 0.067356ms
 34: 0.067342ms
 35: 0.068567ms
 36: 0.068458ms
 37: 0.068328ms
 38: 0.068442ms
 39: 0.067924ms
 40: 0.068042ms
 41: 0.067917ms
 42: 0.068222ms
 43: 0.068043ms
 44: 0.068554ms
 45: 0.068393ms
 46: 0.068368ms
 47: 0.068448ms
 48: 0.068575ms
 49: 0.068686ms
 50: 0.068711ms
 51: 0.071714ms
 52: 0.069004ms
 53: 0.069022ms
 54: 0.068824ms
 55: 0.069337ms
 56: 0.068817ms
 57: 0.069587ms
 58: 0.069428ms
 59: 0.068961ms
 60: 0.069367ms
 61: 0.068781ms
 62: 0.069338ms
 63: 0.069544ms
 64: 0.069187ms
 65: 0.069679ms
 66: 0.069723ms
 67: 0.069645ms
 68: 0.069768ms
 69: 0.071517ms
 70: 0.070879ms
 71: 0.070012ms
 72: 0.071091ms
 73: 0.071241ms
 74: 0.071020ms
 75: 0.069759ms
 76: 0.070154ms
 77: 0.071334ms
 78: 0.071403ms
 79: 0.070753ms
 80: 0.069741ms
 81: 0.069804ms
 82: 0.070890ms
 83: 0.074107ms
 84: 0.072450ms
 85: 0.073482ms
 86: 0.074076ms
 87: 0.073109ms
 88: 0.073253ms
 89: 0.072010ms
 90: 0.071859ms
 91: 0.073777ms
 92: 0.074870ms
 93: 0.074324ms
 94: 0.074789ms
 95: 0.074111ms
 96: 0.075241ms
 97: 0.075032ms
 98: 0.075168ms
 99: 0.075057ms
 100: 0.075310ms
 101: 0.078615ms
 102: 0.075373ms
 103: 0.075464ms
 104: 0.075534ms
 105: 0.075812ms
 106: 0.075910ms
 107: 0.075941ms
 108: 0.076017ms
 109: 0.076395ms
 110: 0.076483ms
 111: 0.076146ms
 112: 0.076511ms
 113: 0.076607ms
 114: 0.076590ms
 115: 0.076744ms
 116: 0.076795ms
 117: 0.078229ms
 118: 0.077072ms
 119: 0.078383ms
 120: 0.078378ms
 121: 0.078471ms
 122: 0.076883ms
 123: 0.078217ms
 124: 0.077004ms
 125: 0.077098ms
 126: 0.077034ms
 127: 0.077032ms
 128: 0.078016ms
 129: 0.077815ms
 130: 0.075350ms
 131: 0.079454ms
 132: 0.079001ms
 133: 0.078961ms
 134: 0.078784ms
 135: 0.079093ms
 136: 0.079218ms
 137: 0.079162ms
 138: 0.079427ms
 139: 0.082221ms
 140: 0.080944ms
 141: 0.079460ms
 142: 0.080776ms
 143: 0.079543ms
 144: 0.081093ms
 145: 0.080919ms
 146: 0.084284ms
 147: 0.083321ms
 148: 0.086607ms
 149: 0.085193ms
 150: 0.087115ms
 151: 0.089960ms
 152: 0.090824ms
 153: 0.093516ms
 154: 0.090991ms
 155: 0.093505ms
 156: 0.093545ms
 157: 0.093782ms
 158: 0.094480ms
 159: 0.093121ms
 160: 0.099052ms
 161: 0.097415ms
 162: 0.098569ms
 163: 0.096429ms
 164: 0.094835ms
 165: 0.097998ms
 166: 0.097267ms
 167: 0.095724ms
 168: 0.099450ms
 169: 0.097569ms
 170: 0.099452ms
 171: 0.099204ms
 172: 0.095196ms
 173: 0.217076ms
 174: 0.224941ms
 175: 0.214641ms
 176: 0.173901ms
 177: 0.107327ms
 178: 0.210356ms
 179: 0.203576ms
 180: 0.220391ms
 181: 0.216818ms
 182: 0.102641ms
 183: 0.102588ms
 184: 0.203739ms
 185: 0.099665ms
 186: 0.230449ms
 187: 0.104958ms
 188: 0.102933ms
 189: 0.108897ms
 190: 0.215736ms
 191: 0.231960ms
 192: 0.111252ms
 193: 0.206196ms
 194: 0.207063ms
 195: 0.102079ms
 196: 0.236822ms
 197: 0.210498ms
 198: 0.197327ms
 199: 0.111302ms


Measurements
--------------------------
FFT Size            : 39^3
Threads             : 23
Batch               : 1
Iterations          : 200
Avg Tot Runtime     : 0.087898 ms
Runtime per batch   : 0.087898 ms
SD                  : 0.040072 ms
Q1                  : 0.068686 ms
Median              : 0.075183 ms
Q3                  : 0.085193 ms
