Expm 2: Streaming FFT

Printing individual runtimes:
 0: 0.237511ms
 1: 0.103257ms
 2: 0.103424ms
 3: 0.173093ms
 4: 0.101163ms
 5: 0.171604ms
 6: 0.105171ms
 7: 0.168094ms
 8: 0.071773ms
 9: 0.104782ms
 10: 0.104955ms
 11: 0.182196ms
 12: 0.109280ms
 13: 0.107816ms
 14: 0.140944ms
 15: 0.103521ms
 16: 0.185535ms
 17: 0.100232ms
 18: 0.166023ms
 19: 0.097574ms
 20: 0.102418ms
 21: 0.095573ms
 22: 0.100408ms
 23: 0.172931ms
 24: 0.097935ms
 25: 0.099895ms
 26: 0.153771ms
 27: 0.096045ms
 28: 0.101120ms
 29: 0.101461ms
 30: 0.166429ms
 31: 0.101773ms
 32: 0.097783ms
 33: 0.093576ms
 34: 0.147975ms
 35: 0.100067ms
 36: 0.103108ms
 37: 0.099568ms
 38: 0.199974ms
 39: 0.113091ms
 40: 0.093677ms
 41: 0.101081ms
 42: 0.163436ms
 43: 0.099763ms
 44: 0.110677ms
 45: 0.099414ms
 46: 0.090330ms
 47: 0.098796ms
 48: 0.184431ms
 49: 0.100848ms
 50: 0.086777ms
 51: 0.108201ms
 52: 0.102267ms
 53: 0.097877ms
 54: 0.102861ms
 55: 0.151963ms
 56: 0.102041ms
 57: 0.089590ms
 58: 0.093208ms
 59: 0.106775ms
 60: 0.165307ms
 61: 0.091619ms
 62: 0.102372ms
 63: 0.106701ms
 64: 0.099588ms
 65: 0.098608ms
 66: 0.156638ms
 67: 0.103483ms
 68: 0.092071ms
 69: 0.102721ms
 70: 0.100725ms
 71: 0.102291ms
 72: 0.094830ms
 73: 0.096929ms
 74: 0.168688ms
 75: 0.102243ms
 76: 0.102598ms
 77: 0.107445ms
 78: 0.105185ms
 79: 0.102713ms
 80: 0.153193ms
 81: 0.103451ms
 82: 0.105474ms
 83: 0.098794ms
 84: 0.099462ms
 85: 0.095653ms
 86: 0.099474ms
 87: 0.100524ms
 88: 0.162381ms
 89: 0.100343ms
 90: 0.096816ms
 91: 0.092127ms
 92: 0.096061ms
 93: 0.100630ms
 94: 0.103107ms
 95: 0.098765ms
 96: 0.101760ms
 97: 0.162723ms
 98: 0.103249ms
 99: 0.099183ms
 100: 0.100164ms
 101: 0.101883ms
 102: 0.097337ms
 103: 0.100954ms
 104: 0.098169ms
 105: 0.095351ms
 106: 0.099707ms
 107: 0.090334ms
 108: 0.091483ms
 109: 0.094012ms
 110: 0.097157ms
 111: 0.104053ms
 112: 0.099074ms
 113: 0.098104ms
 114: 0.175075ms
 115: 0.103022ms
 116: 0.101790ms
 117: 0.097000ms
 118: 0.091248ms
 119: 0.096358ms
 120: 0.104943ms
 121: 0.100917ms
 122: 0.087591ms
 123: 0.102827ms
 124: 0.097145ms
 125: 0.098424ms
 126: 0.097597ms
 127: 0.103674ms
 128: 0.105995ms
 129: 0.151593ms
 130: 0.099487ms
 131: 0.100878ms
 132: 0.099389ms
 133: 0.102191ms
 134: 0.097924ms
 135: 0.107073ms
 136: 0.100627ms
 137: 0.098903ms
 138: 0.103132ms
 139: 0.123603ms
 140: 0.098474ms
 141: 0.089547ms
 142: 0.094598ms
 143: 0.103173ms
 144: 0.194302ms
 145: 0.105880ms
 146: 0.093542ms
 147: 0.101483ms
 148: 0.104803ms
 149: 0.100439ms
 150: 0.087341ms
 151: 0.094080ms
 152: 0.094838ms
 153: 0.099845ms
 154: 0.100831ms
 155: 0.101589ms
 156: 0.113460ms
 157: 0.100413ms
 158: 0.089193ms
 159: 0.088229ms
 160: 0.098996ms
 161: 0.103356ms
 162: 0.096991ms
 163: 0.100068ms
 164: 0.098023ms
 165: 0.167790ms
 166: 0.108985ms
 167: 0.098137ms
 168: 0.097370ms
 169: 0.097979ms
 170: 0.098075ms
 171: 0.100735ms
 172: 0.111584ms
 173: 0.096135ms
 174: 0.098943ms
 175: 0.100300ms
 176: 0.097647ms
 177: 0.102805ms
 178: 0.101045ms
 179: 0.098604ms
 180: 0.101529ms
 181: 0.098502ms
 182: 0.098720ms
 183: 0.100421ms
 184: 0.104600ms
 185: 0.165157ms
 186: 0.097414ms
 187: 0.120898ms
 188: 0.095303ms
 189: 0.097798ms
 190: 0.098920ms
 191: 0.104152ms
 192: 0.102839ms
 193: 0.098926ms
 194: 0.101321ms
 195: 0.109965ms
 196: 0.098075ms
 197: 0.096972ms
 198: 0.098521ms
 199: 0.103247ms


-- Real : Q1: 50 Q2: 100 Q3: 150
-- Array: Q1: 49 Q2: 99 Q3: 149
Printing sorted runtimes:
 0: 0.090334ms
 1: 0.088229ms
 2: 0.089193ms
 3: 0.089590ms
 4: 0.086777ms
 5: 0.090330ms
 6: 0.089547ms
 7: 0.087341ms
 8: 0.071773ms
 9: 0.087591ms
 10: 0.096135ms
 11: 0.095303ms
 12: 0.092071ms
 13: 0.094830ms
 14: 0.091619ms
 15: 0.093208ms
 16: 0.094838ms
 17: 0.095653ms
 18: 0.094080ms
 19: 0.092127ms
 20: 0.096061ms
 21: 0.095573ms
 22: 0.091248ms
 23: 0.093677ms
 24: 0.094598ms
 25: 0.093542ms
 26: 0.095351ms
 27: 0.096045ms
 28: 0.093576ms
 29: 0.094012ms
 30: 0.091483ms
 31: 0.097783ms
 32: 0.096972ms
 33: 0.097157ms
 34: 0.097647ms
 35: 0.097145ms
 36: 0.096929ms
 37: 0.097337ms
 38: 0.097597ms
 39: 0.097370ms
 40: 0.097000ms
 41: 0.097414ms
 42: 0.096358ms
 43: 0.097574ms
 44: 0.096991ms
 45: 0.096816ms
 46: 0.097877ms
 47: 0.097798ms
 48: 0.097935ms
 49: 0.097924ms
 50: 0.097979ms
 51: 0.100421ms
 52: 0.098075ms
 53: 0.098424ms
 54: 0.098169ms
 55: 0.098137ms
 56: 0.098104ms
 57: 0.098075ms
 58: 0.098502ms
 59: 0.098474ms
 60: 0.098521ms
 61: 0.098720ms
 62: 0.098794ms
 63: 0.098604ms
 64: 0.098796ms
 65: 0.098608ms
 66: 0.098765ms
 67: 0.098903ms
 68: 0.098996ms
 69: 0.099389ms
 70: 0.099487ms
 71: 0.098926ms
 72: 0.099588ms
 73: 0.098920ms
 74: 0.100068ms
 75: 0.098023ms
 76: 0.100232ms
 77: 0.100413ms
 78: 0.100408ms
 79: 0.099895ms
 80: 0.099074ms
 81: 0.099845ms
 82: 0.100300ms
 83: 0.099707ms
 84: 0.099462ms
 85: 0.100067ms
 86: 0.099474ms
 87: 0.099568ms
 88: 0.100164ms
 89: 0.100343ms
 90: 0.099414ms
 91: 0.099763ms
 92: 0.099183ms
 93: 0.098943ms
 94: 0.100630ms
 95: 0.100524ms
 96: 0.100627ms
 97: 0.100439ms
 98: 0.100725ms
 99: 0.100735ms
 100: 0.100831ms
 101: 0.103356ms
 102: 0.100848ms
 103: 0.100954ms
 104: 0.101045ms
 105: 0.100878ms
 106: 0.101081ms
 107: 0.101163ms
 108: 0.101120ms
 109: 0.101461ms
 110: 0.101773ms
 111: 0.101483ms
 112: 0.102041ms
 113: 0.101321ms
 114: 0.101529ms
 115: 0.101883ms
 116: 0.101790ms
 117: 0.101760ms
 118: 0.101589ms
 119: 0.102191ms
 120: 0.102418ms
 121: 0.103022ms
 122: 0.102598ms
 123: 0.102827ms
 124: 0.102713ms
 125: 0.102243ms
 126: 0.102372ms
 127: 0.102839ms
 128: 0.102291ms
 129: 0.102805ms
 130: 0.102861ms
 131: 0.102267ms
 132: 0.102721ms
 133: 0.103107ms
 134: 0.103173ms
 135: 0.103132ms
 136: 0.103108ms
 137: 0.103247ms
 138: 0.103257ms
 139: 0.100917ms
 140: 0.103249ms
 141: 0.104053ms
 142: 0.103674ms
 143: 0.103483ms
 144: 0.103451ms
 145: 0.103521ms
 146: 0.103424ms
 147: 0.104782ms
 148: 0.104600ms
 149: 0.104152ms
 150: 0.104803ms
 151: 0.104943ms
 152: 0.105474ms
 153: 0.104955ms
 154: 0.105880ms
 155: 0.105185ms
 156: 0.105171ms
 157: 0.105995ms
 158: 0.109965ms
 159: 0.107445ms
 160: 0.156638ms
 161: 0.162723ms
 162: 0.106701ms
 163: 0.113460ms
 164: 0.106775ms
 165: 0.153193ms
 166: 0.108985ms
 167: 0.151963ms
 168: 0.108201ms
 169: 0.123603ms
 170: 0.110677ms
 171: 0.162381ms
 172: 0.111584ms
 173: 0.113091ms
 174: 0.120898ms
 175: 0.147975ms
 176: 0.109280ms
 177: 0.153771ms
 178: 0.107073ms
 179: 0.107816ms
 180: 0.140944ms
 181: 0.151593ms
 182: 0.185535ms
 183: 0.166023ms
 184: 0.172931ms
 185: 0.165157ms
 186: 0.166429ms
 187: 0.199974ms
 188: 0.182196ms
 189: 0.163436ms
 190: 0.184431ms
 191: 0.167790ms
 192: 0.168094ms
 193: 0.165307ms
 194: 0.171604ms
 195: 0.168688ms
 196: 0.173093ms
 197: 0.194302ms
 198: 0.175075ms
 199: 0.237511ms


Measurements
--------------------------
FFT Size            : 39^3
Threads             : 35
Batch               : 1
Iterations          : 200
Avg Tot Runtime     : 0.109409 ms
Runtime per batch   : 0.109409 ms
SD                  : 0.025472 ms
Q1                  : 0.097924 ms
Median              : 0.100783 ms
Q3                  : 0.104152 ms
