Expm 2: Streaming FFT

Printing individual runtimes:
 0: 0.249501ms
 1: 0.075903ms
 2: 0.090308ms
 3: 0.303891ms
 4: 0.073188ms
 5: 1.058793ms
 6: 0.067594ms
 7: 0.210282ms
 8: 0.073695ms
 9: 0.265684ms
 10: 0.059317ms
 11: 0.232546ms
 12: 0.069356ms
 13: 0.080555ms
 14: 0.429030ms
 15: 0.077699ms
 16: 0.067630ms
 17: 0.053759ms
 18: 0.221140ms
 19: 0.057365ms
 20: 0.051883ms
 21: 3.834991ms
 22: 0.051390ms
 23: 0.246944ms
 24: 0.061646ms
 25: 0.057086ms
 26: 0.054755ms
 27: 0.057417ms
 28: 0.051367ms
 29: 0.054769ms
 30: 0.057468ms
 31: 0.048974ms
 32: 0.241493ms
 33: 0.076134ms
 34: 0.051061ms
 35: 0.059421ms
 36: 0.058349ms
 37: 0.065090ms
 38: 0.061593ms
 39: 0.050219ms
 40: 0.058910ms
 41: 0.060067ms
 42: 0.259016ms
 43: 0.053896ms
 44: 0.055171ms
 45: 0.077735ms
 46: 0.058242ms
 47: 0.046313ms
 48: 0.057241ms
 49: 0.066539ms
 50: 0.050349ms
 51: 0.073529ms
 52: 0.082168ms
 53: 0.065719ms
 54: 0.062239ms
 55: 0.052988ms
 56: 0.072897ms
 57: 0.060144ms
 58: 0.054236ms
 59: 0.057110ms
 60: 0.175068ms
 61: 0.059953ms
 62: 0.069112ms
 63: 0.061057ms
 64: 0.057222ms
 65: 0.056883ms
 66: 0.056981ms
 67: 0.046461ms
 68: 0.062757ms
 69: 0.061992ms
 70: 0.082400ms
 71: 0.053186ms
 72: 0.047834ms
 73: 0.050174ms
 74: 0.048450ms
 75: 0.065171ms
 76: 0.055213ms
 77: 0.038801ms
 78: 0.069946ms
 79: 0.277568ms
 80: 0.058406ms
 81: 0.073812ms
 82: 0.052750ms
 83: 0.056406ms
 84: 0.060051ms
 85: 0.054124ms
 86: 0.069930ms
 87: 0.059845ms
 88: 0.054491ms
 89: 0.059601ms
 90: 0.074994ms
 91: 0.056714ms
 92: 0.055299ms
 93: 0.053118ms
 94: 0.063724ms
 95: 0.056451ms
 96: 0.075819ms
 97: 0.053133ms
 98: 0.070946ms
 99: 0.055655ms
 100: 0.050461ms
 101: 0.057928ms
 102: 0.053915ms
 103: 0.055910ms
 104: 0.048038ms
 105: 0.057095ms
 106: 0.056492ms
 107: 0.056117ms
 108: 0.051629ms
 109: 0.058803ms
 110: 0.054769ms
 111: 0.072456ms
 112: 0.048664ms
 113: 0.065607ms
 114: 0.074672ms
 115: 0.062483ms
 116: 0.060432ms
 117: 0.184652ms
 118: 0.055274ms
 119: 0.056178ms
 120: 0.058084ms
 121: 0.075115ms
 122: 0.052646ms
 123: 0.073255ms
 124: 0.068278ms
 125: 0.058041ms
 126: 0.055171ms
 127: 0.040377ms
 128: 0.050207ms
 129: 0.076890ms
 130: 0.064465ms
 131: 0.057744ms
 132: 0.073752ms
 133: 0.059659ms
 134: 0.060721ms
 135: 0.057378ms
 136: 0.057441ms
 137: 0.056884ms
 138: 0.058428ms
 139: 0.057441ms
 140: 0.056044ms
 141: 0.053404ms
 142: 0.061356ms
 143: 0.060485ms
 144: 0.058202ms
 145: 0.059330ms
 146: 0.053888ms
 147: 0.073473ms
 148: 0.068592ms
 149: 0.058129ms
 150: 0.057655ms
 151: 0.052959ms
 152: 0.055244ms
 153: 0.073229ms
 154: 0.223622ms
 155: 0.053004ms
 156: 0.060157ms
 157: 0.056159ms
 158: 0.050963ms
 159: 0.061151ms
 160: 0.075401ms
 161: 1.752744ms
 162: 0.060825ms
 163: 0.056043ms
 164: 0.078708ms
 165: 0.061252ms
 166: 0.075361ms
 167: 0.051047ms
 168: 0.051026ms
 169: 0.056291ms
 170: 0.061540ms
 171: 0.044732ms
 172: 0.076675ms
 173: 0.070370ms
 174: 0.071418ms
 175: 0.056631ms
 176: 0.052205ms
 177: 0.068252ms
 178: 0.055594ms
 179: 0.058497ms
 180: 0.074043ms
 181: 0.058818ms
 182: 0.066818ms
 183: 0.051327ms
 184: 0.075138ms
 185: 0.047778ms
 186: 0.063586ms
 187: 0.049112ms
 188: 0.063169ms
 189: 0.056141ms
 190: 0.071919ms
 191: 0.053596ms
 192: 0.050283ms
 193: 0.055893ms
 194: 0.059651ms
 195: 0.071117ms
 196: 0.052948ms
 197: 0.057309ms
 198: 0.073579ms
 199: 0.070194ms


-- Real : Q1: 50 Q2: 100 Q3: 150
-- Array: Q1: 49 Q2: 99 Q3: 149
Printing sorted runtimes:
 0: 0.053888ms
 1: 0.052750ms
 2: 0.052948ms
 3: 0.053404ms
 4: 0.038801ms
 5: 0.050283ms
 6: 0.048450ms
 7: 0.053596ms
 8: 0.050174ms
 9: 0.047834ms
 10: 0.050207ms
 11: 0.049112ms
 12: 0.040377ms
 13: 0.053186ms
 14: 0.047778ms
 15: 0.051327ms
 16: 0.052959ms
 17: 0.053759ms
 18: 0.052646ms
 19: 0.051047ms
 20: 0.051883ms
 21: 0.046461ms
 22: 0.051390ms
 23: 0.053118ms
 24: 0.053004ms
 25: 0.051026ms
 26: 0.052988ms
 27: 0.048664ms
 28: 0.051367ms
 29: 0.053133ms
 30: 0.050963ms
 31: 0.048974ms
 32: 0.044732ms
 33: 0.050349ms
 34: 0.051061ms
 35: 0.051629ms
 36: 0.050461ms
 37: 0.046313ms
 38: 0.052205ms
 39: 0.050219ms
 40: 0.048038ms
 41: 0.055171ms
 42: 0.054236ms
 43: 0.053896ms
 44: 0.054755ms
 45: 0.054769ms
 46: 0.053915ms
 47: 0.054124ms
 48: 0.054769ms
 49: 0.054491ms
 50: 0.055171ms
 51: 0.058041ms
 52: 0.055655ms
 53: 0.055299ms
 54: 0.055244ms
 55: 0.055594ms
 56: 0.055274ms
 57: 0.055910ms
 58: 0.056043ms
 59: 0.055893ms
 60: 0.056451ms
 61: 0.056291ms
 62: 0.056159ms
 63: 0.056714ms
 64: 0.056406ms
 65: 0.056883ms
 66: 0.056981ms
 67: 0.056178ms
 68: 0.056117ms
 69: 0.056492ms
 70: 0.056631ms
 71: 0.057086ms
 72: 0.056884ms
 73: 0.056141ms
 74: 0.056044ms
 75: 0.057222ms
 76: 0.057110ms
 77: 0.057241ms
 78: 0.057309ms
 79: 0.057095ms
 80: 0.057441ms
 81: 0.057441ms
 82: 0.057378ms
 83: 0.057744ms
 84: 0.057655ms
 85: 0.055213ms
 86: 0.057365ms
 87: 0.057417ms
 88: 0.057468ms
 89: 0.057928ms
 90: 0.058497ms
 91: 0.058242ms
 92: 0.058428ms
 93: 0.058084ms
 94: 0.058202ms
 95: 0.058406ms
 96: 0.058349ms
 97: 0.058129ms
 98: 0.058803ms
 99: 0.058818ms
 100: 0.058910ms
 101: 0.061540ms
 102: 0.060721ms
 103: 0.060067ms
 104: 0.061057ms
 105: 0.059659ms
 106: 0.059651ms
 107: 0.060485ms
 108: 0.059421ms
 109: 0.060144ms
 110: 0.060051ms
 111: 0.059317ms
 112: 0.059845ms
 113: 0.059953ms
 114: 0.060157ms
 115: 0.059330ms
 116: 0.060432ms
 117: 0.060825ms
 118: 0.059601ms
 119: 0.061151ms
 120: 0.061356ms
 121: 0.061252ms
 122: 0.067630ms
 123: 0.061646ms
 124: 0.066818ms
 125: 0.061992ms
 126: 0.063586ms
 127: 0.063724ms
 128: 0.062757ms
 129: 0.062483ms
 130: 0.064465ms
 131: 0.065171ms
 132: 0.065090ms
 133: 0.061593ms
 134: 0.066539ms
 135: 0.065607ms
 136: 0.062239ms
 137: 0.063169ms
 138: 0.067594ms
 139: 0.065719ms
 140: 0.070194ms
 141: 0.069930ms
 142: 0.069946ms
 143: 0.068252ms
 144: 0.069356ms
 145: 0.069112ms
 146: 0.068278ms
 147: 0.068592ms
 148: 0.070370ms
 149: 0.070946ms
 150: 0.071117ms
 151: 0.071418ms
 152: 0.071919ms
 153: 0.073188ms
 154: 0.072456ms
 155: 0.072897ms
 156: 0.073529ms
 157: 0.073579ms
 158: 0.073229ms
 159: 0.073695ms
 160: 0.073255ms
 161: 0.073752ms
 162: 0.073473ms
 163: 0.073812ms
 164: 0.074994ms
 165: 0.075401ms
 166: 0.075361ms
 167: 0.075819ms
 168: 0.075138ms
 169: 0.074672ms
 170: 0.074043ms
 171: 0.075903ms
 172: 0.076675ms
 173: 0.075115ms
 174: 0.076890ms
 175: 0.076134ms
 176: 0.259016ms
 177: 0.077735ms
 178: 0.241493ms
 179: 0.246944ms
 180: 0.082168ms
 181: 3.834991ms
 182: 0.221140ms
 183: 0.077699ms
 184: 0.175068ms
 185: 0.429030ms
 186: 0.080555ms
 187: 0.232546ms
 188: 0.265684ms
 189: 0.082400ms
 190: 0.277568ms
 191: 0.210282ms
 192: 1.058793ms
 193: 0.078708ms
 194: 0.303891ms
 195: 1.752744ms
 196: 0.090308ms
 197: 0.184652ms
 198: 0.223622ms
 199: 0.249501ms


Measurements
--------------------------
FFT Size            : 39^3
Threads             : 40
Batch               : 1
Iterations          : 200
Avg Tot Runtime     : 0.106215 ms
Runtime per batch   : 0.106215 ms
SD                  : 0.302191 ms
Q1                  : 0.054491 ms
Median              : 0.058864 ms
Q3                  : 0.070946 ms
