Expm 2: Streaming FFTW
FFTW Plan: Patient
-- Cannot import wisdom from ../../wisdom/singlenode/all/583/fftw_583_t39_b1.patient
-- Exporting wisdom file to ../../wisdom/singlenode/all/583/fftw_583_t39_b1.patient
Iteration: 0, 1, 2, 3, 4, 5, 6, 7, 8, 9, 10, 11, 12, 13, 14, 15, 16, 17, 18, 19, 20, 21, 22, 23, 24, 25, 26, 27, 28, 29, 30, 31, 32, 33, 34, 35, 36, 37, 38, 39, 40, 41, 42, 43, 44, 45, 46, 47, 48, 49, 
Printing individual runtimes:
 0: 442.732545ms
 1: 430.865547ms
 2: 430.035305ms
 3: 433.566884ms
 4: 838.522770ms
 5: 658.032509ms
 6: 531.011525ms
 7: 434.248575ms
 8: 430.260546ms
 9: 891.445716ms
 10: 431.756936ms
 11: 432.573597ms
 12: 700.128962ms
 13: 841.796770ms
 14: 488.998974ms
 15: 432.988974ms
 16: 432.813143ms
 17: 431.086103ms
 18: 429.781981ms
 19: 433.175332ms
 20: 430.936007ms
 21: 430.914857ms
 22: 431.164393ms
 23: 431.827890ms
 24: 432.632213ms
 25: 431.967876ms
 26: 431.902402ms
 27: 430.434377ms
 28: 432.299047ms
 29: 432.362668ms
 30: 432.750378ms
 31: 447.347613ms
 32: 469.741429ms
 33: 438.970210ms
 34: 919.293982ms
 35: 649.016937ms
 36: 423.477970ms
 37: 426.867102ms
 38: 517.279566ms
 39: 424.137474ms
 40: 424.564097ms
 41: 427.522855ms
 42: 891.810586ms
 43: 772.349223ms
 44: 429.602243ms
 45: 440.163336ms
 46: 619.104647ms
 47: 822.971966ms
 48: 818.494392ms
 49: 769.031136ms


Measurements
--------------------------
FFT Size            : 583^3
Threads             : 39
Batch               : 1
Iterations          : 50
Avg Tot Runtime     : 529.135231 ms
Runtime per batch   : 529.135231 ms
SD                  : 160.040278 ms
Throughput          : 32.758947 GFLOPs
Plan Time           : 581.991706 sec
