Expm 2: Streaming FFTW
FFTW Plan: Patient
-- Cannot import wisdom from ../../wisdom/singlenode/all/397/fftw_397_t38_b1.patient
-- Exporting wisdom file to ../../wisdom/singlenode/all/397/fftw_397_t38_b1.patient
Iteration: 0, 1, 2, 3, 4, 5, 6, 7, 8, 9, 10, 11, 12, 13, 14, 15, 16, 17, 18, 19, 20, 21, 22, 23, 24, 25, 26, 27, 28, 29, 30, 31, 32, 33, 34, 35, 36, 37, 38, 39, 40, 41, 42, 43, 44, 45, 46, 47, 48, 49, 
Printing individual runtimes:
 0: 86.200795ms
 1: 86.016438ms
 2: 85.907510ms
 3: 86.974820ms
 4: 87.358411ms
 5: 86.848052ms
 6: 87.349858ms
 7: 87.231025ms
 8: 87.370985ms
 9: 87.426843ms
 10: 87.247753ms
 11: 87.010630ms
 12: 87.316781ms
 13: 86.594224ms
 14: 86.974012ms
 15: 86.754423ms
 16: 86.752910ms
 17: 86.764602ms
 18: 87.647754ms
 19: 87.289124ms
 20: 87.136413ms
 21: 89.703494ms
 22: 87.586914ms
 23: 89.662637ms
 24: 86.700514ms
 25: 86.966561ms
 26: 86.282935ms
 27: 137.925236ms
 28: 127.503288ms
 29: 85.785570ms
 30: 85.955166ms
 31: 86.440903ms
 32: 85.878279ms
 33: 86.094317ms
 34: 85.893307ms
 35: 86.025336ms
 36: 88.565686ms
 37: 138.932042ms
 38: 108.426899ms
 39: 87.593121ms
 40: 95.724004ms
 41: 85.895418ms
 42: 86.370945ms
 43: 86.424278ms
 44: 86.349648ms
 45: 86.366694ms
 46: 86.438300ms
 47: 86.546324ms
 48: 86.441709ms
 49: 86.179730ms


Measurements
--------------------------
FFT Size            : 397^3
Threads             : 38
Batch               : 1
Iterations          : 50
Avg Tot Runtime     : 90.336652 ms
Runtime per batch   : 90.336652 ms
SD                  : 11.784248 ms
Throughput          : 7.871693 GFLOPs
Plan Time           : 411.839275 sec
