Expm 2: Streaming FFTW
FFTW Plan: Patient
-- Cannot import wisdom from ../../wisdom/singlenode/all/353/fftw_353_t37_b1.patient
-- Exporting wisdom file to ../../wisdom/singlenode/all/353/fftw_353_t37_b1.patient
Iteration: 0, 1, 2, 3, 4, 5, 6, 7, 8, 9, 10, 11, 12, 13, 14, 15, 16, 17, 18, 19, 20, 21, 22, 23, 24, 25, 26, 27, 28, 29, 30, 31, 32, 33, 34, 35, 36, 37, 38, 39, 40, 41, 42, 43, 44, 45, 46, 47, 48, 49, 
Printing individual runtimes:
 0: 72.876101ms
 1: 72.299184ms
 2: 71.916853ms
 3: 63.861004ms
 4: 67.672768ms
 5: 69.172390ms
 6: 69.130422ms
 7: 131.846079ms
 8: 121.410916ms
 9: 69.740200ms
 10: 68.855734ms
 11: 70.518904ms
 12: 70.679986ms
 13: 68.219223ms
 14: 71.863385ms
 15: 70.572191ms
 16: 68.840913ms
 17: 70.867067ms
 18: 70.003252ms
 19: 68.978444ms
 20: 69.025459ms
 21: 69.719904ms
 22: 108.366436ms
 23: 70.121741ms
 24: 69.943576ms
 25: 68.823237ms
 26: 67.168238ms
 27: 71.605518ms
 28: 68.584861ms
 29: 69.110513ms
 30: 117.524040ms
 31: 70.294842ms
 32: 69.054998ms
 33: 68.932269ms
 34: 68.919000ms
 35: 69.593291ms
 36: 69.599874ms
 37: 70.984969ms
 38: 74.716284ms
 39: 69.312541ms
 40: 68.735265ms
 41: 68.245938ms
 42: 82.420571ms
 43: 68.642770ms
 44: 69.532989ms
 45: 69.804466ms
 46: 68.840192ms
 47: 69.797576ms
 48: 68.666418ms
 49: 67.326839ms


Measurements
--------------------------
FFT Size            : 353^3
Threads             : 37
Batch               : 1
Iterations          : 50
Avg Tot Runtime     : 73.854793 ms
Runtime per batch   : 73.854793 ms
SD                  : 13.959970 ms
Throughput          : 5.515444 GFLOPs
Plan Time           : 621.746372 sec
