Expm 2: Streaming FFTW
FFTW Plan: Patient
-- Cannot import wisdom from ../../wisdom/singlenode/all/646/fftw_646_t39_b1.patient
-- Exporting wisdom file to ../../wisdom/singlenode/all/646/fftw_646_t39_b1.patient
Iteration: 0, 1, 2, 3, 4, 5, 6, 7, 8, 9, 10, 11, 12, 13, 14, 15, 16, 17, 18, 19, 20, 21, 22, 23, 24, 25, 26, 27, 28, 29, 30, 31, 32, 33, 34, 35, 36, 37, 38, 39, 40, 41, 42, 43, 44, 45, 46, 47, 48, 49, 
Printing individual runtimes:
 0: 517.737394ms
 1: 745.719009ms
 2: 522.021559ms
 3: 520.915221ms
 4: 1037.063350ms
 5: 990.544225ms
 6: 520.053775ms
 7: 944.605544ms
 8: 1011.863699ms
 9: 687.647142ms
 10: 952.167634ms
 11: 535.714993ms
 12: 522.259596ms
 13: 980.064033ms
 14: 526.429270ms
 15: 1050.475229ms
 16: 983.290995ms
 17: 535.316722ms
 18: 1144.595951ms
 19: 650.001271ms
 20: 527.560361ms
 21: 527.904776ms
 22: 525.140942ms
 23: 518.579150ms
 24: 1031.248508ms
 25: 693.486485ms
 26: 518.155993ms
 27: 520.522877ms
 28: 521.515793ms
 29: 520.745665ms
 30: 520.304113ms
 31: 520.921473ms
 32: 520.164846ms
 33: 517.801503ms
 34: 518.436490ms
 35: 574.363095ms
 36: 520.965924ms
 37: 636.142723ms
 38: 940.109637ms
 39: 521.589055ms
 40: 520.516841ms
 41: 604.478532ms
 42: 550.660921ms
 43: 522.543388ms
 44: 519.578432ms
 45: 520.640799ms
 46: 518.147523ms
 47: 678.469124ms
 48: 521.976494ms
 49: 522.282750ms


Measurements
--------------------------
FFT Size            : 646^3
Threads             : 39
Batch               : 1
Iterations          : 50
Avg Tot Runtime     : 651.068817 ms
Runtime per batch   : 651.068817 ms
SD                  : 197.529865 ms
Throughput          : 43.268575 GFLOPs
Plan Time           : 1196.725350 sec
