Expm 2: Streaming FFTW
FFTW Plan: Patient
-- Cannot import wisdom from ../../wisdom/singlenode/all/389/fftw_389_t40_b1.patient
-- Exporting wisdom file to ../../wisdom/singlenode/all/389/fftw_389_t40_b1.patient
Iteration: 0, 1, 2, 3, 4, 5, 6, 7, 8, 9, 10, 11, 12, 13, 14, 15, 16, 17, 18, 19, 20, 21, 22, 23, 24, 25, 26, 27, 28, 29, 30, 31, 32, 33, 34, 35, 36, 37, 38, 39, 40, 41, 42, 43, 44, 45, 46, 47, 48, 49, 
Printing individual runtimes:
 0: 89.923964ms
 1: 77.694982ms
 2: 77.716888ms
 3: 119.835057ms
 4: 78.003887ms
 5: 78.091296ms
 6: 78.476441ms
 7: 77.731703ms
 8: 78.556831ms
 9: 77.638418ms
 10: 78.037793ms
 11: 77.843500ms
 12: 78.658625ms
 13: 77.212652ms
 14: 78.522882ms
 15: 77.929311ms
 16: 77.665325ms
 17: 77.930229ms
 18: 77.101183ms
 19: 76.478022ms
 20: 78.210370ms
 21: 76.626489ms
 22: 78.272337ms
 23: 77.941029ms
 24: 78.193153ms
 25: 77.176474ms
 26: 77.654287ms
 27: 78.309156ms
 28: 76.798630ms
 29: 76.825427ms
 30: 76.998318ms
 31: 77.090635ms
 32: 81.102547ms
 33: 76.385749ms
 34: 78.794869ms
 35: 77.018480ms
 36: 77.388513ms
 37: 80.261794ms
 38: 78.038915ms
 39: 78.104253ms
 40: 102.400835ms
 41: 78.188924ms
 42: 78.110196ms
 43: 78.340311ms
 44: 77.822126ms
 45: 78.046889ms
 46: 78.123237ms
 47: 78.074510ms
 48: 77.706278ms
 49: 77.054813ms


Measurements
--------------------------
FFT Size            : 389^3
Threads             : 40
Batch               : 1
Iterations          : 50
Avg Tot Runtime     : 79.442171 ms
Runtime per batch   : 79.442171 ms
SD                  : 6.953273 ms
Throughput          : 7.519342 GFLOPs
Plan Time           : 323.422395 sec
