Expm 2: Streaming FFTW
FFTW Plan: Patient
-- Cannot import wisdom from ../../wisdom/singlenode/all/295/fftw_295_t36_b1.patient
-- Exporting wisdom file to ../../wisdom/singlenode/all/295/fftw_295_t36_b1.patient
Iteration: 0, 1, 2, 3, 4, 5, 6, 7, 8, 9, 10, 11, 12, 13, 14, 15, 16, 17, 18, 19, 20, 21, 22, 23, 24, 25, 26, 27, 28, 29, 30, 31, 32, 33, 34, 35, 36, 37, 38, 39, 40, 41, 42, 43, 44, 45, 46, 47, 48, 49, 
Printing individual runtimes:
 0: 62.309553ms
 1: 62.873176ms
 2: 63.005840ms
 3: 63.320056ms
 4: 63.772123ms
 5: 68.995616ms
 6: 62.381118ms
 7: 62.161453ms
 8: 62.970339ms
 9: 62.317789ms
 10: 62.440974ms
 11: 62.392612ms
 12: 62.768102ms
 13: 62.555247ms
 14: 62.473243ms
 15: 62.419924ms
 16: 63.119910ms
 17: 62.290728ms
 18: 62.667476ms
 19: 66.405038ms
 20: 62.810653ms
 21: 62.271781ms
 22: 62.508304ms
 23: 62.822320ms
 24: 62.770283ms
 25: 62.991704ms
 26: 62.682439ms
 27: 62.763436ms
 28: 62.726517ms
 29: 62.864954ms
 30: 62.932475ms
 31: 63.127042ms
 32: 65.628937ms
 33: 108.705218ms
 34: 65.510868ms
 35: 86.189857ms
 36: 61.204705ms
 37: 64.324602ms
 38: 63.731916ms
 39: 64.052849ms
 40: 63.986945ms
 41: 64.773347ms
 42: 63.922429ms
 43: 63.796577ms
 44: 64.645995ms
 45: 64.613183ms
 46: 64.152036ms
 47: 64.454286ms
 48: 64.276230ms
 49: 64.141647ms


Measurements
--------------------------
FFT Size            : 295^3
Threads             : 36
Batch               : 1
Iterations          : 50
Avg Tot Runtime     : 64.780477 ms
Runtime per batch   : 64.780477 ms
SD                  : 7.153996 ms
Throughput          : 3.364996 GFLOPs
Plan Time           : 97.241622 sec
