Expm 2: Streaming FFT

Printing individual runtimes:
 0: 0.404032ms
 1: 0.078626ms
 2: 0.083815ms
 3: 1.072421ms
 4: 0.097976ms
 5: 0.104652ms
 6: 0.088230ms
 7: 0.089153ms
 8: 0.093743ms
 9: 0.279894ms
 10: 0.082463ms
 11: 0.090366ms
 12: 0.090534ms
 13: 0.081306ms
 14: 0.090635ms
 15: 0.080368ms
 16: 0.087867ms
 17: 0.093141ms
 18: 0.374906ms
 19: 0.077253ms
 20: 0.083834ms
 21: 0.067305ms
 22: 0.072502ms
 23: 0.072699ms
 24: 0.073198ms
 25: 0.056404ms
 26: 0.075262ms
 27: 0.074002ms
 28: 0.080838ms
 29: 0.080433ms
 30: 0.077621ms
 31: 0.077920ms
 32: 0.076209ms
 33: 0.072186ms
 34: 0.287376ms
 35: 0.073732ms
 36: 0.079692ms
 37: 0.079783ms
 38: 0.083477ms
 39: 0.076662ms
 40: 0.084823ms
 41: 0.085555ms
 42: 0.088392ms
 43: 0.077039ms
 44: 0.065771ms
 45: 0.074438ms
 46: 0.078622ms
 47: 0.058665ms
 48: 0.097119ms
 49: 0.073194ms
 50: 0.071983ms
 51: 0.082333ms
 52: 0.071679ms
 53: 0.073383ms
 54: 0.076555ms
 55: 0.071604ms
 56: 0.083307ms
 57: 0.079500ms
 58: 0.079813ms
 59: 0.077004ms
 60: 0.078873ms
 61: 0.086396ms
 62: 0.072726ms
 63: 0.072304ms
 64: 0.144286ms
 65: 0.081686ms
 66: 0.071594ms
 67: 0.072762ms
 68: 0.074332ms
 69: 0.071425ms
 70: 0.055884ms
 71: 0.065215ms
 72: 0.091779ms
 73: 0.079353ms
 74: 0.064951ms
 75: 0.309445ms
 76: 0.092992ms
 77: 0.073067ms
 78: 0.079086ms
 79: 0.059731ms
 80: 0.087217ms
 81: 0.084554ms
 82: 0.074569ms
 83: 0.078005ms
 84: 0.094431ms
 85: 0.082171ms
 86: 0.067889ms
 87: 0.073309ms
 88: 0.073942ms
 89: 0.087135ms
 90: 0.069942ms
 91: 0.075317ms
 92: 0.084161ms
 93: 0.070043ms
 94: 0.080568ms
 95: 0.078774ms
 96: 0.072214ms
 97: 0.082951ms
 98: 0.082283ms
 99: 0.072754ms
 100: 0.056499ms
 101: 0.092709ms
 102: 0.074418ms
 103: 0.077975ms
 104: 0.079569ms
 105: 0.085764ms
 106: 0.081930ms
 107: 0.080196ms
 108: 0.077987ms
 109: 0.334303ms
 110: 0.079371ms
 111: 0.066965ms
 112: 0.078867ms
 113: 0.065103ms
 114: 0.081442ms
 115: 0.087313ms
 116: 0.073388ms
 117: 0.082638ms
 118: 0.072825ms
 119: 0.077280ms
 120: 0.072288ms
 121: 0.083697ms
 122: 0.096061ms
 123: 0.081071ms
 124: 0.078705ms
 125: 0.079307ms
 126: 0.074930ms
 127: 0.314107ms
 128: 0.058785ms
 129: 0.086587ms
 130: 0.071505ms
 131: 0.073533ms
 132: 0.072917ms
 133: 0.079535ms
 134: 0.072510ms
 135: 0.072371ms
 136: 0.072902ms
 137: 0.075878ms
 138: 0.076522ms
 139: 0.078515ms
 140: 0.064676ms
 141: 0.079945ms
 142: 0.081189ms
 143: 0.068806ms
 144: 0.077311ms
 145: 0.059818ms
 146: 0.055292ms
 147: 0.081153ms
 148: 0.073725ms
 149: 0.077919ms
 150: 0.073528ms
 151: 0.086227ms
 152: 0.080527ms
 153: 0.074921ms
 154: 0.078561ms
 155: 0.065904ms
 156: 0.079149ms
 157: 0.071275ms
 158: 0.074037ms
 159: 0.082407ms
 160: 0.071010ms
 161: 0.083960ms
 162: 0.085879ms
 163: 0.057455ms
 164: 0.072777ms
 165: 0.059083ms
 166: 0.057836ms
 167: 0.080235ms
 168: 0.316962ms
 169: 0.077253ms
 170: 0.073971ms
 171: 0.072429ms
 172: 0.066324ms
 173: 0.077622ms
 174: 0.087060ms
 175: 0.080644ms
 176: 0.072629ms
 177: 0.082344ms
 178: 0.083331ms
 179: 0.071893ms
 180: 0.072096ms
 181: 0.073366ms
 182: 0.071284ms
 183: 0.080154ms
 184: 0.071522ms
 185: 0.083411ms
 186: 0.078279ms
 187: 0.083914ms
 188: 0.078811ms
 189: 0.071172ms
 190: 0.082702ms
 191: 0.080245ms
 192: 0.078437ms
 193: 0.077135ms
 194: 0.081097ms
 195: 0.070932ms
 196: 0.077844ms
 197: 0.078635ms
 198: 0.072928ms
 199: 0.090005ms


-- Real : Q1: 50 Q2: 100 Q3: 150
-- Array: Q1: 49 Q2: 99 Q3: 149
Printing sorted runtimes:
 0: 0.066965ms
 1: 0.055292ms
 2: 0.056499ms
 3: 0.059818ms
 4: 0.058665ms
 5: 0.065103ms
 6: 0.064676ms
 7: 0.065771ms
 8: 0.055884ms
 9: 0.065904ms
 10: 0.065215ms
 11: 0.064951ms
 12: 0.057455ms
 13: 0.059731ms
 14: 0.059083ms
 15: 0.066324ms
 16: 0.056404ms
 17: 0.058785ms
 18: 0.057836ms
 19: 0.071604ms
 20: 0.069942ms
 21: 0.067305ms
 22: 0.067889ms
 23: 0.070932ms
 24: 0.068806ms
 25: 0.071172ms
 26: 0.071505ms
 27: 0.071594ms
 28: 0.070043ms
 29: 0.071425ms
 30: 0.071522ms
 31: 0.071284ms
 32: 0.071275ms
 33: 0.071010ms
 34: 0.072214ms
 35: 0.071893ms
 36: 0.072186ms
 37: 0.072096ms
 38: 0.071679ms
 39: 0.071983ms
 40: 0.072699ms
 41: 0.072629ms
 42: 0.072510ms
 43: 0.072371ms
 44: 0.072288ms
 45: 0.072502ms
 46: 0.072429ms
 47: 0.072304ms
 48: 0.072754ms
 49: 0.072726ms
 50: 0.072762ms
 51: 0.074569ms
 52: 0.072902ms
 53: 0.072825ms
 54: 0.072928ms
 55: 0.072917ms
 56: 0.073725ms
 57: 0.072777ms
 58: 0.073383ms
 59: 0.074418ms
 60: 0.073388ms
 61: 0.073366ms
 62: 0.073194ms
 63: 0.073528ms
 64: 0.073971ms
 65: 0.073942ms
 66: 0.074438ms
 67: 0.073309ms
 68: 0.074332ms
 69: 0.073198ms
 70: 0.073533ms
 71: 0.074002ms
 72: 0.073067ms
 73: 0.073732ms
 74: 0.074037ms
 75: 0.077280ms
 76: 0.076209ms
 77: 0.076522ms
 78: 0.076555ms
 79: 0.077004ms
 80: 0.076662ms
 81: 0.077135ms
 82: 0.075878ms
 83: 0.075317ms
 84: 0.075262ms
 85: 0.074921ms
 86: 0.077253ms
 87: 0.077039ms
 88: 0.077253ms
 89: 0.074930ms
 90: 0.078005ms
 91: 0.077920ms
 92: 0.077987ms
 93: 0.077622ms
 94: 0.077975ms
 95: 0.077919ms
 96: 0.077621ms
 97: 0.077311ms
 98: 0.077844ms
 99: 0.078279ms
 100: 0.078437ms
 101: 0.081306ms
 102: 0.078626ms
 103: 0.078561ms
 104: 0.078622ms
 105: 0.078635ms
 106: 0.078705ms
 107: 0.078774ms
 108: 0.078873ms
 109: 0.079086ms
 110: 0.079149ms
 111: 0.078811ms
 112: 0.078867ms
 113: 0.079307ms
 114: 0.080644ms
 115: 0.080368ms
 116: 0.080154ms
 117: 0.080235ms
 118: 0.080838ms
 119: 0.080568ms
 120: 0.080433ms
 121: 0.079692ms
 122: 0.078515ms
 123: 0.081071ms
 124: 0.079783ms
 125: 0.079371ms
 126: 0.080196ms
 127: 0.080527ms
 128: 0.081153ms
 129: 0.079500ms
 130: 0.081097ms
 131: 0.079813ms
 132: 0.079569ms
 133: 0.079535ms
 134: 0.080245ms
 135: 0.081189ms
 136: 0.079945ms
 137: 0.079353ms
 138: 0.081930ms
 139: 0.081686ms
 140: 0.081442ms
 141: 0.082702ms
 142: 0.082344ms
 143: 0.082407ms
 144: 0.082463ms
 145: 0.082283ms
 146: 0.082638ms
 147: 0.082171ms
 148: 0.082333ms
 149: 0.082951ms
 150: 0.083307ms
 151: 0.083411ms
 152: 0.083331ms
 153: 0.083477ms
 154: 0.085555ms
 155: 0.084823ms
 156: 0.087135ms
 157: 0.088392ms
 158: 0.085764ms
 159: 0.083815ms
 160: 0.083697ms
 161: 0.083960ms
 162: 0.085879ms
 163: 0.086227ms
 164: 0.084161ms
 165: 0.089153ms
 166: 0.083834ms
 167: 0.086587ms
 168: 0.084554ms
 169: 0.087217ms
 170: 0.086396ms
 171: 0.087867ms
 172: 0.087313ms
 173: 0.088230ms
 174: 0.087060ms
 175: 0.083914ms
 176: 0.090005ms
 177: 0.090635ms
 178: 0.093141ms
 179: 0.090534ms
 180: 0.090366ms
 181: 0.374906ms
 182: 0.279894ms
 183: 0.316962ms
 184: 0.093743ms
 185: 0.287376ms
 186: 0.097119ms
 187: 0.144286ms
 188: 0.091779ms
 189: 0.309445ms
 190: 0.092992ms
 191: 0.334303ms
 192: 0.104652ms
 193: 0.097976ms
 194: 0.094431ms
 195: 1.072421ms
 196: 0.314107ms
 197: 0.092709ms
 198: 0.404032ms
 199: 0.096061ms


Measurements
--------------------------
FFT Size            : 56^3
Threads             : 31
Batch               : 1
Iterations          : 200
Avg Tot Runtime     : 0.092664 ms
Runtime per batch   : 0.092664 ms
SD                  : 0.085874 ms
Q1                  : 0.072726 ms
Median              : 0.078358 ms
Q3                  : 0.082951 ms
