Expm 2: Streaming FFT

Printing individual runtimes:
 0: 0.321281ms
 1: 0.073675ms
 2: 0.075849ms
 3: 1.037830ms
 4: 0.075264ms
 5: 0.074764ms
 6: 0.057554ms
 7: 0.063964ms
 8: 0.288489ms
 9: 0.064178ms
 10: 0.059269ms
 11: 0.079649ms
 12: 0.068983ms
 13: 0.078774ms
 14: 0.080170ms
 15: 0.078463ms
 16: 0.059707ms
 17: 0.090019ms
 18: 0.343080ms
 19: 0.067300ms
 20: 0.066439ms
 21: 0.072984ms
 22: 0.069972ms
 23: 0.064320ms
 24: 0.080733ms
 25: 0.060697ms
 26: 0.057076ms
 27: 0.071914ms
 28: 0.079722ms
 29: 0.084495ms
 30: 0.076294ms
 31: 0.071199ms
 32: 0.073862ms
 33: 0.063893ms
 34: 0.075178ms
 35: 0.067003ms
 36: 0.313560ms
 37: 0.310797ms
 38: 0.064829ms
 39: 0.056991ms
 40: 0.073961ms
 41: 0.072050ms
 42: 0.065848ms
 43: 0.074777ms
 44: 0.085969ms
 45: 0.089467ms
 46: 0.095554ms
 47: 0.091609ms
 48: 0.076662ms
 49: 0.069890ms
 50: 0.072162ms
 51: 0.092433ms
 52: 0.080633ms
 53: 0.050511ms
 54: 0.063618ms
 55: 0.089285ms
 56: 0.095107ms
 57: 0.064779ms
 58: 0.065752ms
 59: 0.078475ms
 60: 0.072452ms
 61: 0.072361ms
 62: 0.075674ms
 63: 0.075990ms
 64: 0.066028ms
 65: 0.065241ms
 66: 0.074059ms
 67: 0.067170ms
 68: 0.090949ms
 69: 0.068510ms
 70: 0.073368ms
 71: 0.063330ms
 72: 0.077813ms
 73: 0.067209ms
 74: 0.064354ms
 75: 0.063603ms
 76: 0.303245ms
 77: 0.086593ms
 78: 0.079224ms
 79: 0.080513ms
 80: 0.087702ms
 81: 0.091330ms
 82: 0.076376ms
 83: 0.066416ms
 84: 0.074369ms
 85: 0.089507ms
 86: 0.092934ms
 87: 0.099438ms
 88: 0.075740ms
 89: 0.092689ms
 90: 0.075820ms
 91: 0.078908ms
 92: 0.076297ms
 93: 0.080944ms
 94: 0.096623ms
 95: 0.084854ms
 96: 0.086858ms
 97: 0.076024ms
 98: 0.065487ms
 99: 0.075307ms
 100: 0.075749ms
 101: 0.085495ms
 102: 0.108524ms
 103: 0.078254ms
 104: 0.077970ms
 105: 0.087360ms
 106: 0.077540ms
 107: 0.090698ms
 108: 0.074583ms
 109: 0.093604ms
 110: 0.067544ms
 111: 0.079353ms
 112: 0.093195ms
 113: 0.076863ms
 114: 0.074068ms
 115: 0.090104ms
 116: 0.080209ms
 117: 0.097254ms
 118: 0.083682ms
 119: 0.071780ms
 120: 0.087906ms
 121: 0.094050ms
 122: 0.070576ms
 123: 0.084761ms
 124: 0.079490ms
 125: 0.066453ms
 126: 0.084413ms
 127: 0.074969ms
 128: 0.093006ms
 129: 0.090081ms
 130: 0.075226ms
 131: 0.082119ms
 132: 0.082421ms
 133: 0.094404ms
 134: 0.091186ms
 135: 0.090597ms
 136: 0.073362ms
 137: 0.091350ms
 138: 0.065268ms
 139: 0.082779ms
 140: 0.083412ms
 141: 0.089499ms
 142: 0.096091ms
 143: 0.075838ms
 144: 0.075986ms
 145: 0.094615ms
 146: 0.074866ms
 147: 0.075705ms
 148: 0.083960ms
 149: 0.076844ms
 150: 0.075745ms
 151: 0.077906ms
 152: 0.091638ms
 153: 0.073368ms
 154: 0.303389ms
 155: 0.074962ms
 156: 0.075034ms
 157: 0.077757ms
 158: 0.082664ms
 159: 0.074265ms
 160: 0.066072ms
 161: 0.096391ms
 162: 0.075309ms
 163: 0.092343ms
 164: 0.066910ms
 165: 0.075524ms
 166: 0.076718ms
 167: 0.081406ms
 168: 0.076100ms
 169: 0.087967ms
 170: 0.097799ms
 171: 0.089278ms
 172: 0.089658ms
 173: 0.096514ms
 174: 0.083174ms
 175: 0.073845ms
 176: 0.081334ms
 177: 0.065768ms
 178: 0.079816ms
 179: 0.075461ms
 180: 0.107995ms
 181: 0.081653ms
 182: 0.086201ms
 183: 0.113545ms
 184: 0.104027ms
 185: 0.095885ms
 186: 0.080368ms
 187: 0.080562ms
 188: 0.090478ms
 189: 0.088947ms
 190: 0.087822ms
 191: 0.087384ms
 192: 0.077987ms
 193: 0.087248ms
 194: 0.073603ms
 195: 0.086093ms
 196: 0.087579ms
 197: 0.080763ms
 198: 0.097456ms
 199: 0.092414ms


-- Real : Q1: 50 Q2: 100 Q3: 150
-- Array: Q1: 49 Q2: 99 Q3: 149
Printing sorted runtimes:
 0: 0.066416ms
 1: 0.063603ms
 2: 0.064354ms
 3: 0.063330ms
 4: 0.065487ms
 5: 0.065241ms
 6: 0.057554ms
 7: 0.063964ms
 8: 0.065768ms
 9: 0.064178ms
 10: 0.059269ms
 11: 0.066028ms
 12: 0.065752ms
 13: 0.064779ms
 14: 0.063618ms
 15: 0.050511ms
 16: 0.059707ms
 17: 0.066072ms
 18: 0.065268ms
 19: 0.065848ms
 20: 0.056991ms
 21: 0.064829ms
 22: 0.063893ms
 23: 0.064320ms
 24: 0.057076ms
 25: 0.060697ms
 26: 0.071914ms
 27: 0.067209ms
 28: 0.068510ms
 29: 0.067170ms
 30: 0.068983ms
 31: 0.071199ms
 32: 0.067544ms
 33: 0.069972ms
 34: 0.066910ms
 35: 0.067003ms
 36: 0.071780ms
 37: 0.070576ms
 38: 0.069890ms
 39: 0.066439ms
 40: 0.066453ms
 41: 0.067300ms
 42: 0.072361ms
 43: 0.072050ms
 44: 0.072162ms
 45: 0.073368ms
 46: 0.073362ms
 47: 0.072452ms
 48: 0.073368ms
 49: 0.072984ms
 50: 0.073603ms
 51: 0.076662ms
 52: 0.073845ms
 53: 0.073961ms
 54: 0.074059ms
 55: 0.074068ms
 56: 0.073862ms
 57: 0.074369ms
 58: 0.074265ms
 59: 0.074583ms
 60: 0.074764ms
 61: 0.074777ms
 62: 0.075674ms
 63: 0.075307ms
 64: 0.075745ms
 65: 0.075524ms
 66: 0.075178ms
 67: 0.075309ms
 68: 0.075264ms
 69: 0.074962ms
 70: 0.075705ms
 71: 0.075461ms
 72: 0.075740ms
 73: 0.075034ms
 74: 0.074866ms
 75: 0.074969ms
 76: 0.075226ms
 77: 0.075749ms
 78: 0.075849ms
 79: 0.076100ms
 80: 0.076294ms
 81: 0.075986ms
 82: 0.076376ms
 83: 0.075838ms
 84: 0.073675ms
 85: 0.075990ms
 86: 0.076024ms
 87: 0.076297ms
 88: 0.075820ms
 89: 0.078463ms
 90: 0.077813ms
 91: 0.077757ms
 92: 0.076718ms
 93: 0.077906ms
 94: 0.076844ms
 95: 0.076863ms
 96: 0.077987ms
 97: 0.077540ms
 98: 0.077970ms
 99: 0.078254ms
 100: 0.078475ms
 101: 0.087702ms
 102: 0.079353ms
 103: 0.079649ms
 104: 0.079490ms
 105: 0.078908ms
 106: 0.079224ms
 107: 0.079722ms
 108: 0.080513ms
 109: 0.080368ms
 110: 0.079816ms
 111: 0.080170ms
 112: 0.080209ms
 113: 0.084854ms
 114: 0.080944ms
 115: 0.083960ms
 116: 0.081406ms
 117: 0.085495ms
 118: 0.083682ms
 119: 0.080633ms
 120: 0.083174ms
 121: 0.083412ms
 122: 0.080562ms
 123: 0.084761ms
 124: 0.084495ms
 125: 0.080763ms
 126: 0.084413ms
 127: 0.082779ms
 128: 0.081653ms
 129: 0.080733ms
 130: 0.082664ms
 131: 0.082119ms
 132: 0.082421ms
 133: 0.081334ms
 134: 0.087248ms
 135: 0.087360ms
 136: 0.086093ms
 137: 0.086858ms
 138: 0.085969ms
 139: 0.086201ms
 140: 0.087384ms
 141: 0.078774ms
 142: 0.087579ms
 143: 0.086593ms
 144: 0.089278ms
 145: 0.087906ms
 146: 0.087967ms
 147: 0.088947ms
 148: 0.087822ms
 149: 0.089285ms
 150: 0.089467ms
 151: 0.089499ms
 152: 0.090104ms
 153: 0.090478ms
 154: 0.090081ms
 155: 0.090698ms
 156: 0.092414ms
 157: 0.090597ms
 158: 0.090949ms
 159: 0.089507ms
 160: 0.090019ms
 161: 0.091186ms
 162: 0.091330ms
 163: 0.092343ms
 164: 0.089658ms
 165: 0.091609ms
 166: 0.091350ms
 167: 0.091638ms
 168: 0.313560ms
 169: 0.310797ms
 170: 0.097799ms
 171: 0.094615ms
 172: 0.092689ms
 173: 0.096514ms
 174: 0.096091ms
 175: 0.303389ms
 176: 0.094404ms
 177: 0.288489ms
 178: 0.095554ms
 179: 1.037830ms
 180: 0.107995ms
 181: 0.093006ms
 182: 0.343080ms
 183: 0.113545ms
 184: 0.104027ms
 185: 0.095885ms
 186: 0.303245ms
 187: 0.092433ms
 188: 0.094050ms
 189: 0.097254ms
 190: 0.093195ms
 191: 0.095107ms
 192: 0.093604ms
 193: 0.108524ms
 194: 0.321281ms
 195: 0.092934ms
 196: 0.096623ms
 197: 0.099438ms
 198: 0.097456ms
 199: 0.096391ms


Measurements
--------------------------
FFT Size            : 56^3
Threads             : 29
Batch               : 1
Iterations          : 200
Avg Tot Runtime     : 0.092336 ms
Runtime per batch   : 0.092336 ms
SD                  : 0.080256 ms
Q1                  : 0.072984 ms
Median              : 0.078364 ms
Q3                  : 0.089285 ms
