Expm 2: Streaming FFTW
FFTW Plan: Patient
-- Cannot import wisdom from ../../wisdom/singlenode/all/304/fftw_304_t38_b1.patient
-- Exporting wisdom file to ../../wisdom/singlenode/all/304/fftw_304_t38_b1.patient
Iteration: 0, 1, 2, 3, 4, 5, 6, 7, 8, 9, 10, 11, 12, 13, 14, 15, 16, 17, 18, 19, 20, 21, 22, 23, 24, 25, 26, 27, 28, 29, 30, 31, 32, 33, 34, 35, 36, 37, 38, 39, 40, 41, 42, 43, 44, 45, 46, 47, 48, 49, 
Printing individual runtimes:
 0: 73.089670ms
 1: 58.892430ms
 2: 39.716025ms
 3: 39.717767ms
 4: 40.224880ms
 5: 39.927665ms
 6: 39.674399ms
 7: 39.724073ms
 8: 40.010656ms
 9: 41.310450ms
 10: 40.881422ms
 11: 40.084769ms
 12: 39.864969ms
 13: 39.540826ms
 14: 52.695367ms
 15: 39.795215ms
 16: 39.501448ms
 17: 39.692682ms
 18: 39.952987ms
 19: 39.258650ms
 20: 39.529237ms
 21: 39.914965ms
 22: 39.332500ms
 23: 39.654858ms
 24: 40.114284ms
 25: 39.523136ms
 26: 39.863883ms
 27: 39.692622ms
 28: 39.421148ms
 29: 40.847471ms
 30: 39.578953ms
 31: 39.600026ms
 32: 39.562901ms
 33: 39.879550ms
 34: 40.041180ms
 35: 39.771411ms
 36: 39.849660ms
 37: 39.564750ms
 38: 39.555254ms
 39: 39.825259ms
 40: 39.916861ms
 41: 74.828983ms
 42: 73.188629ms
 43: 40.205113ms
 44: 39.856723ms
 45: 41.334578ms
 46: 39.609621ms
 47: 39.851514ms
 48: 39.803961ms
 49: 39.683411ms


Measurements
--------------------------
FFT Size            : 304^3
Threads             : 38
Batch               : 1
Iterations          : 50
Avg Tot Runtime     : 42.539176 ms
Runtime per batch   : 42.539176 ms
SD                  : 8.502543 ms
Throughput          : 2.171129 GFLOPs
Plan Time           : 178.328767 sec
