Expm 4: No Wisdom no verification no inverse
FFTW Plan: Patient
Iteration: 0, 1, 2, 3, 4, 5, 6, 7, 8, 9, 10, 11, 12, 13, 14, 15, 16, 17, 18, 19, 20, 21, 22, 23, 24, 25, 26, 27, 28, 29, 30, 31, 32, 33, 34, 35, 36, 37, 38, 39, 40, 41, 42, 43, 44, 45, 46, 47, 48, 49, 
Printing individual runtimes:
 0: 0.189618ms
 1: 0.188923ms
 2: 0.179752ms
 3: 0.161491ms
 4: 0.180661ms
 5: 0.186292ms
 6: 0.181949ms
 7: 0.177869ms
 8: 0.189247ms
 9: 0.190638ms
 10: 0.170382ms
 11: 0.172761ms
 12: 0.176330ms
 13: 0.180766ms
 14: 0.173595ms
 15: 0.185830ms
 16: 0.179279ms
 17: 0.180628ms
 18: 0.193999ms
 19: 0.179000ms
 20: 0.193509ms
 21: 0.179350ms
 22: 0.185562ms
 23: 0.181903ms
 24: 0.177626ms
 25: 0.182499ms
 26: 0.189540ms
 27: 0.192781ms
 28: 0.180886ms
 29: 0.177927ms
 30: 0.195753ms
 31: 0.200139ms
 32: 0.178740ms
 33: 0.187683ms
 34: 0.202134ms
 35: 0.181595ms
 36: 0.177615ms
 37: 0.180088ms
 38: 0.194838ms
 39: 0.185323ms
 40: 0.177800ms
 41: 0.191169ms
 42: 0.191041ms
 43: 0.184771ms
 44: 0.171934ms
 45: 0.182045ms
 46: 0.186557ms
 47: 0.181333ms
 48: 0.176285ms
 49: 0.194511ms


Measurements
--------------------------
FFT Size            : 64^3
Threads             : 38
Batch               : 1
Iterations          : 50
Avg Tot Runtime     : 0.183639 ms
Runtime per batch   : 0.183639 ms
SD                  : 0.007866 ms
Throughput          : 0.001712 GFLOPs
Plan Time           : 14.398292 sec
