Expm 2: Streaming FFTW
FFTW Plan: Patient
-- Cannot import wisdom from ../../wisdom/singlenode/all/39/fftw_39_t36_b1.patient
-- Exporting wisdom file to ../../wisdom/singlenode/all/39/fftw_39_t36_b1.patient
Iteration: 0, 1, 2, 3, 4, 5, 6, 7, 8, 9, 10, 11, 12, 13, 14, 15, 16, 17, 18, 19, 20, 21, 22, 23, 24, 25, 26, 27, 28, 29, 30, 31, 32, 33, 34, 35, 36, 37, 38, 39, 40, 41, 42, 43, 44, 45, 46, 47, 48, 49, 
Printing individual runtimes:
 0: 0.403927ms
 1: 0.148631ms
 2: 0.066891ms
 3: 0.074813ms
 4: 2.529925ms
 5: 3.311836ms
 6: 3.265527ms
 7: 3.203193ms
 8: 0.808443ms
 9: 0.070193ms
 10: 0.068623ms
 11: 0.067695ms
 12: 0.300834ms
 13: 0.116805ms
 14: 0.073239ms
 15: 0.066997ms
 16: 0.505519ms
 17: 0.066810ms
 18: 0.063684ms
 19: 0.065055ms
 20: 0.068665ms
 21: 0.064020ms
 22: 0.541936ms
 23: 0.066026ms
 24: 0.061294ms
 25: 0.061140ms
 26: 0.072725ms
 27: 0.061603ms
 28: 0.060090ms
 29: 0.060154ms
 30: 0.062853ms
 31: 0.610511ms
 32: 0.065569ms
 33: 0.062287ms
 34: 0.059095ms
 35: 0.276217ms
 36: 0.062919ms
 37: 0.064836ms
 38: 0.058511ms
 39: 0.063635ms
 40: 0.061127ms
 41: 0.061356ms
 42: 0.069751ms
 43: 0.059010ms
 44: 0.058315ms
 45: 0.063263ms
 46: 0.059536ms
 47: 0.057140ms
 48: 0.058819ms
 49: 0.058687ms


Measurements
--------------------------
FFT Size            : 39^3
Threads             : 36
Batch               : 1
Iterations          : 50
Avg Tot Runtime     : 0.367795 ms
Runtime per batch   : 0.367795 ms
SD                  : 0.820031 ms
Throughput          : 0.001042 GFLOPs
Plan Time           : 2.868705 sec
