Expm 2: Streaming FFTW
FFTW Plan: Patient
-- Cannot import wisdom from ../../wisdom/singlenode/all/563/fftw_563_t39_b1.patient
-- Exporting wisdom file to ../../wisdom/singlenode/all/563/fftw_563_t39_b1.patient
Iteration: 0, 1, 2, 3, 4, 5, 6, 7, 8, 9, 10, 11, 12, 13, 14, 15, 16, 17, 18, 19, 20, 21, 22, 23, 24, 25, 26, 27, 28, 29, 30, 31, 32, 33, 34, 35, 36, 37, 38, 39, 40, 41, 42, 43, 44, 45, 46, 47, 48, 49, 
Printing individual runtimes:
 0: 399.688496ms
 1: 419.224165ms
 2: 395.399619ms
 3: 476.428307ms
 4: 393.134009ms
 5: 391.415903ms
 6: 394.788550ms
 7: 780.383672ms
 8: 459.024766ms
 9: 391.723350ms
 10: 390.954592ms
 11: 391.623348ms
 12: 391.822571ms
 13: 416.378908ms
 14: 415.551911ms
 15: 390.306007ms
 16: 792.108347ms
 17: 391.768384ms
 18: 390.644925ms
 19: 390.451394ms
 20: 393.020305ms
 21: 390.796221ms
 22: 390.624173ms
 23: 390.504633ms
 24: 400.234419ms
 25: 524.438706ms
 26: 392.052903ms
 27: 845.603640ms
 28: 785.481005ms
 29: 458.909878ms
 30: 388.066957ms
 31: 390.428480ms
 32: 386.743037ms
 33: 387.866275ms
 34: 387.557287ms
 35: 389.742348ms
 36: 391.774109ms
 37: 393.312943ms
 38: 762.521043ms
 39: 391.460747ms
 40: 390.692074ms
 41: 390.422433ms
 42: 396.130687ms
 43: 399.858864ms
 44: 399.735917ms
 45: 752.860035ms
 46: 390.071339ms
 47: 762.380437ms
 48: 474.001678ms
 49: 723.309774ms


Measurements
--------------------------
FFT Size            : 563^3
Threads             : 39
Batch               : 1
Iterations          : 50
Avg Tot Runtime     : 463.668471 ms
Runtime per batch   : 463.668471 ms
SD                  : 139.412933 ms
Throughput          : 39.453131 GFLOPs
Plan Time           : 358.646963 sec
