Expm 2: Streaming FFTW
FFTW Plan: Patient
-- Cannot import wisdom from ../../wisdom/singlenode/all/282/fftw_282_t40_b1.patient
-- Exporting wisdom file to ../../wisdom/singlenode/all/282/fftw_282_t40_b1.patient
Iteration: 0, 1, 2, 3, 4, 5, 6, 7, 8, 9, 10, 11, 12, 13, 14, 15, 16, 17, 18, 19, 20, 21, 22, 23, 24, 25, 26, 27, 28, 29, 30, 31, 32, 33, 34, 35, 36, 37, 38, 39, 40, 41, 42, 43, 44, 45, 46, 47, 48, 49, 
Printing individual runtimes:
 0: 49.990499ms
 1: 51.335545ms
 2: 55.943404ms
 3: 50.105243ms
 4: 51.464693ms
 5: 49.617065ms
 6: 49.626775ms
 7: 50.846200ms
 8: 50.797116ms
 9: 53.079550ms
 10: 54.270714ms
 11: 50.461841ms
 12: 63.475307ms
 13: 54.410554ms
 14: 52.957247ms
 15: 49.307104ms
 16: 49.724858ms
 17: 51.615156ms
 18: 52.479471ms
 19: 51.541472ms
 20: 62.576874ms
 21: 49.669966ms
 22: 51.199943ms
 23: 49.580131ms
 24: 51.347297ms
 25: 49.705828ms
 26: 53.872041ms
 27: 54.206256ms
 28: 52.185711ms
 29: 53.568217ms
 30: 50.658939ms
 31: 50.331909ms
 32: 48.827882ms
 33: 51.776427ms
 34: 50.336431ms
 35: 54.339357ms
 36: 53.823352ms
 37: 52.109974ms
 38: 49.687079ms
 39: 52.475356ms
 40: 49.797259ms
 41: 49.825101ms
 42: 51.383436ms
 43: 50.010892ms
 44: 50.134842ms
 45: 51.065162ms
 46: 50.523065ms
 47: 49.838769ms
 48: 51.397624ms
 49: 51.732715ms


Measurements
--------------------------
FFT Size            : 282^3
Threads             : 40
Batch               : 1
Iterations          : 50
Avg Tot Runtime     : 51.820753 ms
Runtime per batch   : 51.820753 ms
SD                  : 2.808048 ms
Throughput          : 3.157978 GFLOPs
Plan Time           : 106.392445 sec
