Expm 2: Streaming FFT

Printing individual runtimes:
 0: 0.440035ms
 1: 0.109528ms
 2: 0.122632ms
 3: 0.296746ms
 4: 0.099797ms
 5: 0.935961ms
 6: 0.108550ms
 7: 0.179881ms
 8: 0.098878ms
 9: 0.111132ms
 10: 0.121648ms
 11: 0.254567ms
 12: 0.109963ms
 13: 0.089026ms
 14: 0.097167ms
 15: 0.112653ms
 16: 0.107237ms
 17: 0.095792ms
 18: 0.209372ms
 19: 0.102955ms
 20: 0.239788ms
 21: 0.112632ms
 22: 0.101019ms
 23: 0.112809ms
 24: 0.106282ms
 25: 0.102545ms
 26: 0.093880ms
 27: 0.095979ms
 28: 0.092712ms
 29: 0.086094ms
 30: 0.116074ms
 31: 0.091326ms
 32: 0.112549ms
 33: 0.105650ms
 34: 0.210834ms
 35: 0.109658ms
 36: 0.111609ms
 37: 0.230212ms
 38: 0.107076ms
 39: 0.111682ms
 40: 0.107993ms
 41: 0.106760ms
 42: 0.106867ms
 43: 0.112873ms
 44: 0.109532ms
 45: 0.205387ms
 46: 0.106394ms
 47: 0.103786ms
 48: 0.116374ms
 49: 0.109964ms
 50: 0.100871ms
 51: 0.097722ms
 52: 0.111841ms
 53: 0.085366ms
 54: 0.080654ms
 55: 0.105735ms
 56: 0.100334ms
 57: 0.105571ms
 58: 0.110085ms
 59: 0.103866ms
 60: 0.114234ms
 61: 0.112117ms
 62: 0.115384ms
 63: 0.118121ms
 64: 0.110586ms
 65: 0.107454ms
 66: 0.106815ms
 67: 0.108541ms
 68: 0.116338ms
 69: 0.101782ms
 70: 0.104426ms
 71: 0.291303ms
 72: 0.115473ms
 73: 0.108069ms
 74: 0.100865ms
 75: 0.108607ms
 76: 0.109594ms
 77: 0.113905ms
 78: 0.106083ms
 79: 0.090760ms
 80: 0.107920ms
 81: 0.113698ms
 82: 0.084614ms
 83: 0.107417ms
 84: 0.090106ms
 85: 0.099207ms
 86: 0.175292ms
 87: 0.106018ms
 88: 0.085963ms
 89: 0.105652ms
 90: 0.106151ms
 91: 0.107623ms
 92: 0.079133ms
 93: 0.109627ms
 94: 0.098391ms
 95: 0.109156ms
 96: 0.092301ms
 97: 0.106347ms
 98: 0.110103ms
 99: 0.112276ms
 100: 0.114403ms
 101: 0.115673ms
 102: 0.091160ms
 103: 0.123032ms
 104: 0.112963ms
 105: 0.086519ms
 106: 0.113132ms
 107: 0.092257ms
 108: 0.106687ms
 109: 0.089838ms
 110: 0.106400ms
 111: 0.112987ms
 112: 0.108387ms
 113: 0.096918ms
 114: 0.109806ms
 115: 0.112286ms
 116: 0.097813ms
 117: 0.090029ms
 118: 0.096235ms
 119: 0.110247ms
 120: 0.097139ms
 121: 0.103852ms
 122: 0.098850ms
 123: 0.107285ms
 124: 0.097519ms
 125: 0.120466ms
 126: 0.110140ms
 127: 0.083912ms
 128: 0.088384ms
 129: 0.109129ms
 130: 0.086755ms
 131: 0.092523ms
 132: 0.090854ms
 133: 0.095274ms
 134: 0.118380ms
 135: 0.090799ms
 136: 0.100137ms
 137: 0.238677ms
 138: 0.102688ms
 139: 0.103735ms
 140: 0.085035ms
 141: 0.105773ms
 142: 0.109694ms
 143: 0.105778ms
 144: 0.125449ms
 145: 0.103280ms
 146: 0.106992ms
 147: 0.106043ms
 148: 0.108312ms
 149: 0.180794ms
 150: 0.101202ms
 151: 0.095877ms
 152: 0.090428ms
 153: 0.106649ms
 154: 0.112422ms
 155: 0.108670ms
 156: 0.105190ms
 157: 0.274451ms
 158: 0.104940ms
 159: 0.102285ms
 160: 0.093398ms
 161: 0.103121ms
 162: 0.116484ms
 163: 0.106845ms
 164: 0.109053ms
 165: 0.090725ms
 166: 0.101486ms
 167: 0.109758ms
 168: 0.108013ms
 169: 0.108792ms
 170: 0.087032ms
 171: 0.110473ms
 172: 0.095842ms
 173: 0.090732ms
 174: 0.106571ms
 175: 0.103582ms
 176: 0.111323ms
 177: 0.092428ms
 178: 0.118503ms
 179: 0.092087ms
 180: 0.197228ms
 181: 0.109584ms
 182: 0.088021ms
 183: 0.092272ms
 184: 0.092550ms
 185: 0.091351ms
 186: 0.102067ms
 187: 0.087100ms
 188: 0.089410ms
 189: 0.112242ms
 190: 0.114033ms
 191: 0.111958ms
 192: 0.108023ms
 193: 0.100277ms
 194: 0.107950ms
 195: 0.098504ms
 196: 0.097013ms
 197: 0.102673ms
 198: 0.086939ms
 199: 0.094631ms


-- Real : Q1: 50 Q2: 100 Q3: 150
-- Array: Q1: 49 Q2: 99 Q3: 149
Printing sorted runtimes:
 0: 0.094631ms
 1: 0.088384ms
 2: 0.086939ms
 3: 0.083912ms
 4: 0.086755ms
 5: 0.092523ms
 6: 0.090029ms
 7: 0.090854ms
 8: 0.090799ms
 9: 0.089838ms
 10: 0.092257ms
 11: 0.086519ms
 12: 0.089410ms
 13: 0.089026ms
 14: 0.091160ms
 15: 0.087100ms
 16: 0.085035ms
 17: 0.092301ms
 18: 0.079133ms
 19: 0.085963ms
 20: 0.091351ms
 21: 0.092550ms
 22: 0.090106ms
 23: 0.092272ms
 24: 0.084614ms
 25: 0.090760ms
 26: 0.093880ms
 27: 0.090428ms
 28: 0.092712ms
 29: 0.086094ms
 30: 0.088021ms
 31: 0.091326ms
 32: 0.092087ms
 33: 0.093398ms
 34: 0.092428ms
 35: 0.080654ms
 36: 0.085366ms
 37: 0.090732ms
 38: 0.090725ms
 39: 0.087032ms
 40: 0.097167ms
 41: 0.095979ms
 42: 0.096918ms
 43: 0.095842ms
 44: 0.095274ms
 45: 0.096235ms
 46: 0.095792ms
 47: 0.095877ms
 48: 0.097013ms
 49: 0.097139ms
 50: 0.097519ms
 51: 0.106083ms
 52: 0.098391ms
 53: 0.097813ms
 54: 0.099207ms
 55: 0.101019ms
 56: 0.100334ms
 57: 0.100277ms
 58: 0.101486ms
 59: 0.102545ms
 60: 0.101202ms
 61: 0.100871ms
 62: 0.102285ms
 63: 0.098878ms
 64: 0.100865ms
 65: 0.098850ms
 66: 0.100137ms
 67: 0.098504ms
 68: 0.102067ms
 69: 0.101782ms
 70: 0.099797ms
 71: 0.102673ms
 72: 0.097722ms
 73: 0.104426ms
 74: 0.105190ms
 75: 0.104940ms
 76: 0.105650ms
 77: 0.103121ms
 78: 0.105773ms
 79: 0.103866ms
 80: 0.105778ms
 81: 0.103280ms
 82: 0.103735ms
 83: 0.105571ms
 84: 0.105735ms
 85: 0.103582ms
 86: 0.106043ms
 87: 0.106018ms
 88: 0.102955ms
 89: 0.105652ms
 90: 0.103786ms
 91: 0.102688ms
 92: 0.103852ms
 93: 0.106400ms
 94: 0.106151ms
 95: 0.106282ms
 96: 0.106394ms
 97: 0.106347ms
 98: 0.106649ms
 99: 0.106571ms
 100: 0.106687ms
 101: 0.109806ms
 102: 0.106867ms
 103: 0.106845ms
 104: 0.106815ms
 105: 0.108023ms
 106: 0.107623ms
 107: 0.107417ms
 108: 0.108312ms
 109: 0.107950ms
 110: 0.107920ms
 111: 0.108607ms
 112: 0.108387ms
 113: 0.108069ms
 114: 0.108670ms
 115: 0.108541ms
 116: 0.106992ms
 117: 0.108550ms
 118: 0.107454ms
 119: 0.109156ms
 120: 0.109053ms
 121: 0.107076ms
 122: 0.108013ms
 123: 0.107285ms
 124: 0.108792ms
 125: 0.107237ms
 126: 0.109129ms
 127: 0.107993ms
 128: 0.109528ms
 129: 0.109758ms
 130: 0.109532ms
 131: 0.109658ms
 132: 0.109594ms
 133: 0.106760ms
 134: 0.109584ms
 135: 0.109627ms
 136: 0.109694ms
 137: 0.111609ms
 138: 0.109964ms
 139: 0.109963ms
 140: 0.110247ms
 141: 0.110085ms
 142: 0.110140ms
 143: 0.111323ms
 144: 0.111132ms
 145: 0.110103ms
 146: 0.110586ms
 147: 0.110473ms
 148: 0.111841ms
 149: 0.111682ms
 150: 0.111958ms
 151: 0.112117ms
 152: 0.112242ms
 153: 0.112276ms
 154: 0.112286ms
 155: 0.112422ms
 156: 0.113905ms
 157: 0.112549ms
 158: 0.113698ms
 159: 0.112873ms
 160: 0.112987ms
 161: 0.112809ms
 162: 0.113132ms
 163: 0.112632ms
 164: 0.112653ms
 165: 0.112963ms
 166: 0.116374ms
 167: 0.116484ms
 168: 0.205387ms
 169: 0.114234ms
 170: 0.115384ms
 171: 0.118121ms
 172: 0.274451ms
 173: 0.230212ms
 174: 0.116338ms
 175: 0.291303ms
 176: 0.115473ms
 177: 0.210834ms
 178: 0.118503ms
 179: 0.180794ms
 180: 0.197228ms
 181: 0.175292ms
 182: 0.116074ms
 183: 0.125449ms
 184: 0.114403ms
 185: 0.239788ms
 186: 0.209372ms
 187: 0.115673ms
 188: 0.123032ms
 189: 0.238677ms
 190: 0.114033ms
 191: 0.118380ms
 192: 0.254567ms
 193: 0.121648ms
 194: 0.120466ms
 195: 0.179881ms
 196: 0.935961ms
 197: 0.296746ms
 198: 0.122632ms
 199: 0.440035ms


Measurements
--------------------------
FFT Size            : 55^3
Threads             : 34
Batch               : 1
Iterations          : 200
Avg Tot Runtime     : 0.118060 ms
Runtime per batch   : 0.118060 ms
SD                  : 0.071299 ms
Q1                  : 0.097139 ms
Median              : 0.106629 ms
Q3                  : 0.111682 ms
