Expm 2: Streaming FFT

Printing individual runtimes:
 0: 0.272875ms
 1: 0.117683ms
 2: 0.113751ms
 3: 0.293115ms
 4: 0.111360ms
 5: 0.936728ms
 6: 0.102114ms
 7: 0.086449ms
 8: 0.084298ms
 9: 0.187397ms
 10: 0.123671ms
 11: 0.262975ms
 12: 0.086840ms
 13: 0.204169ms
 14: 0.091975ms
 15: 0.108062ms
 16: 0.297280ms
 17: 0.108897ms
 18: 0.109477ms
 19: 0.108266ms
 20: 0.098054ms
 21: 0.091488ms
 22: 0.108006ms
 23: 0.200963ms
 24: 0.128788ms
 25: 0.088141ms
 26: 0.089332ms
 27: 0.280622ms
 28: 0.086497ms
 29: 0.122110ms
 30: 0.122252ms
 31: 0.113351ms
 32: 0.119423ms
 33: 0.090361ms
 34: 0.108742ms
 35: 0.085694ms
 36: 0.101450ms
 37: 0.109579ms
 38: 0.103553ms
 39: 0.106342ms
 40: 0.181926ms
 41: 0.248438ms
 42: 0.111374ms
 43: 0.108711ms
 44: 0.108725ms
 45: 0.107425ms
 46: 0.114498ms
 47: 0.110931ms
 48: 0.109344ms
 49: 0.106668ms
 50: 0.103836ms
 51: 0.110437ms
 52: 0.103216ms
 53: 0.108019ms
 54: 0.115551ms
 55: 0.111050ms
 56: 0.106819ms
 57: 0.108446ms
 58: 0.110973ms
 59: 0.101293ms
 60: 0.106556ms
 61: 0.102346ms
 62: 0.112605ms
 63: 0.110689ms
 64: 0.169125ms
 65: 0.126125ms
 66: 0.106846ms
 67: 0.104822ms
 68: 0.108037ms
 69: 0.287288ms
 70: 0.112382ms
 71: 0.116540ms
 72: 0.115137ms
 73: 0.192708ms
 74: 0.101642ms
 75: 0.088258ms
 76: 0.110438ms
 77: 0.125151ms
 78: 0.124020ms
 79: 0.105285ms
 80: 0.111940ms
 81: 0.102815ms
 82: 0.111195ms
 83: 0.116140ms
 84: 0.100059ms
 85: 0.106783ms
 86: 0.105445ms
 87: 0.108611ms
 88: 0.109311ms
 89: 0.113261ms
 90: 0.109124ms
 91: 0.110879ms
 92: 0.114010ms
 93: 0.104553ms
 94: 0.110622ms
 95: 0.106453ms
 96: 0.104869ms
 97: 0.111590ms
 98: 0.110322ms
 99: 0.108334ms
 100: 0.104421ms
 101: 0.107204ms
 102: 0.108121ms
 103: 0.109521ms
 104: 0.119759ms
 105: 0.094408ms
 106: 0.108355ms
 107: 0.105827ms
 108: 0.110068ms
 109: 0.103959ms
 110: 0.110646ms
 111: 0.108961ms
 112: 0.107820ms
 113: 0.106958ms
 114: 0.102949ms
 115: 0.110310ms
 116: 0.284987ms
 117: 0.110528ms
 118: 0.102654ms
 119: 0.109932ms
 120: 0.112168ms
 121: 0.105438ms
 122: 0.110395ms
 123: 0.108216ms
 124: 0.102114ms
 125: 0.104691ms
 126: 0.101264ms
 127: 0.113414ms
 128: 0.110631ms
 129: 0.104232ms
 130: 0.109180ms
 131: 0.110547ms
 132: 0.114649ms
 133: 0.101169ms
 134: 0.116332ms
 135: 0.104073ms
 136: 0.109979ms
 137: 0.108261ms
 138: 0.113597ms
 139: 0.114030ms
 140: 0.110730ms
 141: 0.106368ms
 142: 0.103721ms
 143: 0.115869ms
 144: 0.106057ms
 145: 0.104620ms
 146: 0.113852ms
 147: 0.105404ms
 148: 0.107054ms
 149: 0.108782ms
 150: 0.104177ms
 151: 0.104531ms
 152: 0.110239ms
 153: 0.104683ms
 154: 0.110598ms
 155: 0.113609ms
 156: 0.102170ms
 157: 0.122493ms
 158: 0.115104ms
 159: 0.111299ms
 160: 0.116597ms
 161: 0.098070ms
 162: 0.103750ms
 163: 0.110278ms
 164: 0.106979ms
 165: 0.099283ms
 166: 0.105532ms
 167: 0.105770ms
 168: 0.110240ms
 169: 0.102561ms
 170: 0.104894ms
 171: 0.108820ms
 172: 0.110434ms
 173: 0.103249ms
 174: 0.094830ms
 175: 0.107238ms
 176: 0.104035ms
 177: 0.105021ms
 178: 0.108817ms
 179: 0.106209ms
 180: 0.107771ms
 181: 0.107697ms
 182: 0.105896ms
 183: 0.107823ms
 184: 0.112479ms
 185: 0.108700ms
 186: 0.108764ms
 187: 0.103960ms
 188: 0.114162ms
 189: 0.107659ms
 190: 0.104383ms
 191: 0.099952ms
 192: 0.109512ms
 193: 0.107892ms
 194: 0.110318ms
 195: 0.118625ms
 196: 0.104139ms
 197: 0.115097ms
 198: 0.104074ms
 199: 0.098444ms


-- Real : Q1: 50 Q2: 100 Q3: 150
-- Array: Q1: 49 Q2: 99 Q3: 149
Printing sorted runtimes:
 0: 0.104421ms
 1: 0.098444ms
 2: 0.104074ms
 3: 0.104139ms
 4: 0.099952ms
 5: 0.104383ms
 6: 0.102114ms
 7: 0.086449ms
 8: 0.084298ms
 9: 0.103960ms
 10: 0.104035ms
 11: 0.094830ms
 12: 0.086840ms
 13: 0.103249ms
 14: 0.091975ms
 15: 0.102561ms
 16: 0.099283ms
 17: 0.103750ms
 18: 0.098070ms
 19: 0.102170ms
 20: 0.098054ms
 21: 0.091488ms
 22: 0.104177ms
 23: 0.103721ms
 24: 0.104073ms
 25: 0.088141ms
 26: 0.089332ms
 27: 0.101169ms
 28: 0.086497ms
 29: 0.104232ms
 30: 0.101264ms
 31: 0.102114ms
 32: 0.102654ms
 33: 0.090361ms
 34: 0.102949ms
 35: 0.085694ms
 36: 0.101450ms
 37: 0.103959ms
 38: 0.103553ms
 39: 0.094408ms
 40: 0.100059ms
 41: 0.102815ms
 42: 0.088258ms
 43: 0.101642ms
 44: 0.102346ms
 45: 0.101293ms
 46: 0.103216ms
 47: 0.103836ms
 48: 0.104553ms
 49: 0.104531ms
 50: 0.104620ms
 51: 0.107771ms
 52: 0.104869ms
 53: 0.104822ms
 54: 0.104691ms
 55: 0.105532ms
 56: 0.105770ms
 57: 0.104894ms
 58: 0.105445ms
 59: 0.105438ms
 60: 0.105285ms
 61: 0.105827ms
 62: 0.105404ms
 63: 0.105021ms
 64: 0.105896ms
 65: 0.106453ms
 66: 0.106342ms
 67: 0.106556ms
 68: 0.106368ms
 69: 0.106209ms
 70: 0.106057ms
 71: 0.106668ms
 72: 0.106958ms
 73: 0.107425ms
 74: 0.107238ms
 75: 0.107204ms
 76: 0.104683ms
 77: 0.106819ms
 78: 0.106846ms
 79: 0.106979ms
 80: 0.106783ms
 81: 0.107697ms
 82: 0.107054ms
 83: 0.107659ms
 84: 0.108355ms
 85: 0.108121ms
 86: 0.108037ms
 87: 0.108216ms
 88: 0.107820ms
 89: 0.108006ms
 90: 0.108266ms
 91: 0.107892ms
 92: 0.108334ms
 93: 0.108261ms
 94: 0.107823ms
 95: 0.108019ms
 96: 0.108062ms
 97: 0.108611ms
 98: 0.108446ms
 99: 0.108700ms
 100: 0.108711ms
 101: 0.112382ms
 102: 0.108742ms
 103: 0.108897ms
 104: 0.109344ms
 105: 0.109180ms
 106: 0.108764ms
 107: 0.108817ms
 108: 0.109477ms
 109: 0.109124ms
 110: 0.108820ms
 111: 0.108961ms
 112: 0.109311ms
 113: 0.108782ms
 114: 0.109512ms
 115: 0.110310ms
 116: 0.110434ms
 117: 0.110528ms
 118: 0.110646ms
 119: 0.109932ms
 120: 0.109579ms
 121: 0.110068ms
 122: 0.110395ms
 123: 0.109521ms
 124: 0.110689ms
 125: 0.110322ms
 126: 0.110318ms
 127: 0.110973ms
 128: 0.110631ms
 129: 0.110240ms
 130: 0.110598ms
 131: 0.110547ms
 132: 0.110622ms
 133: 0.110879ms
 134: 0.110437ms
 135: 0.110278ms
 136: 0.109979ms
 137: 0.110438ms
 138: 0.110931ms
 139: 0.110239ms
 140: 0.110730ms
 141: 0.111050ms
 142: 0.111299ms
 143: 0.112168ms
 144: 0.111374ms
 145: 0.111590ms
 146: 0.111360ms
 147: 0.108725ms
 148: 0.111195ms
 149: 0.111940ms
 150: 0.112479ms
 151: 0.112605ms
 152: 0.113261ms
 153: 0.113351ms
 154: 0.113414ms
 155: 0.113597ms
 156: 0.115869ms
 157: 0.113609ms
 158: 0.115104ms
 159: 0.113751ms
 160: 0.116597ms
 161: 0.114030ms
 162: 0.117683ms
 163: 0.115097ms
 164: 0.116332ms
 165: 0.114498ms
 166: 0.115551ms
 167: 0.114649ms
 168: 0.114162ms
 169: 0.113852ms
 170: 0.116540ms
 171: 0.115137ms
 172: 0.116140ms
 173: 0.114010ms
 174: 0.262975ms
 175: 0.119759ms
 176: 0.123671ms
 177: 0.272875ms
 178: 0.204169ms
 179: 0.181926ms
 180: 0.284987ms
 181: 0.248438ms
 182: 0.124020ms
 183: 0.125151ms
 184: 0.192708ms
 185: 0.119423ms
 186: 0.122252ms
 187: 0.187397ms
 188: 0.122110ms
 189: 0.287288ms
 190: 0.936728ms
 191: 0.126125ms
 192: 0.169125ms
 193: 0.280622ms
 194: 0.297280ms
 195: 0.118625ms
 196: 0.293115ms
 197: 0.128788ms
 198: 0.200963ms
 199: 0.122493ms


Measurements
--------------------------
FFT Size            : 55^3
Threads             : 35
Batch               : 1
Iterations          : 200
Avg Tot Runtime     : 0.121026 ms
Runtime per batch   : 0.121026 ms
SD                  : 0.068477 ms
Q1                  : 0.104531 ms
Median              : 0.108705 ms
Q3                  : 0.111940 ms
