Expm 2: Streaming FFTW
FFTW Plan: Patient
-- Cannot import wisdom from ../../wisdom/singlenode/all/426/fftw_426_t40_b1.patient
-- Exporting wisdom file to ../../wisdom/singlenode/all/426/fftw_426_t40_b1.patient
Iteration: 0, 1, 2, 3, 4, 5, 6, 7, 8, 9, 10, 11, 12, 13, 14, 15, 16, 17, 18, 19, 20, 21, 22, 23, 24, 25, 26, 27, 28, 29, 30, 31, 32, 33, 34, 35, 36, 37, 38, 39, 40, 41, 42, 43, 44, 45, 46, 47, 48, 49, 
Printing individual runtimes:
 0: 240.212403ms
 1: 125.244550ms
 2: 213.536837ms
 3: 126.661352ms
 4: 124.897818ms
 5: 125.188801ms
 6: 126.690091ms
 7: 126.225184ms
 8: 214.521426ms
 9: 125.509241ms
 10: 126.630847ms
 11: 127.374956ms
 12: 125.146717ms
 13: 124.792462ms
 14: 125.040735ms
 15: 235.529000ms
 16: 240.135878ms
 17: 125.421246ms
 18: 309.522456ms
 19: 297.479725ms
 20: 227.486509ms
 21: 124.927071ms
 22: 323.711392ms
 23: 235.984646ms
 24: 233.832404ms
 25: 125.355250ms
 26: 124.630204ms
 27: 124.740966ms
 28: 234.513470ms
 29: 127.576443ms
 30: 125.410282ms
 31: 125.390596ms
 32: 125.486919ms
 33: 125.214267ms
 34: 125.493402ms
 35: 124.699626ms
 36: 128.170748ms
 37: 125.212121ms
 38: 125.097260ms
 39: 126.597878ms
 40: 124.376738ms
 41: 129.009196ms
 42: 125.248779ms
 43: 125.755235ms
 44: 125.694132ms
 45: 130.922333ms
 46: 124.643271ms
 47: 124.771003ms
 48: 126.466406ms
 49: 127.698532ms


Measurements
--------------------------
FFT Size            : 426^3
Threads             : 40
Batch               : 1
Iterations          : 50
Avg Tot Runtime     : 155.797576 ms
Runtime per batch   : 155.797576 ms
SD                  : 56.074377 ms
Throughput          : 8.958428 GFLOPs
Plan Time           : 263.370984 sec
