Expm 2: Streaming FFTW
FFTW Plan: Patient
-- Cannot import wisdom from ../../wisdom/singlenode/all/390/fftw_390_t39_b1.patient
-- Exporting wisdom file to ../../wisdom/singlenode/all/390/fftw_390_t39_b1.patient
Iteration: 0, 1, 2, 3, 4, 5, 6, 7, 8, 9, 10, 11, 12, 13, 14, 15, 16, 17, 18, 19, 20, 21, 22, 23, 24, 25, 26, 27, 28, 29, 30, 31, 32, 33, 34, 35, 36, 37, 38, 39, 40, 41, 42, 43, 44, 45, 46, 47, 48, 49, 
Printing individual runtimes:
 0: 68.512695ms
 1: 28.925341ms
 2: 28.104670ms
 3: 28.640570ms
 4: 53.516872ms
 5: 28.857064ms
 6: 28.495873ms
 7: 28.795322ms
 8: 28.525467ms
 9: 28.810114ms
 10: 28.690496ms
 11: 28.802442ms
 12: 28.618508ms
 13: 28.740082ms
 14: 28.793559ms
 15: 28.830472ms
 16: 28.309962ms
 17: 28.448153ms
 18: 28.696671ms
 19: 28.813611ms
 20: 28.822037ms
 21: 48.601879ms
 22: 28.220982ms
 23: 28.109006ms
 24: 28.502127ms
 25: 28.597993ms
 26: 28.509286ms
 27: 28.120721ms
 28: 28.308614ms
 29: 28.278508ms
 30: 26.874832ms
 31: 27.429979ms
 32: 27.801095ms
 33: 27.836497ms
 34: 27.850450ms
 35: 27.787706ms
 36: 27.704894ms
 37: 27.824179ms
 38: 27.791636ms
 39: 27.801569ms
 40: 27.768005ms
 41: 27.772051ms
 42: 27.788001ms
 43: 27.698807ms
 44: 27.711712ms
 45: 27.882820ms
 46: 27.839067ms
 47: 27.800101ms
 48: 27.753305ms
 49: 27.629353ms


Measurements
--------------------------
FFT Size            : 390^3
Threads             : 39
Batch               : 1
Iterations          : 50
Avg Tot Runtime     : 29.926903 ms
Runtime per batch   : 29.926903 ms
SD                  : 7.133214 ms
Throughput          : 1.719643 GFLOPs
Plan Time           : 200.076059 sec
