Expm 2: Streaming FFTW
FFTW Plan: Patient
-- Cannot import wisdom from ../../wisdom/singlenode/all/386/fftw_386_t39_b1.patient
-- Exporting wisdom file to ../../wisdom/singlenode/all/386/fftw_386_t39_b1.patient
Iteration: 0, 1, 2, 3, 4, 5, 6, 7, 8, 9, 10, 11, 12, 13, 14, 15, 16, 17, 18, 19, 20, 21, 22, 23, 24, 25, 26, 27, 28, 29, 30, 31, 32, 33, 34, 35, 36, 37, 38, 39, 40, 41, 42, 43, 44, 45, 46, 47, 48, 49, 
Printing individual runtimes:
 0: 87.205057ms
 1: 83.781034ms
 2: 83.170033ms
 3: 82.329301ms
 4: 80.770238ms
 5: 84.960043ms
 6: 123.510859ms
 7: 99.665179ms
 8: 85.937985ms
 9: 81.576267ms
 10: 79.768392ms
 11: 111.174329ms
 12: 132.971306ms
 13: 81.614426ms
 14: 82.742470ms
 15: 77.281169ms
 16: 79.069513ms
 17: 79.739881ms
 18: 81.221342ms
 19: 80.333704ms
 20: 81.234776ms
 21: 100.513758ms
 22: 80.943513ms
 23: 80.102208ms
 24: 80.340742ms
 25: 82.815898ms
 26: 121.472452ms
 27: 81.361223ms
 28: 89.124573ms
 29: 113.941128ms
 30: 83.483531ms
 31: 86.301490ms
 32: 111.395429ms
 33: 83.247640ms
 34: 83.913716ms
 35: 83.162585ms
 36: 82.286278ms
 37: 83.636618ms
 38: 85.773718ms
 39: 82.409255ms
 40: 85.120788ms
 41: 81.479750ms
 42: 79.566240ms
 43: 87.745641ms
 44: 83.282988ms
 45: 81.519265ms
 46: 80.829162ms
 47: 82.176077ms
 48: 80.672823ms
 49: 133.328859ms


Measurements
--------------------------
FFT Size            : 386^3
Threads             : 39
Batch               : 1
Iterations          : 50
Avg Tot Runtime     : 88.640093 ms
Runtime per batch   : 88.640093 ms
SD                  : 14.114351 ms
Throughput          : 7.172667 GFLOPs
Plan Time           : 341.470708 sec
