Expm 2: Streaming FFTW
FFTW Plan: Patient
-- Cannot import wisdom from ../../wisdom/singlenode/all/172/fftw_172_t39_b1.patient
-- Exporting wisdom file to ../../wisdom/singlenode/all/172/fftw_172_t39_b1.patient
Iteration: 0, 1, 2, 3, 4, 5, 6, 7, 8, 9, 10, 11, 12, 13, 14, 15, 16, 17, 18, 19, 20, 21, 22, 23, 24, 25, 26, 27, 28, 29, 30, 31, 32, 33, 34, 35, 36, 37, 38, 39, 40, 41, 42, 43, 44, 45, 46, 47, 48, 49, 
Printing individual runtimes:
 0: 11.062971ms
 1: 10.964640ms
 2: 10.957628ms
 3: 11.044537ms
 4: 11.006675ms
 5: 20.940910ms
 6: 12.485392ms
 7: 10.917717ms
 8: 10.939229ms
 9: 11.138152ms
 10: 11.004894ms
 11: 11.100300ms
 12: 10.984463ms
 13: 17.327139ms
 14: 10.944267ms
 15: 10.805753ms
 16: 11.119845ms
 17: 11.073193ms
 18: 11.084282ms
 19: 16.608355ms
 20: 10.993976ms
 21: 12.357280ms
 22: 11.094618ms
 23: 11.066666ms
 24: 10.894658ms
 25: 11.008865ms
 26: 10.988945ms
 27: 10.886778ms
 28: 11.081916ms
 29: 21.729661ms
 30: 20.996532ms
 31: 11.006802ms
 32: 10.907924ms
 33: 11.115608ms
 34: 11.018579ms
 35: 11.133897ms
 36: 10.961800ms
 37: 11.023269ms
 38: 11.093555ms
 39: 11.069606ms
 40: 11.053780ms
 41: 11.065972ms
 42: 11.048560ms
 43: 11.030369ms
 44: 11.099837ms
 45: 11.152694ms
 46: 11.077876ms
 47: 11.033001ms
 48: 11.051170ms
 49: 13.544481ms


Measurements
--------------------------
FFT Size            : 172^3
Threads             : 39
Batch               : 1
Iterations          : 50
Avg Tot Runtime     : 11.981980 ms
Runtime per batch   : 11.981980 ms
SD                  : 2.637966 ms
Throughput          : 0.738620 GFLOPs
Plan Time           : 50.657809 sec
