Expm 2: Streaming FFTW
FFTW Plan: Patient
-- Cannot import wisdom from ../../wisdom/singlenode/all/172/fftw_172_t40_b1.patient
-- Exporting wisdom file to ../../wisdom/singlenode/all/172/fftw_172_t40_b1.patient
Iteration: 0, 1, 2, 3, 4, 5, 6, 7, 8, 9, 10, 11, 12, 13, 14, 15, 16, 17, 18, 19, 20, 21, 22, 23, 24, 25, 26, 27, 28, 29, 30, 31, 32, 33, 34, 35, 36, 37, 38, 39, 40, 41, 42, 43, 44, 45, 46, 47, 48, 49, 
Printing individual runtimes:
 0: 22.310800ms
 1: 11.973279ms
 2: 11.807610ms
 3: 21.647845ms
 4: 11.988595ms
 5: 11.940019ms
 6: 11.473206ms
 7: 12.026211ms
 8: 11.444143ms
 9: 22.730532ms
 10: 11.527340ms
 11: 11.533446ms
 12: 18.041953ms
 13: 11.943098ms
 14: 11.480605ms
 15: 11.495937ms
 16: 11.527318ms
 17: 11.480745ms
 18: 11.632872ms
 19: 11.957370ms
 20: 11.528653ms
 21: 12.040430ms
 22: 11.531974ms
 23: 11.503434ms
 24: 11.490128ms
 25: 11.893052ms
 26: 11.697075ms
 27: 11.975461ms
 28: 11.485479ms
 29: 11.435004ms
 30: 22.431383ms
 31: 20.882395ms
 32: 12.022537ms
 33: 11.586804ms
 34: 11.465633ms
 35: 11.452226ms
 36: 11.840033ms
 37: 11.902715ms
 38: 11.832117ms
 39: 11.925614ms
 40: 11.486186ms
 41: 11.888255ms
 42: 21.522907ms
 43: 21.382277ms
 44: 31.450978ms
 45: 11.408671ms
 46: 11.802805ms
 47: 11.842703ms
 48: 11.929291ms
 49: 11.455740ms


Measurements
--------------------------
FFT Size            : 172^3
Threads             : 40
Batch               : 1
Iterations          : 50
Avg Tot Runtime     : 13.641098 ms
Runtime per batch   : 13.641098 ms
SD                  : 4.397334 ms
Throughput          : 0.736658 GFLOPs
Plan Time           : 50.585306 sec
