Expm 2: Streaming FFTW
FFTW Plan: Patient
-- Cannot import wisdom from ../../wisdom/singlenode/all/330/fftw_330_t39_b1.patient
-- Exporting wisdom file to ../../wisdom/singlenode/all/330/fftw_330_t39_b1.patient
Iteration: 0, 1, 2, 3, 4, 5, 6, 7, 8, 9, 10, 11, 12, 13, 14, 15, 16, 17, 18, 19, 20, 21, 22, 23, 24, 25, 26, 27, 28, 29, 30, 31, 32, 33, 34, 35, 36, 37, 38, 39, 40, 41, 42, 43, 44, 45, 46, 47, 48, 49, 
Printing individual runtimes:
 0: 20.074302ms
 1: 20.417956ms
 2: 20.110135ms
 3: 20.157682ms
 4: 20.209766ms
 5: 20.186347ms
 6: 20.215280ms
 7: 20.251105ms
 8: 20.138844ms
 9: 20.439376ms
 10: 20.170711ms
 11: 20.152000ms
 12: 20.286814ms
 13: 20.074959ms
 14: 20.298524ms
 15: 20.141823ms
 16: 20.235826ms
 17: 20.719650ms
 18: 20.536913ms
 19: 20.599676ms
 20: 20.755545ms
 21: 20.558580ms
 22: 30.707463ms
 23: 20.205969ms
 24: 19.977237ms
 25: 20.183649ms
 26: 20.236264ms
 27: 20.098480ms
 28: 20.314620ms
 29: 20.207287ms
 30: 20.073142ms
 31: 20.328705ms
 32: 20.160602ms
 33: 20.415164ms
 34: 20.104627ms
 35: 20.211227ms
 36: 20.107305ms
 37: 20.132284ms
 38: 20.079757ms
 39: 20.344448ms
 40: 20.124221ms
 41: 20.111718ms
 42: 20.135183ms
 43: 20.044085ms
 44: 20.041295ms
 45: 20.577018ms
 46: 20.597193ms
 47: 20.581610ms
 48: 28.161484ms
 49: 21.022899ms


Measurements
--------------------------
FFT Size            : 330^3
Threads             : 39
Batch               : 1
Iterations          : 50
Avg Tot Runtime     : 20.640335 ms
Runtime per batch   : 20.640335 ms
SD                  : 1.825698 ms
Throughput          : 1.010442 GFLOPs
Plan Time           : 159.506773 sec
