Expm 2: Streaming FFTW
FFTW Plan: Patient
-- Cannot import wisdom from ../../wisdom/singlenode/all/127/fftw_127_t39_b1.patient
-- Exporting wisdom file to ../../wisdom/singlenode/all/127/fftw_127_t39_b1.patient
Iteration: 0, 1, 2, 3, 4, 5, 6, 7, 8, 9, 10, 11, 12, 13, 14, 15, 16, 17, 18, 19, 20, 21, 22, 23, 24, 25, 26, 27, 28, 29, 30, 31, 32, 33, 34, 35, 36, 37, 38, 39, 40, 41, 42, 43, 44, 45, 46, 47, 48, 49, 
Printing individual runtimes:
 0: 5.212127ms
 1: 5.286989ms
 2: 2.804581ms
 3: 2.820868ms
 4: 2.775671ms
 5: 2.822468ms
 6: 2.835580ms
 7: 2.842839ms
 8: 2.861705ms
 9: 2.820485ms
 10: 2.960488ms
 11: 2.826822ms
 12: 2.802000ms
 13: 5.618317ms
 14: 5.529900ms
 15: 2.783752ms
 16: 2.796640ms
 17: 2.803073ms
 18: 2.814844ms
 19: 2.823353ms
 20: 9.215264ms
 21: 5.446666ms
 22: 5.294966ms
 23: 2.758753ms
 24: 2.789200ms
 25: 2.740964ms
 26: 2.786431ms
 27: 2.778290ms
 28: 2.811548ms
 29: 2.751338ms
 30: 2.750955ms
 31: 2.800470ms
 32: 2.738656ms
 33: 2.744446ms
 34: 2.818840ms
 35: 3.093726ms
 36: 2.790834ms
 37: 2.730846ms
 38: 2.741854ms
 39: 2.766554ms
 40: 2.746172ms
 41: 2.773972ms
 42: 2.768715ms
 43: 2.792838ms
 44: 2.794333ms
 45: 2.745025ms
 46: 2.742424ms
 47: 2.744904ms
 48: 2.718800ms
 49: 3.025293ms


Measurements
--------------------------
FFT Size            : 127^3
Threads             : 39
Batch               : 1
Iterations          : 50
Avg Tot Runtime     : 3.240912 ms
Runtime per batch   : 3.240912 ms
SD                  : 1.202376 ms
Throughput          : 0.228774 GFLOPs
Plan Time           : 31.970970 sec
