Expm 2: Streaming FFTW
FFTW Plan: Patient
-- Cannot import wisdom from ../../wisdom/singlenode/all/127/fftw_127_t37_b1.patient
-- Exporting wisdom file to ../../wisdom/singlenode/all/127/fftw_127_t37_b1.patient
Iteration: 0, 1, 2, 3, 4, 5, 6, 7, 8, 9, 10, 11, 12, 13, 14, 15, 16, 17, 18, 19, 20, 21, 22, 23, 24, 25, 26, 27, 28, 29, 30, 31, 32, 33, 34, 35, 36, 37, 38, 39, 40, 41, 42, 43, 44, 45, 46, 47, 48, 49, 
Printing individual runtimes:
 0: 2.874775ms
 1: 2.896777ms
 2: 2.823020ms
 3: 2.789821ms
 4: 2.793456ms
 5: 2.903432ms
 6: 2.801853ms
 7: 2.837354ms
 8: 2.836711ms
 9: 5.353943ms
 10: 2.927233ms
 11: 2.835962ms
 12: 2.883351ms
 13: 2.877720ms
 14: 2.823372ms
 15: 2.836769ms
 16: 2.878863ms
 17: 2.822951ms
 18: 2.800537ms
 19: 2.863481ms
 20: 2.826066ms
 21: 2.824357ms
 22: 2.874303ms
 23: 2.869751ms
 24: 2.872767ms
 25: 2.835412ms
 26: 2.843168ms
 27: 2.867268ms
 28: 2.840453ms
 29: 2.820832ms
 30: 2.830761ms
 31: 2.833744ms
 32: 2.807961ms
 33: 2.881006ms
 34: 2.806850ms
 35: 2.854875ms
 36: 2.822714ms
 37: 2.874529ms
 38: 2.847654ms
 39: 2.836882ms
 40: 2.876706ms
 41: 2.844809ms
 42: 2.821503ms
 43: 2.803370ms
 44: 3.020337ms
 45: 2.856820ms
 46: 2.832834ms
 47: 2.783925ms
 48: 2.804529ms
 49: 2.869665ms


Measurements
--------------------------
FFT Size            : 127^3
Threads             : 37
Batch               : 1
Iterations          : 50
Avg Tot Runtime     : 2.896945 ms
Runtime per batch   : 2.896945 ms
SD                  : 0.353254 ms
Throughput          : 0.227032 GFLOPs
Plan Time           : 31.581960 sec
