Expm 2: Streaming FFTW
FFTW Plan: Patient
-- Cannot import wisdom from ../../wisdom/singlenode/all/419/fftw_419_t40_b1.patient
-- Exporting wisdom file to ../../wisdom/singlenode/all/419/fftw_419_t40_b1.patient
Iteration: 0, 1, 2, 3, 4, 5, 6, 7, 8, 9, 10, 11, 12, 13, 14, 15, 16, 17, 18, 19, 20, 21, 22, 23, 24, 25, 26, 27, 28, 29, 30, 31, 32, 33, 34, 35, 36, 37, 38, 39, 40, 41, 42, 43, 44, 45, 46, 47, 48, 49, 
Printing individual runtimes:
 0: 188.482382ms
 1: 98.854911ms
 2: 98.557341ms
 3: 98.899709ms
 4: 98.973142ms
 5: 97.818644ms
 6: 97.991536ms
 7: 99.075668ms
 8: 98.178060ms
 9: 98.807047ms
 10: 97.941503ms
 11: 99.013241ms
 12: 97.901291ms
 13: 181.773536ms
 14: 92.158832ms
 15: 104.373446ms
 16: 107.213293ms
 17: 98.711320ms
 18: 97.485735ms
 19: 151.179456ms
 20: 98.889991ms
 21: 97.938336ms
 22: 97.271853ms
 23: 99.745320ms
 24: 98.524598ms
 25: 97.238562ms
 26: 96.969880ms
 27: 136.147604ms
 28: 104.259726ms
 29: 104.357816ms
 30: 103.601960ms
 31: 103.086352ms
 32: 97.877343ms
 33: 106.860276ms
 34: 96.794722ms
 35: 101.391674ms
 36: 96.499486ms
 37: 96.289098ms
 38: 182.350133ms
 39: 93.069548ms
 40: 100.106254ms
 41: 100.135324ms
 42: 98.863289ms
 43: 94.500062ms
 44: 100.768795ms
 45: 156.070244ms
 46: 178.624370ms
 47: 97.139065ms
 48: 159.002275ms
 49: 101.777526ms


Measurements
--------------------------
FFT Size            : 419^3
Threads             : 40
Batch               : 1
Iterations          : 50
Avg Tot Runtime     : 109.990831 ms
Runtime per batch   : 109.990831 ms
SD                  : 25.877755 ms
Throughput          : 9.303329 GFLOPs
Plan Time           : 795.134763 sec
