Expm 2: Streaming FFTW
FFTW Plan: Patient
-- Cannot import wisdom from ../../wisdom/singlenode/all/457/fftw_457_t36_b1.patient
-- Exporting wisdom file to ../../wisdom/singlenode/all/457/fftw_457_t36_b1.patient
Iteration: 0, 1, 2, 3, 4, 5, 6, 7, 8, 9, 10, 11, 12, 13, 14, 15, 16, 17, 18, 19, 20, 21, 22, 23, 24, 25, 26, 27, 28, 29, 30, 31, 32, 33, 34, 35, 36, 37, 38, 39, 40, 41, 42, 43, 44, 45, 46, 47, 48, 49, 
Printing individual runtimes:
 0: 141.583497ms
 1: 133.618126ms
 2: 133.134382ms
 3: 133.483109ms
 4: 133.715132ms
 5: 133.543333ms
 6: 133.134913ms
 7: 133.125267ms
 8: 133.672533ms
 9: 207.232652ms
 10: 133.561684ms
 11: 133.643174ms
 12: 224.393349ms
 13: 132.118424ms
 14: 132.266344ms
 15: 133.701760ms
 16: 132.918164ms
 17: 134.039393ms
 18: 136.242418ms
 19: 225.202587ms
 20: 126.003195ms
 21: 133.941833ms
 22: 134.040648ms
 23: 136.486946ms
 24: 134.347805ms
 25: 135.444606ms
 26: 133.211839ms
 27: 132.525818ms
 28: 133.835757ms
 29: 135.791354ms
 30: 136.843381ms
 31: 134.204704ms
 32: 131.364042ms
 33: 131.280671ms
 34: 131.009393ms
 35: 131.267137ms
 36: 131.675070ms
 37: 131.080283ms
 38: 131.172698ms
 39: 131.040346ms
 40: 131.295671ms
 41: 131.151766ms
 42: 141.858349ms
 43: 131.029408ms
 44: 198.934513ms
 45: 136.144544ms
 46: 131.193086ms
 47: 131.021998ms
 48: 131.379596ms
 49: 133.565034ms


Measurements
--------------------------
FFT Size            : 457^3
Threads             : 36
Batch               : 1
Iterations          : 50
Avg Tot Runtime     : 139.769435 ms
Runtime per batch   : 139.769435 ms
SD                  : 22.244167 ms
Throughput          : 12.197617 GFLOPs
Plan Time           : 843.293977 sec
