Expm 2: Streaming FFTW
FFTW Plan: Patient
-- Cannot import wisdom from ../../wisdom/singlenode/all/202/fftw_202_t37_b1.patient
-- Exporting wisdom file to ../../wisdom/singlenode/all/202/fftw_202_t37_b1.patient
Iteration: 0, 1, 2, 3, 4, 5, 6, 7, 8, 9, 10, 11, 12, 13, 14, 15, 16, 17, 18, 19, 20, 21, 22, 23, 24, 25, 26, 27, 28, 29, 30, 31, 32, 33, 34, 35, 36, 37, 38, 39, 40, 41, 42, 43, 44, 45, 46, 47, 48, 49, 
Printing individual runtimes:
 0: 15.097266ms
 1: 14.593563ms
 2: 14.454026ms
 3: 14.678449ms
 4: 14.689416ms
 5: 14.639496ms
 6: 14.417609ms
 7: 14.882243ms
 8: 15.003734ms
 9: 14.480162ms
 10: 14.586148ms
 11: 14.722297ms
 12: 14.612787ms
 13: 14.602038ms
 14: 14.665878ms
 15: 14.436087ms
 16: 14.496070ms
 17: 14.708478ms
 18: 15.007126ms
 19: 14.942192ms
 20: 14.426740ms
 21: 14.495761ms
 22: 14.957807ms
 23: 14.945024ms
 24: 14.690227ms
 25: 14.890293ms
 26: 14.414184ms
 27: 14.608098ms
 28: 14.476728ms
 29: 14.683866ms
 30: 14.857902ms
 31: 14.458381ms
 32: 14.489421ms
 33: 14.633164ms
 34: 14.806953ms
 35: 14.870925ms
 36: 14.667399ms
 37: 14.546424ms
 38: 14.700271ms
 39: 14.588058ms
 40: 14.421182ms
 41: 14.446892ms
 42: 14.879807ms
 43: 14.801332ms
 44: 14.694500ms
 45: 14.378744ms
 46: 14.453319ms
 47: 14.633956ms
 48: 14.535807ms
 49: 14.704278ms


Measurements
--------------------------
FFT Size            : 202^3
Threads             : 37
Batch               : 1
Iterations          : 50
Avg Tot Runtime     : 14.657450 ms
Runtime per batch   : 14.657450 ms
SD                  : 0.184513 ms
Throughput          : 1.142594 GFLOPs
Plan Time           : 146.135097 sec
