Expm 2: Streaming FFT

Printing individual runtimes:
 0: 0.324732ms
 1: 0.134295ms
 2: 0.137015ms
 3: 0.364901ms
 4: 0.134041ms
 5: 2.945861ms
 6: 0.132980ms
 7: 0.188674ms
 8: 0.113673ms
 9: 0.128013ms
 10: 0.127935ms
 11: 0.390553ms
 12: 0.123857ms
 13: 0.102221ms
 14: 0.221893ms
 15: 0.117831ms
 16: 0.109682ms
 17: 0.130338ms
 18: 0.118261ms
 19: 0.118254ms
 20: 0.110451ms
 21: 0.428598ms
 22: 0.116427ms
 23: 0.134876ms
 24: 0.113599ms
 25: 0.114679ms
 26: 0.097763ms
 27: 0.129717ms
 28: 0.098609ms
 29: 0.108962ms
 30: 0.102100ms
 31: 0.107504ms
 32: 0.128373ms
 33: 0.108480ms
 34: 0.119777ms
 35: 0.117900ms
 36: 0.236137ms
 37: 0.124184ms
 38: 0.137447ms
 39: 0.387342ms
 40: 0.122974ms
 41: 0.108765ms
 42: 0.108434ms
 43: 0.122831ms
 44: 0.125211ms
 45: 0.208616ms
 46: 0.106142ms
 47: 0.124436ms
 48: 0.122810ms
 49: 0.109360ms
 50: 0.107095ms
 51: 0.142737ms
 52: 0.127042ms
 53: 0.103286ms
 54: 0.121310ms
 55: 0.117871ms
 56: 0.127076ms
 57: 0.126588ms
 58: 0.124967ms
 59: 0.102050ms
 60: 0.111456ms
 61: 0.122525ms
 62: 0.121719ms
 63: 0.128035ms
 64: 0.121851ms
 65: 0.109400ms
 66: 0.106699ms
 67: 0.112682ms
 68: 0.133286ms
 69: 0.117649ms
 70: 0.112392ms
 71: 0.115558ms
 72: 0.116842ms
 73: 0.426447ms
 74: 0.123486ms
 75: 0.112844ms
 76: 0.119157ms
 77: 0.104308ms
 78: 0.121012ms
 79: 0.106509ms
 80: 0.106258ms
 81: 0.106234ms
 82: 0.109721ms
 83: 0.106568ms
 84: 0.125232ms
 85: 0.110439ms
 86: 0.221633ms
 87: 0.120410ms
 88: 0.113358ms
 89: 0.106969ms
 90: 0.101621ms
 91: 0.127574ms
 92: 0.102051ms
 93: 0.102502ms
 94: 0.123417ms
 95: 0.124962ms
 96: 0.131741ms
 97: 0.116475ms
 98: 0.114427ms
 99: 0.100170ms
 100: 0.124654ms
 101: 0.133162ms
 102: 0.114927ms
 103: 0.102721ms
 104: 0.115438ms
 105: 0.120132ms
 106: 0.135017ms
 107: 0.105642ms
 108: 0.136318ms
 109: 0.121260ms
 110: 0.119381ms
 111: 0.119932ms
 112: 0.133328ms
 113: 0.132707ms
 114: 0.120845ms
 115: 0.122571ms
 116: 0.110761ms
 117: 0.106947ms
 118: 0.106893ms
 119: 0.106659ms
 120: 0.119111ms
 121: 0.119178ms
 122: 0.107287ms
 123: 0.107438ms
 124: 0.097829ms
 125: 0.125959ms
 126: 0.103608ms
 127: 0.115591ms
 128: 0.106399ms
 129: 0.117094ms
 130: 0.106533ms
 131: 0.106895ms
 132: 0.140564ms
 133: 0.127956ms
 134: 0.141634ms
 135: 0.117474ms
 136: 0.119779ms
 137: 0.134842ms
 138: 0.200418ms
 139: 0.127147ms
 140: 0.108263ms
 141: 0.117776ms
 142: 0.113410ms
 143: 0.126419ms
 144: 0.111693ms
 145: 0.117039ms
 146: 0.123482ms
 147: 0.129086ms
 148: 0.115413ms
 149: 0.140835ms
 150: 0.128123ms
 151: 0.124489ms
 152: 0.112713ms
 153: 0.139766ms
 154: 0.129933ms
 155: 0.115027ms
 156: 0.125245ms
 157: 0.107995ms
 158: 0.116073ms
 159: 0.126051ms
 160: 0.122817ms
 161: 0.118583ms
 162: 0.110320ms
 163: 0.239605ms
 164: 0.124119ms
 165: 0.115249ms
 166: 0.114551ms
 167: 0.131993ms
 168: 0.126961ms
 169: 0.131278ms
 170: 0.110362ms
 171: 0.125998ms
 172: 0.142229ms
 173: 0.140113ms
 174: 0.121196ms
 175: 0.124260ms
 176: 0.110712ms
 177: 0.128670ms
 178: 0.114485ms
 179: 0.127937ms
 180: 0.128111ms
 181: 0.132096ms
 182: 0.117128ms
 183: 0.114690ms
 184: 0.120604ms
 185: 0.111913ms
 186: 0.129280ms
 187: 0.130015ms
 188: 0.113168ms
 189: 0.123675ms
 190: 0.130511ms
 191: 0.109218ms
 192: 0.114939ms
 193: 0.114252ms
 194: 0.138278ms
 195: 0.127684ms
 196: 0.115168ms
 197: 0.116324ms
 198: 0.116221ms
 199: 0.113077ms


-- Real : Q1: 50 Q2: 100 Q3: 150
-- Array: Q1: 49 Q2: 99 Q3: 149
Printing sorted runtimes:
 0: 0.106399ms
 1: 0.102050ms
 2: 0.103608ms
 3: 0.097829ms
 4: 0.103286ms
 5: 0.106142ms
 6: 0.104308ms
 7: 0.106258ms
 8: 0.106234ms
 9: 0.102100ms
 10: 0.098609ms
 11: 0.097763ms
 12: 0.101621ms
 13: 0.102221ms
 14: 0.102051ms
 15: 0.105642ms
 16: 0.102502ms
 17: 0.102721ms
 18: 0.100170ms
 19: 0.110362ms
 20: 0.107995ms
 21: 0.107438ms
 22: 0.109682ms
 23: 0.106895ms
 24: 0.106533ms
 25: 0.106969ms
 26: 0.109400ms
 27: 0.110320ms
 28: 0.107095ms
 29: 0.108962ms
 30: 0.106947ms
 31: 0.107504ms
 32: 0.109360ms
 33: 0.108480ms
 34: 0.106568ms
 35: 0.109721ms
 36: 0.106893ms
 37: 0.109218ms
 38: 0.108263ms
 39: 0.106509ms
 40: 0.106659ms
 41: 0.108765ms
 42: 0.108434ms
 43: 0.106699ms
 44: 0.107287ms
 45: 0.110712ms
 46: 0.110451ms
 47: 0.110439ms
 48: 0.111456ms
 49: 0.110761ms
 50: 0.111693ms
 51: 0.117094ms
 52: 0.112392ms
 53: 0.112713ms
 54: 0.112682ms
 55: 0.113077ms
 56: 0.112844ms
 57: 0.116073ms
 58: 0.115591ms
 59: 0.116221ms
 60: 0.111913ms
 61: 0.116324ms
 62: 0.115168ms
 63: 0.115027ms
 64: 0.114252ms
 65: 0.114939ms
 66: 0.113673ms
 67: 0.113168ms
 68: 0.115438ms
 69: 0.114690ms
 70: 0.115249ms
 71: 0.115558ms
 72: 0.116842ms
 73: 0.114927ms
 74: 0.114427ms
 75: 0.116475ms
 76: 0.113410ms
 77: 0.116427ms
 78: 0.114485ms
 79: 0.114551ms
 80: 0.117039ms
 81: 0.113599ms
 82: 0.114679ms
 83: 0.113358ms
 84: 0.115413ms
 85: 0.118583ms
 86: 0.117474ms
 87: 0.117831ms
 88: 0.117649ms
 89: 0.117900ms
 90: 0.118261ms
 91: 0.117871ms
 92: 0.117776ms
 93: 0.118254ms
 94: 0.117128ms
 95: 0.119381ms
 96: 0.119157ms
 97: 0.119178ms
 98: 0.119111ms
 99: 0.119777ms
 100: 0.119779ms
 101: 0.124184ms
 102: 0.120132ms
 103: 0.120410ms
 104: 0.120604ms
 105: 0.121719ms
 106: 0.121851ms
 107: 0.121196ms
 108: 0.122525ms
 109: 0.121260ms
 110: 0.121012ms
 111: 0.121310ms
 112: 0.120845ms
 113: 0.123482ms
 114: 0.122831ms
 115: 0.122571ms
 116: 0.123417ms
 117: 0.122974ms
 118: 0.122810ms
 119: 0.122817ms
 120: 0.123675ms
 121: 0.119932ms
 122: 0.123857ms
 123: 0.124119ms
 124: 0.123486ms
 125: 0.124489ms
 126: 0.124436ms
 127: 0.124260ms
 128: 0.125998ms
 129: 0.125959ms
 130: 0.124654ms
 131: 0.125232ms
 132: 0.125245ms
 133: 0.124962ms
 134: 0.125211ms
 135: 0.124967ms
 136: 0.126588ms
 137: 0.126051ms
 138: 0.126419ms
 139: 0.127684ms
 140: 0.127147ms
 141: 0.127076ms
 142: 0.126961ms
 143: 0.127042ms
 144: 0.127574ms
 145: 0.128013ms
 146: 0.127956ms
 147: 0.127937ms
 148: 0.127935ms
 149: 0.128035ms
 150: 0.128111ms
 151: 0.128123ms
 152: 0.131278ms
 153: 0.128373ms
 154: 0.129933ms
 155: 0.129086ms
 156: 0.129717ms
 157: 0.128670ms
 158: 0.130338ms
 159: 0.129280ms
 160: 0.130015ms
 161: 0.130511ms
 162: 0.131741ms
 163: 0.239605ms
 164: 0.208616ms
 165: 0.142737ms
 166: 0.387342ms
 167: 0.131993ms
 168: 0.139766ms
 169: 0.133286ms
 170: 0.137447ms
 171: 0.426447ms
 172: 0.142229ms
 173: 0.140113ms
 174: 0.236137ms
 175: 0.140835ms
 176: 0.221633ms
 177: 0.324732ms
 178: 0.134876ms
 179: 0.133162ms
 180: 0.200418ms
 181: 0.132096ms
 182: 0.428598ms
 183: 0.134842ms
 184: 0.221893ms
 185: 0.390553ms
 186: 0.135017ms
 187: 0.136318ms
 188: 0.141634ms
 189: 0.140564ms
 190: 0.133328ms
 191: 0.188674ms
 192: 0.132980ms
 193: 2.945861ms
 194: 0.138278ms
 195: 0.132707ms
 196: 0.134041ms
 197: 0.364901ms
 198: 0.137015ms
 199: 0.134295ms


Measurements
--------------------------
FFT Size            : 65^3
Threads             : 34
Batch               : 1
Iterations          : 200
Avg Tot Runtime     : 0.144609 ms
Runtime per batch   : 0.144609 ms
SD                  : 0.204789 ms
Q1                  : 0.110761 ms
Median              : 0.119778 ms
Q3                  : 0.128035 ms
