Expm 2: Streaming FFT

Printing individual runtimes:
 0: 0.355334ms
 1: 0.124074ms
 2: 0.123574ms
 3: 0.913015ms
 4: 0.129816ms
 5: 0.133372ms
 6: 0.132058ms
 7: 0.124591ms
 8: 0.126140ms
 9: 0.368600ms
 10: 0.123127ms
 11: 0.127154ms
 12: 0.129939ms
 13: 0.131158ms
 14: 0.128957ms
 15: 0.493631ms
 16: 0.119613ms
 17: 0.123008ms
 18: 0.122322ms
 19: 0.124695ms
 20: 0.133909ms
 21: 0.122748ms
 22: 0.121052ms
 23: 0.361633ms
 24: 0.124796ms
 25: 0.121868ms
 26: 0.138006ms
 27: 0.142698ms
 28: 0.368972ms
 29: 0.148182ms
 30: 0.126943ms
 31: 0.133208ms
 32: 0.125637ms
 33: 0.151729ms
 34: 0.122073ms
 35: 0.124905ms
 36: 0.422793ms
 37: 0.125458ms
 38: 0.125032ms
 39: 0.132223ms
 40: 0.124120ms
 41: 0.122263ms
 42: 0.125607ms
 43: 0.125170ms
 44: 0.124437ms
 45: 0.415170ms
 46: 0.119080ms
 47: 0.136252ms
 48: 0.119311ms
 49: 0.128114ms
 50: 0.123910ms
 51: 0.123824ms
 52: 0.123044ms
 53: 0.123069ms
 54: 0.465347ms
 55: 0.139849ms
 56: 0.122275ms
 57: 0.121786ms
 58: 0.123482ms
 59: 0.123748ms
 60: 0.124036ms
 61: 0.131146ms
 62: 0.122070ms
 63: 0.125771ms
 64: 0.127943ms
 65: 0.126507ms
 66: 0.127582ms
 67: 0.116005ms
 68: 0.120433ms
 69: 0.122243ms
 70: 0.122472ms
 71: 0.120566ms
 72: 0.125033ms
 73: 0.155675ms
 74: 0.124288ms
 75: 0.448821ms
 76: 0.120597ms
 77: 0.118567ms
 78: 0.125613ms
 79: 0.121994ms
 80: 0.126230ms
 81: 0.125649ms
 82: 0.122448ms
 83: 0.117888ms
 84: 0.152044ms
 85: 0.122566ms
 86: 0.162090ms
 87: 0.118883ms
 88: 0.121851ms
 89: 0.121497ms
 90: 0.122231ms
 91: 0.122166ms
 92: 0.186947ms
 93: 0.158135ms
 94: 0.144253ms
 95: 0.120925ms
 96: 0.123628ms
 97: 0.123979ms
 98: 0.124391ms
 99: 0.140749ms
 100: 0.118749ms
 101: 0.125904ms
 102: 0.120717ms
 103: 0.122539ms
 104: 0.122770ms
 105: 0.119505ms
 106: 0.120654ms
 107: 0.125653ms
 108: 0.124119ms
 109: 0.129453ms
 110: 0.374066ms
 111: 0.129018ms
 112: 0.115860ms
 113: 0.155559ms
 114: 0.123489ms
 115: 0.130770ms
 116: 0.127729ms
 117: 0.137748ms
 118: 0.118872ms
 119: 0.129662ms
 120: 0.124759ms
 121: 0.124294ms
 122: 0.125467ms
 123: 0.127987ms
 124: 0.130351ms
 125: 0.122340ms
 126: 0.123675ms
 127: 0.125015ms
 128: 0.124647ms
 129: 0.123586ms
 130: 0.128669ms
 131: 0.125600ms
 132: 0.118991ms
 133: 0.124469ms
 134: 0.115835ms
 135: 0.117303ms
 136: 0.124891ms
 137: 0.126882ms
 138: 0.125566ms
 139: 0.125033ms
 140: 0.118139ms
 141: 0.126290ms
 142: 0.125239ms
 143: 0.126796ms
 144: 0.123686ms
 145: 0.122563ms
 146: 0.122305ms
 147: 0.141282ms
 148: 0.117065ms
 149: 0.126896ms
 150: 0.122605ms
 151: 0.120111ms
 152: 0.123993ms
 153: 0.150145ms
 154: 0.123310ms
 155: 0.144921ms
 156: 0.121038ms
 157: 0.127250ms
 158: 0.120845ms
 159: 0.378372ms
 160: 0.130997ms
 161: 0.125595ms
 162: 0.122001ms
 163: 0.121156ms
 164: 0.121928ms
 165: 0.127841ms
 166: 0.121210ms
 167: 0.123411ms
 168: 0.124243ms
 169: 0.120461ms
 170: 0.121313ms
 171: 0.117352ms
 172: 0.120716ms
 173: 0.119176ms
 174: 0.144397ms
 175: 0.121224ms
 176: 0.126319ms
 177: 0.118610ms
 178: 0.117327ms
 179: 0.148633ms
 180: 0.118701ms
 181: 0.126918ms
 182: 0.121995ms
 183: 0.116570ms
 184: 0.121029ms
 185: 0.160423ms
 186: 0.127167ms
 187: 0.123056ms
 188: 0.121242ms
 189: 0.131706ms
 190: 0.160101ms
 191: 0.119875ms
 192: 0.126273ms
 193: 0.121988ms
 194: 0.122219ms
 195: 0.124656ms
 196: 0.119309ms
 197: 0.123312ms
 198: 0.120952ms
 199: 0.132465ms


-- Real : Q1: 50 Q2: 100 Q3: 150
-- Array: Q1: 49 Q2: 99 Q3: 149
Printing sorted runtimes:
 0: 0.120925ms
 1: 0.118883ms
 2: 0.117888ms
 3: 0.118749ms
 4: 0.119309ms
 5: 0.120717ms
 6: 0.118567ms
 7: 0.119875ms
 8: 0.120597ms
 9: 0.119505ms
 10: 0.120654ms
 11: 0.115860ms
 12: 0.116570ms
 13: 0.120566ms
 14: 0.118701ms
 15: 0.117327ms
 16: 0.119613ms
 17: 0.120433ms
 18: 0.116005ms
 19: 0.118610ms
 20: 0.118872ms
 21: 0.118991ms
 22: 0.115835ms
 23: 0.119176ms
 24: 0.120716ms
 25: 0.117303ms
 26: 0.117352ms
 27: 0.119311ms
 28: 0.120461ms
 29: 0.118139ms
 30: 0.119080ms
 31: 0.117065ms
 32: 0.120111ms
 33: 0.120845ms
 34: 0.121851ms
 35: 0.121497ms
 36: 0.121038ms
 37: 0.121313ms
 38: 0.121242ms
 39: 0.121156ms
 40: 0.121029ms
 41: 0.121052ms
 42: 0.121210ms
 43: 0.121224ms
 44: 0.120952ms
 45: 0.121786ms
 46: 0.121988ms
 47: 0.121928ms
 48: 0.121868ms
 49: 0.121994ms
 50: 0.121995ms
 51: 0.124391ms
 52: 0.123044ms
 53: 0.123069ms
 54: 0.123411ms
 55: 0.122748ms
 56: 0.122275ms
 57: 0.122231ms
 58: 0.123482ms
 59: 0.122563ms
 60: 0.123628ms
 61: 0.123586ms
 62: 0.122070ms
 63: 0.122073ms
 64: 0.122340ms
 65: 0.122305ms
 66: 0.123489ms
 67: 0.122322ms
 68: 0.123008ms
 69: 0.122243ms
 70: 0.122472ms
 71: 0.122263ms
 72: 0.122605ms
 73: 0.123127ms
 74: 0.123056ms
 75: 0.122770ms
 76: 0.122166ms
 77: 0.123310ms
 78: 0.122539ms
 79: 0.123675ms
 80: 0.122219ms
 81: 0.123312ms
 82: 0.122448ms
 83: 0.123574ms
 84: 0.122566ms
 85: 0.123979ms
 86: 0.124036ms
 87: 0.123748ms
 88: 0.123824ms
 89: 0.123910ms
 90: 0.123686ms
 91: 0.123993ms
 92: 0.124074ms
 93: 0.124120ms
 94: 0.122001ms
 95: 0.124294ms
 96: 0.124243ms
 97: 0.124119ms
 98: 0.124288ms
 99: 0.124437ms
 100: 0.124469ms
 101: 0.125653ms
 102: 0.124647ms
 103: 0.124656ms
 104: 0.124695ms
 105: 0.124759ms
 106: 0.124891ms
 107: 0.125033ms
 108: 0.125032ms
 109: 0.125458ms
 110: 0.124796ms
 111: 0.125170ms
 112: 0.125033ms
 113: 0.125015ms
 114: 0.124905ms
 115: 0.125239ms
 116: 0.125467ms
 117: 0.125637ms
 118: 0.124591ms
 119: 0.125595ms
 120: 0.125649ms
 121: 0.125613ms
 122: 0.125566ms
 123: 0.125607ms
 124: 0.125600ms
 125: 0.127729ms
 126: 0.125771ms
 127: 0.126943ms
 128: 0.126140ms
 129: 0.126319ms
 130: 0.127167ms
 131: 0.127250ms
 132: 0.126507ms
 133: 0.126273ms
 134: 0.126896ms
 135: 0.127582ms
 136: 0.126918ms
 137: 0.126882ms
 138: 0.127154ms
 139: 0.126796ms
 140: 0.126230ms
 141: 0.126290ms
 142: 0.125904ms
 143: 0.128957ms
 144: 0.127943ms
 145: 0.127841ms
 146: 0.128669ms
 147: 0.127987ms
 148: 0.128114ms
 149: 0.129018ms
 150: 0.129453ms
 151: 0.129662ms
 152: 0.129816ms
 153: 0.129939ms
 154: 0.130351ms
 155: 0.130770ms
 156: 0.131146ms
 157: 0.131158ms
 158: 0.132223ms
 159: 0.131706ms
 160: 0.130997ms
 161: 0.132058ms
 162: 0.132465ms
 163: 0.137748ms
 164: 0.133208ms
 165: 0.151729ms
 166: 0.155559ms
 167: 0.148182ms
 168: 0.378372ms
 169: 0.368972ms
 170: 0.142698ms
 171: 0.138006ms
 172: 0.374066ms
 173: 0.361633ms
 174: 0.144397ms
 175: 0.133909ms
 176: 0.422793ms
 177: 0.155675ms
 178: 0.493631ms
 179: 0.148633ms
 180: 0.144921ms
 181: 0.448821ms
 182: 0.150145ms
 183: 0.139849ms
 184: 0.140749ms
 185: 0.160423ms
 186: 0.152044ms
 187: 0.368600ms
 188: 0.162090ms
 189: 0.465347ms
 190: 0.160101ms
 191: 0.186947ms
 192: 0.144253ms
 193: 0.141282ms
 194: 0.133372ms
 195: 0.158135ms
 196: 0.136252ms
 197: 0.913015ms
 198: 0.355334ms
 199: 0.415170ms


Measurements
--------------------------
FFT Size            : 65^3
Threads             : 30
Batch               : 1
Iterations          : 200
Avg Tot Runtime     : 0.146094 ms
Runtime per batch   : 0.146094 ms
SD                  : 0.084695 ms
Q1                  : 0.121994 ms
Median              : 0.124453 ms
Q3                  : 0.129018 ms
