Expm 2: Streaming FFTW
FFTW Plan: Patient
-- Cannot import wisdom from ../../wisdom/singlenode/all/445/fftw_445_t36_b1.patient
-- Exporting wisdom file to ../../wisdom/singlenode/all/445/fftw_445_t36_b1.patient
Iteration: 0, 1, 2, 3, 4, 5, 6, 7, 8, 9, 10, 11, 12, 13, 14, 15, 16, 17, 18, 19, 20, 21, 22, 23, 24, 25, 26, 27, 28, 29, 30, 31, 32, 33, 34, 35, 36, 37, 38, 39, 40, 41, 42, 43, 44, 45, 46, 47, 48, 49, 
Printing individual runtimes:
 0: 177.670389ms
 1: 181.771029ms
 2: 183.460695ms
 3: 197.426696ms
 4: 183.510160ms
 5: 178.751965ms
 6: 178.934726ms
 7: 183.411637ms
 8: 181.523937ms
 9: 313.665085ms
 10: 182.341336ms
 11: 179.189365ms
 12: 185.812028ms
 13: 179.072684ms
 14: 195.349389ms
 15: 178.254477ms
 16: 190.419637ms
 17: 183.028089ms
 18: 186.482453ms
 19: 185.216701ms
 20: 185.200590ms
 21: 183.646432ms
 22: 184.231715ms
 23: 183.854929ms
 24: 183.647998ms
 25: 184.483923ms
 26: 185.701393ms
 27: 183.135812ms
 28: 180.712567ms
 29: 182.881623ms
 30: 183.965221ms
 31: 184.342791ms
 32: 185.169517ms
 33: 184.846385ms
 34: 183.817706ms
 35: 183.447428ms
 36: 178.929203ms
 37: 181.606512ms
 38: 185.395847ms
 39: 183.443806ms
 40: 186.152489ms
 41: 184.489055ms
 42: 185.901048ms
 43: 184.144331ms
 44: 183.590486ms
 45: 183.349610ms
 46: 184.670202ms
 47: 182.553614ms
 48: 184.019491ms
 49: 181.428882ms


Measurements
--------------------------
FFT Size            : 445^3
Threads             : 36
Batch               : 1
Iterations          : 50
Avg Tot Runtime     : 186.361062 ms
Runtime per batch   : 186.361062 ms
SD                  : 18.524083 ms
Throughput          : 11.687832 GFLOPs
Plan Time           : 216.595261 sec
