Expm 2: Streaming FFTW
FFTW Plan: Patient
-- Cannot import wisdom from ../../wisdom/singlenode/all/254/fftw_254_t37_b1.patient
-- Exporting wisdom file to ../../wisdom/singlenode/all/254/fftw_254_t37_b1.patient
Iteration: 0, 1, 2, 3, 4, 5, 6, 7, 8, 9, 10, 11, 12, 13, 14, 15, 16, 17, 18, 19, 20, 21, 22, 23, 24, 25, 26, 27, 28, 29, 30, 31, 32, 33, 34, 35, 36, 37, 38, 39, 40, 41, 42, 43, 44, 45, 46, 47, 48, 49, 
Printing individual runtimes:
 0: 23.785417ms
 1: 23.753499ms
 2: 24.159945ms
 3: 23.659267ms
 4: 24.874456ms
 5: 23.772372ms
 6: 24.338907ms
 7: 23.824117ms
 8: 23.439047ms
 9: 23.655082ms
 10: 23.830371ms
 11: 23.770252ms
 12: 24.393901ms
 13: 23.671010ms
 14: 24.137914ms
 15: 23.762946ms
 16: 23.739802ms
 17: 23.606631ms
 18: 38.701769ms
 19: 39.284527ms
 20: 38.672820ms
 21: 22.215863ms
 22: 22.047737ms
 23: 23.564050ms
 24: 23.096052ms
 25: 22.687179ms
 26: 21.748420ms
 27: 21.590727ms
 28: 23.200323ms
 29: 21.626589ms
 30: 21.152771ms
 31: 21.359282ms
 32: 22.496056ms
 33: 22.172185ms
 34: 22.959723ms
 35: 22.088091ms
 36: 22.611555ms
 37: 22.390364ms
 38: 21.092800ms
 39: 22.114969ms
 40: 22.237561ms
 41: 21.792797ms
 42: 21.926691ms
 43: 22.662993ms
 44: 22.662093ms
 45: 22.119141ms
 46: 21.610395ms
 47: 22.486374ms
 48: 21.908955ms
 49: 22.586909ms


Measurements
--------------------------
FFT Size            : 254^3
Threads             : 37
Batch               : 1
Iterations          : 50
Avg Tot Runtime     : 23.820854 ms
Runtime per batch   : 23.820854 ms
SD                  : 3.919978 ms
Throughput          : 1.891158 GFLOPs
Plan Time           : 60.303582 sec
