Expm 2: Streaming FFTW
FFTW Plan: Patient
-- Cannot import wisdom from ../../wisdom/singlenode/all/254/fftw_254_t36_b1.patient
-- Exporting wisdom file to ../../wisdom/singlenode/all/254/fftw_254_t36_b1.patient
Iteration: 0, 1, 2, 3, 4, 5, 6, 7, 8, 9, 10, 11, 12, 13, 14, 15, 16, 17, 18, 19, 20, 21, 22, 23, 24, 25, 26, 27, 28, 29, 30, 31, 32, 33, 34, 35, 36, 37, 38, 39, 40, 41, 42, 43, 44, 45, 46, 47, 48, 49, 
Printing individual runtimes:
 0: 25.034462ms
 1: 26.815864ms
 2: 25.420803ms
 3: 24.778721ms
 4: 23.809801ms
 5: 24.737246ms
 6: 23.712048ms
 7: 25.402844ms
 8: 27.004690ms
 9: 23.746404ms
 10: 25.853369ms
 11: 25.542711ms
 12: 24.679720ms
 13: 24.272366ms
 14: 24.981752ms
 15: 24.987035ms
 16: 27.061088ms
 17: 24.791511ms
 18: 26.412249ms
 19: 24.328541ms
 20: 26.568044ms
 21: 26.007129ms
 22: 26.621193ms
 23: 34.663560ms
 24: 42.148298ms
 25: 23.973841ms
 26: 26.201969ms
 27: 25.343649ms
 28: 25.208562ms
 29: 25.888677ms
 30: 24.790361ms
 31: 25.157885ms
 32: 25.296831ms
 33: 25.831052ms
 34: 26.344084ms
 35: 25.127375ms
 36: 25.725936ms
 37: 25.086516ms
 38: 24.185859ms
 39: 24.351485ms
 40: 28.792633ms
 41: 24.645933ms
 42: 24.759154ms
 43: 26.264239ms
 44: 25.621859ms
 45: 24.587345ms
 46: 26.948389ms
 47: 26.027247ms
 48: 24.912380ms
 49: 26.210146ms


Measurements
--------------------------
FFT Size            : 254^3
Threads             : 36
Batch               : 1
Iterations          : 50
Avg Tot Runtime     : 25.933297 ms
Runtime per batch   : 25.933297 ms
SD                  : 2.834061 ms
Throughput          : 1.891158 GFLOPs
Plan Time           : 66.350298 sec
