Expm 2: Streaming FFTW
FFTW Plan: Patient
-- Cannot import wisdom from ../../wisdom/singlenode/all/549/fftw_549_t37_b1.patient
-- Exporting wisdom file to ../../wisdom/singlenode/all/549/fftw_549_t37_b1.patient
Iteration: 0, 1, 2, 3, 4, 5, 6, 7, 8, 9, 10, 11, 12, 13, 14, 15, 16, 17, 18, 19, 20, 21, 22, 23, 24, 25, 26, 27, 28, 29, 30, 31, 32, 33, 34, 35, 36, 37, 38, 39, 40, 41, 42, 43, 44, 45, 46, 47, 48, 49, 
Printing individual runtimes:
 0: 546.104353ms
 1: 545.956677ms
 2: 545.677802ms
 3: 546.458175ms
 4: 546.163983ms
 5: 545.870521ms
 6: 546.087702ms
 7: 545.776893ms
 8: 545.959253ms
 9: 545.842226ms
 10: 546.473345ms
 11: 545.870032ms
 12: 546.233026ms
 13: 546.646759ms
 14: 545.953855ms
 15: 546.111551ms
 16: 545.968965ms
 17: 549.014640ms
 18: 1010.770572ms
 19: 626.731196ms
 20: 524.773136ms
 21: 525.772107ms
 22: 526.538573ms
 23: 551.125506ms
 24: 911.915502ms
 25: 547.609000ms
 26: 547.452884ms
 27: 547.671734ms
 28: 547.172941ms
 29: 547.318518ms
 30: 546.854356ms
 31: 547.287780ms
 32: 547.165444ms
 33: 547.375516ms
 34: 547.652434ms
 35: 547.201437ms
 36: 547.623740ms
 37: 550.003755ms
 38: 639.760816ms
 39: 546.617702ms
 40: 545.968872ms
 41: 545.777713ms
 42: 559.096831ms
 43: 557.237401ms
 44: 547.884724ms
 45: 545.350630ms
 46: 545.594449ms
 47: 545.925942ms
 48: 545.120837ms
 49: 545.175551ms


Measurements
--------------------------
FFT Size            : 549^3
Threads             : 37
Batch               : 1
Iterations          : 50
Avg Tot Runtime     : 565.953947 ms
Runtime per batch   : 565.953947 ms
SD                  : 83.297589 ms
Throughput          : 31.817151 GFLOPs
Plan Time           : 473.633666 sec
