Expm 2: Streaming FFTW
FFTW Plan: Patient
-- Cannot import wisdom from ../../wisdom/singlenode/all/549/fftw_549_t39_b1.patient
-- Exporting wisdom file to ../../wisdom/singlenode/all/549/fftw_549_t39_b1.patient
Iteration: 0, 1, 2, 3, 4, 5, 6, 7, 8, 9, 10, 11, 12, 13, 14, 15, 16, 17, 18, 19, 20, 21, 22, 23, 24, 25, 26, 27, 28, 29, 30, 31, 32, 33, 34, 35, 36, 37, 38, 39, 40, 41, 42, 43, 44, 45, 46, 47, 48, 49, 
Printing individual runtimes:
 0: 513.693235ms
 1: 846.779965ms
 2: 581.425122ms
 3: 850.393040ms
 4: 516.075757ms
 5: 506.987657ms
 6: 573.786031ms
 7: 509.580689ms
 8: 508.068502ms
 9: 725.778203ms
 10: 512.428999ms
 11: 509.437997ms
 12: 520.673847ms
 13: 522.252194ms
 14: 1004.009115ms
 15: 752.627166ms
 16: 887.745171ms
 17: 773.996817ms
 18: 849.423158ms
 19: 536.062576ms
 20: 531.711966ms
 21: 865.463020ms
 22: 657.265064ms
 23: 767.834236ms
 24: 501.466384ms
 25: 509.578276ms
 26: 862.857753ms
 27: 566.840422ms
 28: 805.658960ms
 29: 657.460961ms
 30: 512.801166ms
 31: 506.097109ms
 32: 783.903613ms
 33: 828.882545ms
 34: 488.779361ms
 35: 507.301085ms
 36: 502.146813ms
 37: 492.562104ms
 38: 493.342427ms
 39: 600.755287ms
 40: 676.047367ms
 41: 517.821466ms
 42: 497.293329ms
 43: 510.664435ms
 44: 509.098028ms
 45: 510.133874ms
 46: 498.650532ms
 47: 509.023459ms
 48: 505.950267ms
 49: 558.915541ms


Measurements
--------------------------
FFT Size            : 549^3
Threads             : 39
Batch               : 1
Iterations          : 50
Avg Tot Runtime     : 614.750642 ms
Runtime per batch   : 614.750642 ms
SD                  : 143.963193 ms
Throughput          : 29.594564 GFLOPs
Plan Time           : 666.729290 sec
