Expm 2: Streaming FFT

Printing individual runtimes:
 0: 0.194950ms
 1: 0.157760ms
 2: 0.140628ms
 3: 0.245204ms
 4: 0.160800ms
 5: 0.175738ms
 6: 0.157336ms
 7: 0.117326ms
 8: 0.168034ms
 9: 0.123908ms
 10: 0.244330ms
 11: 0.110248ms
 12: 0.118655ms
 13: 0.115643ms
 14: 0.201185ms
 15: 0.124247ms
 16: 0.138660ms
 17: 0.116779ms
 18: 0.124969ms
 19: 0.202395ms
 20: 0.114707ms
 21: 0.136077ms
 22: 0.108731ms
 23: 0.152680ms
 24: 0.154639ms
 25: 0.123631ms
 26: 0.237726ms
 27: 0.116881ms
 28: 0.119819ms
 29: 0.140817ms
 30: 0.123275ms
 31: 0.119857ms
 32: 0.230380ms
 33: 0.109764ms
 34: 0.155512ms
 35: 0.122564ms
 36: 0.150103ms
 37: 0.136410ms
 38: 0.117752ms
 39: 0.226304ms
 40: 0.121000ms
 41: 0.156411ms
 42: 0.160309ms
 43: 0.140113ms
 44: 0.141550ms
 45: 0.127060ms
 46: 0.127708ms
 47: 0.129602ms
 48: 0.229925ms
 49: 0.123616ms
 50: 0.155166ms
 51: 0.132794ms
 52: 0.137412ms
 53: 0.158146ms
 54: 0.117098ms
 55: 0.153332ms
 56: 0.146760ms
 57: 0.121736ms
 58: 0.116551ms
 59: 0.228295ms
 60: 0.125595ms
 61: 0.153449ms
 62: 0.118442ms
 63: 0.135514ms
 64: 0.119365ms
 65: 0.141341ms
 66: 0.121626ms
 67: 0.105558ms
 68: 0.155005ms
 69: 0.115265ms
 70: 0.118813ms
 71: 0.114534ms
 72: 0.119998ms
 73: 0.115984ms
 74: 0.205759ms
 75: 0.106884ms
 76: 0.142807ms
 77: 0.160803ms
 78: 0.114590ms
 79: 0.114537ms
 80: 0.118433ms
 81: 0.156267ms
 82: 0.117576ms
 83: 0.114892ms
 84: 0.114039ms
 85: 0.120724ms
 86: 0.111623ms
 87: 0.108143ms
 88: 0.236148ms
 89: 0.105966ms
 90: 0.118182ms
 91: 0.116120ms
 92: 0.165328ms
 93: 0.116825ms
 94: 0.117694ms
 95: 0.109389ms
 96: 0.129377ms
 97: 0.132249ms
 98: 0.128414ms
 99: 0.157224ms
 100: 0.126592ms
 101: 0.114661ms
 102: 0.119026ms
 103: 0.139092ms
 104: 0.115542ms
 105: 0.114081ms
 106: 0.113018ms
 107: 0.115955ms
 108: 0.236183ms
 109: 0.113607ms
 110: 0.115784ms
 111: 0.127819ms
 112: 0.142615ms
 113: 0.113967ms
 114: 0.124157ms
 115: 0.118366ms
 116: 0.113496ms
 117: 0.155377ms
 118: 0.128936ms
 119: 0.108379ms
 120: 0.117940ms
 121: 0.120197ms
 122: 0.124429ms
 123: 0.142925ms
 124: 0.106319ms
 125: 0.115244ms
 126: 0.115502ms
 127: 0.114997ms
 128: 0.156658ms
 129: 0.116135ms
 130: 0.128351ms
 131: 0.106932ms
 132: 0.146745ms
 133: 0.112329ms
 134: 0.213961ms
 135: 0.115540ms
 136: 0.118021ms
 137: 0.117755ms
 138: 0.129771ms
 139: 0.107919ms
 140: 0.130808ms
 141: 0.142596ms
 142: 0.116715ms
 143: 0.165879ms
 144: 0.166802ms
 145: 0.135817ms
 146: 0.164469ms
 147: 0.163314ms
 148: 0.128093ms
 149: 0.115254ms
 150: 0.156690ms
 151: 0.134272ms
 152: 0.115392ms
 153: 0.114345ms
 154: 0.122534ms
 155: 0.113001ms
 156: 0.114334ms
 157: 0.103955ms
 158: 0.161777ms
 159: 0.140966ms
 160: 0.116137ms
 161: 0.115613ms
 162: 0.240869ms
 163: 0.124717ms
 164: 0.110049ms
 165: 0.120402ms
 166: 0.113139ms
 167: 0.116871ms
 168: 0.122929ms
 169: 0.162841ms
 170: 0.160272ms
 171: 0.122439ms
 172: 0.116874ms
 173: 0.120897ms
 174: 0.159470ms
 175: 0.115327ms
 176: 0.120690ms
 177: 0.142821ms
 178: 0.155599ms
 179: 0.107347ms
 180: 0.119110ms
 181: 0.125941ms
 182: 0.120226ms
 183: 0.110044ms
 184: 0.133208ms
 185: 0.117418ms
 186: 0.140601ms
 187: 0.134436ms
 188: 0.136365ms
 189: 0.123247ms
 190: 0.116794ms
 191: 0.120553ms
 192: 0.145984ms
 193: 0.160942ms
 194: 0.137410ms
 195: 0.194883ms
 196: 0.118497ms
 197: 0.117558ms
 198: 0.126392ms
 199: 0.125462ms


-- Real : Q1: 50 Q2: 100 Q3: 150
-- Array: Q1: 49 Q2: 99 Q3: 149
Printing sorted runtimes:
 0: 0.115392ms
 1: 0.114345ms
 2: 0.113607ms
 3: 0.113967ms
 4: 0.115254ms
 5: 0.113018ms
 6: 0.114081ms
 7: 0.107919ms
 8: 0.114661ms
 9: 0.113496ms
 10: 0.108379ms
 11: 0.110248ms
 12: 0.109389ms
 13: 0.113001ms
 14: 0.110044ms
 15: 0.114334ms
 16: 0.105966ms
 17: 0.106319ms
 18: 0.108143ms
 19: 0.111623ms
 20: 0.114707ms
 21: 0.114039ms
 22: 0.108731ms
 23: 0.107347ms
 24: 0.114892ms
 25: 0.115244ms
 26: 0.115327ms
 27: 0.114537ms
 28: 0.114590ms
 29: 0.103955ms
 30: 0.114997ms
 31: 0.106884ms
 32: 0.110049ms
 33: 0.109764ms
 34: 0.112329ms
 35: 0.114534ms
 36: 0.115265ms
 37: 0.106932ms
 38: 0.105558ms
 39: 0.113139ms
 40: 0.115540ms
 41: 0.115502ms
 42: 0.116120ms
 43: 0.115784ms
 44: 0.115613ms
 45: 0.115955ms
 46: 0.115984ms
 47: 0.115542ms
 48: 0.115643ms
 49: 0.116135ms
 50: 0.116137ms
 51: 0.120553ms
 52: 0.116715ms
 53: 0.116551ms
 54: 0.117098ms
 55: 0.117558ms
 56: 0.118497ms
 57: 0.116794ms
 58: 0.117326ms
 59: 0.117755ms
 60: 0.119026ms
 61: 0.118021ms
 62: 0.118442ms
 63: 0.120402ms
 64: 0.119365ms
 65: 0.118366ms
 66: 0.117418ms
 67: 0.117752ms
 68: 0.116871ms
 69: 0.117940ms
 70: 0.118813ms
 71: 0.120197ms
 72: 0.119998ms
 73: 0.118655ms
 74: 0.116874ms
 75: 0.119857ms
 76: 0.117694ms
 77: 0.116825ms
 78: 0.119819ms
 79: 0.116881ms
 80: 0.118433ms
 81: 0.118182ms
 82: 0.117576ms
 83: 0.120226ms
 84: 0.119110ms
 85: 0.116779ms
 86: 0.122564ms
 87: 0.121736ms
 88: 0.120724ms
 89: 0.120690ms
 90: 0.122534ms
 91: 0.121000ms
 92: 0.121626ms
 93: 0.120897ms
 94: 0.122439ms
 95: 0.123631ms
 96: 0.123616ms
 97: 0.122929ms
 98: 0.123247ms
 99: 0.123275ms
 100: 0.123908ms
 101: 0.133208ms
 102: 0.124247ms
 103: 0.124429ms
 104: 0.124717ms
 105: 0.124969ms
 106: 0.125595ms
 107: 0.127060ms
 108: 0.126592ms
 109: 0.126392ms
 110: 0.125462ms
 111: 0.125941ms
 112: 0.127708ms
 113: 0.129602ms
 114: 0.132794ms
 115: 0.124157ms
 116: 0.128093ms
 117: 0.130808ms
 118: 0.128936ms
 119: 0.128414ms
 120: 0.132249ms
 121: 0.129377ms
 122: 0.129771ms
 123: 0.128351ms
 124: 0.127819ms
 125: 0.137410ms
 126: 0.134436ms
 127: 0.134272ms
 128: 0.135817ms
 129: 0.136410ms
 130: 0.136365ms
 131: 0.135514ms
 132: 0.136077ms
 133: 0.146745ms
 134: 0.141341ms
 135: 0.141550ms
 136: 0.140966ms
 137: 0.140113ms
 138: 0.142925ms
 139: 0.142807ms
 140: 0.142615ms
 141: 0.142596ms
 142: 0.140628ms
 143: 0.138660ms
 144: 0.142821ms
 145: 0.140601ms
 146: 0.139092ms
 147: 0.140817ms
 148: 0.145984ms
 149: 0.137412ms
 150: 0.146760ms
 151: 0.150103ms
 152: 0.155512ms
 153: 0.154639ms
 154: 0.155166ms
 155: 0.155599ms
 156: 0.153332ms
 157: 0.155377ms
 158: 0.152680ms
 159: 0.153449ms
 160: 0.156267ms
 161: 0.155005ms
 162: 0.240869ms
 163: 0.161777ms
 164: 0.160309ms
 165: 0.156411ms
 166: 0.226304ms
 167: 0.229925ms
 168: 0.156690ms
 169: 0.162841ms
 170: 0.160272ms
 171: 0.158146ms
 172: 0.230380ms
 173: 0.163314ms
 174: 0.159470ms
 175: 0.237726ms
 176: 0.164469ms
 177: 0.166802ms
 178: 0.165879ms
 179: 0.228295ms
 180: 0.213961ms
 181: 0.202395ms
 182: 0.205759ms
 183: 0.201185ms
 184: 0.156658ms
 185: 0.244330ms
 186: 0.160803ms
 187: 0.236148ms
 188: 0.165328ms
 189: 0.168034ms
 190: 0.157336ms
 191: 0.175738ms
 192: 0.157224ms
 193: 0.160942ms
 194: 0.194950ms
 195: 0.194883ms
 196: 0.160800ms
 197: 0.245204ms
 198: 0.236183ms
 199: 0.157760ms


Measurements
--------------------------
FFT Size            : 72^3
Threads             : 23
Batch               : 1
Iterations          : 200
Avg Tot Runtime     : 0.136216 ms
Runtime per batch   : 0.136216 ms
SD                  : 0.030806 ms
Q1                  : 0.116135 ms
Median              : 0.123591 ms
Q3                  : 0.137412 ms
