Expm 2: Streaming FFT

Printing individual runtimes:
 0: 0.220549ms
 1: 0.127376ms
 2: 0.122296ms
 3: 0.228523ms
 4: 0.161090ms
 5: 0.173893ms
 6: 0.120321ms
 7: 0.116705ms
 8: 0.115771ms
 9: 0.143069ms
 10: 0.224942ms
 11: 0.118227ms
 12: 0.114587ms
 13: 0.116506ms
 14: 0.113753ms
 15: 0.115768ms
 16: 0.121037ms
 17: 0.164756ms
 18: 0.250585ms
 19: 0.138827ms
 20: 0.115047ms
 21: 0.111011ms
 22: 0.116961ms
 23: 0.125698ms
 24: 0.129526ms
 25: 0.122886ms
 26: 0.128767ms
 27: 0.115440ms
 28: 0.108907ms
 29: 0.126160ms
 30: 0.116147ms
 31: 0.141432ms
 32: 0.237702ms
 33: 0.114103ms
 34: 0.142289ms
 35: 0.156013ms
 36: 0.115022ms
 37: 0.160382ms
 38: 0.125071ms
 39: 0.120603ms
 40: 0.151554ms
 41: 0.153992ms
 42: 0.113376ms
 43: 0.119995ms
 44: 0.112779ms
 45: 0.163586ms
 46: 0.114713ms
 47: 0.122565ms
 48: 0.153032ms
 49: 0.138019ms
 50: 0.155484ms
 51: 0.122398ms
 52: 0.152282ms
 53: 0.116885ms
 54: 0.115335ms
 55: 0.114875ms
 56: 0.154762ms
 57: 0.154211ms
 58: 0.112529ms
 59: 0.118048ms
 60: 0.118283ms
 61: 0.124668ms
 62: 0.218942ms
 63: 0.158683ms
 64: 0.152292ms
 65: 0.121750ms
 66: 0.113740ms
 67: 0.118659ms
 68: 0.238632ms
 69: 0.173082ms
 70: 0.161225ms
 71: 0.130066ms
 72: 0.130258ms
 73: 0.116925ms
 74: 0.113564ms
 75: 0.164352ms
 76: 0.122798ms
 77: 0.114265ms
 78: 0.120939ms
 79: 0.159778ms
 80: 0.149270ms
 81: 0.123034ms
 82: 0.122101ms
 83: 0.118122ms
 84: 0.137911ms
 85: 0.121451ms
 86: 0.119547ms
 87: 0.151475ms
 88: 0.142213ms
 89: 0.120222ms
 90: 0.123954ms
 91: 0.120296ms
 92: 0.121149ms
 93: 0.122889ms
 94: 0.142891ms
 95: 0.118532ms
 96: 0.115752ms
 97: 0.170669ms
 98: 0.117191ms
 99: 0.122154ms
 100: 0.127682ms
 101: 0.120754ms
 102: 0.122126ms
 103: 0.155225ms
 104: 0.152756ms
 105: 0.129437ms
 106: 0.123878ms
 107: 0.119724ms
 108: 0.140478ms
 109: 0.131963ms
 110: 0.118662ms
 111: 0.149310ms
 112: 0.145149ms
 113: 0.121813ms
 114: 0.122844ms
 115: 0.115740ms
 116: 0.113764ms
 117: 0.156602ms
 118: 0.122055ms
 119: 0.113750ms
 120: 0.228929ms
 121: 0.125695ms
 122: 0.120256ms
 123: 0.122121ms
 124: 0.152627ms
 125: 0.121436ms
 126: 0.126897ms
 127: 0.118107ms
 128: 0.124154ms
 129: 0.114574ms
 130: 0.150205ms
 131: 0.123303ms
 132: 0.152829ms
 133: 0.154971ms
 134: 0.121976ms
 135: 0.161136ms
 136: 0.112841ms
 137: 0.114421ms
 138: 0.137458ms
 139: 0.123849ms
 140: 0.117180ms
 141: 0.118071ms
 142: 0.124905ms
 143: 0.118254ms
 144: 0.118029ms
 145: 0.121481ms
 146: 0.119976ms
 147: 0.141739ms
 148: 0.147411ms
 149: 0.148939ms
 150: 0.124966ms
 151: 0.152462ms
 152: 0.118857ms
 153: 0.121432ms
 154: 0.157903ms
 155: 0.121035ms
 156: 0.146875ms
 157: 0.111738ms
 158: 0.155916ms
 159: 0.115073ms
 160: 0.119767ms
 161: 0.138977ms
 162: 0.139647ms
 163: 0.127515ms
 164: 0.119662ms
 165: 0.127770ms
 166: 0.146692ms
 167: 0.126258ms
 168: 0.122843ms
 169: 0.122944ms
 170: 0.116805ms
 171: 0.163020ms
 172: 0.152927ms
 173: 0.158628ms
 174: 0.129216ms
 175: 0.128745ms
 176: 0.123189ms
 177: 0.120407ms
 178: 0.115636ms
 179: 0.130409ms
 180: 0.113028ms
 181: 0.119575ms
 182: 0.146596ms
 183: 0.150742ms
 184: 0.141013ms
 185: 0.117298ms
 186: 0.131575ms
 187: 0.149122ms
 188: 0.114684ms
 189: 0.120838ms
 190: 0.117463ms
 191: 0.115220ms
 192: 0.120726ms
 193: 0.157213ms
 194: 0.113951ms
 195: 0.118899ms
 196: 0.117934ms
 197: 0.154048ms
 198: 0.145440ms
 199: 0.117903ms


-- Real : Q1: 50 Q2: 100 Q3: 150
-- Array: Q1: 49 Q2: 99 Q3: 149
Printing sorted runtimes:
 0: 0.113764ms
 1: 0.113750ms
 2: 0.112841ms
 3: 0.113564ms
 4: 0.113740ms
 5: 0.112529ms
 6: 0.111738ms
 7: 0.112779ms
 8: 0.113376ms
 9: 0.113028ms
 10: 0.108907ms
 11: 0.111011ms
 12: 0.113753ms
 13: 0.115073ms
 14: 0.114587ms
 15: 0.114713ms
 16: 0.114421ms
 17: 0.114875ms
 18: 0.114265ms
 19: 0.114684ms
 20: 0.115047ms
 21: 0.113951ms
 22: 0.114574ms
 23: 0.115022ms
 24: 0.114103ms
 25: 0.117934ms
 26: 0.117903ms
 27: 0.115440ms
 28: 0.115220ms
 29: 0.116925ms
 30: 0.116147ms
 31: 0.115752ms
 32: 0.115636ms
 33: 0.117298ms
 34: 0.116885ms
 35: 0.116506ms
 36: 0.115740ms
 37: 0.116805ms
 38: 0.116961ms
 39: 0.117191ms
 40: 0.117180ms
 41: 0.117463ms
 42: 0.115771ms
 43: 0.115335ms
 44: 0.116705ms
 45: 0.115768ms
 46: 0.118048ms
 47: 0.118029ms
 48: 0.118071ms
 49: 0.118107ms
 50: 0.118122ms
 51: 0.120321ms
 52: 0.119767ms
 53: 0.119662ms
 54: 0.119995ms
 55: 0.119547ms
 56: 0.120222ms
 57: 0.120296ms
 58: 0.118227ms
 59: 0.119575ms
 60: 0.118283ms
 61: 0.118532ms
 62: 0.118857ms
 63: 0.119724ms
 64: 0.119976ms
 65: 0.120256ms
 66: 0.118899ms
 67: 0.118659ms
 68: 0.118662ms
 69: 0.118254ms
 70: 0.122886ms
 71: 0.121149ms
 72: 0.120726ms
 73: 0.121481ms
 74: 0.120603ms
 75: 0.121436ms
 76: 0.121432ms
 77: 0.120838ms
 78: 0.120939ms
 79: 0.121035ms
 80: 0.121037ms
 81: 0.120754ms
 82: 0.121451ms
 83: 0.121750ms
 84: 0.122296ms
 85: 0.122101ms
 86: 0.120407ms
 87: 0.121976ms
 88: 0.122055ms
 89: 0.121813ms
 90: 0.122121ms
 91: 0.122798ms
 92: 0.122844ms
 93: 0.122126ms
 94: 0.122843ms
 95: 0.122154ms
 96: 0.122398ms
 97: 0.122565ms
 98: 0.122889ms
 99: 0.122944ms
 100: 0.123034ms
 101: 0.142289ms
 102: 0.125071ms
 103: 0.124905ms
 104: 0.124668ms
 105: 0.123954ms
 106: 0.123878ms
 107: 0.123849ms
 108: 0.123189ms
 109: 0.123303ms
 110: 0.124154ms
 111: 0.126160ms
 112: 0.125695ms
 113: 0.139647ms
 114: 0.126897ms
 115: 0.125698ms
 116: 0.127376ms
 117: 0.138977ms
 118: 0.138019ms
 119: 0.127515ms
 120: 0.127770ms
 121: 0.131963ms
 122: 0.140478ms
 123: 0.129437ms
 124: 0.129216ms
 125: 0.126258ms
 126: 0.138827ms
 127: 0.127682ms
 128: 0.128745ms
 129: 0.124966ms
 130: 0.141739ms
 131: 0.142213ms
 132: 0.131575ms
 133: 0.129526ms
 134: 0.130409ms
 135: 0.141013ms
 136: 0.137911ms
 137: 0.141432ms
 138: 0.137458ms
 139: 0.128767ms
 140: 0.130066ms
 141: 0.130258ms
 142: 0.146692ms
 143: 0.146596ms
 144: 0.143069ms
 145: 0.145440ms
 146: 0.145149ms
 147: 0.142891ms
 148: 0.147411ms
 149: 0.146875ms
 150: 0.148939ms
 151: 0.149122ms
 152: 0.149310ms
 153: 0.149270ms
 154: 0.150205ms
 155: 0.150742ms
 156: 0.151554ms
 157: 0.152282ms
 158: 0.152627ms
 159: 0.152462ms
 160: 0.152292ms
 161: 0.151475ms
 162: 0.152756ms
 163: 0.152829ms
 164: 0.152927ms
 165: 0.153032ms
 166: 0.154762ms
 167: 0.156602ms
 168: 0.153992ms
 169: 0.157903ms
 170: 0.160382ms
 171: 0.155916ms
 172: 0.163020ms
 173: 0.158628ms
 174: 0.154211ms
 175: 0.154048ms
 176: 0.156013ms
 177: 0.158683ms
 178: 0.161090ms
 179: 0.157213ms
 180: 0.155225ms
 181: 0.161225ms
 182: 0.155484ms
 183: 0.159778ms
 184: 0.161136ms
 185: 0.154971ms
 186: 0.164352ms
 187: 0.170669ms
 188: 0.173082ms
 189: 0.250585ms
 190: 0.164756ms
 191: 0.224942ms
 192: 0.228929ms
 193: 0.238632ms
 194: 0.173893ms
 195: 0.237702ms
 196: 0.228523ms
 197: 0.218942ms
 198: 0.163586ms
 199: 0.220549ms


Measurements
--------------------------
FFT Size            : 72^3
Threads             : 22
Batch               : 1
Iterations          : 200
Avg Tot Runtime     : 0.134400 ms
Runtime per batch   : 0.134400 ms
SD                  : 0.025443 ms
Q1                  : 0.118107 ms
Median              : 0.122989 ms
Q3                  : 0.146875 ms
