Expm 2: Streaming FFT

Printing individual runtimes:
 0: 0.265234ms
 1: 0.117571ms
 2: 0.119289ms
 3: 0.235994ms
 4: 0.143559ms
 5: 1.127974ms
 6: 0.122020ms
 7: 0.122372ms
 8: 0.129336ms
 9: 0.164861ms
 10: 0.112335ms
 11: 0.196267ms
 12: 0.132502ms
 13: 0.112266ms
 14: 0.113558ms
 15: 0.110476ms
 16: 0.219502ms
 17: 0.131007ms
 18: 0.195606ms
 19: 0.112509ms
 20: 0.101696ms
 21: 0.133057ms
 22: 0.143624ms
 23: 0.104714ms
 24: 0.117756ms
 25: 0.123713ms
 26: 0.130606ms
 27: 0.228920ms
 28: 0.136975ms
 29: 0.111192ms
 30: 0.182442ms
 31: 0.113070ms
 32: 0.114426ms
 33: 0.135900ms
 34: 0.125415ms
 35: 0.121233ms
 36: 0.121925ms
 37: 0.112613ms
 38: 0.137760ms
 39: 0.112463ms
 40: 0.117292ms
 41: 0.126424ms
 42: 0.114252ms
 43: 0.129642ms
 44: 0.110544ms
 45: 0.122716ms
 46: 0.128613ms
 47: 0.123245ms
 48: 0.178922ms
 49: 0.122234ms
 50: 0.191358ms
 51: 0.107897ms
 52: 0.129596ms
 53: 0.133628ms
 54: 0.123770ms
 55: 0.119805ms
 56: 0.118429ms
 57: 0.134264ms
 58: 0.123131ms
 59: 0.116248ms
 60: 0.113605ms
 61: 0.129695ms
 62: 0.120677ms
 63: 0.188123ms
 64: 0.131691ms
 65: 0.113951ms
 66: 0.116660ms
 67: 0.121438ms
 68: 0.116730ms
 69: 0.124477ms
 70: 0.103483ms
 71: 0.113685ms
 72: 0.104221ms
 73: 0.113783ms
 74: 0.132987ms
 75: 0.114068ms
 76: 0.102325ms
 77: 0.106068ms
 78: 0.128016ms
 79: 0.125330ms
 80: 0.114032ms
 81: 0.126940ms
 82: 0.116442ms
 83: 0.122179ms
 84: 0.127246ms
 85: 0.138974ms
 86: 0.131911ms
 87: 0.129543ms
 88: 0.103372ms
 89: 0.128874ms
 90: 0.129873ms
 91: 0.114647ms
 92: 0.136521ms
 93: 0.113430ms
 94: 0.107215ms
 95: 0.102157ms
 96: 0.698086ms
 97: 0.137365ms
 98: 0.141065ms
 99: 0.130512ms
 100: 0.137603ms
 101: 0.141876ms
 102: 0.137667ms
 103: 0.147210ms
 104: 0.136016ms
 105: 0.133609ms
 106: 0.134283ms
 107: 0.133601ms
 108: 0.139473ms
 109: 0.151475ms
 110: 0.164074ms
 111: 0.141868ms
 112: 0.133719ms
 113: 0.152311ms
 114: 0.131549ms
 115: 0.139975ms
 116: 0.138443ms
 117: 0.136283ms
 118: 0.143001ms
 119: 0.139844ms
 120: 0.135271ms
 121: 0.136762ms
 122: 0.133067ms
 123: 0.132188ms
 124: 0.139733ms
 125: 0.139140ms
 126: 0.146583ms
 127: 0.138504ms
 128: 0.161240ms
 129: 0.132739ms
 130: 0.133214ms
 131: 0.142078ms
 132: 0.134973ms
 133: 0.134071ms
 134: 0.139382ms
 135: 0.134901ms
 136: 0.133510ms
 137: 0.160354ms
 138: 0.143650ms
 139: 0.132902ms
 140: 0.133954ms
 141: 0.136348ms
 142: 0.146012ms
 143: 0.156789ms
 144: 0.145596ms
 145: 0.131015ms
 146: 0.145761ms
 147: 0.142506ms
 148: 0.133641ms
 149: 0.133158ms
 150: 0.132338ms
 151: 0.139921ms
 152: 0.135150ms
 153: 0.134944ms
 154: 0.135027ms
 155: 0.135513ms
 156: 0.133421ms
 157: 0.132745ms
 158: 0.139619ms
 159: 0.136080ms
 160: 0.152843ms
 161: 0.142557ms
 162: 0.132460ms
 163: 0.133343ms
 164: 0.213036ms
 165: 0.152030ms
 166: 0.135384ms
 167: 0.218107ms
 168: 0.140741ms
 169: 0.133502ms
 170: 0.170410ms
 171: 0.139122ms
 172: 0.137105ms
 173: 0.143085ms
 174: 0.141235ms
 175: 0.133433ms
 176: 0.135797ms
 177: 0.136350ms
 178: 0.143601ms
 179: 0.148867ms
 180: 0.133111ms
 181: 0.143719ms
 182: 0.137344ms
 183: 0.132682ms
 184: 0.140729ms
 185: 0.134256ms
 186: 0.130881ms
 187: 0.142047ms
 188: 0.134984ms
 189: 0.134202ms
 190: 0.135599ms
 191: 0.133589ms
 192: 0.135702ms
 193: 0.138677ms
 194: 0.145167ms
 195: 0.142686ms
 196: 0.134653ms
 197: 0.139993ms
 198: 0.131287ms
 199: 0.140517ms


-- Real : Q1: 50 Q2: 100 Q3: 150
-- Array: Q1: 49 Q2: 99 Q3: 149
Printing sorted runtimes:
 0: 0.121438ms
 1: 0.117571ms
 2: 0.119289ms
 3: 0.102157ms
 4: 0.107215ms
 5: 0.113430ms
 6: 0.114647ms
 7: 0.103372ms
 8: 0.116442ms
 9: 0.114032ms
 10: 0.112335ms
 11: 0.106068ms
 12: 0.102325ms
 13: 0.112266ms
 14: 0.113558ms
 15: 0.110476ms
 16: 0.114068ms
 17: 0.113783ms
 18: 0.104221ms
 19: 0.112509ms
 20: 0.101696ms
 21: 0.113685ms
 22: 0.103483ms
 23: 0.104714ms
 24: 0.117756ms
 25: 0.116730ms
 26: 0.116660ms
 27: 0.113951ms
 28: 0.120677ms
 29: 0.111192ms
 30: 0.113605ms
 31: 0.113070ms
 32: 0.114426ms
 33: 0.116248ms
 34: 0.118429ms
 35: 0.121233ms
 36: 0.119805ms
 37: 0.112613ms
 38: 0.107897ms
 39: 0.112463ms
 40: 0.117292ms
 41: 0.110544ms
 42: 0.114252ms
 43: 0.122234ms
 44: 0.122020ms
 45: 0.121925ms
 46: 0.122179ms
 47: 0.122716ms
 48: 0.122372ms
 49: 0.123131ms
 50: 0.123245ms
 51: 0.123770ms
 52: 0.123713ms
 53: 0.128874ms
 54: 0.125330ms
 55: 0.126424ms
 56: 0.125415ms
 57: 0.124477ms
 58: 0.128613ms
 59: 0.127246ms
 60: 0.126940ms
 61: 0.128016ms
 62: 0.133111ms
 63: 0.132188ms
 64: 0.131691ms
 65: 0.132460ms
 66: 0.130606ms
 67: 0.133067ms
 68: 0.129596ms
 69: 0.132338ms
 70: 0.130881ms
 71: 0.133057ms
 72: 0.131549ms
 73: 0.131007ms
 74: 0.132987ms
 75: 0.130512ms
 76: 0.132502ms
 77: 0.132902ms
 78: 0.129695ms
 79: 0.131287ms
 80: 0.132739ms
 81: 0.132682ms
 82: 0.129336ms
 83: 0.129642ms
 84: 0.131015ms
 85: 0.129873ms
 86: 0.131911ms
 87: 0.129543ms
 88: 0.132745ms
 89: 0.133510ms
 90: 0.133433ms
 91: 0.133158ms
 92: 0.133343ms
 93: 0.133502ms
 94: 0.133421ms
 95: 0.133214ms
 96: 0.133601ms
 97: 0.133589ms
 98: 0.133609ms
 99: 0.133628ms
 100: 0.133641ms
 101: 0.138443ms
 102: 0.134071ms
 103: 0.133719ms
 104: 0.135384ms
 105: 0.134653ms
 106: 0.134283ms
 107: 0.135702ms
 108: 0.134264ms
 109: 0.135599ms
 110: 0.135513ms
 111: 0.135027ms
 112: 0.134202ms
 113: 0.134944ms
 114: 0.134984ms
 115: 0.135150ms
 116: 0.134901ms
 117: 0.134973ms
 118: 0.134256ms
 119: 0.135797ms
 120: 0.135271ms
 121: 0.136283ms
 122: 0.136016ms
 123: 0.136080ms
 124: 0.135900ms
 125: 0.136348ms
 126: 0.136762ms
 127: 0.137365ms
 128: 0.137105ms
 129: 0.136521ms
 130: 0.136350ms
 131: 0.137344ms
 132: 0.137603ms
 133: 0.136975ms
 134: 0.137760ms
 135: 0.137667ms
 136: 0.133954ms
 137: 0.139975ms
 138: 0.139921ms
 139: 0.138504ms
 140: 0.139473ms
 141: 0.139140ms
 142: 0.138677ms
 143: 0.139619ms
 144: 0.139382ms
 145: 0.139733ms
 146: 0.138974ms
 147: 0.139122ms
 148: 0.139844ms
 149: 0.139993ms
 150: 0.140517ms
 151: 0.140729ms
 152: 0.140741ms
 153: 0.152311ms
 154: 0.141868ms
 155: 0.164074ms
 156: 0.151475ms
 157: 0.161240ms
 158: 0.143001ms
 159: 0.147210ms
 160: 0.152843ms
 161: 0.142557ms
 162: 0.142078ms
 163: 0.141876ms
 164: 0.213036ms
 165: 0.152030ms
 166: 0.265234ms
 167: 0.218107ms
 168: 0.160354ms
 169: 0.141065ms
 170: 0.170410ms
 171: 0.142506ms
 172: 0.698086ms
 173: 0.143085ms
 174: 0.141235ms
 175: 0.145761ms
 176: 0.188123ms
 177: 0.191358ms
 178: 0.143601ms
 179: 0.148867ms
 180: 0.178922ms
 181: 0.143719ms
 182: 0.145596ms
 183: 0.182442ms
 184: 0.156789ms
 185: 0.228920ms
 186: 0.143624ms
 187: 0.142047ms
 188: 0.195606ms
 189: 0.219502ms
 190: 0.196267ms
 191: 0.164861ms
 192: 1.127974ms
 193: 0.146012ms
 194: 0.145167ms
 195: 0.142686ms
 196: 0.143559ms
 197: 0.146583ms
 198: 0.235994ms
 199: 0.143650ms


Measurements
--------------------------
FFT Size            : 72^3
Threads             : 33
Batch               : 1
Iterations          : 200
Avg Tot Runtime     : 0.143598 ms
Runtime per batch   : 0.143598 ms
SD                  : 0.083533 ms
Q1                  : 0.123131 ms
Median              : 0.133635 ms
Q3                  : 0.139993 ms
