Expm 2: Streaming FFT

Printing individual runtimes:
 0: 0.258244ms
 1: 0.120997ms
 2: 0.141925ms
 3: 1.070025ms
 4: 0.131922ms
 5: 0.143145ms
 6: 0.157921ms
 7: 0.230330ms
 8: 0.131275ms
 9: 0.127994ms
 10: 0.128560ms
 11: 0.127970ms
 12: 0.263384ms
 13: 0.130101ms
 14: 0.137880ms
 15: 0.125631ms
 16: 0.291585ms
 17: 0.127252ms
 18: 0.128367ms
 19: 0.130529ms
 20: 0.132482ms
 21: 0.289291ms
 22: 0.141587ms
 23: 0.132462ms
 24: 0.128835ms
 25: 0.131990ms
 26: 0.135042ms
 27: 0.127697ms
 28: 0.240639ms
 29: 0.134660ms
 30: 0.127260ms
 31: 0.141514ms
 32: 0.148402ms
 33: 0.129036ms
 34: 0.248449ms
 35: 0.132546ms
 36: 0.132082ms
 37: 0.129770ms
 38: 0.126032ms
 39: 0.235254ms
 40: 0.130994ms
 41: 0.127572ms
 42: 0.132733ms
 43: 0.127219ms
 44: 0.132944ms
 45: 0.207219ms
 46: 0.141247ms
 47: 0.140703ms
 48: 0.130985ms
 49: 0.133206ms
 50: 0.130714ms
 51: 0.129201ms
 52: 0.141711ms
 53: 0.791085ms
 54: 0.105306ms
 55: 0.112367ms
 56: 0.117896ms
 57: 0.117174ms
 58: 0.115279ms
 59: 0.129562ms
 60: 0.118808ms
 61: 0.109979ms
 62: 0.116362ms
 63: 0.225234ms
 64: 0.113465ms
 65: 0.107512ms
 66: 0.130382ms
 67: 0.108473ms
 68: 0.109562ms
 69: 0.104111ms
 70: 0.115837ms
 71: 0.112624ms
 72: 0.112357ms
 73: 0.115293ms
 74: 0.105767ms
 75: 0.121014ms
 76: 0.110687ms
 77: 0.700754ms
 78: 0.132184ms
 79: 0.129511ms
 80: 0.134050ms
 81: 0.144397ms
 82: 0.130409ms
 83: 0.130181ms
 84: 0.129859ms
 85: 0.127267ms
 86: 0.138029ms
 87: 0.133244ms
 88: 0.156590ms
 89: 0.139910ms
 90: 0.138185ms
 91: 0.281472ms
 92: 0.129581ms
 93: 0.125052ms
 94: 0.136863ms
 95: 0.125768ms
 96: 0.136159ms
 97: 0.131253ms
 98: 0.131767ms
 99: 0.130341ms
 100: 0.143217ms
 101: 0.129356ms
 102: 0.134836ms
 103: 0.125486ms
 104: 0.132483ms
 105: 0.133239ms
 106: 0.276278ms
 107: 0.130303ms
 108: 0.133260ms
 109: 0.132261ms
 110: 0.135401ms
 111: 0.135515ms
 112: 0.131395ms
 113: 0.140782ms
 114: 0.130687ms
 115: 0.144269ms
 116: 0.132680ms
 117: 0.142099ms
 118: 0.130418ms
 119: 0.134576ms
 120: 0.143928ms
 121: 0.135831ms
 122: 0.128474ms
 123: 0.129329ms
 124: 0.142855ms
 125: 0.130184ms
 126: 0.145386ms
 127: 0.139044ms
 128: 0.134074ms
 129: 0.145361ms
 130: 0.130720ms
 131: 0.139018ms
 132: 0.125644ms
 133: 0.142117ms
 134: 0.131656ms
 135: 0.133787ms
 136: 0.135629ms
 137: 0.131684ms
 138: 0.257010ms
 139: 0.160885ms
 140: 0.128456ms
 141: 0.131207ms
 142: 0.133527ms
 143: 0.147900ms
 144: 0.129836ms
 145: 0.163391ms
 146: 0.128147ms
 147: 0.128537ms
 148: 0.129311ms
 149: 0.127535ms
 150: 0.149966ms
 151: 0.130122ms
 152: 0.130686ms
 153: 0.128864ms
 154: 0.129098ms
 155: 0.130073ms
 156: 0.135834ms
 157: 0.128744ms
 158: 0.135634ms
 159: 0.130378ms
 160: 0.134802ms
 161: 0.129894ms
 162: 0.148536ms
 163: 0.138713ms
 164: 0.133188ms
 165: 0.145394ms
 166: 0.129541ms
 167: 0.131979ms
 168: 0.133081ms
 169: 0.136865ms
 170: 0.125345ms
 171: 0.134471ms
 172: 0.129590ms
 173: 0.136034ms
 174: 0.134437ms
 175: 0.140939ms
 176: 0.136611ms
 177: 0.135658ms
 178: 0.138056ms
 179: 0.128458ms
 180: 0.129397ms
 181: 0.129155ms
 182: 0.131584ms
 183: 0.135561ms
 184: 0.128082ms
 185: 0.132550ms
 186: 0.129782ms
 187: 0.127771ms
 188: 0.135669ms
 189: 0.130244ms
 190: 0.126592ms
 191: 0.148585ms
 192: 0.131060ms
 193: 0.139471ms
 194: 0.128384ms
 195: 0.127601ms
 196: 0.145445ms
 197: 0.131285ms
 198: 0.130206ms
 199: 0.130623ms


-- Real : Q1: 50 Q2: 100 Q3: 150
-- Array: Q1: 49 Q2: 99 Q3: 149
Printing sorted runtimes:
 0: 0.108473ms
 1: 0.107512ms
 2: 0.104111ms
 3: 0.105306ms
 4: 0.105767ms
 5: 0.127267ms
 6: 0.126592ms
 7: 0.116362ms
 8: 0.109562ms
 9: 0.109979ms
 10: 0.118808ms
 11: 0.115279ms
 12: 0.117174ms
 13: 0.117896ms
 14: 0.112367ms
 15: 0.125631ms
 16: 0.125486ms
 17: 0.127252ms
 18: 0.115837ms
 19: 0.125052ms
 20: 0.112624ms
 21: 0.120997ms
 22: 0.125345ms
 23: 0.112357ms
 24: 0.125644ms
 25: 0.125768ms
 26: 0.110687ms
 27: 0.127219ms
 28: 0.115293ms
 29: 0.121014ms
 30: 0.127260ms
 31: 0.126032ms
 32: 0.113465ms
 33: 0.128474ms
 34: 0.128384ms
 35: 0.127535ms
 36: 0.127771ms
 37: 0.127994ms
 38: 0.127970ms
 39: 0.128082ms
 40: 0.128147ms
 41: 0.127572ms
 42: 0.127601ms
 43: 0.127697ms
 44: 0.128456ms
 45: 0.128367ms
 46: 0.128458ms
 47: 0.128744ms
 48: 0.128537ms
 49: 0.128560ms
 50: 0.128835ms
 51: 0.131285ms
 52: 0.129098ms
 53: 0.129036ms
 54: 0.129155ms
 55: 0.129329ms
 56: 0.129511ms
 57: 0.129356ms
 58: 0.129397ms
 59: 0.129562ms
 60: 0.129201ms
 61: 0.129541ms
 62: 0.129311ms
 63: 0.129581ms
 64: 0.129770ms
 65: 0.129590ms
 66: 0.129782ms
 67: 0.129836ms
 68: 0.130382ms
 69: 0.130341ms
 70: 0.130303ms
 71: 0.130418ms
 72: 0.130184ms
 73: 0.130623ms
 74: 0.130122ms
 75: 0.130073ms
 76: 0.130378ms
 77: 0.129894ms
 78: 0.130529ms
 79: 0.130101ms
 80: 0.130244ms
 81: 0.130206ms
 82: 0.130409ms
 83: 0.130181ms
 84: 0.129859ms
 85: 0.130985ms
 86: 0.130687ms
 87: 0.130686ms
 88: 0.128864ms
 89: 0.130720ms
 90: 0.130714ms
 91: 0.131207ms
 92: 0.131275ms
 93: 0.131253ms
 94: 0.130994ms
 95: 0.131060ms
 96: 0.131656ms
 97: 0.131395ms
 98: 0.131584ms
 99: 0.131684ms
 100: 0.131767ms
 101: 0.134074ms
 102: 0.131922ms
 103: 0.131990ms
 104: 0.132082ms
 105: 0.132483ms
 106: 0.132546ms
 107: 0.132462ms
 108: 0.132482ms
 109: 0.132261ms
 110: 0.132184ms
 111: 0.133188ms
 112: 0.132944ms
 113: 0.133081ms
 114: 0.132550ms
 115: 0.133239ms
 116: 0.132680ms
 117: 0.132733ms
 118: 0.133206ms
 119: 0.133244ms
 120: 0.131979ms
 121: 0.134050ms
 122: 0.133527ms
 123: 0.133260ms
 124: 0.133787ms
 125: 0.134802ms
 126: 0.134576ms
 127: 0.134660ms
 128: 0.134471ms
 129: 0.134437ms
 130: 0.137880ms
 131: 0.135042ms
 132: 0.135834ms
 133: 0.136034ms
 134: 0.135401ms
 135: 0.135658ms
 136: 0.135629ms
 137: 0.135634ms
 138: 0.136611ms
 139: 0.136865ms
 140: 0.135831ms
 141: 0.135561ms
 142: 0.135515ms
 143: 0.134836ms
 144: 0.135669ms
 145: 0.136159ms
 146: 0.136863ms
 147: 0.138185ms
 148: 0.138029ms
 149: 0.138056ms
 150: 0.138713ms
 151: 0.139018ms
 152: 0.139910ms
 153: 0.139471ms
 154: 0.139044ms
 155: 0.141247ms
 156: 0.140939ms
 157: 0.140782ms
 158: 0.140703ms
 159: 0.240639ms
 160: 0.141514ms
 161: 0.148402ms
 162: 0.148536ms
 163: 0.248449ms
 164: 0.149966ms
 165: 0.145394ms
 166: 0.235254ms
 167: 0.163391ms
 168: 0.147900ms
 169: 0.160885ms
 170: 0.141587ms
 171: 0.257010ms
 172: 0.289291ms
 173: 0.142117ms
 174: 0.207219ms
 175: 0.145361ms
 176: 0.145386ms
 177: 0.142855ms
 178: 0.143928ms
 179: 0.142099ms
 180: 0.291585ms
 181: 0.144269ms
 182: 0.276278ms
 183: 0.141711ms
 184: 0.263384ms
 185: 0.791085ms
 186: 0.143217ms
 187: 0.230330ms
 188: 0.225234ms
 189: 0.157921ms
 190: 0.143145ms
 191: 0.148585ms
 192: 0.700754ms
 193: 0.281472ms
 194: 0.156590ms
 195: 1.070025ms
 196: 0.145445ms
 197: 0.144397ms
 198: 0.141925ms
 199: 0.258244ms


Measurements
--------------------------
FFT Size            : 72^3
Threads             : 27
Batch               : 1
Iterations          : 200
Avg Tot Runtime     : 0.150473 ms
Runtime per batch   : 0.150473 ms
SD                  : 0.094562 ms
Q1                  : 0.128560 ms
Median              : 0.131725 ms
Q3                  : 0.138056 ms
