Expm 2: Streaming FFTW
FFTW Plan: Patient
-- Cannot import wisdom from ../../wisdom/singlenode/all/358/fftw_358_t40_b1.patient
-- Exporting wisdom file to ../../wisdom/singlenode/all/358/fftw_358_t40_b1.patient
Iteration: 0, 1, 2, 3, 4, 5, 6, 7, 8, 9, 10, 11, 12, 13, 14, 15, 16, 17, 18, 19, 20, 21, 22, 23, 24, 25, 26, 27, 28, 29, 30, 31, 32, 33, 34, 35, 36, 37, 38, 39, 40, 41, 42, 43, 44, 45, 46, 47, 48, 49, 
Printing individual runtimes:
 0: 82.356109ms
 1: 64.749444ms
 2: 64.050317ms
 3: 63.384909ms
 4: 64.953994ms
 5: 63.385348ms
 6: 64.024059ms
 7: 63.018881ms
 8: 63.560454ms
 9: 100.539733ms
 10: 64.001470ms
 11: 63.304492ms
 12: 62.593316ms
 13: 62.928021ms
 14: 64.999065ms
 15: 63.137704ms
 16: 63.995889ms
 17: 63.631002ms
 18: 60.934346ms
 19: 63.116131ms
 20: 64.837964ms
 21: 64.210299ms
 22: 65.218786ms
 23: 64.394651ms
 24: 63.881964ms
 25: 65.983262ms
 26: 111.073761ms
 27: 64.638910ms
 28: 104.055157ms
 29: 66.894985ms
 30: 88.623886ms
 31: 65.084665ms
 32: 63.607559ms
 33: 63.733060ms
 34: 66.883825ms
 35: 81.065187ms
 36: 63.330341ms
 37: 63.988385ms
 38: 62.203269ms
 39: 63.863522ms
 40: 69.080402ms
 41: 63.287708ms
 42: 63.107754ms
 43: 64.329810ms
 44: 63.263000ms
 45: 62.626856ms
 46: 63.501542ms
 47: 63.490544ms
 48: 63.429535ms
 49: 64.002758ms


Measurements
--------------------------
FFT Size            : 358^3
Threads             : 40
Batch               : 1
Iterations          : 50
Avg Tot Runtime     : 67.687161 ms
Runtime per batch   : 67.687161 ms
SD                  : 10.759489 ms
Throughput          : 6.321433 GFLOPs
Plan Time           : 327.741427 sec
