Expm 2: Streaming FFTW
FFTW Plan: Patient
-- Cannot import wisdom from ../../wisdom/singlenode/all/639/fftw_639_t38_b1.patient
-- Exporting wisdom file to ../../wisdom/singlenode/all/639/fftw_639_t38_b1.patient
Iteration: 0, 1, 2, 3, 4, 5, 6, 7, 8, 9, 10, 11, 12, 13, 14, 15, 16, 17, 18, 19, 20, 21, 22, 23, 24, 25, 26, 27, 28, 29, 30, 31, 32, 33, 34, 35, 36, 37, 38, 39, 40, 41, 42, 43, 44, 45, 46, 47, 48, 49, 
Printing individual runtimes:
 0: 542.605338ms
 1: 540.029284ms
 2: 542.226602ms
 3: 571.820426ms
 4: 540.562542ms
 5: 1131.920973ms
 6: 777.085269ms
 7: 543.497473ms
 8: 543.416025ms
 9: 539.265161ms
 10: 549.040527ms
 11: 709.777174ms
 12: 554.805531ms
 13: 995.776273ms
 14: 1277.523160ms
 15: 671.481638ms
 16: 542.937280ms
 17: 544.267024ms
 18: 549.856567ms
 19: 539.388572ms
 20: 553.740153ms
 21: 548.713677ms
 22: 1166.969321ms
 23: 1197.151274ms
 24: 553.607887ms
 25: 551.181143ms
 26: 570.710556ms
 27: 1016.122859ms
 28: 1400.638354ms
 29: 942.953685ms
 30: 595.543671ms
 31: 545.598748ms
 32: 543.948886ms
 33: 557.208376ms
 34: 551.496971ms
 35: 546.302354ms
 36: 543.903717ms
 37: 590.653114ms
 38: 963.367462ms
 39: 1157.664094ms
 40: 894.826059ms
 41: 541.198965ms
 42: 569.021582ms
 43: 540.230785ms
 44: 539.435451ms
 45: 543.120337ms
 46: 538.845315ms
 47: 543.994865ms
 48: 542.305959ms
 49: 542.079520ms


Measurements
--------------------------
FFT Size            : 639^3
Threads             : 38
Batch               : 1
Iterations          : 50
Avg Tot Runtime     : 681.996360 ms
Runtime per batch   : 681.996360 ms
SD                  : 238.647090 ms
Throughput          : 31.399356 GFLOPs
Plan Time           : 544.405137 sec
