Expm 2: Streaming FFTW
FFTW Plan: Patient
-- Cannot import wisdom from ../../wisdom/singlenode/all/639/fftw_639_t36_b1.patient
-- Exporting wisdom file to ../../wisdom/singlenode/all/639/fftw_639_t36_b1.patient
Iteration: 0, 1, 2, 3, 4, 5, 6, 7, 8, 9, 10, 11, 12, 13, 14, 15, 16, 17, 18, 19, 20, 21, 22, 23, 24, 25, 26, 27, 28, 29, 30, 31, 32, 33, 34, 35, 36, 37, 38, 39, 40, 41, 42, 43, 44, 45, 46, 47, 48, 49, 
Printing individual runtimes:
 0: 516.723440ms
 1: 924.612296ms
 2: 1004.122452ms
 3: 518.000094ms
 4: 517.069745ms
 5: 568.508945ms
 6: 569.167864ms
 7: 519.153345ms
 8: 519.630747ms
 9: 525.337674ms
 10: 623.888065ms
 11: 663.377041ms
 12: 513.310844ms
 13: 719.176331ms
 14: 1001.416073ms
 15: 846.534868ms
 16: 658.300624ms
 17: 504.582026ms
 18: 504.258989ms
 19: 991.730349ms
 20: 595.318016ms
 21: 1095.697189ms
 22: 935.398763ms
 23: 912.620745ms
 24: 506.197775ms
 25: 591.456225ms
 26: 903.464087ms
 27: 586.330607ms
 28: 512.438530ms
 29: 512.772098ms
 30: 888.546299ms
 31: 573.689914ms
 32: 513.192017ms
 33: 540.906650ms
 34: 549.874138ms
 35: 510.476084ms
 36: 510.545393ms
 37: 527.881888ms
 38: 513.060400ms
 39: 511.312684ms
 40: 511.340214ms
 41: 533.504628ms
 42: 511.760266ms
 43: 512.040064ms
 44: 511.047184ms
 45: 511.727164ms
 46: 512.244092ms
 47: 510.965704ms
 48: 510.143188ms
 49: 509.179111ms


Measurements
--------------------------
FFT Size            : 639^3
Threads             : 36
Batch               : 1
Iterations          : 50
Avg Tot Runtime     : 622.680659 ms
Runtime per batch   : 622.680659 ms
SD                  : 172.588459 ms
Throughput          : 31.410501 GFLOPs
Plan Time           : 554.197649 sec
