Expm 2: Streaming FFTW
FFTW Plan: Patient
-- Cannot import wisdom from ../../wisdom/singlenode/all/146/fftw_146_t38_b1.patient
-- Exporting wisdom file to ../../wisdom/singlenode/all/146/fftw_146_t38_b1.patient
Iteration: 0, 1, 2, 3, 4, 5, 6, 7, 8, 9, 10, 11, 12, 13, 14, 15, 16, 17, 18, 19, 20, 21, 22, 23, 24, 25, 26, 27, 28, 29, 30, 31, 32, 33, 34, 35, 36, 37, 38, 39, 40, 41, 42, 43, 44, 45, 46, 47, 48, 49, 
Printing individual runtimes:
 0: 6.146408ms
 1: 6.191051ms
 2: 6.227345ms
 3: 6.128315ms
 4: 5.832653ms
 5: 5.760722ms
 6: 5.778960ms
 7: 5.780340ms
 8: 5.780161ms
 9: 5.778766ms
 10: 5.907335ms
 11: 5.769741ms
 12: 6.150506ms
 13: 5.888505ms
 14: 5.766674ms
 15: 5.782396ms
 16: 5.773524ms
 17: 5.756541ms
 18: 5.778486ms
 19: 6.368068ms
 20: 5.771981ms
 21: 5.949729ms
 22: 5.762867ms
 23: 6.349696ms
 24: 6.197828ms
 25: 11.126430ms
 26: 9.275218ms
 27: 5.849625ms
 28: 5.780179ms
 29: 5.821647ms
 30: 5.771344ms
 31: 5.766465ms
 32: 5.776626ms
 33: 5.771660ms
 34: 6.952070ms
 35: 5.771220ms
 36: 5.801063ms
 37: 5.778714ms
 38: 5.772176ms
 39: 5.764190ms
 40: 6.368902ms
 41: 5.890608ms
 42: 5.964460ms
 43: 5.782433ms
 44: 5.772865ms
 45: 5.781932ms
 46: 5.998556ms
 47: 5.779723ms
 48: 6.125784ms
 49: 5.766325ms


Measurements
--------------------------
FFT Size            : 146^3
Threads             : 38
Batch               : 1
Iterations          : 50
Avg Tot Runtime     : 6.087776 ms
Runtime per batch   : 6.087776 ms
SD                  : 0.890784 ms
Throughput          : 0.527699 GFLOPs
Plan Time           : 59.111522 sec
