Expm 2: Streaming FFTW
FFTW Plan: Patient
-- Cannot import wisdom from ../../wisdom/singlenode/all/530/fftw_530_t37_b1.patient
-- Exporting wisdom file to ../../wisdom/singlenode/all/530/fftw_530_t37_b1.patient
Iteration: 0, 1, 2, 3, 4, 5, 6, 7, 8, 9, 10, 11, 12, 13, 14, 15, 16, 17, 18, 19, 20, 21, 22, 23, 24, 25, 26, 27, 28, 29, 30, 31, 32, 33, 34, 35, 36, 37, 38, 39, 40, 41, 42, 43, 44, 45, 46, 47, 48, 49, 
Printing individual runtimes:
 0: 399.237534ms
 1: 527.666874ms
 2: 401.147965ms
 3: 397.479426ms
 4: 412.844974ms
 5: 392.802778ms
 6: 403.977555ms
 7: 400.066825ms
 8: 398.283771ms
 9: 398.745276ms
 10: 396.928502ms
 11: 620.108502ms
 12: 447.744545ms
 13: 425.364151ms
 14: 592.816200ms
 15: 400.180969ms
 16: 389.891510ms
 17: 604.325419ms
 18: 383.242184ms
 19: 385.420658ms
 20: 405.199293ms
 21: 396.387894ms
 22: 385.760322ms
 23: 398.956050ms
 24: 404.289772ms
 25: 524.538190ms
 26: 670.046119ms
 27: 399.937731ms
 28: 400.735475ms
 29: 400.072520ms
 30: 398.260689ms
 31: 401.833469ms
 32: 388.708959ms
 33: 395.467864ms
 34: 402.117617ms
 35: 412.449374ms
 36: 399.829331ms
 37: 398.828319ms
 38: 439.521666ms
 39: 410.622327ms
 40: 399.622333ms
 41: 401.265758ms
 42: 397.329535ms
 43: 404.153052ms
 44: 395.172011ms
 45: 398.690295ms
 46: 412.627021ms
 47: 404.811366ms
 48: 401.695479ms
 49: 621.503252ms


Measurements
--------------------------
FFT Size            : 530^3
Threads             : 37
Batch               : 1
Iterations          : 50
Avg Tot Runtime     : 428.974174 ms
Runtime per batch   : 428.974174 ms
SD                  : 70.065635 ms
Throughput          : 21.788851 GFLOPs
Plan Time           : 557.106106 sec
