Expm 2: Streaming FFTW
FFTW Plan: Patient
-- Cannot import wisdom from ../../wisdom/singlenode/all/530/fftw_530_t39_b1.patient
-- Exporting wisdom file to ../../wisdom/singlenode/all/530/fftw_530_t39_b1.patient
Iteration: 0, 1, 2, 3, 4, 5, 6, 7, 8, 9, 10, 11, 12, 13, 14, 15, 16, 17, 18, 19, 20, 21, 22, 23, 24, 25, 26, 27, 28, 29, 30, 31, 32, 33, 34, 35, 36, 37, 38, 39, 40, 41, 42, 43, 44, 45, 46, 47, 48, 49, 
Printing individual runtimes:
 0: 364.896547ms
 1: 367.350117ms
 2: 410.738068ms
 3: 369.198569ms
 4: 406.900523ms
 5: 407.816064ms
 6: 367.704612ms
 7: 367.444565ms
 8: 367.995431ms
 9: 410.996726ms
 10: 368.018192ms
 11: 430.971871ms
 12: 368.330108ms
 13: 404.806621ms
 14: 556.500544ms
 15: 589.653551ms
 16: 559.361427ms
 17: 383.103191ms
 18: 368.198322ms
 19: 368.976494ms
 20: 370.589082ms
 21: 366.179988ms
 22: 366.995613ms
 23: 413.950855ms
 24: 368.496381ms
 25: 370.782357ms
 26: 574.192335ms
 27: 394.438286ms
 28: 363.406369ms
 29: 363.006152ms
 30: 363.791712ms
 31: 366.414218ms
 32: 673.127525ms
 33: 365.057713ms
 34: 367.027702ms
 35: 368.893571ms
 36: 366.717715ms
 37: 365.624537ms
 38: 369.158909ms
 39: 366.341850ms
 40: 367.238539ms
 41: 368.028499ms
 42: 367.059172ms
 43: 368.884298ms
 44: 366.885660ms
 45: 360.217592ms
 46: 359.937461ms
 47: 360.771782ms
 48: 360.981325ms
 49: 362.637143ms


Measurements
--------------------------
FFT Size            : 530^3
Threads             : 39
Batch               : 1
Iterations          : 50
Avg Tot Runtime     : 396.115918 ms
Runtime per batch   : 396.115918 ms
SD                  : 68.247601 ms
Throughput          : 20.014125 GFLOPs
Plan Time           : 551.293163 sec
