Expm 2: Streaming FFTW
FFTW Plan: Patient
-- Cannot import wisdom from ../../wisdom/singlenode/all/64/fftw_64_t36_b1.patient
-- Exporting wisdom file to ../../wisdom/singlenode/all/64/fftw_64_t36_b1.patient
Iteration: 0, 1, 2, 3, 4, 5, 6, 7, 8, 9, 10, 11, 12, 13, 14, 15, 16, 17, 18, 19, 20, 21, 22, 23, 24, 25, 26, 27, 28, 29, 30, 31, 32, 33, 34, 35, 36, 37, 38, 39, 40, 41, 42, 43, 44, 45, 46, 47, 48, 49, 
Printing individual runtimes:
 0: 0.202670ms
 1: 0.147948ms
 2: 0.149196ms
 3: 0.149383ms
 4: 0.146661ms
 5: 0.153718ms
 6: 0.175027ms
 7: 0.154915ms
 8: 0.609958ms
 9: 0.159290ms
 10: 0.150856ms
 11: 0.490707ms
 12: 0.184009ms
 13: 0.171369ms
 14: 0.294592ms
 15: 0.164450ms
 16: 0.165791ms
 17: 0.164423ms
 18: 0.168235ms
 19: 0.168616ms
 20: 0.179417ms
 21: 0.168356ms
 22: 1.289895ms
 23: 0.181821ms
 24: 0.169623ms
 25: 0.167472ms
 26: 0.167939ms
 27: 0.163199ms
 28: 0.178064ms
 29: 0.183919ms
 30: 0.164091ms
 31: 0.176417ms
 32: 0.166651ms
 33: 0.169643ms
 34: 0.163046ms
 35: 0.163925ms
 36: 0.172280ms
 37: 0.167423ms
 38: 0.166077ms
 39: 0.174541ms
 40: 0.174367ms
 41: 0.169563ms
 42: 0.169695ms
 43: 0.170303ms
 44: 0.161258ms
 45: 0.160688ms
 46: 0.170750ms
 47: 0.167376ms
 48: 0.177049ms
 49: 0.170479ms


Measurements
--------------------------
FFT Size            : 64^3
Threads             : 36
Batch               : 1
Iterations          : 50
Avg Tot Runtime     : 0.207943 ms
Runtime per batch   : 0.207943 ms
SD                  : 0.173169 ms
Throughput          : 0.001947 GFLOPs
Plan Time           : 13.150151 sec
