Expm 2: Streaming FFTW
FFTW Plan: Patient
-- Cannot import wisdom from ../../wisdom/singlenode/all/522/fftw_522_t38_b1.patient
-- Exporting wisdom file to ../../wisdom/singlenode/all/522/fftw_522_t38_b1.patient
Iteration: 0, 1, 2, 3, 4, 5, 6, 7, 8, 9, 10, 11, 12, 13, 14, 15, 16, 17, 18, 19, 20, 21, 22, 23, 24, 25, 26, 27, 28, 29, 30, 31, 32, 33, 34, 35, 36, 37, 38, 39, 40, 41, 42, 43, 44, 45, 46, 47, 48, 49, 
Printing individual runtimes:
 0: 224.967183ms
 1: 226.253469ms
 2: 232.487591ms
 3: 480.046986ms
 4: 347.650383ms
 5: 226.496694ms
 6: 226.464891ms
 7: 227.413563ms
 8: 222.097732ms
 9: 497.569246ms
 10: 223.181231ms
 11: 223.788976ms
 12: 221.441891ms
 13: 224.196127ms
 14: 343.125782ms
 15: 223.353159ms
 16: 221.937721ms
 17: 222.177121ms
 18: 224.831226ms
 19: 223.739399ms
 20: 224.520907ms
 21: 223.595629ms
 22: 223.545918ms
 23: 225.690601ms
 24: 525.742882ms
 25: 383.379085ms
 26: 233.820393ms
 27: 224.212452ms
 28: 225.408408ms
 29: 223.587768ms
 30: 259.311052ms
 31: 226.589958ms
 32: 226.441588ms
 33: 223.038664ms
 34: 224.238948ms
 35: 226.223153ms
 36: 222.978652ms
 37: 226.314133ms
 38: 224.100552ms
 39: 222.689107ms
 40: 224.088507ms
 41: 493.956988ms
 42: 223.585401ms
 43: 222.992935ms
 44: 221.943333ms
 45: 224.289251ms
 46: 223.742245ms
 47: 225.256317ms
 48: 226.302573ms
 49: 223.347083ms


Measurements
--------------------------
FFT Size            : 522^3
Threads             : 38
Batch               : 1
Iterations          : 50
Avg Tot Runtime     : 255.363097 ms
Runtime per batch   : 255.363097 ms
SD                  : 78.934897 ms
Throughput          : 16.091815 GFLOPs
Plan Time           : 483.031218 sec
