Expm 2: Streaming FFTW
FFTW Plan: Patient
-- Cannot import wisdom from ../../wisdom/singlenode/all/522/fftw_522_t40_b1.patient
-- Exporting wisdom file to ../../wisdom/singlenode/all/522/fftw_522_t40_b1.patient
Iteration: 0, 1, 2, 3, 4, 5, 6, 7, 8, 9, 10, 11, 12, 13, 14, 15, 16, 17, 18, 19, 20, 21, 22, 23, 24, 25, 26, 27, 28, 29, 30, 31, 32, 33, 34, 35, 36, 37, 38, 39, 40, 41, 42, 43, 44, 45, 46, 47, 48, 49, 
Printing individual runtimes:
 0: 241.330458ms
 1: 433.550304ms
 2: 312.038790ms
 3: 236.957701ms
 4: 234.415511ms
 5: 432.333197ms
 6: 409.076887ms
 7: 233.112587ms
 8: 232.775165ms
 9: 231.857128ms
 10: 361.725474ms
 11: 232.998413ms
 12: 233.167014ms
 13: 349.059077ms
 14: 349.432332ms
 15: 312.344522ms
 16: 340.676420ms
 17: 233.784995ms
 18: 234.937148ms
 19: 234.046964ms
 20: 234.066242ms
 21: 426.452171ms
 22: 427.687285ms
 23: 234.727013ms
 24: 233.868011ms
 25: 234.602178ms
 26: 234.642616ms
 27: 234.125282ms
 28: 549.430460ms
 29: 235.190426ms
 30: 232.624511ms
 31: 431.801876ms
 32: 473.463857ms
 33: 232.769949ms
 34: 233.559927ms
 35: 232.758191ms
 36: 235.138344ms
 37: 427.465457ms
 38: 233.572608ms
 39: 335.604595ms
 40: 457.011635ms
 41: 232.348274ms
 42: 232.399546ms
 43: 428.122688ms
 44: 239.895648ms
 45: 236.273868ms
 46: 492.237976ms
 47: 233.771781ms
 48: 233.873627ms
 49: 233.460976ms


Measurements
--------------------------
FFT Size            : 522^3
Threads             : 40
Batch               : 1
Iterations          : 50
Avg Tot Runtime     : 300.251342 ms
Runtime per batch   : 300.251342 ms
SD                  : 92.664202 ms
Throughput          : 16.134032 GFLOPs
Plan Time           : 506.630448 sec
