Expm 2: Streaming FFTW
FFTW Plan: Patient
-- Cannot import wisdom from ../../wisdom/singlenode/all/200/fftw_200_t39_b1.patient
-- Exporting wisdom file to ../../wisdom/singlenode/all/200/fftw_200_t39_b1.patient
Iteration: 0, 1, 2, 3, 4, 5, 6, 7, 8, 9, 10, 11, 12, 13, 14, 15, 16, 17, 18, 19, 20, 21, 22, 23, 24, 25, 26, 27, 28, 29, 30, 31, 32, 33, 34, 35, 36, 37, 38, 39, 40, 41, 42, 43, 44, 45, 46, 47, 48, 49, 
Printing individual runtimes:
 0: 3.272528ms
 1: 4.644333ms
 2: 2.946894ms
 3: 2.932113ms
 4: 2.963013ms
 5: 2.906063ms
 6: 2.925190ms
 7: 4.579554ms
 8: 3.020807ms
 9: 4.830334ms
 10: 4.179571ms
 11: 2.994175ms
 12: 2.971033ms
 13: 4.701578ms
 14: 3.019509ms
 15: 2.997687ms
 16: 3.030244ms
 17: 2.971580ms
 18: 4.743722ms
 19: 3.027394ms
 20: 2.978293ms
 21: 2.985968ms
 22: 2.975001ms
 23: 2.970968ms
 24: 3.486258ms
 25: 3.034984ms
 26: 2.998351ms
 27: 3.016523ms
 28: 3.026534ms
 29: 3.674223ms
 30: 3.056439ms
 31: 3.059731ms
 32: 3.076960ms
 33: 3.029349ms
 34: 3.067578ms
 35: 3.055571ms
 36: 3.016630ms
 37: 3.024093ms
 38: 3.035748ms
 39: 4.377113ms
 40: 4.222622ms
 41: 4.199852ms
 42: 2.853770ms
 43: 2.880947ms
 44: 2.882183ms
 45: 2.882845ms
 46: 2.900365ms
 47: 2.885421ms
 48: 2.927498ms
 49: 4.580203ms


Measurements
--------------------------
FFT Size            : 200^3
Threads             : 39
Batch               : 1
Iterations          : 50
Avg Tot Runtime     : 3.316387 ms
Runtime per batch   : 3.316387 ms
SD                  : 0.618239 ms
Throughput          : 0.102865 GFLOPs
Plan Time           : 142.964433 sec
