Expm 2: Streaming FFTW
FFTW Plan: Patient
-- Cannot import wisdom from ../../wisdom/singlenode/all/200/fftw_200_t37_b1.patient
-- Exporting wisdom file to ../../wisdom/singlenode/all/200/fftw_200_t37_b1.patient
Iteration: 0, 1, 2, 3, 4, 5, 6, 7, 8, 9, 10, 11, 12, 13, 14, 15, 16, 17, 18, 19, 20, 21, 22, 23, 24, 25, 26, 27, 28, 29, 30, 31, 32, 33, 34, 35, 36, 37, 38, 39, 40, 41, 42, 43, 44, 45, 46, 47, 48, 49, 
Printing individual runtimes:
 0: 5.048193ms
 1: 4.531243ms
 2: 2.973128ms
 3: 2.859359ms
 4: 2.871107ms
 5: 3.493441ms
 6: 2.924061ms
 7: 2.879237ms
 8: 2.832572ms
 9: 2.879016ms
 10: 2.869319ms
 11: 2.854261ms
 12: 2.886895ms
 13: 2.866552ms
 14: 2.857468ms
 15: 2.871219ms
 16: 2.834218ms
 17: 2.894684ms
 18: 2.893702ms
 19: 2.852392ms
 20: 2.862851ms
 21: 2.850153ms
 22: 2.857315ms
 23: 2.861923ms
 24: 2.854499ms
 25: 2.860931ms
 26: 2.888943ms
 27: 2.862322ms
 28: 2.925081ms
 29: 2.876823ms
 30: 2.861777ms
 31: 2.850626ms
 32: 2.862803ms
 33: 2.854752ms
 34: 2.886861ms
 35: 2.908799ms
 36: 2.875257ms
 37: 2.876185ms
 38: 2.839973ms
 39: 2.867539ms
 40: 2.856567ms
 41: 2.890984ms
 42: 2.869119ms
 43: 2.859209ms
 44: 2.845364ms
 45: 2.887826ms
 46: 2.890826ms
 47: 2.869126ms
 48: 2.901989ms
 49: 2.882023ms


Measurements
--------------------------
FFT Size            : 200^3
Threads             : 37
Batch               : 1
Iterations          : 50
Avg Tot Runtime     : 2.962210 ms
Runtime per batch   : 2.962210 ms
SD                  : 0.387240 ms
Throughput          : 0.092006 GFLOPs
Plan Time           : 148.748025 sec
