Expm 2: Streaming FFTW
FFTW Plan: Patient
-- Cannot import wisdom from ../../wisdom/singlenode/all/564/fftw_564_t38_b1.patient
-- Exporting wisdom file to ../../wisdom/singlenode/all/564/fftw_564_t38_b1.patient
Iteration: 0, 1, 2, 3, 4, 5, 6, 7, 8, 9, 10, 11, 12, 13, 14, 15, 16, 17, 18, 19, 20, 21, 22, 23, 24, 25, 26, 27, 28, 29, 30, 31, 32, 33, 34, 35, 36, 37, 38, 39, 40, 41, 42, 43, 44, 45, 46, 47, 48, 49, 
Printing individual runtimes:
 0: 363.072122ms
 1: 361.220360ms
 2: 525.872172ms
 3: 364.534476ms
 4: 366.114351ms
 5: 364.701970ms
 6: 363.885180ms
 7: 364.957637ms
 8: 362.162412ms
 9: 363.664006ms
 10: 364.154934ms
 11: 366.497304ms
 12: 364.700772ms
 13: 364.295225ms
 14: 364.549136ms
 15: 362.644433ms
 16: 364.851984ms
 17: 364.143114ms
 18: 367.249682ms
 19: 365.754062ms
 20: 361.237690ms
 21: 363.720543ms
 22: 364.935449ms
 23: 556.831891ms
 24: 363.977468ms
 25: 364.343997ms
 26: 364.431487ms
 27: 418.006097ms
 28: 363.950844ms
 29: 362.083851ms
 30: 363.761001ms
 31: 366.508816ms
 32: 368.147034ms
 33: 356.652792ms
 34: 370.429018ms
 35: 369.008358ms
 36: 366.530121ms
 37: 366.067208ms
 38: 366.044575ms
 39: 367.689888ms
 40: 365.464395ms
 41: 368.194892ms
 42: 369.769957ms
 43: 367.920464ms
 44: 365.527237ms
 45: 367.120896ms
 46: 366.852336ms
 47: 367.213295ms
 48: 387.655276ms
 49: 366.651765ms


Measurements
--------------------------
FFT Size            : 564^3
Threads             : 38
Batch               : 1
Iterations          : 50
Avg Tot Runtime     : 373.715079 ms
Runtime per batch   : 373.715079 ms
SD                  : 35.348662 ms
Throughput          : 25.429867 GFLOPs
Plan Time           : 786.399463 sec
