Expm 2: Streaming FFT

Printing individual runtimes:
 0: 0.549275ms
 1: 0.362929ms
 2: 0.372784ms
 3: 1.088722ms
 4: 0.365235ms
 5: 1.221868ms
 6: 0.399035ms
 7: 0.364798ms
 8: 0.369573ms
 9: 0.475307ms
 10: 0.409743ms
 11: 0.368175ms
 12: 0.361827ms
 13: 0.416231ms
 14: 0.360560ms
 15: 0.399794ms
 16: 0.371757ms
 17: 0.359323ms
 18: 0.366551ms
 19: 0.366008ms
 20: 0.371122ms
 21: 0.553832ms
 22: 0.362958ms
 23: 0.461553ms
 24: 0.362945ms
 25: 0.367384ms
 26: 0.368087ms
 27: 0.365027ms
 28: 0.366067ms
 29: 0.361996ms
 30: 0.371684ms
 31: 0.370690ms
 32: 0.374148ms
 33: 0.362418ms
 34: 0.369928ms
 35: 0.370155ms
 36: 0.392927ms
 37: 0.470373ms
 38: 0.369182ms
 39: 0.369101ms
 40: 0.416704ms
 41: 0.368684ms
 42: 0.365423ms
 43: 0.362034ms
 44: 0.365038ms
 45: 0.359017ms
 46: 0.366246ms
 47: 0.359425ms
 48: 0.369790ms
 49: 0.369508ms
 50: 0.361537ms
 51: 0.375182ms
 52: 0.359942ms
 53: 0.372291ms
 54: 0.355984ms
 55: 0.384923ms
 56: 0.372746ms
 57: 0.398229ms
 58: 0.391144ms
 59: 0.394685ms
 60: 0.363599ms
 61: 0.385354ms
 62: 0.367143ms
 63: 0.364474ms
 64: 0.362214ms
 65: 0.361750ms
 66: 0.381573ms
 67: 0.564911ms
 68: 0.375008ms
 69: 0.365893ms
 70: 0.369991ms
 71: 0.392777ms
 72: 0.372176ms
 73: 0.367234ms
 74: 0.427117ms
 75: 0.362013ms
 76: 0.373630ms
 77: 0.365329ms
 78: 0.974184ms
 79: 0.363163ms
 80: 0.358059ms
 81: 0.382203ms
 82: 0.357093ms
 83: 0.371007ms
 84: 0.359697ms
 85: 0.360470ms
 86: 0.361725ms
 87: 0.360515ms
 88: 0.358563ms
 89: 0.371820ms
 90: 0.372071ms
 91: 0.367938ms
 92: 0.356562ms
 93: 0.365132ms
 94: 0.392829ms
 95: 0.358918ms
 96: 0.361481ms
 97: 0.361412ms
 98: 0.377587ms
 99: 0.359240ms
 100: 0.359543ms
 101: 0.360423ms
 102: 0.359290ms
 103: 0.392685ms
 104: 0.358646ms
 105: 0.366526ms
 106: 0.374748ms
 107: 0.372302ms
 108: 0.392636ms
 109: 0.358557ms
 110: 0.394141ms
 111: 0.361517ms
 112: 0.361786ms
 113: 0.356674ms
 114: 0.361390ms
 115: 0.357636ms
 116: 0.367898ms
 117: 0.357299ms
 118: 0.368081ms
 119: 0.355288ms
 120: 0.366178ms
 121: 0.367667ms
 122: 0.360424ms
 123: 0.362781ms
 124: 0.372444ms
 125: 0.358063ms
 126: 0.362190ms
 127: 0.385670ms
 128: 0.361731ms
 129: 0.362748ms
 130: 0.419840ms
 131: 0.361644ms
 132: 0.358343ms
 133: 0.363406ms
 134: 0.357354ms
 135: 0.363662ms
 136: 0.497785ms
 137: 0.370033ms
 138: 0.355739ms
 139: 0.365553ms
 140: 0.366925ms
 141: 0.392354ms
 142: 0.360100ms
 143: 0.369872ms
 144: 0.389458ms
 145: 0.358038ms
 146: 0.362050ms
 147: 0.365599ms
 148: 0.360338ms
 149: 0.368143ms
 150: 0.359133ms
 151: 0.359776ms
 152: 0.375215ms
 153: 0.389760ms
 154: 0.357287ms
 155: 0.370068ms
 156: 0.366545ms
 157: 0.356879ms
 158: 0.365258ms
 159: 0.364384ms
 160: 0.357591ms
 161: 0.383641ms
 162: 0.359747ms
 163: 0.360981ms
 164: 0.359523ms
 165: 0.362810ms
 166: 0.368300ms
 167: 0.403740ms
 168: 0.393490ms
 169: 0.360364ms
 170: 0.357022ms
 171: 0.358178ms
 172: 0.380891ms
 173: 0.396353ms
 174: 0.357293ms
 175: 0.359260ms
 176: 0.386124ms
 177: 0.362547ms
 178: 0.365774ms
 179: 0.359850ms
 180: 0.365048ms
 181: 0.355092ms
 182: 0.356359ms
 183: 0.383914ms
 184: 0.357051ms
 185: 0.368348ms
 186: 0.405581ms
 187: 0.360715ms
 188: 0.383803ms
 189: 0.364954ms
 190: 0.362238ms
 191: 0.361177ms
 192: 0.389536ms
 193: 0.359525ms
 194: 0.366098ms
 195: 0.353566ms
 196: 0.375298ms
 197: 0.367174ms
 198: 0.353784ms
 199: 0.358128ms


-- Real : Q1: 50 Q2: 100 Q3: 150
-- Array: Q1: 49 Q2: 99 Q3: 149
Printing sorted runtimes:
 0: 0.359543ms
 1: 0.358128ms
 2: 0.353784ms
 3: 0.353566ms
 4: 0.359525ms
 5: 0.357051ms
 6: 0.356359ms
 7: 0.355092ms
 8: 0.359260ms
 9: 0.357293ms
 10: 0.358178ms
 11: 0.357022ms
 12: 0.359523ms
 13: 0.357591ms
 14: 0.356879ms
 15: 0.357287ms
 16: 0.359133ms
 17: 0.359323ms
 18: 0.358038ms
 19: 0.355739ms
 20: 0.357354ms
 21: 0.358343ms
 22: 0.358063ms
 23: 0.355288ms
 24: 0.357299ms
 25: 0.357636ms
 26: 0.356674ms
 27: 0.358557ms
 28: 0.358646ms
 29: 0.359290ms
 30: 0.359240ms
 31: 0.358918ms
 32: 0.356562ms
 33: 0.358563ms
 34: 0.357093ms
 35: 0.358059ms
 36: 0.355984ms
 37: 0.359425ms
 38: 0.359017ms
 39: 0.359942ms
 40: 0.359697ms
 41: 0.359747ms
 42: 0.359850ms
 43: 0.359776ms
 44: 0.360364ms
 45: 0.360338ms
 46: 0.360100ms
 47: 0.360424ms
 48: 0.360423ms
 49: 0.360470ms
 50: 0.360515ms
 51: 0.365038ms
 52: 0.360715ms
 53: 0.362958ms
 54: 0.362547ms
 55: 0.362810ms
 56: 0.361827ms
 57: 0.360981ms
 58: 0.361537ms
 59: 0.361996ms
 60: 0.362781ms
 61: 0.362190ms
 62: 0.361731ms
 63: 0.361412ms
 64: 0.362214ms
 65: 0.361750ms
 66: 0.362929ms
 67: 0.361481ms
 68: 0.361517ms
 69: 0.362748ms
 70: 0.361786ms
 71: 0.361644ms
 72: 0.362050ms
 73: 0.361177ms
 74: 0.362418ms
 75: 0.362013ms
 76: 0.362034ms
 77: 0.361725ms
 78: 0.361390ms
 79: 0.362945ms
 80: 0.363163ms
 81: 0.362238ms
 82: 0.360560ms
 83: 0.364798ms
 84: 0.365027ms
 85: 0.364954ms
 86: 0.364384ms
 87: 0.363599ms
 88: 0.364474ms
 89: 0.363662ms
 90: 0.363406ms
 91: 0.365774ms
 92: 0.365329ms
 93: 0.365132ms
 94: 0.365599ms
 95: 0.365048ms
 96: 0.365553ms
 97: 0.365423ms
 98: 0.365235ms
 99: 0.365258ms
 100: 0.365893ms
 101: 0.369790ms
 102: 0.366178ms
 103: 0.366098ms
 104: 0.366067ms
 105: 0.366246ms
 106: 0.366526ms
 107: 0.368143ms
 108: 0.367667ms
 109: 0.366925ms
 110: 0.368087ms
 111: 0.366551ms
 112: 0.367938ms
 113: 0.367143ms
 114: 0.367174ms
 115: 0.367384ms
 116: 0.367898ms
 117: 0.366545ms
 118: 0.368081ms
 119: 0.367234ms
 120: 0.368348ms
 121: 0.368175ms
 122: 0.366008ms
 123: 0.369573ms
 124: 0.368684ms
 125: 0.369101ms
 126: 0.369182ms
 127: 0.368300ms
 128: 0.369508ms
 129: 0.373630ms
 130: 0.372746ms
 131: 0.372302ms
 132: 0.372291ms
 133: 0.372071ms
 134: 0.371122ms
 135: 0.371820ms
 136: 0.371007ms
 137: 0.370033ms
 138: 0.369928ms
 139: 0.371684ms
 140: 0.370155ms
 141: 0.372784ms
 142: 0.370068ms
 143: 0.369872ms
 144: 0.372444ms
 145: 0.370690ms
 146: 0.372176ms
 147: 0.371757ms
 148: 0.369991ms
 149: 0.374148ms
 150: 0.374748ms
 151: 0.375008ms
 152: 0.375215ms
 153: 0.380891ms
 154: 0.383641ms
 155: 0.375298ms
 156: 0.375182ms
 157: 0.381573ms
 158: 0.377587ms
 159: 0.382203ms
 160: 0.383803ms
 161: 0.383914ms
 162: 0.391144ms
 163: 0.389536ms
 164: 0.385354ms
 165: 0.384923ms
 166: 0.385670ms
 167: 0.392354ms
 168: 0.386124ms
 169: 0.389458ms
 170: 0.392636ms
 171: 0.392685ms
 172: 0.389760ms
 173: 0.396353ms
 174: 0.409743ms
 175: 0.392927ms
 176: 0.393490ms
 177: 0.403740ms
 178: 0.398229ms
 179: 0.416231ms
 180: 0.394685ms
 181: 0.399794ms
 182: 0.399035ms
 183: 0.392777ms
 184: 0.392829ms
 185: 0.394141ms
 186: 0.405581ms
 187: 0.416704ms
 188: 1.221868ms
 189: 0.475307ms
 190: 0.497785ms
 191: 0.553832ms
 192: 0.419840ms
 193: 0.461553ms
 194: 0.549275ms
 195: 1.088722ms
 196: 0.974184ms
 197: 0.427117ms
 198: 0.564911ms
 199: 0.470373ms


Measurements
--------------------------
FFT Size            : 69^3
Threads             : 31
Batch               : 1
Iterations          : 200
Avg Tot Runtime     : 0.385309 ms
Runtime per batch   : 0.385309 ms
SD                  : 0.093435 ms
Q1                  : 0.360470 ms
Median              : 0.365576 ms
Q3                  : 0.374148 ms
