Expm 2: Streaming FFT

Printing individual runtimes:
 0: 0.624574ms
 1: 0.475897ms
 2: 0.459963ms
 3: 0.593418ms
 4: 0.466888ms
 5: 0.467309ms
 6: 0.459771ms
 7: 0.474428ms
 8: 0.456308ms
 9: 0.467593ms
 10: 0.586311ms
 11: 0.494672ms
 12: 0.483366ms
 13: 0.632469ms
 14: 0.454772ms
 15: 0.470050ms
 16: 0.512461ms
 17: 0.465954ms
 18: 0.575428ms
 19: 0.458706ms
 20: 0.467782ms
 21: 0.468832ms
 22: 0.473126ms
 23: 0.467217ms
 24: 0.465396ms
 25: 0.469038ms
 26: 0.460965ms
 27: 0.594549ms
 28: 0.469168ms
 29: 0.494256ms
 30: 0.458405ms
 31: 0.476095ms
 32: 0.480417ms
 33: 0.593276ms
 34: 0.468683ms
 35: 0.458461ms
 36: 0.476136ms
 37: 0.461587ms
 38: 0.501687ms
 39: 0.461934ms
 40: 0.568969ms
 41: 0.475906ms
 42: 0.485979ms
 43: 0.469248ms
 44: 0.501867ms
 45: 0.470377ms
 46: 0.470840ms
 47: 0.466622ms
 48: 0.466550ms
 49: 0.456862ms
 50: 0.593972ms
 51: 0.517830ms
 52: 0.490867ms
 53: 0.469586ms
 54: 0.460830ms
 55: 0.459143ms
 56: 0.471926ms
 57: 0.455656ms
 58: 0.472097ms
 59: 0.468370ms
 60: 0.457715ms
 61: 0.466277ms
 62: 0.460247ms
 63: 0.468121ms
 64: 0.595866ms
 65: 0.468450ms
 66: 0.474145ms
 67: 0.460347ms
 68: 0.474528ms
 69: 0.456018ms
 70: 0.466096ms
 71: 0.464967ms
 72: 0.459298ms
 73: 0.466898ms
 74: 0.484228ms
 75: 0.579289ms
 76: 0.471448ms
 77: 0.463427ms
 78: 0.453406ms
 79: 0.471099ms
 80: 0.466028ms
 81: 0.459629ms
 82: 0.465073ms
 83: 0.469467ms
 84: 0.497245ms
 85: 0.461594ms
 86: 0.474825ms
 87: 0.477561ms
 88: 0.455131ms
 89: 0.461364ms
 90: 0.474620ms
 91: 0.459229ms
 92: 0.465455ms
 93: 0.456194ms
 94: 0.593912ms
 95: 0.464924ms
 96: 0.468031ms
 97: 0.474099ms
 98: 0.465716ms
 99: 0.466616ms
 100: 0.473141ms
 101: 0.460783ms
 102: 0.490544ms
 103: 0.464765ms
 104: 0.473478ms
 105: 0.457719ms
 106: 0.457806ms
 107: 0.465514ms
 108: 0.462464ms
 109: 0.457683ms
 110: 0.461003ms
 111: 0.460088ms
 112: 0.586921ms
 113: 0.464285ms
 114: 0.458017ms
 115: 0.460735ms
 116: 0.505647ms
 117: 0.470433ms
 118: 0.457343ms
 119: 0.509158ms
 120: 0.467847ms
 121: 0.457622ms
 122: 0.468158ms
 123: 0.472003ms
 124: 0.462725ms
 125: 0.460589ms
 126: 0.464533ms
 127: 0.497166ms
 128: 0.459647ms
 129: 0.458223ms
 130: 0.464277ms
 131: 0.654237ms
 132: 0.468015ms
 133: 0.501660ms
 134: 0.500139ms
 135: 0.471315ms
 136: 0.459042ms
 137: 0.469726ms
 138: 0.458986ms
 139: 0.460708ms
 140: 0.495606ms
 141: 0.467006ms
 142: 0.500788ms
 143: 0.463227ms
 144: 0.484233ms
 145: 0.471646ms
 146: 0.495813ms
 147: 0.468448ms
 148: 0.494991ms
 149: 0.466744ms
 150: 0.460301ms
 151: 0.468201ms
 152: 0.591259ms
 153: 0.459499ms
 154: 0.469086ms
 155: 0.488882ms
 156: 0.497648ms
 157: 0.459459ms
 158: 0.473872ms
 159: 0.474177ms
 160: 0.456765ms
 161: 0.474555ms
 162: 0.463035ms
 163: 0.488604ms
 164: 0.460674ms
 165: 0.471690ms
 166: 0.468793ms
 167: 0.482121ms
 168: 0.464834ms
 169: 0.488248ms
 170: 0.462295ms
 171: 0.470297ms
 172: 0.572815ms
 173: 0.460370ms
 174: 0.468801ms
 175: 0.478215ms
 176: 0.457689ms
 177: 0.493358ms
 178: 0.511402ms
 179: 0.471787ms
 180: 0.458454ms
 181: 0.497394ms
 182: 0.492768ms
 183: 0.466426ms
 184: 0.491885ms
 185: 0.510167ms
 186: 0.458514ms
 187: 0.472772ms
 188: 0.486214ms
 189: 0.472375ms
 190: 0.489668ms
 191: 0.488180ms
 192: 0.463554ms
 193: 0.466425ms
 194: 0.466897ms
 195: 0.492785ms
 196: 0.466292ms
 197: 0.460723ms
 198: 0.473019ms
 199: 0.469464ms


-- Real : Q1: 50 Q2: 100 Q3: 150
-- Array: Q1: 49 Q2: 99 Q3: 149
Printing sorted runtimes:
 0: 0.458223ms
 1: 0.456194ms
 2: 0.455131ms
 3: 0.453406ms
 4: 0.456018ms
 5: 0.457719ms
 6: 0.456765ms
 7: 0.457715ms
 8: 0.456308ms
 9: 0.457806ms
 10: 0.455656ms
 11: 0.457683ms
 12: 0.456862ms
 13: 0.458017ms
 14: 0.454772ms
 15: 0.457343ms
 16: 0.457689ms
 17: 0.457622ms
 18: 0.459042ms
 19: 0.458706ms
 20: 0.458986ms
 21: 0.458461ms
 22: 0.458454ms
 23: 0.458405ms
 24: 0.458514ms
 25: 0.460965ms
 26: 0.459298ms
 27: 0.460347ms
 28: 0.459229ms
 29: 0.459459ms
 30: 0.459499ms
 31: 0.459771ms
 32: 0.459963ms
 33: 0.460589ms
 34: 0.460247ms
 35: 0.460723ms
 36: 0.460735ms
 37: 0.459647ms
 38: 0.460370ms
 39: 0.460783ms
 40: 0.459629ms
 41: 0.459143ms
 42: 0.460830ms
 43: 0.460674ms
 44: 0.460708ms
 45: 0.460088ms
 46: 0.460301ms
 47: 0.461587ms
 48: 0.461003ms
 49: 0.461364ms
 50: 0.461594ms
 51: 0.466426ms
 52: 0.462725ms
 53: 0.462464ms
 54: 0.462295ms
 55: 0.464277ms
 56: 0.463427ms
 57: 0.463554ms
 58: 0.463035ms
 59: 0.463227ms
 60: 0.464285ms
 61: 0.465514ms
 62: 0.464834ms
 63: 0.464533ms
 64: 0.464924ms
 65: 0.465073ms
 66: 0.465716ms
 67: 0.465396ms
 68: 0.464765ms
 69: 0.465455ms
 70: 0.464967ms
 71: 0.466096ms
 72: 0.461934ms
 73: 0.465954ms
 74: 0.466425ms
 75: 0.466292ms
 76: 0.466028ms
 77: 0.466277ms
 78: 0.467782ms
 79: 0.467593ms
 80: 0.467006ms
 81: 0.467217ms
 82: 0.466897ms
 83: 0.467309ms
 84: 0.466550ms
 85: 0.466622ms
 86: 0.466744ms
 87: 0.466898ms
 88: 0.466616ms
 89: 0.466888ms
 90: 0.468683ms
 91: 0.467847ms
 92: 0.468448ms
 93: 0.468450ms
 94: 0.468201ms
 95: 0.468158ms
 96: 0.468031ms
 97: 0.468121ms
 98: 0.468015ms
 99: 0.468370ms
 100: 0.468793ms
 101: 0.475897ms
 102: 0.468832ms
 103: 0.469038ms
 104: 0.469086ms
 105: 0.469168ms
 106: 0.469248ms
 107: 0.469464ms
 108: 0.469586ms
 109: 0.469467ms
 110: 0.470840ms
 111: 0.470377ms
 112: 0.471099ms
 113: 0.470050ms
 114: 0.470297ms
 115: 0.469726ms
 116: 0.470433ms
 117: 0.471315ms
 118: 0.471448ms
 119: 0.471787ms
 120: 0.471690ms
 121: 0.471926ms
 122: 0.472097ms
 123: 0.472003ms
 124: 0.471646ms
 125: 0.472772ms
 126: 0.472375ms
 127: 0.473126ms
 128: 0.473019ms
 129: 0.473141ms
 130: 0.468801ms
 131: 0.474428ms
 132: 0.474555ms
 133: 0.474177ms
 134: 0.473872ms
 135: 0.474145ms
 136: 0.474528ms
 137: 0.473478ms
 138: 0.474825ms
 139: 0.474620ms
 140: 0.474099ms
 141: 0.478215ms
 142: 0.476095ms
 143: 0.476136ms
 144: 0.477561ms
 145: 0.475906ms
 146: 0.484228ms
 147: 0.482121ms
 148: 0.483366ms
 149: 0.480417ms
 150: 0.484233ms
 151: 0.485979ms
 152: 0.486214ms
 153: 0.488180ms
 154: 0.488604ms
 155: 0.488882ms
 156: 0.488248ms
 157: 0.494256ms
 158: 0.492768ms
 159: 0.491885ms
 160: 0.497166ms
 161: 0.493358ms
 162: 0.490867ms
 163: 0.489668ms
 164: 0.490544ms
 165: 0.494991ms
 166: 0.495813ms
 167: 0.494672ms
 168: 0.492785ms
 169: 0.495606ms
 170: 0.501867ms
 171: 0.568969ms
 172: 0.572815ms
 173: 0.501687ms
 174: 0.593972ms
 175: 0.517830ms
 176: 0.593276ms
 177: 0.509158ms
 178: 0.511402ms
 179: 0.595866ms
 180: 0.501660ms
 181: 0.497394ms
 182: 0.500139ms
 183: 0.505647ms
 184: 0.497648ms
 185: 0.510167ms
 186: 0.594549ms
 187: 0.575428ms
 188: 0.586921ms
 189: 0.512461ms
 190: 0.591259ms
 191: 0.579289ms
 192: 0.632469ms
 193: 0.497245ms
 194: 0.624574ms
 195: 0.593912ms
 196: 0.586311ms
 197: 0.654237ms
 198: 0.593418ms
 199: 0.500788ms


Measurements
--------------------------
FFT Size            : 69^3
Threads             : 22
Batch               : 1
Iterations          : 200
Avg Tot Runtime     : 0.481574 ms
Runtime per batch   : 0.481574 ms
SD                  : 0.036782 ms
Q1                  : 0.461364 ms
Median              : 0.468581 ms
Q3                  : 0.480417 ms
