Expm 2: Streaming FFT

Printing individual runtimes:
 0: 0.484471ms
 1: 0.291823ms
 2: 0.301634ms
 3: 0.593620ms
 4: 0.298109ms
 5: 1.357918ms
 6: 0.284551ms
 7: 0.301926ms
 8: 0.290575ms
 9: 0.403982ms
 10: 0.276593ms
 11: 0.384613ms
 12: 0.290814ms
 13: 0.277305ms
 14: 0.285133ms
 15: 0.287956ms
 16: 0.296320ms
 17: 0.289839ms
 18: 0.436633ms
 19: 0.292426ms
 20: 0.382129ms
 21: 0.300211ms
 22: 0.295772ms
 23: 0.298743ms
 24: 0.304723ms
 25: 0.291340ms
 26: 0.299951ms
 27: 0.295655ms
 28: 0.298447ms
 29: 0.287526ms
 30: 0.428319ms
 31: 0.295382ms
 32: 0.296080ms
 33: 0.415563ms
 34: 0.291981ms
 35: 0.295510ms
 36: 0.292793ms
 37: 0.301245ms
 38: 0.290450ms
 39: 0.300342ms
 40: 0.293825ms
 41: 0.303806ms
 42: 0.297456ms
 43: 0.307480ms
 44: 0.296949ms
 45: 0.293699ms
 46: 0.307260ms
 47: 0.296145ms
 48: 0.297116ms
 49: 0.302420ms
 50: 0.297258ms
 51: 0.431900ms
 52: 0.295280ms
 53: 0.299142ms
 54: 0.293153ms
 55: 0.295327ms
 56: 0.292012ms
 57: 0.305302ms
 58: 0.293903ms
 59: 0.298538ms
 60: 0.294687ms
 61: 0.296088ms
 62: 0.307833ms
 63: 0.299316ms
 64: 0.295089ms
 65: 0.295077ms
 66: 0.295016ms
 67: 0.308707ms
 68: 0.300376ms
 69: 0.299411ms
 70: 0.292966ms
 71: 0.304861ms
 72: 0.303513ms
 73: 0.295877ms
 74: 0.291625ms
 75: 0.296152ms
 76: 0.297437ms
 77: 0.368564ms
 78: 0.299400ms
 79: 0.296838ms
 80: 0.297503ms
 81: 0.291439ms
 82: 0.299093ms
 83: 0.295233ms
 84: 0.306623ms
 85: 0.301731ms
 86: 0.296052ms
 87: 0.290838ms
 88: 0.297014ms
 89: 0.302894ms
 90: 0.297978ms
 91: 0.433355ms
 92: 0.292806ms
 93: 0.292329ms
 94: 0.304487ms
 95: 0.290709ms
 96: 0.294962ms
 97: 0.297981ms
 98: 0.295933ms
 99: 0.294278ms
 100: 0.295515ms
 101: 0.291335ms
 102: 0.303137ms
 103: 0.293988ms
 104: 0.293932ms
 105: 0.292810ms
 106: 0.293480ms
 107: 0.303901ms
 108: 0.297278ms
 109: 0.301158ms
 110: 0.293031ms
 111: 0.298177ms
 112: 0.290579ms
 113: 0.298877ms
 114: 0.293283ms
 115: 0.293389ms
 116: 0.306363ms
 117: 0.299669ms
 118: 0.293636ms
 119: 0.298366ms
 120: 0.293274ms
 121: 0.300310ms
 122: 0.291959ms
 123: 0.293965ms
 124: 0.293525ms
 125: 0.359311ms
 126: 0.303452ms
 127: 0.297219ms
 128: 0.297093ms
 129: 0.302902ms
 130: 0.293894ms
 131: 0.300911ms
 132: 0.296455ms
 133: 0.293163ms
 134: 0.414370ms
 135: 0.296590ms
 136: 0.294566ms
 137: 0.292027ms
 138: 0.298640ms
 139: 0.296478ms
 140: 0.304717ms
 141: 0.292894ms
 142: 0.298317ms
 143: 0.305437ms
 144: 0.291812ms
 145: 0.290639ms
 146: 0.300999ms
 147: 0.296244ms
 148: 0.296620ms
 149: 0.293155ms
 150: 0.299138ms
 151: 0.290910ms
 152: 0.299938ms
 153: 0.300992ms
 154: 0.307589ms
 155: 0.295129ms
 156: 0.296472ms
 157: 0.293962ms
 158: 0.295130ms
 159: 0.297026ms
 160: 0.291472ms
 161: 0.301830ms
 162: 0.292145ms
 163: 0.299809ms
 164: 0.297465ms
 165: 0.296373ms
 166: 0.301290ms
 167: 0.291911ms
 168: 0.293794ms
 169: 0.291299ms
 170: 0.291529ms
 171: 0.303062ms
 172: 0.293510ms
 173: 0.325647ms
 174: 0.295976ms
 175: 0.294175ms
 176: 0.317611ms
 177: 0.295849ms
 178: 0.306505ms
 179: 0.293191ms
 180: 0.291796ms
 181: 0.291763ms
 182: 0.293312ms
 183: 0.292289ms
 184: 0.293013ms
 185: 0.291932ms
 186: 0.299278ms
 187: 0.291350ms
 188: 0.296681ms
 189: 0.296088ms
 190: 0.291676ms
 191: 0.303557ms
 192: 0.295008ms
 193: 0.291439ms
 194: 0.295694ms
 195: 0.298800ms
 196: 0.300710ms
 197: 0.294888ms
 198: 0.292370ms
 199: 0.301123ms


-- Real : Q1: 50 Q2: 100 Q3: 150
-- Array: Q1: 49 Q2: 99 Q3: 149
Printing sorted runtimes:
 0: 0.290910ms
 1: 0.290838ms
 2: 0.290709ms
 3: 0.290579ms
 4: 0.290639ms
 5: 0.290450ms
 6: 0.284551ms
 7: 0.287526ms
 8: 0.290575ms
 9: 0.289839ms
 10: 0.276593ms
 11: 0.287956ms
 12: 0.290814ms
 13: 0.277305ms
 14: 0.285133ms
 15: 0.293013ms
 16: 0.291932ms
 17: 0.291350ms
 18: 0.292289ms
 19: 0.292426ms
 20: 0.291823ms
 21: 0.291763ms
 22: 0.291796ms
 23: 0.292806ms
 24: 0.292329ms
 25: 0.291340ms
 26: 0.291439ms
 27: 0.291529ms
 28: 0.291299ms
 29: 0.291676ms
 30: 0.292370ms
 31: 0.291335ms
 32: 0.291911ms
 33: 0.292145ms
 34: 0.291981ms
 35: 0.291625ms
 36: 0.292793ms
 37: 0.291472ms
 38: 0.292810ms
 39: 0.292966ms
 40: 0.291959ms
 41: 0.292012ms
 42: 0.292027ms
 43: 0.292894ms
 44: 0.291812ms
 45: 0.291439ms
 46: 0.293155ms
 47: 0.293153ms
 48: 0.293031ms
 49: 0.293163ms
 50: 0.293191ms
 51: 0.295233ms
 52: 0.293274ms
 53: 0.293312ms
 54: 0.293894ms
 55: 0.293283ms
 56: 0.293962ms
 57: 0.293525ms
 58: 0.293903ms
 59: 0.293965ms
 60: 0.294687ms
 61: 0.293825ms
 62: 0.293699ms
 63: 0.293636ms
 64: 0.295089ms
 65: 0.295077ms
 66: 0.295016ms
 67: 0.293389ms
 68: 0.294566ms
 69: 0.294888ms
 70: 0.295130ms
 71: 0.295129ms
 72: 0.293480ms
 73: 0.295008ms
 74: 0.294175ms
 75: 0.293932ms
 76: 0.293988ms
 77: 0.293510ms
 78: 0.294278ms
 79: 0.294962ms
 80: 0.293794ms
 81: 0.295849ms
 82: 0.295510ms
 83: 0.295382ms
 84: 0.295515ms
 85: 0.295280ms
 86: 0.295772ms
 87: 0.295327ms
 88: 0.295655ms
 89: 0.295694ms
 90: 0.296152ms
 91: 0.296052ms
 92: 0.296088ms
 93: 0.295877ms
 94: 0.296145ms
 95: 0.295976ms
 96: 0.296088ms
 97: 0.296080ms
 98: 0.295933ms
 99: 0.296244ms
 100: 0.296320ms
 101: 0.300710ms
 102: 0.296455ms
 103: 0.296472ms
 104: 0.296620ms
 105: 0.296681ms
 106: 0.296949ms
 107: 0.296838ms
 108: 0.296590ms
 109: 0.297014ms
 110: 0.296478ms
 111: 0.297116ms
 112: 0.297026ms
 113: 0.297219ms
 114: 0.297093ms
 115: 0.297258ms
 116: 0.298877ms
 117: 0.297456ms
 118: 0.298317ms
 119: 0.298366ms
 120: 0.298177ms
 121: 0.298743ms
 122: 0.297278ms
 123: 0.298538ms
 124: 0.297437ms
 125: 0.298447ms
 126: 0.297981ms
 127: 0.297503ms
 128: 0.298109ms
 129: 0.299093ms
 130: 0.299142ms
 131: 0.298640ms
 132: 0.298800ms
 133: 0.297465ms
 134: 0.297978ms
 135: 0.299138ms
 136: 0.299278ms
 137: 0.299809ms
 138: 0.299938ms
 139: 0.300310ms
 140: 0.300342ms
 141: 0.299951ms
 142: 0.299316ms
 143: 0.299669ms
 144: 0.300376ms
 145: 0.299411ms
 146: 0.296373ms
 147: 0.300211ms
 148: 0.299400ms
 149: 0.300911ms
 150: 0.300992ms
 151: 0.301123ms
 152: 0.300999ms
 153: 0.301731ms
 154: 0.301634ms
 155: 0.301158ms
 156: 0.301290ms
 157: 0.301245ms
 158: 0.304717ms
 159: 0.302420ms
 160: 0.303806ms
 161: 0.301830ms
 162: 0.415563ms
 163: 0.414370ms
 164: 0.431900ms
 165: 0.302902ms
 166: 0.305437ms
 167: 0.303452ms
 168: 0.428319ms
 169: 0.359311ms
 170: 0.305302ms
 171: 0.303062ms
 172: 0.307833ms
 173: 0.325647ms
 174: 0.306363ms
 175: 0.304723ms
 176: 0.317611ms
 177: 0.308707ms
 178: 0.306505ms
 179: 0.304861ms
 180: 0.307260ms
 181: 0.303901ms
 182: 0.382129ms
 183: 0.436633ms
 184: 0.303513ms
 185: 0.384613ms
 186: 0.303137ms
 187: 0.403982ms
 188: 0.368564ms
 189: 0.484471ms
 190: 0.301926ms
 191: 0.303557ms
 192: 1.357918ms
 193: 0.304487ms
 194: 0.306623ms
 195: 0.433355ms
 196: 0.302894ms
 197: 0.593620ms
 198: 0.307589ms
 199: 0.307480ms


Measurements
--------------------------
FFT Size            : 69^3
Threads             : 38
Batch               : 1
Iterations          : 200
Avg Tot Runtime     : 0.310324 ms
Runtime per batch   : 0.310324 ms
SD                  : 0.082338 ms
Q1                  : 0.293163 ms
Median              : 0.296282 ms
Q3                  : 0.300911 ms
