Expm 2: Streaming FFTW
FFTW Plan: Patient
-- Cannot import wisdom from ../../wisdom/singlenode/all/63/fftw_63_t40_b1.patient
-- Exporting wisdom file to ../../wisdom/singlenode/all/63/fftw_63_t40_b1.patient
Iteration: 0, 1, 2, 3, 4, 5, 6, 7, 8, 9, 10, 11, 12, 13, 14, 15, 16, 17, 18, 19, 20, 21, 22, 23, 24, 25, 26, 27, 28, 29, 30, 31, 32, 33, 34, 35, 36, 37, 38, 39, 40, 41, 42, 43, 44, 45, 46, 47, 48, 49, 
Printing individual runtimes:
 0: 0.243882ms
 1: 0.208701ms
 2: 0.203197ms
 3: 0.205064ms
 4: 0.207394ms
 5: 0.212595ms
 6: 0.215005ms
 7: 0.207601ms
 8: 0.968110ms
 9: 0.551661ms
 10: 0.396288ms
 11: 0.396717ms
 12: 0.393417ms
 13: 0.206336ms
 14: 0.209067ms
 15: 0.221497ms
 16: 0.209114ms
 17: 0.204417ms
 18: 0.203606ms
 19: 0.206343ms
 20: 0.214462ms
 21: 0.449496ms
 22: 0.210562ms
 23: 0.206600ms
 24: 0.211769ms
 25: 0.596522ms
 26: 0.210938ms
 27: 0.212265ms
 28: 0.207869ms
 29: 0.208630ms
 30: 0.206272ms
 31: 0.211779ms
 32: 0.204798ms
 33: 1.301720ms
 34: 0.208015ms
 35: 0.208694ms
 36: 0.200841ms
 37: 0.206125ms
 38: 0.230837ms
 39: 0.235989ms
 40: 0.209068ms
 41: 0.213586ms
 42: 0.203356ms
 43: 0.204451ms
 44: 0.201900ms
 45: 0.203686ms
 46: 0.204908ms
 47: 0.204162ms
 48: 0.220032ms
 49: 0.218800ms


Measurements
--------------------------
FFT Size            : 63^3
Threads             : 40
Batch               : 1
Iterations          : 50
Avg Tot Runtime     : 0.277963 ms
Runtime per batch   : 0.277963 ms
SD                  : 0.198271 ms
Throughput          : 0.004494 GFLOPs
Plan Time           : 9.581614 sec
