Expm 2: Streaming FFT

Printing individual runtimes:
 0: 0.173862ms
 1: 0.047019ms
 2: 0.053353ms
 3: 0.087103ms
 4: 0.040501ms
 5: 0.102329ms
 6: 0.040193ms
 7: 0.099476ms
 8: 0.043297ms
 9: 0.050315ms
 10: 0.048412ms
 11: 0.098930ms
 12: 0.053071ms
 13: 0.044825ms
 14: 0.087167ms
 15: 0.045898ms
 16: 0.089082ms
 17: 0.044739ms
 18: 0.037719ms
 19: 0.098974ms
 20: 0.039985ms
 21: 0.044004ms
 22: 0.044223ms
 23: 0.113267ms
 24: 0.042869ms
 25: 0.044325ms
 26: 0.110393ms
 27: 0.040431ms
 28: 0.048352ms
 29: 0.042945ms
 30: 0.098154ms
 31: 0.047100ms
 32: 0.089202ms
 33: 0.043638ms
 34: 0.045240ms
 35: 0.037495ms
 36: 0.045184ms
 37: 0.036590ms
 38: 0.091309ms
 39: 0.048081ms
 40: 0.038755ms
 41: 0.039298ms
 42: 0.098034ms
 43: 0.041853ms
 44: 0.037959ms
 45: 0.041873ms
 46: 0.049068ms
 47: 0.110108ms
 48: 0.039369ms
 49: 0.047684ms
 50: 0.041629ms
 51: 0.053011ms
 52: 0.045540ms
 53: 0.100270ms
 54: 0.047607ms
 55: 0.037122ms
 56: 0.046728ms
 57: 0.046545ms
 58: 0.038738ms
 59: 0.104716ms
 60: 0.039134ms
 61: 0.042352ms
 62: 0.044083ms
 63: 0.037758ms
 64: 0.054950ms
 65: 0.101758ms
 66: 0.049601ms
 67: 0.049075ms
 68: 0.041064ms
 69: 0.036035ms
 70: 0.050091ms
 71: 0.039357ms
 72: 0.050816ms
 73: 0.041768ms
 74: 0.097235ms
 75: 0.040466ms
 76: 0.039713ms
 77: 0.044602ms
 78: 0.038226ms
 79: 0.046720ms
 80: 0.047160ms
 81: 0.041638ms
 82: 0.044802ms
 83: 0.102970ms
 84: 0.058571ms
 85: 0.039390ms
 86: 0.040763ms
 87: 0.039113ms
 88: 0.048417ms
 89: 0.045962ms
 90: 0.046966ms
 91: 0.037920ms
 92: 0.101952ms
 93: 0.044331ms
 94: 0.046904ms
 95: 0.049351ms
 96: 0.040338ms
 97: 0.040555ms
 98: 0.040887ms
 99: 0.036172ms
 100: 0.041315ms
 101: 0.038265ms
 102: 0.039131ms
 103: 0.051941ms
 104: 0.048497ms
 105: 0.125115ms
 106: 0.042946ms
 107: 0.043723ms
 108: 0.055708ms
 109: 0.040667ms
 110: 0.047684ms
 111: 0.041955ms
 112: 0.048298ms
 113: 0.036947ms
 114: 0.037036ms
 115: 0.050199ms
 116: 0.048267ms
 117: 0.044641ms
 118: 0.043384ms
 119: 0.045981ms
 120: 0.104423ms
 121: 0.042133ms
 122: 0.037082ms
 123: 0.055015ms
 124: 0.039067ms
 125: 0.052335ms
 126: 0.042591ms
 127: 0.045224ms
 128: 0.042728ms
 129: 0.038887ms
 130: 0.042219ms
 131: 0.036064ms
 132: 0.044929ms
 133: 0.044532ms
 134: 0.119092ms
 135: 0.040804ms
 136: 0.037105ms
 137: 0.036795ms
 138: 0.036895ms
 139: 0.060362ms
 140: 0.034079ms
 141: 0.051541ms
 142: 0.039711ms
 143: 0.043533ms
 144: 0.034766ms
 145: 0.040478ms
 146: 0.043770ms
 147: 0.036602ms
 148: 0.044359ms
 149: 0.093119ms
 150: 0.043047ms
 151: 0.040965ms
 152: 0.045901ms
 153: 0.035296ms
 154: 0.038634ms
 155: 0.041760ms
 156: 0.037421ms
 157: 0.036987ms
 158: 0.039619ms
 159: 0.039777ms
 160: 0.033886ms
 161: 0.037648ms
 162: 0.041881ms
 163: 0.048545ms
 164: 0.037042ms
 165: 0.052522ms
 166: 0.043591ms
 167: 0.096284ms
 168: 0.045866ms
 169: 0.040991ms
 170: 0.038593ms
 171: 0.052553ms
 172: 0.040130ms
 173: 0.048470ms
 174: 0.051701ms
 175: 0.046251ms
 176: 0.049851ms
 177: 0.039453ms
 178: 0.037431ms
 179: 0.037118ms
 180: 0.048795ms
 181: 0.038118ms
 182: 0.102993ms
 183: 0.057432ms
 184: 0.038472ms
 185: 0.045997ms
 186: 0.037650ms
 187: 0.040575ms
 188: 0.048788ms
 189: 0.053448ms
 190: 0.047528ms
 191: 0.038915ms
 192: 0.040175ms
 193: 0.036735ms
 194: 0.039409ms
 195: 0.046479ms
 196: 0.048778ms
 197: 0.038364ms
 198: 0.103395ms
 199: 0.040011ms


-- Real : Q1: 50 Q2: 100 Q3: 150
-- Array: Q1: 49 Q2: 99 Q3: 149
Printing sorted runtimes:
 0: 0.037421ms
 1: 0.037122ms
 2: 0.036947ms
 3: 0.037036ms
 4: 0.037082ms
 5: 0.036735ms
 6: 0.036064ms
 7: 0.036035ms
 8: 0.036172ms
 9: 0.037105ms
 10: 0.036795ms
 11: 0.036895ms
 12: 0.034079ms
 13: 0.037118ms
 14: 0.036590ms
 15: 0.034766ms
 16: 0.036602ms
 17: 0.035296ms
 18: 0.036987ms
 19: 0.033886ms
 20: 0.037042ms
 21: 0.038118ms
 22: 0.037648ms
 23: 0.037920ms
 24: 0.037959ms
 25: 0.037650ms
 26: 0.037719ms
 27: 0.037758ms
 28: 0.037431ms
 29: 0.037495ms
 30: 0.039390ms
 31: 0.039134ms
 32: 0.039113ms
 33: 0.038738ms
 34: 0.039131ms
 35: 0.038634ms
 36: 0.038265ms
 37: 0.038364ms
 38: 0.039357ms
 39: 0.038472ms
 40: 0.038755ms
 41: 0.039298ms
 42: 0.039067ms
 43: 0.038593ms
 44: 0.039369ms
 45: 0.038915ms
 46: 0.038226ms
 47: 0.038887ms
 48: 0.039409ms
 49: 0.039453ms
 50: 0.039619ms
 51: 0.042728ms
 52: 0.039711ms
 53: 0.040011ms
 54: 0.039985ms
 55: 0.039777ms
 56: 0.040667ms
 57: 0.040804ms
 58: 0.040478ms
 59: 0.040887ms
 60: 0.040965ms
 61: 0.040555ms
 62: 0.040338ms
 63: 0.040431ms
 64: 0.040991ms
 65: 0.040130ms
 66: 0.040763ms
 67: 0.040575ms
 68: 0.041064ms
 69: 0.040175ms
 70: 0.040193ms
 71: 0.040501ms
 72: 0.041315ms
 73: 0.040466ms
 74: 0.039713ms
 75: 0.041768ms
 76: 0.042591ms
 77: 0.042219ms
 78: 0.041629ms
 79: 0.042133ms
 80: 0.041873ms
 81: 0.041638ms
 82: 0.041853ms
 83: 0.041955ms
 84: 0.041760ms
 85: 0.042352ms
 86: 0.041881ms
 87: 0.043591ms
 88: 0.042945ms
 89: 0.043297ms
 90: 0.043384ms
 91: 0.043047ms
 92: 0.043533ms
 93: 0.042946ms
 94: 0.042869ms
 95: 0.044083ms
 96: 0.044004ms
 97: 0.043770ms
 98: 0.043638ms
 99: 0.043723ms
 100: 0.044223ms
 101: 0.048795ms
 102: 0.044331ms
 103: 0.044359ms
 104: 0.045901ms
 105: 0.045898ms
 106: 0.046728ms
 107: 0.046545ms
 108: 0.045866ms
 109: 0.046251ms
 110: 0.046904ms
 111: 0.044825ms
 112: 0.045240ms
 113: 0.045540ms
 114: 0.044739ms
 115: 0.045184ms
 116: 0.044802ms
 117: 0.044641ms
 118: 0.046966ms
 119: 0.045981ms
 120: 0.045997ms
 121: 0.046720ms
 122: 0.045962ms
 123: 0.044532ms
 124: 0.044929ms
 125: 0.044602ms
 126: 0.046479ms
 127: 0.045224ms
 128: 0.047019ms
 129: 0.044325ms
 130: 0.048470ms
 131: 0.048417ms
 132: 0.047684ms
 133: 0.048545ms
 134: 0.047160ms
 135: 0.048778ms
 136: 0.048267ms
 137: 0.048412ms
 138: 0.048081ms
 139: 0.048788ms
 140: 0.048352ms
 141: 0.047607ms
 142: 0.047528ms
 143: 0.048497ms
 144: 0.048298ms
 145: 0.047684ms
 146: 0.047100ms
 147: 0.049351ms
 148: 0.049068ms
 149: 0.049075ms
 150: 0.049601ms
 151: 0.049851ms
 152: 0.051701ms
 153: 0.050199ms
 154: 0.051941ms
 155: 0.051541ms
 156: 0.052335ms
 157: 0.050091ms
 158: 0.052522ms
 159: 0.050315ms
 160: 0.050816ms
 161: 0.052553ms
 162: 0.053353ms
 163: 0.055015ms
 164: 0.054950ms
 165: 0.055708ms
 166: 0.053448ms
 167: 0.053011ms
 168: 0.053071ms
 169: 0.057432ms
 170: 0.096284ms
 171: 0.060362ms
 172: 0.089082ms
 173: 0.091309ms
 174: 0.087103ms
 175: 0.093119ms
 176: 0.089202ms
 177: 0.058571ms
 178: 0.087167ms
 179: 0.097235ms
 180: 0.102970ms
 181: 0.098974ms
 182: 0.102993ms
 183: 0.101758ms
 184: 0.098930ms
 185: 0.101952ms
 186: 0.113267ms
 187: 0.104716ms
 188: 0.173862ms
 189: 0.110393ms
 190: 0.098154ms
 191: 0.125115ms
 192: 0.099476ms
 193: 0.102329ms
 194: 0.100270ms
 195: 0.098034ms
 196: 0.104423ms
 197: 0.119092ms
 198: 0.103395ms
 199: 0.110108ms


Measurements
--------------------------
FFT Size            : 19^3
Threads             : 33
Batch               : 1
Iterations          : 200
Avg Tot Runtime     : 0.051836 ms
Runtime per batch   : 0.051836 ms
SD                  : 0.022296 ms
Q1                  : 0.039453 ms
Median              : 0.043973 ms
Q3                  : 0.049075 ms
