Expm 2: Streaming FFTW
FFTW Plan: Patient
-- Cannot import wisdom from ../../wisdom/singlenode/all/545/fftw_545_t38_b1.patient
-- Exporting wisdom file to ../../wisdom/singlenode/all/545/fftw_545_t38_b1.patient
Iteration: 0, 1, 2, 3, 4, 5, 6, 7, 8, 9, 10, 11, 12, 13, 14, 15, 16, 17, 18, 19, 20, 21, 22, 23, 24, 25, 26, 27, 28, 29, 30, 31, 32, 33, 34, 35, 36, 37, 38, 39, 40, 41, 42, 43, 44, 45, 46, 47, 48, 49, 
Printing individual runtimes:
 0: 403.325309ms
 1: 407.586213ms
 2: 400.447080ms
 3: 401.014820ms
 4: 401.660481ms
 5: 507.225419ms
 6: 406.762616ms
 7: 401.641457ms
 8: 753.868663ms
 9: 405.625298ms
 10: 404.443908ms
 11: 404.047498ms
 12: 398.926632ms
 13: 392.283953ms
 14: 405.038024ms
 15: 606.263516ms
 16: 401.318216ms
 17: 392.404237ms
 18: 402.973689ms
 19: 397.743490ms
 20: 402.324208ms
 21: 695.777664ms
 22: 397.468655ms
 23: 393.761254ms
 24: 559.673376ms
 25: 830.537413ms
 26: 774.380942ms
 27: 401.827339ms
 28: 398.894190ms
 29: 400.679857ms
 30: 436.287399ms
 31: 401.505373ms
 32: 404.342183ms
 33: 508.856437ms
 34: 492.806610ms
 35: 398.436628ms
 36: 399.205729ms
 37: 397.145329ms
 38: 395.448136ms
 39: 404.261536ms
 40: 491.401147ms
 41: 400.067819ms
 42: 401.307434ms
 43: 401.469082ms
 44: 393.869060ms
 45: 396.091041ms
 46: 406.039823ms
 47: 391.648511ms
 48: 477.495193ms
 49: 405.617891ms


Measurements
--------------------------
FFT Size            : 545^3
Threads             : 38
Batch               : 1
Iterations          : 50
Avg Tot Runtime     : 447.064556 ms
Runtime per batch   : 447.064556 ms
SD                  : 104.290354 ms
Throughput          : 32.082264 GFLOPs
Plan Time           : 381.441187 sec
