Expm 2: Streaming FFTW
FFTW Plan: Patient
-- Cannot import wisdom from ../../wisdom/singlenode/all/224/fftw_224_t39_b1.patient
-- Exporting wisdom file to ../../wisdom/singlenode/all/224/fftw_224_t39_b1.patient
Iteration: 0, 1, 2, 3, 4, 5, 6, 7, 8, 9, 10, 11, 12, 13, 14, 15, 16, 17, 18, 19, 20, 21, 22, 23, 24, 25, 26, 27, 28, 29, 30, 31, 32, 33, 34, 35, 36, 37, 38, 39, 40, 41, 42, 43, 44, 45, 46, 47, 48, 49, 
Printing individual runtimes:
 0: 7.445348ms
 1: 4.383323ms
 2: 4.301815ms
 3: 4.281740ms
 4: 4.351189ms
 5: 4.344327ms
 6: 5.611309ms
 7: 4.293347ms
 8: 10.566097ms
 9: 17.480465ms
 10: 7.199352ms
 11: 4.466372ms
 12: 4.686386ms
 13: 4.505695ms
 14: 4.541957ms
 15: 4.545400ms
 16: 4.482271ms
 17: 4.505696ms
 18: 4.471099ms
 19: 4.525626ms
 20: 4.481078ms
 21: 4.514132ms
 22: 4.446837ms
 23: 4.520308ms
 24: 4.474960ms
 25: 4.466422ms
 26: 4.478907ms
 27: 4.504641ms
 28: 4.488625ms
 29: 4.477740ms
 30: 4.488182ms
 31: 4.475972ms
 32: 4.493773ms
 33: 4.515477ms
 34: 4.581317ms
 35: 4.477761ms
 36: 4.508937ms
 37: 4.507169ms
 38: 4.534203ms
 39: 7.286964ms
 40: 4.563731ms
 41: 4.489178ms
 42: 4.469897ms
 43: 4.503579ms
 44: 4.504714ms
 45: 4.496170ms
 46: 4.496819ms
 47: 4.507704ms
 48: 4.530793ms
 49: 4.446731ms


Measurements
--------------------------
FFT Size            : 224^3
Threads             : 39
Batch               : 1
Iterations          : 50
Avg Tot Runtime     : 5.054431 ms
Runtime per batch   : 5.054431 ms
SD                  : 2.074321 ms
Throughput          : 0.134372 GFLOPs
Plan Time           : 162.656349 sec
