Expm 2: Streaming FFTW
FFTW Plan: Patient
-- Cannot import wisdom from ../../wisdom/singlenode/all/244/fftw_244_t36_b1.patient
-- Exporting wisdom file to ../../wisdom/singlenode/all/244/fftw_244_t36_b1.patient
Iteration: 0, 1, 2, 3, 4, 5, 6, 7, 8, 9, 10, 11, 12, 13, 14, 15, 16, 17, 18, 19, 20, 21, 22, 23, 24, 25, 26, 27, 28, 29, 30, 31, 32, 33, 34, 35, 36, 37, 38, 39, 40, 41, 42, 43, 44, 45, 46, 47, 48, 49, 
Printing individual runtimes:
 0: 44.460272ms
 1: 44.981661ms
 2: 43.203470ms
 3: 43.756610ms
 4: 44.073362ms
 5: 45.064378ms
 6: 44.513834ms
 7: 45.792634ms
 8: 43.065455ms
 9: 42.063513ms
 10: 43.126769ms
 11: 41.958931ms
 12: 43.071707ms
 13: 42.739739ms
 14: 44.345822ms
 15: 42.866335ms
 16: 43.131470ms
 17: 42.208771ms
 18: 43.563056ms
 19: 42.672660ms
 20: 42.917310ms
 21: 42.941941ms
 22: 43.288194ms
 23: 43.655631ms
 24: 43.919625ms
 25: 42.412969ms
 26: 43.770308ms
 27: 42.942766ms
 28: 42.934902ms
 29: 46.896288ms
 30: 43.271929ms
 31: 62.244447ms
 32: 43.935942ms
 33: 45.652116ms
 34: 44.728473ms
 35: 43.109472ms
 36: 46.392619ms
 37: 44.538427ms
 38: 45.066007ms
 39: 43.467186ms
 40: 43.344590ms
 41: 51.054077ms
 42: 42.885798ms
 43: 44.645306ms
 44: 42.783390ms
 45: 42.805524ms
 46: 44.306020ms
 47: 42.580912ms
 48: 45.891558ms
 49: 45.575907ms


Measurements
--------------------------
FFT Size            : 244^3
Threads             : 36
Batch               : 1
Iterations          : 50
Avg Tot Runtime     : 44.292402 ms
Runtime per batch   : 44.292402 ms
SD                  : 2.984872 ms
Throughput          : 2.498726 GFLOPs
Plan Time           : 138.138420 sec
