Expm 2: Streaming FFTW
FFTW Plan: Patient
-- Cannot import wisdom from ../../wisdom/singlenode/all/244/fftw_244_t40_b1.patient
-- Exporting wisdom file to ../../wisdom/singlenode/all/244/fftw_244_t40_b1.patient
Iteration: 0, 1, 2, 3, 4, 5, 6, 7, 8, 9, 10, 11, 12, 13, 14, 15, 16, 17, 18, 19, 20, 21, 22, 23, 24, 25, 26, 27, 28, 29, 30, 31, 32, 33, 34, 35, 36, 37, 38, 39, 40, 41, 42, 43, 44, 45, 46, 47, 48, 49, 
Printing individual runtimes:
 0: 76.830252ms
 1: 40.798675ms
 2: 41.778986ms
 3: 41.097289ms
 4: 41.216842ms
 5: 40.086080ms
 6: 40.994721ms
 7: 41.955774ms
 8: 40.940101ms
 9: 42.892069ms
 10: 41.452097ms
 11: 41.593147ms
 12: 41.634279ms
 13: 76.502727ms
 14: 76.767895ms
 15: 76.536824ms
 16: 41.456504ms
 17: 41.584807ms
 18: 40.800993ms
 19: 41.312243ms
 20: 40.419906ms
 21: 41.254162ms
 22: 40.898909ms
 23: 42.057215ms
 24: 41.737989ms
 25: 44.409379ms
 26: 41.472548ms
 27: 41.421963ms
 28: 42.243564ms
 29: 41.777720ms
 30: 40.922263ms
 31: 40.719452ms
 32: 77.218120ms
 33: 76.234883ms
 34: 42.126993ms
 35: 41.685054ms
 36: 57.779291ms
 37: 41.297153ms
 38: 43.669143ms
 39: 41.220226ms
 40: 40.453724ms
 41: 41.578478ms
 42: 41.094405ms
 43: 40.593925ms
 44: 41.174028ms
 45: 40.474249ms
 46: 40.261835ms
 47: 39.883418ms
 48: 41.402180ms
 49: 40.873615ms


Measurements
--------------------------
FFT Size            : 244^3
Threads             : 40
Batch               : 1
Iterations          : 50
Avg Tot Runtime     : 45.931762 ms
Runtime per batch   : 45.931762 ms
SD                  : 11.611408 ms
Throughput          : 2.498726 GFLOPs
Plan Time           : 142.188762 sec
