Expm 2: Streaming FFTW
FFTW Plan: Patient
-- Cannot import wisdom from ../../wisdom/singlenode/all/517/fftw_517_t36_b1.patient
-- Exporting wisdom file to ../../wisdom/singlenode/all/517/fftw_517_t36_b1.patient
Iteration: 0, 1, 2, 3, 4, 5, 6, 7, 8, 9, 10, 11, 12, 13, 14, 15, 16, 17, 18, 19, 20, 21, 22, 23, 24, 25, 26, 27, 28, 29, 30, 31, 32, 33, 34, 35, 36, 37, 38, 39, 40, 41, 42, 43, 44, 45, 46, 47, 48, 49, 
Printing individual runtimes:
 0: 326.534358ms
 1: 324.009790ms
 2: 325.124688ms
 3: 323.512682ms
 4: 327.470082ms
 5: 323.509040ms
 6: 326.074060ms
 7: 328.905637ms
 8: 323.436896ms
 9: 324.365913ms
 10: 331.290018ms
 11: 327.242008ms
 12: 326.482658ms
 13: 326.330049ms
 14: 330.132203ms
 15: 326.215010ms
 16: 323.849744ms
 17: 328.245673ms
 18: 326.451891ms
 19: 327.090279ms
 20: 326.544954ms
 21: 326.937781ms
 22: 323.801871ms
 23: 327.004473ms
 24: 322.933705ms
 25: 324.432436ms
 26: 330.576736ms
 27: 321.521226ms
 28: 325.049514ms
 29: 327.642899ms
 30: 328.331383ms
 31: 330.898768ms
 32: 327.578152ms
 33: 330.715635ms
 34: 324.762453ms
 35: 329.886906ms
 36: 322.516299ms
 37: 325.234721ms
 38: 323.907689ms
 39: 323.128480ms
 40: 327.367435ms
 41: 326.591122ms
 42: 325.646123ms
 43: 327.685796ms
 44: 329.318170ms
 45: 328.924900ms
 46: 328.045790ms
 47: 325.620974ms
 48: 323.489239ms
 49: 326.568687ms


Measurements
--------------------------
FFT Size            : 517^3
Threads             : 36
Batch               : 1
Iterations          : 50
Avg Tot Runtime     : 326.378740 ms
Runtime per batch   : 326.378740 ms
SD                  : 2.381049 ms
Throughput          : 24.177894 GFLOPs
Plan Time           : 567.042165 sec
