Expm 2: Streaming FFT

Printing individual runtimes:
 0: 0.870368ms
 1: 0.665469ms
 2: 0.695431ms
 3: 1.179167ms
 4: 0.675931ms
 5: 0.688427ms
 6: 0.679082ms
 7: 0.672068ms
 8: 0.676146ms
 9: 0.831051ms
 10: 0.680228ms
 11: 0.682582ms
 12: 0.670833ms
 13: 0.687802ms
 14: 0.682364ms
 15: 0.685557ms
 16: 0.673217ms
 17: 0.684290ms
 18: 0.879471ms
 19: 0.668829ms
 20: 0.683010ms
 21: 0.678461ms
 22: 0.817237ms
 23: 0.673127ms
 24: 0.674764ms
 25: 0.668856ms
 26: 0.684584ms
 27: 0.681125ms
 28: 0.688520ms
 29: 0.680832ms
 30: 0.680879ms
 31: 0.833102ms
 32: 0.679450ms
 33: 0.680062ms
 34: 0.671039ms
 35: 0.682324ms
 36: 0.682370ms
 37: 0.825197ms
 38: 0.690635ms
 39: 0.670907ms
 40: 0.679356ms
 41: 0.676583ms
 42: 0.679594ms
 43: 0.676554ms
 44: 0.671461ms
 45: 0.687289ms
 46: 0.705701ms
 47: 0.711018ms
 48: 0.680340ms
 49: 0.682277ms
 50: 0.686795ms
 51: 0.686339ms
 52: 0.691760ms
 53: 0.831533ms
 54: 0.680107ms
 55: 0.684976ms
 56: 0.678280ms
 57: 0.684786ms
 58: 0.680846ms
 59: 0.704547ms
 60: 0.674796ms
 61: 0.689109ms
 62: 0.678805ms
 63: 0.671849ms
 64: 0.685040ms
 65: 0.675531ms
 66: 0.681758ms
 67: 0.683702ms
 68: 0.669253ms
 69: 0.686562ms
 70: 0.682825ms
 71: 0.678866ms
 72: 0.991098ms
 73: 0.678205ms
 74: 0.681726ms
 75: 0.678228ms
 76: 0.689189ms
 77: 0.684355ms
 78: 0.679235ms
 79: 0.680932ms
 80: 0.671954ms
 81: 0.674531ms
 82: 0.672823ms
 83: 0.680156ms
 84: 0.822985ms
 85: 0.687980ms
 86: 0.689115ms
 87: 0.683670ms
 88: 0.888404ms
 89: 0.681257ms
 90: 0.682121ms
 91: 0.680907ms
 92: 0.665374ms
 93: 0.675638ms
 94: 0.681206ms
 95: 0.830993ms
 96: 0.678495ms
 97: 0.677299ms
 98: 0.679101ms
 99: 0.680267ms
 100: 0.685758ms
 101: 0.673582ms
 102: 0.680124ms
 103: 0.684894ms
 104: 0.683120ms
 105: 0.680428ms
 106: 0.688397ms
 107: 0.688706ms
 108: 0.676961ms
 109: 0.684806ms
 110: 0.678402ms
 111: 0.679043ms
 112: 0.675342ms
 113: 0.679374ms
 114: 0.677678ms
 115: 0.680846ms
 116: 0.687972ms
 117: 0.676344ms
 118: 0.692091ms
 119: 0.695507ms
 120: 0.692009ms
 121: 0.681298ms
 122: 0.674905ms
 123: 0.679925ms
 124: 0.681983ms
 125: 0.690670ms
 126: 0.671285ms
 127: 0.677040ms
 128: 0.678375ms
 129: 0.688005ms
 130: 0.684754ms
 131: 0.686716ms
 132: 0.683403ms
 133: 0.684413ms
 134: 0.688373ms
 135: 0.718721ms
 136: 0.686171ms
 137: 0.672316ms
 138: 0.683951ms
 139: 0.673323ms
 140: 0.707243ms
 141: 0.684332ms
 142: 0.682054ms
 143: 0.682566ms
 144: 0.684190ms
 145: 0.671014ms
 146: 0.676156ms
 147: 0.673729ms
 148: 0.687319ms
 149: 0.687840ms
 150: 0.676287ms
 151: 0.678076ms
 152: 0.680072ms
 153: 0.684481ms
 154: 0.680688ms
 155: 0.680353ms
 156: 0.686925ms
 157: 0.672753ms
 158: 0.682773ms
 159: 0.685284ms
 160: 0.679002ms
 161: 0.685638ms
 162: 0.674436ms
 163: 0.687061ms
 164: 0.685838ms
 165: 0.667617ms
 166: 0.681304ms
 167: 0.684305ms
 168: 0.725195ms
 169: 0.673991ms
 170: 0.683224ms
 171: 0.678603ms
 172: 0.688232ms
 173: 0.676029ms
 174: 0.685523ms
 175: 0.681764ms
 176: 0.675058ms
 177: 0.677123ms
 178: 0.679307ms
 179: 0.682560ms
 180: 0.678342ms
 181: 0.670323ms
 182: 0.688211ms
 183: 0.678296ms
 184: 0.678547ms
 185: 1.564983ms
 186: 0.686555ms
 187: 0.675804ms
 188: 0.681295ms
 189: 0.680497ms
 190: 0.683448ms
 191: 0.685821ms
 192: 0.678769ms
 193: 0.684111ms
 194: 0.692540ms
 195: 0.674570ms
 196: 0.683666ms
 197: 0.777963ms
 198: 0.686341ms
 199: 0.683790ms


-- Real : Q1: 50 Q2: 100 Q3: 150
-- Array: Q1: 49 Q2: 99 Q3: 149
Printing sorted runtimes:
 0: 0.674905ms
 1: 0.665469ms
 2: 0.671285ms
 3: 0.674570ms
 4: 0.672316ms
 5: 0.673323ms
 6: 0.673582ms
 7: 0.672068ms
 8: 0.665374ms
 9: 0.671014ms
 10: 0.673729ms
 11: 0.672823ms
 12: 0.670833ms
 13: 0.674531ms
 14: 0.671954ms
 15: 0.669253ms
 16: 0.673217ms
 17: 0.672753ms
 18: 0.671849ms
 19: 0.668829ms
 20: 0.674796ms
 21: 0.674436ms
 22: 0.667617ms
 23: 0.673127ms
 24: 0.674764ms
 25: 0.668856ms
 26: 0.670323ms
 27: 0.673991ms
 28: 0.671461ms
 29: 0.670907ms
 30: 0.671039ms
 31: 0.676583ms
 32: 0.676344ms
 33: 0.675931ms
 34: 0.676029ms
 35: 0.675638ms
 36: 0.675342ms
 37: 0.676287ms
 38: 0.675058ms
 39: 0.676156ms
 40: 0.675531ms
 41: 0.676146ms
 42: 0.675804ms
 43: 0.676554ms
 44: 0.677299ms
 45: 0.677123ms
 46: 0.677040ms
 47: 0.676961ms
 48: 0.677678ms
 49: 0.678076ms
 50: 0.678205ms
 51: 0.680340ms
 52: 0.679082ms
 53: 0.679101ms
 54: 0.678603ms
 55: 0.678296ms
 56: 0.678280ms
 57: 0.678461ms
 58: 0.678495ms
 59: 0.679002ms
 60: 0.678375ms
 61: 0.678342ms
 62: 0.678805ms
 63: 0.678547ms
 64: 0.678402ms
 65: 0.679356ms
 66: 0.679043ms
 67: 0.679307ms
 68: 0.679235ms
 69: 0.679374ms
 70: 0.678228ms
 71: 0.678866ms
 72: 0.679450ms
 73: 0.679594ms
 74: 0.680124ms
 75: 0.678769ms
 76: 0.680072ms
 77: 0.680267ms
 78: 0.680107ms
 79: 0.680062ms
 80: 0.680228ms
 81: 0.679925ms
 82: 0.680156ms
 83: 0.680846ms
 84: 0.680497ms
 85: 0.680428ms
 86: 0.680688ms
 87: 0.680832ms
 88: 0.680353ms
 89: 0.680846ms
 90: 0.680932ms
 91: 0.680907ms
 92: 0.680879ms
 93: 0.681206ms
 94: 0.681125ms
 95: 0.681726ms
 96: 0.681298ms
 97: 0.681295ms
 98: 0.681304ms
 99: 0.681257ms
 100: 0.681758ms
 101: 0.686555ms
 102: 0.682121ms
 103: 0.681983ms
 104: 0.682054ms
 105: 0.682364ms
 106: 0.682277ms
 107: 0.682324ms
 108: 0.682370ms
 109: 0.683403ms
 110: 0.683120ms
 111: 0.683224ms
 112: 0.685523ms
 113: 0.682566ms
 114: 0.683010ms
 115: 0.682773ms
 116: 0.683448ms
 117: 0.682560ms
 118: 0.683666ms
 119: 0.683670ms
 120: 0.683702ms
 121: 0.682582ms
 122: 0.683790ms
 123: 0.686341ms
 124: 0.684111ms
 125: 0.682825ms
 126: 0.686339ms
 127: 0.684305ms
 128: 0.684806ms
 129: 0.684976ms
 130: 0.684754ms
 131: 0.685838ms
 132: 0.684786ms
 133: 0.684413ms
 134: 0.685638ms
 135: 0.685821ms
 136: 0.686171ms
 137: 0.684584ms
 138: 0.683951ms
 139: 0.684894ms
 140: 0.685284ms
 141: 0.684332ms
 142: 0.685758ms
 143: 0.685557ms
 144: 0.684190ms
 145: 0.684290ms
 146: 0.685040ms
 147: 0.684481ms
 148: 0.684355ms
 149: 0.681764ms
 150: 0.686562ms
 151: 0.686716ms
 152: 0.686795ms
 153: 0.686925ms
 154: 0.687061ms
 155: 0.687802ms
 156: 0.687289ms
 157: 0.687319ms
 158: 0.688232ms
 159: 0.688520ms
 160: 0.688397ms
 161: 0.688373ms
 162: 0.688427ms
 163: 0.688211ms
 164: 0.687980ms
 165: 0.688005ms
 166: 0.687840ms
 167: 0.687972ms
 168: 0.690635ms
 169: 0.705701ms
 170: 0.688706ms
 171: 0.689109ms
 172: 0.689115ms
 173: 0.690670ms
 174: 0.692009ms
 175: 0.689189ms
 176: 0.691760ms
 177: 0.695431ms
 178: 0.692540ms
 179: 0.695507ms
 180: 0.692091ms
 181: 0.704547ms
 182: 0.991098ms
 183: 0.817237ms
 184: 0.879471ms
 185: 1.564983ms
 186: 0.822985ms
 187: 0.888404ms
 188: 0.830993ms
 189: 0.707243ms
 190: 0.831051ms
 191: 0.718721ms
 192: 0.831533ms
 193: 0.833102ms
 194: 0.825197ms
 195: 1.179167ms
 196: 0.725195ms
 197: 0.777963ms
 198: 0.711018ms
 199: 0.870368ms


Measurements
--------------------------
FFT Size            : 82^3
Threads             : 25
Batch               : 1
Iterations          : 200
Avg Tot Runtime     : 0.698786 ms
Runtime per batch   : 0.698786 ms
SD                  : 0.082241 ms
Q1                  : 0.678076 ms
Median              : 0.681507 ms
Q3                  : 0.686555 ms
