Expm 2: Streaming FFT

Printing individual runtimes:
 0: 0.866852ms
 1: 0.691271ms
 2: 0.694289ms
 3: 1.180226ms
 4: 0.685508ms
 5: 0.825201ms
 6: 0.722469ms
 7: 0.717398ms
 8: 0.724087ms
 9: 0.894643ms
 10: 0.694900ms
 11: 0.682783ms
 12: 0.824665ms
 13: 0.678794ms
 14: 0.666440ms
 15: 0.859592ms
 16: 0.714160ms
 17: 0.685381ms
 18: 0.678004ms
 19: 0.863877ms
 20: 0.710056ms
 21: 0.690784ms
 22: 0.677825ms
 23: 0.716396ms
 24: 0.689505ms
 25: 0.689955ms
 26: 0.717824ms
 27: 0.700069ms
 28: 0.686000ms
 29: 0.720289ms
 30: 0.842110ms
 31: 0.679856ms
 32: 0.687502ms
 33: 0.683022ms
 34: 0.707303ms
 35: 0.684211ms
 36: 0.688999ms
 37: 0.717898ms
 38: 0.687302ms
 39: 0.715176ms
 40: 0.703273ms
 41: 0.726494ms
 42: 0.706798ms
 43: 0.700629ms
 44: 0.694223ms
 45: 0.681192ms
 46: 0.736385ms
 47: 0.720035ms
 48: 0.695483ms
 49: 0.686529ms
 50: 0.707101ms
 51: 0.672635ms
 52: 0.901789ms
 53: 0.696067ms
 54: 0.681654ms
 55: 0.681575ms
 56: 0.680798ms
 57: 0.689465ms
 58: 0.677614ms
 59: 0.850021ms
 60: 0.708300ms
 61: 0.694185ms
 62: 0.691795ms
 63: 0.690871ms
 64: 0.702733ms
 65: 0.698032ms
 66: 0.690540ms
 67: 0.710322ms
 68: 0.680147ms
 69: 0.734325ms
 70: 0.680647ms
 71: 0.685272ms
 72: 0.682766ms
 73: 0.726995ms
 74: 0.719598ms
 75: 0.712439ms
 76: 0.689855ms
 77: 0.682601ms
 78: 0.680971ms
 79: 0.700503ms
 80: 0.693582ms
 81: 0.679380ms
 82: 0.690514ms
 83: 0.690657ms
 84: 0.729562ms
 85: 0.678547ms
 86: 0.698132ms
 87: 0.709602ms
 88: 0.681894ms
 89: 0.693274ms
 90: 0.677342ms
 91: 0.694377ms
 92: 0.696454ms
 93: 0.687775ms
 94: 0.694384ms
 95: 0.685062ms
 96: 0.682861ms
 97: 0.722133ms
 98: 0.690917ms
 99: 0.678882ms
 100: 0.707698ms
 101: 0.891867ms
 102: 0.665173ms
 103: 0.683603ms
 104: 0.678149ms
 105: 0.681812ms
 106: 0.687465ms
 107: 0.684256ms
 108: 0.690041ms
 109: 0.698104ms
 110: 0.686586ms
 111: 0.691658ms
 112: 0.709270ms
 113: 0.689987ms
 114: 0.692953ms
 115: 0.707458ms
 116: 0.687123ms
 117: 0.680992ms
 118: 0.721756ms
 119: 0.695584ms
 120: 0.726491ms
 121: 0.690772ms
 122: 0.721781ms
 123: 0.686385ms
 124: 0.680625ms
 125: 0.694660ms
 126: 0.685757ms
 127: 0.684393ms
 128: 0.681206ms
 129: 0.673139ms
 130: 0.677110ms
 131: 0.697310ms
 132: 0.691408ms
 133: 0.709484ms
 134: 0.682642ms
 135: 0.678538ms
 136: 0.683782ms
 137: 0.686218ms
 138: 0.692951ms
 139: 0.685587ms
 140: 0.690710ms
 141: 0.715906ms
 142: 0.686008ms
 143: 0.691410ms
 144: 0.709532ms
 145: 0.683043ms
 146: 0.693482ms
 147: 0.692112ms
 148: 0.684662ms
 149: 0.682644ms
 150: 0.699330ms
 151: 0.679060ms
 152: 0.735742ms
 153: 0.679048ms
 154: 0.679704ms
 155: 0.716095ms
 156: 0.686420ms
 157: 0.687874ms
 158: 0.694083ms
 159: 0.696302ms
 160: 0.689591ms
 161: 0.689600ms
 162: 0.685353ms
 163: 0.683227ms
 164: 0.679718ms
 165: 0.710903ms
 166: 0.685280ms
 167: 0.676117ms
 168: 0.689507ms
 169: 0.687925ms
 170: 0.694434ms
 171: 0.726970ms
 172: 0.673253ms
 173: 0.676155ms
 174: 0.676055ms
 175: 0.678382ms
 176: 0.686741ms
 177: 0.674553ms
 178: 0.735313ms
 179: 0.698938ms
 180: 0.693469ms
 181: 0.685658ms
 182: 0.718326ms
 183: 0.838079ms
 184: 0.697233ms
 185: 0.686459ms
 186: 0.673434ms
 187: 0.723166ms
 188: 0.720343ms
 189: 0.673781ms
 190: 0.678981ms
 191: 0.709001ms
 192: 0.696427ms
 193: 0.686955ms
 194: 0.674742ms
 195: 0.673295ms
 196: 0.690061ms
 197: 0.692383ms
 198: 0.684571ms
 199: 0.684463ms


-- Real : Q1: 50 Q2: 100 Q3: 150
-- Array: Q1: 49 Q2: 99 Q3: 149
Printing sorted runtimes:
 0: 0.681812ms
 1: 0.677614ms
 2: 0.678149ms
 3: 0.680798ms
 4: 0.665173ms
 5: 0.673295ms
 6: 0.674742ms
 7: 0.681575ms
 8: 0.678981ms
 9: 0.673781ms
 10: 0.673434ms
 11: 0.681654ms
 12: 0.678882ms
 13: 0.678794ms
 14: 0.666440ms
 15: 0.672635ms
 16: 0.674553ms
 17: 0.677342ms
 18: 0.678004ms
 19: 0.680992ms
 20: 0.678382ms
 21: 0.679060ms
 22: 0.677825ms
 23: 0.676055ms
 24: 0.678547ms
 25: 0.680625ms
 26: 0.676155ms
 27: 0.673253ms
 28: 0.679380ms
 29: 0.679048ms
 30: 0.680971ms
 31: 0.679856ms
 32: 0.679704ms
 33: 0.678538ms
 34: 0.676117ms
 35: 0.681192ms
 36: 0.681206ms
 37: 0.673139ms
 38: 0.677110ms
 39: 0.679718ms
 40: 0.680147ms
 41: 0.680647ms
 42: 0.682642ms
 43: 0.681894ms
 44: 0.682601ms
 45: 0.683022ms
 46: 0.682783ms
 47: 0.682644ms
 48: 0.682861ms
 49: 0.682766ms
 50: 0.683043ms
 51: 0.683603ms
 52: 0.683227ms
 53: 0.686741ms
 54: 0.684211ms
 55: 0.684256ms
 56: 0.684393ms
 57: 0.684463ms
 58: 0.684571ms
 59: 0.684662ms
 60: 0.686008ms
 61: 0.685508ms
 62: 0.685587ms
 63: 0.686459ms
 64: 0.686218ms
 65: 0.686529ms
 66: 0.685658ms
 67: 0.686420ms
 68: 0.685062ms
 69: 0.686586ms
 70: 0.685381ms
 71: 0.685272ms
 72: 0.685353ms
 73: 0.683782ms
 74: 0.685280ms
 75: 0.686385ms
 76: 0.686000ms
 77: 0.685757ms
 78: 0.687302ms
 79: 0.686955ms
 80: 0.687123ms
 81: 0.687925ms
 82: 0.687465ms
 83: 0.687874ms
 84: 0.687775ms
 85: 0.687502ms
 86: 0.689855ms
 87: 0.689465ms
 88: 0.688999ms
 89: 0.689507ms
 90: 0.689600ms
 91: 0.689505ms
 92: 0.689591ms
 93: 0.690041ms
 94: 0.689987ms
 95: 0.689955ms
 96: 0.690657ms
 97: 0.690540ms
 98: 0.690061ms
 99: 0.690514ms
 100: 0.690710ms
 101: 0.699330ms
 102: 0.690917ms
 103: 0.690784ms
 104: 0.690772ms
 105: 0.691271ms
 106: 0.694289ms
 107: 0.692383ms
 108: 0.693469ms
 109: 0.694434ms
 110: 0.694384ms
 111: 0.691658ms
 112: 0.694083ms
 113: 0.694223ms
 114: 0.692953ms
 115: 0.692112ms
 116: 0.694377ms
 117: 0.693274ms
 118: 0.693482ms
 119: 0.691410ms
 120: 0.694185ms
 121: 0.691795ms
 122: 0.692951ms
 123: 0.691408ms
 124: 0.693582ms
 125: 0.694660ms
 126: 0.696427ms
 127: 0.694900ms
 128: 0.697233ms
 129: 0.698938ms
 130: 0.698104ms
 131: 0.697310ms
 132: 0.698132ms
 133: 0.696302ms
 134: 0.696454ms
 135: 0.695483ms
 136: 0.698032ms
 137: 0.690871ms
 138: 0.696067ms
 139: 0.695584ms
 140: 0.707101ms
 141: 0.703273ms
 142: 0.706798ms
 143: 0.700629ms
 144: 0.700069ms
 145: 0.702733ms
 146: 0.700503ms
 147: 0.707458ms
 148: 0.707303ms
 149: 0.707698ms
 150: 0.708300ms
 151: 0.709270ms
 152: 0.709001ms
 153: 0.709484ms
 154: 0.710322ms
 155: 0.710903ms
 156: 0.709532ms
 157: 0.709602ms
 158: 0.710056ms
 159: 0.712439ms
 160: 0.715176ms
 161: 0.715906ms
 162: 0.714160ms
 163: 0.726494ms
 164: 0.724087ms
 165: 0.716095ms
 166: 0.717898ms
 167: 0.720035ms
 168: 0.720343ms
 169: 0.720289ms
 170: 0.726491ms
 171: 0.726970ms
 172: 0.717398ms
 173: 0.717824ms
 174: 0.716396ms
 175: 0.722469ms
 176: 0.723166ms
 177: 0.721781ms
 178: 0.721756ms
 179: 0.719598ms
 180: 0.722133ms
 181: 0.726995ms
 182: 0.718326ms
 183: 0.838079ms
 184: 0.859592ms
 185: 0.824665ms
 186: 0.735313ms
 187: 0.863877ms
 188: 0.842110ms
 189: 0.894643ms
 190: 0.734325ms
 191: 0.736385ms
 192: 0.729562ms
 193: 0.735742ms
 194: 0.901789ms
 195: 0.825201ms
 196: 1.180226ms
 197: 0.850021ms
 198: 0.891867ms
 199: 0.866852ms


Measurements
--------------------------
FFT Size            : 82^3
Threads             : 26
Batch               : 1
Iterations          : 200
Avg Tot Runtime     : 0.705272 ms
Runtime per batch   : 0.705272 ms
SD                  : 0.053173 ms
Q1                  : 0.682766 ms
Median              : 0.690612 ms
Q3                  : 0.707698 ms
