Expm 2: Streaming FFT

Printing individual runtimes:
 0: 0.919818ms
 1: 0.690771ms
 2: 0.685582ms
 3: 1.044797ms
 4: 0.685831ms
 5: 0.686335ms
 6: 0.681584ms
 7: 0.694882ms
 8: 0.716549ms
 9: 0.825316ms
 10: 0.675388ms
 11: 0.683444ms
 12: 0.722181ms
 13: 0.699832ms
 14: 0.693524ms
 15: 0.698467ms
 16: 0.681911ms
 17: 0.690836ms
 18: 0.852242ms
 19: 0.695134ms
 20: 0.679169ms
 21: 0.685805ms
 22: 0.687164ms
 23: 0.847530ms
 24: 0.698352ms
 25: 0.838206ms
 26: 0.732086ms
 27: 0.685486ms
 28: 0.697046ms
 29: 0.731172ms
 30: 0.821066ms
 31: 0.683241ms
 32: 0.682990ms
 33: 0.680673ms
 34: 0.689939ms
 35: 0.678424ms
 36: 0.697719ms
 37: 0.690671ms
 38: 0.700381ms
 39: 0.840648ms
 40: 0.678103ms
 41: 0.688903ms
 42: 0.683898ms
 43: 0.687003ms
 44: 0.685257ms
 45: 0.692470ms
 46: 0.695490ms
 47: 0.700405ms
 48: 0.683510ms
 49: 0.685324ms
 50: 0.871692ms
 51: 0.696218ms
 52: 0.689006ms
 53: 0.684055ms
 54: 0.699225ms
 55: 0.681394ms
 56: 0.695047ms
 57: 0.699707ms
 58: 0.686128ms
 59: 0.682867ms
 60: 0.693065ms
 61: 0.689003ms
 62: 0.881425ms
 63: 0.686813ms
 64: 0.691970ms
 65: 0.680194ms
 66: 0.685885ms
 67: 0.680056ms
 68: 0.720623ms
 69: 0.698088ms
 70: 0.696046ms
 71: 0.696148ms
 72: 0.735934ms
 73: 0.693945ms
 74: 0.684169ms
 75: 0.744336ms
 76: 0.694013ms
 77: 0.695337ms
 78: 0.865994ms
 79: 0.686350ms
 80: 0.690166ms
 81: 0.689319ms
 82: 0.714492ms
 83: 0.696265ms
 84: 0.718824ms
 85: 0.903667ms
 86: 0.692225ms
 87: 0.683334ms
 88: 0.686542ms
 89: 0.693272ms
 90: 0.686068ms
 91: 0.691734ms
 92: 0.694059ms
 93: 0.677464ms
 94: 0.690578ms
 95: 0.888900ms
 96: 0.698439ms
 97: 0.677570ms
 98: 0.686227ms
 99: 0.703062ms
 100: 0.689558ms
 101: 0.681749ms
 102: 0.685303ms
 103: 0.690626ms
 104: 0.702324ms
 105: 0.676485ms
 106: 0.686798ms
 107: 0.691897ms
 108: 0.688523ms
 109: 0.679831ms
 110: 0.687466ms
 111: 0.844041ms
 112: 0.684271ms
 113: 0.693798ms
 114: 0.687548ms
 115: 0.687790ms
 116: 0.684290ms
 117: 0.726733ms
 118: 0.684228ms
 119: 0.686754ms
 120: 0.690304ms
 121: 0.691933ms
 122: 0.698854ms
 123: 0.691280ms
 124: 0.771408ms
 125: 0.688389ms
 126: 0.684239ms
 127: 0.711427ms
 128: 0.679276ms
 129: 0.727924ms
 130: 0.676563ms
 131: 0.704700ms
 132: 0.696463ms
 133: 0.690428ms
 134: 0.685685ms
 135: 0.688377ms
 136: 0.675415ms
 137: 0.701463ms
 138: 0.704562ms
 139: 0.678817ms
 140: 0.707869ms
 141: 0.843054ms
 142: 0.693662ms
 143: 0.690192ms
 144: 0.680475ms
 145: 0.695684ms
 146: 0.714158ms
 147: 0.686186ms
 148: 0.686140ms
 149: 0.685964ms
 150: 0.689002ms
 151: 0.682861ms
 152: 0.692512ms
 153: 0.689734ms
 154: 0.689922ms
 155: 0.687427ms
 156: 0.678232ms
 157: 0.688345ms
 158: 0.693248ms
 159: 0.693865ms
 160: 0.681304ms
 161: 0.685366ms
 162: 0.696417ms
 163: 0.681970ms
 164: 0.688959ms
 165: 0.693404ms
 166: 0.685701ms
 167: 0.681714ms
 168: 0.691168ms
 169: 0.702763ms
 170: 0.690854ms
 171: 0.692887ms
 172: 0.683611ms
 173: 0.689780ms
 174: 0.685318ms
 175: 0.686870ms
 176: 0.686861ms
 177: 0.693272ms
 178: 0.688701ms
 179: 0.702892ms
 180: 0.695816ms
 181: 0.698948ms
 182: 0.680995ms
 183: 0.688495ms
 184: 0.685669ms
 185: 0.695823ms
 186: 0.701576ms
 187: 0.689361ms
 188: 0.690646ms
 189: 0.684752ms
 190: 0.687224ms
 191: 0.692688ms
 192: 0.690630ms
 193: 0.685048ms
 194: 0.858985ms
 195: 0.694510ms
 196: 0.695435ms
 197: 0.687818ms
 198: 0.685098ms
 199: 0.691100ms


-- Real : Q1: 50 Q2: 100 Q3: 150
-- Array: Q1: 49 Q2: 99 Q3: 149
Printing sorted runtimes:
 0: 0.684055ms
 1: 0.676485ms
 2: 0.681749ms
 3: 0.677570ms
 4: 0.679831ms
 5: 0.677464ms
 6: 0.681584ms
 7: 0.683334ms
 8: 0.679276ms
 9: 0.676563ms
 10: 0.675388ms
 11: 0.683444ms
 12: 0.675415ms
 13: 0.678817ms
 14: 0.680475ms
 15: 0.680056ms
 16: 0.681911ms
 17: 0.680194ms
 18: 0.680995ms
 19: 0.682867ms
 20: 0.679169ms
 21: 0.682861ms
 22: 0.681394ms
 23: 0.683510ms
 24: 0.678232ms
 25: 0.681304ms
 26: 0.683898ms
 27: 0.678103ms
 28: 0.683611ms
 29: 0.681714ms
 30: 0.681970ms
 31: 0.683241ms
 32: 0.682990ms
 33: 0.680673ms
 34: 0.678424ms
 35: 0.685098ms
 36: 0.684228ms
 37: 0.684290ms
 38: 0.685048ms
 39: 0.684239ms
 40: 0.684169ms
 41: 0.684752ms
 42: 0.684271ms
 43: 0.685366ms
 44: 0.685257ms
 45: 0.685318ms
 46: 0.685324ms
 47: 0.685303ms
 48: 0.685582ms
 49: 0.685486ms
 50: 0.685669ms
 51: 0.686542ms
 52: 0.686186ms
 53: 0.686068ms
 54: 0.685701ms
 55: 0.685885ms
 56: 0.685805ms
 57: 0.685831ms
 58: 0.686128ms
 59: 0.686140ms
 60: 0.685964ms
 61: 0.685685ms
 62: 0.686350ms
 63: 0.686227ms
 64: 0.686335ms
 65: 0.689319ms
 66: 0.687164ms
 67: 0.687818ms
 68: 0.687003ms
 69: 0.686813ms
 70: 0.687548ms
 71: 0.688903ms
 72: 0.688377ms
 73: 0.688523ms
 74: 0.687427ms
 75: 0.686861ms
 76: 0.687224ms
 77: 0.687790ms
 78: 0.686870ms
 79: 0.688701ms
 80: 0.687466ms
 81: 0.688345ms
 82: 0.688389ms
 83: 0.686798ms
 84: 0.686754ms
 85: 0.688959ms
 86: 0.689006ms
 87: 0.688495ms
 88: 0.689002ms
 89: 0.689003ms
 90: 0.690428ms
 91: 0.689780ms
 92: 0.690192ms
 93: 0.689361ms
 94: 0.689922ms
 95: 0.689558ms
 96: 0.690166ms
 97: 0.689734ms
 98: 0.689939ms
 99: 0.690304ms
 100: 0.690578ms
 101: 0.695490ms
 102: 0.690646ms
 103: 0.690630ms
 104: 0.690671ms
 105: 0.690771ms
 106: 0.691100ms
 107: 0.690836ms
 108: 0.690854ms
 109: 0.693248ms
 110: 0.695435ms
 111: 0.694510ms
 112: 0.694059ms
 113: 0.693798ms
 114: 0.691734ms
 115: 0.693272ms
 116: 0.692225ms
 117: 0.694882ms
 118: 0.692688ms
 119: 0.693524ms
 120: 0.693865ms
 121: 0.691933ms
 122: 0.692512ms
 123: 0.691280ms
 124: 0.695047ms
 125: 0.690626ms
 126: 0.691897ms
 127: 0.693065ms
 128: 0.695337ms
 129: 0.692470ms
 130: 0.694013ms
 131: 0.695134ms
 132: 0.691970ms
 133: 0.693272ms
 134: 0.693945ms
 135: 0.693662ms
 136: 0.693404ms
 137: 0.691168ms
 138: 0.692887ms
 139: 0.697046ms
 140: 0.696046ms
 141: 0.696148ms
 142: 0.696265ms
 143: 0.696218ms
 144: 0.695823ms
 145: 0.695684ms
 146: 0.696417ms
 147: 0.696463ms
 148: 0.695816ms
 149: 0.697719ms
 150: 0.698088ms
 151: 0.698439ms
 152: 0.698352ms
 153: 0.698467ms
 154: 0.698948ms
 155: 0.698854ms
 156: 0.699225ms
 157: 0.699707ms
 158: 0.700405ms
 159: 0.871692ms
 160: 0.881425ms
 161: 0.840648ms
 162: 0.714158ms
 163: 0.700381ms
 164: 0.720623ms
 165: 0.843054ms
 166: 0.821066ms
 167: 0.731172ms
 168: 0.707869ms
 169: 0.702763ms
 170: 0.703062ms
 171: 0.704562ms
 172: 0.701463ms
 173: 0.732086ms
 174: 0.838206ms
 175: 0.735934ms
 176: 0.847530ms
 177: 0.744336ms
 178: 0.704700ms
 179: 0.702892ms
 180: 0.727924ms
 181: 0.711427ms
 182: 0.852242ms
 183: 0.865994ms
 184: 0.714492ms
 185: 0.771408ms
 186: 0.701576ms
 187: 0.718824ms
 188: 0.699832ms
 189: 0.722181ms
 190: 0.825316ms
 191: 0.903667ms
 192: 0.716549ms
 193: 0.726733ms
 194: 0.858985ms
 195: 0.844041ms
 196: 0.888900ms
 197: 1.044797ms
 198: 0.919818ms
 199: 0.702324ms


Measurements
--------------------------
FFT Size            : 82^3
Threads             : 23
Batch               : 1
Iterations          : 200
Avg Tot Runtime     : 0.706580 ms
Runtime per batch   : 0.706580 ms
SD                  : 0.052307 ms
Q1                  : 0.685486 ms
Median              : 0.690441 ms
Q3                  : 0.697719 ms
