Expm 2: Streaming FFT

Printing individual runtimes:
 0: 0.795958ms
 1: 0.539251ms
 2: 0.544560ms
 3: 0.985393ms
 4: 0.546765ms
 5: 1.777783ms
 6: 0.535586ms
 7: 0.669416ms
 8: 0.572084ms
 9: 0.611604ms
 10: 0.542019ms
 11: 0.734877ms
 12: 0.527268ms
 13: 0.534560ms
 14: 0.617550ms
 15: 0.527910ms
 16: 0.534615ms
 17: 0.527747ms
 18: 0.561410ms
 19: 0.532003ms
 20: 0.727670ms
 21: 0.540612ms
 22: 0.528979ms
 23: 0.592577ms
 24: 0.537961ms
 25: 0.668129ms
 26: 0.548170ms
 27: 0.522030ms
 28: 0.530114ms
 29: 0.528893ms
 30: 0.539117ms
 31: 0.630064ms
 32: 0.534180ms
 33: 0.535619ms
 34: 0.661772ms
 35: 0.554342ms
 36: 0.539564ms
 37: 0.547283ms
 38: 0.542709ms
 39: 0.530518ms
 40: 0.547145ms
 41: 0.540673ms
 42: 0.540691ms
 43: 0.543314ms
 44: 0.531656ms
 45: 0.531745ms
 46: 0.612557ms
 47: 0.536876ms
 48: 0.542792ms
 49: 0.525658ms
 50: 0.528654ms
 51: 0.540637ms
 52: 0.682080ms
 53: 0.533304ms
 54: 0.554027ms
 55: 0.538741ms
 56: 0.554919ms
 57: 0.563001ms
 58: 0.528028ms
 59: 0.547235ms
 60: 0.535972ms
 61: 0.537228ms
 62: 0.563131ms
 63: 0.534974ms
 64: 0.526003ms
 65: 0.552046ms
 66: 0.534700ms
 67: 0.562887ms
 68: 0.574807ms
 69: 0.551573ms
 70: 0.538647ms
 71: 0.531168ms
 72: 0.575404ms
 73: 0.531632ms
 74: 0.537385ms
 75: 0.529048ms
 76: 0.638645ms
 77: 0.530326ms
 78: 0.539209ms
 79: 0.728029ms
 80: 0.528908ms
 81: 0.542803ms
 82: 0.555176ms
 83: 0.543997ms
 84: 0.571087ms
 85: 0.536890ms
 86: 0.531409ms
 87: 0.526216ms
 88: 0.530367ms
 89: 0.527348ms
 90: 0.532851ms
 91: 0.581124ms
 92: 0.567866ms
 93: 0.536176ms
 94: 0.557291ms
 95: 0.528879ms
 96: 0.541776ms
 97: 0.535971ms
 98: 0.557789ms
 99: 0.571758ms
 100: 0.545423ms
 101: 0.526629ms
 102: 0.573545ms
 103: 0.577665ms
 104: 0.537273ms
 105: 0.548472ms
 106: 0.530050ms
 107: 0.552073ms
 108: 0.533490ms
 109: 0.524410ms
 110: 0.556534ms
 111: 0.529929ms
 112: 0.528274ms
 113: 0.534871ms
 114: 0.521210ms
 115: 0.531969ms
 116: 0.533115ms
 117: 0.558335ms
 118: 0.522913ms
 119: 0.543423ms
 120: 0.532566ms
 121: 0.526993ms
 122: 0.537225ms
 123: 0.529266ms
 124: 0.537234ms
 125: 0.529894ms
 126: 0.531890ms
 127: 0.566077ms
 128: 0.532331ms
 129: 0.535739ms
 130: 0.531738ms
 131: 0.543416ms
 132: 0.559003ms
 133: 0.533885ms
 134: 0.702084ms
 135: 0.555008ms
 136: 0.528898ms
 137: 0.550276ms
 138: 0.529603ms
 139: 0.553424ms
 140: 0.550843ms
 141: 0.537552ms
 142: 0.541153ms
 143: 0.529264ms
 144: 0.538809ms
 145: 0.534220ms
 146: 0.550912ms
 147: 0.537958ms
 148: 0.538952ms
 149: 0.533281ms
 150: 0.531702ms
 151: 0.538405ms
 152: 0.533955ms
 153: 0.543809ms
 154: 0.576531ms
 155: 0.535258ms
 156: 0.529657ms
 157: 0.565629ms
 158: 0.534398ms
 159: 0.527324ms
 160: 0.555168ms
 161: 0.529955ms
 162: 0.572275ms
 163: 0.528659ms
 164: 0.531105ms
 165: 0.540154ms
 166: 0.539418ms
 167: 0.536808ms
 168: 0.526758ms
 169: 0.532082ms
 170: 0.529703ms
 171: 0.528959ms
 172: 0.539812ms
 173: 0.529288ms
 174: 0.526795ms
 175: 0.532141ms
 176: 0.537179ms
 177: 0.533434ms
 178: 0.537048ms
 179: 0.530564ms
 180: 0.535623ms
 181: 0.529260ms
 182: 0.541236ms
 183: 0.532346ms
 184: 0.541855ms
 185: 0.565615ms
 186: 0.533351ms
 187: 0.541574ms
 188: 0.559027ms
 189: 0.526322ms
 190: 0.573296ms
 191: 0.538568ms
 192: 0.528815ms
 193: 0.528071ms
 194: 0.541198ms
 195: 0.532221ms
 196: 0.539822ms
 197: 0.530959ms
 198: 0.567385ms
 199: 0.536327ms


-- Real : Q1: 50 Q2: 100 Q3: 150
-- Array: Q1: 49 Q2: 99 Q3: 149
Printing sorted runtimes:
 0: 0.528028ms
 1: 0.526003ms
 2: 0.525658ms
 3: 0.527324ms
 4: 0.526758ms
 5: 0.522030ms
 6: 0.524410ms
 7: 0.526795ms
 8: 0.526322ms
 9: 0.521210ms
 10: 0.526629ms
 11: 0.526216ms
 12: 0.527268ms
 13: 0.522913ms
 14: 0.526993ms
 15: 0.527910ms
 16: 0.527348ms
 17: 0.527747ms
 18: 0.529703ms
 19: 0.529266ms
 20: 0.528654ms
 21: 0.528879ms
 22: 0.528979ms
 23: 0.529657ms
 24: 0.529260ms
 25: 0.529264ms
 26: 0.529603ms
 27: 0.528815ms
 28: 0.528274ms
 29: 0.528893ms
 30: 0.528908ms
 31: 0.529288ms
 32: 0.528659ms
 33: 0.528898ms
 34: 0.528959ms
 35: 0.528071ms
 36: 0.529048ms
 37: 0.529929ms
 38: 0.529894ms
 39: 0.530564ms
 40: 0.530518ms
 41: 0.530326ms
 42: 0.529955ms
 43: 0.530114ms
 44: 0.530367ms
 45: 0.530050ms
 46: 0.531409ms
 47: 0.531168ms
 48: 0.531105ms
 49: 0.530959ms
 50: 0.531632ms
 51: 0.531702ms
 52: 0.531656ms
 53: 0.533304ms
 54: 0.531969ms
 55: 0.533115ms
 56: 0.532221ms
 57: 0.533281ms
 58: 0.532346ms
 59: 0.532566ms
 60: 0.532003ms
 61: 0.532851ms
 62: 0.532141ms
 63: 0.531890ms
 64: 0.532331ms
 65: 0.531738ms
 66: 0.532082ms
 67: 0.531745ms
 68: 0.536890ms
 69: 0.533955ms
 70: 0.534871ms
 71: 0.534398ms
 72: 0.533490ms
 73: 0.536808ms
 74: 0.534560ms
 75: 0.534700ms
 76: 0.535619ms
 77: 0.534180ms
 78: 0.533351ms
 79: 0.533885ms
 80: 0.535586ms
 81: 0.534220ms
 82: 0.535739ms
 83: 0.535258ms
 84: 0.534974ms
 85: 0.535623ms
 86: 0.536876ms
 87: 0.536327ms
 88: 0.535971ms
 89: 0.533434ms
 90: 0.534615ms
 91: 0.535972ms
 92: 0.536176ms
 93: 0.537179ms
 94: 0.537048ms
 95: 0.537228ms
 96: 0.537225ms
 97: 0.537385ms
 98: 0.537234ms
 99: 0.537273ms
 100: 0.537552ms
 101: 0.543809ms
 102: 0.537961ms
 103: 0.538405ms
 104: 0.539117ms
 105: 0.539209ms
 106: 0.538568ms
 107: 0.538647ms
 108: 0.538809ms
 109: 0.538952ms
 110: 0.539251ms
 111: 0.538741ms
 112: 0.540612ms
 113: 0.539812ms
 114: 0.539564ms
 115: 0.539418ms
 116: 0.540154ms
 117: 0.540673ms
 118: 0.540691ms
 119: 0.540637ms
 120: 0.541198ms
 121: 0.541153ms
 122: 0.539822ms
 123: 0.541236ms
 124: 0.542019ms
 125: 0.541855ms
 126: 0.541574ms
 127: 0.543423ms
 128: 0.537958ms
 129: 0.542792ms
 130: 0.542803ms
 131: 0.543416ms
 132: 0.543314ms
 133: 0.542709ms
 134: 0.541776ms
 135: 0.547283ms
 136: 0.544560ms
 137: 0.543997ms
 138: 0.547235ms
 139: 0.546765ms
 140: 0.545423ms
 141: 0.547145ms
 142: 0.550843ms
 143: 0.548170ms
 144: 0.550276ms
 145: 0.548472ms
 146: 0.552073ms
 147: 0.551573ms
 148: 0.552046ms
 149: 0.550912ms
 150: 0.553424ms
 151: 0.554027ms
 152: 0.554342ms
 153: 0.554919ms
 154: 0.576531ms
 155: 0.571758ms
 156: 0.563001ms
 157: 0.565629ms
 158: 0.563131ms
 159: 0.562887ms
 160: 0.555168ms
 161: 0.574807ms
 162: 0.572275ms
 163: 0.558335ms
 164: 0.557789ms
 165: 0.573545ms
 166: 0.577665ms
 167: 0.575404ms
 168: 0.555008ms
 169: 0.567385ms
 170: 0.559003ms
 171: 0.573296ms
 172: 0.555176ms
 173: 0.572084ms
 174: 0.566077ms
 175: 0.559027ms
 176: 0.571087ms
 177: 0.556534ms
 178: 0.565615ms
 179: 0.561410ms
 180: 0.557291ms
 181: 0.567866ms
 182: 0.581124ms
 183: 0.734877ms
 184: 0.617550ms
 185: 0.727670ms
 186: 0.611604ms
 187: 0.592577ms
 188: 0.668129ms
 189: 0.630064ms
 190: 0.661772ms
 191: 0.669416ms
 192: 1.777783ms
 193: 0.612557ms
 194: 0.682080ms
 195: 0.985393ms
 196: 0.638645ms
 197: 0.702084ms
 198: 0.728029ms
 199: 0.795958ms


Measurements
--------------------------
FFT Size            : 82^3
Threads             : 31
Batch               : 1
Iterations          : 200
Avg Tot Runtime     : 0.558734 ms
Runtime per batch   : 0.558734 ms
SD                  : 0.099954 ms
Q1                  : 0.530959 ms
Median              : 0.537412 ms
Q3                  : 0.550912 ms
