Expm 2: Streaming FFT

Printing individual runtimes:
 0: 0.917315ms
 1: 0.688172ms
 2: 0.689268ms
 3: 1.044952ms
 4: 0.690623ms
 5: 0.683553ms
 6: 0.683564ms
 7: 0.685542ms
 8: 0.730335ms
 9: 0.827694ms
 10: 0.694407ms
 11: 0.692398ms
 12: 0.733293ms
 13: 0.677946ms
 14: 0.698109ms
 15: 0.683916ms
 16: 0.727304ms
 17: 0.675373ms
 18: 0.910953ms
 19: 0.722263ms
 20: 0.675306ms
 21: 0.738258ms
 22: 0.688812ms
 23: 0.843238ms
 24: 0.714362ms
 25: 0.686735ms
 26: 0.728632ms
 27: 0.703598ms
 28: 0.693388ms
 29: 0.859026ms
 30: 0.692772ms
 31: 0.686051ms
 32: 0.723229ms
 33: 0.705744ms
 34: 0.731722ms
 35: 0.720638ms
 36: 0.848563ms
 37: 0.686196ms
 38: 0.729558ms
 39: 0.724095ms
 40: 0.691646ms
 41: 0.692572ms
 42: 0.677193ms
 43: 0.732757ms
 44: 0.878580ms
 45: 0.684974ms
 46: 0.725802ms
 47: 0.677056ms
 48: 0.829447ms
 49: 0.715822ms
 50: 0.686293ms
 51: 0.720725ms
 52: 0.730179ms
 53: 0.687307ms
 54: 0.686386ms
 55: 0.676058ms
 56: 0.706845ms
 57: 0.731677ms
 58: 0.741124ms
 59: 0.690226ms
 60: 0.690265ms
 61: 0.878518ms
 62: 0.718795ms
 63: 0.709141ms
 64: 0.732472ms
 65: 0.688025ms
 66: 0.680855ms
 67: 0.716752ms
 68: 0.676044ms
 69: 0.719985ms
 70: 0.683110ms
 71: 0.716144ms
 72: 0.728375ms
 73: 0.678552ms
 74: 0.688209ms
 75: 0.733157ms
 76: 0.737187ms
 77: 0.734297ms
 78: 0.699484ms
 79: 0.691229ms
 80: 0.697292ms
 81: 0.736458ms
 82: 0.725293ms
 83: 0.700825ms
 84: 0.691743ms
 85: 0.675854ms
 86: 0.678724ms
 87: 0.671348ms
 88: 0.691460ms
 89: 0.717481ms
 90: 0.851798ms
 91: 0.711894ms
 92: 0.684593ms
 93: 0.687165ms
 94: 0.669860ms
 95: 0.728669ms
 96: 0.689007ms
 97: 0.724384ms
 98: 0.693566ms
 99: 0.695019ms
 100: 0.707590ms
 101: 0.701858ms
 102: 0.676608ms
 103: 0.681749ms
 104: 0.702908ms
 105: 0.700147ms
 106: 0.726770ms
 107: 0.727331ms
 108: 0.676388ms
 109: 0.704523ms
 110: 0.705287ms
 111: 0.713912ms
 112: 0.699260ms
 113: 0.740318ms
 114: 0.710436ms
 115: 0.677467ms
 116: 0.706253ms
 117: 0.731116ms
 118: 0.703520ms
 119: 0.688774ms
 120: 0.686853ms
 121: 0.707798ms
 122: 0.714862ms
 123: 0.679167ms
 124: 0.675818ms
 125: 0.694735ms
 126: 0.725603ms
 127: 0.699955ms
 128: 0.701996ms
 129: 0.719525ms
 130: 0.699822ms
 131: 0.689470ms
 132: 0.727764ms
 133: 0.693076ms
 134: 0.685384ms
 135: 0.682990ms
 136: 0.715405ms
 137: 0.696298ms
 138: 0.728780ms
 139: 0.689336ms
 140: 0.683047ms
 141: 0.724347ms
 142: 0.871615ms
 143: 0.734261ms
 144: 0.686863ms
 145: 0.680141ms
 146: 0.715100ms
 147: 0.711081ms
 148: 0.690910ms
 149: 0.716771ms
 150: 0.683562ms
 151: 0.693727ms
 152: 0.729339ms
 153: 0.718572ms
 154: 0.681283ms
 155: 0.723786ms
 156: 0.728585ms
 157: 0.735611ms
 158: 0.727066ms
 159: 0.730408ms
 160: 0.685941ms
 161: 0.925721ms
 162: 0.685026ms
 163: 0.687425ms
 164: 0.679542ms
 165: 0.684695ms
 166: 0.684144ms
 167: 0.685687ms
 168: 0.728251ms
 169: 0.732925ms
 170: 0.674733ms
 171: 0.698443ms
 172: 0.734100ms
 173: 0.722678ms
 174: 0.684017ms
 175: 0.685894ms
 176: 0.687296ms
 177: 0.680502ms
 178: 0.686989ms
 179: 0.886060ms
 180: 0.678617ms
 181: 0.692339ms
 182: 0.682475ms
 183: 0.733040ms
 184: 0.691962ms
 185: 0.733067ms
 186: 0.684565ms
 187: 0.687210ms
 188: 0.729469ms
 189: 0.687155ms
 190: 0.717214ms
 191: 0.692839ms
 192: 0.727285ms
 193: 0.680497ms
 194: 0.689605ms
 195: 0.735493ms
 196: 0.686816ms
 197: 0.715659ms
 198: 0.718094ms
 199: 0.737289ms


-- Real : Q1: 50 Q2: 100 Q3: 150
-- Array: Q1: 49 Q2: 99 Q3: 149
Printing sorted runtimes:
 0: 0.680141ms
 1: 0.679167ms
 2: 0.669860ms
 3: 0.676058ms
 4: 0.679542ms
 5: 0.677056ms
 6: 0.677193ms
 7: 0.676044ms
 8: 0.674733ms
 9: 0.676388ms
 10: 0.675818ms
 11: 0.678552ms
 12: 0.671348ms
 13: 0.677946ms
 14: 0.678724ms
 15: 0.677467ms
 16: 0.678617ms
 17: 0.675373ms
 18: 0.676608ms
 19: 0.675854ms
 20: 0.675306ms
 21: 0.684565ms
 22: 0.681283ms
 23: 0.682475ms
 24: 0.681749ms
 25: 0.680855ms
 26: 0.683553ms
 27: 0.683916ms
 28: 0.684144ms
 29: 0.683564ms
 30: 0.682990ms
 31: 0.683047ms
 32: 0.680502ms
 33: 0.680497ms
 34: 0.683562ms
 35: 0.683110ms
 36: 0.684017ms
 37: 0.685894ms
 38: 0.685026ms
 39: 0.684593ms
 40: 0.685542ms
 41: 0.685384ms
 42: 0.684695ms
 43: 0.685687ms
 44: 0.684974ms
 45: 0.686051ms
 46: 0.685941ms
 47: 0.686293ms
 48: 0.686196ms
 49: 0.686386ms
 50: 0.686735ms
 51: 0.697292ms
 52: 0.687155ms
 53: 0.686863ms
 54: 0.686989ms
 55: 0.686853ms
 56: 0.687165ms
 57: 0.687210ms
 58: 0.687307ms
 59: 0.688025ms
 60: 0.687425ms
 61: 0.687296ms
 62: 0.688172ms
 63: 0.690910ms
 64: 0.690265ms
 65: 0.690226ms
 66: 0.693727ms
 67: 0.692572ms
 68: 0.691646ms
 69: 0.689336ms
 70: 0.686816ms
 71: 0.696298ms
 72: 0.692772ms
 73: 0.693388ms
 74: 0.688209ms
 75: 0.692339ms
 76: 0.693076ms
 77: 0.689470ms
 78: 0.688812ms
 79: 0.691229ms
 80: 0.689007ms
 81: 0.688774ms
 82: 0.695019ms
 83: 0.693566ms
 84: 0.691743ms
 85: 0.691962ms
 86: 0.689268ms
 87: 0.692839ms
 88: 0.691460ms
 89: 0.692398ms
 90: 0.694735ms
 91: 0.694407ms
 92: 0.689605ms
 93: 0.690623ms
 94: 0.699484ms
 95: 0.699260ms
 96: 0.698443ms
 97: 0.698109ms
 98: 0.699955ms
 99: 0.699822ms
 100: 0.700147ms
 101: 0.715822ms
 102: 0.701858ms
 103: 0.702908ms
 104: 0.701996ms
 105: 0.705744ms
 106: 0.703520ms
 107: 0.703598ms
 108: 0.705287ms
 109: 0.704523ms
 110: 0.700825ms
 111: 0.706253ms
 112: 0.707590ms
 113: 0.706845ms
 114: 0.710436ms
 115: 0.713912ms
 116: 0.711081ms
 117: 0.714362ms
 118: 0.715100ms
 119: 0.709141ms
 120: 0.715405ms
 121: 0.707798ms
 122: 0.714862ms
 123: 0.715659ms
 124: 0.711894ms
 125: 0.725603ms
 126: 0.720725ms
 127: 0.717481ms
 128: 0.725293ms
 129: 0.719525ms
 130: 0.717214ms
 131: 0.722263ms
 132: 0.723786ms
 133: 0.723229ms
 134: 0.720638ms
 135: 0.724095ms
 136: 0.724384ms
 137: 0.716144ms
 138: 0.718572ms
 139: 0.719985ms
 140: 0.716752ms
 141: 0.724347ms
 142: 0.716771ms
 143: 0.722678ms
 144: 0.718795ms
 145: 0.718094ms
 146: 0.727066ms
 147: 0.726770ms
 148: 0.725802ms
 149: 0.727285ms
 150: 0.727304ms
 151: 0.727331ms
 152: 0.729339ms
 153: 0.728780ms
 154: 0.728375ms
 155: 0.727764ms
 156: 0.728585ms
 157: 0.728251ms
 158: 0.729469ms
 159: 0.728632ms
 160: 0.729558ms
 161: 0.728669ms
 162: 0.730179ms
 163: 0.730335ms
 164: 0.730408ms
 165: 0.731116ms
 166: 0.733293ms
 167: 0.732757ms
 168: 0.735611ms
 169: 0.732925ms
 170: 0.731677ms
 171: 0.732472ms
 172: 0.734100ms
 173: 0.734261ms
 174: 0.735493ms
 175: 0.733157ms
 176: 0.731722ms
 177: 0.737187ms
 178: 0.734297ms
 179: 0.733067ms
 180: 0.736458ms
 181: 0.737289ms
 182: 0.733040ms
 183: 0.843238ms
 184: 0.738258ms
 185: 0.886060ms
 186: 0.859026ms
 187: 0.910953ms
 188: 0.848563ms
 189: 0.878580ms
 190: 0.829447ms
 191: 0.925721ms
 192: 0.741124ms
 193: 0.827694ms
 194: 0.878518ms
 195: 0.871615ms
 196: 1.044952ms
 197: 0.851798ms
 198: 0.917315ms
 199: 0.740318ms


Measurements
--------------------------
FFT Size            : 82^3
Threads             : 24
Batch               : 1
Iterations          : 200
Avg Tot Runtime     : 0.715531 ms
Runtime per batch   : 0.715531 ms
SD                  : 0.052022 ms
Q1                  : 0.686386 ms
Median              : 0.699985 ms
Q3                  : 0.727285 ms
