Expm 2: Streaming FFTW
FFTW Plan: Patient
-- Cannot import wisdom from ../../wisdom/singlenode/all/120/fftw_120_t39_b1.patient
-- Exporting wisdom file to ../../wisdom/singlenode/all/120/fftw_120_t39_b1.patient
Iteration: 0, 1, 2, 3, 4, 5, 6, 7, 8, 9, 10, 11, 12, 13, 14, 15, 16, 17, 18, 19, 20, 21, 22, 23, 24, 25, 26, 27, 28, 29, 30, 31, 32, 33, 34, 35, 36, 37, 38, 39, 40, 41, 42, 43, 44, 45, 46, 47, 48, 49, 
Printing individual runtimes:
 0: 0.780120ms
 1: 1.202999ms
 2: 1.147630ms
 3: 0.735605ms
 4: 0.736278ms
 5: 0.773414ms
 6: 0.734156ms
 7: 0.760034ms
 8: 0.758914ms
 9: 0.740883ms
 10: 0.753256ms
 11: 0.742805ms
 12: 0.752893ms
 13: 0.801115ms
 14: 0.741265ms
 15: 0.745862ms
 16: 0.759657ms
 17: 0.782338ms
 18: 0.758113ms
 19: 0.749334ms
 20: 0.799511ms
 21: 0.753880ms
 22: 0.747405ms
 23: 0.788867ms
 24: 0.764375ms
 25: 0.760439ms
 26: 0.765258ms
 27: 0.732474ms
 28: 0.757187ms
 29: 0.743457ms
 30: 0.758906ms
 31: 0.747319ms
 32: 0.745456ms
 33: 0.771103ms
 34: 0.787222ms
 35: 0.770143ms
 36: 0.770027ms
 37: 0.764299ms
 38: 0.756136ms
 39: 0.785301ms
 40: 0.757988ms
 41: 0.770207ms
 42: 0.732829ms
 43: 0.794335ms
 44: 0.737307ms
 45: 0.744382ms
 46: 0.734307ms
 47: 0.797051ms
 48: 0.732670ms
 49: 0.725210ms


Measurements
--------------------------
FFT Size            : 120^3
Threads             : 39
Batch               : 1
Iterations          : 50
Avg Tot Runtime     : 0.775034 ms
Runtime per batch   : 0.775034 ms
SD                  : 0.084118 ms
Throughput          : 0.019501 GFLOPs
Plan Time           : 89.474074 sec
