Expm 2: Streaming FFT

Printing individual runtimes:
 0: 0.216544ms
 1: 0.079486ms
 2: 0.090115ms
 3: 0.825009ms
 4: 0.090600ms
 5: 0.101329ms
 6: 0.076496ms
 7: 0.212255ms
 8: 0.104662ms
 9: 0.090156ms
 10: 0.109891ms
 11: 0.089470ms
 12: 0.090509ms
 13: 0.077215ms
 14: 0.216462ms
 15: 0.062236ms
 16: 0.072580ms
 17: 0.074242ms
 18: 0.078171ms
 19: 0.079606ms
 20: 0.072331ms
 21: 0.084985ms
 22: 0.097750ms
 23: 0.089739ms
 24: 0.083022ms
 25: 0.086842ms
 26: 0.075174ms
 27: 0.086662ms
 28: 0.060445ms
 29: 0.076828ms
 30: 0.226684ms
 31: 0.065069ms
 32: 0.076728ms
 33: 0.081806ms
 34: 0.069385ms
 35: 0.071988ms
 36: 0.068831ms
 37: 0.083720ms
 38: 0.082921ms
 39: 0.068870ms
 40: 0.074270ms
 41: 0.076092ms
 42: 0.066851ms
 43: 0.076482ms
 44: 0.079883ms
 45: 0.078035ms
 46: 0.082672ms
 47: 0.079549ms
 48: 0.074890ms
 49: 0.078813ms
 50: 0.071898ms
 51: 0.075452ms
 52: 0.070302ms
 53: 0.066314ms
 54: 0.067898ms
 55: 0.071374ms
 56: 0.070639ms
 57: 0.079402ms
 58: 0.076130ms
 59: 0.055552ms
 60: 0.229350ms
 61: 0.079688ms
 62: 0.077842ms
 63: 0.081367ms
 64: 0.077402ms
 65: 0.079681ms
 66: 0.054618ms
 67: 0.064572ms
 68: 0.074775ms
 69: 0.078522ms
 70: 0.080739ms
 71: 0.063215ms
 72: 0.093157ms
 73: 0.073678ms
 74: 0.056548ms
 75: 0.069416ms
 76: 0.074660ms
 77: 0.067072ms
 78: 0.068251ms
 79: 0.060643ms
 80: 0.072616ms
 81: 0.067883ms
 82: 0.082355ms
 83: 0.080885ms
 84: 0.106376ms
 85: 0.080549ms
 86: 0.078943ms
 87: 3.106486ms
 88: 0.081521ms
 89: 0.071662ms
 90: 0.083874ms
 91: 0.085496ms
 92: 0.072300ms
 93: 0.077602ms
 94: 0.058830ms
 95: 0.076573ms
 96: 0.087483ms
 97: 0.085271ms
 98: 0.089959ms
 99: 0.064592ms
 100: 0.071489ms
 101: 0.087518ms
 102: 0.073873ms
 103: 0.069174ms
 104: 0.077249ms
 105: 0.064994ms
 106: 0.082134ms
 107: 0.062998ms
 108: 0.064598ms
 109: 0.081355ms
 110: 0.067536ms
 111: 0.077875ms
 112: 0.081375ms
 113: 0.091272ms
 114: 0.085762ms
 115: 0.068761ms
 116: 0.078927ms
 117: 0.075635ms
 118: 0.074143ms
 119: 0.085320ms
 120: 0.227796ms
 121: 0.073942ms
 122: 0.082998ms
 123: 0.071414ms
 124: 0.074385ms
 125: 0.074129ms
 126: 0.072121ms
 127: 0.090187ms
 128: 0.072782ms
 129: 0.072582ms
 130: 0.080402ms
 131: 0.068109ms
 132: 0.081045ms
 133: 0.077674ms
 134: 0.082052ms
 135: 0.068730ms
 136: 0.072287ms
 137: 0.082671ms
 138: 0.077236ms
 139: 0.075528ms
 140: 0.059876ms
 141: 0.057350ms
 142: 0.055103ms
 143: 0.084003ms
 144: 0.079191ms
 145: 0.071469ms
 146: 0.070926ms
 147: 0.092151ms
 148: 0.074696ms
 149: 0.070427ms
 150: 0.070802ms
 151: 0.074570ms
 152: 0.075851ms
 153: 0.077751ms
 154: 0.056836ms
 155: 0.081832ms
 156: 0.068733ms
 157: 0.091548ms
 158: 0.079912ms
 159: 0.082457ms
 160: 0.070059ms
 161: 0.073862ms
 162: 0.085817ms
 163: 0.082351ms
 164: 0.074627ms
 165: 0.068740ms
 166: 0.078693ms
 167: 0.054652ms
 168: 0.070054ms
 169: 0.079902ms
 170: 0.077699ms
 171: 0.080136ms
 172: 0.056777ms
 173: 0.095511ms
 174: 0.056450ms
 175: 0.070892ms
 176: 0.059591ms
 177: 0.085900ms
 178: 0.077044ms
 179: 0.065597ms
 180: 0.063895ms
 181: 0.074791ms
 182: 0.077774ms
 183: 0.069762ms
 184: 0.086987ms
 185: 0.073292ms
 186: 0.071239ms
 187: 0.077267ms
 188: 0.082814ms
 189: 0.060730ms
 190: 0.071362ms
 191: 0.071819ms
 192: 0.069437ms
 193: 0.074080ms
 194: 0.071778ms
 195: 0.072737ms
 196: 0.074419ms
 197: 0.081148ms
 198: 0.080032ms
 199: 0.082641ms


-- Real : Q1: 50 Q2: 100 Q3: 150
-- Array: Q1: 49 Q2: 99 Q3: 149
Printing sorted runtimes:
 0: 0.068870ms
 1: 0.068251ms
 2: 0.067072ms
 3: 0.060643ms
 4: 0.056548ms
 5: 0.063215ms
 6: 0.056836ms
 7: 0.067883ms
 8: 0.064572ms
 9: 0.060730ms
 10: 0.054618ms
 11: 0.068733ms
 12: 0.055552ms
 13: 0.067898ms
 14: 0.066314ms
 15: 0.062236ms
 16: 0.058830ms
 17: 0.055103ms
 18: 0.068761ms
 19: 0.068109ms
 20: 0.057350ms
 21: 0.068730ms
 22: 0.063895ms
 23: 0.065597ms
 24: 0.067536ms
 25: 0.059591ms
 26: 0.068740ms
 27: 0.059876ms
 28: 0.060445ms
 29: 0.064598ms
 30: 0.056450ms
 31: 0.065069ms
 32: 0.062998ms
 33: 0.056777ms
 34: 0.064592ms
 35: 0.054652ms
 36: 0.068831ms
 37: 0.064994ms
 38: 0.066851ms
 39: 0.069762ms
 40: 0.069174ms
 41: 0.069416ms
 42: 0.069385ms
 43: 0.069437ms
 44: 0.070427ms
 45: 0.070054ms
 46: 0.070302ms
 47: 0.070059ms
 48: 0.070802ms
 49: 0.070639ms
 50: 0.070892ms
 51: 0.071239ms
 52: 0.070926ms
 53: 0.074627ms
 54: 0.071414ms
 55: 0.071374ms
 56: 0.072782ms
 57: 0.072300ms
 58: 0.071469ms
 59: 0.073292ms
 60: 0.071662ms
 61: 0.073862ms
 62: 0.072580ms
 63: 0.071898ms
 64: 0.072582ms
 65: 0.072331ms
 66: 0.073942ms
 67: 0.072287ms
 68: 0.071988ms
 69: 0.071819ms
 70: 0.072121ms
 71: 0.071489ms
 72: 0.072616ms
 73: 0.073678ms
 74: 0.074080ms
 75: 0.073873ms
 76: 0.071778ms
 77: 0.072737ms
 78: 0.074129ms
 79: 0.074385ms
 80: 0.074419ms
 81: 0.074242ms
 82: 0.074143ms
 83: 0.074570ms
 84: 0.074270ms
 85: 0.071362ms
 86: 0.074791ms
 87: 0.074696ms
 88: 0.074660ms
 89: 0.074775ms
 90: 0.076496ms
 91: 0.076092ms
 92: 0.075851ms
 93: 0.075635ms
 94: 0.075452ms
 95: 0.075528ms
 96: 0.076482ms
 97: 0.074890ms
 98: 0.076130ms
 99: 0.075174ms
 100: 0.076573ms
 101: 0.080032ms
 102: 0.076828ms
 103: 0.077044ms
 104: 0.077236ms
 105: 0.077215ms
 106: 0.078943ms
 107: 0.077699ms
 108: 0.077249ms
 109: 0.078035ms
 110: 0.078693ms
 111: 0.077875ms
 112: 0.078813ms
 113: 0.077674ms
 114: 0.077774ms
 115: 0.078171ms
 116: 0.078927ms
 117: 0.077602ms
 118: 0.079402ms
 119: 0.078522ms
 120: 0.079191ms
 121: 0.077267ms
 122: 0.077402ms
 123: 0.077751ms
 124: 0.077842ms
 125: 0.079486ms
 126: 0.076728ms
 127: 0.079681ms
 128: 0.079912ms
 129: 0.079606ms
 130: 0.079688ms
 131: 0.079549ms
 132: 0.079883ms
 133: 0.079902ms
 134: 0.081375ms
 135: 0.080885ms
 136: 0.081355ms
 137: 0.080136ms
 138: 0.080739ms
 139: 0.081045ms
 140: 0.080549ms
 141: 0.081148ms
 142: 0.080402ms
 143: 0.081367ms
 144: 0.082351ms
 145: 0.082052ms
 146: 0.081521ms
 147: 0.082134ms
 148: 0.081832ms
 149: 0.081806ms
 150: 0.082355ms
 151: 0.082457ms
 152: 0.082641ms
 153: 0.093157ms
 154: 0.106376ms
 155: 3.106486ms
 156: 0.092151ms
 157: 0.091548ms
 158: 0.083874ms
 159: 0.085496ms
 160: 0.084003ms
 161: 0.087483ms
 162: 0.085817ms
 163: 0.085271ms
 164: 0.229350ms
 165: 0.089959ms
 166: 0.082672ms
 167: 0.087518ms
 168: 0.082921ms
 169: 0.082671ms
 170: 0.083720ms
 171: 0.091272ms
 172: 0.085762ms
 173: 0.095511ms
 174: 0.226684ms
 175: 0.086662ms
 176: 0.086842ms
 177: 0.085900ms
 178: 0.083022ms
 179: 0.089739ms
 180: 0.097750ms
 181: 0.084985ms
 182: 0.085320ms
 183: 0.216462ms
 184: 0.086987ms
 185: 0.090509ms
 186: 0.089470ms
 187: 0.109891ms
 188: 0.082814ms
 189: 0.090156ms
 190: 0.104662ms
 191: 0.212255ms
 192: 0.101329ms
 193: 0.090600ms
 194: 0.825009ms
 195: 0.090115ms
 196: 0.216544ms
 197: 0.227796ms
 198: 0.090187ms
 199: 0.082998ms


Measurements
--------------------------
FFT Size            : 49^3
Threads             : 31
Batch               : 1
Iterations          : 200
Avg Tot Runtime     : 0.099318 ms
Runtime per batch   : 0.099318 ms
SD                  : 0.221148 ms
Q1                  : 0.070639 ms
Median              : 0.075873 ms
Q3                  : 0.081806 ms
