Expm 2: Streaming FFT

Printing individual runtimes:
 0: 0.236808ms
 1: 0.080655ms
 2: 0.100099ms
 3: 0.790337ms
 4: 0.072340ms
 5: 0.085907ms
 6: 0.089221ms
 7: 0.230025ms
 8: 0.076921ms
 9: 0.086138ms
 10: 0.270161ms
 11: 0.057688ms
 12: 0.070787ms
 13: 0.268367ms
 14: 0.062684ms
 15: 0.060131ms
 16: 0.264786ms
 17: 0.081521ms
 18: 0.083480ms
 19: 0.070184ms
 20: 0.072222ms
 21: 0.230715ms
 22: 0.070896ms
 23: 0.072816ms
 24: 0.070661ms
 25: 0.221339ms
 26: 0.069050ms
 27: 0.082196ms
 28: 0.074196ms
 29: 0.236400ms
 30: 0.076880ms
 31: 0.078332ms
 32: 0.067236ms
 33: 0.076328ms
 34: 0.066473ms
 35: 0.092267ms
 36: 0.210477ms
 37: 0.068042ms
 38: 0.074718ms
 39: 0.073171ms
 40: 0.067370ms
 41: 0.068593ms
 42: 0.067253ms
 43: 0.072475ms
 44: 0.064391ms
 45: 0.067325ms
 46: 0.064860ms
 47: 0.070304ms
 48: 0.068720ms
 49: 0.228927ms
 50: 0.071370ms
 51: 0.069968ms
 52: 0.071017ms
 53: 0.064569ms
 54: 0.073498ms
 55: 0.070331ms
 56: 0.070381ms
 57: 0.071721ms
 58: 0.070542ms
 59: 0.062532ms
 60: 0.063563ms
 61: 0.065187ms
 62: 0.071099ms
 63: 0.075704ms
 64: 0.072772ms
 65: 0.084727ms
 66: 0.066528ms
 67: 0.069785ms
 68: 0.066021ms
 69: 0.075945ms
 70: 0.076067ms
 71: 0.072906ms
 72: 0.078674ms
 73: 0.063285ms
 74: 0.246392ms
 75: 0.076591ms
 76: 0.077348ms
 77: 0.070601ms
 78: 0.069850ms
 79: 0.058519ms
 80: 0.075307ms
 81: 0.059203ms
 82: 0.071925ms
 83: 0.073547ms
 84: 0.069298ms
 85: 0.063572ms
 86: 0.075031ms
 87: 0.076097ms
 88: 0.064347ms
 89: 0.209454ms
 90: 0.059079ms
 91: 0.075289ms
 92: 0.069085ms
 93: 0.072755ms
 94: 0.061900ms
 95: 0.063982ms
 96: 0.068330ms
 97: 0.074571ms
 98: 0.067924ms
 99: 0.070233ms
 100: 0.069629ms
 101: 0.066039ms
 102: 0.086040ms
 103: 0.070890ms
 104: 0.070352ms
 105: 0.075131ms
 106: 0.066077ms
 107: 0.067459ms
 108: 0.060003ms
 109: 0.063883ms
 110: 0.069735ms
 111: 0.089354ms
 112: 0.073136ms
 113: 0.071409ms
 114: 0.064833ms
 115: 0.066439ms
 116: 0.070805ms
 117: 0.198927ms
 118: 0.069445ms
 119: 0.072852ms
 120: 0.072118ms
 121: 0.078942ms
 122: 0.069421ms
 123: 0.069103ms
 124: 0.065832ms
 125: 0.056667ms
 126: 0.076184ms
 127: 0.064674ms
 128: 0.070043ms
 129: 0.078600ms
 130: 0.069069ms
 131: 0.074382ms
 132: 0.064051ms
 133: 0.073620ms
 134: 0.072679ms
 135: 0.070481ms
 136: 0.069589ms
 137: 0.084105ms
 138: 0.064924ms
 139: 0.076280ms
 140: 0.077853ms
 141: 0.068188ms
 142: 0.069108ms
 143: 0.091455ms
 144: 0.077841ms
 145: 0.071607ms
 146: 0.067934ms
 147: 0.058158ms
 148: 0.065790ms
 149: 0.057627ms
 150: 0.071502ms
 151: 0.091658ms
 152: 0.071801ms
 153: 0.072877ms
 154: 0.078606ms
 155: 0.070274ms
 156: 0.081683ms
 157: 0.090785ms
 158: 0.065655ms
 159: 0.087175ms
 160: 0.071408ms
 161: 0.069832ms
 162: 0.083767ms
 163: 0.072484ms
 164: 0.075822ms
 165: 0.076101ms
 166: 0.070622ms
 167: 0.068094ms
 168: 0.072139ms
 169: 0.066954ms
 170: 0.082860ms
 171: 0.076895ms
 172: 0.075348ms
 173: 0.241706ms
 174: 0.070131ms
 175: 0.068799ms
 176: 0.068337ms
 177: 0.056276ms
 178: 0.065842ms
 179: 0.065708ms
 180: 0.061437ms
 181: 0.071389ms
 182: 0.057918ms
 183: 0.070433ms
 184: 0.069845ms
 185: 0.071328ms
 186: 0.068141ms
 187: 0.066142ms
 188: 0.085144ms
 189: 0.063788ms
 190: 0.077320ms
 191: 0.064553ms
 192: 0.067760ms
 193: 0.070127ms
 194: 0.080514ms
 195: 0.070911ms
 196: 0.058644ms
 197: 0.068999ms
 198: 0.069185ms
 199: 0.067918ms


-- Real : Q1: 50 Q2: 100 Q3: 150
-- Array: Q1: 49 Q2: 99 Q3: 149
Printing sorted runtimes:
 0: 0.064833ms
 1: 0.058519ms
 2: 0.063285ms
 3: 0.059203ms
 4: 0.058644ms
 5: 0.063883ms
 6: 0.064553ms
 7: 0.063788ms
 8: 0.064569ms
 9: 0.063572ms
 10: 0.057918ms
 11: 0.057688ms
 12: 0.061437ms
 13: 0.060003ms
 14: 0.062684ms
 15: 0.060131ms
 16: 0.064391ms
 17: 0.056276ms
 18: 0.064347ms
 19: 0.056667ms
 20: 0.064674ms
 21: 0.059079ms
 22: 0.062532ms
 23: 0.057627ms
 24: 0.064051ms
 25: 0.058158ms
 26: 0.063563ms
 27: 0.061900ms
 28: 0.063982ms
 29: 0.067370ms
 30: 0.064924ms
 31: 0.066528ms
 32: 0.067236ms
 33: 0.065790ms
 34: 0.066473ms
 35: 0.065655ms
 36: 0.066954ms
 37: 0.066039ms
 38: 0.066021ms
 39: 0.065832ms
 40: 0.065187ms
 41: 0.066077ms
 42: 0.067253ms
 43: 0.066439ms
 44: 0.065842ms
 45: 0.067325ms
 46: 0.064860ms
 47: 0.065708ms
 48: 0.066142ms
 49: 0.067459ms
 50: 0.067760ms
 51: 0.070481ms
 52: 0.069445ms
 53: 0.068720ms
 54: 0.069421ms
 55: 0.069103ms
 56: 0.068593ms
 57: 0.068042ms
 58: 0.067924ms
 59: 0.069069ms
 60: 0.069589ms
 61: 0.068188ms
 62: 0.068330ms
 63: 0.069108ms
 64: 0.067934ms
 65: 0.069085ms
 66: 0.069050ms
 67: 0.068094ms
 68: 0.068799ms
 69: 0.068337ms
 70: 0.068141ms
 71: 0.069298ms
 72: 0.068999ms
 73: 0.069185ms
 74: 0.069629ms
 75: 0.070043ms
 76: 0.067918ms
 77: 0.070304ms
 78: 0.069850ms
 79: 0.070127ms
 80: 0.070274ms
 81: 0.069845ms
 82: 0.069968ms
 83: 0.069735ms
 84: 0.070331ms
 85: 0.070433ms
 86: 0.070381ms
 87: 0.070352ms
 88: 0.070184ms
 89: 0.070131ms
 90: 0.069785ms
 91: 0.069832ms
 92: 0.070233ms
 93: 0.070661ms
 94: 0.070601ms
 95: 0.070622ms
 96: 0.070542ms
 97: 0.070805ms
 98: 0.070787ms
 99: 0.070890ms
 100: 0.070896ms
 101: 0.076184ms
 102: 0.071017ms
 103: 0.071328ms
 104: 0.071099ms
 105: 0.071408ms
 106: 0.071389ms
 107: 0.071607ms
 108: 0.072118ms
 109: 0.072222ms
 110: 0.071721ms
 111: 0.071801ms
 112: 0.071502ms
 113: 0.071409ms
 114: 0.071925ms
 115: 0.071370ms
 116: 0.072139ms
 117: 0.072340ms
 118: 0.072679ms
 119: 0.072475ms
 120: 0.072772ms
 121: 0.072484ms
 122: 0.072755ms
 123: 0.072852ms
 124: 0.073171ms
 125: 0.072877ms
 126: 0.073136ms
 127: 0.072816ms
 128: 0.073547ms
 129: 0.073498ms
 130: 0.072906ms
 131: 0.074382ms
 132: 0.074196ms
 133: 0.073620ms
 134: 0.074571ms
 135: 0.074718ms
 136: 0.075307ms
 137: 0.076067ms
 138: 0.075031ms
 139: 0.076097ms
 140: 0.075945ms
 141: 0.075348ms
 142: 0.075289ms
 143: 0.075704ms
 144: 0.076101ms
 145: 0.075822ms
 146: 0.075131ms
 147: 0.070911ms
 148: 0.076328ms
 149: 0.076280ms
 150: 0.076591ms
 151: 0.076880ms
 152: 0.076895ms
 153: 0.077841ms
 154: 0.077320ms
 155: 0.076921ms
 156: 0.077348ms
 157: 0.078606ms
 158: 0.077853ms
 159: 0.078600ms
 160: 0.078942ms
 161: 0.078674ms
 162: 0.080514ms
 163: 0.078332ms
 164: 0.080655ms
 165: 0.092267ms
 166: 0.091455ms
 167: 0.083767ms
 168: 0.084727ms
 169: 0.086040ms
 170: 0.082860ms
 171: 0.082196ms
 172: 0.085907ms
 173: 0.089221ms
 174: 0.087175ms
 175: 0.089354ms
 176: 0.083480ms
 177: 0.081521ms
 178: 0.090785ms
 179: 0.085144ms
 180: 0.081683ms
 181: 0.198927ms
 182: 0.091658ms
 183: 0.084105ms
 184: 0.100099ms
 185: 0.209454ms
 186: 0.086138ms
 187: 0.270161ms
 188: 0.268367ms
 189: 0.230025ms
 190: 0.264786ms
 191: 0.241706ms
 192: 0.236400ms
 193: 0.246392ms
 194: 0.230715ms
 195: 0.236808ms
 196: 0.228927ms
 197: 0.790337ms
 198: 0.221339ms
 199: 0.210477ms


Measurements
--------------------------
FFT Size            : 49^3
Threads             : 28
Batch               : 1
Iterations          : 200
Avg Tot Runtime     : 0.086563 ms
Runtime per batch   : 0.086563 ms
SD                  : 0.065708 ms
Q1                  : 0.067459 ms
Median              : 0.070893 ms
Q3                  : 0.076280 ms
