Expm 2: Streaming FFTW
FFTW Plan: Patient
-- Cannot import wisdom from ../../wisdom/singlenode/all/157/fftw_157_t39_b1.patient
-- Exporting wisdom file to ../../wisdom/singlenode/all/157/fftw_157_t39_b1.patient
Iteration: 0, 1, 2, 3, 4, 5, 6, 7, 8, 9, 10, 11, 12, 13, 14, 15, 16, 17, 18, 19, 20, 21, 22, 23, 24, 25, 26, 27, 28, 29, 30, 31, 32, 33, 34, 35, 36, 37, 38, 39, 40, 41, 42, 43, 44, 45, 46, 47, 48, 49, 
Printing individual runtimes:
 0: 9.170246ms
 1: 4.859297ms
 2: 4.913827ms
 3: 5.161207ms
 4: 5.172504ms
 5: 4.851273ms
 6: 4.774975ms
 7: 6.871786ms
 8: 4.869394ms
 9: 4.968493ms
 10: 5.292286ms
 11: 4.926114ms
 12: 4.964501ms
 13: 5.171653ms
 14: 5.036316ms
 15: 4.905823ms
 16: 4.898139ms
 17: 4.815403ms
 18: 4.815401ms
 19: 5.103128ms
 20: 5.019497ms
 21: 5.161974ms
 22: 4.851246ms
 23: 5.014589ms
 24: 4.839728ms
 25: 4.859130ms
 26: 5.097578ms
 27: 4.922236ms
 28: 5.413185ms
 29: 4.910528ms
 30: 4.882142ms
 31: 4.810749ms
 32: 4.970368ms
 33: 5.488698ms
 34: 5.331174ms
 35: 5.257865ms
 36: 4.848112ms
 37: 5.517272ms
 38: 4.889819ms
 39: 5.144127ms
 40: 5.222660ms
 41: 4.806012ms
 42: 5.264618ms
 43: 4.982518ms
 44: 4.825202ms
 45: 4.910437ms
 46: 4.886053ms
 47: 4.814987ms
 48: 4.856803ms
 49: 5.281688ms


Measurements
--------------------------
FFT Size            : 157^3
Threads             : 39
Batch               : 1
Iterations          : 50
Avg Tot Runtime     : 5.132455 ms
Runtime per batch   : 5.132455 ms
SD                  : 0.660805 ms
Throughput          : 0.442795 GFLOPs
Plan Time           : 100.776277 sec
