Expm 2: Streaming FFTW
FFTW Plan: Patient
-- Cannot import wisdom from ../../wisdom/singlenode/all/474/fftw_474_t38_b1.patient
-- Exporting wisdom file to ../../wisdom/singlenode/all/474/fftw_474_t38_b1.patient
Iteration: 0, 1, 2, 3, 4, 5, 6, 7, 8, 9, 10, 11, 12, 13, 14, 15, 16, 17, 18, 19, 20, 21, 22, 23, 24, 25, 26, 27, 28, 29, 30, 31, 32, 33, 34, 35, 36, 37, 38, 39, 40, 41, 42, 43, 44, 45, 46, 47, 48, 49, 
Printing individual runtimes:
 0: 163.942805ms
 1: 163.303885ms
 2: 163.159057ms
 3: 163.073960ms
 4: 240.883305ms
 5: 173.162953ms
 6: 164.398279ms
 7: 163.892343ms
 8: 164.258324ms
 9: 164.192834ms
 10: 164.019591ms
 11: 163.634309ms
 12: 164.120049ms
 13: 164.283348ms
 14: 317.168807ms
 15: 165.300733ms
 16: 163.395663ms
 17: 163.275739ms
 18: 163.723348ms
 19: 163.808992ms
 20: 167.941517ms
 21: 163.173056ms
 22: 163.390017ms
 23: 163.736997ms
 24: 163.367798ms
 25: 290.991860ms
 26: 164.342540ms
 27: 164.547724ms
 28: 164.552846ms
 29: 317.644644ms
 30: 164.838340ms
 31: 165.207055ms
 32: 164.833587ms
 33: 164.958987ms
 34: 165.153295ms
 35: 164.901935ms
 36: 164.804664ms
 37: 164.951995ms
 38: 165.071706ms
 39: 164.897921ms
 40: 165.107101ms
 41: 165.385142ms
 42: 165.439756ms
 43: 164.524610ms
 44: 164.875326ms
 45: 164.582174ms
 46: 164.742892ms
 47: 164.786241ms
 48: 164.924559ms
 49: 164.883586ms


Measurements
--------------------------
FFT Size            : 474^3
Threads             : 38
Batch               : 1
Iterations          : 50
Avg Tot Runtime     : 174.791164 ms
Runtime per batch   : 174.791164 ms
SD                  : 35.611430 ms
Throughput          : 12.494457 GFLOPs
Plan Time           : 288.191813 sec
