Expm 2: Streaming FFTW
FFTW Plan: Patient
-- Cannot import wisdom from ../../wisdom/singlenode/all/121/fftw_121_t40_b1.patient
-- Exporting wisdom file to ../../wisdom/singlenode/all/121/fftw_121_t40_b1.patient
Iteration: 0, 1, 2, 3, 4, 5, 6, 7, 8, 9, 10, 11, 12, 13, 14, 15, 16, 17, 18, 19, 20, 21, 22, 23, 24, 25, 26, 27, 28, 29, 30, 31, 32, 33, 34, 35, 36, 37, 38, 39, 40, 41, 42, 43, 44, 45, 46, 47, 48, 49, 
Printing individual runtimes:
 0: 3.248121ms
 1: 1.982555ms
 2: 1.550061ms
 3: 1.300179ms
 4: 1.318940ms
 5: 1.280040ms
 6: 1.328577ms
 7: 1.315343ms
 8: 1.355784ms
 9: 1.363195ms
 10: 1.320743ms
 11: 1.317615ms
 12: 1.470033ms
 13: 1.352845ms
 14: 2.691418ms
 15: 3.494482ms
 16: 2.638927ms
 17: 1.321313ms
 18: 2.947225ms
 19: 1.374176ms
 20: 1.700547ms
 21: 1.320488ms
 22: 1.283768ms
 23: 1.259821ms
 24: 1.348384ms
 25: 1.552427ms
 26: 1.308882ms
 27: 1.304370ms
 28: 1.297844ms
 29: 1.272491ms
 30: 1.333101ms
 31: 1.351225ms
 32: 1.323436ms
 33: 1.313494ms
 34: 1.299972ms
 35: 1.382730ms
 36: 1.327424ms
 37: 1.340404ms
 38: 1.321367ms
 39: 1.324359ms
 40: 1.358092ms
 41: 1.355533ms
 42: 1.850400ms
 43: 2.038243ms
 44: 1.281944ms
 45: 1.279527ms
 46: 1.858170ms
 47: 1.343053ms
 48: 1.343518ms
 49: 1.298594ms


Measurements
--------------------------
FFT Size            : 121^3
Threads             : 40
Batch               : 1
Iterations          : 50
Avg Tot Runtime     : 1.558904 ms
Runtime per batch   : 1.558904 ms
SD                  : 0.523298 ms
Throughput          : 0.090078 GFLOPs
Plan Time           : 12.152695 sec
