Expm 2: Streaming FFTW
FFTW Plan: Patient
-- Cannot import wisdom from ../../wisdom/singlenode/all/313/fftw_313_t39_b1.patient
-- Exporting wisdom file to ../../wisdom/singlenode/all/313/fftw_313_t39_b1.patient
Iteration: 0, 1, 2, 3, 4, 5, 6, 7, 8, 9, 10, 11, 12, 13, 14, 15, 16, 17, 18, 19, 20, 21, 22, 23, 24, 25, 26, 27, 28, 29, 30, 31, 32, 33, 34, 35, 36, 37, 38, 39, 40, 41, 42, 43, 44, 45, 46, 47, 48, 49, 
Printing individual runtimes:
 0: 73.945977ms
 1: 75.709817ms
 2: 75.874043ms
 3: 73.821769ms
 4: 74.147414ms
 5: 73.408086ms
 6: 73.504214ms
 7: 75.524138ms
 8: 125.383341ms
 9: 72.682078ms
 10: 73.598764ms
 11: 74.651675ms
 12: 74.393459ms
 13: 73.663544ms
 14: 73.653995ms
 15: 73.329918ms
 16: 73.199706ms
 17: 131.861870ms
 18: 72.773921ms
 19: 73.363645ms
 20: 73.579625ms
 21: 73.722338ms
 22: 75.399443ms
 23: 76.142718ms
 24: 75.027768ms
 25: 73.932368ms
 26: 75.529290ms
 27: 74.205298ms
 28: 74.478860ms
 29: 75.173199ms
 30: 74.672444ms
 31: 73.217316ms
 32: 73.884579ms
 33: 75.190909ms
 34: 73.297472ms
 35: 75.460671ms
 36: 76.090501ms
 37: 75.586858ms
 38: 74.111927ms
 39: 74.884793ms
 40: 74.955841ms
 41: 73.248802ms
 42: 74.067408ms
 43: 74.535737ms
 44: 74.128943ms
 45: 75.779262ms
 46: 74.296394ms
 47: 75.414143ms
 48: 81.136711ms
 49: 75.290137ms


Measurements
--------------------------
FFT Size            : 313^3
Threads             : 39
Batch               : 1
Iterations          : 50
Avg Tot Runtime     : 76.698663 ms
Runtime per batch   : 76.698663 ms
SD                  : 10.699083 ms
Throughput          : 6.110327 GFLOPs
Plan Time           : 82.096708 sec
