Expm 2: Streaming FFT

Printing individual runtimes:
 0: 0.377712ms
 1: 0.305517ms
 2: 0.321933ms
 3: 0.417287ms
 4: 0.284518ms
 5: 0.278271ms
 6: 0.313009ms
 7: 0.307852ms
 8: 0.322296ms
 9: 0.278592ms
 10: 0.419460ms
 11: 0.285864ms
 12: 0.307919ms
 13: 0.307742ms
 14: 0.285521ms
 15: 0.273653ms
 16: 0.289088ms
 17: 0.401341ms
 18: 0.313124ms
 19: 0.320365ms
 20: 0.286135ms
 21: 0.326757ms
 22: 0.319673ms
 23: 0.289090ms
 24: 0.323088ms
 25: 0.318474ms
 26: 0.311090ms
 27: 0.328627ms
 28: 0.301974ms
 29: 0.322746ms
 30: 0.302349ms
 31: 0.277762ms
 32: 0.280340ms
 33: 0.323686ms
 34: 0.322838ms
 35: 0.330731ms
 36: 0.279897ms
 37: 0.418299ms
 38: 0.308892ms
 39: 0.317345ms
 40: 0.297203ms
 41: 0.286650ms
 42: 0.321987ms
 43: 0.304908ms
 44: 0.277166ms
 45: 0.305959ms
 46: 0.284421ms
 47: 0.299172ms
 48: 0.315787ms
 49: 0.290241ms
 50: 0.285109ms
 51: 0.286901ms
 52: 0.320917ms
 53: 0.272433ms
 54: 0.313086ms
 55: 0.408569ms
 56: 0.322317ms
 57: 0.315470ms
 58: 0.282057ms
 59: 0.287134ms
 60: 0.320884ms
 61: 0.276138ms
 62: 0.326049ms
 63: 0.328746ms
 64: 0.273654ms
 65: 0.318863ms
 66: 0.315869ms
 67: 0.288720ms
 68: 0.317522ms
 69: 0.320497ms
 70: 0.284530ms
 71: 0.329178ms
 72: 0.288336ms
 73: 0.279287ms
 74: 0.318030ms
 75: 0.275550ms
 76: 0.310836ms
 77: 0.326495ms
 78: 0.299961ms
 79: 0.326439ms
 80: 0.322266ms
 81: 0.318115ms
 82: 0.407299ms
 83: 0.335683ms
 84: 0.288040ms
 85: 0.332745ms
 86: 0.279592ms
 87: 0.292104ms
 88: 0.321597ms
 89: 0.403075ms
 90: 0.323771ms
 91: 0.303276ms
 92: 0.320211ms
 93: 0.278315ms
 94: 0.338208ms
 95: 0.312086ms
 96: 0.312335ms
 97: 0.307707ms
 98: 0.276691ms
 99: 0.325648ms
 100: 0.285478ms
 101: 0.332999ms
 102: 0.333477ms
 103: 0.284432ms
 104: 0.330205ms
 105: 0.288112ms
 106: 0.276212ms
 107: 0.327404ms
 108: 0.283153ms
 109: 0.304631ms
 110: 0.285904ms
 111: 0.326297ms
 112: 0.275410ms
 113: 0.326016ms
 114: 0.276985ms
 115: 0.323015ms
 116: 0.274632ms
 117: 0.339757ms
 118: 0.314573ms
 119: 0.328805ms
 120: 0.329054ms
 121: 0.325250ms
 122: 0.292067ms
 123: 0.280263ms
 124: 0.306324ms
 125: 0.313492ms
 126: 0.279665ms
 127: 0.307617ms
 128: 0.287718ms
 129: 0.303644ms
 130: 0.278154ms
 131: 0.287316ms
 132: 0.319712ms
 133: 0.310358ms
 134: 0.287954ms
 135: 0.267595ms
 136: 0.320612ms
 137: 0.294296ms
 138: 0.280023ms
 139: 0.304550ms
 140: 0.320009ms
 141: 0.321767ms
 142: 0.311769ms
 143: 0.320694ms
 144: 0.321578ms
 145: 0.294434ms
 146: 0.283279ms
 147: 0.281940ms
 148: 0.279437ms
 149: 0.282735ms
 150: 0.313771ms
 151: 0.303618ms
 152: 0.278243ms
 153: 0.326052ms
 154: 0.335283ms
 155: 0.319328ms
 156: 0.321010ms
 157: 0.293909ms
 158: 0.306781ms
 159: 0.279197ms
 160: 0.320808ms
 161: 0.327186ms
 162: 0.267409ms
 163: 0.327996ms
 164: 0.309371ms
 165: 0.287316ms
 166: 0.281270ms
 167: 0.288728ms
 168: 0.311988ms
 169: 0.303821ms
 170: 0.282700ms
 171: 0.278193ms
 172: 0.314488ms
 173: 0.320088ms
 174: 0.303952ms
 175: 0.278241ms
 176: 0.307397ms
 177: 0.281868ms
 178: 0.278101ms
 179: 0.273866ms
 180: 0.271160ms
 181: 0.312536ms
 182: 0.307010ms
 183: 0.302583ms
 184: 0.290028ms
 185: 0.370536ms
 186: 0.326853ms
 187: 0.317838ms
 188: 0.305033ms
 189: 0.312301ms
 190: 0.278282ms
 191: 0.304723ms
 192: 0.274405ms
 193: 0.318552ms
 194: 0.303317ms
 195: 0.302439ms
 196: 0.266745ms
 197: 0.280043ms
 198: 0.307225ms
 199: 0.276477ms


-- Real : Q1: 50 Q2: 100 Q3: 150
-- Array: Q1: 49 Q2: 99 Q3: 149
Printing sorted runtimes:
 0: 0.272433ms
 1: 0.267595ms
 2: 0.267409ms
 3: 0.266745ms
 4: 0.271160ms
 5: 0.279665ms
 6: 0.274405ms
 7: 0.278282ms
 8: 0.276138ms
 9: 0.278592ms
 10: 0.273866ms
 11: 0.278101ms
 12: 0.273654ms
 13: 0.278241ms
 14: 0.278193ms
 15: 0.273653ms
 16: 0.277166ms
 17: 0.279287ms
 18: 0.275550ms
 19: 0.279197ms
 20: 0.278243ms
 21: 0.279592ms
 22: 0.279437ms
 23: 0.278315ms
 24: 0.276691ms
 25: 0.276212ms
 26: 0.276477ms
 27: 0.278154ms
 28: 0.278271ms
 29: 0.275410ms
 30: 0.274632ms
 31: 0.277762ms
 32: 0.276985ms
 33: 0.280263ms
 34: 0.280043ms
 35: 0.280023ms
 36: 0.279897ms
 37: 0.284432ms
 38: 0.283153ms
 39: 0.283279ms
 40: 0.281940ms
 41: 0.282735ms
 42: 0.280340ms
 43: 0.281270ms
 44: 0.282700ms
 45: 0.282057ms
 46: 0.284421ms
 47: 0.281868ms
 48: 0.284518ms
 49: 0.284530ms
 50: 0.285109ms
 51: 0.292067ms
 52: 0.285478ms
 53: 0.286901ms
 54: 0.287718ms
 55: 0.287316ms
 56: 0.287954ms
 57: 0.285904ms
 58: 0.290241ms
 59: 0.287134ms
 60: 0.288112ms
 61: 0.289090ms
 62: 0.286135ms
 63: 0.287316ms
 64: 0.288728ms
 65: 0.286650ms
 66: 0.290028ms
 67: 0.288720ms
 68: 0.288040ms
 69: 0.289088ms
 70: 0.285521ms
 71: 0.285864ms
 72: 0.288336ms
 73: 0.299172ms
 74: 0.294434ms
 75: 0.293909ms
 76: 0.294296ms
 77: 0.297203ms
 78: 0.292104ms
 79: 0.303952ms
 80: 0.303644ms
 81: 0.303618ms
 82: 0.302349ms
 83: 0.303821ms
 84: 0.302583ms
 85: 0.301974ms
 86: 0.303276ms
 87: 0.299961ms
 88: 0.303317ms
 89: 0.302439ms
 90: 0.305033ms
 91: 0.304908ms
 92: 0.304723ms
 93: 0.304550ms
 94: 0.304631ms
 95: 0.306781ms
 96: 0.305959ms
 97: 0.306324ms
 98: 0.305517ms
 99: 0.307010ms
 100: 0.307225ms
 101: 0.313771ms
 102: 0.307617ms
 103: 0.308892ms
 104: 0.311769ms
 105: 0.307852ms
 106: 0.307707ms
 107: 0.312335ms
 108: 0.311090ms
 109: 0.312086ms
 110: 0.309371ms
 111: 0.312301ms
 112: 0.310358ms
 113: 0.311988ms
 114: 0.307742ms
 115: 0.310836ms
 116: 0.307919ms
 117: 0.312536ms
 118: 0.313086ms
 119: 0.313009ms
 120: 0.313124ms
 121: 0.313492ms
 122: 0.307397ms
 123: 0.319328ms
 124: 0.315869ms
 125: 0.317345ms
 126: 0.314573ms
 127: 0.317522ms
 128: 0.314488ms
 129: 0.318115ms
 130: 0.315470ms
 131: 0.317838ms
 132: 0.318863ms
 133: 0.315787ms
 134: 0.318030ms
 135: 0.318552ms
 136: 0.318474ms
 137: 0.320612ms
 138: 0.320088ms
 139: 0.320365ms
 140: 0.320009ms
 141: 0.319673ms
 142: 0.320497ms
 143: 0.320211ms
 144: 0.319712ms
 145: 0.320884ms
 146: 0.320694ms
 147: 0.320808ms
 148: 0.320917ms
 149: 0.321010ms
 150: 0.321578ms
 151: 0.321597ms
 152: 0.321933ms
 153: 0.321767ms
 154: 0.321987ms
 155: 0.322266ms
 156: 0.326052ms
 157: 0.325648ms
 158: 0.326853ms
 159: 0.325250ms
 160: 0.326757ms
 161: 0.322746ms
 162: 0.323088ms
 163: 0.326049ms
 164: 0.323771ms
 165: 0.322296ms
 166: 0.326297ms
 167: 0.322838ms
 168: 0.326016ms
 169: 0.326495ms
 170: 0.326439ms
 171: 0.323686ms
 172: 0.323015ms
 173: 0.322317ms
 174: 0.327186ms
 175: 0.407299ms
 176: 0.335683ms
 177: 0.332745ms
 178: 0.401341ms
 179: 0.419460ms
 180: 0.403075ms
 181: 0.329178ms
 182: 0.327996ms
 183: 0.338208ms
 184: 0.335283ms
 185: 0.370536ms
 186: 0.377712ms
 187: 0.332999ms
 188: 0.333477ms
 189: 0.328746ms
 190: 0.330205ms
 191: 0.418299ms
 192: 0.327404ms
 193: 0.330731ms
 194: 0.328627ms
 195: 0.339757ms
 196: 0.417287ms
 197: 0.328805ms
 198: 0.408569ms
 199: 0.329054ms


Measurements
--------------------------
FFT Size            : 53^3
Threads             : 23
Batch               : 1
Iterations          : 200
Avg Tot Runtime     : 0.307318 ms
Runtime per batch   : 0.307318 ms
SD                  : 0.028193 ms
Q1                  : 0.284530 ms
Median              : 0.307118 ms
Q3                  : 0.321010 ms
