Expm 2: Streaming FFT

Printing individual runtimes:
 0: 0.379415ms
 1: 0.286727ms
 2: 0.282212ms
 3: 0.408770ms
 4: 0.409316ms
 5: 0.289077ms
 6: 0.291275ms
 7: 0.283730ms
 8: 0.279940ms
 9: 0.278464ms
 10: 0.434001ms
 11: 0.285775ms
 12: 0.282592ms
 13: 0.287665ms
 14: 0.389889ms
 15: 0.278810ms
 16: 0.282862ms
 17: 0.279050ms
 18: 0.278125ms
 19: 0.424186ms
 20: 0.285743ms
 21: 0.289713ms
 22: 0.305781ms
 23: 0.327873ms
 24: 0.276628ms
 25: 0.271924ms
 26: 0.291915ms
 27: 0.417568ms
 28: 0.283381ms
 29: 0.281390ms
 30: 0.277758ms
 31: 0.280895ms
 32: 0.287289ms
 33: 0.397926ms
 34: 0.277942ms
 35: 0.277352ms
 36: 0.284557ms
 37: 0.278179ms
 38: 0.303273ms
 39: 0.322733ms
 40: 0.284783ms
 41: 0.434212ms
 42: 0.309920ms
 43: 0.290298ms
 44: 0.280173ms
 45: 0.277611ms
 46: 0.281772ms
 47: 0.287203ms
 48: 0.406961ms
 49: 0.286542ms
 50: 0.295591ms
 51: 0.289044ms
 52: 0.309901ms
 53: 0.278999ms
 54: 0.280342ms
 55: 0.325838ms
 56: 0.334594ms
 57: 0.282483ms
 58: 0.329194ms
 59: 0.317722ms
 60: 0.285581ms
 61: 0.280970ms
 62: 0.406851ms
 63: 0.283500ms
 64: 0.315390ms
 65: 0.284266ms
 66: 0.282787ms
 67: 0.315110ms
 68: 0.313290ms
 69: 0.278326ms
 70: 0.309859ms
 71: 0.275021ms
 72: 0.288611ms
 73: 0.282273ms
 74: 0.283044ms
 75: 0.280617ms
 76: 0.287540ms
 77: 0.277878ms
 78: 0.283233ms
 79: 0.401645ms
 80: 0.277180ms
 81: 0.322716ms
 82: 0.288078ms
 83: 0.276552ms
 84: 0.290209ms
 85: 0.287636ms
 86: 0.281745ms
 87: 0.281974ms
 88: 0.287462ms
 89: 0.318897ms
 90: 0.290847ms
 91: 0.291466ms
 92: 0.277222ms
 93: 0.282209ms
 94: 0.414996ms
 95: 0.274739ms
 96: 0.286112ms
 97: 0.280124ms
 98: 0.293186ms
 99: 0.281929ms
 100: 0.278406ms
 101: 0.279019ms
 102: 0.280888ms
 103: 0.292967ms
 104: 0.327928ms
 105: 0.432782ms
 106: 0.284358ms
 107: 0.286001ms
 108: 0.292462ms
 109: 0.281249ms
 110: 0.318465ms
 111: 0.290072ms
 112: 0.287358ms
 113: 0.326382ms
 114: 0.281972ms
 115: 0.281721ms
 116: 0.279635ms
 117: 0.279632ms
 118: 0.279246ms
 119: 0.284386ms
 120: 0.289481ms
 121: 0.323489ms
 122: 0.289707ms
 123: 0.278542ms
 124: 0.288586ms
 125: 0.286855ms
 126: 0.328238ms
 127: 0.398768ms
 128: 0.312833ms
 129: 0.326870ms
 130: 0.279326ms
 131: 0.288674ms
 132: 0.306785ms
 133: 0.286002ms
 134: 0.276128ms
 135: 0.314477ms
 136: 0.304146ms
 137: 0.279654ms
 138: 0.290434ms
 139: 0.281972ms
 140: 0.294281ms
 141: 0.282266ms
 142: 0.307701ms
 143: 0.284077ms
 144: 0.282125ms
 145: 0.277448ms
 146: 0.278667ms
 147: 0.285139ms
 148: 0.281214ms
 149: 0.286307ms
 150: 0.282447ms
 151: 0.287386ms
 152: 0.319524ms
 153: 0.418570ms
 154: 0.281950ms
 155: 0.285158ms
 156: 0.285560ms
 157: 0.281799ms
 158: 0.288790ms
 159: 0.288712ms
 160: 0.289110ms
 161: 0.283761ms
 162: 0.321109ms
 163: 0.325137ms
 164: 0.331168ms
 165: 0.285394ms
 166: 0.286445ms
 167: 0.276989ms
 168: 0.285776ms
 169: 0.278705ms
 170: 0.291666ms
 171: 0.274867ms
 172: 0.278350ms
 173: 0.278133ms
 174: 0.278394ms
 175: 0.281426ms
 176: 0.282546ms
 177: 0.286450ms
 178: 0.318009ms
 179: 0.312606ms
 180: 0.276637ms
 181: 0.288633ms
 182: 0.411967ms
 183: 0.276589ms
 184: 0.284312ms
 185: 0.281214ms
 186: 0.283693ms
 187: 0.325703ms
 188: 0.326254ms
 189: 0.292673ms
 190: 0.281007ms
 191: 0.289498ms
 192: 0.280893ms
 193: 0.282135ms
 194: 0.291647ms
 195: 0.291052ms
 196: 0.332167ms
 197: 0.280663ms
 198: 0.318633ms
 199: 0.282855ms


-- Real : Q1: 50 Q2: 100 Q3: 150
-- Array: Q1: 49 Q2: 99 Q3: 149
Printing sorted runtimes:
 0: 0.280617ms
 1: 0.277878ms
 2: 0.275021ms
 3: 0.277180ms
 4: 0.278326ms
 5: 0.276552ms
 6: 0.277222ms
 7: 0.276589ms
 8: 0.279940ms
 9: 0.278464ms
 10: 0.276637ms
 11: 0.274739ms
 12: 0.280124ms
 13: 0.278406ms
 14: 0.278394ms
 15: 0.278810ms
 16: 0.278133ms
 17: 0.279050ms
 18: 0.278125ms
 19: 0.278350ms
 20: 0.274867ms
 21: 0.278705ms
 22: 0.276989ms
 23: 0.279019ms
 24: 0.276628ms
 25: 0.271924ms
 26: 0.280342ms
 27: 0.278999ms
 28: 0.279635ms
 29: 0.279632ms
 30: 0.277758ms
 31: 0.279246ms
 32: 0.278667ms
 33: 0.277448ms
 34: 0.277942ms
 35: 0.277352ms
 36: 0.277611ms
 37: 0.278179ms
 38: 0.280173ms
 39: 0.278542ms
 40: 0.279654ms
 41: 0.276128ms
 42: 0.279326ms
 43: 0.281007ms
 44: 0.280888ms
 45: 0.280663ms
 46: 0.280893ms
 47: 0.280895ms
 48: 0.280970ms
 49: 0.281214ms
 50: 0.281214ms
 51: 0.284312ms
 52: 0.281721ms
 53: 0.281390ms
 54: 0.281426ms
 55: 0.281745ms
 56: 0.281799ms
 57: 0.282212ms
 58: 0.281950ms
 59: 0.281929ms
 60: 0.282135ms
 61: 0.281972ms
 62: 0.281772ms
 63: 0.282209ms
 64: 0.282125ms
 65: 0.281974ms
 66: 0.281972ms
 67: 0.282266ms
 68: 0.282787ms
 69: 0.282546ms
 70: 0.282592ms
 71: 0.282483ms
 72: 0.282447ms
 73: 0.282273ms
 74: 0.282855ms
 75: 0.283044ms
 76: 0.281249ms
 77: 0.283693ms
 78: 0.283233ms
 79: 0.284077ms
 80: 0.283730ms
 81: 0.283381ms
 82: 0.283500ms
 83: 0.282862ms
 84: 0.283761ms
 85: 0.284266ms
 86: 0.285776ms
 87: 0.284358ms
 88: 0.285394ms
 89: 0.285743ms
 90: 0.285560ms
 91: 0.285158ms
 92: 0.284386ms
 93: 0.285775ms
 94: 0.284783ms
 95: 0.285139ms
 96: 0.284557ms
 97: 0.285581ms
 98: 0.286001ms
 99: 0.286002ms
 100: 0.286112ms
 101: 0.289077ms
 102: 0.286727ms
 103: 0.286307ms
 104: 0.286542ms
 105: 0.286445ms
 106: 0.286855ms
 107: 0.286450ms
 108: 0.287386ms
 109: 0.287289ms
 110: 0.288633ms
 111: 0.288790ms
 112: 0.287358ms
 113: 0.288611ms
 114: 0.289044ms
 115: 0.288712ms
 116: 0.288078ms
 117: 0.287665ms
 118: 0.287203ms
 119: 0.288674ms
 120: 0.287462ms
 121: 0.287636ms
 122: 0.287540ms
 123: 0.288586ms
 124: 0.291666ms
 125: 0.290298ms
 126: 0.289713ms
 127: 0.289707ms
 128: 0.290209ms
 129: 0.289498ms
 130: 0.289481ms
 131: 0.291647ms
 132: 0.291275ms
 133: 0.289110ms
 134: 0.291052ms
 135: 0.290072ms
 136: 0.291466ms
 137: 0.290847ms
 138: 0.290434ms
 139: 0.295591ms
 140: 0.294281ms
 141: 0.292462ms
 142: 0.291915ms
 143: 0.292673ms
 144: 0.293186ms
 145: 0.292967ms
 146: 0.305781ms
 147: 0.304146ms
 148: 0.303273ms
 149: 0.306785ms
 150: 0.307701ms
 151: 0.315390ms
 152: 0.319524ms
 153: 0.317722ms
 154: 0.379415ms
 155: 0.322733ms
 156: 0.329194ms
 157: 0.327873ms
 158: 0.314477ms
 159: 0.332167ms
 160: 0.334594ms
 161: 0.318897ms
 162: 0.321109ms
 163: 0.325137ms
 164: 0.331168ms
 165: 0.309920ms
 166: 0.315110ms
 167: 0.326870ms
 168: 0.312833ms
 169: 0.328238ms
 170: 0.325838ms
 171: 0.323489ms
 172: 0.326254ms
 173: 0.313290ms
 174: 0.325703ms
 175: 0.318633ms
 176: 0.327928ms
 177: 0.322716ms
 178: 0.318009ms
 179: 0.312606ms
 180: 0.326382ms
 181: 0.318465ms
 182: 0.309901ms
 183: 0.309859ms
 184: 0.401645ms
 185: 0.411967ms
 186: 0.434001ms
 187: 0.389889ms
 188: 0.424186ms
 189: 0.418570ms
 190: 0.417568ms
 191: 0.414996ms
 192: 0.409316ms
 193: 0.408770ms
 194: 0.406851ms
 195: 0.397926ms
 196: 0.434212ms
 197: 0.398768ms
 198: 0.406961ms
 199: 0.432782ms


Measurements
--------------------------
FFT Size            : 53^3
Threads             : 25
Batch               : 1
Iterations          : 200
Avg Tot Runtime     : 0.300976 ms
Runtime per batch   : 0.300976 ms
SD                  : 0.036901 ms
Q1                  : 0.281214 ms
Median              : 0.286057 ms
Q3                  : 0.306785 ms
