Expm 2: Streaming FFT

Printing individual runtimes:
 0: 0.299472ms
 1: 0.228762ms
 2: 0.205971ms
 3: 0.373307ms
 4: 0.200263ms
 5: 1.037337ms
 6: 0.206377ms
 7: 0.313486ms
 8: 0.236169ms
 9: 0.200765ms
 10: 0.220572ms
 11: 0.313544ms
 12: 0.203239ms
 13: 0.338856ms
 14: 0.197103ms
 15: 0.249216ms
 16: 0.515103ms
 17: 0.202217ms
 18: 0.333411ms
 19: 0.219080ms
 20: 0.217370ms
 21: 0.291422ms
 22: 0.219450ms
 23: 0.200227ms
 24: 0.330296ms
 25: 0.251264ms
 26: 0.219595ms
 27: 0.371389ms
 28: 0.200644ms
 29: 0.248634ms
 30: 0.356972ms
 31: 0.226385ms
 32: 0.252477ms
 33: 0.241978ms
 34: 0.325669ms
 35: 0.237257ms
 36: 0.221814ms
 37: 0.253072ms
 38: 0.309337ms
 39: 0.228814ms
 40: 0.246594ms
 41: 0.240021ms
 42: 0.251326ms
 43: 0.306909ms
 44: 0.246987ms
 45: 0.230939ms
 46: 0.236568ms
 47: 0.247742ms
 48: 0.307941ms
 49: 0.239814ms
 50: 0.242649ms
 51: 0.222146ms
 52: 0.226929ms
 53: 0.231240ms
 54: 0.324158ms
 55: 0.240093ms
 56: 0.247334ms
 57: 0.232723ms
 58: 0.243639ms
 59: 0.242564ms
 60: 0.242064ms
 61: 0.325996ms
 62: 0.255759ms
 63: 0.224773ms
 64: 0.224877ms
 65: 0.230238ms
 66: 0.228854ms
 67: 0.233029ms
 68: 0.307260ms
 69: 0.245095ms
 70: 0.247120ms
 71: 0.229097ms
 72: 0.218306ms
 73: 0.250772ms
 74: 0.263253ms
 75: 0.229674ms
 76: 0.303184ms
 77: 0.199554ms
 78: 0.241089ms
 79: 0.235998ms
 80: 0.240853ms
 81: 0.226149ms
 82: 0.221914ms
 83: 0.239912ms
 84: 0.222573ms
 85: 0.200536ms
 86: 0.203009ms
 87: 0.302964ms
 88: 0.236010ms
 89: 0.243413ms
 90: 0.225631ms
 91: 0.235346ms
 92: 0.225772ms
 93: 0.225668ms
 94: 0.202645ms
 95: 0.223010ms
 96: 0.231107ms
 97: 0.242622ms
 98: 0.203379ms
 99: 0.226960ms
 100: 0.300166ms
 101: 0.223054ms
 102: 0.202781ms
 103: 0.220150ms
 104: 0.226237ms
 105: 0.237367ms
 106: 0.204758ms
 107: 0.242417ms
 108: 0.206376ms
 109: 0.218573ms
 110: 0.203129ms
 111: 0.200733ms
 112: 0.238282ms
 113: 0.201717ms
 114: 0.223349ms
 115: 0.198091ms
 116: 0.227133ms
 117: 0.221377ms
 118: 0.222652ms
 119: 0.311068ms
 120: 0.245241ms
 121: 0.231925ms
 122: 0.226121ms
 123: 0.221252ms
 124: 0.220662ms
 125: 0.231902ms
 126: 0.210142ms
 127: 0.232623ms
 128: 0.240721ms
 129: 0.231295ms
 130: 0.254786ms
 131: 0.219729ms
 132: 0.255167ms
 133: 0.219269ms
 134: 0.220318ms
 135: 0.240357ms
 136: 0.206905ms
 137: 0.228126ms
 138: 0.245788ms
 139: 0.224722ms
 140: 0.232789ms
 141: 0.230016ms
 142: 0.201634ms
 143: 0.201688ms
 144: 0.226537ms
 145: 0.237784ms
 146: 0.324528ms
 147: 0.237532ms
 148: 0.232108ms
 149: 0.247472ms
 150: 0.224931ms
 151: 0.223750ms
 152: 0.230207ms
 153: 0.221116ms
 154: 0.229879ms
 155: 0.202024ms
 156: 0.230886ms
 157: 0.203620ms
 158: 0.238904ms
 159: 0.232796ms
 160: 0.229666ms
 161: 0.224542ms
 162: 0.225118ms
 163: 0.221810ms
 164: 0.226483ms
 165: 0.231600ms
 166: 0.245799ms
 167: 0.200479ms
 168: 0.205861ms
 169: 0.220222ms
 170: 0.198578ms
 171: 0.224360ms
 172: 0.225070ms
 173: 0.198873ms
 174: 0.241767ms
 175: 0.226539ms
 176: 0.221828ms
 177: 0.223295ms
 178: 0.224774ms
 179: 0.247774ms
 180: 0.199858ms
 181: 0.229432ms
 182: 0.211860ms
 183: 0.225059ms
 184: 0.221895ms
 185: 0.219973ms
 186: 0.332299ms
 187: 0.228394ms
 188: 0.219646ms
 189: 0.246160ms
 190: 0.203167ms
 191: 0.218871ms
 192: 0.199967ms
 193: 0.219493ms
 194: 0.224190ms
 195: 0.221808ms
 196: 0.198609ms
 197: 0.199998ms
 198: 0.237813ms
 199: 0.222408ms


-- Real : Q1: 50 Q2: 100 Q3: 150
-- Array: Q1: 49 Q2: 99 Q3: 149
Printing sorted runtimes:
 0: 0.203379ms
 1: 0.202645ms
 2: 0.202781ms
 3: 0.199998ms
 4: 0.200263ms
 5: 0.198609ms
 6: 0.203009ms
 7: 0.200536ms
 8: 0.203129ms
 9: 0.200765ms
 10: 0.200733ms
 11: 0.199554ms
 12: 0.203239ms
 13: 0.199967ms
 14: 0.197103ms
 15: 0.201717ms
 16: 0.203167ms
 17: 0.202217ms
 18: 0.198091ms
 19: 0.201634ms
 20: 0.201688ms
 21: 0.202024ms
 22: 0.200479ms
 23: 0.200227ms
 24: 0.198578ms
 25: 0.198873ms
 26: 0.199858ms
 27: 0.200644ms
 28: 0.218871ms
 29: 0.211860ms
 30: 0.218306ms
 31: 0.210142ms
 32: 0.218573ms
 33: 0.206905ms
 34: 0.217370ms
 35: 0.206376ms
 36: 0.206377ms
 37: 0.203620ms
 38: 0.205971ms
 39: 0.204758ms
 40: 0.205861ms
 41: 0.219973ms
 42: 0.219269ms
 43: 0.219450ms
 44: 0.219729ms
 45: 0.219080ms
 46: 0.219646ms
 47: 0.219493ms
 48: 0.219595ms
 49: 0.220150ms
 50: 0.220222ms
 51: 0.226537ms
 52: 0.221116ms
 53: 0.220662ms
 54: 0.220572ms
 55: 0.221252ms
 56: 0.221814ms
 57: 0.221810ms
 58: 0.221377ms
 59: 0.221808ms
 60: 0.221828ms
 61: 0.221895ms
 62: 0.221914ms
 63: 0.223010ms
 64: 0.224190ms
 65: 0.223295ms
 66: 0.223054ms
 67: 0.224722ms
 68: 0.222408ms
 69: 0.222573ms
 70: 0.222652ms
 71: 0.223750ms
 72: 0.222146ms
 73: 0.224542ms
 74: 0.224360ms
 75: 0.223349ms
 76: 0.224773ms
 77: 0.220318ms
 78: 0.226121ms
 79: 0.224877ms
 80: 0.225059ms
 81: 0.226149ms
 82: 0.226385ms
 83: 0.224774ms
 84: 0.224931ms
 85: 0.225668ms
 86: 0.225772ms
 87: 0.225118ms
 88: 0.226237ms
 89: 0.226483ms
 90: 0.225631ms
 91: 0.225070ms
 92: 0.226960ms
 93: 0.226929ms
 94: 0.226539ms
 95: 0.228762ms
 96: 0.228126ms
 97: 0.227133ms
 98: 0.228394ms
 99: 0.228814ms
 100: 0.228854ms
 101: 0.241978ms
 102: 0.231600ms
 103: 0.230939ms
 104: 0.229666ms
 105: 0.230886ms
 106: 0.229879ms
 107: 0.230207ms
 108: 0.231240ms
 109: 0.230016ms
 110: 0.230238ms
 111: 0.231295ms
 112: 0.231107ms
 113: 0.229432ms
 114: 0.229674ms
 115: 0.231902ms
 116: 0.237257ms
 117: 0.241767ms
 118: 0.240021ms
 119: 0.229097ms
 120: 0.235346ms
 121: 0.231925ms
 122: 0.236568ms
 123: 0.237813ms
 124: 0.233029ms
 125: 0.236169ms
 126: 0.238282ms
 127: 0.232623ms
 128: 0.240721ms
 129: 0.241089ms
 130: 0.236010ms
 131: 0.235998ms
 132: 0.232796ms
 133: 0.238904ms
 134: 0.237367ms
 135: 0.240357ms
 136: 0.239814ms
 137: 0.239912ms
 138: 0.232108ms
 139: 0.237532ms
 140: 0.232789ms
 141: 0.240853ms
 142: 0.232723ms
 143: 0.237784ms
 144: 0.240093ms
 145: 0.242622ms
 146: 0.242064ms
 147: 0.242417ms
 148: 0.242564ms
 149: 0.242649ms
 150: 0.243413ms
 151: 0.245095ms
 152: 0.243639ms
 153: 0.245241ms
 154: 0.245799ms
 155: 0.245788ms
 156: 0.246160ms
 157: 0.247120ms
 158: 0.246594ms
 159: 0.246987ms
 160: 0.247472ms
 161: 0.247334ms
 162: 0.247742ms
 163: 0.254786ms
 164: 0.255167ms
 165: 0.255759ms
 166: 0.248634ms
 167: 0.249216ms
 168: 0.251326ms
 169: 0.251264ms
 170: 0.291422ms
 171: 0.247774ms
 172: 0.252477ms
 173: 0.253072ms
 174: 0.263253ms
 175: 0.250772ms
 176: 0.299472ms
 177: 0.325669ms
 178: 0.309337ms
 179: 0.300166ms
 180: 0.356972ms
 181: 0.306909ms
 182: 0.307941ms
 183: 0.371389ms
 184: 0.302964ms
 185: 0.330296ms
 186: 0.332299ms
 187: 0.324158ms
 188: 0.333411ms
 189: 0.324528ms
 190: 0.515103ms
 191: 0.325996ms
 192: 0.338856ms
 193: 0.313544ms
 194: 0.303184ms
 195: 0.313486ms
 196: 1.037337ms
 197: 0.373307ms
 198: 0.307260ms
 199: 0.311068ms


Measurements
--------------------------
FFT Size            : 53^3
Threads             : 35
Batch               : 1
Iterations          : 200
Avg Tot Runtime     : 0.242570 ms
Runtime per batch   : 0.242570 ms
SD                  : 0.068951 ms
Q1                  : 0.220150 ms
Median              : 0.228834 ms
Q3                  : 0.242649 ms
