Expm 1: Only FFTW
FFTW Plan: Patient
-- Cannot import wisdom from ../../wisdom/singlenode/composite/expm1//fftw_176_t32_b1.patient
-- Exporting wisdom file to ../../wisdom/singlenode/composite/expm1//fftw_176_t32_b1.patient
Iteration: 0, 1, 2, 3, 4, 5, 6, 7, 8, 9, 10, 11, 12, 13, 14, 15, 16, 17, 18, 19, 20, 21, 22, 23, 24, 25, 26, 27, 28, 29, 30, 31, 32, 33, 34, 35, 36, 37, 38, 39, 40, 41, 42, 43, 44, 45, 46, 47, 48, 49, 
Printing individual runtimes:
 0: 2.688379ms
 1: 2.592019ms
 2: 2.563391ms
 3: 2.586677ms
 4: 2.585232ms
 5: 2.582259ms
 6: 3.382691ms
 7: 2.588196ms
 8: 2.742455ms
 9: 2.737118ms
 10: 2.570801ms
 11: 2.602470ms
 12: 2.584786ms
 13: 2.567458ms
 14: 2.596147ms
 15: 2.573106ms
 16: 2.579343ms
 17: 2.594329ms
 18: 2.565936ms
 19: 2.572597ms
 20: 2.583734ms
 21: 2.579290ms
 22: 2.578973ms
 23: 2.565904ms
 24: 2.564589ms
 25: 2.600217ms
 26: 2.591892ms
 27: 2.583046ms
 28: 2.573865ms
 29: 2.578121ms
 30: 2.588457ms
 31: 2.590238ms
 32: 2.570547ms
 33: 2.571972ms
 34: 2.588273ms
 35: 2.583832ms
 36: 2.585742ms
 37: 2.586457ms
 38: 2.599181ms
 39: 2.571934ms
 40: 2.600097ms
 41: 2.568728ms
 42: 2.581945ms
 43: 2.579712ms
 44: 2.594739ms
 45: 2.581785ms
 46: 2.591195ms
 47: 2.575800ms
 48: 2.591304ms
 49: 2.596916ms


Measurements
--------------------------
FFT Size            : 176^3
Threads             : 32
Batch               : 1
Iterations          : 50
Avg Tot Runtime     : 2.607078 ms
Runtime per batch   : 2.607078 ms
SD                  : 0.116264 ms
Throughput          : 0.110894 GFLOPs
Plan Time           : 52.027712 sec
