Expm 1: Only FFTW
FFTW Plan: Patient
-- Cannot import wisdom from ../../wisdom/singlenode/composite/expm1//fftw_176_t5_b1.patient
-- Exporting wisdom file to ../../wisdom/singlenode/composite/expm1//fftw_176_t5_b1.patient
Iteration: 0, 1, 2, 3, 4, 5, 6, 7, 8, 9, 10, 11, 12, 13, 14, 15, 16, 17, 18, 19, 20, 21, 22, 23, 24, 25, 26, 27, 28, 29, 30, 31, 32, 33, 34, 35, 36, 37, 38, 39, 40, 41, 42, 43, 44, 45, 46, 47, 48, 49, 
Printing individual runtimes:
 0: 13.229552ms
 1: 12.990458ms
 2: 13.012919ms
 3: 13.055490ms
 4: 13.068909ms
 5: 12.894223ms
 6: 12.938918ms
 7: 12.964139ms
 8: 12.879973ms
 9: 13.086633ms
 10: 12.955363ms
 11: 12.925451ms
 12: 13.016919ms
 13: 13.084465ms
 14: 12.843551ms
 15: 13.100056ms
 16: 13.067731ms
 17: 13.053294ms
 18: 13.117934ms
 19: 12.990261ms
 20: 13.043236ms
 21: 13.090537ms
 22: 12.968467ms
 23: 12.839112ms
 24: 12.763059ms
 25: 13.012034ms
 26: 13.004670ms
 27: 13.050938ms
 28: 13.043149ms
 29: 13.036552ms
 30: 12.942075ms
 31: 12.915506ms
 32: 13.082738ms
 33: 12.971354ms
 34: 12.855151ms
 35: 13.433279ms
 36: 13.091569ms
 37: 13.168329ms
 38: 12.814395ms
 39: 13.030161ms
 40: 12.905194ms
 41: 12.861453ms
 42: 13.032671ms
 43: 12.957666ms
 44: 12.944925ms
 45: 12.785942ms
 46: 12.836367ms
 47: 12.807815ms
 48: 12.829719ms
 49: 12.999899ms


Measurements
--------------------------
FFT Size            : 176^3
Threads             : 5
Batch               : 1
Iterations          : 50
Avg Tot Runtime     : 12.987884 ms
Runtime per batch   : 12.987884 ms
SD                  : 0.121082 ms
Throughput          : 0.110894 GFLOPs
Plan Time           : 58.901464 sec
