Expm 1: Only FFTW
FFTW Plan: Patient
-- Cannot import wisdom from ../../wisdom/singlenode/composite/expm1//fftw_176_t22_b1.patient
-- Exporting wisdom file to ../../wisdom/singlenode/composite/expm1//fftw_176_t22_b1.patient
Iteration: 0, 1, 2, 3, 4, 5, 6, 7, 8, 9, 10, 11, 12, 13, 14, 15, 16, 17, 18, 19, 20, 21, 22, 23, 24, 25, 26, 27, 28, 29, 30, 31, 32, 33, 34, 35, 36, 37, 38, 39, 40, 41, 42, 43, 44, 45, 46, 47, 48, 49, 
Printing individual runtimes:
 0: 3.280904ms
 1: 3.237975ms
 2: 3.281986ms
 3: 3.183571ms
 4: 3.204309ms
 5: 3.189133ms
 6: 3.246763ms
 7: 3.170908ms
 8: 3.241680ms
 9: 3.207572ms
 10: 3.188232ms
 11: 3.161538ms
 12: 3.217775ms
 13: 3.137170ms
 14: 3.159622ms
 15: 3.233085ms
 16: 3.161592ms
 17: 3.190341ms
 18: 3.153873ms
 19: 3.148199ms
 20: 3.124638ms
 21: 3.255422ms
 22: 3.161905ms
 23: 3.177747ms
 24: 3.193181ms
 25: 3.128626ms
 26: 3.190607ms
 27: 3.152577ms
 28: 3.160927ms
 29: 3.266406ms
 30: 3.218642ms
 31: 3.153091ms
 32: 3.228732ms
 33: 3.105445ms
 34: 3.099717ms
 35: 3.250871ms
 36: 3.269230ms
 37: 3.180078ms
 38: 3.125542ms
 39: 3.232259ms
 40: 3.132876ms
 41: 3.145226ms
 42: 3.183114ms
 43: 3.242923ms
 44: 3.212999ms
 45: 3.268056ms
 46: 3.167756ms
 47: 3.213683ms
 48: 3.222649ms
 49: 3.264625ms


Measurements
--------------------------
FFT Size            : 176^3
Threads             : 22
Batch               : 1
Iterations          : 50
Avg Tot Runtime     : 3.194516 ms
Runtime per batch   : 3.194516 ms
SD                  : 0.047879 ms
Throughput          : 0.126475 GFLOPs
Plan Time           : 42.087017 sec
