Expm 1: Only FFTW
FFTW Plan: Patient
-- Cannot import wisdom from ../../wisdom/singlenode/composite/expm1//fftw_176_t26_b1.patient
-- Exporting wisdom file to ../../wisdom/singlenode/composite/expm1//fftw_176_t26_b1.patient
Iteration: 0, 1, 2, 3, 4, 5, 6, 7, 8, 9, 10, 11, 12, 13, 14, 15, 16, 17, 18, 19, 20, 21, 22, 23, 24, 25, 26, 27, 28, 29, 30, 31, 32, 33, 34, 35, 36, 37, 38, 39, 40, 41, 42, 43, 44, 45, 46, 47, 48, 49, 
Printing individual runtimes:
 0: 3.068267ms
 1: 3.849857ms
 2: 2.981091ms
 3: 2.968393ms
 4: 2.953852ms
 5: 2.976640ms
 6: 2.971763ms
 7: 2.939839ms
 8: 2.955818ms
 9: 2.942413ms
 10: 2.943444ms
 11: 2.932877ms
 12: 2.949095ms
 13: 2.958195ms
 14: 2.943779ms
 15: 2.928969ms
 16: 2.955611ms
 17: 2.920944ms
 18: 2.950389ms
 19: 2.946142ms
 20: 2.917296ms
 21: 2.931186ms
 22: 2.920018ms
 23: 2.944420ms
 24: 2.941739ms
 25: 2.947612ms
 26: 2.919715ms
 27: 2.944970ms
 28: 2.945252ms
 29: 2.979411ms
 30: 2.954463ms
 31: 2.944878ms
 32: 2.971917ms
 33: 2.957666ms
 34: 2.951689ms
 35: 2.926153ms
 36: 2.940954ms
 37: 2.948917ms
 38: 2.946983ms
 39: 2.937690ms
 40: 2.952751ms
 41: 2.956456ms
 42: 2.941032ms
 43: 2.949599ms
 44: 2.927601ms
 45: 2.960189ms
 46: 2.967724ms
 47: 2.937956ms
 48: 2.958224ms
 49: 2.963640ms


Measurements
--------------------------
FFT Size            : 176^3
Threads             : 26
Batch               : 1
Iterations          : 50
Avg Tot Runtime     : 2.968510 ms
Runtime per batch   : 2.968510 ms
SD                  : 0.127920 ms
Throughput          : 0.110795 GFLOPs
Plan Time           : 47.872096 sec
