Expm 2: Streaming FFTW
FFTW Plan: Patient
-- Cannot import wisdom from ../../wisdom/singlenode/all/625/fftw_625_t37_b1.patient
-- Exporting wisdom file to ../../wisdom/singlenode/all/625/fftw_625_t37_b1.patient
Iteration: 0, 1, 2, 3, 4, 5, 6, 7, 8, 9, 10, 11, 12, 13, 14, 15, 16, 17, 18, 19, 20, 21, 22, 23, 24, 25, 26, 27, 28, 29, 30, 31, 32, 33, 34, 35, 36, 37, 38, 39, 40, 41, 42, 43, 44, 45, 46, 47, 48, 49, 
Printing individual runtimes:
 0: 175.269066ms
 1: 231.576636ms
 2: 176.319148ms
 3: 274.473149ms
 4: 195.347996ms
 5: 183.586370ms
 6: 184.525320ms
 7: 183.859251ms
 8: 184.288522ms
 9: 184.537020ms
 10: 184.334981ms
 11: 183.888717ms
 12: 211.515280ms
 13: 196.028488ms
 14: 253.338185ms
 15: 183.966371ms
 16: 184.860892ms
 17: 278.395255ms
 18: 416.480845ms
 19: 348.776469ms
 20: 175.967550ms
 21: 208.555098ms
 22: 192.743257ms
 23: 197.455624ms
 24: 169.491572ms
 25: 169.745036ms
 26: 170.116403ms
 27: 163.710558ms
 28: 282.708719ms
 29: 350.528039ms
 30: 268.882480ms
 31: 327.247260ms
 32: 171.866516ms
 33: 166.078696ms
 34: 273.372650ms
 35: 262.039785ms
 36: 165.291484ms
 37: 168.069338ms
 38: 167.054207ms
 39: 164.448176ms
 40: 164.836108ms
 41: 290.359899ms
 42: 161.927155ms
 43: 169.497488ms
 44: 169.244600ms
 45: 280.815638ms
 46: 236.643834ms
 47: 169.547111ms
 48: 169.671082ms
 49: 236.549315ms


Measurements
--------------------------
FFT Size            : 625^3
Threads             : 37
Batch               : 1
Iterations          : 50
Avg Tot Runtime     : 213.596653 ms
Runtime per batch   : 213.596653 ms
SD                  : 58.925819 ms
Throughput          : 6.967764 GFLOPs
Plan Time           : 688.998806 sec
