Expm 2: Streaming FFTW
FFTW Plan: Patient
-- Cannot import wisdom from ../../wisdom/singlenode/all/625/fftw_625_t40_b1.patient
-- Exporting wisdom file to ../../wisdom/singlenode/all/625/fftw_625_t40_b1.patient
Iteration: 0, 1, 2, 3, 4, 5, 6, 7, 8, 9, 10, 11, 12, 13, 14, 15, 16, 17, 18, 19, 20, 21, 22, 23, 24, 25, 26, 27, 28, 29, 30, 31, 32, 33, 34, 35, 36, 37, 38, 39, 40, 41, 42, 43, 44, 45, 46, 47, 48, 49, 
Printing individual runtimes:
 0: 429.024776ms
 1: 267.480100ms
 2: 327.579056ms
 3: 238.205527ms
 4: 262.327288ms
 5: 190.268949ms
 6: 265.066471ms
 7: 313.058051ms
 8: 266.497291ms
 9: 371.281747ms
 10: 336.225778ms
 11: 333.965954ms
 12: 185.404867ms
 13: 260.990973ms
 14: 262.307202ms
 15: 240.888449ms
 16: 218.730598ms
 17: 328.466572ms
 18: 185.278822ms
 19: 182.301731ms
 20: 362.918196ms
 21: 312.408873ms
 22: 372.970042ms
 23: 266.564776ms
 24: 293.963840ms
 25: 266.141488ms
 26: 163.383959ms
 27: 193.941059ms
 28: 191.992096ms
 29: 262.661451ms
 30: 368.632955ms
 31: 254.902142ms
 32: 261.719268ms
 33: 262.286806ms
 34: 258.462712ms
 35: 263.027913ms
 36: 264.842106ms
 37: 333.741497ms
 38: 340.660694ms
 39: 373.861019ms
 40: 312.362086ms
 41: 266.512615ms
 42: 239.341044ms
 43: 262.244502ms
 44: 269.802107ms
 45: 266.081147ms
 46: 317.563046ms
 47: 307.999995ms
 48: 266.945631ms
 49: 309.663490ms


Measurements
--------------------------
FFT Size            : 625^3
Threads             : 40
Batch               : 1
Iterations          : 50
Avg Tot Runtime     : 279.058975 ms
Runtime per batch   : 279.058975 ms
SD                  : 57.409730 ms
Throughput          : 7.643904 GFLOPs
Plan Time           : 658.198406 sec
