Expm 2: Streaming FFTW
FFTW Plan: Patient
-- Cannot import wisdom from ../../wisdom/singlenode/all/102/fftw_102_t40_b1.patient
-- Exporting wisdom file to ../../wisdom/singlenode/all/102/fftw_102_t40_b1.patient
Iteration: 0, 1, 2, 3, 4, 5, 6, 7, 8, 9, 10, 11, 12, 13, 14, 15, 16, 17, 18, 19, 20, 21, 22, 23, 24, 25, 26, 27, 28, 29, 30, 31, 32, 33, 34, 35, 36, 37, 38, 39, 40, 41, 42, 43, 44, 45, 46, 47, 48, 49, 
Printing individual runtimes:
 0: 2.564981ms
 1: 2.270156ms
 2: 2.334647ms
 3: 1.297190ms
 4: 2.110603ms
 5: 2.472524ms
 6: 1.245458ms
 7: 1.252144ms
 8: 1.246613ms
 9: 1.261459ms
 10: 1.266396ms
 11: 1.293612ms
 12: 1.256739ms
 13: 1.256541ms
 14: 1.273409ms
 15: 1.270499ms
 16: 1.266873ms
 17: 1.234391ms
 18: 1.248908ms
 19: 1.257898ms
 20: 1.255853ms
 21: 1.275936ms
 22: 1.249435ms
 23: 1.255393ms
 24: 1.241140ms
 25: 1.281736ms
 26: 1.270844ms
 27: 1.244683ms
 28: 1.279891ms
 29: 1.257323ms
 30: 1.250311ms
 31: 1.246324ms
 32: 1.266816ms
 33: 1.255843ms
 34: 1.227071ms
 35: 1.264312ms
 36: 1.277177ms
 37: 1.272492ms
 38: 1.803319ms
 39: 1.250449ms
 40: 7.414448ms
 41: 3.331033ms
 42: 5.058778ms
 43: 2.372258ms
 44: 2.074987ms
 45: 2.352206ms
 46: 1.260657ms
 47: 2.586500ms
 48: 2.310240ms
 49: 2.086821ms


Measurements
--------------------------
FFT Size            : 102^3
Threads             : 40
Batch               : 1
Iterations          : 50
Avg Tot Runtime     : 1.745106 ms
Runtime per batch   : 1.745106 ms
SD                  : 1.075607 ms
Throughput          : 0.071663 GFLOPs
Plan Time           : 11.319204 sec
