Expm 2: Streaming FFTW
FFTW Plan: Patient
-- Cannot import wisdom from ../../wisdom/singlenode/all/168/fftw_168_t39_b1.patient
-- Exporting wisdom file to ../../wisdom/singlenode/all/168/fftw_168_t39_b1.patient
Iteration: 0, 1, 2, 3, 4, 5, 6, 7, 8, 9, 10, 11, 12, 13, 14, 15, 16, 17, 18, 19, 20, 21, 22, 23, 24, 25, 26, 27, 28, 29, 30, 31, 32, 33, 34, 35, 36, 37, 38, 39, 40, 41, 42, 43, 44, 45, 46, 47, 48, 49, 
Printing individual runtimes:
 0: 3.020938ms
 1: 1.716246ms
 2: 1.745970ms
 3: 3.042970ms
 4: 1.741223ms
 5: 1.774606ms
 6: 2.559112ms
 7: 1.756279ms
 8: 1.745216ms
 9: 1.786016ms
 10: 1.744058ms
 11: 1.790634ms
 12: 1.760634ms
 13: 1.755046ms
 14: 3.078909ms
 15: 1.763231ms
 16: 1.729348ms
 17: 1.771097ms
 18: 1.776665ms
 19: 1.762653ms
 20: 1.796300ms
 21: 3.094081ms
 22: 3.084172ms
 23: 1.763858ms
 24: 1.773636ms
 25: 1.782744ms
 26: 1.756313ms
 27: 1.750733ms
 28: 1.787235ms
 29: 1.761848ms
 30: 1.794913ms
 31: 1.718452ms
 32: 3.077361ms
 33: 1.741172ms
 34: 3.222989ms
 35: 2.883920ms
 36: 2.956500ms
 37: 1.675738ms
 38: 1.683428ms
 39: 1.700517ms
 40: 1.665090ms
 41: 1.675343ms
 42: 1.702057ms
 43: 2.975052ms
 44: 3.055982ms
 45: 1.746365ms
 46: 1.689815ms
 47: 3.020522ms
 48: 1.736968ms
 49: 1.681154ms


Measurements
--------------------------
FFT Size            : 168^3
Threads             : 39
Batch               : 1
Iterations          : 50
Avg Tot Runtime     : 2.071502 ms
Runtime per batch   : 2.071502 ms
SD                  : 0.559844 ms
Throughput          : 0.058565 GFLOPs
Plan Time           : 125.529779 sec
