Expm 2: Streaming FFTW
FFTW Plan: Patient
-- Cannot import wisdom from ../../wisdom/singlenode/all/405/fftw_405_t36_b1.patient
-- Exporting wisdom file to ../../wisdom/singlenode/all/405/fftw_405_t36_b1.patient
Iteration: 0, 1, 2, 3, 4, 5, 6, 7, 8, 9, 10, 11, 12, 13, 14, 15, 16, 17, 18, 19, 20, 21, 22, 23, 24, 25, 26, 27, 28, 29, 30, 31, 32, 33, 34, 35, 36, 37, 38, 39, 40, 41, 42, 43, 44, 45, 46, 47, 48, 49, 
Printing individual runtimes:
 0: 42.813993ms
 1: 42.671096ms
 2: 43.239028ms
 3: 42.146152ms
 4: 42.638862ms
 5: 42.688743ms
 6: 42.738478ms
 7: 42.776138ms
 8: 66.860122ms
 9: 41.677317ms
 10: 42.044758ms
 11: 41.982940ms
 12: 42.707983ms
 13: 42.793907ms
 14: 42.641946ms
 15: 42.806382ms
 16: 42.774099ms
 17: 42.710052ms
 18: 42.614150ms
 19: 42.663604ms
 20: 42.470279ms
 21: 42.606347ms
 22: 42.554305ms
 23: 42.738026ms
 24: 42.423362ms
 25: 42.478679ms
 26: 42.744738ms
 27: 42.620259ms
 28: 42.641795ms
 29: 42.708079ms
 30: 66.472619ms
 31: 47.388034ms
 32: 42.283284ms
 33: 42.627073ms
 34: 42.957190ms
 35: 42.718442ms
 36: 42.576946ms
 37: 42.613564ms
 38: 42.663642ms
 39: 66.312459ms
 40: 58.121208ms
 41: 41.760139ms
 42: 42.383722ms
 43: 42.903340ms
 44: 43.003318ms
 45: 42.868674ms
 46: 42.974453ms
 47: 43.051889ms
 48: 42.908767ms
 49: 42.991536ms


Measurements
--------------------------
FFT Size            : 405^3
Threads             : 36
Batch               : 1
Iterations          : 50
Avg Tot Runtime     : 44.471118 ms
Runtime per batch   : 44.471118 ms
SD                  : 6.023220 ms
Throughput          : 1.821815 GFLOPs
Plan Time           : 240.813713 sec
