Expm 2: Streaming FFT

Printing individual runtimes:
 0: 0.399620ms
 1: 0.184694ms
 2: 0.184817ms
 3: 0.396129ms
 4: 0.182642ms
 5: 1.277491ms
 6: 0.171141ms
 7: 0.162440ms
 8: 0.191569ms
 9: 0.280417ms
 10: 0.169489ms
 11: 0.285032ms
 12: 0.180725ms
 13: 0.316945ms
 14: 0.158588ms
 15: 0.164020ms
 16: 0.290631ms
 17: 0.182347ms
 18: 0.281239ms
 19: 0.192752ms
 20: 0.191941ms
 21: 0.326763ms
 22: 0.166458ms
 23: 0.166491ms
 24: 0.277096ms
 25: 0.178915ms
 26: 0.184603ms
 27: 0.179770ms
 28: 0.327525ms
 29: 0.178826ms
 30: 0.185529ms
 31: 0.179246ms
 32: 0.307677ms
 33: 0.179127ms
 34: 0.181688ms
 35: 0.353166ms
 36: 0.180442ms
 37: 0.185716ms
 38: 0.179719ms
 39: 0.184312ms
 40: 0.260708ms
 41: 0.183782ms
 42: 0.195727ms
 43: 0.189383ms
 44: 0.185588ms
 45: 0.187260ms
 46: 0.182335ms
 47: 0.189427ms
 48: 0.186720ms
 49: 0.182000ms
 50: 0.299730ms
 51: 0.181391ms
 52: 0.187986ms
 53: 0.188729ms
 54: 0.185999ms
 55: 0.181724ms
 56: 0.190894ms
 57: 0.185259ms
 58: 0.181819ms
 59: 0.185548ms
 60: 0.183847ms
 61: 0.186289ms
 62: 0.187808ms
 63: 0.189538ms
 64: 0.182112ms
 65: 0.178405ms
 66: 0.185044ms
 67: 0.181953ms
 68: 0.184114ms
 69: 0.185860ms
 70: 0.275373ms
 71: 0.182764ms
 72: 0.192716ms
 73: 0.188005ms
 74: 0.181321ms
 75: 0.185652ms
 76: 0.337079ms
 77: 0.180722ms
 78: 0.180730ms
 79: 0.177410ms
 80: 0.275592ms
 81: 0.188439ms
 82: 0.183502ms
 83: 0.180115ms
 84: 0.182963ms
 85: 0.195341ms
 86: 0.186525ms
 87: 0.184691ms
 88: 0.180793ms
 89: 0.179362ms
 90: 0.178149ms
 91: 0.182155ms
 92: 0.181913ms
 93: 0.178099ms
 94: 0.167404ms
 95: 0.177045ms
 96: 0.188980ms
 97: 0.180991ms
 98: 0.180746ms
 99: 0.217903ms
 100: 0.183134ms
 101: 0.177852ms
 102: 0.186470ms
 103: 0.183841ms
 104: 0.178828ms
 105: 0.186370ms
 106: 0.181570ms
 107: 0.188191ms
 108: 0.184720ms
 109: 0.180199ms
 110: 0.183003ms
 111: 0.183167ms
 112: 0.187919ms
 113: 0.184025ms
 114: 0.178006ms
 115: 0.182815ms
 116: 0.193156ms
 117: 0.181117ms
 118: 0.714850ms
 119: 0.164974ms
 120: 0.175964ms
 121: 0.171527ms
 122: 0.170732ms
 123: 0.164816ms
 124: 0.168752ms
 125: 0.170089ms
 126: 0.171764ms
 127: 0.168523ms
 128: 0.177505ms
 129: 0.163438ms
 130: 0.171965ms
 131: 0.284956ms
 132: 0.171896ms
 133: 0.167779ms
 134: 0.164475ms
 135: 0.167446ms
 136: 0.176405ms
 137: 0.177597ms
 138: 0.175507ms
 139: 0.173457ms
 140: 0.164620ms
 141: 0.177397ms
 142: 0.170745ms
 143: 0.170748ms
 144: 0.171010ms
 145: 0.169824ms
 146: 0.168122ms
 147: 0.167259ms
 148: 0.175627ms
 149: 0.168590ms
 150: 0.173468ms
 151: 0.174410ms
 152: 0.172586ms
 153: 0.171657ms
 154: 0.169934ms
 155: 0.167001ms
 156: 0.175221ms
 157: 0.169727ms
 158: 0.178742ms
 159: 0.167914ms
 160: 0.167473ms
 161: 0.177488ms
 162: 0.185327ms
 163: 0.172527ms
 164: 0.167767ms
 165: 0.162871ms
 166: 0.167051ms
 167: 0.167884ms
 168: 0.162719ms
 169: 0.173551ms
 170: 0.169377ms
 171: 0.168280ms
 172: 0.171322ms
 173: 0.170795ms
 174: 0.181743ms
 175: 0.249832ms
 176: 0.187396ms
 177: 0.178393ms
 178: 0.180788ms
 179: 0.172937ms
 180: 0.177709ms
 181: 0.164616ms
 182: 0.172601ms
 183: 0.168393ms
 184: 0.179233ms
 185: 0.170320ms
 186: 0.169854ms
 187: 0.166859ms
 188: 0.181242ms
 189: 0.171312ms
 190: 0.173442ms
 191: 0.168173ms
 192: 0.167949ms
 193: 0.169021ms
 194: 0.167403ms
 195: 0.185811ms
 196: 0.174797ms
 197: 0.169422ms
 198: 0.174912ms
 199: 0.175774ms


-- Real : Q1: 50 Q2: 100 Q3: 150
-- Array: Q1: 49 Q2: 99 Q3: 149
Printing sorted runtimes:
 0: 0.168523ms
 1: 0.167001ms
 2: 0.167914ms
 3: 0.167473ms
 4: 0.167259ms
 5: 0.168122ms
 6: 0.167767ms
 7: 0.162440ms
 8: 0.167403ms
 9: 0.162871ms
 10: 0.167051ms
 11: 0.167949ms
 12: 0.167884ms
 13: 0.168173ms
 14: 0.158588ms
 15: 0.164020ms
 16: 0.162719ms
 17: 0.168280ms
 18: 0.167404ms
 19: 0.164816ms
 20: 0.166859ms
 21: 0.164620ms
 22: 0.166458ms
 23: 0.166491ms
 24: 0.167446ms
 25: 0.164475ms
 26: 0.167779ms
 27: 0.164974ms
 28: 0.168393ms
 29: 0.163438ms
 30: 0.164616ms
 31: 0.169824ms
 32: 0.169021ms
 33: 0.169489ms
 34: 0.169422ms
 35: 0.169727ms
 36: 0.169377ms
 37: 0.168752ms
 38: 0.168590ms
 39: 0.170745ms
 40: 0.169854ms
 41: 0.170089ms
 42: 0.170732ms
 43: 0.169934ms
 44: 0.170320ms
 45: 0.171141ms
 46: 0.170748ms
 47: 0.170795ms
 48: 0.171010ms
 49: 0.171312ms
 50: 0.171322ms
 51: 0.177852ms
 52: 0.171657ms
 53: 0.171764ms
 54: 0.171896ms
 55: 0.171965ms
 56: 0.172527ms
 57: 0.172586ms
 58: 0.174797ms
 59: 0.173442ms
 60: 0.174912ms
 61: 0.175627ms
 62: 0.173551ms
 63: 0.175221ms
 64: 0.173457ms
 65: 0.173468ms
 66: 0.175774ms
 67: 0.174410ms
 68: 0.175507ms
 69: 0.172937ms
 70: 0.172601ms
 71: 0.171527ms
 72: 0.177597ms
 73: 0.177397ms
 74: 0.177045ms
 75: 0.175964ms
 76: 0.176405ms
 77: 0.177709ms
 78: 0.177488ms
 79: 0.177410ms
 80: 0.177505ms
 81: 0.180442ms
 82: 0.178826ms
 83: 0.180115ms
 84: 0.178006ms
 85: 0.179246ms
 86: 0.179127ms
 87: 0.180199ms
 88: 0.178393ms
 89: 0.179362ms
 90: 0.178149ms
 91: 0.179770ms
 92: 0.178742ms
 93: 0.178099ms
 94: 0.178828ms
 95: 0.179233ms
 96: 0.178405ms
 97: 0.178915ms
 98: 0.179719ms
 99: 0.180722ms
 100: 0.180725ms
 101: 0.184694ms
 102: 0.180746ms
 103: 0.180991ms
 104: 0.181743ms
 105: 0.181913ms
 106: 0.181570ms
 107: 0.182155ms
 108: 0.180793ms
 109: 0.182335ms
 110: 0.183003ms
 111: 0.181688ms
 112: 0.182000ms
 113: 0.181391ms
 114: 0.182963ms
 115: 0.182815ms
 116: 0.181724ms
 117: 0.181117ms
 118: 0.181819ms
 119: 0.180730ms
 120: 0.182112ms
 121: 0.181321ms
 122: 0.181953ms
 123: 0.181242ms
 124: 0.182347ms
 125: 0.182764ms
 126: 0.182642ms
 127: 0.183134ms
 128: 0.180788ms
 129: 0.184603ms
 130: 0.184025ms
 131: 0.184312ms
 132: 0.183782ms
 133: 0.183167ms
 134: 0.183847ms
 135: 0.184114ms
 136: 0.183502ms
 137: 0.183841ms
 138: 0.184691ms
 139: 0.184817ms
 140: 0.184720ms
 141: 0.185716ms
 142: 0.185529ms
 143: 0.185588ms
 144: 0.185327ms
 145: 0.185259ms
 146: 0.185548ms
 147: 0.185044ms
 148: 0.185652ms
 149: 0.185811ms
 150: 0.185860ms
 151: 0.185999ms
 152: 0.186289ms
 153: 0.186370ms
 154: 0.186470ms
 155: 0.186525ms
 156: 0.187260ms
 157: 0.187808ms
 158: 0.187919ms
 159: 0.186720ms
 160: 0.187986ms
 161: 0.187396ms
 162: 0.188005ms
 163: 0.190894ms
 164: 0.195341ms
 165: 0.188729ms
 166: 0.188439ms
 167: 0.191941ms
 168: 0.217903ms
 169: 0.189427ms
 170: 0.189538ms
 171: 0.188191ms
 172: 0.189383ms
 173: 0.195727ms
 174: 0.192752ms
 175: 0.193156ms
 176: 0.192716ms
 177: 0.191569ms
 178: 0.188980ms
 179: 0.284956ms
 180: 0.353166ms
 181: 0.307677ms
 182: 0.260708ms
 183: 0.327525ms
 184: 0.249832ms
 185: 0.277096ms
 186: 0.326763ms
 187: 0.299730ms
 188: 0.275373ms
 189: 0.281239ms
 190: 0.290631ms
 191: 0.316945ms
 192: 0.285032ms
 193: 0.280417ms
 194: 0.337079ms
 195: 0.275592ms
 196: 1.277491ms
 197: 0.396129ms
 198: 0.399620ms
 199: 0.714850ms


Measurements
--------------------------
FFT Size            : 75^3
Threads             : 39
Batch               : 1
Iterations          : 200
Avg Tot Runtime     : 0.198425 ms
Runtime per batch   : 0.198425 ms
SD                  : 0.094137 ms
Q1                  : 0.171312 ms
Median              : 0.180724 ms
Q3                  : 0.185811 ms
