Expm 2: Streaming FFT

Printing individual runtimes:
 0: 0.365939ms
 1: 0.222080ms
 2: 0.192145ms
 3: 0.314912ms
 4: 0.192453ms
 5: 0.191701ms
 6: 0.191486ms
 7: 0.187941ms
 8: 0.195006ms
 9: 0.193773ms
 10: 0.346416ms
 11: 0.195449ms
 12: 0.218596ms
 13: 0.200965ms
 14: 0.302871ms
 15: 0.188910ms
 16: 0.185462ms
 17: 0.195456ms
 18: 0.188144ms
 19: 0.376783ms
 20: 0.189753ms
 21: 0.183473ms
 22: 0.201310ms
 23: 0.197895ms
 24: 0.195681ms
 25: 0.205486ms
 26: 0.347651ms
 27: 0.189511ms
 28: 0.201376ms
 29: 0.197531ms
 30: 0.197626ms
 31: 0.186271ms
 32: 0.204209ms
 33: 0.312574ms
 34: 0.188985ms
 35: 0.198664ms
 36: 0.191479ms
 37: 0.187784ms
 38: 0.191682ms
 39: 0.189756ms
 40: 0.219201ms
 41: 0.331703ms
 42: 0.230468ms
 43: 0.186555ms
 44: 0.200508ms
 45: 0.191374ms
 46: 0.198950ms
 47: 0.187734ms
 48: 0.189433ms
 49: 0.188057ms
 50: 0.344160ms
 51: 0.200240ms
 52: 0.198646ms
 53: 0.196256ms
 54: 0.218305ms
 55: 0.196868ms
 56: 0.197790ms
 57: 0.189377ms
 58: 0.195510ms
 59: 0.189495ms
 60: 0.204148ms
 61: 0.190490ms
 62: 0.186788ms
 63: 0.187414ms
 64: 0.220369ms
 65: 0.332063ms
 66: 0.213361ms
 67: 0.188131ms
 68: 0.199755ms
 69: 0.195370ms
 70: 0.196546ms
 71: 0.192461ms
 72: 0.181596ms
 73: 0.195361ms
 74: 0.195466ms
 75: 0.199575ms
 76: 0.190647ms
 77: 0.187355ms
 78: 0.190071ms
 79: 0.308972ms
 80: 0.194948ms
 81: 0.188739ms
 82: 0.204458ms
 83: 0.190582ms
 84: 0.186706ms
 85: 0.216336ms
 86: 0.188600ms
 87: 0.189314ms
 88: 0.187734ms
 89: 0.189497ms
 90: 0.187014ms
 91: 0.187379ms
 92: 0.226713ms
 93: 0.194415ms
 94: 0.213375ms
 95: 0.179409ms
 96: 0.318147ms
 97: 0.189548ms
 98: 0.199315ms
 99: 0.202557ms
 100: 0.188498ms
 101: 0.228020ms
 102: 0.194630ms
 103: 0.190083ms
 104: 0.187576ms
 105: 0.234605ms
 106: 0.194923ms
 107: 0.188770ms
 108: 0.186373ms
 109: 0.180899ms
 110: 0.193958ms
 111: 0.193385ms
 112: 0.347071ms
 113: 0.190660ms
 114: 0.188248ms
 115: 0.189959ms
 116: 0.182996ms
 117: 0.188836ms
 118: 0.192204ms
 119: 0.193284ms
 120: 0.204243ms
 121: 0.192140ms
 122: 0.196605ms
 123: 0.185341ms
 124: 0.205318ms
 125: 0.195895ms
 126: 0.190358ms
 127: 0.192318ms
 128: 0.186798ms
 129: 0.189576ms
 130: 0.220265ms
 131: 0.195339ms
 132: 0.192108ms
 133: 0.186866ms
 134: 0.203507ms
 135: 0.348973ms
 136: 0.196113ms
 137: 0.197247ms
 138: 0.193449ms
 139: 0.193700ms
 140: 0.188515ms
 141: 0.189248ms
 142: 0.186746ms
 143: 0.196105ms
 144: 0.234830ms
 145: 0.198312ms
 146: 0.194593ms
 147: 0.198301ms
 148: 0.194514ms
 149: 0.187962ms
 150: 0.196660ms
 151: 0.190032ms
 152: 0.222542ms
 153: 0.199206ms
 154: 0.196093ms
 155: 0.200550ms
 156: 0.217857ms
 157: 0.191482ms
 158: 0.334632ms
 159: 0.190068ms
 160: 0.190053ms
 161: 0.189826ms
 162: 0.195963ms
 163: 0.196148ms
 164: 0.180785ms
 165: 0.197837ms
 166: 0.187994ms
 167: 0.188186ms
 168: 0.188831ms
 169: 0.188926ms
 170: 0.180086ms
 171: 0.194676ms
 172: 0.193969ms
 173: 0.178892ms
 174: 0.187672ms
 175: 0.194355ms
 176: 0.189207ms
 177: 0.197387ms
 178: 0.188739ms
 179: 0.195382ms
 180: 0.180515ms
 181: 0.215285ms
 182: 0.335338ms
 183: 0.193733ms
 184: 0.188017ms
 185: 0.191664ms
 186: 0.191763ms
 187: 0.188145ms
 188: 0.192643ms
 189: 0.194943ms
 190: 0.194641ms
 191: 0.186916ms
 192: 0.192396ms
 193: 0.194488ms
 194: 0.195246ms
 195: 0.190477ms
 196: 0.192926ms
 197: 0.188666ms
 198: 0.223382ms
 199: 0.185842ms


-- Real : Q1: 50 Q2: 100 Q3: 150
-- Array: Q1: 49 Q2: 99 Q3: 149
Printing sorted runtimes:
 0: 0.188498ms
 1: 0.185842ms
 2: 0.186916ms
 3: 0.188145ms
 4: 0.188017ms
 5: 0.180515ms
 6: 0.187672ms
 7: 0.187941ms
 8: 0.178892ms
 9: 0.180086ms
 10: 0.188186ms
 11: 0.187994ms
 12: 0.180785ms
 13: 0.187962ms
 14: 0.186746ms
 15: 0.186866ms
 16: 0.185462ms
 17: 0.186798ms
 18: 0.188144ms
 19: 0.185341ms
 20: 0.182996ms
 21: 0.183473ms
 22: 0.188248ms
 23: 0.180899ms
 24: 0.186373ms
 25: 0.187576ms
 26: 0.179409ms
 27: 0.187379ms
 28: 0.187014ms
 29: 0.187734ms
 30: 0.186706ms
 31: 0.186271ms
 32: 0.187355ms
 33: 0.181596ms
 34: 0.188131ms
 35: 0.187414ms
 36: 0.186788ms
 37: 0.187784ms
 38: 0.188057ms
 39: 0.187734ms
 40: 0.186555ms
 41: 0.188910ms
 42: 0.188666ms
 43: 0.188739ms
 44: 0.188831ms
 45: 0.188739ms
 46: 0.188515ms
 47: 0.188600ms
 48: 0.188836ms
 49: 0.188770ms
 50: 0.188926ms
 51: 0.189207ms
 52: 0.188985ms
 53: 0.191486ms
 54: 0.190358ms
 55: 0.189433ms
 56: 0.189753ms
 57: 0.189377ms
 58: 0.189959ms
 59: 0.189495ms
 60: 0.189576ms
 61: 0.190490ms
 62: 0.191479ms
 63: 0.190660ms
 64: 0.190083ms
 65: 0.190477ms
 66: 0.189826ms
 67: 0.190053ms
 68: 0.190068ms
 69: 0.189756ms
 70: 0.191374ms
 71: 0.189548ms
 72: 0.189511ms
 73: 0.189497ms
 74: 0.189248ms
 75: 0.191482ms
 76: 0.190647ms
 77: 0.189314ms
 78: 0.190071ms
 79: 0.190582ms
 80: 0.190032ms
 81: 0.192643ms
 82: 0.192140ms
 83: 0.192204ms
 84: 0.192318ms
 85: 0.191701ms
 86: 0.191664ms
 87: 0.192453ms
 88: 0.191682ms
 89: 0.191763ms
 90: 0.192108ms
 91: 0.192461ms
 92: 0.192396ms
 93: 0.192145ms
 94: 0.193700ms
 95: 0.193449ms
 96: 0.193284ms
 97: 0.193385ms
 98: 0.192926ms
 99: 0.193733ms
 100: 0.193773ms
 101: 0.196660ms
 102: 0.193969ms
 103: 0.194355ms
 104: 0.194415ms
 105: 0.195361ms
 106: 0.194923ms
 107: 0.194948ms
 108: 0.195382ms
 109: 0.195339ms
 110: 0.194630ms
 111: 0.195449ms
 112: 0.194943ms
 113: 0.195370ms
 114: 0.194676ms
 115: 0.194593ms
 116: 0.195246ms
 117: 0.195006ms
 118: 0.194488ms
 119: 0.194641ms
 120: 0.194514ms
 121: 0.195456ms
 122: 0.195510ms
 123: 0.195681ms
 124: 0.195466ms
 125: 0.195895ms
 126: 0.196256ms
 127: 0.196605ms
 128: 0.196148ms
 129: 0.195963ms
 130: 0.196546ms
 131: 0.196093ms
 132: 0.193958ms
 133: 0.196105ms
 134: 0.196113ms
 135: 0.199315ms
 136: 0.198646ms
 137: 0.197247ms
 138: 0.196868ms
 139: 0.197895ms
 140: 0.198950ms
 141: 0.197531ms
 142: 0.197790ms
 143: 0.199206ms
 144: 0.198664ms
 145: 0.198312ms
 146: 0.197626ms
 147: 0.198301ms
 148: 0.197837ms
 149: 0.197387ms
 150: 0.199575ms
 151: 0.199755ms
 152: 0.200240ms
 153: 0.202557ms
 154: 0.201376ms
 155: 0.200550ms
 156: 0.201310ms
 157: 0.200508ms
 158: 0.203507ms
 159: 0.200965ms
 160: 0.220265ms
 161: 0.213361ms
 162: 0.217857ms
 163: 0.204243ms
 164: 0.218596ms
 165: 0.204209ms
 166: 0.220369ms
 167: 0.205486ms
 168: 0.204458ms
 169: 0.219201ms
 170: 0.216336ms
 171: 0.204148ms
 172: 0.215285ms
 173: 0.213375ms
 174: 0.218305ms
 175: 0.205318ms
 176: 0.222080ms
 177: 0.346416ms
 178: 0.334632ms
 179: 0.222542ms
 180: 0.234830ms
 181: 0.302871ms
 182: 0.335338ms
 183: 0.348973ms
 184: 0.376783ms
 185: 0.347071ms
 186: 0.234605ms
 187: 0.314912ms
 188: 0.228020ms
 189: 0.365939ms
 190: 0.318147ms
 191: 0.347651ms
 192: 0.226713ms
 193: 0.308972ms
 194: 0.312574ms
 195: 0.332063ms
 196: 0.344160ms
 197: 0.230468ms
 198: 0.223382ms
 199: 0.331703ms


Measurements
--------------------------
FFT Size            : 75^3
Threads             : 21
Batch               : 1
Iterations          : 200
Avg Tot Runtime     : 0.206389 ms
Runtime per batch   : 0.206389 ms
SD                  : 0.039763 ms
Q1                  : 0.188770 ms
Median              : 0.193753 ms
Q3                  : 0.197387 ms
