Expm 2: Streaming FFTW
FFTW Plan: Patient
-- Cannot import wisdom from ../../wisdom/singlenode/all/184/fftw_184_t38_b1.patient
-- Exporting wisdom file to ../../wisdom/singlenode/all/184/fftw_184_t38_b1.patient
Iteration: 0, 1, 2, 3, 4, 5, 6, 7, 8, 9, 10, 11, 12, 13, 14, 15, 16, 17, 18, 19, 20, 21, 22, 23, 24, 25, 26, 27, 28, 29, 30, 31, 32, 33, 34, 35, 36, 37, 38, 39, 40, 41, 42, 43, 44, 45, 46, 47, 48, 49, 
Printing individual runtimes:
 0: 7.803959ms
 1: 7.792912ms
 2: 8.123457ms
 3: 7.856755ms
 4: 7.829886ms
 5: 7.851081ms
 6: 9.370551ms
 7: 12.762692ms
 8: 7.823508ms
 9: 7.760835ms
 10: 7.769450ms
 11: 7.892004ms
 12: 7.757680ms
 13: 7.794858ms
 14: 7.821338ms
 15: 7.860040ms
 16: 7.845873ms
 17: 7.747785ms
 18: 7.778881ms
 19: 7.889959ms
 20: 7.861562ms
 21: 7.805049ms
 22: 7.798995ms
 23: 7.792431ms
 24: 7.817673ms
 25: 7.856117ms
 26: 7.761113ms
 27: 8.384912ms
 28: 8.110140ms
 29: 7.784702ms
 30: 7.704228ms
 31: 7.727698ms
 32: 7.835103ms
 33: 7.977118ms
 34: 8.178324ms
 35: 7.706188ms
 36: 7.828279ms
 37: 7.814908ms
 38: 7.826545ms
 39: 7.892404ms
 40: 7.865453ms
 41: 7.737654ms
 42: 7.938216ms
 43: 7.711463ms
 44: 7.923281ms
 45: 7.839630ms
 46: 7.930685ms
 47: 7.854411ms
 48: 7.764815ms
 49: 7.904653ms


Measurements
--------------------------
FFT Size            : 184^3
Threads             : 38
Batch               : 1
Iterations          : 50
Avg Tot Runtime     : 7.981345 ms
Runtime per batch   : 7.981345 ms
SD                  : 0.725720 ms
Throughput          : 0.539539 GFLOPs
Plan Time           : 43.419884 sec
