Expm 2: Streaming FFTW
FFTW Plan: Patient
-- Cannot import wisdom from ../../wisdom/singlenode/all/96/fftw_96_t37_b1.patient
-- Exporting wisdom file to ../../wisdom/singlenode/all/96/fftw_96_t37_b1.patient
Iteration: 0, 1, 2, 3, 4, 5, 6, 7, 8, 9, 10, 11, 12, 13, 14, 15, 16, 17, 18, 19, 20, 21, 22, 23, 24, 25, 26, 27, 28, 29, 30, 31, 32, 33, 34, 35, 36, 37, 38, 39, 40, 41, 42, 43, 44, 45, 46, 47, 48, 49, 
Printing individual runtimes:
 0: 0.504584ms
 1: 0.516857ms
 2: 0.494978ms
 3: 0.483412ms
 4: 0.486845ms
 5: 0.482847ms
 6: 0.472408ms
 7: 0.480981ms
 8: 0.475906ms
 9: 1.346337ms
 10: 0.466257ms
 11: 0.496881ms
 12: 0.462722ms
 13: 0.467294ms
 14: 0.464217ms
 15: 0.490340ms
 16: 0.464947ms
 17: 0.483661ms
 18: 0.475210ms
 19: 0.982083ms
 20: 0.493948ms
 21: 0.505145ms
 22: 0.503537ms
 23: 0.497050ms
 24: 0.491922ms
 25: 0.490549ms
 26: 0.493961ms
 27: 0.499450ms
 28: 0.496942ms
 29: 0.482496ms
 30: 0.478082ms
 31: 0.487261ms
 32: 0.490826ms
 33: 0.492347ms
 34: 0.478724ms
 35: 0.487148ms
 36: 0.477157ms
 37: 0.474841ms
 38: 0.473404ms
 39: 0.485745ms
 40: 0.474847ms
 41: 0.479060ms
 42: 0.476970ms
 43: 0.475834ms
 44: 0.478816ms
 45: 0.485631ms
 46: 1.634638ms
 47: 0.477668ms
 48: 0.466828ms
 49: 0.475387ms


Measurements
--------------------------
FFT Size            : 96^3
Threads             : 37
Batch               : 1
Iterations          : 50
Avg Tot Runtime     : 0.534100 ms
Runtime per batch   : 0.534100 ms
SD                  : 0.209615 ms
Throughput          : 0.007876 GFLOPs
Plan Time           : 60.017378 sec
