Expm 2: Streaming FFTW
FFTW Plan: Patient
-- Cannot import wisdom from ../../wisdom/singlenode/all/96/fftw_96_t38_b1.patient
-- Exporting wisdom file to ../../wisdom/singlenode/all/96/fftw_96_t38_b1.patient
Iteration: 0, 1, 2, 3, 4, 5, 6, 7, 8, 9, 10, 11, 12, 13, 14, 15, 16, 17, 18, 19, 20, 21, 22, 23, 24, 25, 26, 27, 28, 29, 30, 31, 32, 33, 34, 35, 36, 37, 38, 39, 40, 41, 42, 43, 44, 45, 46, 47, 48, 49, 
Printing individual runtimes:
 0: 0.747127ms
 1: 0.565979ms
 2: 0.536030ms
 3: 0.536818ms
 4: 0.536849ms
 5: 0.766694ms
 6: 0.551341ms
 7: 0.533144ms
 8: 0.549656ms
 9: 0.548777ms
 10: 0.527362ms
 11: 0.807663ms
 12: 0.517021ms
 13: 0.520648ms
 14: 0.517594ms
 15: 0.534721ms
 16: 0.509490ms
 17: 0.520591ms
 18: 0.527478ms
 19: 0.523482ms
 20: 0.519553ms
 21: 0.763472ms
 22: 0.797426ms
 23: 0.508026ms
 24: 0.528190ms
 25: 0.501512ms
 26: 0.511098ms
 27: 0.503970ms
 28: 0.501426ms
 29: 0.506280ms
 30: 0.521081ms
 31: 0.509238ms
 32: 0.498391ms
 33: 0.504911ms
 34: 0.528570ms
 35: 0.495090ms
 36: 0.509744ms
 37: 0.509112ms
 38: 0.502464ms
 39: 0.500518ms
 40: 0.511428ms
 41: 0.525306ms
 42: 0.511671ms
 43: 1.217513ms
 44: 2.751025ms
 45: 1.114809ms
 46: 1.525751ms
 47: 0.793801ms
 48: 1.326514ms
 49: 0.586711ms


Measurements
--------------------------
FFT Size            : 96^3
Threads             : 38
Batch               : 1
Iterations          : 50
Avg Tot Runtime     : 0.659261 ms
Runtime per batch   : 0.659261 ms
SD                  : 0.372323 ms
Throughput          : 0.007735 GFLOPs
Plan Time           : 60.380044 sec
