Expm 2: Streaming FFTW
FFTW Plan: Patient
-- Cannot import wisdom from ../../wisdom/singlenode/all/258/fftw_258_t39_b1.patient
-- Exporting wisdom file to ../../wisdom/singlenode/all/258/fftw_258_t39_b1.patient
Iteration: 0, 1, 2, 3, 4, 5, 6, 7, 8, 9, 10, 11, 12, 13, 14, 15, 16, 17, 18, 19, 20, 21, 22, 23, 24, 25, 26, 27, 28, 29, 30, 31, 32, 33, 34, 35, 36, 37, 38, 39, 40, 41, 42, 43, 44, 45, 46, 47, 48, 49, 
Printing individual runtimes:
 0: 141.247340ms
 1: 49.736487ms
 2: 40.943155ms
 3: 62.007508ms
 4: 74.268477ms
 5: 50.331698ms
 6: 38.837137ms
 7: 38.868669ms
 8: 38.866109ms
 9: 38.902568ms
 10: 38.859352ms
 11: 39.110380ms
 12: 38.905006ms
 13: 38.985457ms
 14: 38.960886ms
 15: 39.004472ms
 16: 38.612128ms
 17: 40.124947ms
 18: 39.532750ms
 19: 39.752178ms
 20: 39.580018ms
 21: 71.461496ms
 22: 38.733993ms
 23: 39.104266ms
 24: 38.883034ms
 25: 38.834380ms
 26: 38.942075ms
 27: 38.955717ms
 28: 39.150679ms
 29: 39.021512ms
 30: 38.792740ms
 31: 39.049622ms
 32: 53.178040ms
 33: 38.934484ms
 34: 38.842172ms
 35: 38.980295ms
 36: 38.866564ms
 37: 38.941196ms
 38: 38.964886ms
 39: 38.849027ms
 40: 38.899151ms
 41: 38.859618ms
 42: 42.017306ms
 43: 38.501370ms
 44: 73.311321ms
 45: 70.884851ms
 46: 38.625008ms
 47: 38.999151ms
 48: 38.636274ms
 49: 38.753891ms


Measurements
--------------------------
FFT Size            : 258^3
Threads             : 39
Batch               : 1
Iterations          : 50
Avg Tot Runtime     : 44.988217 ms
Runtime per batch   : 44.988217 ms
SD                  : 16.818815 ms
Throughput          : 2.516893 GFLOPs
Plan Time           : 93.667412 sec
