Expm 2: Streaming FFTW
FFTW Plan: Patient
-- Cannot import wisdom from ../../wisdom/singlenode/all/613/fftw_613_t38_b1.patient
-- Exporting wisdom file to ../../wisdom/singlenode/all/613/fftw_613_t38_b1.patient
Iteration: 0, 1, 2, 3, 4, 5, 6, 7, 8, 9, 10, 11, 12, 13, 14, 15, 16, 17, 18, 19, 20, 21, 22, 23, 24, 25, 26, 27, 28, 29, 30, 31, 32, 33, 34, 35, 36, 37, 38, 39, 40, 41, 42, 43, 44, 45, 46, 47, 48, 49, 
Printing individual runtimes:
 0: 479.464156ms
 1: 481.111507ms
 2: 480.531897ms
 3: 482.001084ms
 4: 481.331717ms
 5: 582.494013ms
 6: 481.419609ms
 7: 566.195461ms
 8: 481.509076ms
 9: 480.171379ms
 10: 479.484905ms
 11: 481.003720ms
 12: 479.063020ms
 13: 762.322370ms
 14: 531.292508ms
 15: 479.572642ms
 16: 479.732167ms
 17: 479.402607ms
 18: 480.055375ms
 19: 479.535039ms
 20: 478.047889ms
 21: 478.656670ms
 22: 479.573427ms
 23: 479.529091ms
 24: 480.273791ms
 25: 772.210727ms
 26: 479.903061ms
 27: 480.105804ms
 28: 479.670552ms
 29: 479.532276ms
 30: 480.174313ms
 31: 479.838690ms
 32: 478.617497ms
 33: 480.200378ms
 34: 479.144244ms
 35: 479.149456ms
 36: 480.604469ms
 37: 481.096344ms
 38: 480.667373ms
 39: 480.503722ms
 40: 480.718097ms
 41: 583.941887ms
 42: 479.196695ms
 43: 479.370494ms
 44: 533.409443ms
 45: 477.606711ms
 46: 479.744168ms
 47: 479.707984ms
 48: 479.345482ms
 49: 479.810048ms


Measurements
--------------------------
FFT Size            : 613^3
Threads             : 38
Batch               : 1
Iterations          : 50
Avg Tot Runtime     : 499.360901 ms
Runtime per batch   : 499.360901 ms
SD                  : 60.101223 ms
Throughput          : 52.155986 GFLOPs
Plan Time           : 367.037767 sec
