Expm 2: Streaming FFTW
FFTW Plan: Patient
-- Cannot import wisdom from ../../wisdom/singlenode/all/354/fftw_354_t38_b1.patient
-- Exporting wisdom file to ../../wisdom/singlenode/all/354/fftw_354_t38_b1.patient
Iteration: 0, 1, 2, 3, 4, 5, 6, 7, 8, 9, 10, 11, 12, 13, 14, 15, 16, 17, 18, 19, 20, 21, 22, 23, 24, 25, 26, 27, 28, 29, 30, 31, 32, 33, 34, 35, 36, 37, 38, 39, 40, 41, 42, 43, 44, 45, 46, 47, 48, 49, 
Printing individual runtimes:
 0: 103.516405ms
 1: 86.511724ms
 2: 85.915924ms
 3: 85.911409ms
 4: 83.317996ms
 5: 84.032103ms
 6: 87.105076ms
 7: 83.985830ms
 8: 84.548261ms
 9: 86.552595ms
 10: 200.544193ms
 11: 152.625855ms
 12: 153.345042ms
 13: 88.832716ms
 14: 91.772396ms
 15: 91.903566ms
 16: 89.709119ms
 17: 92.377924ms
 18: 91.865006ms
 19: 88.659276ms
 20: 89.956882ms
 21: 87.269447ms
 22: 90.737236ms
 23: 90.873731ms
 24: 89.982288ms
 25: 84.769113ms
 26: 153.065033ms
 27: 153.025820ms
 28: 94.223152ms
 29: 90.545152ms
 30: 152.293193ms
 31: 92.850757ms
 32: 87.314207ms
 33: 93.848378ms
 34: 90.401826ms
 35: 93.850162ms
 36: 102.413201ms
 37: 90.196495ms
 38: 88.832847ms
 39: 92.381302ms
 40: 92.260517ms
 41: 89.603493ms
 42: 91.956544ms
 43: 93.501742ms
 44: 89.932489ms
 45: 90.389061ms
 46: 91.397611ms
 47: 91.607471ms
 48: 90.562698ms
 49: 91.190562ms


Measurements
--------------------------
FFT Size            : 354^3
Threads             : 38
Batch               : 1
Iterations          : 50
Avg Tot Runtime     : 98.685297 ms
Runtime per batch   : 98.685297 ms
SD                  : 24.047847 ms
Throughput          : 5.790727 GFLOPs
Plan Time           : 174.129591 sec
