Expm 2: Streaming FFT

Printing individual runtimes:
 0: 0.200590ms
 1: 0.037062ms
 2: 0.036275ms
 3: 0.232466ms
 4: 0.028605ms
 5: 0.044558ms
 6: 0.030000ms
 7: 0.025489ms
 8: 0.089800ms
 9: 0.030089ms
 10: 0.033355ms
 11: 0.041478ms
 12: 0.043556ms
 13: 0.034510ms
 14: 0.035888ms
 15: 0.026273ms
 16: 0.026232ms
 17: 0.037062ms
 18: 0.025281ms
 19: 0.032533ms
 20: 0.026200ms
 21: 0.030299ms
 22: 0.033835ms
 23: 0.026903ms
 24: 0.027689ms
 25: 0.123034ms
 26: 0.042798ms
 27: 0.024435ms
 28: 0.027331ms
 29: 0.027952ms
 30: 0.028533ms
 31: 0.046069ms
 32: 0.026574ms
 33: 0.026320ms
 34: 0.025839ms
 35: 0.027397ms
 36: 0.027800ms
 37: 0.037650ms
 38: 0.040009ms
 39: 0.033534ms
 40: 0.032843ms
 41: 0.029353ms
 42: 0.036580ms
 43: 0.040630ms
 44: 0.096336ms
 45: 0.032832ms
 46: 0.035681ms
 47: 0.034208ms
 48: 0.038134ms
 49: 0.033486ms
 50: 0.026433ms
 51: 0.026422ms
 52: 0.033484ms
 53: 0.024605ms
 54: 0.037946ms
 55: 0.038392ms
 56: 0.033753ms
 57: 0.039645ms
 58: 0.036913ms
 59: 0.029401ms
 60: 0.026844ms
 61: 0.024683ms
 62: 0.029400ms
 63: 0.035232ms
 64: 0.028263ms
 65: 0.033167ms
 66: 0.029164ms
 67: 0.026913ms
 68: 0.028057ms
 69: 0.025091ms
 70: 0.026996ms
 71: 0.031001ms
 72: 0.028846ms
 73: 0.026148ms
 74: 0.023399ms
 75: 0.034347ms
 76: 0.026214ms
 77: 0.028717ms
 78: 0.044389ms
 79: 0.028848ms
 80: 0.024727ms
 81: 0.034308ms
 82: 0.026552ms
 83: 0.029161ms
 84: 0.149632ms
 85: 0.026421ms
 86: 0.027371ms
 87: 0.030359ms
 88: 0.036598ms
 89: 0.028368ms
 90: 0.026879ms
 91: 0.039023ms
 92: 0.033065ms
 93: 0.033943ms
 94: 0.033551ms
 95: 0.035258ms
 96: 3.987433ms
 97: 0.028691ms
 98: 0.027424ms
 99: 0.026718ms
 100: 0.030150ms
 101: 0.030113ms
 102: 0.032762ms
 103: 0.038521ms
 104: 0.032056ms
 105: 0.027031ms
 106: 0.027840ms
 107: 0.033876ms
 108: 0.026507ms
 109: 0.026819ms
 110: 0.035595ms
 111: 0.036306ms
 112: 0.030332ms
 113: 0.025861ms
 114: 0.040127ms
 115: 0.180022ms
 116: 0.033438ms
 117: 0.033512ms
 118: 0.025343ms
 119: 0.025335ms
 120: 0.026677ms
 121: 0.029267ms
 122: 0.027081ms
 123: 0.031429ms
 124: 0.034995ms
 125: 0.026685ms
 126: 0.025090ms
 127: 0.033988ms
 128: 0.028373ms
 129: 0.036292ms
 130: 0.025882ms
 131: 0.026534ms
 132: 0.029932ms
 133: 0.026466ms
 134: 0.025325ms
 135: 0.031966ms
 136: 0.024201ms
 137: 0.036189ms
 138: 0.034614ms
 139: 0.032757ms
 140: 0.037740ms
 141: 0.026119ms
 142: 0.026671ms
 143: 0.033441ms
 144: 0.038980ms
 145: 0.027815ms
 146: 0.024596ms
 147: 0.035774ms
 148: 0.026574ms
 149: 0.031696ms
 150: 0.025931ms
 151: 0.031063ms
 152: 0.024884ms
 153: 0.028655ms
 154: 0.026656ms
 155: 0.031987ms
 156: 0.028709ms
 157: 0.025967ms
 158: 0.026444ms
 159: 0.034434ms
 160: 0.029403ms
 161: 0.036491ms
 162: 0.031681ms
 163: 0.027242ms
 164: 0.025613ms
 165: 0.029281ms
 166: 0.035342ms
 167: 0.030941ms
 168: 0.026021ms
 169: 0.028880ms
 170: 0.041625ms
 171: 0.033867ms
 172: 0.033296ms
 173: 0.024672ms
 174: 0.025310ms
 175: 0.024573ms
 176: 0.030591ms
 177: 0.033590ms
 178: 0.026978ms
 179: 0.028969ms
 180: 0.042261ms
 181: 0.033781ms
 182: 0.040066ms
 183: 0.026629ms
 184: 0.037883ms
 185: 0.030841ms
 186: 0.028482ms
 187: 0.025989ms
 188: 0.026752ms
 189: 0.022763ms
 190: 0.025132ms
 191: 0.026989ms
 192: 0.026312ms
 193: 0.026006ms
 194: 0.024478ms
 195: 0.031354ms
 196: 0.028986ms
 197: 0.025677ms
 198: 0.030588ms
 199: 0.025821ms


-- Real : Q1: 50 Q2: 100 Q3: 150
-- Array: Q1: 49 Q2: 99 Q3: 149
Printing sorted runtimes:
 0: 0.025821ms
 1: 0.025343ms
 2: 0.025677ms
 3: 0.025335ms
 4: 0.025090ms
 5: 0.024478ms
 6: 0.024727ms
 7: 0.025489ms
 8: 0.023399ms
 9: 0.025325ms
 10: 0.025091ms
 11: 0.024201ms
 12: 0.025132ms
 13: 0.022763ms
 14: 0.024683ms
 15: 0.024596ms
 16: 0.024605ms
 17: 0.024884ms
 18: 0.025281ms
 19: 0.025613ms
 20: 0.024672ms
 21: 0.025310ms
 22: 0.024435ms
 23: 0.024573ms
 24: 0.026214ms
 25: 0.026119ms
 26: 0.026148ms
 27: 0.025931ms
 28: 0.025989ms
 29: 0.025861ms
 30: 0.026006ms
 31: 0.025967ms
 32: 0.025882ms
 33: 0.026021ms
 34: 0.025839ms
 35: 0.026200ms
 36: 0.026312ms
 37: 0.026232ms
 38: 0.026273ms
 39: 0.026433ms
 40: 0.026421ms
 41: 0.026422ms
 42: 0.026320ms
 43: 0.026507ms
 44: 0.026466ms
 45: 0.026444ms
 46: 0.026574ms
 47: 0.026534ms
 48: 0.026552ms
 49: 0.026574ms
 50: 0.026629ms
 51: 0.027397ms
 52: 0.026671ms
 53: 0.026677ms
 54: 0.026819ms
 55: 0.026718ms
 56: 0.026989ms
 57: 0.026903ms
 58: 0.026879ms
 59: 0.026685ms
 60: 0.026844ms
 61: 0.026752ms
 62: 0.026913ms
 63: 0.026978ms
 64: 0.026656ms
 65: 0.027031ms
 66: 0.027331ms
 67: 0.027081ms
 68: 0.027371ms
 69: 0.027242ms
 70: 0.026996ms
 71: 0.028846ms
 72: 0.028263ms
 73: 0.027815ms
 74: 0.028655ms
 75: 0.028709ms
 76: 0.027689ms
 77: 0.028717ms
 78: 0.027840ms
 79: 0.027952ms
 80: 0.028533ms
 81: 0.027424ms
 82: 0.028482ms
 83: 0.028691ms
 84: 0.027800ms
 85: 0.028368ms
 86: 0.028057ms
 87: 0.028373ms
 88: 0.028605ms
 89: 0.029164ms
 90: 0.028880ms
 91: 0.028969ms
 92: 0.028848ms
 93: 0.029161ms
 94: 0.028986ms
 95: 0.029401ms
 96: 0.029353ms
 97: 0.029267ms
 98: 0.029400ms
 99: 0.029281ms
 100: 0.029403ms
 101: 0.033590ms
 102: 0.030000ms
 103: 0.030113ms
 104: 0.030588ms
 105: 0.030150ms
 106: 0.030359ms
 107: 0.030299ms
 108: 0.030089ms
 109: 0.030332ms
 110: 0.032843ms
 111: 0.031681ms
 112: 0.032762ms
 113: 0.030941ms
 114: 0.033296ms
 115: 0.031354ms
 116: 0.033438ms
 117: 0.033512ms
 118: 0.033355ms
 119: 0.032832ms
 120: 0.031987ms
 121: 0.030591ms
 122: 0.033065ms
 123: 0.031429ms
 124: 0.033486ms
 125: 0.033484ms
 126: 0.031063ms
 127: 0.031696ms
 128: 0.032056ms
 129: 0.033534ms
 130: 0.033441ms
 131: 0.030841ms
 132: 0.032533ms
 133: 0.032757ms
 134: 0.031001ms
 135: 0.031966ms
 136: 0.033167ms
 137: 0.033551ms
 138: 0.029932ms
 139: 0.034308ms
 140: 0.033943ms
 141: 0.034208ms
 142: 0.033988ms
 143: 0.033876ms
 144: 0.033867ms
 145: 0.033781ms
 146: 0.033753ms
 147: 0.033835ms
 148: 0.034434ms
 149: 0.034347ms
 150: 0.034510ms
 151: 0.034614ms
 152: 0.034995ms
 153: 0.035232ms
 154: 0.035258ms
 155: 0.036189ms
 156: 0.036598ms
 157: 0.035681ms
 158: 0.038521ms
 159: 0.035774ms
 160: 0.036275ms
 161: 0.036491ms
 162: 0.036306ms
 163: 0.036292ms
 164: 0.036580ms
 165: 0.035595ms
 166: 0.035342ms
 167: 0.035888ms
 168: 0.037062ms
 169: 0.036913ms
 170: 0.037062ms
 171: 0.037740ms
 172: 0.037883ms
 173: 0.037650ms
 174: 0.038392ms
 175: 0.037946ms
 176: 0.038134ms
 177: 0.042798ms
 178: 0.123034ms
 179: 0.046069ms
 180: 0.042261ms
 181: 0.039645ms
 182: 0.040066ms
 183: 0.038980ms
 184: 0.096336ms
 185: 0.040630ms
 186: 0.044389ms
 187: 0.041625ms
 188: 0.149632ms
 189: 0.039023ms
 190: 0.043556ms
 191: 0.041478ms
 192: 3.987433ms
 193: 0.089800ms
 194: 0.044558ms
 195: 0.180022ms
 196: 0.232466ms
 197: 0.040127ms
 198: 0.200590ms
 199: 0.040009ms


Measurements
--------------------------
FFT Size            : 22^3
Threads             : 30
Batch               : 1
Iterations          : 200
Avg Tot Runtime     : 0.054801 ms
Runtime per batch   : 0.054801 ms
SD                  : 0.279882 ms
Q1                  : 0.026574 ms
Median              : 0.029342 ms
Q3                  : 0.034347 ms
