Expm 2: Streaming FFTW
FFTW Plan: Patient
-- Cannot import wisdom from ../../wisdom/singlenode/all/627/fftw_627_t40_b1.patient
-- Exporting wisdom file to ../../wisdom/singlenode/all/627/fftw_627_t40_b1.patient
Iteration: 0, 1, 2, 3, 4, 5, 6, 7, 8, 9, 10, 11, 12, 13, 14, 15, 16, 17, 18, 19, 20, 21, 22, 23, 24, 25, 26, 27, 28, 29, 30, 31, 32, 33, 34, 35, 36, 37, 38, 39, 40, 41, 42, 43, 44, 45, 46, 47, 48, 49, 
Printing individual runtimes:
 0: 348.198147ms
 1: 343.489187ms
 2: 339.782914ms
 3: 341.918648ms
 4: 552.884623ms
 5: 338.879559ms
 6: 690.561971ms
 7: 626.769908ms
 8: 553.887563ms
 9: 769.348235ms
 10: 707.485122ms
 11: 417.753578ms
 12: 694.020871ms
 13: 568.088236ms
 14: 342.272416ms
 15: 343.163612ms
 16: 571.334534ms
 17: 471.793099ms
 18: 636.305629ms
 19: 457.324688ms
 20: 337.340108ms
 21: 338.879126ms
 22: 410.826934ms
 23: 388.010056ms
 24: 338.998542ms
 25: 339.544427ms
 26: 443.672843ms
 27: 338.972515ms
 28: 357.287739ms
 29: 690.567776ms
 30: 735.639101ms
 31: 501.939295ms
 32: 715.608905ms
 33: 641.287465ms
 34: 655.278380ms
 35: 635.647808ms
 36: 612.324649ms
 37: 612.918032ms
 38: 567.757050ms
 39: 484.257836ms
 40: 342.052834ms
 41: 801.390646ms
 42: 616.791793ms
 43: 467.804585ms
 44: 339.838052ms
 45: 756.940796ms
 46: 554.467216ms
 47: 542.802491ms
 48: 638.563672ms
 49: 763.931098ms


Measurements
--------------------------
FFT Size            : 627^3
Threads             : 40
Batch               : 1
Iterations          : 50
Avg Tot Runtime     : 521.732086 ms
Runtime per batch   : 521.732086 ms
SD                  : 149.658506 ms
Throughput          : 27.897220 GFLOPs
Plan Time           : 1118.055296 sec
