Expm 2: Streaming FFT

Printing individual runtimes:
 0: 0.263831ms
 1: 0.162029ms
 2: 0.165110ms
 3: 0.231352ms
 4: 0.183767ms
 5: 0.241000ms
 6: 0.199731ms
 7: 0.251627ms
 8: 0.179086ms
 9: 0.175827ms
 10: 0.188085ms
 11: 0.200262ms
 12: 0.186419ms
 13: 0.183438ms
 14: 0.247727ms
 15: 0.183066ms
 16: 0.194356ms
 17: 0.177935ms
 18: 0.163842ms
 19: 0.256844ms
 20: 0.167635ms
 21: 0.177661ms
 22: 0.184438ms
 23: 0.173957ms
 24: 0.195407ms
 25: 0.161160ms
 26: 0.160435ms
 27: 0.168593ms
 28: 0.270376ms
 29: 0.174515ms
 30: 0.169383ms
 31: 0.169834ms
 32: 0.160108ms
 33: 0.189072ms
 34: 0.169303ms
 35: 0.173299ms
 36: 0.176066ms
 37: 0.245192ms
 38: 0.185444ms
 39: 0.163758ms
 40: 0.191456ms
 41: 0.164654ms
 42: 0.207072ms
 43: 0.229524ms
 44: 0.168586ms
 45: 0.187406ms
 46: 0.170490ms
 47: 0.158284ms
 48: 0.170106ms
 49: 0.231441ms
 50: 0.166424ms
 51: 0.169016ms
 52: 0.164602ms
 53: 0.165381ms
 54: 0.176528ms
 55: 0.239333ms
 56: 0.162738ms
 57: 0.167641ms
 58: 0.168313ms
 59: 0.166549ms
 60: 0.180142ms
 61: 0.214663ms
 62: 0.192452ms
 63: 0.163211ms
 64: 0.174578ms
 65: 0.170281ms
 66: 0.180174ms
 67: 0.179529ms
 68: 0.237501ms
 69: 0.168914ms
 70: 0.166235ms
 71: 0.165665ms
 72: 0.162625ms
 73: 0.163840ms
 74: 0.171619ms
 75: 0.189121ms
 76: 0.177848ms
 77: 0.180547ms
 78: 0.191126ms
 79: 0.183481ms
 80: 0.177258ms
 81: 0.168321ms
 82: 0.230765ms
 83: 0.190780ms
 84: 0.160899ms
 85: 0.162762ms
 86: 0.221093ms
 87: 0.184991ms
 88: 0.181678ms
 89: 0.176432ms
 90: 0.167216ms
 91: 0.246041ms
 92: 0.162029ms
 93: 0.161109ms
 94: 0.170893ms
 95: 0.197723ms
 96: 0.190835ms
 97: 0.164269ms
 98: 0.161788ms
 99: 0.174166ms
 100: 0.170725ms
 101: 0.167464ms
 102: 0.173408ms
 103: 0.253109ms
 104: 0.181410ms
 105: 0.164493ms
 106: 0.191547ms
 107: 0.172143ms
 108: 0.176036ms
 109: 0.178955ms
 110: 0.165328ms
 111: 0.167867ms
 112: 0.191830ms
 113: 0.158711ms
 114: 0.165155ms
 115: 0.163059ms
 116: 0.202175ms
 117: 0.189200ms
 118: 0.172944ms
 119: 0.158484ms
 120: 0.166159ms
 121: 0.183492ms
 122: 0.207943ms
 123: 0.159317ms
 124: 0.163719ms
 125: 0.161109ms
 126: 0.176972ms
 127: 0.178078ms
 128: 0.154049ms
 129: 0.256601ms
 130: 0.185561ms
 131: 0.179321ms
 132: 0.168302ms
 133: 0.174452ms
 134: 0.169278ms
 135: 0.181910ms
 136: 0.164074ms
 137: 0.164754ms
 138: 0.166820ms
 139: 0.159129ms
 140: 0.166940ms
 141: 0.172979ms
 142: 0.166932ms
 143: 0.188324ms
 144: 0.160872ms
 145: 0.171613ms
 146: 0.161059ms
 147: 0.217504ms
 148: 0.169677ms
 149: 0.168269ms
 150: 0.169589ms
 151: 0.169294ms
 152: 0.173375ms
 153: 0.182275ms
 154: 0.163882ms
 155: 0.189399ms
 156: 0.183081ms
 157: 0.174570ms
 158: 0.169946ms
 159: 0.178372ms
 160: 0.184646ms
 161: 0.164258ms
 162: 0.176794ms
 163: 0.178953ms
 164: 0.249017ms
 165: 0.173380ms
 166: 0.175317ms
 167: 0.163992ms
 168: 0.179690ms
 169: 0.188132ms
 170: 0.189005ms
 171: 0.163517ms
 172: 0.169976ms
 173: 0.170009ms
 174: 0.165354ms
 175: 0.171652ms
 176: 0.171803ms
 177: 0.188388ms
 178: 0.164830ms
 179: 0.166507ms
 180: 0.202047ms
 181: 0.174771ms
 182: 0.171861ms
 183: 0.161008ms
 184: 0.164320ms
 185: 0.164008ms
 186: 0.179669ms
 187: 0.193965ms
 188: 0.169367ms
 189: 0.174638ms
 190: 0.177659ms
 191: 0.188337ms
 192: 0.231531ms
 193: 0.174089ms
 194: 0.172798ms
 195: 0.164729ms
 196: 0.174371ms
 197: 0.170476ms
 198: 0.165937ms
 199: 0.164185ms


-- Real : Q1: 50 Q2: 100 Q3: 150
-- Array: Q1: 49 Q2: 99 Q3: 149
Printing sorted runtimes:
 0: 0.164185ms
 1: 0.162029ms
 2: 0.164008ms
 3: 0.161008ms
 4: 0.163517ms
 5: 0.163992ms
 6: 0.163882ms
 7: 0.161059ms
 8: 0.160872ms
 9: 0.159129ms
 10: 0.164074ms
 11: 0.154049ms
 12: 0.161109ms
 13: 0.163719ms
 14: 0.159317ms
 15: 0.158484ms
 16: 0.163059ms
 17: 0.158711ms
 18: 0.163842ms
 19: 0.161788ms
 20: 0.161109ms
 21: 0.162029ms
 22: 0.162762ms
 23: 0.160899ms
 24: 0.163840ms
 25: 0.161160ms
 26: 0.160435ms
 27: 0.162625ms
 28: 0.163211ms
 29: 0.162738ms
 30: 0.158284ms
 31: 0.163758ms
 32: 0.160108ms
 33: 0.165381ms
 34: 0.165354ms
 35: 0.164830ms
 36: 0.164258ms
 37: 0.164269ms
 38: 0.165110ms
 39: 0.164493ms
 40: 0.165328ms
 41: 0.164654ms
 42: 0.165155ms
 43: 0.164320ms
 44: 0.164602ms
 45: 0.164729ms
 46: 0.164754ms
 47: 0.166159ms
 48: 0.165665ms
 49: 0.165937ms
 50: 0.166235ms
 51: 0.169589ms
 52: 0.166507ms
 53: 0.166549ms
 54: 0.166820ms
 55: 0.166940ms
 56: 0.166932ms
 57: 0.167216ms
 58: 0.167464ms
 59: 0.167641ms
 60: 0.167867ms
 61: 0.168302ms
 62: 0.168269ms
 63: 0.167635ms
 64: 0.169294ms
 65: 0.168313ms
 66: 0.169303ms
 67: 0.168586ms
 68: 0.168321ms
 69: 0.168914ms
 70: 0.169016ms
 71: 0.169278ms
 72: 0.168593ms
 73: 0.169383ms
 74: 0.166424ms
 75: 0.169367ms
 76: 0.173299ms
 77: 0.171803ms
 78: 0.170009ms
 79: 0.169834ms
 80: 0.170106ms
 81: 0.169946ms
 82: 0.171619ms
 83: 0.169976ms
 84: 0.170490ms
 85: 0.169677ms
 86: 0.171652ms
 87: 0.171861ms
 88: 0.171613ms
 89: 0.172798ms
 90: 0.172944ms
 91: 0.172979ms
 92: 0.172143ms
 93: 0.170476ms
 94: 0.170893ms
 95: 0.170725ms
 96: 0.170281ms
 97: 0.173380ms
 98: 0.173375ms
 99: 0.173408ms
 100: 0.173957ms
 101: 0.174578ms
 102: 0.174452ms
 103: 0.174166ms
 104: 0.174089ms
 105: 0.174570ms
 106: 0.174371ms
 107: 0.174515ms
 108: 0.180142ms
 109: 0.174771ms
 110: 0.175317ms
 111: 0.175827ms
 112: 0.176794ms
 113: 0.176036ms
 114: 0.177661ms
 115: 0.176066ms
 116: 0.177258ms
 117: 0.176528ms
 118: 0.177659ms
 119: 0.176972ms
 120: 0.176432ms
 121: 0.177848ms
 122: 0.178372ms
 123: 0.177935ms
 124: 0.178955ms
 125: 0.178953ms
 126: 0.179086ms
 127: 0.178078ms
 128: 0.179529ms
 129: 0.174638ms
 130: 0.179669ms
 131: 0.179321ms
 132: 0.179690ms
 133: 0.181410ms
 134: 0.180547ms
 135: 0.180174ms
 136: 0.183438ms
 137: 0.181678ms
 138: 0.183081ms
 139: 0.182275ms
 140: 0.183066ms
 141: 0.181910ms
 142: 0.184991ms
 143: 0.183492ms
 144: 0.183767ms
 145: 0.183481ms
 146: 0.184646ms
 147: 0.184438ms
 148: 0.185444ms
 149: 0.185561ms
 150: 0.186419ms
 151: 0.191456ms
 152: 0.202047ms
 153: 0.188324ms
 154: 0.199731ms
 155: 0.189399ms
 156: 0.187406ms
 157: 0.188085ms
 158: 0.200262ms
 159: 0.189200ms
 160: 0.189072ms
 161: 0.194356ms
 162: 0.191830ms
 163: 0.191547ms
 164: 0.192452ms
 165: 0.188337ms
 166: 0.190835ms
 167: 0.188388ms
 168: 0.197723ms
 169: 0.188132ms
 170: 0.189005ms
 171: 0.193965ms
 172: 0.190780ms
 173: 0.191126ms
 174: 0.202175ms
 175: 0.189121ms
 176: 0.195407ms
 177: 0.241000ms
 178: 0.249017ms
 179: 0.217504ms
 180: 0.251627ms
 181: 0.256601ms
 182: 0.247727ms
 183: 0.231352ms
 184: 0.207943ms
 185: 0.253109ms
 186: 0.256844ms
 187: 0.246041ms
 188: 0.221093ms
 189: 0.230765ms
 190: 0.237501ms
 191: 0.270376ms
 192: 0.231531ms
 193: 0.214663ms
 194: 0.239333ms
 195: 0.231441ms
 196: 0.229524ms
 197: 0.207072ms
 198: 0.245192ms
 199: 0.263831ms


Measurements
--------------------------
FFT Size            : 37^3
Threads             : 32
Batch               : 1
Iterations          : 200
Avg Tot Runtime     : 0.181196 ms
Runtime per batch   : 0.181196 ms
SD                  : 0.023480 ms
Q1                  : 0.165937 ms
Median              : 0.173682 ms
Q3                  : 0.185561 ms
