Expm 2: Streaming FFT

Printing individual runtimes:
 0: 0.233244ms
 1: 0.174688ms
 2: 0.174512ms
 3: 0.233867ms
 4: 0.172405ms
 5: 0.206677ms
 6: 0.167194ms
 7: 0.268808ms
 8: 0.196653ms
 9: 0.164096ms
 10: 0.163539ms
 11: 0.181006ms
 12: 0.176293ms
 13: 0.176547ms
 14: 0.273434ms
 15: 0.165137ms
 16: 0.173799ms
 17: 0.177046ms
 18: 0.160134ms
 19: 0.260441ms
 20: 0.177413ms
 21: 0.173921ms
 22: 0.169220ms
 23: 0.176609ms
 24: 0.191268ms
 25: 0.187294ms
 26: 0.187116ms
 27: 0.212688ms
 28: 0.201684ms
 29: 0.162809ms
 30: 0.166089ms
 31: 0.246797ms
 32: 0.178404ms
 33: 0.183270ms
 34: 0.177182ms
 35: 0.175578ms
 36: 0.161533ms
 37: 0.178240ms
 38: 0.185370ms
 39: 0.162770ms
 40: 0.159153ms
 41: 0.164713ms
 42: 0.197508ms
 43: 0.192281ms
 44: 0.177267ms
 45: 0.174705ms
 46: 0.187747ms
 47: 0.263800ms
 48: 0.171345ms
 49: 0.181018ms
 50: 0.160457ms
 51: 0.185611ms
 52: 0.170200ms
 53: 0.161711ms
 54: 0.183911ms
 55: 0.169303ms
 56: 0.167969ms
 57: 0.166318ms
 58: 0.165323ms
 59: 0.160115ms
 60: 0.160545ms
 61: 0.175159ms
 62: 0.167130ms
 63: 0.160905ms
 64: 0.186013ms
 65: 0.177026ms
 66: 0.177263ms
 67: 0.166427ms
 68: 0.195881ms
 69: 0.170532ms
 70: 0.184809ms
 71: 0.188551ms
 72: 0.167673ms
 73: 0.168707ms
 74: 0.169620ms
 75: 0.255925ms
 76: 0.213070ms
 77: 0.170458ms
 78: 0.169292ms
 79: 0.167984ms
 80: 0.161776ms
 81: 0.169864ms
 82: 0.172965ms
 83: 0.184972ms
 84: 0.242722ms
 85: 0.183807ms
 86: 0.184932ms
 87: 0.173145ms
 88: 0.169948ms
 89: 0.161234ms
 90: 0.165446ms
 91: 0.161187ms
 92: 0.179759ms
 93: 0.175323ms
 94: 0.164173ms
 95: 0.182331ms
 96: 0.167068ms
 97: 0.182388ms
 98: 0.183632ms
 99: 0.160160ms
 100: 0.161997ms
 101: 0.186252ms
 102: 0.187675ms
 103: 0.180830ms
 104: 0.177822ms
 105: 0.180217ms
 106: 0.175640ms
 107: 0.177118ms
 108: 0.185019ms
 109: 0.159681ms
 110: 0.161499ms
 111: 0.183181ms
 112: 0.168709ms
 113: 0.163495ms
 114: 0.166546ms
 115: 0.165939ms
 116: 0.158695ms
 117: 0.171250ms
 118: 0.170813ms
 119: 0.169957ms
 120: 0.172066ms
 121: 0.173547ms
 122: 0.180786ms
 123: 0.178744ms
 124: 0.188842ms
 125: 0.182437ms
 126: 0.181810ms
 127: 0.179468ms
 128: 0.167038ms
 129: 0.199198ms
 130: 0.188849ms
 131: 0.202599ms
 132: 0.161017ms
 133: 0.178067ms
 134: 0.166302ms
 135: 0.179294ms
 136: 0.186975ms
 137: 0.164762ms
 138: 0.163699ms
 139: 0.247496ms
 140: 0.167287ms
 141: 0.174866ms
 142: 0.190131ms
 143: 0.180921ms
 144: 0.168236ms
 145: 0.179714ms
 146: 0.182335ms
 147: 0.177682ms
 148: 0.168305ms
 149: 0.175059ms
 150: 0.176809ms
 151: 0.170030ms
 152: 0.197863ms
 153: 0.163253ms
 154: 0.175689ms
 155: 0.168893ms
 156: 0.163219ms
 157: 0.192700ms
 158: 0.166398ms
 159: 0.180689ms
 160: 0.172100ms
 161: 0.167785ms
 162: 0.189534ms
 163: 0.164877ms
 164: 0.192751ms
 165: 0.183956ms
 166: 0.170215ms
 167: 0.173807ms
 168: 0.172263ms
 169: 0.165805ms
 170: 0.192033ms
 171: 0.181438ms
 172: 0.162580ms
 173: 0.169539ms
 174: 0.168283ms
 175: 0.170085ms
 176: 0.176772ms
 177: 0.196878ms
 178: 0.166724ms
 179: 0.168520ms
 180: 0.173226ms
 181: 0.192741ms
 182: 0.185085ms
 183: 0.170977ms
 184: 0.167076ms
 185: 0.178359ms
 186: 0.175011ms
 187: 0.174117ms
 188: 0.169423ms
 189: 0.185539ms
 190: 0.180895ms
 191: 0.180629ms
 192: 0.181950ms
 193: 0.195041ms
 194: 0.196463ms
 195: 0.166378ms
 196: 0.177996ms
 197: 0.176038ms
 198: 0.171766ms
 199: 0.165319ms


-- Real : Q1: 50 Q2: 100 Q3: 150
-- Array: Q1: 49 Q2: 99 Q3: 149
Printing sorted runtimes:
 0: 0.165319ms
 1: 0.162580ms
 2: 0.164877ms
 3: 0.163219ms
 4: 0.163253ms
 5: 0.163699ms
 6: 0.164762ms
 7: 0.161017ms
 8: 0.158695ms
 9: 0.164096ms
 10: 0.163539ms
 11: 0.163495ms
 12: 0.161499ms
 13: 0.159681ms
 14: 0.161997ms
 15: 0.165137ms
 16: 0.160160ms
 17: 0.164173ms
 18: 0.160134ms
 19: 0.161187ms
 20: 0.161234ms
 21: 0.161776ms
 22: 0.160905ms
 23: 0.160545ms
 24: 0.160115ms
 25: 0.161711ms
 26: 0.160457ms
 27: 0.164713ms
 28: 0.159153ms
 29: 0.162809ms
 30: 0.162770ms
 31: 0.161533ms
 32: 0.167130ms
 33: 0.166546ms
 34: 0.165323ms
 35: 0.165939ms
 36: 0.167068ms
 37: 0.166724ms
 38: 0.167038ms
 39: 0.166089ms
 40: 0.166318ms
 41: 0.165446ms
 42: 0.166378ms
 43: 0.166302ms
 44: 0.165805ms
 45: 0.166427ms
 46: 0.166398ms
 47: 0.167076ms
 48: 0.167287ms
 49: 0.167194ms
 50: 0.167673ms
 51: 0.171250ms
 52: 0.167969ms
 53: 0.168283ms
 54: 0.167984ms
 55: 0.168236ms
 56: 0.168305ms
 57: 0.168707ms
 58: 0.168520ms
 59: 0.168709ms
 60: 0.167785ms
 61: 0.170813ms
 62: 0.168893ms
 63: 0.169220ms
 64: 0.170977ms
 65: 0.170030ms
 66: 0.169957ms
 67: 0.169303ms
 68: 0.170085ms
 69: 0.170532ms
 70: 0.170200ms
 71: 0.169539ms
 72: 0.169423ms
 73: 0.170215ms
 74: 0.169620ms
 75: 0.169948ms
 76: 0.169864ms
 77: 0.170458ms
 78: 0.169292ms
 79: 0.173547ms
 80: 0.172263ms
 81: 0.172405ms
 82: 0.172965ms
 83: 0.173226ms
 84: 0.171766ms
 85: 0.172066ms
 86: 0.172100ms
 87: 0.173145ms
 88: 0.171345ms
 89: 0.174866ms
 90: 0.174512ms
 91: 0.174117ms
 92: 0.173921ms
 93: 0.173807ms
 94: 0.174705ms
 95: 0.173799ms
 96: 0.174688ms
 97: 0.175059ms
 98: 0.175011ms
 99: 0.175159ms
 100: 0.175323ms
 101: 0.179468ms
 102: 0.175640ms
 103: 0.175689ms
 104: 0.176038ms
 105: 0.175578ms
 106: 0.177182ms
 107: 0.177118ms
 108: 0.178240ms
 109: 0.176547ms
 110: 0.176293ms
 111: 0.176772ms
 112: 0.177822ms
 113: 0.177682ms
 114: 0.177996ms
 115: 0.177263ms
 116: 0.178404ms
 117: 0.177267ms
 118: 0.178359ms
 119: 0.176809ms
 120: 0.177046ms
 121: 0.177026ms
 122: 0.179294ms
 123: 0.178744ms
 124: 0.178067ms
 125: 0.176609ms
 126: 0.177413ms
 127: 0.181438ms
 128: 0.180895ms
 129: 0.180217ms
 130: 0.180689ms
 131: 0.179714ms
 132: 0.180830ms
 133: 0.181018ms
 134: 0.180629ms
 135: 0.180786ms
 136: 0.179759ms
 137: 0.180921ms
 138: 0.181006ms
 139: 0.183807ms
 140: 0.181950ms
 141: 0.182388ms
 142: 0.182335ms
 143: 0.182331ms
 144: 0.182437ms
 145: 0.181810ms
 146: 0.183270ms
 147: 0.183181ms
 148: 0.183632ms
 149: 0.183911ms
 150: 0.183956ms
 151: 0.184809ms
 152: 0.184932ms
 153: 0.184972ms
 154: 0.186013ms
 155: 0.191268ms
 156: 0.185085ms
 157: 0.192700ms
 158: 0.186975ms
 159: 0.188849ms
 160: 0.187294ms
 161: 0.185611ms
 162: 0.189534ms
 163: 0.187116ms
 164: 0.192751ms
 165: 0.195041ms
 166: 0.188842ms
 167: 0.196463ms
 168: 0.187747ms
 169: 0.195881ms
 170: 0.192033ms
 171: 0.185539ms
 172: 0.192281ms
 173: 0.186252ms
 174: 0.187675ms
 175: 0.185370ms
 176: 0.188551ms
 177: 0.192741ms
 178: 0.185019ms
 179: 0.196653ms
 180: 0.190131ms
 181: 0.196878ms
 182: 0.233867ms
 183: 0.197863ms
 184: 0.247496ms
 185: 0.206677ms
 186: 0.268808ms
 187: 0.202599ms
 188: 0.199198ms
 189: 0.273434ms
 190: 0.260441ms
 191: 0.242722ms
 192: 0.213070ms
 193: 0.255925ms
 194: 0.263800ms
 195: 0.197508ms
 196: 0.212688ms
 197: 0.201684ms
 198: 0.246797ms
 199: 0.233244ms


Measurements
--------------------------
FFT Size            : 37^3
Threads             : 29
Batch               : 1
Iterations          : 200
Avg Tot Runtime     : 0.179602 ms
Runtime per batch   : 0.179602 ms
SD                  : 0.020087 ms
Q1                  : 0.167194 ms
Median              : 0.175241 ms
Q3                  : 0.183911 ms
