Expm 2: Streaming FFTW
FFTW Plan: Patient
-- Cannot import wisdom from ../../wisdom/singlenode/all/610/fftw_610_t37_b1.patient
-- Exporting wisdom file to ../../wisdom/singlenode/all/610/fftw_610_t37_b1.patient
Iteration: 0, 1, 2, 3, 4, 5, 6, 7, 8, 9, 10, 11, 12, 13, 14, 15, 16, 17, 18, 19, 20, 21, 22, 23, 24, 25, 26, 27, 28, 29, 30, 31, 32, 33, 34, 35, 36, 37, 38, 39, 40, 41, 42, 43, 44, 45, 46, 47, 48, 49, 
Printing individual runtimes:
 0: 738.429657ms
 1: 873.301020ms
 2: 848.814131ms
 3: 696.697912ms
 4: 692.506102ms
 5: 693.059061ms
 6: 1117.694620ms
 7: 682.036929ms
 8: 688.813203ms
 9: 692.101327ms
 10: 685.966837ms
 11: 685.496777ms
 12: 686.103204ms
 13: 844.507326ms
 14: 775.025604ms
 15: 697.557802ms
 16: 691.367932ms
 17: 692.888117ms
 18: 695.822308ms
 19: 737.722634ms
 20: 693.478638ms
 21: 691.757116ms
 22: 691.489629ms
 23: 694.365556ms
 24: 690.201148ms
 25: 685.586592ms
 26: 690.720930ms
 27: 844.484318ms
 28: 668.859159ms
 29: 725.548550ms
 30: 1198.345818ms
 31: 690.848974ms
 32: 1192.243598ms
 33: 687.032648ms
 34: 686.651799ms
 35: 1130.819898ms
 36: 690.796165ms
 37: 688.943579ms
 38: 688.628757ms
 39: 887.144766ms
 40: 767.436626ms
 41: 693.032991ms
 42: 846.791584ms
 43: 904.409407ms
 44: 668.281771ms
 45: 1201.201824ms
 46: 809.628108ms
 47: 1084.545044ms
 48: 689.179439ms
 49: 956.953042ms


Measurements
--------------------------
FFT Size            : 610^3
Threads             : 37
Batch               : 1
Iterations          : 50
Avg Tot Runtime     : 783.106400 ms
Runtime per batch   : 783.106400 ms
SD                  : 154.494102 ms
Throughput          : 40.130992 GFLOPs
Plan Time           : 952.817457 sec
