Expm 2: Streaming FFTW
FFTW Plan: Patient
-- Cannot import wisdom from ../../wisdom/singlenode/all/193/fftw_193_t40_b1.patient
-- Exporting wisdom file to ../../wisdom/singlenode/all/193/fftw_193_t40_b1.patient
Iteration: 0, 1, 2, 3, 4, 5, 6, 7, 8, 9, 10, 11, 12, 13, 14, 15, 16, 17, 18, 19, 20, 21, 22, 23, 24, 25, 26, 27, 28, 29, 30, 31, 32, 33, 34, 35, 36, 37, 38, 39, 40, 41, 42, 43, 44, 45, 46, 47, 48, 49, 
Printing individual runtimes:
 0: 14.871156ms
 1: 15.221112ms
 2: 14.912390ms
 3: 8.290914ms
 4: 8.288553ms
 5: 8.012272ms
 6: 8.020218ms
 7: 8.034157ms
 8: 8.307195ms
 9: 8.043446ms
 10: 8.111196ms
 11: 8.118275ms
 12: 8.083137ms
 13: 8.002229ms
 14: 8.033962ms
 15: 8.046226ms
 16: 8.008587ms
 17: 7.989315ms
 18: 7.984877ms
 19: 8.015280ms
 20: 8.121209ms
 21: 8.208216ms
 22: 8.014253ms
 23: 7.962685ms
 24: 7.977148ms
 25: 14.235678ms
 26: 8.098948ms
 27: 8.024439ms
 28: 8.057813ms
 29: 8.101128ms
 30: 7.997934ms
 31: 7.992911ms
 32: 7.952890ms
 33: 8.087770ms
 34: 8.022007ms
 35: 9.192061ms
 36: 14.961277ms
 37: 13.822368ms
 38: 8.282922ms
 39: 7.974681ms
 40: 8.136267ms
 41: 8.012325ms
 42: 15.078430ms
 43: 8.004466ms
 44: 7.999848ms
 45: 15.708709ms
 46: 14.746303ms
 47: 14.505072ms
 48: 8.216584ms
 49: 8.132723ms


Measurements
--------------------------
FFT Size            : 193^3
Threads             : 40
Batch               : 1
Iterations          : 50
Avg Tot Runtime     : 9.440471 ms
Runtime per batch   : 9.440471 ms
SD                  : 2.698048 ms
Throughput          : 0.849948 GFLOPs
Plan Time           : 224.035376 sec
