Expm 2: Streaming FFTW
FFTW Plan: Patient
-- Cannot import wisdom from ../../wisdom/singlenode/all/618/fftw_618_t36_b1.patient
-- Exporting wisdom file to ../../wisdom/singlenode/all/618/fftw_618_t36_b1.patient
Iteration: 0, 1, 2, 3, 4, 5, 6, 7, 8, 9, 10, 11, 12, 13, 14, 15, 16, 17, 18, 19, 20, 21, 22, 23, 24, 25, 26, 27, 28, 29, 30, 31, 32, 33, 34, 35, 36, 37, 38, 39, 40, 41, 42, 43, 44, 45, 46, 47, 48, 49, 
Printing individual runtimes:
 0: 661.450133ms
 1: 758.924924ms
 2: 519.525451ms
 3: 517.157600ms
 4: 528.606614ms
 5: 630.061809ms
 6: 511.490373ms
 7: 535.489606ms
 8: 513.738831ms
 9: 540.208519ms
 10: 635.339199ms
 11: 503.600783ms
 12: 735.943632ms
 13: 507.069309ms
 14: 801.647455ms
 15: 573.594796ms
 16: 508.951711ms
 17: 517.867706ms
 18: 503.300157ms
 19: 494.398161ms
 20: 492.418542ms
 21: 502.253404ms
 22: 489.903793ms
 23: 787.323523ms
 24: 688.346761ms
 25: 892.002475ms
 26: 700.103705ms
 27: 865.631688ms
 28: 803.345943ms
 29: 730.593918ms
 30: 663.781883ms
 31: 858.515261ms
 32: 656.043680ms
 33: 741.324651ms
 34: 535.376540ms
 35: 832.596776ms
 36: 555.647212ms
 37: 498.577029ms
 38: 577.891092ms
 39: 609.294629ms
 40: 534.463874ms
 41: 505.707921ms
 42: 556.004840ms
 43: 540.760111ms
 44: 533.741451ms
 45: 549.438701ms
 46: 562.943193ms
 47: 560.440042ms
 48: 681.392186ms
 49: 528.008200ms


Measurements
--------------------------
FFT Size            : 618^3
Threads             : 36
Batch               : 1
Iterations          : 50
Avg Tot Runtime     : 610.644796 ms
Runtime per batch   : 610.644796 ms
SD                  : 117.141906 ms
Throughput          : 33.434773 GFLOPs
Plan Time           : 596.848618 sec
