Expm 2: Streaming FFT

Printing individual runtimes:
 0: 332.794525ms
 1: 190.447095ms
 2: 133.353289ms
 3: 116.409223ms
 4: 125.364444ms
 5: 127.370682ms
 6: 145.507383ms
 7: 123.956831ms
 8: 126.643798ms
 9: 129.252203ms
 10: 122.142114ms
 11: 127.300202ms
 12: 139.428280ms
 13: 120.399474ms
 14: 140.635324ms
 15: 130.110463ms
 16: 122.075837ms
 17: 128.809428ms
 18: 132.978703ms
 19: 133.108096ms
 20: 124.620285ms
 21: 126.497798ms
 22: 115.035357ms
 23: 115.018643ms
 24: 113.282671ms
 25: 123.488400ms
 26: 118.254612ms
 27: 120.161075ms
 28: 115.509943ms
 29: 117.656192ms
 30: 131.197865ms
 31: 121.811670ms
 32: 150.482215ms
 33: 148.845171ms
 34: 138.222710ms
 35: 135.065119ms
 36: 142.279250ms
 37: 143.294366ms
 38: 150.233245ms
 39: 148.073443ms
 40: 143.006991ms
 41: 133.463285ms
 42: 148.507847ms
 43: 138.790277ms
 44: 144.093244ms
 45: 143.734119ms
 46: 144.126372ms
 47: 157.033563ms
 48: 132.727988ms
 49: 131.565382ms
 50: 142.921387ms
 51: 143.437055ms
 52: 154.422708ms
 53: 135.812651ms
 54: 145.794492ms
 55: 152.218523ms
 56: 141.666966ms
 57: 140.535107ms
 58: 128.552972ms
 59: 140.064649ms
 60: 138.342633ms
 61: 140.467827ms
 62: 139.987117ms
 63: 141.777019ms
 64: 136.073139ms
 65: 145.647885ms
 66: 134.690444ms
 67: 143.238356ms
 68: 142.675375ms
 69: 144.041204ms
 70: 137.841568ms
 71: 133.450362ms
 72: 134.743915ms
 73: 139.721290ms
 74: 140.427823ms
 75: 137.161821ms
 76: 135.321665ms
 77: 137.081718ms
 78: 133.321040ms
 79: 135.629804ms
 80: 139.704194ms
 81: 140.495918ms
 82: 134.353038ms
 83: 136.066948ms
 84: 144.564077ms
 85: 138.922639ms
 86: 140.086875ms
 87: 152.190390ms
 88: 139.882484ms
 89: 135.953067ms
 90: 143.827150ms
 91: 140.655818ms
 92: 147.540810ms
 93: 146.382483ms
 94: 142.191284ms
 95: 135.260404ms
 96: 140.342741ms
 97: 136.073652ms
 98: 140.294585ms
 99: 145.322814ms
 100: 146.741286ms
 101: 138.363515ms
 102: 139.742614ms
 103: 137.894633ms
 104: 135.222944ms
 105: 134.223076ms
 106: 137.208035ms
 107: 145.368435ms
 108: 136.710002ms
 109: 150.544630ms
 110: 139.602520ms
 111: 136.313848ms
 112: 140.806816ms
 113: 147.470324ms
 114: 139.184966ms
 115: 141.671693ms
 116: 144.751131ms
 117: 136.984299ms
 118: 138.936811ms
 119: 139.954352ms
 120: 148.243495ms
 121: 133.285494ms
 122: 138.871077ms
 123: 145.953128ms
 124: 139.650468ms
 125: 152.287611ms
 126: 136.639342ms
 127: 142.333894ms
 128: 140.100115ms
 129: 143.868412ms
 130: 147.390018ms
 131: 147.013893ms
 132: 138.406680ms
 133: 137.220784ms
 134: 144.484389ms
 135: 132.557374ms
 136: 133.531519ms
 137: 146.198086ms
 138: 147.213171ms
 139: 139.262232ms
 140: 138.866604ms
 141: 141.198960ms
 142: 133.465676ms
 143: 146.334625ms
 144: 142.219025ms
 145: 151.245820ms
 146: 138.439158ms
 147: 144.209095ms
 148: 142.141766ms
 149: 137.543887ms
 150: 138.705929ms
 151: 135.687484ms
 152: 139.783579ms
 153: 152.563901ms
 154: 139.703189ms
 155: 141.281346ms
 156: 136.910364ms
 157: 147.523109ms
 158: 149.407144ms
 159: 147.085901ms
 160: 137.110670ms
 161: 141.016606ms
 162: 137.253497ms
 163: 138.769103ms
 164: 144.619208ms
 165: 136.653281ms
 166: 142.216709ms
 167: 142.819801ms
 168: 142.103130ms
 169: 143.684898ms
 170: 138.202764ms
 171: 143.200405ms
 172: 136.868458ms
 173: 136.059393ms
 174: 148.545985ms
 175: 148.302517ms
 176: 140.296738ms
 177: 147.097440ms
 178: 142.348462ms
 179: 139.768542ms
 180: 145.939247ms
 181: 140.482740ms
 182: 146.587799ms
 183: 136.200496ms
 184: 139.383711ms
 185: 138.826900ms
 186: 138.067682ms
 187: 132.524954ms
 188: 140.008047ms
 189: 141.507712ms
 190: 140.762369ms
 191: 142.492913ms
 192: 141.940042ms
 193: 135.365386ms
 194: 146.128964ms
 195: 145.938811ms
 196: 143.734312ms
 197: 139.017341ms
 198: 143.474113ms
 199: 136.199678ms


-- Real : Q1: 50 Q2: 100 Q3: 150
-- Array: Q1: 49 Q2: 99 Q3: 149
Printing sorted runtimes:
 0: 134.690444ms
 1: 134.353038ms
 2: 133.353289ms
 3: 116.409223ms
 4: 125.364444ms
 5: 127.370682ms
 6: 133.450362ms
 7: 123.956831ms
 8: 126.643798ms
 9: 129.252203ms
 10: 122.142114ms
 11: 127.300202ms
 12: 131.565382ms
 13: 120.399474ms
 14: 132.727988ms
 15: 130.110463ms
 16: 122.075837ms
 17: 128.809428ms
 18: 132.978703ms
 19: 133.108096ms
 20: 124.620285ms
 21: 126.497798ms
 22: 115.035357ms
 23: 115.018643ms
 24: 113.282671ms
 25: 123.488400ms
 26: 118.254612ms
 27: 120.161075ms
 28: 115.509943ms
 29: 117.656192ms
 30: 131.197865ms
 31: 121.811670ms
 32: 133.465676ms
 33: 133.531519ms
 34: 132.557374ms
 35: 134.223076ms
 36: 128.552972ms
 37: 133.321040ms
 38: 133.285494ms
 39: 133.463285ms
 40: 132.524954ms
 41: 135.365386ms
 42: 134.743915ms
 43: 135.065119ms
 44: 135.222944ms
 45: 135.321665ms
 46: 135.260404ms
 47: 135.812651ms
 48: 135.687484ms
 49: 135.629804ms
 50: 135.953067ms
 51: 139.383711ms
 52: 136.066948ms
 53: 136.073139ms
 54: 136.073652ms
 55: 136.710002ms
 56: 136.313848ms
 57: 136.639342ms
 58: 136.200496ms
 59: 136.653281ms
 60: 136.199678ms
 61: 136.868458ms
 62: 138.202764ms
 63: 138.769103ms
 64: 137.253497ms
 65: 137.110670ms
 66: 138.342633ms
 67: 136.910364ms
 68: 138.705929ms
 69: 137.543887ms
 70: 137.841568ms
 71: 138.439158ms
 72: 138.866604ms
 73: 139.262232ms
 74: 139.017341ms
 75: 137.161821ms
 76: 138.222710ms
 77: 137.081718ms
 78: 137.220784ms
 79: 138.406680ms
 80: 136.059393ms
 81: 138.871077ms
 82: 138.826900ms
 83: 138.936811ms
 84: 136.984299ms
 85: 138.922639ms
 86: 139.184966ms
 87: 138.067682ms
 88: 137.208035ms
 89: 138.790277ms
 90: 137.894633ms
 91: 138.363515ms
 92: 139.650468ms
 93: 139.602520ms
 94: 139.428280ms
 95: 139.721290ms
 96: 139.703189ms
 97: 139.704194ms
 98: 139.742614ms
 99: 139.768542ms
 100: 139.783579ms
 101: 142.675375ms
 102: 139.987117ms
 103: 139.954352ms
 104: 141.281346ms
 105: 140.655818ms
 106: 140.008047ms
 107: 140.296738ms
 108: 140.635324ms
 109: 140.064649ms
 110: 140.294585ms
 111: 141.198960ms
 112: 140.806816ms
 113: 140.762369ms
 114: 140.086875ms
 115: 140.535107ms
 116: 140.342741ms
 117: 140.482740ms
 118: 140.427823ms
 119: 141.016606ms
 120: 140.100115ms
 121: 140.467827ms
 122: 140.495918ms
 123: 141.507712ms
 124: 142.103130ms
 125: 142.216709ms
 126: 141.777019ms
 127: 142.333894ms
 128: 141.940042ms
 129: 142.191284ms
 130: 142.279250ms
 131: 142.348462ms
 132: 139.882484ms
 133: 142.492913ms
 134: 142.141766ms
 135: 141.666966ms
 136: 142.219025ms
 137: 141.671693ms
 138: 143.827150ms
 139: 143.734119ms
 140: 143.684898ms
 141: 142.819801ms
 142: 143.474113ms
 143: 143.734312ms
 144: 143.437055ms
 145: 143.200405ms
 146: 143.006991ms
 147: 142.921387ms
 148: 143.238356ms
 149: 143.294366ms
 150: 143.868412ms
 151: 144.041204ms
 152: 144.093244ms
 153: 144.126372ms
 154: 144.209095ms
 155: 144.484389ms
 156: 144.751131ms
 157: 144.619208ms
 158: 144.564077ms
 159: 145.322814ms
 160: 145.647885ms
 161: 145.368435ms
 162: 146.128964ms
 163: 145.794492ms
 164: 145.939247ms
 165: 145.507383ms
 166: 146.334625ms
 167: 145.938811ms
 168: 145.953128ms
 169: 146.198086ms
 170: 146.382483ms
 171: 146.587799ms
 172: 146.741286ms
 173: 147.085901ms
 174: 148.545985ms
 175: 148.302517ms
 176: 149.407144ms
 177: 147.097440ms
 178: 147.523109ms
 179: 152.563901ms
 180: 151.245820ms
 181: 147.213171ms
 182: 147.013893ms
 183: 147.390018ms
 184: 152.287611ms
 185: 148.243495ms
 186: 147.470324ms
 187: 150.544630ms
 188: 332.794525ms
 189: 147.540810ms
 190: 152.190390ms
 191: 152.218523ms
 192: 154.422708ms
 193: 157.033563ms
 194: 148.507847ms
 195: 148.073443ms
 196: 150.233245ms
 197: 148.845171ms
 198: 150.482215ms
 199: 190.447095ms


Measurements
--------------------------
FFT Size            : 512^3
Threads             : 38
Batch               : 1
Iterations          : 200
Avg Tot Runtime     : 140.046954 ms
Runtime per batch   : 140.046954 ms
SD                  : 16.178657 ms
Q1                  : 135.629804 ms
Median              : 139.776061 ms
Q3                  : 143.294366 ms
