Expm 2: Streaming FFT

Printing individual runtimes:
 0: 454.859182ms
 1: 410.141385ms
 2: 427.406008ms
 3: 383.786016ms
 4: 379.325884ms
 5: 463.664137ms
 6: 404.091653ms
 7: 392.218602ms
 8: 465.389604ms
 9: 420.345379ms
 10: 421.909258ms
 11: 352.471906ms
 12: 420.883102ms
 13: 416.148578ms
 14: 355.436111ms
 15: 419.435140ms
 16: 348.568603ms
 17: 378.423697ms
 18: 371.614267ms
 19: 324.733088ms
 20: 334.531815ms
 21: 355.146923ms
 22: 364.266623ms
 23: 325.146380ms
 24: 363.109580ms
 25: 384.591977ms
 26: 325.194151ms
 27: 334.502666ms
 28: 387.341141ms
 29: 386.572362ms
 30: 383.585574ms
 31: 324.159200ms
 32: 375.879269ms
 33: 380.342461ms
 34: 385.654069ms
 35: 381.390445ms
 36: 361.697191ms
 37: 373.634701ms
 38: 375.461681ms
 39: 366.742983ms
 40: 384.733278ms
 41: 349.331516ms
 42: 384.724770ms
 43: 344.033871ms
 44: 346.314445ms
 45: 329.941714ms
 46: 385.699036ms
 47: 385.062448ms
 48: 387.978190ms
 49: 320.739418ms
 50: 326.644031ms
 51: 387.948471ms
 52: 373.626541ms
 53: 367.301688ms
 54: 298.064001ms
 55: 304.548336ms
 56: 311.354490ms
 57: 303.542198ms
 58: 301.447743ms
 59: 291.059557ms
 60: 299.819440ms
 61: 303.158085ms
 62: 300.281744ms
 63: 297.281766ms
 64: 309.946215ms
 65: 297.302448ms
 66: 304.225049ms
 67: 303.249221ms
 68: 305.776691ms
 69: 300.608500ms
 70: 309.363038ms
 71: 297.017262ms
 72: 300.931688ms
 73: 300.647267ms
 74: 302.592633ms
 75: 298.610098ms
 76: 306.938487ms
 77: 307.774597ms
 78: 304.746392ms
 79: 300.583996ms
 80: 302.160147ms
 81: 308.655775ms
 82: 301.508543ms
 83: 307.119147ms
 84: 298.264816ms
 85: 302.451929ms
 86: 298.975997ms
 87: 303.997692ms
 88: 298.302466ms
 89: 302.263041ms
 90: 302.643476ms
 91: 302.315717ms
 92: 303.299089ms
 93: 300.575338ms
 94: 302.189259ms
 95: 300.471807ms
 96: 309.475526ms
 97: 306.120542ms
 98: 298.042624ms
 99: 301.041144ms
 100: 302.915935ms
 101: 295.622257ms
 102: 304.221876ms
 103: 303.596429ms
 104: 305.081005ms
 105: 299.186287ms
 106: 310.965074ms
 107: 305.963752ms
 108: 300.921731ms
 109: 296.445451ms
 110: 303.513800ms
 111: 298.682445ms
 112: 303.147794ms
 113: 308.739278ms
 114: 348.081276ms
 115: 337.868065ms
 116: 343.145015ms
 117: 299.901756ms
 118: 315.041575ms
 119: 315.006310ms
 120: 337.932504ms
 121: 308.437663ms
 122: 338.549371ms
 123: 342.144283ms
 124: 336.193122ms
 125: 366.731224ms
 126: 382.415106ms
 127: 386.270389ms
 128: 359.516301ms
 129: 382.572002ms
 130: 383.634409ms
 131: 387.985666ms
 132: 360.590325ms
 133: 441.054846ms
 134: 438.772447ms
 135: 375.059292ms
 136: 438.672530ms
 137: 392.447432ms
 138: 398.835315ms
 139: 396.238548ms
 140: 373.312267ms
 141: 372.282698ms
 142: 367.042461ms
 143: 429.938411ms
 144: 410.802415ms
 145: 368.741386ms
 146: 443.317361ms
 147: 443.141067ms
 148: 437.846599ms
 149: 442.399259ms
 150: 445.636500ms
 151: 364.212436ms
 152: 385.283997ms
 153: 300.251003ms
 154: 302.821856ms
 155: 308.320527ms
 156: 300.445952ms
 157: 306.305909ms
 158: 301.288021ms
 159: 301.794038ms
 160: 307.599968ms
 161: 306.270147ms
 162: 306.485292ms
 163: 299.071300ms
 164: 297.698361ms
 165: 303.953869ms
 166: 301.458843ms
 167: 298.471022ms
 168: 297.666762ms
 169: 297.903013ms
 170: 297.878163ms
 171: 299.648540ms
 172: 309.995397ms
 173: 329.492140ms
 174: 316.045075ms
 175: 344.231965ms
 176: 312.649835ms
 177: 326.681839ms
 178: 342.716957ms
 179: 328.085402ms
 180: 350.883198ms
 181: 336.649060ms
 182: 302.348727ms
 183: 380.440721ms
 184: 366.126523ms
 185: 381.398752ms
 186: 376.588725ms
 187: 370.039659ms
 188: 356.696540ms
 189: 363.059740ms
 190: 371.533076ms
 191: 323.489411ms
 192: 350.863534ms
 193: 434.913067ms
 194: 434.995966ms
 195: 395.392697ms
 196: 376.666924ms
 197: 438.976349ms
 198: 431.364271ms
 199: 431.646787ms


-- Real : Q1: 50 Q2: 100 Q3: 150
-- Array: Q1: 49 Q2: 99 Q3: 149
Printing sorted runtimes:
 0: 299.819440ms
 1: 296.445451ms
 2: 291.059557ms
 3: 299.186287ms
 4: 299.648540ms
 5: 297.878163ms
 6: 297.903013ms
 7: 297.666762ms
 8: 298.064001ms
 9: 298.471022ms
 10: 298.682445ms
 11: 297.281766ms
 12: 297.698361ms
 13: 299.071300ms
 14: 297.302448ms
 15: 295.622257ms
 16: 297.017262ms
 17: 298.610098ms
 18: 298.264816ms
 19: 298.975997ms
 20: 298.042624ms
 21: 298.302466ms
 22: 302.592633ms
 23: 302.189259ms
 24: 300.575338ms
 25: 300.921731ms
 26: 301.447743ms
 27: 302.315717ms
 28: 300.251003ms
 29: 300.281744ms
 30: 302.263041ms
 31: 300.471807ms
 32: 301.458843ms
 33: 301.041144ms
 34: 302.451929ms
 35: 302.348727ms
 36: 301.288021ms
 37: 301.508543ms
 38: 302.160147ms
 39: 300.583996ms
 40: 301.794038ms
 41: 300.445952ms
 42: 300.647267ms
 43: 300.931688ms
 44: 299.901756ms
 45: 300.608500ms
 46: 302.915935ms
 47: 302.643476ms
 48: 302.821856ms
 49: 303.147794ms
 50: 303.158085ms
 51: 312.649835ms
 52: 303.299089ms
 53: 303.249221ms
 54: 303.596429ms
 55: 303.997692ms
 56: 303.953869ms
 57: 303.542198ms
 58: 304.221876ms
 59: 304.225049ms
 60: 304.548336ms
 61: 311.354490ms
 62: 303.513800ms
 63: 305.963752ms
 64: 309.946215ms
 65: 310.965074ms
 66: 308.739278ms
 67: 309.995397ms
 68: 305.776691ms
 69: 305.081005ms
 70: 309.363038ms
 71: 306.485292ms
 72: 306.270147ms
 73: 307.599968ms
 74: 306.120542ms
 75: 309.475526ms
 76: 306.938487ms
 77: 307.774597ms
 78: 304.746392ms
 79: 308.437663ms
 80: 306.305909ms
 81: 308.655775ms
 82: 308.320527ms
 83: 307.119147ms
 84: 329.941714ms
 85: 315.041575ms
 86: 328.085402ms
 87: 316.045075ms
 88: 324.159200ms
 89: 326.681839ms
 90: 329.492140ms
 91: 324.733088ms
 92: 325.194151ms
 93: 326.644031ms
 94: 325.146380ms
 95: 320.739418ms
 96: 323.489411ms
 97: 315.006310ms
 98: 334.502666ms
 99: 334.531815ms
 100: 336.193122ms
 101: 373.626541ms
 102: 344.033871ms
 103: 337.932504ms
 104: 343.145015ms
 105: 337.868065ms
 106: 338.549371ms
 107: 342.144283ms
 108: 366.731224ms
 109: 342.716957ms
 110: 350.863534ms
 111: 363.059740ms
 112: 352.471906ms
 113: 356.696540ms
 114: 348.081276ms
 115: 355.436111ms
 116: 348.568603ms
 117: 346.314445ms
 118: 355.146923ms
 119: 349.331516ms
 120: 364.266623ms
 121: 363.109580ms
 122: 364.212436ms
 123: 350.883198ms
 124: 361.697191ms
 125: 344.231965ms
 126: 366.126523ms
 127: 360.590325ms
 128: 359.516301ms
 129: 370.039659ms
 130: 371.614267ms
 131: 366.742983ms
 132: 371.533076ms
 133: 336.649060ms
 134: 368.741386ms
 135: 367.042461ms
 136: 372.282698ms
 137: 373.312267ms
 138: 367.301688ms
 139: 376.588725ms
 140: 375.461681ms
 141: 375.879269ms
 142: 375.059292ms
 143: 373.634701ms
 144: 380.342461ms
 145: 376.666924ms
 146: 379.325884ms
 147: 378.423697ms
 148: 380.440721ms
 149: 381.390445ms
 150: 381.398752ms
 151: 385.283997ms
 152: 383.585574ms
 153: 385.062448ms
 154: 384.591977ms
 155: 382.415106ms
 156: 384.733278ms
 157: 384.724770ms
 158: 383.634409ms
 159: 382.572002ms
 160: 383.786016ms
 161: 385.699036ms
 162: 386.270389ms
 163: 385.654069ms
 164: 386.572362ms
 165: 387.948471ms
 166: 387.978190ms
 167: 387.341141ms
 168: 392.218602ms
 169: 404.091653ms
 170: 396.238548ms
 171: 398.835315ms
 172: 392.447432ms
 173: 395.392697ms
 174: 387.985666ms
 175: 410.141385ms
 176: 445.636500ms
 177: 442.399259ms
 178: 437.846599ms
 179: 443.141067ms
 180: 443.317361ms
 181: 410.802415ms
 182: 429.938411ms
 183: 438.672530ms
 184: 438.772447ms
 185: 441.054846ms
 186: 419.435140ms
 187: 416.148578ms
 188: 420.883102ms
 189: 421.909258ms
 190: 420.345379ms
 191: 465.389604ms
 192: 463.664137ms
 193: 434.913067ms
 194: 434.995966ms
 195: 427.406008ms
 196: 454.859182ms
 197: 438.976349ms
 198: 431.364271ms
 199: 431.646787ms


Measurements
--------------------------
FFT Size            : 512^3
Threads             : 5
Batch               : 1
Iterations          : 200
Avg Tot Runtime     : 346.099944 ms
Runtime per batch   : 346.099944 ms
SD                  : 46.548295 ms
Q1                  : 303.147794 ms
Median              : 335.362469 ms
Q3                  : 381.390445 ms
