Expm 2: Streaming FFT

Printing individual runtimes:
 0: 316.002924ms
 1: 247.368533ms
 2: 130.889367ms
 3: 188.237098ms
 4: 132.167224ms
 5: 140.436190ms
 6: 147.071246ms
 7: 169.924446ms
 8: 148.011908ms
 9: 166.260554ms
 10: 146.866538ms
 11: 158.001314ms
 12: 157.668859ms
 13: 149.373744ms
 14: 149.503913ms
 15: 156.447325ms
 16: 165.540935ms
 17: 168.002570ms
 18: 179.914029ms
 19: 151.986419ms
 20: 173.358491ms
 21: 172.672807ms
 22: 157.316869ms
 23: 162.723709ms
 24: 154.009649ms
 25: 184.053911ms
 26: 169.864946ms
 27: 150.401070ms
 28: 192.010155ms
 29: 164.691090ms
 30: 176.383757ms
 31: 164.853419ms
 32: 167.993714ms
 33: 153.650071ms
 34: 175.493540ms
 35: 168.857318ms
 36: 165.237030ms
 37: 166.548593ms
 38: 161.347665ms
 39: 182.405646ms
 40: 141.127264ms
 41: 194.368758ms
 42: 166.861705ms
 43: 166.094652ms
 44: 189.960614ms
 45: 173.475910ms
 46: 170.244494ms
 47: 191.743724ms
 48: 160.985717ms
 49: 171.128718ms
 50: 181.072571ms
 51: 180.139163ms
 52: 199.803076ms
 53: 181.713093ms
 54: 168.157868ms
 55: 167.567873ms
 56: 172.936117ms
 57: 175.613384ms
 58: 172.949262ms
 59: 173.749359ms
 60: 171.475607ms
 61: 187.876683ms
 62: 194.037728ms
 63: 176.404248ms
 64: 199.007794ms
 65: 175.169268ms
 66: 183.903833ms
 67: 190.275190ms
 68: 169.620584ms
 69: 164.616855ms
 70: 166.620401ms
 71: 183.150010ms
 72: 163.218363ms
 73: 187.853982ms
 74: 180.757770ms
 75: 176.989019ms
 76: 170.569730ms
 77: 164.711466ms
 78: 191.650038ms
 79: 174.349049ms
 80: 173.553745ms
 81: 161.621142ms
 82: 156.745969ms
 83: 172.269861ms
 84: 173.607021ms
 85: 174.621387ms
 86: 191.098565ms
 87: 158.302713ms
 88: 168.939334ms
 89: 168.631795ms
 90: 170.774094ms
 91: 158.447677ms
 92: 161.160618ms
 93: 181.457241ms
 94: 156.724751ms
 95: 192.540594ms
 96: 162.716673ms
 97: 158.412698ms
 98: 194.375168ms
 99: 179.416974ms
 100: 166.322578ms
 101: 178.155123ms
 102: 160.271168ms
 103: 167.323360ms
 104: 164.337665ms
 105: 181.026864ms
 106: 178.058125ms
 107: 162.390496ms
 108: 165.310683ms
 109: 168.357376ms
 110: 212.727764ms
 111: 194.950527ms
 112: 162.783963ms
 113: 182.840208ms
 114: 173.147850ms
 115: 168.513285ms
 116: 206.278798ms
 117: 155.933394ms
 118: 153.293470ms
 119: 184.204783ms
 120: 210.893923ms
 121: 154.613364ms
 122: 162.102460ms
 123: 177.792461ms
 124: 165.471557ms
 125: 167.666231ms
 126: 159.636427ms
 127: 168.641143ms
 128: 196.440708ms
 129: 175.191291ms
 130: 197.145154ms
 131: 198.931137ms
 132: 164.408935ms
 133: 186.435485ms
 134: 163.311145ms
 135: 156.243736ms
 136: 154.403491ms
 137: 182.361990ms
 138: 170.760766ms
 139: 172.144292ms
 140: 158.167956ms
 141: 184.376353ms
 142: 174.690890ms
 143: 184.906730ms
 144: 153.809079ms
 145: 168.292374ms
 146: 206.927821ms
 147: 162.927784ms
 148: 159.875748ms
 149: 174.677037ms
 150: 153.053199ms
 151: 176.521438ms
 152: 163.906341ms
 153: 204.197098ms
 154: 177.228996ms
 155: 179.337658ms
 156: 169.225969ms
 157: 174.393440ms
 158: 186.796770ms
 159: 166.400760ms
 160: 157.694946ms
 161: 169.443498ms
 162: 160.406555ms
 163: 175.474342ms
 164: 166.163356ms
 165: 168.695534ms
 166: 178.695826ms
 167: 176.485900ms
 168: 183.659315ms
 169: 156.897774ms
 170: 163.580388ms
 171: 175.599624ms
 172: 150.177052ms
 173: 180.595491ms
 174: 167.578352ms
 175: 177.665864ms
 176: 184.007657ms
 177: 171.171392ms
 178: 174.860133ms
 179: 159.906004ms
 180: 159.432588ms
 181: 167.748134ms
 182: 168.346350ms
 183: 160.958387ms
 184: 176.640687ms
 185: 172.439300ms
 186: 168.450599ms
 187: 156.813763ms
 188: 170.167720ms
 189: 180.411632ms
 190: 171.832023ms
 191: 164.408871ms
 192: 168.862282ms
 193: 186.165787ms
 194: 154.944576ms
 195: 191.465886ms
 196: 158.769061ms
 197: 163.793931ms
 198: 162.817021ms
 199: 142.379460ms


-- Real : Q1: 50 Q2: 100 Q3: 150
-- Array: Q1: 49 Q2: 99 Q3: 149
Printing sorted runtimes:
 0: 160.406555ms
 1: 142.379460ms
 2: 130.889367ms
 3: 156.745969ms
 4: 132.167224ms
 5: 140.436190ms
 6: 147.071246ms
 7: 158.302713ms
 8: 148.011908ms
 9: 158.447677ms
 10: 146.866538ms
 11: 158.001314ms
 12: 157.668859ms
 13: 149.373744ms
 14: 149.503913ms
 15: 156.447325ms
 16: 156.724751ms
 17: 158.769061ms
 18: 154.944576ms
 19: 151.986419ms
 20: 158.412698ms
 21: 156.813763ms
 22: 157.316869ms
 23: 160.271168ms
 24: 154.009649ms
 25: 155.933394ms
 26: 159.432588ms
 27: 150.401070ms
 28: 159.906004ms
 29: 153.293470ms
 30: 150.177052ms
 31: 154.613364ms
 32: 159.636427ms
 33: 153.650071ms
 34: 156.897774ms
 35: 156.243736ms
 36: 154.403491ms
 37: 158.167956ms
 38: 153.809079ms
 39: 157.694946ms
 40: 141.127264ms
 41: 159.875748ms
 42: 153.053199ms
 43: 161.160618ms
 44: 160.985717ms
 45: 160.958387ms
 46: 162.390496ms
 47: 162.102460ms
 48: 161.621142ms
 49: 161.347665ms
 50: 162.716673ms
 51: 167.666231ms
 52: 162.783963ms
 53: 163.580388ms
 54: 163.311145ms
 55: 163.793931ms
 56: 162.817021ms
 57: 163.218363ms
 58: 162.927784ms
 59: 163.906341ms
 60: 165.310683ms
 61: 164.691090ms
 62: 164.337665ms
 63: 164.853419ms
 64: 164.408871ms
 65: 165.471557ms
 66: 165.540935ms
 67: 164.408935ms
 68: 166.260554ms
 69: 164.616855ms
 70: 166.163356ms
 71: 165.237030ms
 72: 166.322578ms
 73: 166.094652ms
 74: 164.711466ms
 75: 167.578352ms
 76: 166.548593ms
 77: 166.400760ms
 78: 166.861705ms
 79: 162.723709ms
 80: 167.567873ms
 81: 167.323360ms
 82: 166.620401ms
 83: 169.225969ms
 84: 168.357376ms
 85: 167.993714ms
 86: 168.450599ms
 87: 168.157868ms
 88: 168.939334ms
 89: 168.631795ms
 90: 168.346350ms
 91: 167.748134ms
 92: 168.002570ms
 93: 168.292374ms
 94: 168.695534ms
 95: 168.857318ms
 96: 168.513285ms
 97: 168.862282ms
 98: 168.641143ms
 99: 169.443498ms
 100: 169.620584ms
 101: 176.383757ms
 102: 169.924446ms
 103: 170.244494ms
 104: 170.167720ms
 105: 170.569730ms
 106: 171.128718ms
 107: 170.774094ms
 108: 170.760766ms
 109: 171.171392ms
 110: 171.475607ms
 111: 172.439300ms
 112: 172.672807ms
 113: 173.607021ms
 114: 173.147850ms
 115: 171.832023ms
 116: 173.358491ms
 117: 172.949262ms
 118: 172.144292ms
 119: 172.269861ms
 120: 173.475910ms
 121: 172.936117ms
 122: 173.553745ms
 123: 175.493540ms
 124: 175.474342ms
 125: 174.349049ms
 126: 175.613384ms
 127: 174.393440ms
 128: 173.749359ms
 129: 175.191291ms
 130: 174.621387ms
 131: 175.599624ms
 132: 174.860133ms
 133: 169.864946ms
 134: 174.677037ms
 135: 174.690890ms
 136: 175.169268ms
 137: 178.058125ms
 138: 176.521438ms
 139: 176.404248ms
 140: 177.228996ms
 141: 176.485900ms
 142: 177.792461ms
 143: 177.665864ms
 144: 176.989019ms
 145: 176.640687ms
 146: 179.416974ms
 147: 178.155123ms
 148: 179.337658ms
 149: 178.695826ms
 150: 179.914029ms
 151: 180.139163ms
 152: 180.411632ms
 153: 181.026864ms
 154: 183.659315ms
 155: 180.595491ms
 156: 181.713093ms
 157: 181.457241ms
 158: 181.072571ms
 159: 180.757770ms
 160: 182.405646ms
 161: 182.361990ms
 162: 183.150010ms
 163: 182.840208ms
 164: 184.204783ms
 165: 184.053911ms
 166: 183.903833ms
 167: 184.376353ms
 168: 184.007657ms
 169: 186.796770ms
 170: 204.197098ms
 171: 194.368758ms
 172: 191.650038ms
 173: 189.960614ms
 174: 206.927821ms
 175: 184.906730ms
 176: 191.743724ms
 177: 186.435485ms
 178: 199.803076ms
 179: 192.010155ms
 180: 198.931137ms
 181: 197.145154ms
 182: 196.440708ms
 183: 210.893923ms
 184: 206.278798ms
 185: 194.950527ms
 186: 212.727764ms
 187: 187.876683ms
 188: 194.037728ms
 189: 187.853982ms
 190: 316.002924ms
 191: 194.375168ms
 192: 199.007794ms
 193: 186.165787ms
 194: 192.540594ms
 195: 191.465886ms
 196: 190.275190ms
 197: 191.098565ms
 198: 188.237098ms
 199: 247.368533ms


Measurements
--------------------------
FFT Size            : 512^3
Threads             : 25
Batch               : 1
Iterations          : 200
Avg Tot Runtime     : 172.085306 ms
Runtime per batch   : 172.085306 ms
SD                  : 18.099167 ms
Q1                  : 161.347665 ms
Median              : 169.532041 ms
Q3                  : 178.695826 ms
