Expm 2: Streaming FFT

Printing individual runtimes:
 0: 321.220931ms
 1: 216.408706ms
 2: 159.605406ms
 3: 128.760668ms
 4: 130.856172ms
 5: 130.987649ms
 6: 127.611779ms
 7: 132.049626ms
 8: 119.236828ms
 9: 123.165410ms
 10: 116.360403ms
 11: 122.992428ms
 12: 117.830957ms
 13: 117.158627ms
 14: 113.137023ms
 15: 122.831999ms
 16: 116.261459ms
 17: 119.035011ms
 18: 121.077364ms
 19: 117.454729ms
 20: 119.503024ms
 21: 125.375401ms
 22: 129.117901ms
 23: 126.348971ms
 24: 120.925944ms
 25: 138.188160ms
 26: 142.991651ms
 27: 121.088134ms
 28: 130.415401ms
 29: 128.591614ms
 30: 135.169240ms
 31: 119.787125ms
 32: 125.653899ms
 33: 130.198109ms
 34: 124.297802ms
 35: 132.745501ms
 36: 119.525601ms
 37: 124.137085ms
 38: 118.563034ms
 39: 115.287077ms
 40: 140.051511ms
 41: 127.900742ms
 42: 136.444326ms
 43: 124.760138ms
 44: 128.709874ms
 45: 147.625714ms
 46: 120.419163ms
 47: 118.041696ms
 48: 138.465719ms
 49: 125.008095ms
 50: 126.687487ms
 51: 135.719973ms
 52: 129.693360ms
 53: 131.771579ms
 54: 125.500918ms
 55: 129.921648ms
 56: 121.699256ms
 57: 121.368282ms
 58: 135.293229ms
 59: 124.035814ms
 60: 122.617562ms
 61: 136.923082ms
 62: 127.895248ms
 63: 123.984485ms
 64: 120.640306ms
 65: 133.733173ms
 66: 125.121478ms
 67: 127.942714ms
 68: 132.512144ms
 69: 129.566284ms
 70: 127.909601ms
 71: 137.821156ms
 72: 122.903819ms
 73: 134.181420ms
 74: 137.806792ms
 75: 121.146328ms
 76: 123.470819ms
 77: 127.820550ms
 78: 119.273218ms
 79: 139.738838ms
 80: 124.619257ms
 81: 128.172162ms
 82: 121.743289ms
 83: 124.513031ms
 84: 136.154866ms
 85: 122.390823ms
 86: 132.272874ms
 87: 127.839719ms
 88: 128.726130ms
 89: 131.985685ms
 90: 129.810505ms
 91: 132.132095ms
 92: 127.637083ms
 93: 130.842960ms
 94: 126.198182ms
 95: 141.908223ms
 96: 123.320798ms
 97: 127.195252ms
 98: 131.665306ms
 99: 129.464398ms
 100: 126.655159ms
 101: 124.956795ms
 102: 130.995073ms
 103: 133.371925ms
 104: 126.725020ms
 105: 127.564999ms
 106: 130.203303ms
 107: 128.835307ms
 108: 126.669810ms
 109: 124.975231ms
 110: 125.054765ms
 111: 139.565724ms
 112: 122.172269ms
 113: 125.579382ms
 114: 128.167962ms
 115: 125.262007ms
 116: 142.897674ms
 117: 128.794554ms
 118: 123.385533ms
 119: 130.115991ms
 120: 126.400100ms
 121: 129.755104ms
 122: 134.468529ms
 123: 130.849184ms
 124: 133.577595ms
 125: 129.099215ms
 126: 130.551887ms
 127: 130.196210ms
 128: 120.643783ms
 129: 121.938020ms
 130: 120.528680ms
 131: 139.128322ms
 132: 119.449188ms
 133: 130.958846ms
 134: 131.290961ms
 135: 126.924800ms
 136: 133.679422ms
 137: 132.395970ms
 138: 141.644663ms
 139: 128.933004ms
 140: 122.705085ms
 141: 131.241488ms
 142: 142.100748ms
 143: 137.798682ms
 144: 127.154316ms
 145: 128.380701ms
 146: 143.058436ms
 147: 129.436807ms
 148: 130.326818ms
 149: 125.045787ms
 150: 129.525153ms
 151: 129.743939ms
 152: 125.209452ms
 153: 134.080770ms
 154: 131.495078ms
 155: 130.641142ms
 156: 143.444463ms
 157: 140.152719ms
 158: 130.878259ms
 159: 130.463149ms
 160: 133.998893ms
 161: 129.244916ms
 162: 132.275460ms
 163: 128.605362ms
 164: 126.758904ms
 165: 129.139222ms
 166: 128.839304ms
 167: 124.514390ms
 168: 126.205798ms
 169: 130.600527ms
 170: 132.585920ms
 171: 132.911730ms
 172: 125.088988ms
 173: 128.802173ms
 174: 138.322051ms
 175: 127.951293ms
 176: 124.286589ms
 177: 144.304828ms
 178: 125.593560ms
 179: 127.020513ms
 180: 140.341574ms
 181: 136.672952ms
 182: 121.977258ms
 183: 129.671021ms
 184: 124.702402ms
 185: 135.898817ms
 186: 138.284262ms
 187: 134.029619ms
 188: 139.502695ms
 189: 136.877544ms
 190: 145.406612ms
 191: 146.625056ms
 192: 143.758412ms
 193: 144.170985ms
 194: 137.077908ms
 195: 146.985671ms
 196: 147.460159ms
 197: 157.287870ms
 198: 154.815602ms
 199: 145.094763ms


-- Real : Q1: 50 Q2: 100 Q3: 150
-- Array: Q1: 49 Q2: 99 Q3: 149
Printing sorted runtimes:
 0: 122.903819ms
 1: 121.146328ms
 2: 119.273218ms
 3: 120.640306ms
 4: 121.743289ms
 5: 122.705085ms
 6: 119.449188ms
 7: 120.528680ms
 8: 119.236828ms
 9: 122.617562ms
 10: 116.360403ms
 11: 122.390823ms
 12: 117.830957ms
 13: 117.158627ms
 14: 113.137023ms
 15: 122.831999ms
 16: 116.261459ms
 17: 119.035011ms
 18: 121.077364ms
 19: 117.454729ms
 20: 119.503024ms
 21: 121.368282ms
 22: 121.938020ms
 23: 121.699256ms
 24: 120.925944ms
 25: 120.643783ms
 26: 118.041696ms
 27: 121.088134ms
 28: 120.419163ms
 29: 121.977258ms
 30: 122.172269ms
 31: 119.787125ms
 32: 115.287077ms
 33: 118.563034ms
 34: 119.525601ms
 35: 124.286589ms
 36: 123.165410ms
 37: 124.137085ms
 38: 124.035814ms
 39: 122.992428ms
 40: 123.984485ms
 41: 123.320798ms
 42: 123.385533ms
 43: 123.470819ms
 44: 124.619257ms
 45: 124.297802ms
 46: 124.513031ms
 47: 124.514390ms
 48: 124.760138ms
 49: 124.702402ms
 50: 124.956795ms
 51: 127.564999ms
 52: 125.121478ms
 53: 125.054765ms
 54: 125.008095ms
 55: 125.088988ms
 56: 125.045787ms
 57: 125.375401ms
 58: 125.209452ms
 59: 125.262007ms
 60: 125.500918ms
 61: 126.348971ms
 62: 126.205798ms
 63: 126.198182ms
 64: 125.579382ms
 65: 126.655159ms
 66: 126.687487ms
 67: 126.725020ms
 68: 126.400100ms
 69: 126.669810ms
 70: 125.653899ms
 71: 125.593560ms
 72: 126.758904ms
 73: 127.195252ms
 74: 127.020513ms
 75: 124.975231ms
 76: 126.924800ms
 77: 127.154316ms
 78: 127.942714ms
 79: 127.900742ms
 80: 127.637083ms
 81: 127.909601ms
 82: 127.895248ms
 83: 127.820550ms
 84: 127.839719ms
 85: 127.611779ms
 86: 128.933004ms
 87: 128.839304ms
 88: 128.726130ms
 89: 128.172162ms
 90: 128.591614ms
 91: 128.794554ms
 92: 128.380701ms
 93: 128.167962ms
 94: 128.802173ms
 95: 127.951293ms
 96: 128.760668ms
 97: 128.605362ms
 98: 128.709874ms
 99: 128.835307ms
 100: 129.099215ms
 101: 130.995073ms
 102: 129.244916ms
 103: 130.463149ms
 104: 130.878259ms
 105: 129.693360ms
 106: 130.203303ms
 107: 129.464398ms
 108: 129.139222ms
 109: 129.566284ms
 110: 130.641142ms
 111: 129.921648ms
 112: 129.671021ms
 113: 129.743939ms
 114: 130.842960ms
 115: 130.198109ms
 116: 129.525153ms
 117: 130.326818ms
 118: 129.810505ms
 119: 130.115991ms
 120: 130.415401ms
 121: 129.755104ms
 122: 129.436807ms
 123: 130.849184ms
 124: 130.856172ms
 125: 130.600527ms
 126: 130.551887ms
 127: 130.196210ms
 128: 130.987649ms
 129: 129.117901ms
 130: 130.958846ms
 131: 132.272874ms
 132: 131.665306ms
 133: 132.049626ms
 134: 131.290961ms
 135: 131.771579ms
 136: 131.495078ms
 137: 132.132095ms
 138: 131.985685ms
 139: 131.241488ms
 140: 132.395970ms
 141: 132.275460ms
 142: 133.577595ms
 143: 132.585920ms
 144: 132.911730ms
 145: 133.371925ms
 146: 132.512144ms
 147: 132.745501ms
 148: 133.733173ms
 149: 133.679422ms
 150: 133.998893ms
 151: 134.029619ms
 152: 134.181420ms
 153: 134.080770ms
 154: 134.468529ms
 155: 135.169240ms
 156: 135.293229ms
 157: 135.719973ms
 158: 136.154866ms
 159: 135.898817ms
 160: 136.672952ms
 161: 140.152719ms
 162: 136.444326ms
 163: 136.877544ms
 164: 137.077908ms
 165: 136.923082ms
 166: 139.502695ms
 167: 138.284262ms
 168: 137.798682ms
 169: 138.188160ms
 170: 140.051511ms
 171: 139.128322ms
 172: 138.465719ms
 173: 139.565724ms
 174: 138.322051ms
 175: 137.821156ms
 176: 139.738838ms
 177: 137.806792ms
 178: 144.304828ms
 179: 141.908223ms
 180: 140.341574ms
 181: 142.897674ms
 182: 143.758412ms
 183: 141.644663ms
 184: 142.991651ms
 185: 142.100748ms
 186: 143.058436ms
 187: 144.170985ms
 188: 143.444463ms
 189: 145.094763ms
 190: 145.406612ms
 191: 146.625056ms
 192: 147.625714ms
 193: 159.605406ms
 194: 216.408706ms
 195: 146.985671ms
 196: 147.460159ms
 197: 157.287870ms
 198: 154.815602ms
 199: 321.220931ms


Measurements
--------------------------
FFT Size            : 512^3
Threads             : 39
Batch               : 1
Iterations          : 200
Avg Tot Runtime     : 131.268053 ms
Runtime per batch   : 131.268053 ms
SD                  : 16.713537 ms
Q1                  : 124.702402 ms
Median              : 128.967261 ms
Q3                  : 133.679422 ms
