Expm 2: Streaming FFT

Printing individual runtimes:
 0: 534.594457ms
 1: 493.558106ms
 2: 476.744559ms
 3: 477.013139ms
 4: 471.534002ms
 5: 445.096912ms
 6: 387.893363ms
 7: 439.354621ms
 8: 445.342387ms
 9: 445.203115ms
 10: 449.417603ms
 11: 444.712932ms
 12: 448.073732ms
 13: 451.837992ms
 14: 445.070052ms
 15: 460.749500ms
 16: 446.530290ms
 17: 445.437266ms
 18: 448.941975ms
 19: 419.878831ms
 20: 403.298517ms
 21: 420.045862ms
 22: 415.556117ms
 23: 395.046752ms
 24: 419.344193ms
 25: 408.009377ms
 26: 430.146124ms
 27: 420.010402ms
 28: 417.341027ms
 29: 408.129488ms
 30: 403.284482ms
 31: 418.646742ms
 32: 423.530773ms
 33: 415.308332ms
 34: 419.223995ms
 35: 404.170227ms
 36: 416.712849ms
 37: 412.493483ms
 38: 399.151897ms
 39: 416.186286ms
 40: 420.501479ms
 41: 457.252169ms
 42: 451.837747ms
 43: 449.122941ms
 44: 447.648911ms
 45: 450.059491ms
 46: 449.138287ms
 47: 400.876755ms
 48: 447.777578ms
 49: 446.896033ms
 50: 447.725747ms
 51: 445.948736ms
 52: 448.470309ms
 53: 446.642329ms
 54: 448.230603ms
 55: 449.978491ms
 56: 451.765294ms
 57: 449.388052ms
 58: 447.679483ms
 59: 443.491639ms
 60: 423.088531ms
 61: 418.006388ms
 62: 418.532540ms
 63: 414.727136ms
 64: 409.934568ms
 65: 419.783869ms
 66: 418.055570ms
 67: 419.638437ms
 68: 413.358445ms
 69: 416.185631ms
 70: 418.003701ms
 71: 412.904835ms
 72: 414.882364ms
 73: 420.608616ms
 74: 412.494879ms
 75: 414.649929ms
 76: 419.382993ms
 77: 415.755119ms
 78: 405.472325ms
 79: 423.496165ms
 80: 416.002107ms
 81: 396.154655ms
 82: 414.677901ms
 83: 429.993170ms
 84: 417.617581ms
 85: 421.482436ms
 86: 413.395286ms
 87: 408.645927ms
 88: 404.708365ms
 89: 419.514922ms
 90: 394.071924ms
 91: 415.484776ms
 92: 414.161269ms
 93: 416.891914ms
 94: 411.020457ms
 95: 412.571751ms
 96: 419.044141ms
 97: 414.452327ms
 98: 416.953177ms
 99: 414.855910ms
 100: 409.755485ms
 101: 413.448171ms
 102: 421.679449ms
 103: 418.135591ms
 104: 418.708910ms
 105: 405.785521ms
 106: 419.180450ms
 107: 425.250015ms
 108: 414.868710ms
 109: 419.897691ms
 110: 440.265401ms
 111: 484.572016ms
 112: 487.932726ms
 113: 483.407925ms
 114: 482.899326ms
 115: 483.905565ms
 116: 486.965057ms
 117: 487.330088ms
 118: 482.208520ms
 119: 475.706561ms
 120: 489.905148ms
 121: 491.234438ms
 122: 481.751360ms
 123: 479.709469ms
 124: 483.083051ms
 125: 441.379276ms
 126: 483.681150ms
 127: 477.920582ms
 128: 456.774010ms
 129: 484.619265ms
 130: 483.008076ms
 131: 482.948322ms
 132: 459.662799ms
 133: 486.532259ms
 134: 483.436004ms
 135: 483.557100ms
 136: 482.189846ms
 137: 483.489000ms
 138: 489.665364ms
 139: 490.008510ms
 140: 479.036823ms
 141: 487.164958ms
 142: 489.728349ms
 143: 489.486402ms
 144: 488.301534ms
 145: 489.201777ms
 146: 455.610054ms
 147: 484.454130ms
 148: 473.295581ms
 149: 451.045575ms
 150: 450.083694ms
 151: 449.895311ms
 152: 449.782069ms
 153: 454.618290ms
 154: 449.906228ms
 155: 451.456551ms
 156: 453.402669ms
 157: 448.374655ms
 158: 451.310521ms
 159: 446.906105ms
 160: 427.824454ms
 161: 417.314444ms
 162: 418.633494ms
 163: 417.206157ms
 164: 419.219217ms
 165: 419.766047ms
 166: 418.166806ms
 167: 421.067148ms
 168: 415.409832ms
 169: 419.283425ms
 170: 406.846208ms
 171: 421.630841ms
 172: 409.801781ms
 173: 419.852900ms
 174: 411.979741ms
 175: 420.794525ms
 176: 379.359729ms
 177: 419.295307ms
 178: 420.926238ms
 179: 464.382613ms
 180: 482.868569ms
 181: 489.402346ms
 182: 497.658971ms
 183: 493.722135ms
 184: 500.882090ms
 185: 486.145987ms
 186: 494.050111ms
 187: 492.594414ms
 188: 500.083224ms
 189: 483.672893ms
 190: 454.964702ms
 191: 418.170245ms
 192: 479.793910ms
 193: 500.220297ms
 194: 498.769189ms
 195: 491.288441ms
 196: 498.665757ms
 197: 495.351577ms
 198: 499.019768ms
 199: 493.102829ms


-- Real : Q1: 50 Q2: 100 Q3: 150
-- Array: Q1: 49 Q2: 99 Q3: 149
Printing sorted runtimes:
 0: 411.020457ms
 1: 409.934568ms
 2: 405.472325ms
 3: 396.154655ms
 4: 400.876755ms
 5: 408.645927ms
 6: 387.893363ms
 7: 406.846208ms
 8: 409.801781ms
 9: 404.708365ms
 10: 379.359729ms
 11: 394.071924ms
 12: 399.151897ms
 13: 404.170227ms
 14: 405.785521ms
 15: 403.284482ms
 16: 408.129488ms
 17: 408.009377ms
 18: 409.755485ms
 19: 395.046752ms
 20: 403.298517ms
 21: 415.556117ms
 22: 414.727136ms
 23: 414.855910ms
 24: 414.452327ms
 25: 413.448171ms
 26: 413.358445ms
 27: 412.571751ms
 28: 412.904835ms
 29: 414.882364ms
 30: 412.494879ms
 31: 414.649929ms
 32: 414.677901ms
 33: 415.308332ms
 34: 413.395286ms
 35: 415.409832ms
 36: 411.979741ms
 37: 412.493483ms
 38: 414.868710ms
 39: 415.484776ms
 40: 414.161269ms
 41: 417.314444ms
 42: 416.186286ms
 43: 416.712849ms
 44: 417.206157ms
 45: 416.891914ms
 46: 416.185631ms
 47: 415.755119ms
 48: 416.953177ms
 49: 416.002107ms
 50: 417.341027ms
 51: 441.379276ms
 52: 418.003701ms
 53: 418.055570ms
 54: 418.166806ms
 55: 418.135591ms
 56: 418.006388ms
 57: 418.170245ms
 58: 418.708910ms
 59: 419.044141ms
 60: 418.646742ms
 61: 418.633494ms
 62: 418.532540ms
 63: 419.219217ms
 64: 419.180450ms
 65: 419.783869ms
 66: 423.088531ms
 67: 419.638437ms
 68: 427.824454ms
 69: 419.766047ms
 70: 421.067148ms
 71: 419.283425ms
 72: 439.354621ms
 73: 420.608616ms
 74: 421.630841ms
 75: 419.852900ms
 76: 419.382993ms
 77: 420.794525ms
 78: 417.617581ms
 79: 423.496165ms
 80: 419.295307ms
 81: 420.926238ms
 82: 440.265401ms
 83: 429.993170ms
 84: 419.897691ms
 85: 421.482436ms
 86: 425.250015ms
 87: 421.679449ms
 88: 419.878831ms
 89: 419.514922ms
 90: 420.045862ms
 91: 419.344193ms
 92: 420.501479ms
 93: 419.223995ms
 94: 423.530773ms
 95: 420.010402ms
 96: 430.146124ms
 97: 445.070052ms
 98: 443.491639ms
 99: 444.712932ms
 100: 445.096912ms
 101: 464.382613ms
 102: 445.342387ms
 103: 445.437266ms
 104: 446.530290ms
 105: 448.073732ms
 106: 446.642329ms
 107: 447.648911ms
 108: 446.906105ms
 109: 447.725747ms
 110: 447.777578ms
 111: 446.896033ms
 112: 447.679483ms
 113: 445.948736ms
 114: 449.138287ms
 115: 448.230603ms
 116: 448.941975ms
 117: 449.122941ms
 118: 448.374655ms
 119: 448.470309ms
 120: 449.417603ms
 121: 449.388052ms
 122: 451.456551ms
 123: 449.906228ms
 124: 454.618290ms
 125: 445.203115ms
 126: 453.402669ms
 127: 449.782069ms
 128: 456.774010ms
 129: 451.837747ms
 130: 449.895311ms
 131: 450.083694ms
 132: 459.662799ms
 133: 451.310521ms
 134: 451.045575ms
 135: 457.252169ms
 136: 454.964702ms
 137: 455.610054ms
 138: 450.059491ms
 139: 451.837992ms
 140: 460.749500ms
 141: 449.978491ms
 142: 451.765294ms
 143: 477.013139ms
 144: 471.534002ms
 145: 475.706561ms
 146: 473.295581ms
 147: 476.744559ms
 148: 477.920582ms
 149: 479.036823ms
 150: 479.709469ms
 151: 479.793910ms
 152: 482.208520ms
 153: 481.751360ms
 154: 482.189846ms
 155: 482.868569ms
 156: 482.899326ms
 157: 482.948322ms
 158: 483.083051ms
 159: 483.008076ms
 160: 483.407925ms
 161: 483.436004ms
 162: 483.557100ms
 163: 483.489000ms
 164: 483.672893ms
 165: 484.454130ms
 166: 489.201777ms
 167: 488.301534ms
 168: 489.486402ms
 169: 489.728349ms
 170: 487.164958ms
 171: 490.008510ms
 172: 489.665364ms
 173: 486.532259ms
 174: 484.619265ms
 175: 483.681150ms
 176: 491.234438ms
 177: 489.905148ms
 178: 487.330088ms
 179: 486.965057ms
 180: 483.905565ms
 181: 489.402346ms
 182: 487.932726ms
 183: 484.572016ms
 184: 491.288441ms
 185: 486.145987ms
 186: 493.102829ms
 187: 492.594414ms
 188: 500.083224ms
 189: 494.050111ms
 190: 500.882090ms
 191: 493.722135ms
 192: 497.658971ms
 193: 500.220297ms
 194: 498.769189ms
 195: 493.558106ms
 196: 498.665757ms
 197: 495.351577ms
 198: 499.019768ms
 199: 534.594457ms


Measurements
--------------------------
FFT Size            : 512^3
Threads             : 4
Batch               : 1
Iterations          : 200
Avg Tot Runtime     : 444.062119 ms
Runtime per batch   : 444.062119 ms
SD                  : 31.914219 ms
Q1                  : 416.002107 ms
Median              : 444.904922 ms
Q3                  : 479.036823 ms
