Expm 2: Streaming FFT

Printing individual runtimes:
 0: 276.156863ms
 1: 250.712645ms
 2: 168.849049ms
 3: 184.853056ms
 4: 169.939671ms
 5: 176.975477ms
 6: 170.162889ms
 7: 173.762412ms
 8: 172.366927ms
 9: 176.354324ms
 10: 172.403639ms
 11: 183.465978ms
 12: 173.936327ms
 13: 172.499027ms
 14: 171.182144ms
 15: 171.979966ms
 16: 184.462247ms
 17: 167.828974ms
 18: 173.004490ms
 19: 201.803013ms
 20: 195.574566ms
 21: 199.027377ms
 22: 191.407790ms
 23: 190.349404ms
 24: 192.470625ms
 25: 191.339250ms
 26: 196.369041ms
 27: 197.207362ms
 28: 193.609619ms
 29: 203.775328ms
 30: 194.050168ms
 31: 186.508881ms
 32: 194.837081ms
 33: 193.009251ms
 34: 192.369213ms
 35: 197.310619ms
 36: 200.841300ms
 37: 202.444102ms
 38: 194.596737ms
 39: 192.119387ms
 40: 203.927093ms
 41: 196.463232ms
 42: 193.734712ms
 43: 200.418501ms
 44: 194.086991ms
 45: 196.234618ms
 46: 201.197709ms
 47: 196.783583ms
 48: 197.417628ms
 49: 196.198167ms
 50: 196.541765ms
 51: 198.767184ms
 52: 199.107118ms
 53: 194.833016ms
 54: 203.906326ms
 55: 199.016583ms
 56: 201.392929ms
 57: 206.773435ms
 58: 223.186095ms
 59: 227.386601ms
 60: 217.168825ms
 61: 221.606068ms
 62: 207.509464ms
 63: 206.097505ms
 64: 213.886028ms
 65: 210.911603ms
 66: 202.511583ms
 67: 208.153192ms
 68: 209.244913ms
 69: 210.093303ms
 70: 219.224638ms
 71: 206.535865ms
 72: 218.474389ms
 73: 210.886352ms
 74: 207.637885ms
 75: 205.213772ms
 76: 211.507260ms
 77: 209.847027ms
 78: 207.592461ms
 79: 212.026725ms
 80: 201.276273ms
 81: 207.895920ms
 82: 207.325187ms
 83: 207.131299ms
 84: 181.164244ms
 85: 175.938666ms
 86: 186.940390ms
 87: 191.120191ms
 88: 178.603850ms
 89: 179.423232ms
 90: 184.179002ms
 91: 181.770182ms
 92: 183.080816ms
 93: 179.973818ms
 94: 180.475483ms
 95: 183.037277ms
 96: 187.197882ms
 97: 188.140412ms
 98: 178.551765ms
 99: 184.382459ms
 100: 190.660752ms
 101: 178.936700ms
 102: 167.587918ms
 103: 160.020221ms
 104: 161.149257ms
 105: 176.028008ms
 106: 168.022788ms
 107: 176.057819ms
 108: 175.946489ms
 109: 164.187165ms
 110: 164.175833ms
 111: 166.098264ms
 112: 166.811485ms
 113: 169.168554ms
 114: 168.932407ms
 115: 170.236292ms
 116: 172.537393ms
 117: 164.821896ms
 118: 169.918825ms
 119: 163.734931ms
 120: 161.631495ms
 121: 164.599354ms
 122: 163.818118ms
 123: 163.922346ms
 124: 166.703925ms
 125: 160.693856ms
 126: 199.274115ms
 127: 201.981241ms
 128: 204.689149ms
 129: 212.566028ms
 130: 208.427340ms
 131: 208.588829ms
 132: 204.949568ms
 133: 197.802518ms
 134: 201.050178ms
 135: 213.689733ms
 136: 197.909492ms
 137: 206.927116ms
 138: 208.347441ms
 139: 202.912723ms
 140: 206.049304ms
 141: 206.605159ms
 142: 198.810472ms
 143: 208.439798ms
 144: 197.470947ms
 145: 203.698313ms
 146: 199.435798ms
 147: 206.938382ms
 148: 204.740510ms
 149: 203.968707ms
 150: 202.403001ms
 151: 206.482890ms
 152: 198.721808ms
 153: 205.026943ms
 154: 205.984335ms
 155: 202.362577ms
 156: 208.863877ms
 157: 200.965992ms
 158: 204.414193ms
 159: 193.759681ms
 160: 197.912025ms
 161: 195.235190ms
 162: 197.018289ms
 163: 194.950774ms
 164: 196.113220ms
 165: 198.727119ms
 166: 199.187579ms
 167: 202.308111ms
 168: 200.272586ms
 169: 199.158926ms
 170: 198.258510ms
 171: 196.066917ms
 172: 205.511509ms
 173: 211.505042ms
 174: 200.281411ms
 175: 200.757644ms
 176: 205.280946ms
 177: 202.592392ms
 178: 204.690939ms
 179: 203.737842ms
 180: 195.717686ms
 181: 206.050788ms
 182: 208.839265ms
 183: 196.928927ms
 184: 208.026692ms
 185: 199.908407ms
 186: 199.601415ms
 187: 206.576678ms
 188: 212.328065ms
 189: 207.128152ms
 190: 206.594420ms
 191: 199.337544ms
 192: 206.823502ms
 193: 203.870707ms
 194: 200.577570ms
 195: 199.116462ms
 196: 202.871590ms
 197: 207.330718ms
 198: 202.498726ms
 199: 198.819702ms


-- Real : Q1: 50 Q2: 100 Q3: 150
-- Array: Q1: 49 Q2: 99 Q3: 149
Printing sorted runtimes:
 0: 176.057819ms
 1: 160.693856ms
 2: 168.849049ms
 3: 166.703925ms
 4: 169.939671ms
 5: 163.922346ms
 6: 170.162889ms
 7: 173.762412ms
 8: 172.366927ms
 9: 163.818118ms
 10: 172.403639ms
 11: 164.599354ms
 12: 173.936327ms
 13: 172.499027ms
 14: 171.182144ms
 15: 171.979966ms
 16: 161.631495ms
 17: 167.828974ms
 18: 173.004490ms
 19: 163.734931ms
 20: 175.938666ms
 21: 169.918825ms
 22: 167.587918ms
 23: 164.821896ms
 24: 160.020221ms
 25: 161.149257ms
 26: 176.028008ms
 27: 172.537393ms
 28: 168.022788ms
 29: 170.236292ms
 30: 168.932407ms
 31: 169.168554ms
 32: 175.946489ms
 33: 164.187165ms
 34: 164.175833ms
 35: 166.811485ms
 36: 166.098264ms
 37: 178.936700ms
 38: 178.551765ms
 39: 178.603850ms
 40: 176.975477ms
 41: 176.354324ms
 42: 183.465978ms
 43: 181.770182ms
 44: 179.423232ms
 45: 181.164244ms
 46: 183.080816ms
 47: 179.973818ms
 48: 183.037277ms
 49: 180.475483ms
 50: 184.179002ms
 51: 191.339250ms
 52: 184.462247ms
 53: 186.508881ms
 54: 184.853056ms
 55: 186.940390ms
 56: 187.197882ms
 57: 191.120191ms
 58: 190.349404ms
 59: 190.660752ms
 60: 188.140412ms
 61: 184.382459ms
 62: 196.928927ms
 63: 196.541765ms
 64: 196.198167ms
 65: 196.783583ms
 66: 195.235190ms
 67: 196.234618ms
 68: 194.086991ms
 69: 193.734712ms
 70: 196.463232ms
 71: 194.950774ms
 72: 192.119387ms
 73: 194.596737ms
 74: 196.113220ms
 75: 192.369213ms
 76: 193.009251ms
 77: 194.837081ms
 78: 194.050168ms
 79: 193.609619ms
 80: 196.369041ms
 81: 193.759681ms
 82: 192.470625ms
 83: 191.407790ms
 84: 196.066917ms
 85: 195.574566ms
 86: 195.717686ms
 87: 194.833016ms
 88: 197.909492ms
 89: 197.802518ms
 90: 197.207362ms
 91: 197.470947ms
 92: 197.310619ms
 93: 197.018289ms
 94: 197.417628ms
 95: 198.258510ms
 96: 197.912025ms
 97: 198.767184ms
 98: 198.721808ms
 99: 198.727119ms
 100: 198.810472ms
 101: 202.403001ms
 102: 199.016583ms
 103: 199.337544ms
 104: 199.435798ms
 105: 199.107118ms
 106: 199.116462ms
 107: 199.187579ms
 108: 199.274115ms
 109: 199.601415ms
 110: 199.158926ms
 111: 199.027377ms
 112: 202.362577ms
 113: 198.819702ms
 114: 200.965992ms
 115: 200.757644ms
 116: 200.281411ms
 117: 199.908407ms
 118: 201.392929ms
 119: 201.276273ms
 120: 201.197709ms
 121: 200.418501ms
 122: 200.272586ms
 123: 202.308111ms
 124: 200.577570ms
 125: 201.050178ms
 126: 201.803013ms
 127: 201.981241ms
 128: 200.841300ms
 129: 205.026943ms
 130: 204.689149ms
 131: 202.444102ms
 132: 204.949568ms
 133: 203.870707ms
 134: 203.737842ms
 135: 203.927093ms
 136: 202.871590ms
 137: 202.592392ms
 138: 203.775328ms
 139: 202.912723ms
 140: 202.498726ms
 141: 202.511583ms
 142: 203.906326ms
 143: 204.414193ms
 144: 204.690939ms
 145: 203.698313ms
 146: 203.968707ms
 147: 204.740510ms
 148: 205.280946ms
 149: 205.213772ms
 150: 205.511509ms
 151: 205.984335ms
 152: 206.049304ms
 153: 206.050788ms
 154: 206.097505ms
 155: 206.482890ms
 156: 206.535865ms
 157: 206.594420ms
 158: 206.576678ms
 159: 206.773435ms
 160: 206.605159ms
 161: 207.128152ms
 162: 206.927116ms
 163: 206.938382ms
 164: 206.823502ms
 165: 207.131299ms
 166: 208.427340ms
 167: 207.509464ms
 168: 208.347441ms
 169: 208.439798ms
 170: 207.325187ms
 171: 208.153192ms
 172: 207.895920ms
 173: 208.026692ms
 174: 207.592461ms
 175: 207.330718ms
 176: 208.588829ms
 177: 207.637885ms
 178: 210.886352ms
 179: 211.507260ms
 180: 209.847027ms
 181: 210.093303ms
 182: 208.839265ms
 183: 212.026725ms
 184: 211.505042ms
 185: 209.244913ms
 186: 210.911603ms
 187: 213.886028ms
 188: 212.328065ms
 189: 217.168825ms
 190: 212.566028ms
 191: 213.689733ms
 192: 208.863877ms
 193: 250.712645ms
 194: 223.186095ms
 195: 227.386601ms
 196: 221.606068ms
 197: 219.224638ms
 198: 218.474389ms
 199: 276.156863ms


Measurements
--------------------------
FFT Size            : 512^3
Threads             : 12
Batch               : 1
Iterations          : 200
Avg Tot Runtime     : 194.861005 ms
Runtime per batch   : 194.861005 ms
SD                  : 16.511439 ms
Q1                  : 180.475483 ms
Median              : 198.768795 ms
Q3                  : 205.213772 ms
