Expm 2: Streaming FFT

Printing individual runtimes:
 0: 241.025711ms
 1: 196.638918ms
 2: 237.749655ms
 3: 153.554542ms
 4: 173.302100ms
 5: 165.392767ms
 6: 181.868991ms
 7: 161.814746ms
 8: 154.796869ms
 9: 165.142492ms
 10: 171.340162ms
 11: 161.083412ms
 12: 172.981489ms
 13: 159.574670ms
 14: 164.963575ms
 15: 161.172184ms
 16: 163.996368ms
 17: 166.942881ms
 18: 169.429033ms
 19: 166.201015ms
 20: 167.718898ms
 21: 167.093997ms
 22: 165.183953ms
 23: 163.972883ms
 24: 163.313500ms
 25: 166.942821ms
 26: 162.660195ms
 27: 160.011101ms
 28: 162.551220ms
 29: 167.255312ms
 30: 162.788664ms
 31: 161.848715ms
 32: 163.882511ms
 33: 162.595886ms
 34: 165.875674ms
 35: 161.090169ms
 36: 161.267007ms
 37: 160.095002ms
 38: 201.881330ms
 39: 181.132822ms
 40: 152.334957ms
 41: 172.428714ms
 42: 159.467889ms
 43: 163.229180ms
 44: 183.615068ms
 45: 175.876383ms
 46: 164.212898ms
 47: 169.433843ms
 48: 165.496673ms
 49: 182.154827ms
 50: 184.927868ms
 51: 158.570645ms
 52: 153.450736ms
 53: 158.671901ms
 54: 159.779622ms
 55: 146.007617ms
 56: 169.242175ms
 57: 163.152498ms
 58: 156.711410ms
 59: 164.330802ms
 60: 149.144935ms
 61: 177.837431ms
 62: 146.367021ms
 63: 157.093266ms
 64: 191.950148ms
 65: 155.119078ms
 66: 155.540854ms
 67: 154.959980ms
 68: 153.474255ms
 69: 154.052181ms
 70: 152.144131ms
 71: 152.181473ms
 72: 155.707780ms
 73: 160.834513ms
 74: 147.745189ms
 75: 153.544600ms
 76: 152.154173ms
 77: 157.509795ms
 78: 162.174683ms
 79: 156.219663ms
 80: 159.119203ms
 81: 158.544362ms
 82: 160.011584ms
 83: 155.816617ms
 84: 151.147422ms
 85: 159.591920ms
 86: 151.022911ms
 87: 153.635650ms
 88: 156.582320ms
 89: 157.896118ms
 90: 154.358484ms
 91: 154.436215ms
 92: 157.219568ms
 93: 173.439057ms
 94: 159.489943ms
 95: 157.959929ms
 96: 157.698584ms
 97: 160.925976ms
 98: 159.449403ms
 99: 155.847723ms
 100: 163.709479ms
 101: 157.566329ms
 102: 155.706974ms
 103: 158.398578ms
 104: 158.207105ms
 105: 158.059434ms
 106: 157.290400ms
 107: 156.451257ms
 108: 159.290258ms
 109: 157.044590ms
 110: 159.349295ms
 111: 157.036529ms
 112: 160.940983ms
 113: 160.158793ms
 114: 162.461191ms
 115: 165.243094ms
 116: 157.539863ms
 117: 159.424938ms
 118: 161.406205ms
 119: 161.728723ms
 120: 158.132323ms
 121: 167.258041ms
 122: 158.672021ms
 123: 163.951697ms
 124: 159.573798ms
 125: 157.148727ms
 126: 161.434513ms
 127: 159.120560ms
 128: 158.474223ms
 129: 158.865347ms
 130: 155.077860ms
 131: 160.702787ms
 132: 163.470533ms
 133: 160.924024ms
 134: 158.493492ms
 135: 158.490963ms
 136: 162.359999ms
 137: 160.805081ms
 138: 158.584397ms
 139: 155.293192ms
 140: 158.479146ms
 141: 158.905003ms
 142: 156.796695ms
 143: 163.809820ms
 144: 159.450151ms
 145: 159.173874ms
 146: 163.121155ms
 147: 156.222326ms
 148: 158.508131ms
 149: 163.321591ms
 150: 158.505876ms
 151: 159.392847ms
 152: 163.752580ms
 153: 162.621872ms
 154: 160.807032ms
 155: 160.213822ms
 156: 160.781842ms
 157: 161.188541ms
 158: 162.324195ms
 159: 152.945339ms
 160: 156.895246ms
 161: 157.419761ms
 162: 157.683255ms
 163: 155.333596ms
 164: 157.662318ms
 165: 182.340341ms
 166: 160.072514ms
 167: 154.534280ms
 168: 181.594608ms
 169: 155.091301ms
 170: 173.123074ms
 171: 158.000197ms
 172: 183.006314ms
 173: 177.073376ms
 174: 188.863397ms
 175: 167.098347ms
 176: 151.806511ms
 177: 159.100685ms
 178: 170.143260ms
 179: 161.939754ms
 180: 154.182331ms
 181: 179.297131ms
 182: 186.988088ms
 183: 187.811472ms
 184: 163.125941ms
 185: 156.094145ms
 186: 162.847517ms
 187: 169.103375ms
 188: 158.993378ms
 189: 164.618501ms
 190: 155.755162ms
 191: 152.689386ms
 192: 155.329552ms
 193: 163.298975ms
 194: 172.668110ms
 195: 153.082202ms
 196: 175.601308ms
 197: 167.740045ms
 198: 150.275302ms
 199: 163.899443ms


-- Real : Q1: 50 Q2: 100 Q3: 150
-- Array: Q1: 49 Q2: 99 Q3: 149
Printing sorted runtimes:
 0: 155.707780ms
 1: 150.275302ms
 2: 153.082202ms
 3: 153.554542ms
 4: 155.293192ms
 5: 155.329552ms
 6: 152.689386ms
 7: 155.077860ms
 8: 154.796869ms
 9: 155.706974ms
 10: 154.436215ms
 11: 154.358484ms
 12: 153.635650ms
 13: 151.022911ms
 14: 151.147422ms
 15: 152.154173ms
 16: 153.544600ms
 17: 154.182331ms
 18: 147.745189ms
 19: 152.181473ms
 20: 151.806511ms
 21: 152.144131ms
 22: 155.091301ms
 23: 154.534280ms
 24: 154.052181ms
 25: 153.474255ms
 26: 154.959980ms
 27: 155.540854ms
 28: 155.119078ms
 29: 146.367021ms
 30: 149.144935ms
 31: 146.007617ms
 32: 153.450736ms
 33: 152.945339ms
 34: 155.333596ms
 35: 152.334957ms
 36: 156.711410ms
 37: 156.582320ms
 38: 155.755162ms
 39: 156.222326ms
 40: 156.451257ms
 41: 156.219663ms
 42: 155.847723ms
 43: 156.094145ms
 44: 155.816617ms
 45: 157.036529ms
 46: 156.895246ms
 47: 156.796695ms
 48: 157.093266ms
 49: 157.044590ms
 50: 157.148727ms
 51: 159.573798ms
 52: 157.290400ms
 53: 157.419761ms
 54: 157.509795ms
 55: 157.539863ms
 56: 157.566329ms
 57: 158.672021ms
 58: 159.173874ms
 59: 159.392847ms
 60: 158.132323ms
 61: 158.505876ms
 62: 157.662318ms
 63: 159.449403ms
 64: 159.424938ms
 65: 158.671901ms
 66: 157.698584ms
 67: 158.570645ms
 68: 157.959929ms
 69: 159.120560ms
 70: 158.000197ms
 71: 159.100685ms
 72: 159.349295ms
 73: 158.474223ms
 74: 159.290258ms
 75: 158.865347ms
 76: 158.493492ms
 77: 158.490963ms
 78: 158.059434ms
 79: 158.584397ms
 80: 159.119203ms
 81: 158.544362ms
 82: 158.508131ms
 83: 158.479146ms
 84: 158.905003ms
 85: 157.683255ms
 86: 158.993378ms
 87: 158.207105ms
 88: 159.450151ms
 89: 157.896118ms
 90: 158.398578ms
 91: 157.219568ms
 92: 159.467889ms
 93: 159.489943ms
 94: 160.072514ms
 95: 159.574670ms
 96: 160.011101ms
 97: 160.011584ms
 98: 159.779622ms
 99: 159.591920ms
 100: 160.095002ms
 101: 163.882511ms
 102: 160.213822ms
 103: 160.805081ms
 104: 160.702787ms
 105: 160.781842ms
 106: 161.172184ms
 107: 160.924024ms
 108: 161.090169ms
 109: 160.834513ms
 110: 160.807032ms
 111: 161.083412ms
 112: 160.940983ms
 113: 160.925976ms
 114: 161.267007ms
 115: 161.434513ms
 116: 161.728723ms
 117: 161.188541ms
 118: 161.406205ms
 119: 163.321591ms
 120: 162.788664ms
 121: 163.121155ms
 122: 163.152498ms
 123: 163.752580ms
 124: 161.848715ms
 125: 162.551220ms
 126: 162.660195ms
 127: 162.621872ms
 128: 162.461191ms
 129: 163.313500ms
 130: 161.814746ms
 131: 161.939754ms
 132: 163.470533ms
 133: 163.125941ms
 134: 162.174683ms
 135: 162.847517ms
 136: 162.359999ms
 137: 163.709479ms
 138: 162.324195ms
 139: 163.298975ms
 140: 162.595886ms
 141: 163.229180ms
 142: 160.158793ms
 143: 163.809820ms
 144: 163.996368ms
 145: 163.951697ms
 146: 163.899443ms
 147: 163.972883ms
 148: 164.330802ms
 149: 164.212898ms
 150: 164.618501ms
 151: 164.963575ms
 152: 165.183953ms
 153: 165.142492ms
 154: 167.093997ms
 155: 165.496673ms
 156: 167.258041ms
 157: 167.098347ms
 158: 165.243094ms
 159: 166.942821ms
 160: 166.201015ms
 161: 165.392767ms
 162: 166.942881ms
 163: 165.875674ms
 164: 167.255312ms
 165: 172.428714ms
 166: 173.302100ms
 167: 175.876383ms
 168: 171.340162ms
 169: 169.433843ms
 170: 173.123074ms
 171: 172.668110ms
 172: 169.103375ms
 173: 177.073376ms
 174: 172.981489ms
 175: 175.601308ms
 176: 167.718898ms
 177: 169.242175ms
 178: 170.143260ms
 179: 169.429033ms
 180: 177.837431ms
 181: 167.740045ms
 182: 173.439057ms
 183: 187.811472ms
 184: 186.988088ms
 185: 179.297131ms
 186: 188.863397ms
 187: 183.006314ms
 188: 181.594608ms
 189: 182.340341ms
 190: 201.881330ms
 191: 181.868991ms
 192: 181.132822ms
 193: 183.615068ms
 194: 182.154827ms
 195: 237.749655ms
 196: 184.927868ms
 197: 191.950148ms
 198: 196.638918ms
 199: 241.025711ms


Measurements
--------------------------
FFT Size            : 512^3
Threads             : 14
Batch               : 1
Iterations          : 200
Avg Tot Runtime     : 163.037650 ms
Runtime per batch   : 163.037650 ms
SD                  : 11.763345 ms
Q1                  : 157.044590 ms
Median              : 159.843461 ms
Q3                  : 164.212898 ms
