Expm 2: Streaming FFTW
FFTW Plan: Patient
-- Cannot import wisdom from ../../wisdom/singlenode/all/188/fftw_188_t36_b1.patient
-- Exporting wisdom file to ../../wisdom/singlenode/all/188/fftw_188_t36_b1.patient
Iteration: 0, 1, 2, 3, 4, 5, 6, 7, 8, 9, 10, 11, 12, 13, 14, 15, 16, 17, 18, 19, 20, 21, 22, 23, 24, 25, 26, 27, 28, 29, 30, 31, 32, 33, 34, 35, 36, 37, 38, 39, 40, 41, 42, 43, 44, 45, 46, 47, 48, 49, 
Printing individual runtimes:
 0: 14.401561ms
 1: 14.303051ms
 2: 13.880584ms
 3: 20.140708ms
 4: 14.094178ms
 5: 14.237589ms
 6: 14.177151ms
 7: 14.169865ms
 8: 14.312488ms
 9: 14.248417ms
 10: 14.335192ms
 11: 14.364770ms
 12: 13.818473ms
 13: 14.496231ms
 14: 14.547080ms
 15: 14.616141ms
 16: 13.963440ms
 17: 14.167117ms
 18: 13.620255ms
 19: 13.838736ms
 20: 13.453116ms
 21: 16.769290ms
 22: 25.095879ms
 23: 24.941894ms
 24: 13.696525ms
 25: 14.350287ms
 26: 14.153113ms
 27: 13.805983ms
 28: 13.954646ms
 29: 14.531489ms
 30: 21.112951ms
 31: 13.816684ms
 32: 14.156015ms
 33: 13.722916ms
 34: 14.086916ms
 35: 14.312935ms
 36: 14.272847ms
 37: 14.152801ms
 38: 14.071809ms
 39: 14.216198ms
 40: 14.260112ms
 41: 14.503163ms
 42: 14.031265ms
 43: 14.028803ms
 44: 14.228498ms
 45: 14.300771ms
 46: 14.441689ms
 47: 14.540883ms
 48: 14.273167ms
 49: 14.624773ms


Measurements
--------------------------
FFT Size            : 188^3
Threads             : 36
Batch               : 1
Iterations          : 50
Avg Tot Runtime     : 14.912809 ms
Runtime per batch   : 14.912809 ms
SD                  : 2.456732 ms
Throughput          : 0.894873 GFLOPs
Plan Time           : 62.208085 sec
