Expm 2: Streaming FFTW
FFTW Plan: Patient
-- Cannot import wisdom from ../../wisdom/singlenode/all/439/fftw_439_t36_b1.patient
-- Exporting wisdom file to ../../wisdom/singlenode/all/439/fftw_439_t36_b1.patient
Iteration: 0, 1, 2, 3, 4, 5, 6, 7, 8, 9, 10, 11, 12, 13, 14, 15, 16, 17, 18, 19, 20, 21, 22, 23, 24, 25, 26, 27, 28, 29, 30, 31, 32, 33, 34, 35, 36, 37, 38, 39, 40, 41, 42, 43, 44, 45, 46, 47, 48, 49, 
Printing individual runtimes:
 0: 150.620625ms
 1: 141.629737ms
 2: 141.113431ms
 3: 268.686433ms
 4: 256.930697ms
 5: 149.849129ms
 6: 227.426557ms
 7: 235.014569ms
 8: 149.982906ms
 9: 135.901579ms
 10: 176.470123ms
 11: 138.360721ms
 12: 272.270872ms
 13: 229.117068ms
 14: 138.574907ms
 15: 137.832646ms
 16: 138.269181ms
 17: 137.957351ms
 18: 138.125592ms
 19: 138.467308ms
 20: 138.493002ms
 21: 138.444899ms
 22: 138.451192ms
 23: 138.664057ms
 24: 138.639082ms
 25: 138.190548ms
 26: 138.485654ms
 27: 138.464142ms
 28: 137.048355ms
 29: 137.828923ms
 30: 138.468488ms
 31: 138.338782ms
 32: 138.593284ms
 33: 269.816545ms
 34: 138.076061ms
 35: 138.390677ms
 36: 138.178701ms
 37: 139.622152ms
 38: 267.308349ms
 39: 142.749199ms
 40: 224.558879ms
 41: 139.571695ms
 42: 399.857187ms
 43: 352.591840ms
 44: 270.455979ms
 45: 228.411180ms
 46: 139.315465ms
 47: 351.075460ms
 48: 233.103618ms
 49: 139.103842ms


Measurements
--------------------------
FFT Size            : 439^3
Threads             : 36
Batch               : 1
Iterations          : 50
Avg Tot Runtime     : 180.257973 ms
Runtime per batch   : 180.257973 ms
SD                  : 66.937942 ms
Throughput          : 12.384251 GFLOPs
Plan Time           : 574.587378 sec
