Expm 2: Streaming FFTW
FFTW Plan: Patient
-- Cannot import wisdom from ../../wisdom/singlenode/all/439/fftw_439_t39_b1.patient
-- Exporting wisdom file to ../../wisdom/singlenode/all/439/fftw_439_t39_b1.patient
Iteration: 0, 1, 2, 3, 4, 5, 6, 7, 8, 9, 10, 11, 12, 13, 14, 15, 16, 17, 18, 19, 20, 21, 22, 23, 24, 25, 26, 27, 28, 29, 30, 31, 32, 33, 34, 35, 36, 37, 38, 39, 40, 41, 42, 43, 44, 45, 46, 47, 48, 49, 
Printing individual runtimes:
 0: 319.440700ms
 1: 248.021873ms
 2: 371.086027ms
 3: 305.470958ms
 4: 136.541583ms
 5: 136.619450ms
 6: 136.666509ms
 7: 135.597814ms
 8: 135.560144ms
 9: 136.963457ms
 10: 135.876149ms
 11: 136.980239ms
 12: 136.602864ms
 13: 137.557121ms
 14: 137.104845ms
 15: 136.204321ms
 16: 137.598521ms
 17: 138.209635ms
 18: 138.388867ms
 19: 135.207899ms
 20: 137.257977ms
 21: 137.693684ms
 22: 139.701424ms
 23: 129.143649ms
 24: 136.599423ms
 25: 135.570676ms
 26: 138.036703ms
 27: 218.388040ms
 28: 140.406329ms
 29: 137.969469ms
 30: 138.605943ms
 31: 136.823592ms
 32: 137.324772ms
 33: 137.838938ms
 34: 137.358349ms
 35: 138.317394ms
 36: 136.202318ms
 37: 137.984284ms
 38: 136.383342ms
 39: 136.841394ms
 40: 137.233044ms
 41: 136.854331ms
 42: 136.024073ms
 43: 138.008083ms
 44: 136.469789ms
 45: 136.705857ms
 46: 137.250850ms
 47: 137.010031ms
 48: 136.682707ms
 49: 137.874900ms


Measurements
--------------------------
FFT Size            : 439^3
Threads             : 39
Batch               : 1
Iterations          : 50
Avg Tot Runtime     : 152.525207 ms
Runtime per batch   : 152.525207 ms
SD                  : 49.693355 ms
Throughput          : 12.384251 GFLOPs
Plan Time           : 589.448078 sec
