Expm 2: Streaming FFTW
FFTW Plan: Patient
-- Cannot import wisdom from ../../wisdom/singlenode/all/100/fftw_100_t39_b1.patient
-- Exporting wisdom file to ../../wisdom/singlenode/all/100/fftw_100_t39_b1.patient
Iteration: 0, 1, 2, 3, 4, 5, 6, 7, 8, 9, 10, 11, 12, 13, 14, 15, 16, 17, 18, 19, 20, 21, 22, 23, 24, 25, 26, 27, 28, 29, 30, 31, 32, 33, 34, 35, 36, 37, 38, 39, 40, 41, 42, 43, 44, 45, 46, 47, 48, 49, 
Printing individual runtimes:
 0: 0.903948ms
 1: 0.577886ms
 2: 0.573244ms
 3: 0.580014ms
 4: 0.591688ms
 5: 0.581661ms
 6: 0.577170ms
 7: 0.591529ms
 8: 0.595033ms
 9: 0.584938ms
 10: 0.596758ms
 11: 0.586988ms
 12: 0.594173ms
 13: 0.606581ms
 14: 0.575788ms
 15: 0.585488ms
 16: 0.591236ms
 17: 0.598264ms
 18: 0.627505ms
 19: 0.580443ms
 20: 0.605548ms
 21: 0.590296ms
 22: 0.600981ms
 23: 0.594827ms
 24: 0.591303ms
 25: 0.603766ms
 26: 0.573152ms
 27: 0.586589ms
 28: 0.598466ms
 29: 0.564875ms
 30: 0.593403ms
 31: 0.571910ms
 32: 0.587497ms
 33: 0.593989ms
 34: 0.592824ms
 35: 0.579899ms
 36: 0.582537ms
 37: 0.588322ms
 38: 0.578824ms
 39: 0.592540ms
 40: 0.579676ms
 41: 0.586538ms
 42: 0.586790ms
 43: 0.599043ms
 44: 0.604315ms
 45: 0.593799ms
 46: 0.575938ms
 47: 0.585815ms
 48: 0.584550ms
 49: 0.604151ms


Measurements
--------------------------
FFT Size            : 100^3
Threads             : 39
Batch               : 1
Iterations          : 50
Avg Tot Runtime     : 0.595450 ms
Runtime per batch   : 0.595450 ms
SD                  : 0.045419 ms
Throughput          : 0.010643 GFLOPs
Plan Time           : 38.460826 sec
