Expm 2: Streaming FFTW
FFTW Plan: Patient
-- Cannot import wisdom from ../../wisdom/singlenode/all/383/fftw_383_t39_b1.patient
-- Exporting wisdom file to ../../wisdom/singlenode/all/383/fftw_383_t39_b1.patient
Iteration: 0, 1, 2, 3, 4, 5, 6, 7, 8, 9, 10, 11, 12, 13, 14, 15, 16, 17, 18, 19, 20, 21, 22, 23, 24, 25, 26, 27, 28, 29, 30, 31, 32, 33, 34, 35, 36, 37, 38, 39, 40, 41, 42, 43, 44, 45, 46, 47, 48, 49, 
Printing individual runtimes:
 0: 69.933461ms
 1: 72.896563ms
 2: 83.053055ms
 3: 73.471324ms
 4: 76.053510ms
 5: 119.838395ms
 6: 118.518524ms
 7: 78.394754ms
 8: 74.935734ms
 9: 76.016279ms
 10: 76.053834ms
 11: 74.774156ms
 12: 75.077298ms
 13: 70.411971ms
 14: 78.541213ms
 15: 74.974445ms
 16: 74.783546ms
 17: 76.144240ms
 18: 73.430836ms
 19: 76.651450ms
 20: 76.313689ms
 21: 76.758805ms
 22: 75.925633ms
 23: 75.584146ms
 24: 76.139806ms
 25: 77.121166ms
 26: 75.913047ms
 27: 75.439195ms
 28: 75.996324ms
 29: 76.186865ms
 30: 76.039032ms
 31: 75.832360ms
 32: 75.960865ms
 33: 67.497361ms
 34: 72.775320ms
 35: 75.622443ms
 36: 76.414386ms
 37: 75.599257ms
 38: 76.212586ms
 39: 75.092604ms
 40: 72.699892ms
 41: 75.241165ms
 42: 74.810375ms
 43: 75.476649ms
 44: 78.027994ms
 45: 75.529280ms
 46: 76.663545ms
 47: 75.923629ms
 48: 76.309061ms
 49: 74.768552ms


Measurements
--------------------------
FFT Size            : 383^3
Threads             : 39
Batch               : 1
Iterations          : 50
Avg Tot Runtime     : 77.156592 ms
Runtime per batch   : 77.156592 ms
SD                  : 8.863306 ms
Throughput          : 6.675816 GFLOPs
Plan Time           : 377.266594 sec
