Expm 2: Streaming FFTW
FFTW Plan: Patient
-- Cannot import wisdom from ../../wisdom/singlenode/all/383/fftw_383_t36_b1.patient
-- Exporting wisdom file to ../../wisdom/singlenode/all/383/fftw_383_t36_b1.patient
Iteration: 0, 1, 2, 3, 4, 5, 6, 7, 8, 9, 10, 11, 12, 13, 14, 15, 16, 17, 18, 19, 20, 21, 22, 23, 24, 25, 26, 27, 28, 29, 30, 31, 32, 33, 34, 35, 36, 37, 38, 39, 40, 41, 42, 43, 44, 45, 46, 47, 48, 49, 
Printing individual runtimes:
 0: 73.222019ms
 1: 79.439187ms
 2: 83.421713ms
 3: 72.327381ms
 4: 79.920789ms
 5: 82.848552ms
 6: 79.973753ms
 7: 78.647288ms
 8: 72.648890ms
 9: 72.196270ms
 10: 81.174352ms
 11: 77.503056ms
 12: 72.829084ms
 13: 75.158661ms
 14: 76.978656ms
 15: 72.248952ms
 16: 71.827370ms
 17: 72.813611ms
 18: 76.915049ms
 19: 75.304957ms
 20: 73.569935ms
 21: 73.954810ms
 22: 73.780444ms
 23: 73.197888ms
 24: 74.109437ms
 25: 91.500462ms
 26: 80.356756ms
 27: 75.273894ms
 28: 75.757250ms
 29: 74.765391ms
 30: 75.331855ms
 31: 75.616366ms
 32: 82.646785ms
 33: 73.127485ms
 34: 72.766441ms
 35: 74.902230ms
 36: 75.727292ms
 37: 75.653535ms
 38: 81.733050ms
 39: 72.382623ms
 40: 71.683425ms
 41: 71.815703ms
 42: 75.643414ms
 43: 74.829171ms
 44: 75.221991ms
 45: 74.424232ms
 46: 76.723647ms
 47: 79.826867ms
 48: 75.058809ms
 49: 72.921137ms


Measurements
--------------------------
FFT Size            : 383^3
Threads             : 36
Batch               : 1
Iterations          : 50
Avg Tot Runtime     : 76.034038 ms
Runtime per batch   : 76.034038 ms
SD                  : 3.866339 ms
Throughput          : 6.675816 GFLOPs
Plan Time           : 391.980914 sec
