Expm 2: Streaming FFTW
FFTW Plan: Patient
-- Cannot import wisdom from ../../wisdom/singlenode/all/383/fftw_383_t37_b1.patient
-- Exporting wisdom file to ../../wisdom/singlenode/all/383/fftw_383_t37_b1.patient
Iteration: 0, 1, 2, 3, 4, 5, 6, 7, 8, 9, 10, 11, 12, 13, 14, 15, 16, 17, 18, 19, 20, 21, 22, 23, 24, 25, 26, 27, 28, 29, 30, 31, 32, 33, 34, 35, 36, 37, 38, 39, 40, 41, 42, 43, 44, 45, 46, 47, 48, 49, 
Printing individual runtimes:
 0: 82.368052ms
 1: 79.603181ms
 2: 81.151921ms
 3: 79.804445ms
 4: 80.609885ms
 5: 80.094848ms
 6: 80.073534ms
 7: 80.025705ms
 8: 79.455987ms
 9: 79.102413ms
 10: 79.284567ms
 11: 79.589276ms
 12: 80.335917ms
 13: 80.057858ms
 14: 79.390944ms
 15: 82.051778ms
 16: 81.816769ms
 17: 81.806209ms
 18: 81.597440ms
 19: 79.619340ms
 20: 79.431988ms
 21: 84.179173ms
 22: 81.529110ms
 23: 79.397541ms
 24: 81.127859ms
 25: 79.051454ms
 26: 129.687102ms
 27: 100.730565ms
 28: 77.189681ms
 29: 75.874424ms
 30: 77.634449ms
 31: 77.799198ms
 32: 76.997676ms
 33: 77.540921ms
 34: 78.841503ms
 35: 77.388814ms
 36: 77.514338ms
 37: 77.119699ms
 38: 69.362421ms
 39: 71.949971ms
 40: 71.505812ms
 41: 71.968685ms
 42: 119.068569ms
 43: 76.408096ms
 44: 76.166548ms
 45: 77.685767ms
 46: 77.414305ms
 47: 77.544154ms
 48: 77.038466ms
 49: 77.689999ms


Measurements
--------------------------
FFT Size            : 383^3
Threads             : 37
Batch               : 1
Iterations          : 50
Avg Tot Runtime     : 80.813567 ms
Runtime per batch   : 80.813567 ms
SD                  : 9.884518 ms
Throughput          : 6.675816 GFLOPs
Plan Time           : 403.852185 sec
