Expm 2: Streaming FFTW
FFTW Plan: Patient
-- Cannot import wisdom from ../../wisdom/singlenode/all/139/fftw_139_t36_b1.patient
-- Exporting wisdom file to ../../wisdom/singlenode/all/139/fftw_139_t36_b1.patient
Iteration: 0, 1, 2, 3, 4, 5, 6, 7, 8, 9, 10, 11, 12, 13, 14, 15, 16, 17, 18, 19, 20, 21, 22, 23, 24, 25, 26, 27, 28, 29, 30, 31, 32, 33, 34, 35, 36, 37, 38, 39, 40, 41, 42, 43, 44, 45, 46, 47, 48, 49, 
Printing individual runtimes:
 0: 4.796831ms
 1: 4.898107ms
 2: 4.590405ms
 3: 4.876007ms
 4: 4.508624ms
 5: 4.445009ms
 6: 4.558396ms
 7: 4.472921ms
 8: 4.533398ms
 9: 4.524013ms
 10: 4.884631ms
 11: 4.437647ms
 12: 4.742090ms
 13: 4.494899ms
 14: 4.464421ms
 15: 4.688903ms
 16: 4.582491ms
 17: 4.504512ms
 18: 4.645365ms
 19: 4.928909ms
 20: 4.704235ms
 21: 4.713127ms
 22: 4.675720ms
 23: 4.661403ms
 24: 4.571277ms
 25: 4.824085ms
 26: 4.480839ms
 27: 4.515155ms
 28: 4.457427ms
 29: 4.720683ms
 30: 4.517920ms
 31: 5.207132ms
 32: 4.678033ms
 33: 4.481982ms
 34: 4.476039ms
 35: 4.635945ms
 36: 4.495352ms
 37: 4.736696ms
 38: 4.552542ms
 39: 4.507689ms
 40: 4.608605ms
 41: 4.841194ms
 42: 4.627101ms
 43: 5.677357ms
 44: 4.538737ms
 45: 5.236835ms
 46: 4.515265ms
 47: 4.805583ms
 48: 4.467252ms
 49: 4.525777ms


Measurements
--------------------------
FFT Size            : 139^3
Threads             : 36
Batch               : 1
Iterations          : 50
Avg Tot Runtime     : 4.660691 ms
Runtime per batch   : 4.660691 ms
SD                  : 0.230618 ms
Throughput          : 0.317348 GFLOPs
Plan Time           : 158.844908 sec
