Expm 2: Streaming FFTW
FFTW Plan: Patient
-- Cannot import wisdom from ../../wisdom/singlenode/all/623/fftw_623_t38_b1.patient
-- Exporting wisdom file to ../../wisdom/singlenode/all/623/fftw_623_t38_b1.patient
Iteration: 0, 1, 2, 3, 4, 5, 6, 7, 8, 9, 10, 11, 12, 13, 14, 15, 16, 17, 18, 19, 20, 21, 22, 23, 24, 25, 26, 27, 28, 29, 30, 31, 32, 33, 34, 35, 36, 37, 38, 39, 40, 41, 42, 43, 44, 45, 46, 47, 48, 49, 
Printing individual runtimes:
 0: 489.886699ms
 1: 468.935130ms
 2: 472.511440ms
 3: 472.820194ms
 4: 650.566906ms
 5: 469.845368ms
 6: 468.843994ms
 7: 918.591889ms
 8: 522.647223ms
 9: 862.144800ms
 10: 829.789269ms
 11: 465.978757ms
 12: 508.516607ms
 13: 468.547563ms
 14: 935.763629ms
 15: 718.533870ms
 16: 468.757663ms
 17: 549.639459ms
 18: 467.188879ms
 19: 465.616905ms
 20: 465.966663ms
 21: 477.370861ms
 22: 467.867831ms
 23: 467.634781ms
 24: 471.915650ms
 25: 779.422640ms
 26: 469.096575ms
 27: 468.038681ms
 28: 499.998492ms
 29: 472.100203ms
 30: 470.611809ms
 31: 466.583400ms
 32: 470.629089ms
 33: 471.991274ms
 34: 465.456945ms
 35: 467.061065ms
 36: 466.182158ms
 37: 470.561467ms
 38: 465.947257ms
 39: 466.960609ms
 40: 469.259569ms
 41: 470.512658ms
 42: 913.098888ms
 43: 468.188976ms
 44: 467.789360ms
 45: 466.521379ms
 46: 466.692201ms
 47: 466.130035ms
 48: 506.685500ms
 49: 469.229795ms


Measurements
--------------------------
FFT Size            : 623^3
Threads             : 38
Batch               : 1
Iterations          : 50
Avg Tot Runtime     : 531.212641 ms
Runtime per batch   : 531.212641 ms
SD                  : 135.205720 ms
Throughput          : 32.614480 GFLOPs
Plan Time           : 390.640753 sec
