Expm 2: Streaming FFTW
FFTW Plan: Patient
-- Cannot import wisdom from ../../wisdom/singlenode/all/344/fftw_344_t40_b1.patient
-- Exporting wisdom file to ../../wisdom/singlenode/all/344/fftw_344_t40_b1.patient
Iteration: 0, 1, 2, 3, 4, 5, 6, 7, 8, 9, 10, 11, 12, 13, 14, 15, 16, 17, 18, 19, 20, 21, 22, 23, 24, 25, 26, 27, 28, 29, 30, 31, 32, 33, 34, 35, 36, 37, 38, 39, 40, 41, 42, 43, 44, 45, 46, 47, 48, 49, 
Printing individual runtimes:
 0: 245.860141ms
 1: 223.009496ms
 2: 150.450951ms
 3: 102.790781ms
 4: 80.332021ms
 5: 79.716157ms
 6: 80.293247ms
 7: 80.855068ms
 8: 80.983417ms
 9: 80.567166ms
 10: 158.770077ms
 11: 149.654521ms
 12: 80.244319ms
 13: 80.830064ms
 14: 80.450556ms
 15: 81.051754ms
 16: 80.922264ms
 17: 81.056564ms
 18: 147.056065ms
 19: 79.451292ms
 20: 79.405111ms
 21: 79.830504ms
 22: 80.559125ms
 23: 147.274701ms
 24: 80.189391ms
 25: 80.488227ms
 26: 80.535253ms
 27: 80.389830ms
 28: 80.541975ms
 29: 80.331135ms
 30: 80.140468ms
 31: 80.470864ms
 32: 80.165198ms
 33: 80.270398ms
 34: 79.880682ms
 35: 80.554211ms
 36: 80.740423ms
 37: 80.335062ms
 38: 80.941905ms
 39: 146.389993ms
 40: 80.371445ms
 41: 80.377363ms
 42: 79.323182ms
 43: 80.039653ms
 44: 80.671356ms
 45: 80.470558ms
 46: 80.804141ms
 47: 79.931078ms
 48: 80.537941ms
 49: 80.437261ms


Measurements
--------------------------
FFT Size            : 344^3
Threads             : 40
Batch               : 1
Iterations          : 50
Avg Tot Runtime     : 95.334887 ms
Runtime per batch   : 95.334887 ms
SD                  : 36.382913 ms
Throughput          : 5.984700 GFLOPs
Plan Time           : 200.970522 sec
