Expm 2: Streaming FFTW
FFTW Plan: Patient
-- Cannot import wisdom from ../../wisdom/singlenode/all/459/fftw_459_t37_b1.patient
-- Exporting wisdom file to ../../wisdom/singlenode/all/459/fftw_459_t37_b1.patient
Iteration: 0, 1, 2, 3, 4, 5, 6, 7, 8, 9, 10, 11, 12, 13, 14, 15, 16, 17, 18, 19, 20, 21, 22, 23, 24, 25, 26, 27, 28, 29, 30, 31, 32, 33, 34, 35, 36, 37, 38, 39, 40, 41, 42, 43, 44, 45, 46, 47, 48, 49, 
Printing individual runtimes:
 0: 127.412375ms
 1: 127.019718ms
 2: 232.990586ms
 3: 129.472597ms
 4: 130.161891ms
 5: 130.229154ms
 6: 129.961452ms
 7: 129.941240ms
 8: 129.815685ms
 9: 130.154158ms
 10: 130.066054ms
 11: 130.153638ms
 12: 130.044011ms
 13: 308.425640ms
 14: 129.568309ms
 15: 129.590145ms
 16: 129.225034ms
 17: 129.597812ms
 18: 128.907735ms
 19: 128.899241ms
 20: 229.678058ms
 21: 176.788166ms
 22: 128.144891ms
 23: 223.099681ms
 24: 127.560856ms
 25: 127.135415ms
 26: 251.692380ms
 27: 217.140326ms
 28: 130.290182ms
 29: 129.057607ms
 30: 127.720609ms
 31: 252.638225ms
 32: 376.404014ms
 33: 152.282685ms
 34: 373.559961ms
 35: 359.364418ms
 36: 304.948533ms
 37: 142.404277ms
 38: 244.688235ms
 39: 234.154644ms
 40: 127.452977ms
 41: 125.496757ms
 42: 125.787091ms
 43: 235.676125ms
 44: 225.020620ms
 45: 128.258449ms
 46: 124.931594ms
 47: 124.859557ms
 48: 125.189797ms
 49: 125.280118ms


Measurements
--------------------------
FFT Size            : 459^3
Threads             : 37
Batch               : 1
Iterations          : 50
Avg Tot Runtime     : 172.966854 ms
Runtime per batch   : 172.966854 ms
SD                  : 71.646128 ms
Throughput          : 7.571875 GFLOPs
Plan Time           : 195.963116 sec
