Expm 2: Streaming FFTW
FFTW Plan: Patient
-- Cannot import wisdom from ../../wisdom/singlenode/all/341/fftw_341_t38_b1.patient
-- Exporting wisdom file to ../../wisdom/singlenode/all/341/fftw_341_t38_b1.patient
Iteration: 0, 1, 2, 3, 4, 5, 6, 7, 8, 9, 10, 11, 12, 13, 14, 15, 16, 17, 18, 19, 20, 21, 22, 23, 24, 25, 26, 27, 28, 29, 30, 31, 32, 33, 34, 35, 36, 37, 38, 39, 40, 41, 42, 43, 44, 45, 46, 47, 48, 49, 
Printing individual runtimes:
 0: 79.173126ms
 1: 79.132510ms
 2: 79.350419ms
 3: 79.147158ms
 4: 79.058953ms
 5: 78.724258ms
 6: 78.695347ms
 7: 79.309920ms
 8: 78.937757ms
 9: 79.412865ms
 10: 79.112575ms
 11: 79.171138ms
 12: 79.047991ms
 13: 79.177963ms
 14: 78.886062ms
 15: 78.904457ms
 16: 79.024723ms
 17: 79.027885ms
 18: 78.860228ms
 19: 79.076322ms
 20: 78.984911ms
 21: 79.112128ms
 22: 79.417638ms
 23: 79.734634ms
 24: 79.380058ms
 25: 79.358232ms
 26: 88.148252ms
 27: 79.266505ms
 28: 80.018473ms
 29: 78.535522ms
 30: 78.600033ms
 31: 78.809706ms
 32: 78.987186ms
 33: 79.126731ms
 34: 78.765779ms
 35: 78.750967ms
 36: 79.115392ms
 37: 78.947551ms
 38: 79.024772ms
 39: 78.787659ms
 40: 79.152965ms
 41: 83.432819ms
 42: 79.366833ms
 43: 79.573064ms
 44: 79.227250ms
 45: 79.456058ms
 46: 79.380861ms
 47: 79.032474ms
 48: 79.271413ms
 49: 79.615207ms


Measurements
--------------------------
FFT Size            : 341^3
Threads             : 38
Batch               : 1
Iterations          : 50
Avg Tot Runtime     : 79.392255 ms
Runtime per batch   : 79.392255 ms
SD                  : 1.417503 ms
Throughput          : 5.805101 GFLOPs
Plan Time           : 177.285005 sec
