Expm 2: Streaming FFTW
FFTW Plan: Patient
-- Cannot import wisdom from ../../wisdom/singlenode/all/630/fftw_630_t37_b1.patient
-- Exporting wisdom file to ../../wisdom/singlenode/all/630/fftw_630_t37_b1.patient
Iteration: 0, 1, 2, 3, 4, 5, 6, 7, 8, 9, 10, 11, 12, 13, 14, 15, 16, 17, 18, 19, 20, 21, 22, 23, 24, 25, 26, 27, 28, 29, 30, 31, 32, 33, 34, 35, 36, 37, 38, 39, 40, 41, 42, 43, 44, 45, 46, 47, 48, 49, 
Printing individual runtimes:
 0: 182.407844ms
 1: 178.134192ms
 2: 177.789133ms
 3: 183.674772ms
 4: 180.603110ms
 5: 179.948482ms
 6: 180.479713ms
 7: 180.771161ms
 8: 181.320759ms
 9: 178.672347ms
 10: 315.015601ms
 11: 249.595047ms
 12: 187.887010ms
 13: 164.915548ms
 14: 352.721841ms
 15: 300.722737ms
 16: 180.138436ms
 17: 162.398197ms
 18: 161.674221ms
 19: 160.785874ms
 20: 266.532725ms
 21: 159.984051ms
 22: 325.777603ms
 23: 199.577982ms
 24: 238.855659ms
 25: 165.090353ms
 26: 229.478561ms
 27: 181.100423ms
 28: 164.931762ms
 29: 165.453233ms
 30: 163.638643ms
 31: 234.315724ms
 32: 271.055401ms
 33: 161.754650ms
 34: 238.876814ms
 35: 244.087786ms
 36: 164.379530ms
 37: 165.265821ms
 38: 162.412576ms
 39: 161.250704ms
 40: 233.416123ms
 41: 161.688241ms
 42: 163.109807ms
 43: 161.521341ms
 44: 162.107343ms
 45: 161.704792ms
 46: 162.222094ms
 47: 155.745602ms
 48: 154.433780ms
 49: 152.391501ms


Measurements
--------------------------
FFT Size            : 630^3
Threads             : 37
Batch               : 1
Iterations          : 50
Avg Tot Runtime     : 195.436333 ms
Runtime per batch   : 195.436333 ms
SD                  : 49.056627 ms
Throughput          : 6.779860 GFLOPs
Plan Time           : 1343.019557 sec
