Expm 2: Streaming FFTW
FFTW Plan: Patient
-- Cannot import wisdom from ../../wisdom/singlenode/all/178/fftw_178_t40_b1.patient
-- Exporting wisdom file to ../../wisdom/singlenode/all/178/fftw_178_t40_b1.patient
Iteration: 0, 1, 2, 3, 4, 5, 6, 7, 8, 9, 10, 11, 12, 13, 14, 15, 16, 17, 18, 19, 20, 21, 22, 23, 24, 25, 26, 27, 28, 29, 30, 31, 32, 33, 34, 35, 36, 37, 38, 39, 40, 41, 42, 43, 44, 45, 46, 47, 48, 49, 
Printing individual runtimes:
 0: 10.349589ms
 1: 10.145395ms
 2: 9.790782ms
 3: 10.203852ms
 4: 10.099106ms
 5: 10.077977ms
 6: 9.976863ms
 7: 9.635336ms
 8: 10.604556ms
 9: 10.801164ms
 10: 9.857191ms
 11: 9.255715ms
 12: 10.556706ms
 13: 9.310235ms
 14: 10.916027ms
 15: 9.430895ms
 16: 10.898207ms
 17: 9.786009ms
 18: 9.532154ms
 19: 9.567282ms
 20: 10.932273ms
 21: 10.276972ms
 22: 9.722984ms
 23: 10.180911ms
 24: 10.751140ms
 25: 9.203538ms
 26: 10.401816ms
 27: 9.846732ms
 28: 10.089014ms
 29: 9.282402ms
 30: 9.716131ms
 31: 9.587115ms
 32: 10.662772ms
 33: 9.829784ms
 34: 9.918969ms
 35: 10.200279ms
 36: 9.562163ms
 37: 9.972220ms
 38: 10.462935ms
 39: 10.896679ms
 40: 10.113702ms
 41: 9.994707ms
 42: 10.278253ms
 43: 9.573249ms
 44: 9.482077ms
 45: 10.327160ms
 46: 9.985150ms
 47: 10.128447ms
 48: 10.357865ms
 49: 10.213854ms


Measurements
--------------------------
FFT Size            : 178^3
Threads             : 40
Batch               : 1
Iterations          : 50
Avg Tot Runtime     : 10.054927 ms
Runtime per batch   : 10.054927 ms
SD                  : 0.464610 ms
Throughput          : 0.717072 GFLOPs
Plan Time           : 93.881543 sec
