Expm 2: Streaming FFTW
FFTW Plan: Patient
-- Cannot import wisdom from ../../wisdom/singlenode/all/178/fftw_178_t38_b1.patient
-- Exporting wisdom file to ../../wisdom/singlenode/all/178/fftw_178_t38_b1.patient
Iteration: 0, 1, 2, 3, 4, 5, 6, 7, 8, 9, 10, 11, 12, 13, 14, 15, 16, 17, 18, 19, 20, 21, 22, 23, 24, 25, 26, 27, 28, 29, 30, 31, 32, 33, 34, 35, 36, 37, 38, 39, 40, 41, 42, 43, 44, 45, 46, 47, 48, 49, 
Printing individual runtimes:
 0: 9.379752ms
 1: 9.223825ms
 2: 9.265371ms
 3: 9.175801ms
 4: 9.315881ms
 5: 9.172716ms
 6: 9.233295ms
 7: 9.204140ms
 8: 9.552170ms
 9: 9.173830ms
 10: 9.158330ms
 11: 9.278240ms
 12: 9.208862ms
 13: 9.312622ms
 14: 9.168606ms
 15: 9.271103ms
 16: 9.833288ms
 17: 9.747949ms
 18: 9.292831ms
 19: 9.174771ms
 20: 9.151885ms
 21: 9.163912ms
 22: 9.785210ms
 23: 9.154689ms
 24: 9.605006ms
 25: 9.572916ms
 26: 9.678566ms
 27: 9.156279ms
 28: 9.165005ms
 29: 9.161343ms
 30: 9.155706ms
 31: 9.156363ms
 32: 9.492804ms
 33: 9.155020ms
 34: 17.278910ms
 35: 9.335054ms
 36: 9.356558ms
 37: 9.277626ms
 38: 9.538921ms
 39: 9.155059ms
 40: 9.216558ms
 41: 17.522540ms
 42: 9.452320ms
 43: 9.452408ms
 44: 9.170639ms
 45: 9.140388ms
 46: 9.466421ms
 47: 9.155826ms
 48: 9.155932ms
 49: 9.153896ms


Measurements
--------------------------
FFT Size            : 178^3
Threads             : 38
Batch               : 1
Iterations          : 50
Avg Tot Runtime     : 9.630543 ms
Runtime per batch   : 9.630543 ms
SD                  : 1.597068 ms
Throughput          : 0.717072 GFLOPs
Plan Time           : 91.453040 sec
