Expm 2: Streaming FFT

Printing individual runtimes:
 0: 0.345256ms
 1: 0.267842ms
 2: 0.303964ms
 3: 0.437335ms
 4: 0.243050ms
 5: 2.100608ms
 6: 0.266919ms
 7: 0.377359ms
 8: 0.235612ms
 9: 0.244361ms
 10: 0.263024ms
 11: 0.416806ms
 12: 0.276308ms
 13: 0.412241ms
 14: 0.258284ms
 15: 0.255625ms
 16: 0.565775ms
 17: 0.267522ms
 18: 0.399447ms
 19: 0.268068ms
 20: 0.281186ms
 21: 0.441409ms
 22: 0.237862ms
 23: 0.237619ms
 24: 0.236016ms
 25: 0.365761ms
 26: 0.237553ms
 27: 0.255964ms
 28: 0.267576ms
 29: 0.234969ms
 30: 0.436393ms
 31: 0.237620ms
 32: 0.270962ms
 33: 0.238694ms
 34: 0.275650ms
 35: 0.260563ms
 36: 0.355724ms
 37: 0.268486ms
 38: 0.277978ms
 39: 0.271435ms
 40: 0.266664ms
 41: 0.283917ms
 42: 0.282555ms
 43: 0.292063ms
 44: 0.494574ms
 45: 0.294595ms
 46: 0.298390ms
 47: 0.286965ms
 48: 0.289423ms
 49: 0.267601ms
 50: 0.289063ms
 51: 0.410316ms
 52: 0.285311ms
 53: 0.292176ms
 54: 0.283439ms
 55: 0.274036ms
 56: 0.481911ms
 57: 0.284070ms
 58: 0.286690ms
 59: 0.279453ms
 60: 0.268221ms
 61: 0.284873ms
 62: 0.292007ms
 63: 0.392079ms
 64: 0.273198ms
 65: 0.283342ms
 66: 0.286214ms
 67: 0.286976ms
 68: 0.276361ms
 69: 0.279773ms
 70: 0.284985ms
 71: 0.485300ms
 72: 0.282571ms
 73: 0.276810ms
 74: 0.282711ms
 75: 0.281963ms
 76: 0.275166ms
 77: 0.387500ms
 78: 0.284159ms
 79: 0.298735ms
 80: 0.282589ms
 81: 0.297202ms
 82: 0.295858ms
 83: 0.279341ms
 84: 0.287960ms
 85: 0.455866ms
 86: 0.270612ms
 87: 0.285344ms
 88: 0.296954ms
 89: 0.282617ms
 90: 0.270676ms
 91: 0.293461ms
 92: 0.282760ms
 93: 0.279725ms
 94: 0.379739ms
 95: 0.268558ms
 96: 0.285407ms
 97: 0.271840ms
 98: 0.281944ms
 99: 0.281435ms
 100: 0.290780ms
 101: 0.283690ms
 102: 0.294615ms
 103: 0.290719ms
 104: 0.288795ms
 105: 0.278335ms
 106: 0.279460ms
 107: 0.459592ms
 108: 0.274745ms
 109: 0.272663ms
 110: 0.295107ms
 111: 0.284418ms
 112: 0.276044ms
 113: 0.296653ms
 114: 0.293575ms
 115: 0.285050ms
 116: 0.278939ms
 117: 0.286678ms
 118: 0.274940ms
 119: 0.291704ms
 120: 0.291775ms
 121: 0.279651ms
 122: 0.290475ms
 123: 0.284593ms
 124: 0.421044ms
 125: 0.272779ms
 126: 0.289073ms
 127: 0.274989ms
 128: 0.272231ms
 129: 0.281929ms
 130: 0.279837ms
 131: 0.291754ms
 132: 0.268835ms
 133: 0.285047ms
 134: 0.297019ms
 135: 0.282043ms
 136: 0.293875ms
 137: 0.291234ms
 138: 0.268623ms
 139: 0.287102ms
 140: 0.272515ms
 141: 0.519373ms
 142: 0.289791ms
 143: 0.291682ms
 144: 0.276535ms
 145: 0.283820ms
 146: 0.289369ms
 147: 0.266422ms
 148: 0.283274ms
 149: 0.270409ms
 150: 0.289538ms
 151: 0.277448ms
 152: 0.278295ms
 153: 0.275842ms
 154: 0.274563ms
 155: 0.286660ms
 156: 0.383998ms
 157: 0.286262ms
 158: 0.298130ms
 159: 0.267588ms
 160: 0.268340ms
 161: 0.276484ms
 162: 0.288848ms
 163: 0.276269ms
 164: 0.264862ms
 165: 0.283421ms
 166: 0.268199ms
 167: 0.275056ms
 168: 0.283242ms
 169: 0.285965ms
 170: 0.274852ms
 171: 0.279313ms
 172: 0.285221ms
 173: 0.473236ms
 174: 0.267627ms
 175: 0.271878ms
 176: 0.285507ms
 177: 0.276849ms
 178: 0.269246ms
 179: 0.279711ms
 180: 0.268155ms
 181: 0.283726ms
 182: 0.282714ms
 183: 0.278173ms
 184: 0.272328ms
 185: 0.273840ms
 186: 0.296057ms
 187: 0.290536ms
 188: 0.280451ms
 189: 0.283693ms
 190: 0.273537ms
 191: 0.375019ms
 192: 0.289998ms
 193: 0.300231ms
 194: 0.285583ms
 195: 0.284622ms
 196: 0.290374ms
 197: 0.285396ms
 198: 0.288637ms
 199: 0.278661ms


-- Real : Q1: 50 Q2: 100 Q3: 150
-- Array: Q1: 49 Q2: 99 Q3: 149
Printing sorted runtimes:
 0: 0.268486ms
 1: 0.267842ms
 2: 0.268221ms
 3: 0.266422ms
 4: 0.243050ms
 5: 0.267601ms
 6: 0.266919ms
 7: 0.267588ms
 8: 0.235612ms
 9: 0.244361ms
 10: 0.263024ms
 11: 0.268155ms
 12: 0.268340ms
 13: 0.266664ms
 14: 0.258284ms
 15: 0.255625ms
 16: 0.264862ms
 17: 0.267522ms
 18: 0.260563ms
 19: 0.268068ms
 20: 0.267627ms
 21: 0.238694ms
 22: 0.237862ms
 23: 0.237619ms
 24: 0.236016ms
 25: 0.237620ms
 26: 0.237553ms
 27: 0.255964ms
 28: 0.267576ms
 29: 0.234969ms
 30: 0.268199ms
 31: 0.271840ms
 32: 0.270962ms
 33: 0.268835ms
 34: 0.268623ms
 35: 0.270409ms
 36: 0.268558ms
 37: 0.270612ms
 38: 0.270676ms
 39: 0.271435ms
 40: 0.269246ms
 41: 0.272515ms
 42: 0.271878ms
 43: 0.272328ms
 44: 0.272231ms
 45: 0.272779ms
 46: 0.272663ms
 47: 0.273537ms
 48: 0.273198ms
 49: 0.273840ms
 50: 0.274036ms
 51: 0.279453ms
 52: 0.274745ms
 53: 0.275056ms
 54: 0.275650ms
 55: 0.276535ms
 56: 0.274852ms
 57: 0.276361ms
 58: 0.274989ms
 59: 0.275842ms
 60: 0.275166ms
 61: 0.274940ms
 62: 0.276044ms
 63: 0.276308ms
 64: 0.276484ms
 65: 0.276269ms
 66: 0.278335ms
 67: 0.277448ms
 68: 0.278295ms
 69: 0.278173ms
 70: 0.277978ms
 71: 0.278661ms
 72: 0.276849ms
 73: 0.276810ms
 74: 0.279313ms
 75: 0.274563ms
 76: 0.278939ms
 77: 0.279341ms
 78: 0.282711ms
 79: 0.281186ms
 80: 0.282589ms
 81: 0.279711ms
 82: 0.282555ms
 83: 0.282043ms
 84: 0.280451ms
 85: 0.279837ms
 86: 0.281929ms
 87: 0.281963ms
 88: 0.279651ms
 89: 0.282617ms
 90: 0.282571ms
 91: 0.279460ms
 92: 0.281435ms
 93: 0.279725ms
 94: 0.281944ms
 95: 0.279773ms
 96: 0.283274ms
 97: 0.283242ms
 98: 0.282714ms
 99: 0.282760ms
 100: 0.283342ms
 101: 0.289538ms
 102: 0.283690ms
 103: 0.283439ms
 104: 0.283917ms
 105: 0.284159ms
 106: 0.283726ms
 107: 0.283693ms
 108: 0.284070ms
 109: 0.283820ms
 110: 0.284593ms
 111: 0.284418ms
 112: 0.284622ms
 113: 0.285047ms
 114: 0.284873ms
 115: 0.284985ms
 116: 0.285050ms
 117: 0.286678ms
 118: 0.285221ms
 119: 0.286965ms
 120: 0.286660ms
 121: 0.286262ms
 122: 0.285311ms
 123: 0.285965ms
 124: 0.285583ms
 125: 0.285344ms
 126: 0.286214ms
 127: 0.286690ms
 128: 0.285507ms
 129: 0.285407ms
 130: 0.285396ms
 131: 0.286976ms
 132: 0.287960ms
 133: 0.288795ms
 134: 0.288848ms
 135: 0.288637ms
 136: 0.289423ms
 137: 0.283421ms
 138: 0.289073ms
 139: 0.287102ms
 140: 0.289063ms
 141: 0.289369ms
 142: 0.290536ms
 143: 0.289791ms
 144: 0.290475ms
 145: 0.289998ms
 146: 0.290374ms
 147: 0.291234ms
 148: 0.290719ms
 149: 0.290780ms
 150: 0.291682ms
 151: 0.293875ms
 152: 0.291704ms
 153: 0.293575ms
 154: 0.294595ms
 155: 0.296653ms
 156: 0.292007ms
 157: 0.295107ms
 158: 0.292176ms
 159: 0.293461ms
 160: 0.292063ms
 161: 0.295858ms
 162: 0.291775ms
 163: 0.291754ms
 164: 0.296057ms
 165: 0.294615ms
 166: 0.296954ms
 167: 0.297019ms
 168: 0.297202ms
 169: 0.298130ms
 170: 0.298390ms
 171: 0.298735ms
 172: 0.441409ms
 173: 0.473236ms
 174: 0.365761ms
 175: 0.399447ms
 176: 0.436393ms
 177: 0.565775ms
 178: 0.412241ms
 179: 0.355724ms
 180: 0.416806ms
 181: 0.494574ms
 182: 0.383998ms
 183: 0.377359ms
 184: 2.100608ms
 185: 0.437335ms
 186: 0.410316ms
 187: 0.519373ms
 188: 0.481911ms
 189: 0.421044ms
 190: 0.303964ms
 191: 0.375019ms
 192: 0.392079ms
 193: 0.300231ms
 194: 0.459592ms
 195: 0.379739ms
 196: 0.485300ms
 197: 0.455866ms
 198: 0.387500ms
 199: 0.345256ms


Measurements
--------------------------
FFT Size            : 61^3
Threads             : 37
Batch               : 1
Iterations          : 200
Avg Tot Runtime     : 0.306243 ms
Runtime per batch   : 0.306243 ms
SD                  : 0.138225 ms
Q1                  : 0.273840 ms
Median              : 0.283051 ms
Q3                  : 0.290780 ms
