Expm 2: Streaming FFT

Printing individual runtimes:
 0: 0.346839ms
 1: 0.271287ms
 2: 0.276597ms
 3: 0.469714ms
 4: 0.282004ms
 5: 2.087676ms
 6: 0.270918ms
 7: 0.362972ms
 8: 0.239361ms
 9: 0.270877ms
 10: 0.266182ms
 11: 0.421799ms
 12: 0.240151ms
 13: 0.397553ms
 14: 0.275212ms
 15: 0.271729ms
 16: 0.548484ms
 17: 0.281853ms
 18: 0.398554ms
 19: 0.234793ms
 20: 0.241916ms
 21: 0.443659ms
 22: 0.245420ms
 23: 0.254928ms
 24: 0.237339ms
 25: 1.636793ms
 26: 0.274389ms
 27: 0.268863ms
 28: 0.235443ms
 29: 0.246324ms
 30: 0.231358ms
 31: 0.433257ms
 32: 0.256000ms
 33: 0.282169ms
 34: 0.282177ms
 35: 0.267119ms
 36: 0.385248ms
 37: 0.273158ms
 38: 0.259211ms
 39: 0.282347ms
 40: 0.424858ms
 41: 0.265092ms
 42: 0.283459ms
 43: 0.267964ms
 44: 0.265211ms
 45: 0.272660ms
 46: 0.289676ms
 47: 0.285493ms
 48: 0.283789ms
 49: 0.273330ms
 50: 0.370943ms
 51: 0.286579ms
 52: 0.275459ms
 53: 0.270295ms
 54: 0.260518ms
 55: 0.470664ms
 56: 0.284864ms
 57: 0.276392ms
 58: 0.280085ms
 59: 0.270640ms
 60: 0.268115ms
 61: 0.261899ms
 62: 0.280930ms
 63: 0.269660ms
 64: 0.273065ms
 65: 0.279131ms
 66: 0.271525ms
 67: 0.285280ms
 68: 0.291669ms
 69: 0.283807ms
 70: 0.264735ms
 71: 0.271282ms
 72: 0.290131ms
 73: 0.268187ms
 74: 0.381814ms
 75: 0.261126ms
 76: 0.269916ms
 77: 0.261253ms
 78: 0.237319ms
 79: 0.261883ms
 80: 0.284838ms
 81: 0.289868ms
 82: 0.511333ms
 83: 0.288942ms
 84: 0.274237ms
 85: 0.275614ms
 86: 0.275620ms
 87: 0.273674ms
 88: 0.239243ms
 89: 0.233837ms
 90: 0.283538ms
 91: 0.280727ms
 92: 0.271786ms
 93: 0.271441ms
 94: 0.264117ms
 95: 0.265463ms
 96: 0.282479ms
 97: 0.267432ms
 98: 0.293615ms
 99: 0.286951ms
 100: 0.384397ms
 101: 0.278971ms
 102: 0.285549ms
 103: 0.276631ms
 104: 0.277595ms
 105: 0.288701ms
 106: 0.278714ms
 107: 0.265430ms
 108: 0.279203ms
 109: 0.268193ms
 110: 0.273714ms
 111: 0.270089ms
 112: 0.267275ms
 113: 0.284099ms
 114: 0.262827ms
 115: 0.279409ms
 116: 0.274351ms
 117: 0.272758ms
 118: 0.289058ms
 119: 0.266965ms
 120: 0.274988ms
 121: 0.266861ms
 122: 0.288848ms
 123: 0.279637ms
 124: 0.269861ms
 125: 0.276819ms
 126: 0.270183ms
 127: 0.269174ms
 128: 0.274328ms
 129: 0.265597ms
 130: 0.276268ms
 131: 0.272541ms
 132: 0.273367ms
 133: 0.271556ms
 134: 0.274051ms
 135: 0.437224ms
 136: 0.238689ms
 137: 0.279281ms
 138: 0.266981ms
 139: 0.264762ms
 140: 0.264149ms
 141: 0.272296ms
 142: 0.269506ms
 143: 0.259473ms
 144: 0.284563ms
 145: 0.276420ms
 146: 0.285414ms
 147: 0.266609ms
 148: 0.278008ms
 149: 0.271392ms
 150: 0.276274ms
 151: 0.280746ms
 152: 0.268166ms
 153: 0.279597ms
 154: 0.286757ms
 155: 0.265329ms
 156: 0.267862ms
 157: 0.266985ms
 158: 0.286398ms
 159: 0.262728ms
 160: 0.273507ms
 161: 0.278043ms
 162: 0.269473ms
 163: 0.267451ms
 164: 0.271110ms
 165: 0.245167ms
 166: 0.274735ms
 167: 0.262554ms
 168: 0.285636ms
 169: 0.277502ms
 170: 0.271880ms
 171: 0.395188ms
 172: 0.246505ms
 173: 0.280556ms
 174: 0.272569ms
 175: 0.284805ms
 176: 0.267189ms
 177: 0.257214ms
 178: 0.284981ms
 179: 0.290245ms
 180: 0.287839ms
 181: 0.270138ms
 182: 0.263334ms
 183: 0.267989ms
 184: 0.320012ms
 185: 0.283730ms
 186: 0.261960ms
 187: 0.474844ms
 188: 0.273463ms
 189: 0.283292ms
 190: 0.280082ms
 191: 0.285174ms
 192: 0.274433ms
 193: 0.293418ms
 194: 0.273274ms
 195: 0.269170ms
 196: 0.270730ms
 197: 0.260520ms
 198: 0.271974ms
 199: 0.288929ms


-- Real : Q1: 50 Q2: 100 Q3: 150
-- Array: Q1: 49 Q2: 99 Q3: 149
Printing sorted runtimes:
 0: 0.265430ms
 1: 0.246505ms
 2: 0.262554ms
 3: 0.264117ms
 4: 0.245167ms
 5: 0.260520ms
 6: 0.262827ms
 7: 0.233837ms
 8: 0.239361ms
 9: 0.239243ms
 10: 0.261883ms
 11: 0.237319ms
 12: 0.240151ms
 13: 0.261253ms
 14: 0.261126ms
 15: 0.257214ms
 16: 0.264735ms
 17: 0.261899ms
 18: 0.238689ms
 19: 0.234793ms
 20: 0.241916ms
 21: 0.262728ms
 22: 0.245420ms
 23: 0.254928ms
 24: 0.237339ms
 25: 0.260518ms
 26: 0.264762ms
 27: 0.264149ms
 28: 0.235443ms
 29: 0.246324ms
 30: 0.231358ms
 31: 0.263334ms
 32: 0.256000ms
 33: 0.265329ms
 34: 0.265211ms
 35: 0.259473ms
 36: 0.261960ms
 37: 0.265092ms
 38: 0.259211ms
 39: 0.266965ms
 40: 0.266609ms
 41: 0.265597ms
 42: 0.266182ms
 43: 0.265463ms
 44: 0.266861ms
 45: 0.267119ms
 46: 0.266985ms
 47: 0.266981ms
 48: 0.267275ms
 49: 0.267189ms
 50: 0.267432ms
 51: 0.271880ms
 52: 0.267862ms
 53: 0.270295ms
 54: 0.268863ms
 55: 0.270138ms
 56: 0.267451ms
 57: 0.271287ms
 58: 0.268193ms
 59: 0.270640ms
 60: 0.268115ms
 61: 0.269473ms
 62: 0.271556ms
 63: 0.269660ms
 64: 0.270089ms
 65: 0.267964ms
 66: 0.271525ms
 67: 0.271441ms
 68: 0.271786ms
 69: 0.269174ms
 70: 0.271392ms
 71: 0.271282ms
 72: 0.270183ms
 73: 0.268187ms
 74: 0.271729ms
 75: 0.271110ms
 76: 0.269916ms
 77: 0.268166ms
 78: 0.269170ms
 79: 0.270918ms
 80: 0.269861ms
 81: 0.269506ms
 82: 0.267989ms
 83: 0.270730ms
 84: 0.270877ms
 85: 0.273714ms
 86: 0.272758ms
 87: 0.273674ms
 88: 0.272660ms
 89: 0.272569ms
 90: 0.272296ms
 91: 0.273274ms
 92: 0.273330ms
 93: 0.272541ms
 94: 0.271974ms
 95: 0.273367ms
 96: 0.273065ms
 97: 0.273158ms
 98: 0.273463ms
 99: 0.273507ms
 100: 0.274051ms
 101: 0.279203ms
 102: 0.274328ms
 103: 0.274988ms
 104: 0.274735ms
 105: 0.274351ms
 106: 0.274433ms
 107: 0.274389ms
 108: 0.275212ms
 109: 0.275614ms
 110: 0.275459ms
 111: 0.276392ms
 112: 0.276268ms
 113: 0.276420ms
 114: 0.276274ms
 115: 0.276631ms
 116: 0.276597ms
 117: 0.275620ms
 118: 0.276819ms
 119: 0.277595ms
 120: 0.278714ms
 121: 0.278043ms
 122: 0.278971ms
 123: 0.274237ms
 124: 0.278008ms
 125: 0.277502ms
 126: 0.279131ms
 127: 0.284099ms
 128: 0.283807ms
 129: 0.282004ms
 130: 0.280727ms
 131: 0.279409ms
 132: 0.281853ms
 133: 0.280930ms
 134: 0.280085ms
 135: 0.283538ms
 136: 0.282479ms
 137: 0.279281ms
 138: 0.280082ms
 139: 0.280556ms
 140: 0.283292ms
 141: 0.283789ms
 142: 0.282169ms
 143: 0.283459ms
 144: 0.279597ms
 145: 0.282177ms
 146: 0.280746ms
 147: 0.283730ms
 148: 0.279637ms
 149: 0.282347ms
 150: 0.284563ms
 151: 0.284805ms
 152: 0.284838ms
 153: 0.284864ms
 154: 0.284981ms
 155: 0.285174ms
 156: 0.285280ms
 157: 0.285414ms
 158: 0.285493ms
 159: 0.285549ms
 160: 0.286398ms
 161: 0.286579ms
 162: 0.286757ms
 163: 0.286951ms
 164: 0.285636ms
 165: 0.287839ms
 166: 0.288929ms
 167: 0.346839ms
 168: 0.288701ms
 169: 0.288848ms
 170: 0.289058ms
 171: 0.293418ms
 172: 0.320012ms
 173: 0.293615ms
 174: 0.288942ms
 175: 0.289676ms
 176: 0.289868ms
 177: 0.291669ms
 178: 0.290131ms
 179: 0.290245ms
 180: 0.381814ms
 181: 0.470664ms
 182: 0.370943ms
 183: 0.511333ms
 184: 0.384397ms
 185: 0.424858ms
 186: 0.385248ms
 187: 0.474844ms
 188: 0.433257ms
 189: 1.636793ms
 190: 0.443659ms
 191: 0.398554ms
 192: 0.548484ms
 193: 0.395188ms
 194: 0.397553ms
 195: 0.421799ms
 196: 0.362972ms
 197: 2.087676ms
 198: 0.469714ms
 199: 0.437224ms


Measurements
--------------------------
FFT Size            : 61^3
Threads             : 36
Batch               : 1
Iterations          : 200
Avg Tot Runtime     : 0.302257 ms
Runtime per batch   : 0.302257 ms
SD                  : 0.165799 ms
Q1                  : 0.267189 ms
Median              : 0.273779 ms
Q3                  : 0.282347 ms
