Expm 2: Streaming FFT

Printing individual runtimes:
 0: 0.448263ms
 1: 0.347275ms
 2: 0.330711ms
 3: 0.532769ms
 4: 0.342038ms
 5: 0.346904ms
 6: 0.388910ms
 7: 0.341077ms
 8: 0.512927ms
 9: 0.343881ms
 10: 0.337520ms
 11: 0.334830ms
 12: 0.334319ms
 13: 0.372958ms
 14: 0.372859ms
 15: 0.344241ms
 16: 0.333023ms
 17: 0.341002ms
 18: 0.338497ms
 19: 0.336469ms
 20: 0.331579ms
 21: 0.541814ms
 22: 0.336217ms
 23: 0.337080ms
 24: 0.348554ms
 25: 0.337737ms
 26: 0.368324ms
 27: 0.345337ms
 28: 0.332356ms
 29: 0.334388ms
 30: 0.333115ms
 31: 0.337779ms
 32: 0.344543ms
 33: 0.332395ms
 34: 0.339998ms
 35: 0.376888ms
 36: 0.366773ms
 37: 0.342262ms
 38: 0.335781ms
 39: 0.340122ms
 40: 0.531358ms
 41: 0.340509ms
 42: 0.337872ms
 43: 0.331365ms
 44: 0.337698ms
 45: 0.352671ms
 46: 0.344171ms
 47: 0.359123ms
 48: 0.332050ms
 49: 0.344971ms
 50: 0.361109ms
 51: 0.341414ms
 52: 0.337685ms
 53: 0.341301ms
 54: 0.335259ms
 55: 0.329445ms
 56: 0.339457ms
 57: 0.332780ms
 58: 0.332963ms
 59: 0.333502ms
 60: 0.367646ms
 61: 0.338756ms
 62: 0.340673ms
 63: 0.332216ms
 64: 0.335370ms
 65: 0.343210ms
 66: 0.361532ms
 67: 0.333829ms
 68: 0.331154ms
 69: 0.342181ms
 70: 0.334170ms
 71: 0.337419ms
 72: 0.339648ms
 73: 0.344654ms
 74: 0.365998ms
 75: 0.327761ms
 76: 0.337507ms
 77: 0.339235ms
 78: 0.381813ms
 79: 0.524641ms
 80: 0.343386ms
 81: 0.335965ms
 82: 0.342424ms
 83: 0.337843ms
 84: 0.333666ms
 85: 0.340539ms
 86: 0.336142ms
 87: 0.335763ms
 88: 0.346695ms
 89: 0.331768ms
 90: 0.356246ms
 91: 0.335326ms
 92: 0.331409ms
 93: 0.355882ms
 94: 0.334575ms
 95: 0.340921ms
 96: 0.337607ms
 97: 0.335180ms
 98: 0.336371ms
 99: 0.335450ms
 100: 0.338578ms
 101: 0.338720ms
 102: 0.329110ms
 103: 0.345902ms
 104: 0.339974ms
 105: 0.348764ms
 106: 0.339473ms
 107: 0.338567ms
 108: 0.342045ms
 109: 0.335761ms
 110: 0.372782ms
 111: 0.335217ms
 112: 0.334741ms
 113: 0.331424ms
 114: 0.340282ms
 115: 0.333271ms
 116: 0.335901ms
 117: 0.340071ms
 118: 0.337398ms
 119: 0.337206ms
 120: 0.335597ms
 121: 0.333935ms
 122: 0.334764ms
 123: 0.335087ms
 124: 0.359534ms
 125: 0.359753ms
 126: 0.361023ms
 127: 0.344470ms
 128: 0.344644ms
 129: 0.338831ms
 130: 0.381071ms
 131: 0.335622ms
 132: 0.331999ms
 133: 0.375338ms
 134: 0.336523ms
 135: 0.341576ms
 136: 0.375776ms
 137: 0.378496ms
 138: 0.342918ms
 139: 0.342321ms
 140: 0.344663ms
 141: 0.347387ms
 142: 0.361926ms
 143: 0.370117ms
 144: 0.332495ms
 145: 0.338318ms
 146: 0.331038ms
 147: 0.332708ms
 148: 0.344503ms
 149: 0.341707ms
 150: 0.358261ms
 151: 0.369742ms
 152: 0.333784ms
 153: 0.381530ms
 154: 0.336750ms
 155: 0.337244ms
 156: 0.332185ms
 157: 0.570039ms
 158: 0.370183ms
 159: 0.386352ms
 160: 0.342484ms
 161: 0.375419ms
 162: 0.372217ms
 163: 0.332016ms
 164: 0.381791ms
 165: 0.376097ms
 166: 0.345149ms
 167: 0.334367ms
 168: 0.345564ms
 169: 0.334285ms
 170: 0.356207ms
 171: 0.336977ms
 172: 0.340059ms
 173: 0.330671ms
 174: 0.335988ms
 175: 0.343200ms
 176: 0.337811ms
 177: 0.344843ms
 178: 0.330448ms
 179: 0.337379ms
 180: 0.386481ms
 181: 0.335273ms
 182: 0.330217ms
 183: 0.335593ms
 184: 0.334974ms
 185: 0.342569ms
 186: 0.340619ms
 187: 0.342228ms
 188: 0.335593ms
 189: 0.334197ms
 190: 0.337500ms
 191: 0.335452ms
 192: 0.343742ms
 193: 0.336329ms
 194: 0.362618ms
 195: 0.333038ms
 196: 0.332903ms
 197: 0.335509ms
 198: 0.330848ms
 199: 0.335214ms


-- Real : Q1: 50 Q2: 100 Q3: 150
-- Array: Q1: 49 Q2: 99 Q3: 149
Printing sorted runtimes:
 0: 0.335214ms
 1: 0.335180ms
 2: 0.330711ms
 3: 0.330848ms
 4: 0.334575ms
 5: 0.332903ms
 6: 0.333038ms
 7: 0.331409ms
 8: 0.331768ms
 9: 0.329110ms
 10: 0.333666ms
 11: 0.334830ms
 12: 0.334319ms
 13: 0.334197ms
 14: 0.334741ms
 15: 0.334974ms
 16: 0.333023ms
 17: 0.331424ms
 18: 0.333271ms
 19: 0.327761ms
 20: 0.331579ms
 21: 0.330217ms
 22: 0.334170ms
 23: 0.331154ms
 24: 0.333829ms
 25: 0.333935ms
 26: 0.334764ms
 27: 0.330448ms
 28: 0.332356ms
 29: 0.334388ms
 30: 0.333115ms
 31: 0.332216ms
 32: 0.335087ms
 33: 0.332395ms
 34: 0.331999ms
 35: 0.330671ms
 36: 0.333502ms
 37: 0.334285ms
 38: 0.332963ms
 39: 0.334367ms
 40: 0.332016ms
 41: 0.332185ms
 42: 0.332780ms
 43: 0.331365ms
 44: 0.329445ms
 45: 0.332495ms
 46: 0.331038ms
 47: 0.333784ms
 48: 0.332050ms
 49: 0.332708ms
 50: 0.335217ms
 51: 0.337685ms
 52: 0.335273ms
 53: 0.335370ms
 54: 0.335509ms
 55: 0.335450ms
 56: 0.335326ms
 57: 0.335452ms
 58: 0.335593ms
 59: 0.335761ms
 60: 0.335781ms
 61: 0.335622ms
 62: 0.335597ms
 63: 0.335593ms
 64: 0.335763ms
 65: 0.335901ms
 66: 0.335965ms
 67: 0.335988ms
 68: 0.336329ms
 69: 0.336523ms
 70: 0.336217ms
 71: 0.336371ms
 72: 0.336142ms
 73: 0.336469ms
 74: 0.336750ms
 75: 0.337398ms
 76: 0.337507ms
 77: 0.337500ms
 78: 0.337206ms
 79: 0.337419ms
 80: 0.337080ms
 81: 0.337379ms
 82: 0.336977ms
 83: 0.337244ms
 84: 0.337520ms
 85: 0.337607ms
 86: 0.335259ms
 87: 0.338497ms
 88: 0.338318ms
 89: 0.337737ms
 90: 0.337779ms
 91: 0.337811ms
 92: 0.337872ms
 93: 0.337698ms
 94: 0.337843ms
 95: 0.338756ms
 96: 0.338578ms
 97: 0.338720ms
 98: 0.338567ms
 99: 0.338831ms
 100: 0.339235ms
 101: 0.339473ms
 102: 0.339457ms
 103: 0.342262ms
 104: 0.339974ms
 105: 0.339998ms
 106: 0.341077ms
 107: 0.340539ms
 108: 0.342045ms
 109: 0.341576ms
 110: 0.340921ms
 111: 0.340059ms
 112: 0.342038ms
 113: 0.342228ms
 114: 0.340282ms
 115: 0.341707ms
 116: 0.340619ms
 117: 0.340071ms
 118: 0.341414ms
 119: 0.340509ms
 120: 0.342181ms
 121: 0.339648ms
 122: 0.340122ms
 123: 0.340673ms
 124: 0.341301ms
 125: 0.341002ms
 126: 0.344843ms
 127: 0.342569ms
 128: 0.342321ms
 129: 0.342484ms
 130: 0.342918ms
 131: 0.343881ms
 132: 0.343386ms
 133: 0.343200ms
 134: 0.343742ms
 135: 0.342424ms
 136: 0.344171ms
 137: 0.344543ms
 138: 0.343210ms
 139: 0.344644ms
 140: 0.344663ms
 141: 0.344470ms
 142: 0.344503ms
 143: 0.344654ms
 144: 0.344241ms
 145: 0.345564ms
 146: 0.345149ms
 147: 0.344971ms
 148: 0.345337ms
 149: 0.345902ms
 150: 0.346695ms
 151: 0.346904ms
 152: 0.347275ms
 153: 0.381530ms
 154: 0.359123ms
 155: 0.352671ms
 156: 0.369742ms
 157: 0.570039ms
 158: 0.370183ms
 159: 0.386352ms
 160: 0.358261ms
 161: 0.375419ms
 162: 0.372217ms
 163: 0.531358ms
 164: 0.381791ms
 165: 0.376097ms
 166: 0.361109ms
 167: 0.370117ms
 168: 0.361926ms
 169: 0.347387ms
 170: 0.356207ms
 171: 0.366773ms
 172: 0.378496ms
 173: 0.376888ms
 174: 0.375776ms
 175: 0.375338ms
 176: 0.367646ms
 177: 0.381071ms
 178: 0.361023ms
 179: 0.368324ms
 180: 0.386481ms
 181: 0.348554ms
 182: 0.541814ms
 183: 0.359753ms
 184: 0.359534ms
 185: 0.361532ms
 186: 0.365998ms
 187: 0.381813ms
 188: 0.372859ms
 189: 0.372958ms
 190: 0.524641ms
 191: 0.512927ms
 192: 0.372782ms
 193: 0.348764ms
 194: 0.362618ms
 195: 0.388910ms
 196: 0.448263ms
 197: 0.356246ms
 198: 0.532769ms
 199: 0.355882ms


Measurements
--------------------------
FFT Size            : 61^3
Threads             : 28
Batch               : 1
Iterations          : 200
Avg Tot Runtime     : 0.350110 ms
Runtime per batch   : 0.350110 ms
SD                  : 0.036272 ms
Q1                  : 0.332708 ms
Median              : 0.339033 ms
Q3                  : 0.345902 ms
