Expm 2: Streaming FFT

Printing individual runtimes:
 0: 0.373414ms
 1: 0.288079ms
 2: 0.285871ms
 3: 0.519108ms
 4: 0.265881ms
 5: 2.189429ms
 6: 0.291568ms
 7: 0.338294ms
 8: 0.255043ms
 9: 0.258029ms
 10: 0.258379ms
 11: 0.432510ms
 12: 0.259054ms
 13: 0.414434ms
 14: 0.240681ms
 15: 0.241821ms
 16: 0.595848ms
 17: 0.234675ms
 18: 0.374472ms
 19: 0.258309ms
 20: 0.235952ms
 21: 0.410206ms
 22: 0.232209ms
 23: 0.234408ms
 24: 0.371639ms
 25: 0.235666ms
 26: 0.234691ms
 27: 0.236908ms
 28: 0.398164ms
 29: 0.234771ms
 30: 0.230832ms
 31: 0.232838ms
 32: 0.235385ms
 33: 0.345544ms
 34: 0.279285ms
 35: 0.264418ms
 36: 0.484235ms
 37: 0.237701ms
 38: 0.267744ms
 39: 0.387256ms
 40: 0.289533ms
 41: 0.268639ms
 42: 0.272927ms
 43: 0.266939ms
 44: 0.356802ms
 45: 0.282635ms
 46: 0.286299ms
 47: 0.286327ms
 48: 0.283653ms
 49: 0.284860ms
 50: 0.277074ms
 51: 0.271997ms
 52: 0.385362ms
 53: 0.285914ms
 54: 0.283570ms
 55: 0.282922ms
 56: 0.474503ms
 57: 0.290633ms
 58: 0.292112ms
 59: 0.279805ms
 60: 0.291900ms
 61: 0.284884ms
 62: 0.292896ms
 63: 0.291175ms
 64: 0.283023ms
 65: 0.287277ms
 66: 0.290874ms
 67: 0.282980ms
 68: 0.282413ms
 69: 0.279707ms
 70: 0.281854ms
 71: 0.380266ms
 72: 0.286354ms
 73: 0.286424ms
 74: 0.288669ms
 75: 0.458639ms
 76: 0.298452ms
 77: 0.290684ms
 78: 0.284540ms
 79: 0.278760ms
 80: 0.291644ms
 81: 0.289001ms
 82: 0.282889ms
 83: 0.282680ms
 84: 0.283464ms
 85: 0.373921ms
 86: 0.285380ms
 87: 0.283998ms
 88: 0.293444ms
 89: 0.279842ms
 90: 0.281327ms
 91: 0.283971ms
 92: 0.282677ms
 93: 0.278596ms
 94: 0.286810ms
 95: 0.284731ms
 96: 0.283671ms
 97: 0.288148ms
 98: 0.280827ms
 99: 0.282941ms
 100: 0.287361ms
 101: 0.282071ms
 102: 0.285731ms
 103: 0.290719ms
 104: 0.281357ms
 105: 0.286015ms
 106: 0.276347ms
 107: 0.285943ms
 108: 0.292768ms
 109: 0.279938ms
 110: 0.283287ms
 111: 0.279258ms
 112: 0.295306ms
 113: 0.499900ms
 114: 0.286665ms
 115: 0.286786ms
 116: 0.285255ms
 117: 0.294295ms
 118: 0.283645ms
 119: 0.287801ms
 120: 0.284958ms
 121: 0.369004ms
 122: 0.280254ms
 123: 0.280797ms
 124: 0.285648ms
 125: 0.280828ms
 126: 0.282351ms
 127: 0.285802ms
 128: 0.281421ms
 129: 0.300814ms
 130: 0.286624ms
 131: 0.279109ms
 132: 0.278021ms
 133: 0.285119ms
 134: 0.285502ms
 135: 0.281863ms
 136: 0.277851ms
 137: 0.282726ms
 138: 0.280644ms
 139: 0.264313ms
 140: 0.289173ms
 141: 0.283465ms
 142: 0.281050ms
 143: 0.280838ms
 144: 0.284714ms
 145: 0.296375ms
 146: 0.281399ms
 147: 0.278804ms
 148: 0.279639ms
 149: 0.292875ms
 150: 0.271619ms
 151: 0.281337ms
 152: 0.291580ms
 153: 0.284213ms
 154: 0.292899ms
 155: 0.271929ms
 156: 0.283135ms
 157: 0.283338ms
 158: 0.278572ms
 159: 0.286149ms
 160: 0.287680ms
 161: 0.285171ms
 162: 0.280660ms
 163: 0.282059ms
 164: 0.288707ms
 165: 0.288258ms
 166: 0.281172ms
 167: 0.282951ms
 168: 0.285728ms
 169: 0.281431ms
 170: 0.289256ms
 171: 0.280227ms
 172: 0.279927ms
 173: 0.283156ms
 174: 0.284845ms
 175: 0.289733ms
 176: 0.279958ms
 177: 0.287750ms
 178: 0.353640ms
 179: 0.302819ms
 180: 0.287643ms
 181: 0.282763ms
 182: 0.284505ms
 183: 0.282761ms
 184: 0.294526ms
 185: 0.396523ms
 186: 0.285236ms
 187: 0.278150ms
 188: 0.280169ms
 189: 0.278979ms
 190: 0.280639ms
 191: 0.291837ms
 192: 0.283406ms
 193: 0.282812ms
 194: 0.288091ms
 195: 0.276015ms
 196: 0.281767ms
 197: 0.285723ms
 198: 0.285738ms
 199: 0.284905ms


-- Real : Q1: 50 Q2: 100 Q3: 150
-- Array: Q1: 49 Q2: 99 Q3: 149
Printing sorted runtimes:
 0: 0.278760ms
 1: 0.277851ms
 2: 0.271929ms
 3: 0.278021ms
 4: 0.265881ms
 5: 0.278572ms
 6: 0.278596ms
 7: 0.276015ms
 8: 0.255043ms
 9: 0.258029ms
 10: 0.258379ms
 11: 0.271619ms
 12: 0.259054ms
 13: 0.276347ms
 14: 0.240681ms
 15: 0.241821ms
 16: 0.271997ms
 17: 0.234675ms
 18: 0.277074ms
 19: 0.258309ms
 20: 0.235952ms
 21: 0.264313ms
 22: 0.232209ms
 23: 0.234408ms
 24: 0.278150ms
 25: 0.235666ms
 26: 0.234691ms
 27: 0.236908ms
 28: 0.266939ms
 29: 0.234771ms
 30: 0.230832ms
 31: 0.232838ms
 32: 0.235385ms
 33: 0.272927ms
 34: 0.268639ms
 35: 0.264418ms
 36: 0.267744ms
 37: 0.237701ms
 38: 0.279707ms
 39: 0.278804ms
 40: 0.278979ms
 41: 0.279285ms
 42: 0.279639ms
 43: 0.279109ms
 44: 0.279258ms
 45: 0.279938ms
 46: 0.279805ms
 47: 0.279927ms
 48: 0.279842ms
 49: 0.279958ms
 50: 0.280169ms
 51: 0.282761ms
 52: 0.280254ms
 53: 0.281421ms
 54: 0.281357ms
 55: 0.281399ms
 56: 0.280639ms
 57: 0.280838ms
 58: 0.280797ms
 59: 0.281050ms
 60: 0.281337ms
 61: 0.280828ms
 62: 0.280827ms
 63: 0.281172ms
 64: 0.280644ms
 65: 0.281327ms
 66: 0.280660ms
 67: 0.281431ms
 68: 0.282413ms
 69: 0.282677ms
 70: 0.281854ms
 71: 0.282059ms
 72: 0.281767ms
 73: 0.282071ms
 74: 0.282635ms
 75: 0.282680ms
 76: 0.282351ms
 77: 0.281863ms
 78: 0.282726ms
 79: 0.280227ms
 80: 0.283653ms
 81: 0.283338ms
 82: 0.282889ms
 83: 0.283135ms
 84: 0.283464ms
 85: 0.282812ms
 86: 0.283406ms
 87: 0.282763ms
 88: 0.283465ms
 89: 0.283645ms
 90: 0.283287ms
 91: 0.283156ms
 92: 0.282980ms
 93: 0.283570ms
 94: 0.282922ms
 95: 0.282941ms
 96: 0.282951ms
 97: 0.283023ms
 98: 0.283671ms
 99: 0.283971ms
 100: 0.283998ms
 101: 0.288148ms
 102: 0.284213ms
 103: 0.284540ms
 104: 0.284505ms
 105: 0.284905ms
 106: 0.284845ms
 107: 0.284884ms
 108: 0.284731ms
 109: 0.284860ms
 110: 0.284958ms
 111: 0.288079ms
 112: 0.286354ms
 113: 0.286327ms
 114: 0.286665ms
 115: 0.286786ms
 116: 0.285255ms
 117: 0.286299ms
 118: 0.286424ms
 119: 0.285171ms
 120: 0.285943ms
 121: 0.285914ms
 122: 0.286015ms
 123: 0.287277ms
 124: 0.285648ms
 125: 0.286810ms
 126: 0.285236ms
 127: 0.285802ms
 128: 0.285380ms
 129: 0.285731ms
 130: 0.286624ms
 131: 0.285723ms
 132: 0.285738ms
 133: 0.285119ms
 134: 0.285502ms
 135: 0.285871ms
 136: 0.285728ms
 137: 0.287361ms
 138: 0.286149ms
 139: 0.287643ms
 140: 0.287750ms
 141: 0.287801ms
 142: 0.287680ms
 143: 0.288091ms
 144: 0.284714ms
 145: 0.289001ms
 146: 0.288707ms
 147: 0.288258ms
 148: 0.288669ms
 149: 0.289173ms
 150: 0.289256ms
 151: 0.290633ms
 152: 0.289733ms
 153: 0.289533ms
 154: 0.292112ms
 155: 0.292768ms
 156: 0.291644ms
 157: 0.290684ms
 158: 0.291900ms
 159: 0.291837ms
 160: 0.291175ms
 161: 0.291568ms
 162: 0.290719ms
 163: 0.290874ms
 164: 0.291580ms
 165: 0.294526ms
 166: 0.294295ms
 167: 0.292896ms
 168: 0.298452ms
 169: 0.292899ms
 170: 0.293444ms
 171: 0.295306ms
 172: 0.292875ms
 173: 0.296375ms
 174: 0.300814ms
 175: 0.356802ms
 176: 0.385362ms
 177: 0.474503ms
 178: 0.353640ms
 179: 0.302819ms
 180: 0.369004ms
 181: 0.387256ms
 182: 0.484235ms
 183: 0.345544ms
 184: 0.380266ms
 185: 0.396523ms
 186: 0.398164ms
 187: 0.371639ms
 188: 0.410206ms
 189: 0.374472ms
 190: 0.595848ms
 191: 0.458639ms
 192: 0.414434ms
 193: 0.432510ms
 194: 0.499900ms
 195: 0.338294ms
 196: 0.373921ms
 197: 2.189429ms
 198: 0.519108ms
 199: 0.373414ms


Measurements
--------------------------
FFT Size            : 61^3
Threads             : 39
Batch               : 1
Iterations          : 200
Avg Tot Runtime     : 0.304268 ms
Runtime per batch   : 0.304268 ms
SD                  : 0.142546 ms
Q1                  : 0.279958 ms
Median              : 0.283984 ms
Q3                  : 0.289173 ms
