Expm 2: Streaming FFT

Printing individual runtimes:
 0: 0.366703ms
 1: 0.270262ms
 2: 0.247956ms
 3: 0.495211ms
 4: 0.242417ms
 5: 2.006508ms
 6: 0.236653ms
 7: 0.351168ms
 8: 0.237121ms
 9: 0.427553ms
 10: 0.239697ms
 11: 0.262622ms
 12: 0.379817ms
 13: 0.243402ms
 14: 0.475157ms
 15: 0.263786ms
 16: 0.238802ms
 17: 0.392304ms
 18: 0.237474ms
 19: 0.258667ms
 20: 0.256533ms
 21: 0.267854ms
 22: 0.469204ms
 23: 0.274653ms
 24: 0.240755ms
 25: 0.234609ms
 26: 0.241302ms
 27: 0.278263ms
 28: 0.240593ms
 29: 0.362094ms
 30: 0.244931ms
 31: 0.233888ms
 32: 0.237526ms
 33: 0.462092ms
 34: 0.272431ms
 35: 0.267264ms
 36: 0.239003ms
 37: 0.262466ms
 38: 0.267970ms
 39: 0.277016ms
 40: 0.247114ms
 41: 0.236144ms
 42: 0.238060ms
 43: 0.235276ms
 44: 0.235966ms
 45: 0.368267ms
 46: 0.239748ms
 47: 0.265388ms
 48: 0.240211ms
 49: 0.264945ms
 50: 0.238283ms
 51: 0.236000ms
 52: 0.274264ms
 53: 0.248253ms
 54: 0.235833ms
 55: 0.230681ms
 56: 0.439929ms
 57: 0.236507ms
 58: 0.238810ms
 59: 0.269186ms
 60: 0.269706ms
 61: 0.234734ms
 62: 0.260007ms
 63: 0.271194ms
 64: 0.239274ms
 65: 0.281816ms
 66: 0.236893ms
 67: 0.246679ms
 68: 0.284035ms
 69: 0.235541ms
 70: 0.244958ms
 71: 0.239186ms
 72: 0.239996ms
 73: 0.260816ms
 74: 0.233358ms
 75: 0.241630ms
 76: 0.265381ms
 77: 0.237771ms
 78: 0.355672ms
 79: 0.262198ms
 80: 0.271725ms
 81: 0.266425ms
 82: 0.245530ms
 83: 0.245423ms
 84: 0.234332ms
 85: 0.267825ms
 86: 0.242429ms
 87: 0.276146ms
 88: 0.273730ms
 89: 0.263808ms
 90: 0.239289ms
 91: 0.270021ms
 92: 0.262350ms
 93: 0.258370ms
 94: 0.255952ms
 95: 0.232299ms
 96: 0.237920ms
 97: 0.275201ms
 98: 0.239679ms
 99: 0.236458ms
 100: 0.425720ms
 101: 0.257482ms
 102: 0.268732ms
 103: 0.235138ms
 104: 0.239409ms
 105: 0.237369ms
 106: 0.239324ms
 107: 0.237255ms
 108: 0.245738ms
 109: 0.262095ms
 110: 0.272419ms
 111: 0.236482ms
 112: 0.236599ms
 113: 0.236556ms
 114: 0.241003ms
 115: 0.238798ms
 116: 0.286944ms
 117: 0.238075ms
 118: 0.235035ms
 119: 0.255883ms
 120: 0.235773ms
 121: 0.265655ms
 122: 0.237107ms
 123: 0.275390ms
 124: 0.270605ms
 125: 0.265000ms
 126: 0.243034ms
 127: 0.270623ms
 128: 0.245353ms
 129: 0.234214ms
 130: 0.264381ms
 131: 0.237925ms
 132: 0.273429ms
 133: 0.258876ms
 134: 0.269960ms
 135: 0.261757ms
 136: 0.265696ms
 137: 0.234167ms
 138: 0.238601ms
 139: 0.262505ms
 140: 0.243171ms
 141: 0.279426ms
 142: 0.236940ms
 143: 0.279387ms
 144: 0.362341ms
 145: 0.264345ms
 146: 0.264838ms
 147: 0.239766ms
 148: 0.236441ms
 149: 0.241016ms
 150: 0.235358ms
 151: 0.233223ms
 152: 0.283465ms
 153: 0.236047ms
 154: 0.235358ms
 155: 0.242396ms
 156: 0.270141ms
 157: 0.263132ms
 158: 0.259425ms
 159: 0.237916ms
 160: 0.239497ms
 161: 0.261810ms
 162: 0.232738ms
 163: 0.237248ms
 164: 0.244380ms
 165: 0.269388ms
 166: 0.267341ms
 167: 0.233714ms
 168: 0.266289ms
 169: 0.237641ms
 170: 0.234555ms
 171: 0.270657ms
 172: 0.241292ms
 173: 0.264637ms
 174: 0.235455ms
 175: 0.235912ms
 176: 0.264842ms
 177: 0.235865ms
 178: 0.237304ms
 179: 0.243441ms
 180: 0.267492ms
 181: 0.274391ms
 182: 0.238918ms
 183: 0.284588ms
 184: 0.264940ms
 185: 0.261176ms
 186: 0.267916ms
 187: 0.238243ms
 188: 0.237129ms
 189: 0.453755ms
 190: 0.273752ms
 191: 0.288206ms
 192: 0.233863ms
 193: 0.262921ms
 194: 0.239318ms
 195: 0.239650ms
 196: 0.233901ms
 197: 0.253541ms
 198: 0.235521ms
 199: 0.240330ms


-- Real : Q1: 50 Q2: 100 Q3: 150
-- Array: Q1: 49 Q2: 99 Q3: 149
Printing sorted runtimes:
 0: 0.235358ms
 1: 0.234214ms
 2: 0.232738ms
 3: 0.233358ms
 4: 0.234332ms
 5: 0.234555ms
 6: 0.232299ms
 7: 0.233901ms
 8: 0.234734ms
 9: 0.230681ms
 10: 0.235276ms
 11: 0.233714ms
 12: 0.233223ms
 13: 0.234167ms
 14: 0.235035ms
 15: 0.235138ms
 16: 0.233888ms
 17: 0.233863ms
 18: 0.234609ms
 19: 0.236556ms
 20: 0.235521ms
 21: 0.235541ms
 22: 0.235455ms
 23: 0.235912ms
 24: 0.236482ms
 25: 0.236507ms
 26: 0.235865ms
 27: 0.235358ms
 28: 0.235833ms
 29: 0.236000ms
 30: 0.236441ms
 31: 0.236458ms
 32: 0.235966ms
 33: 0.236047ms
 34: 0.236144ms
 35: 0.235773ms
 36: 0.237474ms
 37: 0.236940ms
 38: 0.237248ms
 39: 0.236599ms
 40: 0.237107ms
 41: 0.237129ms
 42: 0.236893ms
 43: 0.236653ms
 44: 0.237121ms
 45: 0.237255ms
 46: 0.237304ms
 47: 0.237369ms
 48: 0.237526ms
 49: 0.237641ms
 50: 0.237771ms
 51: 0.242417ms
 52: 0.237916ms
 53: 0.237920ms
 54: 0.238060ms
 55: 0.238075ms
 56: 0.238802ms
 57: 0.239003ms
 58: 0.238810ms
 59: 0.239186ms
 60: 0.238798ms
 61: 0.238601ms
 62: 0.238918ms
 63: 0.238283ms
 64: 0.239274ms
 65: 0.238243ms
 66: 0.239289ms
 67: 0.240211ms
 68: 0.239697ms
 69: 0.240330ms
 70: 0.239318ms
 71: 0.239766ms
 72: 0.239996ms
 73: 0.239650ms
 74: 0.239324ms
 75: 0.239497ms
 76: 0.239748ms
 77: 0.239679ms
 78: 0.239409ms
 79: 0.237925ms
 80: 0.241292ms
 81: 0.241630ms
 82: 0.241003ms
 83: 0.242396ms
 84: 0.240755ms
 85: 0.241302ms
 86: 0.240593ms
 87: 0.241016ms
 88: 0.244931ms
 89: 0.244380ms
 90: 0.242429ms
 91: 0.243171ms
 92: 0.243441ms
 93: 0.243034ms
 94: 0.243402ms
 95: 0.245353ms
 96: 0.244958ms
 97: 0.245530ms
 98: 0.245423ms
 99: 0.245738ms
 100: 0.246679ms
 101: 0.267492ms
 102: 0.247956ms
 103: 0.248253ms
 104: 0.253541ms
 105: 0.261176ms
 106: 0.261757ms
 107: 0.257482ms
 108: 0.260007ms
 109: 0.255952ms
 110: 0.255883ms
 111: 0.260816ms
 112: 0.258370ms
 113: 0.256533ms
 114: 0.259425ms
 115: 0.258667ms
 116: 0.258876ms
 117: 0.263786ms
 118: 0.262921ms
 119: 0.264842ms
 120: 0.262095ms
 121: 0.261810ms
 122: 0.262622ms
 123: 0.263132ms
 124: 0.262466ms
 125: 0.262198ms
 126: 0.264345ms
 127: 0.262350ms
 128: 0.262505ms
 129: 0.264637ms
 130: 0.264381ms
 131: 0.264838ms
 132: 0.263808ms
 133: 0.264940ms
 134: 0.267264ms
 135: 0.267341ms
 136: 0.265696ms
 137: 0.247114ms
 138: 0.266289ms
 139: 0.265388ms
 140: 0.264945ms
 141: 0.266425ms
 142: 0.265000ms
 143: 0.265381ms
 144: 0.265655ms
 145: 0.267916ms
 146: 0.267854ms
 147: 0.267825ms
 148: 0.268732ms
 149: 0.267970ms
 150: 0.269186ms
 151: 0.269388ms
 152: 0.269706ms
 153: 0.269960ms
 154: 0.270021ms
 155: 0.270262ms
 156: 0.270141ms
 157: 0.271194ms
 158: 0.271725ms
 159: 0.270657ms
 160: 0.270605ms
 161: 0.270623ms
 162: 0.273429ms
 163: 0.279426ms
 164: 0.275390ms
 165: 0.286944ms
 166: 0.272419ms
 167: 0.425720ms
 168: 0.275201ms
 169: 0.273730ms
 170: 0.276146ms
 171: 0.279387ms
 172: 0.362341ms
 173: 0.355672ms
 174: 0.284035ms
 175: 0.281816ms
 176: 0.283465ms
 177: 0.439929ms
 178: 0.274264ms
 179: 0.368267ms
 180: 0.277016ms
 181: 0.274391ms
 182: 0.272431ms
 183: 0.284588ms
 184: 0.462092ms
 185: 0.362094ms
 186: 0.278263ms
 187: 0.274653ms
 188: 0.469204ms
 189: 0.453755ms
 190: 0.273752ms
 191: 0.288206ms
 192: 0.392304ms
 193: 0.475157ms
 194: 0.379817ms
 195: 0.427553ms
 196: 0.351168ms
 197: 2.006508ms
 198: 0.495211ms
 199: 0.366703ms


Measurements
--------------------------
FFT Size            : 61^3
Threads             : 33
Batch               : 1
Iterations          : 200
Avg Tot Runtime     : 0.272911 ms
Runtime per batch   : 0.272911 ms
SD                  : 0.131931 ms
Q1                  : 0.237641 ms
Median              : 0.246208 ms
Q3                  : 0.267970 ms
