Expm 2: Streaming FFTW
FFTW Plan: Patient
-- Cannot import wisdom from ../../wisdom/singlenode/all/237/fftw_237_t36_b1.patient
-- Exporting wisdom file to ../../wisdom/singlenode/all/237/fftw_237_t36_b1.patient
Iteration: 0, 1, 2, 3, 4, 5, 6, 7, 8, 9, 10, 11, 12, 13, 14, 15, 16, 17, 18, 19, 20, 21, 22, 23, 24, 25, 26, 27, 28, 29, 30, 31, 32, 33, 34, 35, 36, 37, 38, 39, 40, 41, 42, 43, 44, 45, 46, 47, 48, 49, 
Printing individual runtimes:
 0: 45.335139ms
 1: 45.456773ms
 2: 28.498836ms
 3: 29.558357ms
 4: 26.890407ms
 5: 28.213874ms
 6: 27.787037ms
 7: 27.981820ms
 8: 35.379241ms
 9: 27.962306ms
 10: 26.949290ms
 11: 27.687495ms
 12: 27.439826ms
 13: 43.101108ms
 14: 27.833099ms
 15: 26.815406ms
 16: 27.968961ms
 17: 28.015033ms
 18: 26.796000ms
 19: 27.464709ms
 20: 29.084480ms
 21: 26.856283ms
 22: 27.011152ms
 23: 27.945685ms
 24: 27.663611ms
 25: 27.456507ms
 26: 28.163894ms
 27: 28.106938ms
 28: 28.626498ms
 29: 29.074532ms
 30: 26.966535ms
 31: 26.472129ms
 32: 26.846924ms
 33: 25.834989ms
 34: 26.543018ms
 35: 27.274138ms
 36: 26.974878ms
 37: 27.531614ms
 38: 25.993032ms
 39: 28.110158ms
 40: 28.889958ms
 41: 28.362482ms
 42: 28.161443ms
 43: 44.708514ms
 44: 27.813402ms
 45: 27.812977ms
 46: 26.298734ms
 47: 25.908909ms
 48: 28.023634ms
 49: 29.073494ms


Measurements
--------------------------
FFT Size            : 237^3
Threads             : 36
Batch               : 1
Iterations          : 50
Avg Tot Runtime     : 29.134505 ms
Runtime per batch   : 29.134505 ms
SD                  : 4.782310 ms
Throughput          : 1.566952 GFLOPs
Plan Time           : 81.133966 sec
