Expm 2: Streaming FFTW
FFTW Plan: Patient
-- Cannot import wisdom from ../../wisdom/singlenode/all/262/fftw_262_t36_b1.patient
-- Exporting wisdom file to ../../wisdom/singlenode/all/262/fftw_262_t36_b1.patient
Iteration: 0, 1, 2, 3, 4, 5, 6, 7, 8, 9, 10, 11, 12, 13, 14, 15, 16, 17, 18, 19, 20, 21, 22, 23, 24, 25, 26, 27, 28, 29, 30, 31, 32, 33, 34, 35, 36, 37, 38, 39, 40, 41, 42, 43, 44, 45, 46, 47, 48, 49, 
Printing individual runtimes:
 0: 41.791347ms
 1: 50.088722ms
 2: 43.548510ms
 3: 44.524699ms
 4: 44.418143ms
 5: 43.204465ms
 6: 42.066421ms
 7: 43.689716ms
 8: 41.237831ms
 9: 43.050053ms
 10: 43.244720ms
 11: 45.937830ms
 12: 70.346034ms
 13: 42.148325ms
 14: 42.115745ms
 15: 42.659535ms
 16: 45.196818ms
 17: 151.371108ms
 18: 45.659658ms
 19: 75.273723ms
 20: 43.024283ms
 21: 40.991999ms
 22: 41.882145ms
 23: 42.873155ms
 24: 43.400406ms
 25: 43.903285ms
 26: 41.847480ms
 27: 43.607800ms
 28: 41.555216ms
 29: 44.647748ms
 30: 42.325175ms
 31: 42.134503ms
 32: 42.887602ms
 33: 42.047606ms
 34: 43.885756ms
 35: 41.688659ms
 36: 43.413012ms
 37: 42.384153ms
 38: 45.136686ms
 39: 42.006181ms
 40: 42.333049ms
 41: 41.829359ms
 42: 43.013648ms
 43: 41.864913ms
 44: 43.589063ms
 45: 44.203432ms
 46: 42.980070ms
 47: 43.085395ms
 48: 41.592506ms
 49: 43.595819ms


Measurements
--------------------------
FFT Size            : 262^3
Threads             : 36
Batch               : 1
Iterations          : 50
Avg Tot Runtime     : 46.506070 ms
Runtime per batch   : 46.506070 ms
SD                  : 16.144892 ms
Throughput          : 3.326420 GFLOPs
Plan Time           : 104.399672 sec
