Expm 2: Streaming FFTW
FFTW Plan: Patient
-- Cannot import wisdom from ../../wisdom/singlenode/all/262/fftw_262_t38_b1.patient
-- Exporting wisdom file to ../../wisdom/singlenode/all/262/fftw_262_t38_b1.patient
Iteration: 0, 1, 2, 3, 4, 5, 6, 7, 8, 9, 10, 11, 12, 13, 14, 15, 16, 17, 18, 19, 20, 21, 22, 23, 24, 25, 26, 27, 28, 29, 30, 31, 32, 33, 34, 35, 36, 37, 38, 39, 40, 41, 42, 43, 44, 45, 46, 47, 48, 49, 
Printing individual runtimes:
 0: 40.782245ms
 1: 42.423202ms
 2: 43.964012ms
 3: 43.791467ms
 4: 42.846594ms
 5: 43.657221ms
 6: 43.626493ms
 7: 43.450445ms
 8: 43.505098ms
 9: 43.498203ms
 10: 40.430295ms
 11: 42.192715ms
 12: 41.665884ms
 13: 41.643521ms
 14: 37.257430ms
 15: 43.789518ms
 16: 43.678326ms
 17: 42.340051ms
 18: 43.398376ms
 19: 37.181617ms
 20: 43.719704ms
 21: 42.405214ms
 22: 43.176418ms
 23: 43.581219ms
 24: 43.309974ms
 25: 42.399701ms
 26: 42.446233ms
 27: 43.602782ms
 28: 43.554760ms
 29: 43.755784ms
 30: 39.774625ms
 31: 41.888603ms
 32: 43.556961ms
 33: 43.591918ms
 34: 40.777813ms
 35: 43.202357ms
 36: 41.424353ms
 37: 43.652898ms
 38: 43.597052ms
 39: 43.710409ms
 40: 43.553096ms
 41: 43.691931ms
 42: 43.919211ms
 43: 43.656675ms
 44: 41.339710ms
 45: 43.681805ms
 46: 38.159128ms
 47: 43.572906ms
 48: 43.144807ms
 49: 43.324305ms


Measurements
--------------------------
FFT Size            : 262^3
Threads             : 38
Batch               : 1
Iterations          : 50
Avg Tot Runtime     : 42.605901 ms
Runtime per batch   : 42.605901 ms
SD                  : 1.633668 ms
Throughput          : 3.180620 GFLOPs
Plan Time           : 108.281283 sec
