Expm 2: Streaming FFTW
FFTW Plan: Patient
-- Cannot import wisdom from ../../wisdom/singlenode/all/60/fftw_60_t36_b1.patient
-- Exporting wisdom file to ../../wisdom/singlenode/all/60/fftw_60_t36_b1.patient
Iteration: 0, 1, 2, 3, 4, 5, 6, 7, 8, 9, 10, 11, 12, 13, 14, 15, 16, 17, 18, 19, 20, 21, 22, 23, 24, 25, 26, 27, 28, 29, 30, 31, 32, 33, 34, 35, 36, 37, 38, 39, 40, 41, 42, 43, 44, 45, 46, 47, 48, 49, 
Printing individual runtimes:
 0: 0.207408ms
 1: 0.160977ms
 2: 0.181269ms
 3: 0.174184ms
 4: 1.338109ms
 5: 0.336289ms
 6: 0.180961ms
 7: 0.311637ms
 8: 0.177136ms
 9: 0.175940ms
 10: 1.172179ms
 11: 0.159033ms
 12: 0.334924ms
 13: 0.161626ms
 14: 0.173573ms
 15: 1.728655ms
 16: 0.251014ms
 17: 0.163027ms
 18: 0.172477ms
 19: 0.506924ms
 20: 0.157713ms
 21: 0.160673ms
 22: 0.163607ms
 23: 0.172946ms
 24: 0.166030ms
 25: 0.156275ms
 26: 0.157636ms
 27: 0.163026ms
 28: 0.157824ms
 29: 0.155792ms
 30: 0.158396ms
 31: 0.152999ms
 32: 0.153490ms
 33: 0.165022ms
 34: 0.152483ms
 35: 0.150370ms
 36: 0.155200ms
 37: 0.155258ms
 38: 0.153435ms
 39: 0.154595ms
 40: 0.155821ms
 41: 0.156250ms
 42: 0.163329ms
 43: 0.150880ms
 44: 0.147798ms
 45: 0.155072ms
 46: 0.154135ms
 47: 0.155665ms
 48: 0.182297ms
 49: 0.157317ms


Measurements
--------------------------
FFT Size            : 60^3
Threads             : 36
Batch               : 1
Iterations          : 50
Avg Tot Runtime     : 0.256174 ms
Runtime per batch   : 0.256174 ms
SD                  : 0.304293 ms
Throughput          : 0.001663 GFLOPs
Plan Time           : 22.826765 sec
