Expm 2: Streaming FFTW
FFTW Plan: Patient
-- Cannot import wisdom from ../../wisdom/singlenode/all/424/fftw_424_t39_b1.patient
-- Exporting wisdom file to ../../wisdom/singlenode/all/424/fftw_424_t39_b1.patient
Iteration: 0, 1, 2, 3, 4, 5, 6, 7, 8, 9, 10, 11, 12, 13, 14, 15, 16, 17, 18, 19, 20, 21, 22, 23, 24, 25, 26, 27, 28, 29, 30, 31, 32, 33, 34, 35, 36, 37, 38, 39, 40, 41, 42, 43, 44, 45, 46, 47, 48, 49, 
Printing individual runtimes:
 0: 191.260173ms
 1: 191.878568ms
 2: 204.232624ms
 3: 204.396392ms
 4: 203.033224ms
 5: 203.367858ms
 6: 207.912175ms
 7: 203.712437ms
 8: 202.170260ms
 9: 202.667097ms
 10: 205.136998ms
 11: 202.102513ms
 12: 202.344628ms
 13: 204.189675ms
 14: 205.381749ms
 15: 199.606305ms
 16: 202.429228ms
 17: 202.977962ms
 18: 206.974922ms
 19: 205.183922ms
 20: 199.967960ms
 21: 194.185432ms
 22: 190.447520ms
 23: 192.656693ms
 24: 189.161704ms
 25: 189.436125ms
 26: 191.429378ms
 27: 194.508137ms
 28: 194.352064ms
 29: 196.375609ms
 30: 197.185011ms
 31: 190.502701ms
 32: 196.680582ms
 33: 192.771896ms
 34: 193.010393ms
 35: 191.435694ms
 36: 192.721084ms
 37: 192.866961ms
 38: 194.470781ms
 39: 190.855357ms
 40: 192.842631ms
 41: 191.167835ms
 42: 192.957320ms
 43: 195.283204ms
 44: 196.115484ms
 45: 192.107572ms
 46: 189.696204ms
 47: 198.025617ms
 48: 192.701645ms
 49: 199.552450ms


Measurements
--------------------------
FFT Size            : 424^3
Threads             : 39
Batch               : 1
Iterations          : 50
Avg Tot Runtime     : 197.128595 ms
Runtime per batch   : 197.128595 ms
SD                  : 5.567229 ms
Throughput          : 10.641840 GFLOPs
Plan Time           : 271.766628 sec
