Expm 2: Streaming FFTW
FFTW Plan: Patient
-- Cannot import wisdom from ../../wisdom/singlenode/all/503/fftw_503_t37_b1.patient
-- Exporting wisdom file to ../../wisdom/singlenode/all/503/fftw_503_t37_b1.patient
Iteration: 0, 1, 2, 3, 4, 5, 6, 7, 8, 9, 10, 11, 12, 13, 14, 15, 16, 17, 18, 19, 20, 21, 22, 23, 24, 25, 26, 27, 28, 29, 30, 31, 32, 33, 34, 35, 36, 37, 38, 39, 40, 41, 42, 43, 44, 45, 46, 47, 48, 49, 
Printing individual runtimes:
 0: 152.673214ms
 1: 153.191869ms
 2: 163.341241ms
 3: 162.570898ms
 4: 162.832422ms
 5: 164.075410ms
 6: 162.378982ms
 7: 160.021094ms
 8: 162.973681ms
 9: 162.687078ms
 10: 161.961172ms
 11: 164.529573ms
 12: 287.637685ms
 13: 159.691309ms
 14: 161.052900ms
 15: 179.195813ms
 16: 160.996036ms
 17: 274.448320ms
 18: 165.113518ms
 19: 154.259309ms
 20: 171.966600ms
 21: 155.315647ms
 22: 173.263530ms
 23: 264.539773ms
 24: 152.569024ms
 25: 172.072475ms
 26: 302.329496ms
 27: 296.755157ms
 28: 171.536692ms
 29: 170.568666ms
 30: 270.672257ms
 31: 171.689581ms
 32: 176.081389ms
 33: 169.267605ms
 34: 171.732766ms
 35: 169.589401ms
 36: 169.495901ms
 37: 168.291541ms
 38: 168.993780ms
 39: 233.137375ms
 40: 172.387502ms
 41: 168.621022ms
 42: 169.209882ms
 43: 168.122746ms
 44: 168.599097ms
 45: 168.870664ms
 46: 168.044607ms
 47: 167.925320ms
 48: 168.682996ms
 49: 169.417443ms


Measurements
--------------------------
FFT Size            : 503^3
Threads             : 37
Batch               : 1
Iterations          : 50
Avg Tot Runtime     : 181.307629 ms
Runtime per batch   : 181.307629 ms
SD                  : 39.332734 ms
Throughput          : 15.523620 GFLOPs
Plan Time           : 288.491204 sec
