Expm 2: Streaming FFT

Printing individual runtimes:
 0: 0.192266ms
 1: 0.105555ms
 2: 0.106142ms
 3: 0.204112ms
 4: 0.106656ms
 5: 0.107261ms
 6: 0.105150ms
 7: 0.106003ms
 8: 0.107682ms
 9: 0.108476ms
 10: 0.209150ms
 11: 0.115789ms
 12: 0.106032ms
 13: 0.121943ms
 14: 0.211214ms
 15: 0.106895ms
 16: 0.105729ms
 17: 0.108641ms
 18: 0.106074ms
 19: 0.202525ms
 20: 0.108080ms
 21: 0.104090ms
 22: 0.112597ms
 23: 0.214025ms
 24: 0.109399ms
 25: 0.104943ms
 26: 0.105134ms
 27: 0.191590ms
 28: 0.104915ms
 29: 0.108047ms
 30: 0.105639ms
 31: 0.107242ms
 32: 0.104921ms
 33: 0.205021ms
 34: 0.105440ms
 35: 0.107754ms
 36: 0.109788ms
 37: 0.120194ms
 38: 0.242766ms
 39: 0.105294ms
 40: 0.108801ms
 41: 0.106479ms
 42: 0.105413ms
 43: 0.112592ms
 44: 0.104361ms
 45: 0.109220ms
 46: 0.116107ms
 47: 0.224568ms
 48: 0.106612ms
 49: 0.106888ms
 50: 0.105361ms
 51: 0.106951ms
 52: 0.107299ms
 53: 0.106109ms
 54: 0.107046ms
 55: 0.103510ms
 56: 0.224482ms
 57: 0.112877ms
 58: 0.105223ms
 59: 0.124215ms
 60: 0.103445ms
 61: 0.108072ms
 62: 0.105071ms
 63: 0.106592ms
 64: 0.123174ms
 65: 0.107757ms
 66: 0.106157ms
 67: 0.104889ms
 68: 0.106670ms
 69: 0.105666ms
 70: 0.107887ms
 71: 0.109091ms
 72: 0.190025ms
 73: 0.108070ms
 74: 0.121869ms
 75: 0.109524ms
 76: 0.108597ms
 77: 0.112318ms
 78: 0.109415ms
 79: 0.108134ms
 80: 0.113682ms
 81: 0.105130ms
 82: 0.108159ms
 83: 0.104303ms
 84: 0.115870ms
 85: 0.104850ms
 86: 0.106497ms
 87: 0.125167ms
 88: 0.104914ms
 89: 0.106309ms
 90: 0.104801ms
 91: 0.103208ms
 92: 0.215171ms
 93: 0.107695ms
 94: 0.113308ms
 95: 0.108306ms
 96: 0.104971ms
 97: 0.105379ms
 98: 0.109931ms
 99: 0.104937ms
 100: 0.106478ms
 101: 0.112077ms
 102: 0.114187ms
 103: 0.107232ms
 104: 0.103676ms
 105: 0.115675ms
 106: 0.107953ms
 107: 0.106071ms
 108: 0.105824ms
 109: 0.125936ms
 110: 0.104614ms
 111: 0.108074ms
 112: 0.105282ms
 113: 0.106543ms
 114: 0.107893ms
 115: 0.105551ms
 116: 0.104607ms
 117: 0.103622ms
 118: 0.116908ms
 119: 0.104394ms
 120: 0.112186ms
 121: 0.109933ms
 122: 0.107910ms
 123: 0.105595ms
 124: 0.115907ms
 125: 0.103104ms
 126: 0.148378ms
 127: 0.108219ms
 128: 0.105224ms
 129: 0.212898ms
 130: 0.115166ms
 131: 0.107508ms
 132: 0.104234ms
 133: 0.109162ms
 134: 0.128617ms
 135: 0.105842ms
 136: 0.113258ms
 137: 0.109180ms
 138: 0.109647ms
 139: 0.105265ms
 140: 0.118814ms
 141: 0.110666ms
 142: 0.106625ms
 143: 0.108488ms
 144: 0.128218ms
 145: 0.108460ms
 146: 0.106879ms
 147: 0.113889ms
 148: 0.111939ms
 149: 0.115101ms
 150: 0.110051ms
 151: 0.113814ms
 152: 0.105320ms
 153: 0.107190ms
 154: 0.108645ms
 155: 0.103797ms
 156: 0.105604ms
 157: 0.109356ms
 158: 0.105507ms
 159: 0.105726ms
 160: 0.117941ms
 161: 0.105195ms
 162: 0.106354ms
 163: 0.104137ms
 164: 0.107136ms
 165: 0.187279ms
 166: 0.137399ms
 167: 0.110113ms
 168: 0.103789ms
 169: 0.107087ms
 170: 0.104727ms
 171: 0.108780ms
 172: 0.107274ms
 173: 0.106403ms
 174: 0.109413ms
 175: 0.101955ms
 176: 0.106479ms
 177: 0.118704ms
 178: 0.105515ms
 179: 0.124532ms
 180: 0.108425ms
 181: 0.106701ms
 182: 0.111218ms
 183: 0.116019ms
 184: 0.104390ms
 185: 0.104823ms
 186: 0.104329ms
 187: 0.109080ms
 188: 0.105309ms
 189: 0.106016ms
 190: 0.105475ms
 191: 0.105199ms
 192: 0.108948ms
 193: 0.106734ms
 194: 0.105183ms
 195: 0.106140ms
 196: 0.108462ms
 197: 0.106299ms
 198: 0.107201ms
 199: 0.104974ms


-- Real : Q1: 50 Q2: 100 Q3: 150
-- Array: Q1: 49 Q2: 99 Q3: 149
Printing sorted runtimes:
 0: 0.103622ms
 1: 0.103510ms
 2: 0.103445ms
 3: 0.103208ms
 4: 0.103104ms
 5: 0.101955ms
 6: 0.104974ms
 7: 0.104329ms
 8: 0.104823ms
 9: 0.104390ms
 10: 0.104889ms
 11: 0.104303ms
 12: 0.104727ms
 13: 0.103789ms
 14: 0.104137ms
 15: 0.104850ms
 16: 0.104361ms
 17: 0.103797ms
 18: 0.104914ms
 19: 0.104801ms
 20: 0.104234ms
 21: 0.104090ms
 22: 0.104971ms
 23: 0.104937ms
 24: 0.104394ms
 25: 0.104943ms
 26: 0.103676ms
 27: 0.104614ms
 28: 0.104915ms
 29: 0.104607ms
 30: 0.104921ms
 31: 0.105413ms
 32: 0.105150ms
 33: 0.105223ms
 34: 0.105183ms
 35: 0.105134ms
 36: 0.105361ms
 37: 0.105379ms
 38: 0.105224ms
 39: 0.105294ms
 40: 0.105199ms
 41: 0.105265ms
 42: 0.105282ms
 43: 0.105320ms
 44: 0.105071ms
 45: 0.105195ms
 46: 0.105309ms
 47: 0.105130ms
 48: 0.105440ms
 49: 0.105475ms
 50: 0.105507ms
 51: 0.107261ms
 52: 0.105555ms
 53: 0.105551ms
 54: 0.107046ms
 55: 0.106109ms
 56: 0.105515ms
 57: 0.106003ms
 58: 0.106701ms
 59: 0.106016ms
 60: 0.106951ms
 61: 0.106479ms
 62: 0.106888ms
 63: 0.106592ms
 64: 0.106403ms
 65: 0.106032ms
 66: 0.106157ms
 67: 0.106612ms
 68: 0.106670ms
 69: 0.105666ms
 70: 0.107087ms
 71: 0.107136ms
 72: 0.106656ms
 73: 0.106354ms
 74: 0.106895ms
 75: 0.105726ms
 76: 0.105729ms
 77: 0.105604ms
 78: 0.107190ms
 79: 0.106074ms
 80: 0.106879ms
 81: 0.107201ms
 82: 0.106625ms
 83: 0.105842ms
 84: 0.106734ms
 85: 0.106142ms
 86: 0.106497ms
 87: 0.105595ms
 88: 0.105639ms
 89: 0.106309ms
 90: 0.106479ms
 91: 0.106543ms
 92: 0.106299ms
 93: 0.107242ms
 94: 0.106140ms
 95: 0.105824ms
 96: 0.106071ms
 97: 0.107232ms
 98: 0.106478ms
 99: 0.107274ms
 100: 0.107299ms
 101: 0.110051ms
 102: 0.107508ms
 103: 0.107910ms
 104: 0.107754ms
 105: 0.108070ms
 106: 0.107953ms
 107: 0.108047ms
 108: 0.107887ms
 109: 0.107893ms
 110: 0.107757ms
 111: 0.107695ms
 112: 0.108074ms
 113: 0.108801ms
 114: 0.108780ms
 115: 0.108306ms
 116: 0.108462ms
 117: 0.109080ms
 118: 0.109091ms
 119: 0.109399ms
 120: 0.108476ms
 121: 0.109931ms
 122: 0.109413ms
 123: 0.109524ms
 124: 0.108597ms
 125: 0.109220ms
 126: 0.109356ms
 127: 0.108219ms
 128: 0.108641ms
 129: 0.108645ms
 130: 0.109415ms
 131: 0.108072ms
 132: 0.108080ms
 133: 0.109162ms
 134: 0.108425ms
 135: 0.108134ms
 136: 0.108460ms
 137: 0.109180ms
 138: 0.109647ms
 139: 0.108948ms
 140: 0.109788ms
 141: 0.108488ms
 142: 0.108159ms
 143: 0.109933ms
 144: 0.107682ms
 145: 0.111939ms
 146: 0.110113ms
 147: 0.110666ms
 148: 0.111218ms
 149: 0.112077ms
 150: 0.112186ms
 151: 0.113258ms
 152: 0.112592ms
 153: 0.112877ms
 154: 0.112318ms
 155: 0.112597ms
 156: 0.115675ms
 157: 0.115166ms
 158: 0.113308ms
 159: 0.114187ms
 160: 0.113814ms
 161: 0.115101ms
 162: 0.113889ms
 163: 0.113682ms
 164: 0.116908ms
 165: 0.116019ms
 166: 0.121869ms
 167: 0.117941ms
 168: 0.121943ms
 169: 0.125167ms
 170: 0.115907ms
 171: 0.125936ms
 172: 0.115870ms
 173: 0.123174ms
 174: 0.120194ms
 175: 0.115789ms
 176: 0.116107ms
 177: 0.118704ms
 178: 0.124215ms
 179: 0.124532ms
 180: 0.118814ms
 181: 0.128218ms
 182: 0.137399ms
 183: 0.187279ms
 184: 0.190025ms
 185: 0.128617ms
 186: 0.148378ms
 187: 0.191590ms
 188: 0.192266ms
 189: 0.209150ms
 190: 0.211214ms
 191: 0.204112ms
 192: 0.202525ms
 193: 0.212898ms
 194: 0.214025ms
 195: 0.205021ms
 196: 0.242766ms
 197: 0.215171ms
 198: 0.224568ms
 199: 0.224482ms


Measurements
--------------------------
FFT Size            : 31^3
Threads             : 25
Batch               : 1
Iterations          : 200
Avg Tot Runtime     : 0.116472 ms
Runtime per batch   : 0.116472 ms
SD                  : 0.027159 ms
Q1                  : 0.105475 ms
Median              : 0.107286 ms
Q3                  : 0.112077 ms
