Expm 2: Streaming FFT

Printing individual runtimes:
 0: 0.172104ms
 1: 0.075319ms
 2: 0.068598ms
 3: 0.302714ms
 4: 0.075548ms
 5: 0.447447ms
 6: 0.063022ms
 7: 0.160833ms
 8: 0.083742ms
 9: 0.128039ms
 10: 0.091264ms
 11: 0.164147ms
 12: 0.092296ms
 13: 0.065908ms
 14: 0.127854ms
 15: 0.061348ms
 16: 0.082823ms
 17: 0.064801ms
 18: 0.070933ms
 19: 0.071965ms
 20: 0.077967ms
 21: 0.164550ms
 22: 0.063986ms
 23: 0.149936ms
 24: 0.080311ms
 25: 0.083354ms
 26: 0.076528ms
 27: 0.070773ms
 28: 0.080869ms
 29: 0.081440ms
 30: 0.082753ms
 31: 0.075015ms
 32: 0.061961ms
 33: 0.083475ms
 34: 0.081331ms
 35: 0.144538ms
 36: 0.064150ms
 37: 0.063662ms
 38: 0.081373ms
 39: 0.171706ms
 40: 0.060996ms
 41: 0.069331ms
 42: 0.066406ms
 43: 0.061070ms
 44: 0.061021ms
 45: 0.076138ms
 46: 0.060103ms
 47: 0.073496ms
 48: 0.063777ms
 49: 0.080514ms
 50: 0.066743ms
 51: 0.065724ms
 52: 0.067040ms
 53: 0.088505ms
 54: 0.092946ms
 55: 0.063413ms
 56: 0.061426ms
 57: 0.086930ms
 58: 0.073935ms
 59: 0.078476ms
 60: 0.060460ms
 61: 0.078062ms
 62: 0.061726ms
 63: 0.147361ms
 64: 0.069543ms
 65: 0.211059ms
 66: 0.066218ms
 67: 0.057364ms
 68: 0.073969ms
 69: 0.062403ms
 70: 0.064481ms
 71: 0.064686ms
 72: 0.073080ms
 73: 0.060298ms
 74: 0.058009ms
 75: 0.062599ms
 76: 0.080392ms
 77: 0.067007ms
 78: 0.079069ms
 79: 0.069749ms
 80: 0.064546ms
 81: 0.082925ms
 82: 0.060481ms
 83: 0.064009ms
 84: 0.062935ms
 85: 0.074242ms
 86: 0.071270ms
 87: 0.067063ms
 88: 0.077063ms
 89: 0.058172ms
 90: 0.070231ms
 91: 0.076167ms
 92: 0.059623ms
 93: 0.083891ms
 94: 0.081183ms
 95: 0.066156ms
 96: 0.064076ms
 97: 0.075393ms
 98: 0.065111ms
 99: 0.074412ms
 100: 0.064010ms
 101: 0.087408ms
 102: 0.066501ms
 103: 0.062911ms
 104: 0.072898ms
 105: 0.085552ms
 106: 0.079557ms
 107: 0.062159ms
 108: 0.081482ms
 109: 0.059980ms
 110: 0.154434ms
 111: 0.081785ms
 112: 0.083638ms
 113: 0.061297ms
 114: 0.202343ms
 115: 0.062045ms
 116: 0.065190ms
 117: 0.156724ms
 118: 0.057342ms
 119: 0.073067ms
 120: 0.059988ms
 121: 0.066817ms
 122: 0.069779ms
 123: 0.070902ms
 124: 0.595745ms
 125: 0.073426ms
 126: 0.061731ms
 127: 0.073371ms
 128: 0.064610ms
 129: 0.069887ms
 130: 0.077747ms
 131: 0.072227ms
 132: 0.060213ms
 133: 0.062372ms
 134: 0.067818ms
 135: 0.071940ms
 136: 0.072166ms
 137: 0.072852ms
 138: 0.077377ms
 139: 0.070247ms
 140: 0.062523ms
 141: 0.059557ms
 142: 0.077747ms
 143: 0.058406ms
 144: 0.060467ms
 145: 0.059437ms
 146: 0.064336ms
 147: 0.071198ms
 148: 0.066669ms
 149: 0.059790ms
 150: 0.076950ms
 151: 0.056220ms
 152: 0.060710ms
 153: 0.063459ms
 154: 0.080074ms
 155: 0.081846ms
 156: 0.064720ms
 157: 0.071286ms
 158: 0.075945ms
 159: 0.060381ms
 160: 0.078088ms
 161: 0.059468ms
 162: 0.064744ms
 163: 0.070401ms
 164: 0.061077ms
 165: 0.081240ms
 166: 0.073451ms
 167: 0.083958ms
 168: 0.073319ms
 169: 0.062535ms
 170: 0.061599ms
 171: 0.065410ms
 172: 0.062446ms
 173: 0.066205ms
 174: 0.080999ms
 175: 0.065177ms
 176: 0.062197ms
 177: 0.063923ms
 178: 0.061993ms
 179: 0.062257ms
 180: 0.057868ms
 181: 0.077887ms
 182: 0.066006ms
 183: 0.084204ms
 184: 0.066457ms
 185: 0.062649ms
 186: 0.069586ms
 187: 0.062191ms
 188: 0.072875ms
 189: 0.070875ms
 190: 0.070144ms
 191: 0.059561ms
 192: 0.084355ms
 193: 0.072305ms
 194: 0.089127ms
 195: 0.066279ms
 196: 0.074003ms
 197: 0.060613ms
 198: 0.066626ms
 199: 0.063290ms


-- Real : Q1: 50 Q2: 100 Q3: 150
-- Array: Q1: 49 Q2: 99 Q3: 149
Printing sorted runtimes:
 0: 0.060460ms
 1: 0.057364ms
 2: 0.060298ms
 3: 0.059561ms
 4: 0.058009ms
 5: 0.060103ms
 6: 0.058172ms
 7: 0.057868ms
 8: 0.059623ms
 9: 0.059980ms
 10: 0.057342ms
 11: 0.059988ms
 12: 0.060213ms
 13: 0.059557ms
 14: 0.058406ms
 15: 0.059437ms
 16: 0.059790ms
 17: 0.059468ms
 18: 0.060381ms
 19: 0.056220ms
 20: 0.060710ms
 21: 0.060613ms
 22: 0.060481ms
 23: 0.060467ms
 24: 0.062159ms
 25: 0.061077ms
 26: 0.061726ms
 27: 0.061599ms
 28: 0.061021ms
 29: 0.061070ms
 30: 0.060996ms
 31: 0.061731ms
 32: 0.061961ms
 33: 0.061348ms
 34: 0.061993ms
 35: 0.062045ms
 36: 0.061297ms
 37: 0.061426ms
 38: 0.062649ms
 39: 0.062197ms
 40: 0.062446ms
 41: 0.062191ms
 42: 0.062257ms
 43: 0.062372ms
 44: 0.062523ms
 45: 0.062599ms
 46: 0.062535ms
 47: 0.062403ms
 48: 0.062911ms
 49: 0.062935ms
 50: 0.063022ms
 51: 0.067063ms
 52: 0.063290ms
 53: 0.063459ms
 54: 0.064009ms
 55: 0.063777ms
 56: 0.063662ms
 57: 0.063923ms
 58: 0.063986ms
 59: 0.064010ms
 60: 0.066626ms
 61: 0.066817ms
 62: 0.066279ms
 63: 0.063413ms
 64: 0.065190ms
 65: 0.064610ms
 66: 0.066218ms
 67: 0.064150ms
 68: 0.064336ms
 69: 0.066501ms
 70: 0.064481ms
 71: 0.064686ms
 72: 0.066669ms
 73: 0.066457ms
 74: 0.067040ms
 75: 0.065724ms
 76: 0.066006ms
 77: 0.067007ms
 78: 0.065177ms
 79: 0.065111ms
 80: 0.064546ms
 81: 0.066205ms
 82: 0.066743ms
 83: 0.065410ms
 84: 0.065908ms
 85: 0.064720ms
 86: 0.064076ms
 87: 0.066156ms
 88: 0.066406ms
 89: 0.064744ms
 90: 0.064801ms
 91: 0.069779ms
 92: 0.069586ms
 93: 0.068598ms
 94: 0.069543ms
 95: 0.069331ms
 96: 0.069749ms
 97: 0.067818ms
 98: 0.069887ms
 99: 0.070144ms
 100: 0.070231ms
 101: 0.075319ms
 102: 0.071198ms
 103: 0.073080ms
 104: 0.072898ms
 105: 0.072875ms
 106: 0.070773ms
 107: 0.071965ms
 108: 0.072852ms
 109: 0.072166ms
 110: 0.071940ms
 111: 0.073319ms
 112: 0.072227ms
 113: 0.070875ms
 114: 0.071270ms
 115: 0.073426ms
 116: 0.071286ms
 117: 0.073371ms
 118: 0.072305ms
 119: 0.073067ms
 120: 0.070902ms
 121: 0.070933ms
 122: 0.070401ms
 123: 0.070247ms
 124: 0.074003ms
 125: 0.073935ms
 126: 0.075015ms
 127: 0.073969ms
 128: 0.073496ms
 129: 0.074242ms
 130: 0.073451ms
 131: 0.074412ms
 132: 0.078476ms
 133: 0.078088ms
 134: 0.078062ms
 135: 0.076167ms
 136: 0.075945ms
 137: 0.075548ms
 138: 0.077377ms
 139: 0.075393ms
 140: 0.076138ms
 141: 0.077063ms
 142: 0.077747ms
 143: 0.076528ms
 144: 0.077887ms
 145: 0.077967ms
 146: 0.076950ms
 147: 0.077747ms
 148: 0.079069ms
 149: 0.079557ms
 150: 0.080074ms
 151: 0.080392ms
 152: 0.080311ms
 153: 0.080514ms
 154: 0.080999ms
 155: 0.080869ms
 156: 0.081240ms
 157: 0.081183ms
 158: 0.081373ms
 159: 0.081331ms
 160: 0.081440ms
 161: 0.083891ms
 162: 0.081846ms
 163: 0.083638ms
 164: 0.082823ms
 165: 0.164550ms
 166: 0.149936ms
 167: 0.083958ms
 168: 0.202343ms
 169: 0.127854ms
 170: 0.144538ms
 171: 0.172104ms
 172: 0.092296ms
 173: 0.082925ms
 174: 0.087408ms
 175: 0.085552ms
 176: 0.164147ms
 177: 0.091264ms
 178: 0.128039ms
 179: 0.083742ms
 180: 0.160833ms
 181: 0.083354ms
 182: 0.171706ms
 183: 0.084204ms
 184: 0.088505ms
 185: 0.447447ms
 186: 0.092946ms
 187: 0.081482ms
 188: 0.156724ms
 189: 0.086930ms
 190: 0.211059ms
 191: 0.302714ms
 192: 0.084355ms
 193: 0.147361ms
 194: 0.089127ms
 195: 0.154434ms
 196: 0.595745ms
 197: 0.081785ms
 198: 0.082753ms
 199: 0.083475ms


Measurements
--------------------------
FFT Size            : 31^3
Threads             : 33
Batch               : 1
Iterations          : 200
Avg Tot Runtime     : 0.082078 ms
Runtime per batch   : 0.082078 ms
SD                  : 0.053892 ms
Q1                  : 0.062935 ms
Median              : 0.070188 ms
Q3                  : 0.079557 ms
