Expm 2: Streaming FFTW
FFTW Plan: Patient
-- Cannot import wisdom from ../../wisdom/singlenode/all/667/fftw_667_t40_b1.patient
-- Exporting wisdom file to ../../wisdom/singlenode/all/667/fftw_667_t40_b1.patient
Iteration: 0, 1, 2, 3, 4, 5, 6, 7, 8, 9, 10, 11, 12, 13, 14, 15, 16, 17, 18, 19, 20, 21, 22, 23, 24, 25, 26, 27, 28, 29, 30, 31, 32, 33, 34, 35, 36, 37, 38, 39, 40, 41, 42, 43, 44, 45, 46, 47, 48, 49, 
Printing individual runtimes:
 0: 859.044206ms
 1: 1157.392375ms
 2: 837.460313ms
 3: 917.689656ms
 4: 789.868786ms
 5: 930.559785ms
 6: 779.915651ms
 7: 1282.284520ms
 8: 1494.488562ms
 9: 811.849227ms
 10: 780.104608ms
 11: 782.547090ms
 12: 1032.362179ms
 13: 837.042737ms
 14: 780.262610ms
 15: 780.347928ms
 16: 943.203333ms
 17: 858.171247ms
 18: 888.403612ms
 19: 779.372360ms
 20: 784.459741ms
 21: 1100.554193ms
 22: 1324.842426ms
 23: 781.762482ms
 24: 882.825789ms
 25: 784.489866ms
 26: 779.979077ms
 27: 781.820895ms
 28: 854.835522ms
 29: 962.148017ms
 30: 936.811008ms
 31: 807.937692ms
 32: 781.141974ms
 33: 784.893580ms
 34: 917.601093ms
 35: 905.189902ms
 36: 1423.953016ms
 37: 1301.332998ms
 38: 785.711784ms
 39: 784.767735ms
 40: 782.960422ms
 41: 1324.024857ms
 42: 1504.207802ms
 43: 806.221538ms
 44: 792.308324ms
 45: 844.946584ms
 46: 958.097321ms
 47: 1346.523984ms
 48: 794.984380ms
 49: 797.852988ms


Measurements
--------------------------
FFT Size            : 667^3
Threads             : 40
Batch               : 1
Iterations          : 50
Avg Tot Runtime     : 934.831156 ms
Runtime per batch   : 934.831156 ms
SD                  : 211.875048 ms
Throughput          : 62.092299 GFLOPs
Plan Time           : 855.595436 sec
