Expm 2: Streaming FFTW
FFTW Plan: Patient
-- Cannot import wisdom from ../../wisdom/singlenode/all/309/fftw_309_t38_b1.patient
-- Exporting wisdom file to ../../wisdom/singlenode/all/309/fftw_309_t38_b1.patient
Iteration: 0, 1, 2, 3, 4, 5, 6, 7, 8, 9, 10, 11, 12, 13, 14, 15, 16, 17, 18, 19, 20, 21, 22, 23, 24, 25, 26, 27, 28, 29, 30, 31, 32, 33, 34, 35, 36, 37, 38, 39, 40, 41, 42, 43, 44, 45, 46, 47, 48, 49, 
Printing individual runtimes:
 0: 64.668206ms
 1: 63.907113ms
 2: 63.301505ms
 3: 65.845859ms
 4: 66.303526ms
 5: 63.143859ms
 6: 65.591471ms
 7: 62.369990ms
 8: 65.413672ms
 9: 66.482548ms
 10: 64.311636ms
 11: 62.878489ms
 12: 65.934979ms
 13: 65.870862ms
 14: 63.380866ms
 15: 62.407462ms
 16: 107.641539ms
 17: 81.130978ms
 18: 62.239788ms
 19: 68.761386ms
 20: 64.262921ms
 21: 65.007563ms
 22: 63.245217ms
 23: 61.946844ms
 24: 64.721166ms
 25: 64.579579ms
 26: 67.152257ms
 27: 66.956871ms
 28: 64.381948ms
 29: 62.722729ms
 30: 108.580759ms
 31: 75.258904ms
 32: 63.790240ms
 33: 65.115560ms
 34: 65.298690ms
 35: 62.180394ms
 36: 63.943831ms
 37: 62.617034ms
 38: 62.435845ms
 39: 64.968693ms
 40: 65.784254ms
 41: 63.829627ms
 42: 62.722648ms
 43: 77.755548ms
 44: 64.296222ms
 45: 64.233071ms
 46: 68.027846ms
 47: 61.945103ms
 48: 67.990839ms
 49: 60.874140ms


Measurements
--------------------------
FFT Size            : 309^3
Threads             : 38
Batch               : 1
Iterations          : 50
Avg Tot Runtime     : 66.964242 ms
Runtime per batch   : 66.964242 ms
SD                  : 9.179399 ms
Throughput          : 4.113608 GFLOPs
Plan Time           : 158.809333 sec
