Expm 2: Streaming FFTW
FFTW Plan: Patient
-- Cannot import wisdom from ../../wisdom/singlenode/all/309/fftw_309_t36_b1.patient
-- Exporting wisdom file to ../../wisdom/singlenode/all/309/fftw_309_t36_b1.patient
Iteration: 0, 1, 2, 3, 4, 5, 6, 7, 8, 9, 10, 11, 12, 13, 14, 15, 16, 17, 18, 19, 20, 21, 22, 23, 24, 25, 26, 27, 28, 29, 30, 31, 32, 33, 34, 35, 36, 37, 38, 39, 40, 41, 42, 43, 44, 45, 46, 47, 48, 49, 
Printing individual runtimes:
 0: 63.062267ms
 1: 66.190968ms
 2: 64.740792ms
 3: 65.672549ms
 4: 65.260870ms
 5: 65.222144ms
 6: 62.724010ms
 7: 64.922040ms
 8: 68.938078ms
 9: 62.630852ms
 10: 66.529675ms
 11: 61.501282ms
 12: 64.462071ms
 13: 66.475492ms
 14: 62.480053ms
 15: 64.097050ms
 16: 63.602719ms
 17: 62.424238ms
 18: 62.745706ms
 19: 62.683112ms
 20: 63.452573ms
 21: 62.958010ms
 22: 63.015946ms
 23: 63.018708ms
 24: 63.718492ms
 25: 61.389427ms
 26: 63.853429ms
 27: 63.639281ms
 28: 60.728459ms
 29: 62.185629ms
 30: 61.941199ms
 31: 64.365628ms
 32: 68.293479ms
 33: 81.291820ms
 34: 64.578717ms
 35: 63.174703ms
 36: 63.519773ms
 37: 61.033462ms
 38: 63.271050ms
 39: 64.619333ms
 40: 66.106490ms
 41: 64.261766ms
 42: 63.076332ms
 43: 64.272244ms
 44: 62.639242ms
 45: 63.801534ms
 46: 107.964227ms
 47: 90.211831ms
 48: 63.793399ms
 49: 63.478492ms


Measurements
--------------------------
FFT Size            : 309^3
Threads             : 36
Batch               : 1
Iterations          : 50
Avg Tot Runtime     : 65.600413 ms
Runtime per batch   : 65.600413 ms
SD                  : 7.648161 ms
Throughput          : 4.113608 GFLOPs
Plan Time           : 145.501755 sec
