Expm 2: Streaming FFT

Printing individual runtimes:
 0: 0.162192ms
 1: 0.054001ms
 2: 0.042406ms
 3: 0.196825ms
 4: 0.040943ms
 5: 0.155378ms
 6: 0.053549ms
 7: 0.049795ms
 8: 0.105300ms
 9: 0.043338ms
 10: 0.041936ms
 11: 0.052151ms
 12: 0.040780ms
 13: 0.043688ms
 14: 0.104552ms
 15: 0.043728ms
 16: 0.052185ms
 17: 0.056977ms
 18: 0.042065ms
 19: 0.043695ms
 20: 0.042419ms
 21: 0.055423ms
 22: 0.042684ms
 23: 0.042794ms
 24: 0.197514ms
 25: 0.044907ms
 26: 0.106772ms
 27: 0.039955ms
 28: 0.054396ms
 29: 0.039307ms
 30: 0.039871ms
 31: 0.051163ms
 32: 0.042589ms
 33: 0.052557ms
 34: 0.044287ms
 35: 0.043634ms
 36: 0.038817ms
 37: 0.066138ms
 38: 0.039419ms
 39: 0.043738ms
 40: 0.136671ms
 41: 0.046729ms
 42: 0.042039ms
 43: 0.085458ms
 44: 0.045734ms
 45: 0.040578ms
 46: 0.041351ms
 47: 0.039984ms
 48: 0.040289ms
 49: 0.040863ms
 50: 0.040855ms
 51: 0.046630ms
 52: 0.042838ms
 53: 0.042473ms
 54: 0.040391ms
 55: 0.043163ms
 56: 0.057478ms
 57: 0.044557ms
 58: 0.042557ms
 59: 0.040902ms
 60: 0.041551ms
 61: 0.042724ms
 62: 0.044303ms
 63: 0.040149ms
 64: 0.043545ms
 65: 0.045481ms
 66: 0.042615ms
 67: 0.047198ms
 68: 0.047360ms
 69: 0.046404ms
 70: 0.142526ms
 71: 0.042770ms
 72: 0.039415ms
 73: 0.151041ms
 74: 0.043131ms
 75: 0.042027ms
 76: 0.102208ms
 77: 0.056540ms
 78: 0.042353ms
 79: 0.042143ms
 80: 0.038516ms
 81: 0.040038ms
 82: 0.040074ms
 83: 0.045504ms
 84: 0.057740ms
 85: 0.041544ms
 86: 0.041589ms
 87: 0.043599ms
 88: 0.041232ms
 89: 0.039583ms
 90: 0.047947ms
 91: 0.044091ms
 92: 0.042207ms
 93: 0.040343ms
 94: 0.042836ms
 95: 0.039434ms
 96: 0.039702ms
 97: 0.041293ms
 98: 0.039790ms
 99: 0.046470ms
 100: 0.046250ms
 101: 0.039929ms
 102: 0.040487ms
 103: 0.042278ms
 104: 0.039595ms
 105: 0.059845ms
 106: 0.045056ms
 107: 0.040486ms
 108: 0.040177ms
 109: 0.039060ms
 110: 0.058949ms
 111: 0.044622ms
 112: 0.039401ms
 113: 0.037705ms
 114: 0.042838ms
 115: 0.048217ms
 116: 0.040306ms
 117: 0.043220ms
 118: 0.041108ms
 119: 0.044055ms
 120: 0.061417ms
 121: 0.039359ms
 122: 0.043285ms
 123: 0.039408ms
 124: 0.050828ms
 125: 0.039489ms
 126: 0.042804ms
 127: 0.042992ms
 128: 0.041034ms
 129: 0.041874ms
 130: 0.131054ms
 131: 0.040366ms
 132: 0.039185ms
 133: 0.049918ms
 134: 0.042125ms
 135: 0.042656ms
 136: 0.043195ms
 137: 0.041380ms
 138: 0.042588ms
 139: 0.042995ms
 140: 0.043725ms
 141: 0.044371ms
 142: 0.039074ms
 143: 0.042234ms
 144: 0.041108ms
 145: 0.048089ms
 146: 0.040403ms
 147: 0.040044ms
 148: 0.040720ms
 149: 0.043906ms
 150: 0.042915ms
 151: 0.039496ms
 152: 0.045603ms
 153: 0.039583ms
 154: 0.042561ms
 155: 0.040983ms
 156: 0.042336ms
 157: 0.049519ms
 158: 0.048598ms
 159: 0.040312ms
 160: 0.045576ms
 161: 0.038833ms
 162: 0.041459ms
 163: 0.043204ms
 164: 0.041063ms
 165: 0.044358ms
 166: 0.043602ms
 167: 0.042658ms
 168: 0.043097ms
 169: 0.042387ms
 170: 0.043043ms
 171: 0.042816ms
 172: 0.044414ms
 173: 0.038830ms
 174: 0.044957ms
 175: 0.043191ms
 176: 0.045146ms
 177: 0.043794ms
 178: 0.037759ms
 179: 0.038666ms
 180: 0.044848ms
 181: 0.043802ms
 182: 0.042728ms
 183: 0.049984ms
 184: 0.043213ms
 185: 0.041991ms
 186: 0.040151ms
 187: 0.040049ms
 188: 0.058879ms
 189: 0.037417ms
 190: 0.039421ms
 191: 0.042107ms
 192: 0.046117ms
 193: 0.041131ms
 194: 0.039600ms
 195: 0.040278ms
 196: 0.042502ms
 197: 0.044581ms
 198: 0.041463ms
 199: 0.046019ms


-- Real : Q1: 50 Q2: 100 Q3: 150
-- Array: Q1: 49 Q2: 99 Q3: 149
Printing sorted runtimes:
 0: 0.040578ms
 1: 0.039583ms
 2: 0.039583ms
 3: 0.040343ms
 4: 0.039434ms
 5: 0.039496ms
 6: 0.039702ms
 7: 0.040278ms
 8: 0.039600ms
 9: 0.040074ms
 10: 0.040038ms
 11: 0.038516ms
 12: 0.039790ms
 13: 0.040044ms
 14: 0.040403ms
 15: 0.039929ms
 16: 0.039415ms
 17: 0.039421ms
 18: 0.040487ms
 19: 0.038830ms
 20: 0.039595ms
 21: 0.037417ms
 22: 0.040486ms
 23: 0.039074ms
 24: 0.040049ms
 25: 0.040177ms
 26: 0.040151ms
 27: 0.039955ms
 28: 0.039060ms
 29: 0.039307ms
 30: 0.039871ms
 31: 0.040149ms
 32: 0.039401ms
 33: 0.039185ms
 34: 0.040366ms
 35: 0.040312ms
 36: 0.038817ms
 37: 0.037705ms
 38: 0.039419ms
 39: 0.040306ms
 40: 0.039489ms
 41: 0.038666ms
 42: 0.040391ms
 43: 0.037759ms
 44: 0.039408ms
 45: 0.038833ms
 46: 0.039359ms
 47: 0.039984ms
 48: 0.040289ms
 49: 0.040720ms
 50: 0.040780ms
 51: 0.042207ms
 52: 0.040855ms
 53: 0.040983ms
 54: 0.040943ms
 55: 0.040902ms
 56: 0.041034ms
 57: 0.041459ms
 58: 0.041463ms
 59: 0.041108ms
 60: 0.041551ms
 61: 0.041874ms
 62: 0.041589ms
 63: 0.041936ms
 64: 0.041293ms
 65: 0.041380ms
 66: 0.041544ms
 67: 0.041063ms
 68: 0.041131ms
 69: 0.041108ms
 70: 0.041232ms
 71: 0.041351ms
 72: 0.041991ms
 73: 0.042107ms
 74: 0.042065ms
 75: 0.042027ms
 76: 0.040863ms
 77: 0.042125ms
 78: 0.042039ms
 79: 0.042143ms
 80: 0.042561ms
 81: 0.042387ms
 82: 0.042278ms
 83: 0.042502ms
 84: 0.042419ms
 85: 0.042234ms
 86: 0.042336ms
 87: 0.042557ms
 88: 0.042473ms
 89: 0.042406ms
 90: 0.042353ms
 91: 0.042728ms
 92: 0.042658ms
 93: 0.042684ms
 94: 0.042656ms
 95: 0.042589ms
 96: 0.042588ms
 97: 0.042615ms
 98: 0.042724ms
 99: 0.042770ms
 100: 0.042794ms
 101: 0.044957ms
 102: 0.044358ms
 103: 0.044414ms
 104: 0.042915ms
 105: 0.043191ms
 106: 0.043906ms
 107: 0.043602ms
 108: 0.043338ms
 109: 0.043545ms
 110: 0.043204ms
 111: 0.044622ms
 112: 0.044303ms
 113: 0.043131ms
 114: 0.042838ms
 115: 0.044557ms
 116: 0.043688ms
 117: 0.043220ms
 118: 0.043163ms
 119: 0.044055ms
 120: 0.042838ms
 121: 0.043794ms
 122: 0.043285ms
 123: 0.043728ms
 124: 0.043695ms
 125: 0.043043ms
 126: 0.042804ms
 127: 0.042992ms
 128: 0.043738ms
 129: 0.043802ms
 130: 0.043634ms
 131: 0.044287ms
 132: 0.044581ms
 133: 0.043097ms
 134: 0.043213ms
 135: 0.042836ms
 136: 0.043195ms
 137: 0.043599ms
 138: 0.044091ms
 139: 0.042995ms
 140: 0.043725ms
 141: 0.044371ms
 142: 0.044848ms
 143: 0.044907ms
 144: 0.042816ms
 145: 0.045504ms
 146: 0.045056ms
 147: 0.045146ms
 148: 0.045481ms
 149: 0.045576ms
 150: 0.045603ms
 151: 0.045734ms
 152: 0.046117ms
 153: 0.046019ms
 154: 0.046250ms
 155: 0.046404ms
 156: 0.046630ms
 157: 0.046729ms
 158: 0.046470ms
 159: 0.047198ms
 160: 0.050828ms
 161: 0.053549ms
 162: 0.048217ms
 163: 0.049795ms
 164: 0.052151ms
 165: 0.052185ms
 166: 0.048598ms
 167: 0.047947ms
 168: 0.051163ms
 169: 0.049984ms
 170: 0.052557ms
 171: 0.049519ms
 172: 0.049918ms
 173: 0.048089ms
 174: 0.047360ms
 175: 0.054001ms
 176: 0.057478ms
 177: 0.142526ms
 178: 0.085458ms
 179: 0.151041ms
 180: 0.136671ms
 181: 0.066138ms
 182: 0.102208ms
 183: 0.056540ms
 184: 0.057740ms
 185: 0.054396ms
 186: 0.106772ms
 187: 0.197514ms
 188: 0.058879ms
 189: 0.055423ms
 190: 0.056977ms
 191: 0.162192ms
 192: 0.104552ms
 193: 0.059845ms
 194: 0.105300ms
 195: 0.058949ms
 196: 0.061417ms
 197: 0.155378ms
 198: 0.196825ms
 199: 0.131054ms


Measurements
--------------------------
FFT Size            : 23^3
Threads             : 33
Batch               : 1
Iterations          : 200
Avg Tot Runtime     : 0.049783 ms
Runtime per batch   : 0.049783 ms
SD                  : 0.024986 ms
Q1                  : 0.040720 ms
Median              : 0.042782 ms
Q3                  : 0.045576 ms
