Expm 2: Streaming FFT

Printing individual runtimes:
 0: 0.142626ms
 1: 0.059201ms
 2: 0.047651ms
 3: 0.253900ms
 4: 0.068918ms
 5: 0.164155ms
 6: 0.042502ms
 7: 0.050046ms
 8: 0.053471ms
 9: 0.114665ms
 10: 0.049384ms
 11: 0.044722ms
 12: 0.046864ms
 13: 0.106918ms
 14: 0.060661ms
 15: 0.044972ms
 16: 0.207343ms
 17: 0.046390ms
 18: 0.048143ms
 19: 0.046666ms
 20: 0.156391ms
 21: 0.047106ms
 22: 0.044920ms
 23: 0.114608ms
 24: 0.055051ms
 25: 0.054365ms
 26: 0.106756ms
 27: 0.043449ms
 28: 0.047233ms
 29: 0.111727ms
 30: 0.049488ms
 31: 0.059616ms
 32: 0.151769ms
 33: 0.045932ms
 34: 0.050651ms
 35: 0.049687ms
 36: 0.048807ms
 37: 0.098404ms
 38: 0.047212ms
 39: 0.046620ms
 40: 0.048355ms
 41: 0.047355ms
 42: 0.059173ms
 43: 0.103078ms
 44: 0.047477ms
 45: 0.060960ms
 46: 0.052018ms
 47: 0.044957ms
 48: 0.042615ms
 49: 0.044402ms
 50: 0.045183ms
 51: 0.060342ms
 52: 0.042309ms
 53: 0.045472ms
 54: 0.138845ms
 55: 0.048486ms
 56: 0.044780ms
 57: 0.044986ms
 58: 0.050770ms
 59: 0.065721ms
 60: 0.050591ms
 61: 0.047092ms
 62: 0.045968ms
 63: 0.041132ms
 64: 0.047783ms
 65: 0.046057ms
 66: 0.135687ms
 67: 0.042090ms
 68: 0.057304ms
 69: 0.045230ms
 70: 0.048293ms
 71: 0.044932ms
 72: 0.050189ms
 73: 0.045077ms
 74: 0.045104ms
 75: 0.046640ms
 76: 0.043151ms
 77: 0.046933ms
 78: 0.066833ms
 79: 0.045142ms
 80: 0.044459ms
 81: 0.044851ms
 82: 0.044731ms
 83: 0.051930ms
 84: 0.045377ms
 85: 0.067323ms
 86: 0.051399ms
 87: 0.054144ms
 88: 0.051340ms
 89: 0.047633ms
 90: 0.121914ms
 91: 0.042951ms
 92: 0.045551ms
 93: 0.054381ms
 94: 0.047569ms
 95: 0.052587ms
 96: 0.100430ms
 97: 0.043731ms
 98: 0.045729ms
 99: 0.042855ms
 100: 0.045644ms
 101: 0.106957ms
 102: 0.058378ms
 103: 0.052945ms
 104: 0.052683ms
 105: 0.052953ms
 106: 0.063277ms
 107: 0.052317ms
 108: 0.054931ms
 109: 0.059534ms
 110: 0.054909ms
 111: 0.052496ms
 112: 0.055020ms
 113: 0.053150ms
 114: 0.055113ms
 115: 0.062693ms
 116: 0.051606ms
 117: 0.048826ms
 118: 0.052544ms
 119: 0.050141ms
 120: 0.049008ms
 121: 0.052259ms
 122: 0.064621ms
 123: 0.050383ms
 124: 0.065463ms
 125: 0.053812ms
 126: 0.056049ms
 127: 0.052386ms
 128: 0.060606ms
 129: 0.054829ms
 130: 0.062804ms
 131: 0.054167ms
 132: 0.049189ms
 133: 0.051000ms
 134: 0.073600ms
 135: 0.059673ms
 136: 0.059166ms
 137: 0.049565ms
 138: 0.065291ms
 139: 0.052905ms
 140: 0.072525ms
 141: 0.053900ms
 142: 0.054820ms
 143: 0.055105ms
 144: 0.063191ms
 145: 0.067230ms
 146: 0.052722ms
 147: 0.134296ms
 148: 0.060037ms
 149: 0.062244ms
 150: 0.058232ms
 151: 0.065690ms
 152: 0.062955ms
 153: 0.049862ms
 154: 0.055525ms
 155: 0.129059ms
 156: 0.071083ms
 157: 0.092354ms
 158: 0.056596ms
 159: 0.053748ms
 160: 0.052861ms
 161: 0.067644ms
 162: 0.061806ms
 163: 0.049334ms
 164: 0.060829ms
 165: 0.052077ms
 166: 0.059889ms
 167: 0.059396ms
 168: 0.071001ms
 169: 0.052847ms
 170: 0.059660ms
 171: 0.054926ms
 172: 0.063278ms
 173: 0.063997ms
 174: 0.055129ms
 175: 0.048735ms
 176: 0.051840ms
 177: 0.056799ms
 178: 0.063101ms
 179: 0.053412ms
 180: 0.067903ms
 181: 0.059991ms
 182: 0.050357ms
 183: 0.048294ms
 184: 0.053440ms
 185: 0.053664ms
 186: 0.061004ms
 187: 0.048480ms
 188: 0.061011ms
 189: 0.052569ms
 190: 0.062655ms
 191: 0.050706ms
 192: 0.048521ms
 193: 0.046385ms
 194: 0.037958ms
 195: 0.049026ms
 196: 0.049368ms
 197: 0.049633ms
 198: 0.046596ms
 199: 0.049001ms


-- Real : Q1: 50 Q2: 100 Q3: 150
-- Array: Q1: 49 Q2: 99 Q3: 149
Printing sorted runtimes:
 0: 0.044459ms
 1: 0.041132ms
 2: 0.042090ms
 3: 0.037958ms
 4: 0.042309ms
 5: 0.044402ms
 6: 0.042502ms
 7: 0.042615ms
 8: 0.043151ms
 9: 0.043449ms
 10: 0.042951ms
 11: 0.043731ms
 12: 0.042855ms
 13: 0.046864ms
 14: 0.045644ms
 15: 0.044972ms
 16: 0.045729ms
 17: 0.046390ms
 18: 0.046596ms
 19: 0.046666ms
 20: 0.044722ms
 21: 0.045968ms
 22: 0.044920ms
 23: 0.046057ms
 24: 0.045551ms
 25: 0.044986ms
 26: 0.044780ms
 27: 0.045230ms
 28: 0.045472ms
 29: 0.045377ms
 30: 0.044731ms
 31: 0.044851ms
 32: 0.046385ms
 33: 0.045932ms
 34: 0.045142ms
 35: 0.045183ms
 36: 0.044957ms
 37: 0.044932ms
 38: 0.045077ms
 39: 0.046620ms
 40: 0.045104ms
 41: 0.046640ms
 42: 0.047355ms
 43: 0.047233ms
 44: 0.046933ms
 45: 0.047212ms
 46: 0.047106ms
 47: 0.047092ms
 48: 0.047569ms
 49: 0.047477ms
 50: 0.047633ms
 51: 0.049488ms
 52: 0.047783ms
 53: 0.048143ms
 54: 0.048735ms
 55: 0.048486ms
 56: 0.049001ms
 57: 0.048826ms
 58: 0.048293ms
 59: 0.048521ms
 60: 0.048480ms
 61: 0.048807ms
 62: 0.048294ms
 63: 0.048355ms
 64: 0.049384ms
 65: 0.049008ms
 66: 0.049368ms
 67: 0.047651ms
 68: 0.049026ms
 69: 0.049189ms
 70: 0.049334ms
 71: 0.050383ms
 72: 0.050189ms
 73: 0.050046ms
 74: 0.049565ms
 75: 0.049862ms
 76: 0.049633ms
 77: 0.049687ms
 78: 0.050357ms
 79: 0.050141ms
 80: 0.051840ms
 81: 0.050770ms
 82: 0.050706ms
 83: 0.051000ms
 84: 0.050651ms
 85: 0.051606ms
 86: 0.051399ms
 87: 0.050591ms
 88: 0.051340ms
 89: 0.052587ms
 90: 0.052569ms
 91: 0.052077ms
 92: 0.052018ms
 93: 0.052259ms
 94: 0.052496ms
 95: 0.052544ms
 96: 0.051930ms
 97: 0.052317ms
 98: 0.052386ms
 99: 0.052683ms
 100: 0.052722ms
 101: 0.058232ms
 102: 0.053748ms
 103: 0.052945ms
 104: 0.052861ms
 105: 0.052953ms
 106: 0.052847ms
 107: 0.053812ms
 108: 0.053412ms
 109: 0.053471ms
 110: 0.053440ms
 111: 0.053664ms
 112: 0.053150ms
 113: 0.055020ms
 114: 0.055113ms
 115: 0.057304ms
 116: 0.054909ms
 117: 0.056799ms
 118: 0.054931ms
 119: 0.055129ms
 120: 0.054926ms
 121: 0.054144ms
 122: 0.056596ms
 123: 0.055525ms
 124: 0.054365ms
 125: 0.052905ms
 126: 0.056049ms
 127: 0.055051ms
 128: 0.055105ms
 129: 0.054829ms
 130: 0.054820ms
 131: 0.054167ms
 132: 0.053900ms
 133: 0.054381ms
 134: 0.059673ms
 135: 0.059201ms
 136: 0.059166ms
 137: 0.059173ms
 138: 0.059534ms
 139: 0.059616ms
 140: 0.058378ms
 141: 0.059660ms
 142: 0.059396ms
 143: 0.060037ms
 144: 0.059889ms
 145: 0.059991ms
 146: 0.060661ms
 147: 0.060342ms
 148: 0.060606ms
 149: 0.060829ms
 150: 0.060960ms
 151: 0.061806ms
 152: 0.061011ms
 153: 0.061004ms
 154: 0.062804ms
 155: 0.062655ms
 156: 0.062244ms
 157: 0.062693ms
 158: 0.062955ms
 159: 0.063191ms
 160: 0.063101ms
 161: 0.067644ms
 162: 0.064621ms
 163: 0.071083ms
 164: 0.068918ms
 165: 0.067323ms
 166: 0.065463ms
 167: 0.065690ms
 168: 0.071001ms
 169: 0.066833ms
 170: 0.065721ms
 171: 0.067230ms
 172: 0.063278ms
 173: 0.063997ms
 174: 0.063277ms
 175: 0.067903ms
 176: 0.072525ms
 177: 0.065291ms
 178: 0.100430ms
 179: 0.151769ms
 180: 0.114665ms
 181: 0.156391ms
 182: 0.111727ms
 183: 0.098404ms
 184: 0.114608ms
 185: 0.103078ms
 186: 0.106957ms
 187: 0.106756ms
 188: 0.121914ms
 189: 0.092354ms
 190: 0.129059ms
 191: 0.138845ms
 192: 0.164155ms
 193: 0.106918ms
 194: 0.253900ms
 195: 0.134296ms
 196: 0.135687ms
 197: 0.207343ms
 198: 0.073600ms
 199: 0.142626ms


Measurements
--------------------------
FFT Size            : 23^3
Threads             : 36
Batch               : 1
Iterations          : 200
Avg Tot Runtime     : 0.061288 ms
Runtime per batch   : 0.061288 ms
SD                  : 0.028307 ms
Q1                  : 0.047477 ms
Median              : 0.052702 ms
Q3                  : 0.060829 ms
