Expm 2: Streaming FFT

Printing individual runtimes:
 0: 0.151523ms
 1: 0.066383ms
 2: 0.058605ms
 3: 0.211023ms
 4: 0.052309ms
 5: 0.152540ms
 6: 0.054952ms
 7: 0.056982ms
 8: 0.056918ms
 9: 0.120989ms
 10: 0.072046ms
 11: 0.054320ms
 12: 0.064127ms
 13: 0.121048ms
 14: 0.060799ms
 15: 0.050457ms
 16: 0.065850ms
 17: 0.052370ms
 18: 0.056103ms
 19: 0.067053ms
 20: 0.163932ms
 21: 0.047737ms
 22: 0.051067ms
 23: 0.114668ms
 24: 0.048116ms
 25: 0.051690ms
 26: 0.126601ms
 27: 0.052355ms
 28: 0.056307ms
 29: 0.051609ms
 30: 0.052113ms
 31: 0.048111ms
 32: 0.052337ms
 33: 0.047476ms
 34: 0.046907ms
 35: 0.055027ms
 36: 0.050864ms
 37: 0.049588ms
 38: 0.049099ms
 39: 0.114771ms
 40: 0.178938ms
 41: 0.064861ms
 42: 0.057450ms
 43: 0.060465ms
 44: 0.070345ms
 45: 0.059827ms
 46: 0.060166ms
 47: 0.062507ms
 48: 0.058397ms
 49: 0.068313ms
 50: 0.058385ms
 51: 0.080354ms
 52: 0.059908ms
 53: 0.057826ms
 54: 0.059378ms
 55: 0.060806ms
 56: 0.068809ms
 57: 0.061518ms
 58: 0.054639ms
 59: 0.063496ms
 60: 0.065015ms
 61: 0.062861ms
 62: 0.065403ms
 63: 0.060916ms
 64: 0.064024ms
 65: 0.060167ms
 66: 0.074431ms
 67: 0.133766ms
 68: 0.069646ms
 69: 0.066487ms
 70: 0.070542ms
 71: 0.118444ms
 72: 0.066820ms
 73: 0.068156ms
 74: 0.063095ms
 75: 0.056718ms
 76: 0.057570ms
 77: 0.060611ms
 78: 0.076336ms
 79: 0.062349ms
 80: 0.059674ms
 81: 0.062585ms
 82: 0.067273ms
 83: 0.056939ms
 84: 0.063679ms
 85: 0.056587ms
 86: 0.057689ms
 87: 0.057119ms
 88: 0.058226ms
 89: 0.065156ms
 90: 0.066566ms
 91: 0.066819ms
 92: 0.061208ms
 93: 0.065529ms
 94: 0.058828ms
 95: 0.062743ms
 96: 0.066681ms
 97: 0.063212ms
 98: 0.061593ms
 99: 0.060219ms
 100: 0.056205ms
 101: 0.062377ms
 102: 0.068176ms
 103: 0.070296ms
 104: 0.056605ms
 105: 0.069106ms
 106: 0.056672ms
 107: 0.060114ms
 108: 0.058005ms
 109: 0.059848ms
 110: 0.054365ms
 111: 0.058321ms
 112: 0.073029ms
 113: 0.084993ms
 114: 0.063816ms
 115: 0.063847ms
 116: 0.060762ms
 117: 0.059644ms
 118: 0.072114ms
 119: 0.062576ms
 120: 0.069385ms
 121: 0.055309ms
 122: 0.061416ms
 123: 0.108938ms
 124: 0.064375ms
 125: 0.056971ms
 126: 0.060980ms
 127: 0.060941ms
 128: 0.054906ms
 129: 0.073313ms
 130: 0.067338ms
 131: 0.062492ms
 132: 0.056731ms
 133: 0.203079ms
 134: 0.061638ms
 135: 0.068085ms
 136: 0.143396ms
 137: 0.069362ms
 138: 0.053992ms
 139: 0.061873ms
 140: 0.066297ms
 141: 0.068337ms
 142: 0.124389ms
 143: 0.065028ms
 144: 0.059818ms
 145: 0.073408ms
 146: 0.069268ms
 147: 0.055174ms
 148: 0.062663ms
 149: 0.071381ms
 150: 0.063391ms
 151: 0.058698ms
 152: 0.065104ms
 153: 0.057478ms
 154: 0.059537ms
 155: 0.056440ms
 156: 0.066776ms
 157: 0.057379ms
 158: 0.057180ms
 159: 0.059903ms
 160: 0.136190ms
 161: 0.058298ms
 162: 0.061025ms
 163: 0.057255ms
 164: 0.081226ms
 165: 0.080670ms
 166: 0.056689ms
 167: 0.156464ms
 168: 0.060538ms
 169: 0.066351ms
 170: 0.054551ms
 171: 0.058253ms
 172: 0.060181ms
 173: 0.060289ms
 174: 0.063925ms
 175: 0.064865ms
 176: 0.058985ms
 177: 0.056988ms
 178: 0.056579ms
 179: 0.059866ms
 180: 0.084311ms
 181: 0.053078ms
 182: 0.061389ms
 183: 0.066321ms
 184: 0.068577ms
 185: 0.066174ms
 186: 0.061798ms
 187: 0.061327ms
 188: 0.062159ms
 189: 0.054577ms
 190: 0.054821ms
 191: 0.062757ms
 192: 0.058479ms
 193: 0.059909ms
 194: 0.059058ms
 195: 0.076310ms
 196: 0.062734ms
 197: 0.071012ms
 198: 0.054245ms
 199: 0.058993ms


-- Real : Q1: 50 Q2: 100 Q3: 150
-- Array: Q1: 49 Q2: 99 Q3: 149
Printing sorted runtimes:
 0: 0.054245ms
 1: 0.053992ms
 2: 0.049099ms
 3: 0.049588ms
 4: 0.052309ms
 5: 0.050864ms
 6: 0.046907ms
 7: 0.047476ms
 8: 0.052337ms
 9: 0.048111ms
 10: 0.053078ms
 11: 0.052113ms
 12: 0.051609ms
 13: 0.052355ms
 14: 0.051690ms
 15: 0.050457ms
 16: 0.048116ms
 17: 0.052370ms
 18: 0.051067ms
 19: 0.047737ms
 20: 0.056718ms
 21: 0.054551ms
 22: 0.056103ms
 23: 0.056689ms
 24: 0.056587ms
 25: 0.056205ms
 26: 0.056605ms
 27: 0.054639ms
 28: 0.056307ms
 29: 0.056579ms
 30: 0.054320ms
 31: 0.054577ms
 32: 0.056672ms
 33: 0.054365ms
 34: 0.054952ms
 35: 0.055027ms
 36: 0.054821ms
 37: 0.055309ms
 38: 0.054906ms
 39: 0.055174ms
 40: 0.056440ms
 41: 0.057255ms
 42: 0.056939ms
 43: 0.057119ms
 44: 0.056988ms
 45: 0.057180ms
 46: 0.056918ms
 47: 0.056731ms
 48: 0.056982ms
 49: 0.056971ms
 50: 0.057379ms
 51: 0.057570ms
 52: 0.057450ms
 53: 0.057478ms
 54: 0.060465ms
 55: 0.057826ms
 56: 0.058005ms
 57: 0.057689ms
 58: 0.058253ms
 59: 0.058298ms
 60: 0.058985ms
 61: 0.058828ms
 62: 0.058385ms
 63: 0.058698ms
 64: 0.058993ms
 65: 0.058397ms
 66: 0.058321ms
 67: 0.058479ms
 68: 0.058605ms
 69: 0.059908ms
 70: 0.060289ms
 71: 0.060181ms
 72: 0.059644ms
 73: 0.059866ms
 74: 0.059058ms
 75: 0.059378ms
 76: 0.059848ms
 77: 0.060114ms
 78: 0.059909ms
 79: 0.060166ms
 80: 0.059674ms
 81: 0.060219ms
 82: 0.059903ms
 83: 0.059818ms
 84: 0.059827ms
 85: 0.060167ms
 86: 0.058226ms
 87: 0.059537ms
 88: 0.060916ms
 89: 0.060611ms
 90: 0.060806ms
 91: 0.060799ms
 92: 0.060762ms
 93: 0.060538ms
 94: 0.060980ms
 95: 0.060941ms
 96: 0.061208ms
 97: 0.061025ms
 98: 0.061327ms
 99: 0.061389ms
 100: 0.061416ms
 101: 0.066566ms
 102: 0.061873ms
 103: 0.061638ms
 104: 0.062159ms
 105: 0.061798ms
 106: 0.061518ms
 107: 0.063496ms
 108: 0.062349ms
 109: 0.062377ms
 110: 0.062757ms
 111: 0.062585ms
 112: 0.063095ms
 113: 0.062734ms
 114: 0.062507ms
 115: 0.062492ms
 116: 0.063212ms
 117: 0.062743ms
 118: 0.062861ms
 119: 0.062576ms
 120: 0.063679ms
 121: 0.062663ms
 122: 0.063391ms
 123: 0.063816ms
 124: 0.064375ms
 125: 0.064127ms
 126: 0.066487ms
 127: 0.064865ms
 128: 0.063925ms
 129: 0.066383ms
 130: 0.065850ms
 131: 0.063847ms
 132: 0.066351ms
 133: 0.066321ms
 134: 0.066174ms
 135: 0.064024ms
 136: 0.064861ms
 137: 0.065403ms
 138: 0.065156ms
 139: 0.065104ms
 140: 0.066297ms
 141: 0.061593ms
 142: 0.065015ms
 143: 0.065028ms
 144: 0.065529ms
 145: 0.066820ms
 146: 0.066776ms
 147: 0.066681ms
 148: 0.066819ms
 149: 0.067053ms
 150: 0.067273ms
 151: 0.067338ms
 152: 0.068176ms
 153: 0.068313ms
 154: 0.068156ms
 155: 0.069106ms
 156: 0.068337ms
 157: 0.068085ms
 158: 0.068577ms
 159: 0.069268ms
 160: 0.068809ms
 161: 0.072114ms
 162: 0.071012ms
 163: 0.069385ms
 164: 0.073029ms
 165: 0.069646ms
 166: 0.072046ms
 167: 0.069362ms
 168: 0.070296ms
 169: 0.070345ms
 170: 0.071381ms
 171: 0.073313ms
 172: 0.070542ms
 173: 0.073408ms
 174: 0.080354ms
 175: 0.076336ms
 176: 0.074431ms
 177: 0.076310ms
 178: 0.121048ms
 179: 0.156464ms
 180: 0.084311ms
 181: 0.163932ms
 182: 0.080670ms
 183: 0.081226ms
 184: 0.114668ms
 185: 0.126601ms
 186: 0.136190ms
 187: 0.114771ms
 188: 0.178938ms
 189: 0.120989ms
 190: 0.152540ms
 191: 0.124389ms
 192: 0.211023ms
 193: 0.143396ms
 194: 0.203079ms
 195: 0.108938ms
 196: 0.084993ms
 197: 0.133766ms
 198: 0.118444ms
 199: 0.151523ms


Measurements
--------------------------
FFT Size            : 23^3
Threads             : 39
Batch               : 1
Iterations          : 200
Avg Tot Runtime     : 0.068875 ms
Runtime per batch   : 0.068875 ms
SD                  : 0.025866 ms
Q1                  : 0.056971 ms
Median              : 0.061402 ms
Q3                  : 0.067053 ms
