Expm 2: Streaming FFT

Printing individual runtimes:
 0: 0.196841ms
 1: 0.048462ms
 2: 0.062447ms
 3: 0.244649ms
 4: 0.053961ms
 5: 0.170166ms
 6: 0.055553ms
 7: 0.063963ms
 8: 0.055541ms
 9: 0.141236ms
 10: 0.074534ms
 11: 0.078088ms
 12: 0.057290ms
 13: 0.134096ms
 14: 0.067177ms
 15: 0.058779ms
 16: 0.059775ms
 17: 0.079290ms
 18: 0.060862ms
 19: 0.065406ms
 20: 0.223590ms
 21: 0.053236ms
 22: 0.079419ms
 23: 0.167423ms
 24: 0.045429ms
 25: 0.074402ms
 26: 0.120928ms
 27: 0.062148ms
 28: 0.046099ms
 29: 0.058305ms
 30: 0.049177ms
 31: 0.064238ms
 32: 0.054898ms
 33: 0.071762ms
 34: 0.055253ms
 35: 0.060397ms
 36: 0.059781ms
 37: 0.063946ms
 38: 0.074992ms
 39: 0.157820ms
 40: 0.055235ms
 41: 0.060726ms
 42: 0.136766ms
 43: 0.049826ms
 44: 0.060025ms
 45: 0.057617ms
 46: 0.059452ms
 47: 0.054206ms
 48: 0.073510ms
 49: 0.055827ms
 50: 0.056562ms
 51: 0.053252ms
 52: 0.047676ms
 53: 0.051610ms
 54: 0.050043ms
 55: 0.047232ms
 56: 0.064583ms
 57: 0.063256ms
 58: 0.051597ms
 59: 0.055886ms
 60: 0.046749ms
 61: 0.063928ms
 62: 0.068147ms
 63: 0.063796ms
 64: 0.062899ms
 65: 0.056617ms
 66: 0.058634ms
 67: 0.057396ms
 68: 0.068398ms
 69: 0.200029ms
 70: 0.046759ms
 71: 0.060321ms
 72: 0.052944ms
 73: 0.053951ms
 74: 0.140087ms
 75: 0.056901ms
 76: 0.053096ms
 77: 0.052385ms
 78: 0.045024ms
 79: 0.072208ms
 80: 0.059219ms
 81: 0.065347ms
 82: 0.071164ms
 83: 0.071381ms
 84: 0.059923ms
 85: 0.055875ms
 86: 0.059470ms
 87: 0.051741ms
 88: 0.056364ms
 89: 0.062258ms
 90: 0.065879ms
 91: 0.061005ms
 92: 0.053290ms
 93: 0.070444ms
 94: 0.068643ms
 95: 0.048277ms
 96: 0.052419ms
 97: 0.067485ms
 98: 0.057733ms
 99: 0.059827ms
 100: 0.060728ms
 101: 0.054232ms
 102: 0.049958ms
 103: 0.046887ms
 104: 0.053812ms
 105: 0.060048ms
 106: 0.053603ms
 107: 0.058427ms
 108: 0.047563ms
 109: 0.048622ms
 110: 0.064965ms
 111: 0.052421ms
 112: 0.055821ms
 113: 0.054789ms
 114: 0.059665ms
 115: 0.056204ms
 116: 0.055198ms
 117: 0.054406ms
 118: 0.062698ms
 119: 0.052586ms
 120: 0.056220ms
 121: 0.058532ms
 122: 0.055281ms
 123: 0.058003ms
 124: 0.062423ms
 125: 0.056104ms
 126: 0.162301ms
 127: 0.063718ms
 128: 0.055616ms
 129: 0.063688ms
 130: 0.153573ms
 131: 0.056959ms
 132: 0.049640ms
 133: 0.046823ms
 134: 0.043684ms
 135: 0.056252ms
 136: 0.066043ms
 137: 0.060380ms
 138: 0.047115ms
 139: 0.063323ms
 140: 0.050422ms
 141: 0.048012ms
 142: 0.052423ms
 143: 0.053858ms
 144: 0.052672ms
 145: 0.050987ms
 146: 0.054927ms
 147: 0.052089ms
 148: 0.062737ms
 149: 0.058898ms
 150: 0.072239ms
 151: 0.047700ms
 152: 0.053594ms
 153: 0.064585ms
 154: 0.064336ms
 155: 0.057396ms
 156: 0.050966ms
 157: 0.065603ms
 158: 0.060837ms
 159: 0.056040ms
 160: 0.066519ms
 161: 0.058483ms
 162: 0.055572ms
 163: 0.050677ms
 164: 0.057104ms
 165: 0.056225ms
 166: 0.046727ms
 167: 0.063556ms
 168: 0.054972ms
 169: 0.045846ms
 170: 0.058739ms
 171: 0.070596ms
 172: 0.054719ms
 173: 0.064345ms
 174: 0.052678ms
 175: 0.054607ms
 176: 0.060348ms
 177: 0.053743ms
 178: 0.071616ms
 179: 0.055271ms
 180: 0.048563ms
 181: 0.069953ms
 182: 0.054506ms
 183: 0.051986ms
 184: 0.060803ms
 185: 0.051992ms
 186: 0.052516ms
 187: 0.048887ms
 188: 0.070149ms
 189: 0.058353ms
 190: 0.064653ms
 191: 0.055811ms
 192: 0.055511ms
 193: 0.059499ms
 194: 0.054709ms
 195: 0.060219ms
 196: 0.047766ms
 197: 0.068569ms
 198: 0.055636ms
 199: 0.050391ms


-- Real : Q1: 50 Q2: 100 Q3: 150
-- Array: Q1: 49 Q2: 99 Q3: 149
Printing sorted runtimes:
 0: 0.050391ms
 1: 0.048462ms
 2: 0.047766ms
 3: 0.048887ms
 4: 0.048563ms
 5: 0.045846ms
 6: 0.046727ms
 7: 0.047700ms
 8: 0.048012ms
 9: 0.047115ms
 10: 0.043684ms
 11: 0.046823ms
 12: 0.049640ms
 13: 0.048622ms
 14: 0.047563ms
 15: 0.046887ms
 16: 0.049958ms
 17: 0.048277ms
 18: 0.045024ms
 19: 0.046759ms
 20: 0.046749ms
 21: 0.047232ms
 22: 0.050043ms
 23: 0.047676ms
 24: 0.045429ms
 25: 0.049826ms
 26: 0.049177ms
 27: 0.046099ms
 28: 0.053236ms
 29: 0.050966ms
 30: 0.052944ms
 31: 0.053096ms
 32: 0.052385ms
 33: 0.052421ms
 34: 0.052586ms
 35: 0.052678ms
 36: 0.051610ms
 37: 0.050677ms
 38: 0.052516ms
 39: 0.051992ms
 40: 0.052419ms
 41: 0.051986ms
 42: 0.052672ms
 43: 0.052089ms
 44: 0.050422ms
 45: 0.051741ms
 46: 0.052423ms
 47: 0.050987ms
 48: 0.051597ms
 49: 0.053252ms
 50: 0.053290ms
 51: 0.055553ms
 52: 0.053743ms
 53: 0.053812ms
 54: 0.053603ms
 55: 0.053858ms
 56: 0.054719ms
 57: 0.054607ms
 58: 0.055198ms
 59: 0.054206ms
 60: 0.054972ms
 61: 0.054927ms
 62: 0.053961ms
 63: 0.054506ms
 64: 0.054232ms
 65: 0.054898ms
 66: 0.054709ms
 67: 0.053951ms
 68: 0.054789ms
 69: 0.054406ms
 70: 0.055253ms
 71: 0.055511ms
 72: 0.055281ms
 73: 0.055235ms
 74: 0.055271ms
 75: 0.055541ms
 76: 0.053594ms
 77: 0.057104ms
 78: 0.056617ms
 79: 0.055636ms
 80: 0.055821ms
 81: 0.056225ms
 82: 0.056040ms
 83: 0.055886ms
 84: 0.056220ms
 85: 0.055875ms
 86: 0.055572ms
 87: 0.056562ms
 88: 0.056364ms
 89: 0.055827ms
 90: 0.056204ms
 91: 0.056901ms
 92: 0.055811ms
 93: 0.056104ms
 94: 0.056252ms
 95: 0.055616ms
 96: 0.056959ms
 97: 0.057396ms
 98: 0.057290ms
 99: 0.057396ms
 100: 0.057617ms
 101: 0.059923ms
 102: 0.058003ms
 103: 0.058305ms
 104: 0.058634ms
 105: 0.058353ms
 106: 0.058483ms
 107: 0.058427ms
 108: 0.058532ms
 109: 0.058739ms
 110: 0.059452ms
 111: 0.058779ms
 112: 0.059219ms
 113: 0.058898ms
 114: 0.059499ms
 115: 0.057733ms
 116: 0.059665ms
 117: 0.059827ms
 118: 0.059470ms
 119: 0.059781ms
 120: 0.059775ms
 121: 0.063688ms
 122: 0.060048ms
 123: 0.060726ms
 124: 0.060348ms
 125: 0.060397ms
 126: 0.060321ms
 127: 0.060862ms
 128: 0.060219ms
 129: 0.060380ms
 130: 0.063256ms
 131: 0.060728ms
 132: 0.062447ms
 133: 0.062148ms
 134: 0.062737ms
 135: 0.063556ms
 136: 0.062698ms
 137: 0.060025ms
 138: 0.060803ms
 139: 0.063323ms
 140: 0.062423ms
 141: 0.061005ms
 142: 0.062899ms
 143: 0.062258ms
 144: 0.060837ms
 145: 0.063963ms
 146: 0.063796ms
 147: 0.063928ms
 148: 0.063946ms
 149: 0.063718ms
 150: 0.064238ms
 151: 0.064336ms
 152: 0.064583ms
 153: 0.064345ms
 154: 0.064585ms
 155: 0.065347ms
 156: 0.064965ms
 157: 0.065603ms
 158: 0.069953ms
 159: 0.065406ms
 160: 0.066519ms
 161: 0.064653ms
 162: 0.068398ms
 163: 0.065879ms
 164: 0.067177ms
 165: 0.068147ms
 166: 0.066043ms
 167: 0.068643ms
 168: 0.067485ms
 169: 0.070149ms
 170: 0.068569ms
 171: 0.070444ms
 172: 0.070596ms
 173: 0.072208ms
 174: 0.071164ms
 175: 0.071381ms
 176: 0.072239ms
 177: 0.071762ms
 178: 0.071616ms
 179: 0.073510ms
 180: 0.074402ms
 181: 0.167423ms
 182: 0.136766ms
 183: 0.134096ms
 184: 0.079419ms
 185: 0.157820ms
 186: 0.074992ms
 187: 0.244649ms
 188: 0.170166ms
 189: 0.223590ms
 190: 0.200029ms
 191: 0.162301ms
 192: 0.140087ms
 193: 0.141236ms
 194: 0.074534ms
 195: 0.078088ms
 196: 0.079290ms
 197: 0.153573ms
 198: 0.120928ms
 199: 0.196841ms


Measurements
--------------------------
FFT Size            : 23^3
Threads             : 35
Batch               : 1
Iterations          : 200
Avg Tot Runtime     : 0.065679 ms
Runtime per batch   : 0.065679 ms
SD                  : 0.030351 ms
Q1                  : 0.053252 ms
Median              : 0.057507 ms
Q3                  : 0.063718 ms
