Expm 2: Streaming FFTW
FFTW Plan: Patient
-- Cannot import wisdom from ../../wisdom/singlenode/all/80/fftw_80_t37_b1.patient
-- Exporting wisdom file to ../../wisdom/singlenode/all/80/fftw_80_t37_b1.patient
Iteration: 0, 1, 2, 3, 4, 5, 6, 7, 8, 9, 10, 11, 12, 13, 14, 15, 16, 17, 18, 19, 20, 21, 22, 23, 24, 25, 26, 27, 28, 29, 30, 31, 32, 33, 34, 35, 36, 37, 38, 39, 40, 41, 42, 43, 44, 45, 46, 47, 48, 49, 
Printing individual runtimes:
 0: 0.297492ms
 1: 0.294686ms
 2: 0.258416ms
 3: 0.279244ms
 4: 0.299388ms
 5: 0.376751ms
 6: 0.268525ms
 7: 0.275538ms
 8: 0.267702ms
 9: 0.265621ms
 10: 0.283040ms
 11: 0.275280ms
 12: 0.262715ms
 13: 0.270765ms
 14: 0.250479ms
 15: 0.271250ms
 16: 0.271401ms
 17: 0.265177ms
 18: 0.276025ms
 19: 0.265359ms
 20: 0.268502ms
 21: 0.277093ms
 22: 0.264264ms
 23: 0.277786ms
 24: 0.265041ms
 25: 0.255912ms
 26: 1.059575ms
 27: 0.269924ms
 28: 0.478509ms
 29: 0.284423ms
 30: 0.266183ms
 31: 0.257790ms
 32: 0.286718ms
 33: 0.249750ms
 34: 0.275922ms
 35: 0.269405ms
 36: 0.272439ms
 37: 0.287679ms
 38: 0.252694ms
 39: 0.264707ms
 40: 0.264376ms
 41: 0.276888ms
 42: 0.261320ms
 43: 0.271293ms
 44: 0.257416ms
 45: 0.253367ms
 46: 0.251534ms
 47: 0.258931ms
 48: 0.256299ms
 49: 0.277220ms


Measurements
--------------------------
FFT Size            : 80^3
Threads             : 37
Batch               : 1
Iterations          : 50
Avg Tot Runtime     : 0.291756 ms
Runtime per batch   : 0.291756 ms
SD                  : 0.115001 ms
Throughput          : 0.004139 GFLOPs
Plan Time           : 40.230185 sec
