Expm 2: Streaming FFTW
FFTW Plan: Patient
-- Cannot import wisdom from ../../wisdom/singlenode/all/283/fftw_283_t38_b1.patient
-- Exporting wisdom file to ../../wisdom/singlenode/all/283/fftw_283_t38_b1.patient
Iteration: 0, 1, 2, 3, 4, 5, 6, 7, 8, 9, 10, 11, 12, 13, 14, 15, 16, 17, 18, 19, 20, 21, 22, 23, 24, 25, 26, 27, 28, 29, 30, 31, 32, 33, 34, 35, 36, 37, 38, 39, 40, 41, 42, 43, 44, 45, 46, 47, 48, 49, 
Printing individual runtimes:
 0: 35.907881ms
 1: 34.638074ms
 2: 64.507218ms
 3: 60.604292ms
 4: 36.742047ms
 5: 36.120932ms
 6: 36.025372ms
 7: 37.216469ms
 8: 34.173563ms
 9: 34.237709ms
 10: 35.931583ms
 11: 33.977242ms
 12: 36.596191ms
 13: 36.271372ms
 14: 36.740242ms
 15: 33.367511ms
 16: 35.193184ms
 17: 33.516739ms
 18: 34.800671ms
 19: 35.770824ms
 20: 36.829347ms
 21: 34.814310ms
 22: 33.922025ms
 23: 35.945758ms
 24: 34.364434ms
 25: 34.222792ms
 26: 35.306010ms
 27: 34.456442ms
 28: 33.922982ms
 29: 35.562066ms
 30: 34.235725ms
 31: 34.641114ms
 32: 38.080579ms
 33: 34.901632ms
 34: 34.512566ms
 35: 35.757124ms
 36: 33.650911ms
 37: 35.748798ms
 38: 33.936799ms
 39: 36.571409ms
 40: 35.521324ms
 41: 34.770362ms
 42: 35.722036ms
 43: 35.885638ms
 44: 51.071706ms
 45: 35.578551ms
 46: 61.084684ms
 47: 59.978990ms
 48: 32.268275ms
 49: 32.946124ms


Measurements
--------------------------
FFT Size            : 283^3
Threads             : 38
Batch               : 1
Iterations          : 50
Avg Tot Runtime     : 37.570993 ms
Runtime per batch   : 37.570993 ms
SD                  : 7.515974 ms
Throughput          : 2.786617 GFLOPs
Plan Time           : 462.460568 sec
