Expm 2: Streaming FFTW
FFTW Plan: Patient
-- Cannot import wisdom from ../../wisdom/singlenode/all/283/fftw_283_t36_b1.patient
-- Exporting wisdom file to ../../wisdom/singlenode/all/283/fftw_283_t36_b1.patient
Iteration: 0, 1, 2, 3, 4, 5, 6, 7, 8, 9, 10, 11, 12, 13, 14, 15, 16, 17, 18, 19, 20, 21, 22, 23, 24, 25, 26, 27, 28, 29, 30, 31, 32, 33, 34, 35, 36, 37, 38, 39, 40, 41, 42, 43, 44, 45, 46, 47, 48, 49, 
Printing individual runtimes:
 0: 33.487546ms
 1: 56.885325ms
 2: 33.343035ms
 3: 32.823636ms
 4: 32.977136ms
 5: 33.283992ms
 6: 32.997339ms
 7: 33.695873ms
 8: 32.621873ms
 9: 33.710998ms
 10: 33.555808ms
 11: 33.852695ms
 12: 33.206089ms
 13: 32.656988ms
 14: 33.248142ms
 15: 34.046129ms
 16: 58.163841ms
 17: 33.095097ms
 18: 34.138582ms
 19: 32.780739ms
 20: 32.743502ms
 21: 33.192754ms
 22: 33.089361ms
 23: 32.844947ms
 24: 33.092068ms
 25: 32.557156ms
 26: 33.062537ms
 27: 32.556995ms
 28: 32.797029ms
 29: 32.665547ms
 30: 33.690375ms
 31: 34.017402ms
 32: 33.573690ms
 33: 33.359267ms
 34: 33.120173ms
 35: 32.555676ms
 36: 32.952407ms
 37: 32.658283ms
 38: 32.661895ms
 39: 32.689405ms
 40: 32.819171ms
 41: 32.688220ms
 42: 32.548274ms
 43: 32.784884ms
 44: 33.022333ms
 45: 32.341619ms
 46: 88.295556ms
 47: 57.493565ms
 48: 57.225808ms
 49: 38.504299ms


Measurements
--------------------------
FFT Size            : 283^3
Threads             : 36
Batch               : 1
Iterations          : 50
Avg Tot Runtime     : 36.243501 ms
Runtime per batch   : 36.243501 ms
SD                  : 9.961684 ms
Throughput          : 2.730394 GFLOPs
Plan Time           : 411.062740 sec
