Expm 2: Streaming FFT

Printing individual runtimes:
 0: 0.189361ms
 1: 0.109194ms
 2: 0.088220ms
 3: 0.167813ms
 4: 0.103722ms
 5: 0.090877ms
 6: 0.090060ms
 7: 0.091259ms
 8: 0.088660ms
 9: 0.089206ms
 10: 0.187209ms
 11: 0.092489ms
 12: 0.114903ms
 13: 0.102955ms
 14: 0.103628ms
 15: 0.089031ms
 16: 0.085943ms
 17: 0.190773ms
 18: 0.095741ms
 19: 0.095822ms
 20: 0.177674ms
 21: 0.092812ms
 22: 0.104043ms
 23: 0.092201ms
 24: 0.116693ms
 25: 0.096051ms
 26: 0.119608ms
 27: 0.102042ms
 28: 0.090234ms
 29: 0.123386ms
 30: 0.108724ms
 31: 0.089855ms
 32: 0.103046ms
 33: 0.116739ms
 34: 0.094701ms
 35: 0.100217ms
 36: 0.089737ms
 37: 0.099581ms
 38: 0.114939ms
 39: 0.089973ms
 40: 0.111677ms
 41: 0.113843ms
 42: 0.100691ms
 43: 0.096064ms
 44: 0.125775ms
 45: 0.109348ms
 46: 0.091885ms
 47: 0.195565ms
 48: 0.112418ms
 49: 0.089632ms
 50: 0.110849ms
 51: 0.093200ms
 52: 0.089606ms
 53: 0.183018ms
 54: 0.090069ms
 55: 0.106573ms
 56: 0.107182ms
 57: 0.095408ms
 58: 0.121418ms
 59: 0.107149ms
 60: 0.102891ms
 61: 0.104284ms
 62: 0.100130ms
 63: 0.092831ms
 64: 0.100911ms
 65: 0.089829ms
 66: 0.091468ms
 67: 0.102615ms
 68: 0.116170ms
 69: 0.108750ms
 70: 0.111457ms
 71: 0.089941ms
 72: 0.109854ms
 73: 0.104754ms
 74: 0.088544ms
 75: 0.088840ms
 76: 0.090870ms
 77: 0.117750ms
 78: 0.120713ms
 79: 0.089027ms
 80: 0.109112ms
 81: 0.111583ms
 82: 0.088189ms
 83: 0.104704ms
 84: 0.108652ms
 85: 0.107310ms
 86: 0.118592ms
 87: 0.102728ms
 88: 0.112716ms
 89: 0.098535ms
 90: 0.105833ms
 91: 0.108358ms
 92: 0.111129ms
 93: 0.091379ms
 94: 0.104814ms
 95: 0.113386ms
 96: 0.089384ms
 97: 0.107019ms
 98: 0.092789ms
 99: 0.110478ms
 100: 0.090236ms
 101: 0.124736ms
 102: 0.124231ms
 103: 0.102385ms
 104: 0.111285ms
 105: 0.188640ms
 106: 0.110479ms
 107: 0.100320ms
 108: 0.098364ms
 109: 0.116843ms
 110: 0.088610ms
 111: 0.106087ms
 112: 0.093694ms
 113: 0.109811ms
 114: 0.105342ms
 115: 0.097908ms
 116: 0.100429ms
 117: 0.097325ms
 118: 0.089097ms
 119: 0.096057ms
 120: 0.088230ms
 121: 0.091706ms
 122: 0.091118ms
 123: 0.093703ms
 124: 0.108268ms
 125: 0.114224ms
 126: 0.120370ms
 127: 0.111675ms
 128: 0.111571ms
 129: 0.119002ms
 130: 0.096721ms
 131: 0.090216ms
 132: 0.102259ms
 133: 0.096872ms
 134: 0.100297ms
 135: 0.101348ms
 136: 0.088977ms
 137: 0.119469ms
 138: 0.091649ms
 139: 0.123337ms
 140: 0.099169ms
 141: 0.114083ms
 142: 0.104223ms
 143: 0.102543ms
 144: 0.104244ms
 145: 0.093808ms
 146: 0.097912ms
 147: 0.105505ms
 148: 0.101571ms
 149: 0.091563ms
 150: 0.094641ms
 151: 0.123087ms
 152: 0.105173ms
 153: 0.089731ms
 154: 0.089684ms
 155: 0.089693ms
 156: 0.097537ms
 157: 0.097282ms
 158: 0.094560ms
 159: 0.112846ms
 160: 0.093905ms
 161: 0.106364ms
 162: 0.095981ms
 163: 0.087813ms
 164: 0.107645ms
 165: 0.096612ms
 166: 0.110235ms
 167: 0.107088ms
 168: 0.088483ms
 169: 0.104302ms
 170: 0.090750ms
 171: 0.119450ms
 172: 0.116851ms
 173: 0.114646ms
 174: 0.091515ms
 175: 0.113849ms
 176: 0.088465ms
 177: 0.099095ms
 178: 0.102360ms
 179: 0.093207ms
 180: 0.113576ms
 181: 0.111820ms
 182: 0.100593ms
 183: 0.113295ms
 184: 0.111923ms
 185: 0.098086ms
 186: 0.114025ms
 187: 0.096312ms
 188: 0.112703ms
 189: 0.109746ms
 190: 0.098804ms
 191: 0.114173ms
 192: 0.099996ms
 193: 0.090405ms
 194: 0.102030ms
 195: 0.105902ms
 196: 0.122452ms
 197: 0.122129ms
 198: 0.111607ms
 199: 0.107326ms


-- Real : Q1: 50 Q2: 100 Q3: 150
-- Array: Q1: 49 Q2: 99 Q3: 149
Printing sorted runtimes:
 0: 0.090870ms
 1: 0.090069ms
 2: 0.088220ms
 3: 0.090216ms
 4: 0.088840ms
 5: 0.089606ms
 6: 0.090060ms
 7: 0.087813ms
 8: 0.088660ms
 9: 0.089206ms
 10: 0.090405ms
 11: 0.089632ms
 12: 0.089693ms
 13: 0.088483ms
 14: 0.089684ms
 15: 0.089031ms
 16: 0.085943ms
 17: 0.089384ms
 18: 0.088610ms
 19: 0.089027ms
 20: 0.089829ms
 21: 0.090750ms
 22: 0.089973ms
 23: 0.088465ms
 24: 0.088977ms
 25: 0.089731ms
 26: 0.089737ms
 27: 0.088230ms
 28: 0.090234ms
 29: 0.090236ms
 30: 0.089941ms
 31: 0.089855ms
 32: 0.089097ms
 33: 0.088189ms
 34: 0.088544ms
 35: 0.091379ms
 36: 0.090877ms
 37: 0.091259ms
 38: 0.091118ms
 39: 0.091885ms
 40: 0.091515ms
 41: 0.091563ms
 42: 0.091468ms
 43: 0.091649ms
 44: 0.091706ms
 45: 0.092489ms
 46: 0.092201ms
 47: 0.092812ms
 48: 0.092789ms
 49: 0.092831ms
 50: 0.093200ms
 51: 0.102259ms
 52: 0.093694ms
 53: 0.093703ms
 54: 0.093808ms
 55: 0.093905ms
 56: 0.095981ms
 57: 0.095408ms
 58: 0.096612ms
 59: 0.096064ms
 60: 0.094701ms
 61: 0.096057ms
 62: 0.094560ms
 63: 0.096051ms
 64: 0.094641ms
 65: 0.096312ms
 66: 0.095822ms
 67: 0.095741ms
 68: 0.096721ms
 69: 0.100130ms
 70: 0.097282ms
 71: 0.100320ms
 72: 0.097537ms
 73: 0.099169ms
 74: 0.098364ms
 75: 0.100297ms
 76: 0.097908ms
 77: 0.100429ms
 78: 0.097325ms
 79: 0.100691ms
 80: 0.099581ms
 81: 0.100217ms
 82: 0.099095ms
 83: 0.100593ms
 84: 0.098086ms
 85: 0.098804ms
 86: 0.099996ms
 87: 0.096872ms
 88: 0.100911ms
 89: 0.098535ms
 90: 0.097912ms
 91: 0.102030ms
 92: 0.093207ms
 93: 0.101571ms
 94: 0.102042ms
 95: 0.101348ms
 96: 0.102615ms
 97: 0.102360ms
 98: 0.102385ms
 99: 0.102543ms
 100: 0.102728ms
 101: 0.108652ms
 102: 0.102955ms
 103: 0.103046ms
 104: 0.103628ms
 105: 0.104754ms
 106: 0.105505ms
 107: 0.104284ms
 108: 0.104223ms
 109: 0.105173ms
 110: 0.105833ms
 111: 0.106087ms
 112: 0.106364ms
 113: 0.103722ms
 114: 0.105342ms
 115: 0.106573ms
 116: 0.104244ms
 117: 0.104302ms
 118: 0.104704ms
 119: 0.105902ms
 120: 0.104814ms
 121: 0.104043ms
 122: 0.107019ms
 123: 0.107088ms
 124: 0.107182ms
 125: 0.107149ms
 126: 0.107326ms
 127: 0.102891ms
 128: 0.107645ms
 129: 0.107310ms
 130: 0.108358ms
 131: 0.108268ms
 132: 0.111571ms
 133: 0.109194ms
 134: 0.109811ms
 135: 0.109746ms
 136: 0.110479ms
 137: 0.109854ms
 138: 0.111457ms
 139: 0.108724ms
 140: 0.111285ms
 141: 0.108750ms
 142: 0.109348ms
 143: 0.110235ms
 144: 0.110478ms
 145: 0.109112ms
 146: 0.111129ms
 147: 0.110849ms
 148: 0.111607ms
 149: 0.111583ms
 150: 0.111675ms
 151: 0.111677ms
 152: 0.111820ms
 153: 0.112418ms
 154: 0.112703ms
 155: 0.111923ms
 156: 0.112716ms
 157: 0.113386ms
 158: 0.113295ms
 159: 0.112846ms
 160: 0.113576ms
 161: 0.113849ms
 162: 0.114025ms
 163: 0.113843ms
 164: 0.114083ms
 165: 0.114173ms
 166: 0.118592ms
 167: 0.122129ms
 168: 0.124231ms
 169: 0.122452ms
 170: 0.123087ms
 171: 0.119450ms
 172: 0.116851ms
 173: 0.114646ms
 174: 0.119002ms
 175: 0.121418ms
 176: 0.114939ms
 177: 0.116739ms
 178: 0.123337ms
 179: 0.123386ms
 180: 0.116170ms
 181: 0.120370ms
 182: 0.119608ms
 183: 0.120713ms
 184: 0.119469ms
 185: 0.116693ms
 186: 0.117750ms
 187: 0.114903ms
 188: 0.116843ms
 189: 0.114224ms
 190: 0.124736ms
 191: 0.190773ms
 192: 0.177674ms
 193: 0.187209ms
 194: 0.167813ms
 195: 0.188640ms
 196: 0.125775ms
 197: 0.195565ms
 198: 0.183018ms
 199: 0.189361ms


Measurements
--------------------------
FFT Size            : 29^3
Threads             : 26
Batch               : 1
Iterations          : 200
Avg Tot Runtime     : 0.105830 ms
Runtime per batch   : 0.105830 ms
SD                  : 0.019117 ms
Q1                  : 0.092831 ms
Median              : 0.102636 ms
Q3                  : 0.111583 ms
