Expm 2: Streaming FFT

Printing individual runtimes:
 0: 0.164154ms
 1: 0.065629ms
 2: 0.056116ms
 3: 0.442490ms
 4: 0.075463ms
 5: 0.198642ms
 6: 0.069274ms
 7: 0.171745ms
 8: 0.073187ms
 9: 0.145609ms
 10: 0.055624ms
 11: 0.065777ms
 12: 0.295443ms
 13: 0.058384ms
 14: 0.142809ms
 15: 0.060362ms
 16: 0.074837ms
 17: 0.072915ms
 18: 0.167903ms
 19: 0.066050ms
 20: 0.077859ms
 21: 0.054689ms
 22: 0.056317ms
 23: 0.110080ms
 24: 0.056023ms
 25: 0.058933ms
 26: 0.053416ms
 27: 0.053186ms
 28: 0.165386ms
 29: 0.058546ms
 30: 0.056658ms
 31: 0.070101ms
 32: 0.059798ms
 33: 0.056701ms
 34: 0.058341ms
 35: 0.056772ms
 36: 0.057555ms
 37: 0.069050ms
 38: 0.059411ms
 39: 0.120012ms
 40: 0.051788ms
 41: 0.055722ms
 42: 0.150786ms
 43: 0.056821ms
 44: 0.053583ms
 45: 0.052720ms
 46: 0.068771ms
 47: 0.054164ms
 48: 0.068442ms
 49: 0.053595ms
 50: 0.054533ms
 51: 0.068712ms
 52: 0.057808ms
 53: 0.057344ms
 54: 0.071394ms
 55: 0.071777ms
 56: 0.053435ms
 57: 0.059857ms
 58: 0.053597ms
 59: 0.073308ms
 60: 0.055826ms
 61: 0.064834ms
 62: 0.064880ms
 63: 0.102596ms
 64: 0.056031ms
 65: 0.069120ms
 66: 0.055783ms
 67: 0.056685ms
 68: 0.061692ms
 69: 0.055561ms
 70: 0.054736ms
 71: 0.075005ms
 72: 0.062098ms
 73: 0.072878ms
 74: 0.056783ms
 75: 0.070948ms
 76: 0.060888ms
 77: 0.052994ms
 78: 0.051441ms
 79: 0.056956ms
 80: 0.073967ms
 81: 0.054557ms
 82: 0.057376ms
 83: 0.058830ms
 84: 0.059054ms
 85: 0.061618ms
 86: 0.058810ms
 87: 0.062653ms
 88: 0.067992ms
 89: 0.055266ms
 90: 0.160985ms
 91: 0.058939ms
 92: 0.062834ms
 93: 0.051383ms
 94: 0.064771ms
 95: 0.054229ms
 96: 0.053432ms
 97: 0.061736ms
 98: 0.077176ms
 99: 0.065350ms
 100: 0.058266ms
 101: 0.054841ms
 102: 0.054331ms
 103: 0.063553ms
 104: 0.063577ms
 105: 0.061881ms
 106: 0.061449ms
 107: 0.054851ms
 108: 0.072145ms
 109: 0.065468ms
 110: 0.052173ms
 111: 0.058869ms
 112: 0.055090ms
 113: 0.052553ms
 114: 0.062264ms
 115: 0.058451ms
 116: 0.059425ms
 117: 0.057333ms
 118: 0.054469ms
 119: 0.056601ms
 120: 0.057584ms
 121: 0.061865ms
 122: 0.053577ms
 123: 0.060807ms
 124: 0.051730ms
 125: 0.060209ms
 126: 0.072861ms
 127: 0.057503ms
 128: 0.052901ms
 129: 0.056897ms
 130: 0.065411ms
 131: 0.112435ms
 132: 0.056292ms
 133: 0.069357ms
 134: 0.060532ms
 135: 0.057165ms
 136: 0.156161ms
 137: 0.056396ms
 138: 0.056713ms
 139: 0.053257ms
 140: 0.052766ms
 141: 0.060567ms
 142: 0.056397ms
 143: 0.056656ms
 144: 0.059874ms
 145: 0.056211ms
 146: 0.054302ms
 147: 0.051979ms
 148: 0.057080ms
 149: 0.057751ms
 150: 0.051948ms
 151: 0.054654ms
 152: 0.060398ms
 153: 0.063891ms
 154: 0.053439ms
 155: 0.067794ms
 156: 0.075591ms
 157: 0.066868ms
 158: 0.053336ms
 159: 0.068652ms
 160: 0.073182ms
 161: 0.065307ms
 162: 0.053673ms
 163: 0.053613ms
 164: 0.080283ms
 165: 0.070978ms
 166: 0.052834ms
 167: 0.064590ms
 168: 0.051888ms
 169: 0.056865ms
 170: 0.070822ms
 171: 0.060454ms
 172: 0.057031ms
 173: 0.060842ms
 174: 0.057066ms
 175: 0.052652ms
 176: 0.058647ms
 177: 0.052834ms
 178: 0.055434ms
 179: 0.063927ms
 180: 0.053226ms
 181: 0.065705ms
 182: 0.051867ms
 183: 0.060029ms
 184: 0.055586ms
 185: 0.073221ms
 186: 0.054810ms
 187: 0.056565ms
 188: 0.064645ms
 189: 0.061505ms
 190: 0.054349ms
 191: 0.061702ms
 192: 0.051711ms
 193: 0.055644ms
 194: 0.081356ms
 195: 0.065138ms
 196: 0.051826ms
 197: 0.057573ms
 198: 0.053389ms
 199: 0.053494ms


-- Real : Q1: 50 Q2: 100 Q3: 150
-- Array: Q1: 49 Q2: 99 Q3: 149
Printing sorted runtimes:
 0: 0.053494ms
 1: 0.051383ms
 2: 0.053432ms
 3: 0.053389ms
 4: 0.052173ms
 5: 0.051826ms
 6: 0.052553ms
 7: 0.051711ms
 8: 0.051441ms
 9: 0.052994ms
 10: 0.051730ms
 11: 0.052901ms
 12: 0.053257ms
 13: 0.051867ms
 14: 0.053226ms
 15: 0.053435ms
 16: 0.052834ms
 17: 0.052652ms
 18: 0.052766ms
 19: 0.052720ms
 20: 0.051979ms
 21: 0.051788ms
 22: 0.051948ms
 23: 0.051888ms
 24: 0.053439ms
 25: 0.052834ms
 26: 0.053416ms
 27: 0.053186ms
 28: 0.053336ms
 29: 0.054533ms
 30: 0.053673ms
 31: 0.053613ms
 32: 0.053577ms
 33: 0.054229ms
 34: 0.053597ms
 35: 0.054349ms
 36: 0.054469ms
 37: 0.053595ms
 38: 0.054164ms
 39: 0.054331ms
 40: 0.054302ms
 41: 0.053583ms
 42: 0.055090ms
 43: 0.054851ms
 44: 0.054736ms
 45: 0.054810ms
 46: 0.054689ms
 47: 0.054654ms
 48: 0.054841ms
 49: 0.054557ms
 50: 0.055266ms
 51: 0.057808ms
 52: 0.055561ms
 53: 0.055586ms
 54: 0.055624ms
 55: 0.055783ms
 56: 0.055826ms
 57: 0.055644ms
 58: 0.055722ms
 59: 0.056565ms
 60: 0.056658ms
 61: 0.056396ms
 62: 0.056601ms
 63: 0.056292ms
 64: 0.056031ms
 65: 0.056023ms
 66: 0.056116ms
 67: 0.056397ms
 68: 0.056211ms
 69: 0.056317ms
 70: 0.056656ms
 71: 0.057503ms
 72: 0.056685ms
 73: 0.056897ms
 74: 0.056783ms
 75: 0.057584ms
 76: 0.057165ms
 77: 0.056713ms
 78: 0.057066ms
 79: 0.056956ms
 80: 0.057344ms
 81: 0.055434ms
 82: 0.057376ms
 83: 0.057333ms
 84: 0.057031ms
 85: 0.056821ms
 86: 0.057573ms
 87: 0.056865ms
 88: 0.057080ms
 89: 0.057751ms
 90: 0.057555ms
 91: 0.056772ms
 92: 0.056701ms
 93: 0.058647ms
 94: 0.058451ms
 95: 0.058384ms
 96: 0.058266ms
 97: 0.058546ms
 98: 0.058341ms
 99: 0.058810ms
 100: 0.058830ms
 101: 0.065629ms
 102: 0.058939ms
 103: 0.059054ms
 104: 0.058869ms
 105: 0.059411ms
 106: 0.060209ms
 107: 0.059425ms
 108: 0.059857ms
 109: 0.059874ms
 110: 0.059798ms
 111: 0.060029ms
 112: 0.061618ms
 113: 0.065468ms
 114: 0.062264ms
 115: 0.058933ms
 116: 0.062653ms
 117: 0.061449ms
 118: 0.065138ms
 119: 0.060888ms
 120: 0.061702ms
 121: 0.061865ms
 122: 0.061505ms
 123: 0.060807ms
 124: 0.062098ms
 125: 0.061881ms
 126: 0.064645ms
 127: 0.064771ms
 128: 0.061692ms
 129: 0.062834ms
 130: 0.065411ms
 131: 0.063927ms
 132: 0.060362ms
 133: 0.061736ms
 134: 0.060532ms
 135: 0.064880ms
 136: 0.060842ms
 137: 0.064834ms
 138: 0.060454ms
 139: 0.063577ms
 140: 0.064590ms
 141: 0.060567ms
 142: 0.065350ms
 143: 0.065307ms
 144: 0.063553ms
 145: 0.063891ms
 146: 0.060398ms
 147: 0.065777ms
 148: 0.065705ms
 149: 0.066050ms
 150: 0.066868ms
 151: 0.069120ms
 152: 0.068771ms
 153: 0.068442ms
 154: 0.069050ms
 155: 0.067794ms
 156: 0.069357ms
 157: 0.072145ms
 158: 0.070101ms
 159: 0.068652ms
 160: 0.070948ms
 161: 0.068712ms
 162: 0.071394ms
 163: 0.069274ms
 164: 0.067992ms
 165: 0.070978ms
 166: 0.070822ms
 167: 0.071777ms
 168: 0.110080ms
 169: 0.077859ms
 170: 0.077176ms
 171: 0.073308ms
 172: 0.080283ms
 173: 0.081356ms
 174: 0.073182ms
 175: 0.072915ms
 176: 0.075591ms
 177: 0.074837ms
 178: 0.102596ms
 179: 0.112435ms
 180: 0.073187ms
 181: 0.073967ms
 182: 0.075463ms
 183: 0.075005ms
 184: 0.072878ms
 185: 0.073221ms
 186: 0.120012ms
 187: 0.072861ms
 188: 0.145609ms
 189: 0.295443ms
 190: 0.142809ms
 191: 0.167903ms
 192: 0.171745ms
 193: 0.156161ms
 194: 0.165386ms
 195: 0.164154ms
 196: 0.198642ms
 197: 0.160985ms
 198: 0.442490ms
 199: 0.150786ms


Measurements
--------------------------
FFT Size            : 29^3
Threads             : 31
Batch               : 1
Iterations          : 200
Avg Tot Runtime     : 0.069409 ms
Runtime per batch   : 0.069409 ms
SD                  : 0.039414 ms
Q1                  : 0.054557 ms
Median              : 0.058820 ms
Q3                  : 0.066050 ms
