Expm 2: Streaming FFT

Printing individual runtimes:
 0: 0.172581ms
 1: 0.056656ms
 2: 0.064005ms
 3: 0.208493ms
 4: 0.067734ms
 5: 0.370608ms
 6: 0.062865ms
 7: 0.140337ms
 8: 0.060001ms
 9: 0.112467ms
 10: 0.060396ms
 11: 0.217405ms
 12: 0.070763ms
 13: 0.075667ms
 14: 0.163838ms
 15: 0.063738ms
 16: 0.073482ms
 17: 0.168575ms
 18: 0.071441ms
 19: 0.113710ms
 20: 0.060090ms
 21: 0.054830ms
 22: 0.063456ms
 23: 0.155334ms
 24: 0.066387ms
 25: 0.068236ms
 26: 0.065977ms
 27: 0.130851ms
 28: 0.065250ms
 29: 0.064863ms
 30: 0.068362ms
 31: 0.132965ms
 32: 0.082839ms
 33: 0.067450ms
 34: 0.234341ms
 35: 0.061072ms
 36: 0.067566ms
 37: 0.219869ms
 38: 0.083552ms
 39: 0.072325ms
 40: 0.084156ms
 41: 0.071038ms
 42: 0.164369ms
 43: 0.069961ms
 44: 0.072010ms
 45: 0.081836ms
 46: 0.068393ms
 47: 0.071833ms
 48: 0.079011ms
 49: 0.192666ms
 50: 0.066692ms
 51: 0.070975ms
 52: 0.085262ms
 53: 0.069548ms
 54: 0.127509ms
 55: 0.065109ms
 56: 0.067780ms
 57: 0.084584ms
 58: 0.072468ms
 59: 0.075980ms
 60: 0.077666ms
 61: 0.084490ms
 62: 0.080783ms
 63: 0.079881ms
 64: 0.082086ms
 65: 0.069564ms
 66: 0.067672ms
 67: 0.079129ms
 68: 0.081998ms
 69: 0.080031ms
 70: 0.082781ms
 71: 0.072490ms
 72: 0.073549ms
 73: 0.165636ms
 74: 0.078729ms
 75: 0.075419ms
 76: 0.080307ms
 77: 0.072042ms
 78: 0.138214ms
 79: 0.083538ms
 80: 0.070180ms
 81: 0.073088ms
 82: 0.067968ms
 83: 0.078710ms
 84: 0.076060ms
 85: 0.080030ms
 86: 0.066612ms
 87: 0.079888ms
 88: 0.077750ms
 89: 0.071057ms
 90: 0.075251ms
 91: 0.084506ms
 92: 0.071461ms
 93: 0.066347ms
 94: 0.074033ms
 95: 0.099115ms
 96: 0.057906ms
 97: 0.064832ms
 98: 0.060216ms
 99: 0.073988ms
 100: 0.076306ms
 101: 0.071182ms
 102: 0.210353ms
 103: 0.065067ms
 104: 0.068798ms
 105: 0.078358ms
 106: 0.075290ms
 107: 0.069226ms
 108: 0.079123ms
 109: 0.073511ms
 110: 0.081840ms
 111: 0.073896ms
 112: 0.070338ms
 113: 0.076900ms
 114: 0.082010ms
 115: 0.068368ms
 116: 0.074664ms
 117: 0.067137ms
 118: 0.072037ms
 119: 0.070052ms
 120: 0.074994ms
 121: 0.067598ms
 122: 0.076681ms
 123: 0.067999ms
 124: 0.084743ms
 125: 0.072012ms
 126: 0.070918ms
 127: 0.069582ms
 128: 0.067140ms
 129: 0.082519ms
 130: 0.069596ms
 131: 0.070122ms
 132: 0.073714ms
 133: 0.079628ms
 134: 0.072748ms
 135: 0.065056ms
 136: 0.076182ms
 137: 0.081747ms
 138: 0.171155ms
 139: 0.081535ms
 140: 0.075876ms
 141: 0.063962ms
 142: 0.070716ms
 143: 0.078836ms
 144: 0.072855ms
 145: 0.064442ms
 146: 0.071188ms
 147: 0.065541ms
 148: 0.070946ms
 149: 0.069964ms
 150: 0.179499ms
 151: 0.067387ms
 152: 0.067701ms
 153: 0.081617ms
 154: 0.070661ms
 155: 0.069996ms
 156: 0.056916ms
 157: 0.056503ms
 158: 0.073293ms
 159: 0.070895ms
 160: 0.072131ms
 161: 0.084913ms
 162: 0.066245ms
 163: 0.075006ms
 164: 0.063500ms
 165: 0.078666ms
 166: 0.080252ms
 167: 0.082658ms
 168: 0.075542ms
 169: 0.075146ms
 170: 0.081328ms
 171: 0.069315ms
 172: 0.079825ms
 173: 0.061954ms
 174: 0.065979ms
 175: 0.073712ms
 176: 0.070993ms
 177: 0.070211ms
 178: 0.068299ms
 179: 0.084162ms
 180: 0.079542ms
 181: 0.074161ms
 182: 0.074053ms
 183: 0.066489ms
 184: 0.078456ms
 185: 0.078696ms
 186: 0.081469ms
 187: 0.077840ms
 188: 0.084230ms
 189: 0.074140ms
 190: 0.084017ms
 191: 0.071410ms
 192: 0.073457ms
 193: 0.066650ms
 194: 0.076093ms
 195: 0.073400ms
 196: 0.068013ms
 197: 0.074592ms
 198: 0.074281ms
 199: 0.073784ms


-- Real : Q1: 50 Q2: 100 Q3: 150
-- Array: Q1: 49 Q2: 99 Q3: 149
Printing sorted runtimes:
 0: 0.065067ms
 1: 0.056656ms
 2: 0.064005ms
 3: 0.060216ms
 4: 0.064832ms
 5: 0.057906ms
 6: 0.062865ms
 7: 0.065056ms
 8: 0.060001ms
 9: 0.063962ms
 10: 0.060396ms
 11: 0.064442ms
 12: 0.056916ms
 13: 0.056503ms
 14: 0.061072ms
 15: 0.063738ms
 16: 0.063500ms
 17: 0.061954ms
 18: 0.064863ms
 19: 0.063456ms
 20: 0.060090ms
 21: 0.054830ms
 22: 0.067701ms
 23: 0.065109ms
 24: 0.066387ms
 25: 0.066692ms
 26: 0.065977ms
 27: 0.065979ms
 28: 0.065250ms
 29: 0.067387ms
 30: 0.065541ms
 31: 0.066347ms
 32: 0.066489ms
 33: 0.067450ms
 34: 0.067137ms
 35: 0.067672ms
 36: 0.067566ms
 37: 0.066245ms
 38: 0.066612ms
 39: 0.067598ms
 40: 0.066650ms
 41: 0.067140ms
 42: 0.068362ms
 43: 0.067999ms
 44: 0.068299ms
 45: 0.068013ms
 46: 0.068236ms
 47: 0.067968ms
 48: 0.067734ms
 49: 0.067780ms
 50: 0.068368ms
 51: 0.070211ms
 52: 0.068798ms
 53: 0.069548ms
 54: 0.068393ms
 55: 0.069226ms
 56: 0.069996ms
 57: 0.069315ms
 58: 0.070052ms
 59: 0.069964ms
 60: 0.070180ms
 61: 0.069582ms
 62: 0.069596ms
 63: 0.070122ms
 64: 0.069961ms
 65: 0.069564ms
 66: 0.070895ms
 67: 0.070716ms
 68: 0.070338ms
 69: 0.070661ms
 70: 0.070763ms
 71: 0.072131ms
 72: 0.072010ms
 73: 0.071182ms
 74: 0.071410ms
 75: 0.071188ms
 76: 0.070975ms
 77: 0.072042ms
 78: 0.071833ms
 79: 0.070918ms
 80: 0.070946ms
 81: 0.070993ms
 82: 0.071038ms
 83: 0.072012ms
 84: 0.071441ms
 85: 0.071461ms
 86: 0.071057ms
 87: 0.072037ms
 88: 0.073511ms
 89: 0.072490ms
 90: 0.073482ms
 91: 0.072748ms
 92: 0.072325ms
 93: 0.072855ms
 94: 0.073457ms
 95: 0.072468ms
 96: 0.073400ms
 97: 0.073293ms
 98: 0.073088ms
 99: 0.073549ms
 100: 0.073712ms
 101: 0.073784ms
 102: 0.073714ms
 103: 0.076306ms
 104: 0.074281ms
 105: 0.076182ms
 106: 0.075290ms
 107: 0.073988ms
 108: 0.074592ms
 109: 0.076093ms
 110: 0.074140ms
 111: 0.073896ms
 112: 0.074033ms
 113: 0.075876ms
 114: 0.075980ms
 115: 0.075006ms
 116: 0.074664ms
 117: 0.075251ms
 118: 0.075419ms
 119: 0.075542ms
 120: 0.074994ms
 121: 0.075667ms
 122: 0.075146ms
 123: 0.076060ms
 124: 0.074053ms
 125: 0.074161ms
 126: 0.080030ms
 127: 0.076681ms
 128: 0.078456ms
 129: 0.078666ms
 130: 0.077750ms
 131: 0.078696ms
 132: 0.077840ms
 133: 0.077666ms
 134: 0.076900ms
 135: 0.078358ms
 136: 0.079123ms
 137: 0.079888ms
 138: 0.078710ms
 139: 0.079542ms
 140: 0.079825ms
 141: 0.079628ms
 142: 0.079129ms
 143: 0.078836ms
 144: 0.079011ms
 145: 0.079881ms
 146: 0.078729ms
 147: 0.080307ms
 148: 0.080252ms
 149: 0.080031ms
 150: 0.080783ms
 151: 0.084584ms
 152: 0.127509ms
 153: 0.081617ms
 154: 0.085262ms
 155: 0.165636ms
 156: 0.084490ms
 157: 0.081836ms
 158: 0.164369ms
 159: 0.084156ms
 160: 0.083552ms
 161: 0.084913ms
 162: 0.099115ms
 163: 0.172581ms
 164: 0.140337ms
 165: 0.082519ms
 166: 0.082086ms
 167: 0.082658ms
 168: 0.081998ms
 169: 0.138214ms
 170: 0.081328ms
 171: 0.082839ms
 172: 0.082781ms
 173: 0.132965ms
 174: 0.130851ms
 175: 0.155334ms
 176: 0.113710ms
 177: 0.168575ms
 178: 0.163838ms
 179: 0.084162ms
 180: 0.081535ms
 181: 0.083538ms
 182: 0.084743ms
 183: 0.171155ms
 184: 0.081747ms
 185: 0.084506ms
 186: 0.081469ms
 187: 0.082010ms
 188: 0.084230ms
 189: 0.081840ms
 190: 0.084017ms
 191: 0.112467ms
 192: 0.217405ms
 193: 0.234341ms
 194: 0.219869ms
 195: 0.370608ms
 196: 0.208493ms
 197: 0.192666ms
 198: 0.210353ms
 199: 0.179499ms


Measurements
--------------------------
FFT Size            : 29^3
Threads             : 36
Batch               : 1
Iterations          : 200
Avg Tot Runtime     : 0.084300 ms
Runtime per batch   : 0.084300 ms
SD                  : 0.037800 ms
Q1                  : 0.067780 ms
Median              : 0.073630 ms
Q3                  : 0.080031 ms
