Expm 2: Streaming FFT

Printing individual runtimes:
 0: 0.194815ms
 1: 0.095185ms
 2: 0.101004ms
 3: 0.164831ms
 4: 0.093611ms
 5: 0.088327ms
 6: 0.085887ms
 7: 0.091965ms
 8: 0.091376ms
 9: 0.088574ms
 10: 0.165505ms
 11: 0.090360ms
 12: 0.087989ms
 13: 0.094405ms
 14: 0.162850ms
 15: 0.092120ms
 16: 0.110055ms
 17: 0.100194ms
 18: 0.104413ms
 19: 0.171400ms
 20: 0.095733ms
 21: 0.094431ms
 22: 0.184732ms
 23: 0.119258ms
 24: 0.113464ms
 25: 0.106695ms
 26: 0.101244ms
 27: 0.091986ms
 28: 0.109674ms
 29: 0.203003ms
 30: 0.094318ms
 31: 0.121100ms
 32: 0.092988ms
 33: 0.106828ms
 34: 0.096028ms
 35: 0.098547ms
 36: 0.096152ms
 37: 0.091954ms
 38: 0.096289ms
 39: 0.097640ms
 40: 0.090577ms
 41: 0.087618ms
 42: 0.112614ms
 43: 0.093129ms
 44: 0.114199ms
 45: 0.086706ms
 46: 0.086665ms
 47: 0.090698ms
 48: 0.110643ms
 49: 0.097801ms
 50: 0.088626ms
 51: 0.181659ms
 52: 0.095124ms
 53: 0.109842ms
 54: 0.097507ms
 55: 0.088874ms
 56: 0.092464ms
 57: 0.090153ms
 58: 0.184508ms
 59: 0.099983ms
 60: 0.095753ms
 61: 0.088361ms
 62: 0.090979ms
 63: 0.098658ms
 64: 0.087906ms
 65: 0.097704ms
 66: 0.086518ms
 67: 0.088173ms
 68: 0.119613ms
 69: 0.105241ms
 70: 0.088221ms
 71: 0.092414ms
 72: 0.100355ms
 73: 0.101085ms
 74: 0.110153ms
 75: 0.096687ms
 76: 0.104403ms
 77: 0.096065ms
 78: 0.088074ms
 79: 0.089365ms
 80: 0.087621ms
 81: 0.108478ms
 82: 0.094018ms
 83: 0.102370ms
 84: 0.091095ms
 85: 0.096824ms
 86: 0.100900ms
 87: 0.096903ms
 88: 0.087900ms
 89: 0.112509ms
 90: 0.090461ms
 91: 0.094676ms
 92: 0.099708ms
 93: 0.092279ms
 94: 0.111659ms
 95: 0.088277ms
 96: 0.089589ms
 97: 0.108279ms
 98: 0.110592ms
 99: 0.159968ms
 100: 0.105691ms
 101: 0.098405ms
 102: 0.086539ms
 103: 0.095579ms
 104: 0.101266ms
 105: 0.088546ms
 106: 0.099699ms
 107: 0.087644ms
 108: 0.103349ms
 109: 0.090499ms
 110: 0.086334ms
 111: 0.089237ms
 112: 0.094532ms
 113: 0.090743ms
 114: 0.087827ms
 115: 0.088355ms
 116: 0.103849ms
 117: 0.107804ms
 118: 0.096338ms
 119: 0.085982ms
 120: 0.093175ms
 121: 0.086303ms
 122: 0.106554ms
 123: 0.109231ms
 124: 0.089366ms
 125: 0.106560ms
 126: 0.108656ms
 127: 0.107438ms
 128: 0.101795ms
 129: 0.098261ms
 130: 0.106678ms
 131: 0.090304ms
 132: 0.103686ms
 133: 0.099588ms
 134: 0.110384ms
 135: 0.087686ms
 136: 0.091905ms
 137: 0.086602ms
 138: 0.094362ms
 139: 0.088515ms
 140: 0.096157ms
 141: 0.096226ms
 142: 0.092625ms
 143: 0.087181ms
 144: 0.096087ms
 145: 0.089983ms
 146: 0.097340ms
 147: 0.087994ms
 148: 0.085636ms
 149: 0.094494ms
 150: 0.087714ms
 151: 0.087298ms
 152: 0.110449ms
 153: 0.108856ms
 154: 0.111725ms
 155: 0.098486ms
 156: 0.088608ms
 157: 0.087847ms
 158: 0.096775ms
 159: 0.105221ms
 160: 0.086535ms
 161: 0.103373ms
 162: 0.096290ms
 163: 0.096117ms
 164: 0.105864ms
 165: 0.097788ms
 166: 0.090190ms
 167: 0.103838ms
 168: 0.087019ms
 169: 0.111046ms
 170: 0.104075ms
 171: 0.092407ms
 172: 0.088250ms
 173: 0.089944ms
 174: 0.085240ms
 175: 0.122504ms
 176: 0.160877ms
 177: 0.097132ms
 178: 0.107878ms
 179: 0.114626ms
 180: 0.104318ms
 181: 0.100616ms
 182: 0.089324ms
 183: 0.100557ms
 184: 0.089221ms
 185: 0.107704ms
 186: 0.086757ms
 187: 0.091019ms
 188: 0.088138ms
 189: 0.099775ms
 190: 0.094727ms
 191: 0.091853ms
 192: 0.096299ms
 193: 0.086689ms
 194: 0.101728ms
 195: 0.101483ms
 196: 0.093567ms
 197: 0.106807ms
 198: 0.091961ms
 199: 0.111623ms


-- Real : Q1: 50 Q2: 100 Q3: 150
-- Array: Q1: 49 Q2: 99 Q3: 149
Printing sorted runtimes:
 0: 0.087298ms
 1: 0.087019ms
 2: 0.086539ms
 3: 0.086334ms
 4: 0.086518ms
 5: 0.085240ms
 6: 0.085887ms
 7: 0.085982ms
 8: 0.086303ms
 9: 0.086535ms
 10: 0.086665ms
 11: 0.086706ms
 12: 0.086602ms
 13: 0.086757ms
 14: 0.087181ms
 15: 0.086689ms
 16: 0.085636ms
 17: 0.089944ms
 18: 0.088173ms
 19: 0.089237ms
 20: 0.087900ms
 21: 0.088277ms
 22: 0.089589ms
 23: 0.088221ms
 24: 0.087906ms
 25: 0.088515ms
 26: 0.088361ms
 27: 0.087621ms
 28: 0.088138ms
 29: 0.087827ms
 30: 0.089365ms
 31: 0.088074ms
 32: 0.087714ms
 33: 0.089221ms
 34: 0.087989ms
 35: 0.088355ms
 36: 0.087686ms
 37: 0.088327ms
 38: 0.088874ms
 39: 0.088608ms
 40: 0.087994ms
 41: 0.087618ms
 42: 0.087847ms
 43: 0.088546ms
 44: 0.089324ms
 45: 0.088250ms
 46: 0.087644ms
 47: 0.088626ms
 48: 0.089366ms
 49: 0.088574ms
 50: 0.089983ms
 51: 0.096117ms
 52: 0.090304ms
 53: 0.090190ms
 54: 0.090577ms
 55: 0.090743ms
 56: 0.090499ms
 57: 0.090360ms
 58: 0.090461ms
 59: 0.090698ms
 60: 0.091019ms
 61: 0.091095ms
 62: 0.090979ms
 63: 0.091376ms
 64: 0.091905ms
 65: 0.091853ms
 66: 0.091954ms
 67: 0.091961ms
 68: 0.091965ms
 69: 0.093611ms
 70: 0.094532ms
 71: 0.092414ms
 72: 0.092464ms
 73: 0.093175ms
 74: 0.095124ms
 75: 0.093567ms
 76: 0.093129ms
 77: 0.092988ms
 78: 0.094405ms
 79: 0.094318ms
 80: 0.091986ms
 81: 0.092407ms
 82: 0.094018ms
 83: 0.094362ms
 84: 0.094727ms
 85: 0.092625ms
 86: 0.094431ms
 87: 0.095185ms
 88: 0.094494ms
 89: 0.092279ms
 90: 0.092120ms
 91: 0.094676ms
 92: 0.096087ms
 93: 0.095733ms
 94: 0.096028ms
 95: 0.090153ms
 96: 0.095753ms
 97: 0.095579ms
 98: 0.096065ms
 99: 0.096152ms
 100: 0.096157ms
 101: 0.096289ms
 102: 0.096226ms
 103: 0.100557ms
 104: 0.097640ms
 105: 0.096775ms
 106: 0.096903ms
 107: 0.096687ms
 108: 0.096299ms
 109: 0.097132ms
 110: 0.097507ms
 111: 0.096338ms
 112: 0.097704ms
 113: 0.096290ms
 114: 0.096824ms
 115: 0.097788ms
 116: 0.099983ms
 117: 0.098658ms
 118: 0.098547ms
 119: 0.100355ms
 120: 0.098486ms
 121: 0.099699ms
 122: 0.099775ms
 123: 0.097801ms
 124: 0.099588ms
 125: 0.098405ms
 126: 0.099708ms
 127: 0.097340ms
 128: 0.100194ms
 129: 0.098261ms
 130: 0.104318ms
 131: 0.101244ms
 132: 0.100900ms
 133: 0.100616ms
 134: 0.101085ms
 135: 0.101483ms
 136: 0.101004ms
 137: 0.103686ms
 138: 0.101795ms
 139: 0.103373ms
 140: 0.101266ms
 141: 0.103849ms
 142: 0.103349ms
 143: 0.104075ms
 144: 0.101728ms
 145: 0.102370ms
 146: 0.103838ms
 147: 0.105221ms
 148: 0.104403ms
 149: 0.104413ms
 150: 0.105241ms
 151: 0.105691ms
 152: 0.110449ms
 153: 0.108856ms
 154: 0.111725ms
 155: 0.110384ms
 156: 0.106678ms
 157: 0.107438ms
 158: 0.108656ms
 159: 0.106560ms
 160: 0.109231ms
 161: 0.106554ms
 162: 0.107804ms
 163: 0.194815ms
 164: 0.105864ms
 165: 0.159968ms
 166: 0.110592ms
 167: 0.108279ms
 168: 0.111659ms
 169: 0.111046ms
 170: 0.112509ms
 171: 0.108478ms
 172: 0.110153ms
 173: 0.119613ms
 174: 0.184508ms
 175: 0.122504ms
 176: 0.160877ms
 177: 0.109842ms
 178: 0.107878ms
 179: 0.114626ms
 180: 0.181659ms
 181: 0.110643ms
 182: 0.114199ms
 183: 0.112614ms
 184: 0.106828ms
 185: 0.107704ms
 186: 0.121100ms
 187: 0.203003ms
 188: 0.109674ms
 189: 0.106695ms
 190: 0.113464ms
 191: 0.119258ms
 192: 0.184732ms
 193: 0.171400ms
 194: 0.110055ms
 195: 0.162850ms
 196: 0.165505ms
 197: 0.106807ms
 198: 0.164831ms
 199: 0.111623ms


Measurements
--------------------------
FFT Size            : 29^3
Threads             : 25
Batch               : 1
Iterations          : 200
Avg Tot Runtime     : 0.101366 ms
Runtime per batch   : 0.101366 ms
SD                  : 0.020077 ms
Q1                  : 0.088574 ms
Median              : 0.096154 ms
Q3                  : 0.104413 ms
