Expm 2: Streaming FFTW
FFTW Plan: Patient
-- Cannot import wisdom from ../../wisdom/singlenode/all/41/fftw_41_t38_b1.patient
-- Exporting wisdom file to ../../wisdom/singlenode/all/41/fftw_41_t38_b1.patient
Iteration: 0, 1, 2, 3, 4, 5, 6, 7, 8, 9, 10, 11, 12, 13, 14, 15, 16, 17, 18, 19, 20, 21, 22, 23, 24, 25, 26, 27, 28, 29, 30, 31, 32, 33, 34, 35, 36, 37, 38, 39, 40, 41, 42, 43, 44, 45, 46, 47, 48, 49, 
Printing individual runtimes:
 0: 0.303875ms
 1: 0.217796ms
 2: 0.279665ms
 3: 0.267335ms
 4: 0.281438ms
 5: 0.280741ms
 6: 0.277002ms
 7: 0.283814ms
 8: 0.284919ms
 9: 0.289540ms
 10: 0.276184ms
 11: 0.439265ms
 12: 0.276384ms
 13: 0.303661ms
 14: 0.263416ms
 15: 0.255008ms
 16: 0.253406ms
 17: 0.274770ms
 18: 1.416314ms
 19: 0.276220ms
 20: 0.291521ms
 21: 0.267784ms
 22: 0.271250ms
 23: 0.275638ms
 24: 0.276192ms
 25: 0.275083ms
 26: 0.260355ms
 27: 0.316678ms
 28: 0.269035ms
 29: 0.276343ms
 30: 0.287580ms
 31: 0.283791ms
 32: 0.280132ms
 33: 0.250136ms
 34: 0.278975ms
 35: 0.271684ms
 36: 0.278048ms
 37: 0.277243ms
 38: 0.278483ms
 39: 0.287211ms
 40: 0.278465ms
 41: 0.256029ms
 42: 0.265207ms
 43: 0.262445ms
 44: 0.256460ms
 45: 0.298896ms
 46: 0.264128ms
 47: 0.281939ms
 48: 0.262714ms
 49: 0.268515ms


Measurements
--------------------------
FFT Size            : 41^3
Threads             : 38
Batch               : 1
Iterations          : 50
Avg Tot Runtime     : 0.300974 ms
Runtime per batch   : 0.300974 ms
SD                  : 0.161718 ms
Throughput          : 0.009146 GFLOPs
Plan Time           : 17.572573 sec
