Expm 2: Streaming FFTW
FFTW Plan: Patient
-- Cannot import wisdom from ../../wisdom/singlenode/all/41/fftw_41_t37_b1.patient
-- Exporting wisdom file to ../../wisdom/singlenode/all/41/fftw_41_t37_b1.patient
Iteration: 0, 1, 2, 3, 4, 5, 6, 7, 8, 9, 10, 11, 12, 13, 14, 15, 16, 17, 18, 19, 20, 21, 22, 23, 24, 25, 26, 27, 28, 29, 30, 31, 32, 33, 34, 35, 36, 37, 38, 39, 40, 41, 42, 43, 44, 45, 46, 47, 48, 49, 
Printing individual runtimes:
 0: 0.304315ms
 1: 0.341089ms
 2: 0.286296ms
 3: 0.289851ms
 4: 0.294367ms
 5: 0.281786ms
 6: 0.267458ms
 7: 0.290749ms
 8: 0.319086ms
 9: 0.282942ms
 10: 0.419121ms
 11: 0.249934ms
 12: 0.353373ms
 13: 0.271256ms
 14: 0.252588ms
 15: 0.232334ms
 16: 0.257936ms
 17: 0.247099ms
 18: 0.237287ms
 19: 0.238520ms
 20: 0.241809ms
 21: 0.240145ms
 22: 1.346486ms
 23: 0.257072ms
 24: 0.240288ms
 25: 0.232659ms
 26: 0.252503ms
 27: 0.253336ms
 28: 1.480434ms
 29: 0.225436ms
 30: 0.235139ms
 31: 0.231276ms
 32: 0.242735ms
 33: 0.242221ms
 34: 0.245402ms
 35: 0.231731ms
 36: 0.237480ms
 37: 0.254975ms
 38: 0.251640ms
 39: 0.230233ms
 40: 0.370370ms
 41: 0.284582ms
 42: 0.278355ms
 43: 0.281732ms
 44: 0.294334ms
 45: 0.279077ms
 46: 0.299337ms
 47: 0.284619ms
 48: 0.286602ms
 49: 0.292236ms


Measurements
--------------------------
FFT Size            : 41^3
Threads             : 37
Batch               : 1
Iterations          : 50
Avg Tot Runtime     : 0.316833 ms
Runtime per batch   : 0.316833 ms
SD                  : 0.227517 ms
Throughput          : 0.009344 GFLOPs
Plan Time           : 18.393522 sec
