Expm 2: Streaming FFTW
FFTW Plan: Patient
-- Cannot import wisdom from ../../wisdom/singlenode/all/41/fftw_41_t40_b1.patient
-- Exporting wisdom file to ../../wisdom/singlenode/all/41/fftw_41_t40_b1.patient
Iteration: 0, 1, 2, 3, 4, 5, 6, 7, 8, 9, 10, 11, 12, 13, 14, 15, 16, 17, 18, 19, 20, 21, 22, 23, 24, 25, 26, 27, 28, 29, 30, 31, 32, 33, 34, 35, 36, 37, 38, 39, 40, 41, 42, 43, 44, 45, 46, 47, 48, 49, 
Printing individual runtimes:
 0: 0.616165ms
 1: 0.223437ms
 2: 0.269692ms
 3: 0.276026ms
 4: 0.278745ms
 5: 0.276081ms
 6: 0.456541ms
 7: 0.275912ms
 8: 0.256245ms
 9: 0.342903ms
 10: 0.271712ms
 11: 0.271893ms
 12: 0.273833ms
 13: 0.253160ms
 14: 0.271971ms
 15: 0.271716ms
 16: 0.284845ms
 17: 1.250071ms
 18: 0.290936ms
 19: 0.279685ms
 20: 0.272595ms
 21: 0.278916ms
 22: 0.257869ms
 23: 0.298389ms
 24: 0.288168ms
 25: 0.278884ms
 26: 0.252321ms
 27: 0.277248ms
 28: 0.298827ms
 29: 0.279161ms
 30: 0.266946ms
 31: 0.262844ms
 32: 0.276001ms
 33: 0.288204ms
 34: 0.274429ms
 35: 0.271790ms
 36: 0.275926ms
 37: 0.270919ms
 38: 0.298798ms
 39: 0.271902ms
 40: 0.271337ms
 41: 0.268447ms
 42: 0.281534ms
 43: 0.261185ms
 44: 0.269709ms
 45: 0.268683ms
 46: 0.274832ms
 47: 0.281518ms
 48: 0.260199ms
 49: 0.274962ms


Measurements
--------------------------
FFT Size            : 41^3
Threads             : 40
Batch               : 1
Iterations          : 50
Avg Tot Runtime     : 0.304882 ms
Runtime per batch   : 0.304882 ms
SD                  : 0.146136 ms
Throughput          : 0.009281 GFLOPs
Plan Time           : 18.381739 sec
