Expm 2: Streaming FFTW
FFTW Plan: Patient
-- Cannot import wisdom from ../../wisdom/singlenode/all/298/fftw_298_t39_b1.patient
-- Exporting wisdom file to ../../wisdom/singlenode/all/298/fftw_298_t39_b1.patient
Iteration: 0, 1, 2, 3, 4, 5, 6, 7, 8, 9, 10, 11, 12, 13, 14, 15, 16, 17, 18, 19, 20, 21, 22, 23, 24, 25, 26, 27, 28, 29, 30, 31, 32, 33, 34, 35, 36, 37, 38, 39, 40, 41, 42, 43, 44, 45, 46, 47, 48, 49, 
Printing individual runtimes:
 0: 101.897279ms
 1: 67.930251ms
 2: 68.059798ms
 3: 40.530777ms
 4: 39.477524ms
 5: 39.914049ms
 6: 40.554950ms
 7: 40.705392ms
 8: 40.176525ms
 9: 40.998424ms
 10: 39.395807ms
 11: 41.024895ms
 12: 46.637714ms
 13: 43.746535ms
 14: 41.454506ms
 15: 41.048940ms
 16: 56.964489ms
 17: 43.156749ms
 18: 42.159315ms
 19: 39.295717ms
 20: 39.695100ms
 21: 38.667582ms
 22: 39.092972ms
 23: 40.721795ms
 24: 40.525644ms
 25: 37.774076ms
 26: 47.427761ms
 27: 39.270793ms
 28: 55.087000ms
 29: 39.527903ms
 30: 40.304042ms
 31: 40.679974ms
 32: 40.286616ms
 33: 40.765361ms
 34: 39.605039ms
 35: 40.347831ms
 36: 40.674617ms
 37: 40.370310ms
 38: 39.189116ms
 39: 46.464117ms
 40: 40.028533ms
 41: 40.455729ms
 42: 46.940401ms
 43: 39.868327ms
 44: 38.203506ms
 45: 41.373831ms
 46: 40.137594ms
 47: 38.907568ms
 48: 40.266625ms
 49: 40.250664ms


Measurements
--------------------------
FFT Size            : 298^3
Threads             : 39
Batch               : 1
Iterations          : 50
Avg Tot Runtime     : 43.760801 ms
Runtime per batch   : 43.760801 ms
SD                  : 10.441227 ms
Throughput          : 3.573651 GFLOPs
Plan Time           : 135.017814 sec
