Expm 2: Streaming FFTW
FFTW Plan: Patient
-- Cannot import wisdom from ../../wisdom/singlenode/all/478/fftw_478_t37_b1.patient
-- Exporting wisdom file to ../../wisdom/singlenode/all/478/fftw_478_t37_b1.patient
Iteration: 0, 1, 2, 3, 4, 5, 6, 7, 8, 9, 10, 11, 12, 13, 14, 15, 16, 17, 18, 19, 20, 21, 22, 23, 24, 25, 26, 27, 28, 29, 30, 31, 32, 33, 34, 35, 36, 37, 38, 39, 40, 41, 42, 43, 44, 45, 46, 47, 48, 49, 
Printing individual runtimes:
 0: 166.367525ms
 1: 165.601470ms
 2: 182.075026ms
 3: 170.153918ms
 4: 177.987066ms
 5: 176.891885ms
 6: 178.787870ms
 7: 173.731906ms
 8: 171.012782ms
 9: 182.141401ms
 10: 175.770364ms
 11: 178.080406ms
 12: 171.370430ms
 13: 176.364082ms
 14: 179.806880ms
 15: 168.587385ms
 16: 162.984123ms
 17: 169.736875ms
 18: 215.310790ms
 19: 284.068160ms
 20: 171.385475ms
 21: 170.253935ms
 22: 198.301124ms
 23: 172.367107ms
 24: 171.678425ms
 25: 172.694568ms
 26: 171.611682ms
 27: 170.955624ms
 28: 235.201928ms
 29: 172.193832ms
 30: 170.874116ms
 31: 171.994810ms
 32: 172.925314ms
 33: 170.437687ms
 34: 170.665699ms
 35: 170.176064ms
 36: 169.140607ms
 37: 172.247752ms
 38: 169.683518ms
 39: 267.566791ms
 40: 206.019032ms
 41: 169.713044ms
 42: 170.147848ms
 43: 173.313433ms
 44: 169.136469ms
 45: 170.623286ms
 46: 172.042717ms
 47: 169.730846ms
 48: 170.712988ms
 49: 168.649345ms


Measurements
--------------------------
FFT Size            : 478^3
Threads             : 37
Batch               : 1
Iterations          : 50
Avg Tot Runtime     : 179.585508 ms
Runtime per batch   : 179.585508 ms
SD                  : 23.333126 ms
Throughput          : 13.637068 GFLOPs
Plan Time           : 537.792160 sec
