Expm 2: Streaming FFTW
FFTW Plan: Patient
-- Cannot import wisdom from ../../wisdom/singlenode/all/478/fftw_478_t40_b1.patient
-- Exporting wisdom file to ../../wisdom/singlenode/all/478/fftw_478_t40_b1.patient
Iteration: 0, 1, 2, 3, 4, 5, 6, 7, 8, 9, 10, 11, 12, 13, 14, 15, 16, 17, 18, 19, 20, 21, 22, 23, 24, 25, 26, 27, 28, 29, 30, 31, 32, 33, 34, 35, 36, 37, 38, 39, 40, 41, 42, 43, 44, 45, 46, 47, 48, 49, 
Printing individual runtimes:
 0: 156.818201ms
 1: 151.884511ms
 2: 238.793490ms
 3: 145.808381ms
 4: 159.440473ms
 5: 157.201936ms
 6: 155.921109ms
 7: 151.653791ms
 8: 159.853483ms
 9: 159.065828ms
 10: 165.298910ms
 11: 151.826164ms
 12: 151.955293ms
 13: 152.717516ms
 14: 151.449555ms
 15: 304.877899ms
 16: 240.434549ms
 17: 214.740652ms
 18: 152.330437ms
 19: 232.073111ms
 20: 233.864005ms
 21: 240.577831ms
 22: 152.136661ms
 23: 240.322733ms
 24: 156.877264ms
 25: 151.452806ms
 26: 236.830649ms
 27: 155.672801ms
 28: 138.297346ms
 29: 237.756489ms
 30: 149.744582ms
 31: 152.837619ms
 32: 149.464832ms
 33: 237.680536ms
 34: 159.183558ms
 35: 156.260140ms
 36: 161.961009ms
 37: 161.324510ms
 38: 159.408926ms
 39: 152.678450ms
 40: 154.419250ms
 41: 154.916359ms
 42: 156.669668ms
 43: 156.505108ms
 44: 236.765700ms
 45: 227.996770ms
 46: 150.433483ms
 47: 150.831748ms
 48: 147.893964ms
 49: 236.826242ms


Measurements
--------------------------
FFT Size            : 478^3
Threads             : 40
Batch               : 1
Iterations          : 50
Avg Tot Runtime     : 178.234727 ms
Runtime per batch   : 178.234727 ms
SD                  : 40.032940 ms
Throughput          : 13.637068 GFLOPs
Plan Time           : 526.874088 sec
