Expm 2: Streaming FFT

Printing individual runtimes:
 0: 0.554018ms
 1: 0.357969ms
 2: 0.402555ms
 3: 0.641519ms
 4: 0.363338ms
 5: 1.049521ms
 6: 0.391639ms
 7: 0.513682ms
 8: 0.359994ms
 9: 0.355973ms
 10: 0.353886ms
 11: 0.485695ms
 12: 0.356049ms
 13: 0.384645ms
 14: 0.525460ms
 15: 0.366765ms
 16: 0.613927ms
 17: 0.357991ms
 18: 0.399150ms
 19: 0.500329ms
 20: 0.379330ms
 21: 0.375814ms
 22: 0.479249ms
 23: 0.388120ms
 24: 0.381768ms
 25: 0.396218ms
 26: 0.389064ms
 27: 0.371528ms
 28: 0.386758ms
 29: 0.497222ms
 30: 0.357227ms
 31: 0.404328ms
 32: 0.589110ms
 33: 0.380780ms
 34: 0.391261ms
 35: 0.393369ms
 36: 0.388919ms
 37: 0.373538ms
 38: 0.384883ms
 39: 0.390486ms
 40: 0.390693ms
 41: 0.355832ms
 42: 0.375810ms
 43: 0.393057ms
 44: 0.509273ms
 45: 0.391619ms
 46: 0.395577ms
 47: 0.380873ms
 48: 0.378227ms
 49: 0.358362ms
 50: 0.506738ms
 51: 0.368461ms
 52: 0.393295ms
 53: 0.394443ms
 54: 0.377383ms
 55: 0.411514ms
 56: 0.383082ms
 57: 0.376101ms
 58: 0.399780ms
 59: 0.373308ms
 60: 0.380488ms
 61: 0.495865ms
 62: 0.385498ms
 63: 0.355681ms
 64: 0.407051ms
 65: 0.384721ms
 66: 0.384891ms
 67: 0.439344ms
 68: 0.362524ms
 69: 0.401075ms
 70: 0.397820ms
 71: 0.389955ms
 72: 0.385512ms
 73: 0.358081ms
 74: 0.394594ms
 75: 0.388360ms
 76: 0.384689ms
 77: 0.381064ms
 78: 0.393557ms
 79: 0.401561ms
 80: 0.384917ms
 81: 0.381384ms
 82: 0.389219ms
 83: 0.379677ms
 84: 0.387122ms
 85: 0.393511ms
 86: 0.396127ms
 87: 0.506575ms
 88: 0.368239ms
 89: 0.390267ms
 90: 0.399884ms
 91: 0.380624ms
 92: 0.390045ms
 93: 0.359770ms
 94: 0.374906ms
 95: 0.401238ms
 96: 0.378404ms
 97: 0.380970ms
 98: 0.383822ms
 99: 0.376415ms
 100: 0.358032ms
 101: 0.358768ms
 102: 0.392932ms
 103: 0.386462ms
 104: 0.381173ms
 105: 0.375125ms
 106: 0.388508ms
 107: 0.384689ms
 108: 0.394983ms
 109: 0.387527ms
 110: 0.374772ms
 111: 0.358275ms
 112: 0.358878ms
 113: 0.357992ms
 114: 0.400230ms
 115: 0.359845ms
 116: 0.378909ms
 117: 0.385940ms
 118: 0.380196ms
 119: 0.388148ms
 120: 0.360758ms
 121: 0.357491ms
 122: 0.400042ms
 123: 0.401160ms
 124: 0.406246ms
 125: 0.400436ms
 126: 0.397676ms
 127: 2.142040ms
 128: 0.400766ms
 129: 0.388358ms
 130: 0.354997ms
 131: 0.382259ms
 132: 0.438818ms
 133: 0.380262ms
 134: 0.392761ms
 135: 0.390218ms
 136: 0.404873ms
 137: 0.382321ms
 138: 0.390493ms
 139: 0.377055ms
 140: 0.379924ms
 141: 0.387141ms
 142: 0.353920ms
 143: 0.360823ms
 144: 0.389195ms
 145: 0.485625ms
 146: 0.399141ms
 147: 0.385085ms
 148: 0.422248ms
 149: 0.392219ms
 150: 0.381582ms
 151: 0.397522ms
 152: 0.375873ms
 153: 0.358140ms
 154: 0.367104ms
 155: 0.378865ms
 156: 0.352361ms
 157: 0.382825ms
 158: 0.388027ms
 159: 0.379542ms
 160: 0.382955ms
 161: 0.384754ms
 162: 0.384535ms
 163: 0.352056ms
 164: 0.377229ms
 165: 0.352590ms
 166: 0.383262ms
 167: 0.394313ms
 168: 0.392327ms
 169: 0.353994ms
 170: 0.355802ms
 171: 0.377708ms
 172: 0.390696ms
 173: 0.381274ms
 174: 0.377029ms
 175: 0.354688ms
 176: 0.354655ms
 177: 0.375839ms
 178: 0.378429ms
 179: 0.357263ms
 180: 0.385750ms
 181: 0.408611ms
 182: 0.403166ms
 183: 0.525286ms
 184: 0.399015ms
 185: 0.383761ms
 186: 0.385195ms
 187: 0.382852ms
 188: 0.382010ms
 189: 0.364867ms
 190: 0.360626ms
 191: 0.393311ms
 192: 0.382262ms
 193: 0.398453ms
 194: 0.387728ms
 195: 0.392861ms
 196: 0.384563ms
 197: 0.381769ms
 198: 0.372264ms
 199: 0.401721ms


-- Real : Q1: 50 Q2: 100 Q3: 150
-- Array: Q1: 49 Q2: 99 Q3: 149
Printing sorted runtimes:
 0: 0.358032ms
 1: 0.357969ms
 2: 0.357263ms
 3: 0.354655ms
 4: 0.354688ms
 5: 0.355802ms
 6: 0.353994ms
 7: 0.352590ms
 8: 0.352056ms
 9: 0.355973ms
 10: 0.353886ms
 11: 0.352361ms
 12: 0.356049ms
 13: 0.353920ms
 14: 0.354997ms
 15: 0.357491ms
 16: 0.357992ms
 17: 0.357991ms
 18: 0.355681ms
 19: 0.355832ms
 20: 0.357227ms
 21: 0.375814ms
 22: 0.373308ms
 23: 0.360626ms
 24: 0.359994ms
 25: 0.367104ms
 26: 0.358140ms
 27: 0.371528ms
 28: 0.364867ms
 29: 0.372264ms
 30: 0.362524ms
 31: 0.363338ms
 32: 0.360823ms
 33: 0.368461ms
 34: 0.358081ms
 35: 0.366765ms
 36: 0.360758ms
 37: 0.373538ms
 38: 0.359845ms
 39: 0.358878ms
 40: 0.358275ms
 41: 0.374772ms
 42: 0.375810ms
 43: 0.375125ms
 44: 0.358768ms
 45: 0.358362ms
 46: 0.374906ms
 47: 0.359770ms
 48: 0.368239ms
 49: 0.375839ms
 50: 0.375873ms
 51: 0.379677ms
 52: 0.377029ms
 53: 0.376415ms
 54: 0.377383ms
 55: 0.377229ms
 56: 0.377708ms
 57: 0.376101ms
 58: 0.378909ms
 59: 0.377055ms
 60: 0.378429ms
 61: 0.378404ms
 62: 0.378227ms
 63: 0.379330ms
 64: 0.378865ms
 65: 0.379542ms
 66: 0.382955ms
 67: 0.381768ms
 68: 0.380196ms
 69: 0.381173ms
 70: 0.382825ms
 71: 0.381274ms
 72: 0.382259ms
 73: 0.382262ms
 74: 0.382852ms
 75: 0.381582ms
 76: 0.380488ms
 77: 0.381064ms
 78: 0.380970ms
 79: 0.380262ms
 80: 0.382321ms
 81: 0.381384ms
 82: 0.381769ms
 83: 0.380873ms
 84: 0.380780ms
 85: 0.380624ms
 86: 0.379924ms
 87: 0.382010ms
 88: 0.384754ms
 89: 0.383082ms
 90: 0.384645ms
 91: 0.384563ms
 92: 0.384689ms
 93: 0.383761ms
 94: 0.383262ms
 95: 0.384721ms
 96: 0.384535ms
 97: 0.384689ms
 98: 0.383822ms
 99: 0.384883ms
 100: 0.384891ms
 101: 0.388360ms
 102: 0.385085ms
 103: 0.385195ms
 104: 0.385498ms
 105: 0.385512ms
 106: 0.385750ms
 107: 0.388027ms
 108: 0.386462ms
 109: 0.387527ms
 110: 0.387728ms
 111: 0.386758ms
 112: 0.385940ms
 113: 0.388120ms
 114: 0.387122ms
 115: 0.387141ms
 116: 0.384917ms
 117: 0.388358ms
 118: 0.388148ms
 119: 0.393295ms
 120: 0.388919ms
 121: 0.390693ms
 122: 0.391639ms
 123: 0.392861ms
 124: 0.389955ms
 125: 0.388508ms
 126: 0.389064ms
 127: 0.392219ms
 128: 0.390696ms
 129: 0.390486ms
 130: 0.393057ms
 131: 0.392932ms
 132: 0.391619ms
 133: 0.392327ms
 134: 0.392761ms
 135: 0.390218ms
 136: 0.391261ms
 137: 0.389219ms
 138: 0.390493ms
 139: 0.390045ms
 140: 0.389195ms
 141: 0.390267ms
 142: 0.393511ms
 143: 0.393311ms
 144: 0.393369ms
 145: 0.394443ms
 146: 0.393557ms
 147: 0.394313ms
 148: 0.394594ms
 149: 0.394983ms
 150: 0.395577ms
 151: 0.397522ms
 152: 0.396127ms
 153: 0.397676ms
 154: 0.396218ms
 155: 0.397820ms
 156: 0.398453ms
 157: 0.400436ms
 158: 0.400042ms
 159: 0.399884ms
 160: 0.400230ms
 161: 0.399150ms
 162: 0.399015ms
 163: 0.399780ms
 164: 0.399141ms
 165: 0.400766ms
 166: 0.401160ms
 167: 0.401238ms
 168: 0.401561ms
 169: 0.401075ms
 170: 0.401721ms
 171: 0.479249ms
 172: 0.404328ms
 173: 0.411514ms
 174: 0.422248ms
 175: 0.407051ms
 176: 0.439344ms
 177: 0.404873ms
 178: 0.438818ms
 179: 0.402555ms
 180: 0.406246ms
 181: 0.408611ms
 182: 0.403166ms
 183: 0.525286ms
 184: 2.142040ms
 185: 0.525460ms
 186: 0.613927ms
 187: 0.554018ms
 188: 0.506575ms
 189: 0.641519ms
 190: 0.485625ms
 191: 0.495865ms
 192: 0.485695ms
 193: 0.506738ms
 194: 0.509273ms
 195: 0.500329ms
 196: 0.589110ms
 197: 0.513682ms
 198: 0.497222ms
 199: 1.049521ms


Measurements
--------------------------
FFT Size            : 67^3
Threads             : 35
Batch               : 1
Iterations          : 200
Avg Tot Runtime     : 0.405885 ms
Runtime per batch   : 0.405885 ms
SD                  : 0.138676 ms
Q1                  : 0.375839 ms
Median              : 0.384887 ms
Q3                  : 0.394983 ms
