Expm 2: Streaming FFT

Printing individual runtimes:
 0: 0.642924ms
 1: 0.537223ms
 2: 0.510775ms
 3: 0.727216ms
 4: 0.510913ms
 5: 1.368378ms
 6: 0.521441ms
 7: 0.515452ms
 8: 0.516044ms
 9: 0.613267ms
 10: 0.544812ms
 11: 0.560162ms
 12: 0.516839ms
 13: 0.567673ms
 14: 0.545862ms
 15: 0.541314ms
 16: 0.713013ms
 17: 0.538609ms
 18: 0.584281ms
 19: 0.510756ms
 20: 0.534562ms
 21: 0.673897ms
 22: 0.538651ms
 23: 0.512432ms
 24: 0.564743ms
 25: 0.532425ms
 26: 0.515459ms
 27: 0.542994ms
 28: 0.562440ms
 29: 0.523658ms
 30: 0.537547ms
 31: 0.665084ms
 32: 0.512813ms
 33: 0.513765ms
 34: 0.511084ms
 35: 0.580154ms
 36: 0.540133ms
 37: 0.513457ms
 38: 0.511434ms
 39: 0.547597ms
 40: 0.550599ms
 41: 0.514043ms
 42: 0.549978ms
 43: 0.637980ms
 44: 0.546094ms
 45: 0.553733ms
 46: 0.514812ms
 47: 0.552751ms
 48: 0.521474ms
 49: 0.543919ms
 50: 0.536129ms
 51: 0.573925ms
 52: 0.517176ms
 53: 0.519086ms
 54: 0.557728ms
 55: 0.534286ms
 56: 0.541225ms
 57: 0.541875ms
 58: 0.552756ms
 59: 0.538764ms
 60: 0.539899ms
 61: 0.560509ms
 62: 0.523640ms
 63: 0.558501ms
 64: 0.539190ms
 65: 0.665136ms
 66: 0.516551ms
 67: 0.539178ms
 68: 0.538359ms
 69: 0.533202ms
 70: 0.511209ms
 71: 0.578741ms
 72: 0.536130ms
 73: 0.509051ms
 74: 0.776095ms
 75: 0.540895ms
 76: 0.557974ms
 77: 0.513904ms
 78: 0.513635ms
 79: 0.517277ms
 80: 0.535422ms
 81: 0.612971ms
 82: 0.509844ms
 83: 0.553451ms
 84: 0.536195ms
 85: 0.523765ms
 86: 0.541180ms
 87: 0.517929ms
 88: 0.536413ms
 89: 0.545713ms
 90: 0.516586ms
 91: 0.547280ms
 92: 0.521243ms
 93: 0.541204ms
 94: 0.522989ms
 95: 0.562432ms
 96: 0.531187ms
 97: 0.564579ms
 98: 0.538714ms
 99: 0.556233ms
 100: 0.520183ms
 101: 0.511054ms
 102: 0.511721ms
 103: 0.542027ms
 104: 0.513806ms
 105: 0.540842ms
 106: 0.524981ms
 107: 0.539880ms
 108: 0.548339ms
 109: 0.517199ms
 110: 0.538619ms
 111: 0.563397ms
 112: 0.542580ms
 113: 0.540664ms
 114: 0.533979ms
 115: 0.540744ms
 116: 0.515339ms
 117: 0.521143ms
 118: 0.551318ms
 119: 0.535429ms
 120: 0.514541ms
 121: 0.517516ms
 122: 0.519106ms
 123: 0.551282ms
 124: 0.561744ms
 125: 0.580402ms
 126: 0.559573ms
 127: 0.533488ms
 128: 0.522284ms
 129: 0.518241ms
 130: 0.515843ms
 131: 0.531273ms
 132: 0.517428ms
 133: 0.518898ms
 134: 0.515847ms
 135: 0.558593ms
 136: 0.545001ms
 137: 0.549414ms
 138: 0.512013ms
 139: 0.516583ms
 140: 0.540090ms
 141: 0.521146ms
 142: 0.518166ms
 143: 0.530966ms
 144: 0.612396ms
 145: 0.561980ms
 146: 0.557056ms
 147: 0.538733ms
 148: 0.511062ms
 149: 0.509164ms
 150: 0.517137ms
 151: 0.536935ms
 152: 0.540033ms
 153: 0.544685ms
 154: 0.524861ms
 155: 0.509814ms
 156: 0.515708ms
 157: 0.531185ms
 158: 0.519895ms
 159: 0.533922ms
 160: 0.516147ms
 161: 0.540035ms
 162: 0.521047ms
 163: 0.542247ms
 164: 0.545260ms
 165: 0.519748ms
 166: 0.552936ms
 167: 0.531001ms
 168: 0.542613ms
 169: 0.539829ms
 170: 0.524794ms
 171: 0.518034ms
 172: 0.527256ms
 173: 0.515163ms
 174: 0.549872ms
 175: 0.550881ms
 176: 0.518651ms
 177: 0.559688ms
 178: 0.516647ms
 179: 0.527309ms
 180: 0.515465ms
 181: 0.510825ms
 182: 0.532499ms
 183: 0.536860ms
 184: 0.518350ms
 185: 0.508123ms
 186: 0.514206ms
 187: 0.511990ms
 188: 0.542184ms
 189: 0.514743ms
 190: 0.535699ms
 191: 0.754077ms
 192: 0.523281ms
 193: 0.519240ms
 194: 0.513513ms
 195: 0.534410ms
 196: 0.565914ms
 197: 0.515103ms
 198: 0.539143ms
 199: 0.540445ms


-- Real : Q1: 50 Q2: 100 Q3: 150
-- Array: Q1: 49 Q2: 99 Q3: 149
Printing sorted runtimes:
 0: 0.515103ms
 1: 0.509164ms
 2: 0.510775ms
 3: 0.513806ms
 4: 0.510913ms
 5: 0.513513ms
 6: 0.511062ms
 7: 0.509814ms
 8: 0.512013ms
 9: 0.511721ms
 10: 0.511054ms
 11: 0.511209ms
 12: 0.514812ms
 13: 0.514743ms
 14: 0.511990ms
 15: 0.514206ms
 16: 0.508123ms
 17: 0.509051ms
 18: 0.514541ms
 19: 0.510756ms
 20: 0.514043ms
 21: 0.513904ms
 22: 0.510825ms
 23: 0.512432ms
 24: 0.513635ms
 25: 0.511434ms
 26: 0.513457ms
 27: 0.509844ms
 28: 0.511084ms
 29: 0.513765ms
 30: 0.512813ms
 31: 0.516147ms
 32: 0.515163ms
 33: 0.515452ms
 34: 0.515708ms
 35: 0.516044ms
 36: 0.515847ms
 37: 0.515459ms
 38: 0.515339ms
 39: 0.515465ms
 40: 0.515843ms
 41: 0.517199ms
 42: 0.516586ms
 43: 0.516583ms
 44: 0.516551ms
 45: 0.517176ms
 46: 0.516839ms
 47: 0.517137ms
 48: 0.516647ms
 49: 0.517277ms
 50: 0.517428ms
 51: 0.519240ms
 52: 0.518350ms
 53: 0.518651ms
 54: 0.518241ms
 55: 0.517929ms
 56: 0.518166ms
 57: 0.518034ms
 58: 0.518898ms
 59: 0.519086ms
 60: 0.517516ms
 61: 0.519106ms
 62: 0.527309ms
 63: 0.524861ms
 64: 0.521146ms
 65: 0.523281ms
 66: 0.524981ms
 67: 0.520183ms
 68: 0.521143ms
 69: 0.522989ms
 70: 0.521474ms
 71: 0.519895ms
 72: 0.521441ms
 73: 0.521243ms
 74: 0.521047ms
 75: 0.523765ms
 76: 0.519748ms
 77: 0.522284ms
 78: 0.524794ms
 79: 0.527256ms
 80: 0.523640ms
 81: 0.523658ms
 82: 0.533922ms
 83: 0.531001ms
 84: 0.531185ms
 85: 0.531273ms
 86: 0.533488ms
 87: 0.532425ms
 88: 0.531187ms
 89: 0.530966ms
 90: 0.532499ms
 91: 0.533202ms
 92: 0.535422ms
 93: 0.534286ms
 94: 0.534562ms
 95: 0.533979ms
 96: 0.534410ms
 97: 0.535699ms
 98: 0.535429ms
 99: 0.536129ms
 100: 0.536130ms
 101: 0.540842ms
 102: 0.536413ms
 103: 0.536860ms
 104: 0.540445ms
 105: 0.537223ms
 106: 0.536935ms
 107: 0.539880ms
 108: 0.539143ms
 109: 0.538609ms
 110: 0.538619ms
 111: 0.538651ms
 112: 0.537547ms
 113: 0.540133ms
 114: 0.539829ms
 115: 0.540035ms
 116: 0.538714ms
 117: 0.540033ms
 118: 0.538764ms
 119: 0.539899ms
 120: 0.538733ms
 121: 0.539190ms
 122: 0.540090ms
 123: 0.539178ms
 124: 0.538359ms
 125: 0.536195ms
 126: 0.540664ms
 127: 0.540744ms
 128: 0.543919ms
 129: 0.541314ms
 130: 0.542027ms
 131: 0.540895ms
 132: 0.542184ms
 133: 0.542994ms
 134: 0.542580ms
 135: 0.542613ms
 136: 0.542247ms
 137: 0.541180ms
 138: 0.541225ms
 139: 0.541875ms
 140: 0.541204ms
 141: 0.547597ms
 142: 0.547280ms
 143: 0.545862ms
 144: 0.544812ms
 145: 0.546094ms
 146: 0.545001ms
 147: 0.545713ms
 148: 0.545260ms
 149: 0.544685ms
 150: 0.548339ms
 151: 0.549414ms
 152: 0.549978ms
 153: 0.549872ms
 154: 0.551282ms
 155: 0.552936ms
 156: 0.552756ms
 157: 0.551318ms
 158: 0.552751ms
 159: 0.550881ms
 160: 0.550599ms
 161: 0.553451ms
 162: 0.560162ms
 163: 0.553733ms
 164: 0.580402ms
 165: 0.573925ms
 166: 0.557728ms
 167: 0.564579ms
 168: 0.558593ms
 169: 0.556233ms
 170: 0.565914ms
 171: 0.559573ms
 172: 0.580154ms
 173: 0.567673ms
 174: 0.562432ms
 175: 0.557056ms
 176: 0.561744ms
 177: 0.559688ms
 178: 0.562440ms
 179: 0.578741ms
 180: 0.564743ms
 181: 0.563397ms
 182: 0.561980ms
 183: 0.560509ms
 184: 0.557974ms
 185: 0.558501ms
 186: 0.713013ms
 187: 0.584281ms
 188: 0.673897ms
 189: 0.665084ms
 190: 0.637980ms
 191: 0.754077ms
 192: 0.612396ms
 193: 0.613267ms
 194: 1.368378ms
 195: 0.727216ms
 196: 0.665136ms
 197: 0.642924ms
 198: 0.776095ms
 199: 0.612971ms


Measurements
--------------------------
FFT Size            : 67^3
Threads             : 32
Batch               : 1
Iterations          : 200
Avg Tot Runtime     : 0.545983 ms
Runtime per batch   : 0.545983 ms
SD                  : 0.070606 ms
Q1                  : 0.517277 ms
Median              : 0.536129 ms
Q3                  : 0.544685 ms
