Expm 2: Streaming FFT

Printing individual runtimes:
 0: 0.555676ms
 1: 0.407420ms
 2: 0.399116ms
 3: 0.630043ms
 4: 0.396468ms
 5: 1.454237ms
 6: 0.397086ms
 7: 0.522597ms
 8: 0.401273ms
 9: 0.401630ms
 10: 0.397488ms
 11: 0.474105ms
 12: 0.401956ms
 13: 0.398166ms
 14: 0.398417ms
 15: 0.555067ms
 16: 0.410255ms
 17: 0.397697ms
 18: 0.626912ms
 19: 0.401503ms
 20: 0.560929ms
 21: 0.409304ms
 22: 0.407808ms
 23: 0.510251ms
 24: 0.393964ms
 25: 0.400421ms
 26: 0.405470ms
 27: 0.398170ms
 28: 0.404208ms
 29: 0.399710ms
 30: 0.402961ms
 31: 0.497012ms
 32: 0.417007ms
 33: 0.389064ms
 34: 7.995311ms
 35: 0.363282ms
 36: 0.405231ms
 37: 0.400538ms
 38: 0.539056ms
 39: 0.383453ms
 40: 0.410474ms
 41: 0.394732ms
 42: 0.381239ms
 43: 0.380098ms
 44: 0.408853ms
 45: 0.403828ms
 46: 0.390140ms
 47: 0.383899ms
 48: 0.383741ms
 49: 0.394956ms
 50: 0.368271ms
 51: 0.355067ms
 52: 0.386125ms
 53: 0.363894ms
 54: 0.358585ms
 55: 0.445253ms
 56: 0.387749ms
 57: 0.406628ms
 58: 0.393696ms
 59: 0.388019ms
 60: 0.397928ms
 61: 0.419689ms
 62: 0.373130ms
 63: 0.425503ms
 64: 0.396086ms
 65: 0.396690ms
 66: 0.424698ms
 67: 0.395389ms
 68: 0.510379ms
 69: 0.368703ms
 70: 0.360815ms
 71: 0.353953ms
 72: 0.400194ms
 73: 0.364763ms
 74: 0.372513ms
 75: 0.397644ms
 76: 0.415788ms
 77: 0.409248ms
 78: 0.399879ms
 79: 0.425336ms
 80: 0.367637ms
 81: 0.411284ms
 82: 0.393276ms
 83: 0.363760ms
 84: 0.361445ms
 85: 0.387804ms
 86: 0.378623ms
 87: 0.383751ms
 88: 0.358516ms
 89: 0.400958ms
 90: 0.408901ms
 91: 0.383119ms
 92: 0.409370ms
 93: 0.390533ms
 94: 0.390880ms
 95: 0.406765ms
 96: 0.415904ms
 97: 0.383486ms
 98: 0.408208ms
 99: 0.399082ms
 100: 0.418779ms
 101: 0.423676ms
 102: 0.932884ms
 103: 0.403029ms
 104: 0.398965ms
 105: 0.395690ms
 106: 0.403058ms
 107: 0.400047ms
 108: 0.402118ms
 109: 0.396930ms
 110: 0.403502ms
 111: 0.411623ms
 112: 0.398325ms
 113: 0.397141ms
 114: 0.400621ms
 115: 0.399187ms
 116: 0.405422ms
 117: 0.391060ms
 118: 0.398814ms
 119: 0.399376ms
 120: 0.408546ms
 121: 0.402133ms
 122: 0.400135ms
 123: 0.394620ms
 124: 0.401010ms
 125: 0.408189ms
 126: 0.399597ms
 127: 0.500863ms
 128: 0.396238ms
 129: 0.399175ms
 130: 0.409395ms
 131: 0.399682ms
 132: 0.403907ms
 133: 0.395799ms
 134: 0.409144ms
 135: 0.398138ms
 136: 0.398861ms
 137: 0.397678ms
 138: 0.485341ms
 139: 0.387964ms
 140: 0.412185ms
 141: 0.402158ms
 142: 0.397884ms
 143: 0.398038ms
 144: 0.398778ms
 145: 0.395660ms
 146: 0.401627ms
 147: 0.398456ms
 148: 0.404661ms
 149: 0.409586ms
 150: 0.401598ms
 151: 0.392575ms
 152: 0.394545ms
 153: 0.398740ms
 154: 0.398644ms
 155: 0.409602ms
 156: 0.405316ms
 157: 0.406954ms
 158: 0.398291ms
 159: 0.402232ms
 160: 0.402749ms
 161: 0.514914ms
 162: 0.397728ms
 163: 0.398745ms
 164: 0.395236ms
 165: 0.402965ms
 166: 0.396749ms
 167: 0.401069ms
 168: 0.396586ms
 169: 0.403404ms
 170: 0.401983ms
 171: 0.397488ms
 172: 0.397498ms
 173: 0.397103ms
 174: 0.399592ms
 175: 0.398173ms
 176: 0.401874ms
 177: 0.404995ms
 178: 0.394985ms
 179: 0.400826ms
 180: 0.398320ms
 181: 0.401036ms
 182: 0.409452ms
 183: 0.393427ms
 184: 0.394900ms
 185: 0.401316ms
 186: 0.399154ms
 187: 0.401532ms
 188: 0.402044ms
 189: 0.394682ms
 190: 0.396773ms
 191: 0.400660ms
 192: 0.400741ms
 193: 0.398790ms
 194: 8.562608ms
 195: 0.399508ms
 196: 0.399699ms
 197: 0.400130ms
 198: 0.397085ms
 199: 0.403492ms


-- Real : Q1: 50 Q2: 100 Q3: 150
-- Array: Q1: 49 Q2: 99 Q3: 149
Printing sorted runtimes:
 0: 0.394545ms
 1: 0.383486ms
 2: 0.390880ms
 3: 0.390533ms
 4: 0.383119ms
 5: 0.392575ms
 6: 0.358516ms
 7: 0.383751ms
 8: 0.378623ms
 9: 0.387804ms
 10: 0.361445ms
 11: 0.363760ms
 12: 0.393276ms
 13: 0.367637ms
 14: 0.372513ms
 15: 0.364763ms
 16: 0.353953ms
 17: 0.360815ms
 18: 0.368703ms
 19: 0.373130ms
 20: 0.388019ms
 21: 0.393696ms
 22: 0.387964ms
 23: 0.387749ms
 24: 0.393964ms
 25: 0.391060ms
 26: 0.358585ms
 27: 0.363894ms
 28: 0.386125ms
 29: 0.355067ms
 30: 0.368271ms
 31: 0.383741ms
 32: 0.383899ms
 33: 0.389064ms
 34: 0.390140ms
 35: 0.363282ms
 36: 0.380098ms
 37: 0.381239ms
 38: 0.393427ms
 39: 0.383453ms
 40: 0.394732ms
 41: 0.394682ms
 42: 0.394620ms
 43: 0.395236ms
 44: 0.394985ms
 45: 0.394956ms
 46: 0.394900ms
 47: 0.395690ms
 48: 0.395660ms
 49: 0.395389ms
 50: 0.395799ms
 51: 0.399154ms
 52: 0.397488ms
 53: 0.397086ms
 54: 0.396749ms
 55: 0.396238ms
 56: 0.397103ms
 57: 0.396690ms
 58: 0.397085ms
 59: 0.396773ms
 60: 0.396086ms
 61: 0.396586ms
 62: 0.396930ms
 63: 0.397141ms
 64: 0.397498ms
 65: 0.397488ms
 66: 0.397678ms
 67: 0.397884ms
 68: 0.397728ms
 69: 0.397644ms
 70: 0.397697ms
 71: 0.398038ms
 72: 0.398745ms
 73: 0.398790ms
 74: 0.398417ms
 75: 0.396468ms
 76: 0.398173ms
 77: 0.398325ms
 78: 0.398644ms
 79: 0.397928ms
 80: 0.398166ms
 81: 0.398320ms
 82: 0.398778ms
 83: 0.399082ms
 84: 0.398861ms
 85: 0.398138ms
 86: 0.398456ms
 87: 0.398740ms
 88: 0.398170ms
 89: 0.398965ms
 90: 0.398291ms
 91: 0.399116ms
 92: 0.398814ms
 93: 0.399592ms
 94: 0.399175ms
 95: 0.399508ms
 96: 0.399187ms
 97: 0.399376ms
 98: 0.399597ms
 99: 0.399682ms
 100: 0.399699ms
 101: 0.403404ms
 102: 0.400421ms
 103: 0.400130ms
 104: 0.400135ms
 105: 0.399879ms
 106: 0.400194ms
 107: 0.400047ms
 108: 0.402118ms
 109: 0.401630ms
 110: 0.401956ms
 111: 0.401627ms
 112: 0.401874ms
 113: 0.400741ms
 114: 0.400621ms
 115: 0.400660ms
 116: 0.402158ms
 117: 0.400826ms
 118: 0.401503ms
 119: 0.401036ms
 120: 0.400538ms
 121: 0.402133ms
 122: 0.400958ms
 123: 0.402044ms
 124: 0.401010ms
 125: 0.401273ms
 126: 0.401983ms
 127: 0.402232ms
 128: 0.401316ms
 129: 0.401532ms
 130: 0.401598ms
 131: 0.401069ms
 132: 0.402749ms
 133: 0.399710ms
 134: 0.402965ms
 135: 0.403029ms
 136: 0.403058ms
 137: 0.402961ms
 138: 0.405231ms
 139: 0.403492ms
 140: 0.403828ms
 141: 0.404208ms
 142: 0.404661ms
 143: 0.404995ms
 144: 0.403502ms
 145: 0.403907ms
 146: 0.405470ms
 147: 0.405316ms
 148: 0.405422ms
 149: 0.406628ms
 150: 0.406765ms
 151: 0.406954ms
 152: 0.407808ms
 153: 0.407420ms
 154: 0.409304ms
 155: 0.408853ms
 156: 0.409248ms
 157: 0.409144ms
 158: 0.408901ms
 159: 0.409370ms
 160: 0.408189ms
 161: 0.408208ms
 162: 0.408546ms
 163: 0.411623ms
 164: 0.932884ms
 165: 0.423676ms
 166: 0.418779ms
 167: 0.514914ms
 168: 0.415904ms
 169: 0.500863ms
 170: 0.409395ms
 171: 0.411284ms
 172: 0.425336ms
 173: 0.485341ms
 174: 0.415788ms
 175: 0.510379ms
 176: 0.424698ms
 177: 0.425503ms
 178: 0.419689ms
 179: 0.445253ms
 180: 0.409602ms
 181: 0.410474ms
 182: 0.409452ms
 183: 0.539056ms
 184: 7.995311ms
 185: 0.417007ms
 186: 0.497012ms
 187: 0.510251ms
 188: 0.412185ms
 189: 0.409586ms
 190: 0.560929ms
 191: 0.626912ms
 192: 0.410255ms
 193: 0.555067ms
 194: 8.562608ms
 195: 0.474105ms
 196: 0.522597ms
 197: 1.454237ms
 198: 0.630043ms
 199: 0.555676ms


Measurements
--------------------------
FFT Size            : 67^3
Threads             : 40
Batch               : 1
Iterations          : 200
Avg Tot Runtime     : 0.493857 ms
Runtime per batch   : 0.493857 ms
SD                  : 0.788247 ms
Q1                  : 0.395389 ms
Median              : 0.399690 ms
Q3                  : 0.406628 ms
