Expm 2: Streaming FFTW
FFTW Plan: Patient
-- Cannot import wisdom from ../../wisdom/singlenode/all/578/fftw_578_t37_b1.patient
-- Exporting wisdom file to ../../wisdom/singlenode/all/578/fftw_578_t37_b1.patient
Iteration: 0, 1, 2, 3, 4, 5, 6, 7, 8, 9, 10, 11, 12, 13, 14, 15, 16, 17, 18, 19, 20, 21, 22, 23, 24, 25, 26, 27, 28, 29, 30, 31, 32, 33, 34, 35, 36, 37, 38, 39, 40, 41, 42, 43, 44, 45, 46, 47, 48, 49, 
Printing individual runtimes:
 0: 593.494073ms
 1: 594.955412ms
 2: 368.685491ms
 3: 366.599051ms
 4: 411.630243ms
 5: 791.884433ms
 6: 553.086551ms
 7: 369.799424ms
 8: 369.876155ms
 9: 369.533195ms
 10: 365.463810ms
 11: 364.668858ms
 12: 363.899946ms
 13: 499.075716ms
 14: 368.161167ms
 15: 369.226155ms
 16: 369.329610ms
 17: 719.187331ms
 18: 368.369386ms
 19: 481.709661ms
 20: 702.815337ms
 21: 394.027321ms
 22: 366.037222ms
 23: 366.077944ms
 24: 368.102346ms
 25: 675.526326ms
 26: 549.690853ms
 27: 368.092483ms
 28: 365.967075ms
 29: 628.335293ms
 30: 364.909005ms
 31: 368.744919ms
 32: 474.335338ms
 33: 369.048367ms
 34: 587.460852ms
 35: 479.772203ms
 36: 365.506960ms
 37: 367.186523ms
 38: 367.168277ms
 39: 689.243935ms
 40: 545.521911ms
 41: 366.600758ms
 42: 366.528689ms
 43: 366.783014ms
 44: 366.583222ms
 45: 366.722926ms
 46: 366.340504ms
 47: 471.560230ms
 48: 769.615483ms
 49: 689.273607ms


Measurements
--------------------------
FFT Size            : 578^3
Threads             : 37
Batch               : 1
Iterations          : 50
Avg Tot Runtime     : 459.044292 ms
Runtime per batch   : 459.044292 ms
SD                  : 130.178763 ms
Throughput          : 29.778911 GFLOPs
Plan Time           : 780.244311 sec
