Expm 2: Streaming FFTW
FFTW Plan: Patient
-- Cannot import wisdom from ../../wisdom/singlenode/all/406/fftw_406_t36_b1.patient
-- Exporting wisdom file to ../../wisdom/singlenode/all/406/fftw_406_t36_b1.patient
Iteration: 0, 1, 2, 3, 4, 5, 6, 7, 8, 9, 10, 11, 12, 13, 14, 15, 16, 17, 18, 19, 20, 21, 22, 23, 24, 25, 26, 27, 28, 29, 30, 31, 32, 33, 34, 35, 36, 37, 38, 39, 40, 41, 42, 43, 44, 45, 46, 47, 48, 49, 
Printing individual runtimes:
 0: 120.091819ms
 1: 120.967037ms
 2: 120.429121ms
 3: 120.442677ms
 4: 120.634608ms
 5: 120.694208ms
 6: 120.299203ms
 7: 120.268632ms
 8: 120.478156ms
 9: 120.174755ms
 10: 120.507267ms
 11: 232.016363ms
 12: 121.258154ms
 13: 120.132257ms
 14: 120.701988ms
 15: 120.250164ms
 16: 120.585923ms
 17: 231.182725ms
 18: 121.281809ms
 19: 120.883665ms
 20: 120.111764ms
 21: 120.369355ms
 22: 119.970639ms
 23: 120.331453ms
 24: 123.757407ms
 25: 120.417387ms
 26: 120.613693ms
 27: 120.266147ms
 28: 120.845045ms
 29: 120.388459ms
 30: 120.258424ms
 31: 120.849660ms
 32: 120.450687ms
 33: 120.241496ms
 34: 120.493818ms
 35: 120.441271ms
 36: 120.207426ms
 37: 120.420788ms
 38: 120.093852ms
 39: 128.240646ms
 40: 120.368483ms
 41: 120.220900ms
 42: 120.437954ms
 43: 120.244202ms
 44: 120.112924ms
 45: 119.851395ms
 46: 120.821891ms
 47: 120.957965ms
 48: 120.415406ms
 49: 120.249514ms


Measurements
--------------------------
FFT Size            : 406^3
Threads             : 36
Batch               : 1
Iterations          : 50
Avg Tot Runtime     : 125.114612 ms
Runtime per batch   : 125.114612 ms
SD                  : 21.770117 ms
Throughput          : 7.536467 GFLOPs
Plan Time           : 153.646375 sec
