Expm 2: Streaming FFTW
FFTW Plan: Patient
-- Cannot import wisdom from ../../wisdom/singlenode/all/659/fftw_659_t37_b1.patient
-- Exporting wisdom file to ../../wisdom/singlenode/all/659/fftw_659_t37_b1.patient
Iteration: 0, 1, 2, 3, 4, 5, 6, 7, 8, 9, 10, 11, 12, 13, 14, 15, 16, 17, 18, 19, 20, 21, 22, 23, 24, 25, 26, 27, 28, 29, 30, 31, 32, 33, 34, 35, 36, 37, 38, 39, 40, 41, 42, 43, 44, 45, 46, 47, 48, 49, 
Printing individual runtimes:
 0: 606.857964ms
 1: 614.033285ms
 2: 1031.725569ms
 3: 767.935500ms
 4: 612.014455ms
 5: 613.328767ms
 6: 642.338786ms
 7: 631.179421ms
 8: 604.833056ms
 9: 666.854344ms
 10: 880.129243ms
 11: 605.653723ms
 12: 615.628798ms
 13: 615.155357ms
 14: 615.776854ms
 15: 614.087317ms
 16: 616.246644ms
 17: 616.175405ms
 18: 616.478969ms
 19: 604.633276ms
 20: 614.319816ms
 21: 616.603610ms
 22: 603.788451ms
 23: 614.948822ms
 24: 617.943751ms
 25: 1072.030452ms
 26: 771.934555ms
 27: 615.584306ms
 28: 614.991402ms
 29: 612.013373ms
 30: 614.239356ms
 31: 615.980114ms
 32: 614.011393ms
 33: 610.277864ms
 34: 613.663797ms
 35: 614.510788ms
 36: 603.793702ms
 37: 603.473412ms
 38: 615.755596ms
 39: 613.731623ms
 40: 603.804463ms
 41: 604.552248ms
 42: 613.008923ms
 43: 616.926923ms
 44: 613.254912ms
 45: 616.340343ms
 46: 611.414019ms
 47: 615.013065ms
 48: 678.511263ms
 49: 614.730999ms


Measurements
--------------------------
FFT Size            : 659^3
Threads             : 37
Batch               : 1
Iterations          : 50
Avg Tot Runtime     : 645.044401 ms
Runtime per batch   : 645.044401 ms
SD                  : 96.387227 ms
Throughput          : 57.048889 GFLOPs
Plan Time           : 624.048712 sec
