Expm 2: Streaming FFTW
FFTW Plan: Patient
-- Cannot import wisdom from ../../wisdom/singlenode/all/582/fftw_582_t37_b1.patient
-- Exporting wisdom file to ../../wisdom/singlenode/all/582/fftw_582_t37_b1.patient
Iteration: 0, 1, 2, 3, 4, 5, 6, 7, 8, 9, 10, 11, 12, 13, 14, 15, 16, 17, 18, 19, 20, 21, 22, 23, 24, 25, 26, 27, 28, 29, 30, 31, 32, 33, 34, 35, 36, 37, 38, 39, 40, 41, 42, 43, 44, 45, 46, 47, 48, 49, 
Printing individual runtimes:
 0: 428.345166ms
 1: 321.149957ms
 2: 321.847897ms
 3: 321.271595ms
 4: 324.644967ms
 5: 427.546086ms
 6: 326.174912ms
 7: 606.299423ms
 8: 402.150263ms
 9: 328.655245ms
 10: 326.405981ms
 11: 320.813317ms
 12: 343.373501ms
 13: 317.045219ms
 14: 321.972157ms
 15: 325.105288ms
 16: 325.576733ms
 17: 314.022855ms
 18: 323.641921ms
 19: 341.995493ms
 20: 600.238783ms
 21: 342.793591ms
 22: 318.730171ms
 23: 683.987530ms
 24: 416.560306ms
 25: 328.468573ms
 26: 320.560050ms
 27: 326.097648ms
 28: 324.805997ms
 29: 415.184679ms
 30: 324.074733ms
 31: 325.896544ms
 32: 319.952377ms
 33: 322.300614ms
 34: 679.225823ms
 35: 457.071531ms
 36: 319.863078ms
 37: 323.823076ms
 38: 323.593533ms
 39: 322.928316ms
 40: 324.145639ms
 41: 392.026552ms
 42: 326.347987ms
 43: 323.550056ms
 44: 326.425008ms
 45: 320.689433ms
 46: 603.427483ms
 47: 598.650837ms
 48: 326.753101ms
 49: 323.895610ms


Measurements
--------------------------
FFT Size            : 582^3
Threads             : 37
Batch               : 1
Iterations          : 50
Avg Tot Runtime     : 374.602133 ms
Runtime per batch   : 374.602133 ms
SD                  : 100.558782 ms
Throughput          : 27.765884 GFLOPs
Plan Time           : 543.864626 sec
