Expm 2: Streaming FFTW
FFTW Plan: Patient
-- Cannot import wisdom from ../../wisdom/singlenode/all/162/fftw_162_t40_b1.patient
-- Exporting wisdom file to ../../wisdom/singlenode/all/162/fftw_162_t40_b1.patient
Iteration: 0, 1, 2, 3, 4, 5, 6, 7, 8, 9, 10, 11, 12, 13, 14, 15, 16, 17, 18, 19, 20, 21, 22, 23, 24, 25, 26, 27, 28, 29, 30, 31, 32, 33, 34, 35, 36, 37, 38, 39, 40, 41, 42, 43, 44, 45, 46, 47, 48, 49, 
Printing individual runtimes:
 0: 2.069442ms
 1: 3.586496ms
 2: 3.367573ms
 3: 2.037150ms
 4: 2.047082ms
 5: 2.045553ms
 6: 2.132979ms
 7: 2.034150ms
 8: 2.000742ms
 9: 2.082321ms
 10: 2.034656ms
 11: 2.077690ms
 12: 2.064635ms
 13: 2.079260ms
 14: 2.076813ms
 15: 2.786728ms
 16: 2.027094ms
 17: 3.203878ms
 18: 2.034430ms
 19: 2.004578ms
 20: 3.356533ms
 21: 2.013436ms
 22: 1.999619ms
 23: 1.976753ms
 24: 3.453839ms
 25: 2.029448ms
 26: 2.053731ms
 27: 2.013386ms
 28: 2.051145ms
 29: 2.026476ms
 30: 1.979262ms
 31: 2.053658ms
 32: 2.050990ms
 33: 2.417253ms
 34: 1.809753ms
 35: 1.839668ms
 36: 1.799323ms
 37: 1.818952ms
 38: 1.793788ms
 39: 1.806143ms
 40: 1.793796ms
 41: 1.826179ms
 42: 1.837775ms
 43: 1.841845ms
 44: 1.829151ms
 45: 1.801208ms
 46: 1.828850ms
 47: 1.821020ms
 48: 5.041356ms
 49: 4.671563ms


Measurements
--------------------------
FFT Size            : 162^3
Threads             : 40
Batch               : 1
Iterations          : 50
Avg Tot Runtime     : 2.248583 ms
Runtime per batch   : 2.248583 ms
SD                  : 0.698935 ms
Throughput          : 0.104760 GFLOPs
Plan Time           : 62.073113 sec
