Expm 2: Streaming FFTW
FFTW Plan: Patient
-- Cannot import wisdom from ../../wisdom/singlenode/all/17/fftw_17_t37_b1.patient
-- Exporting wisdom file to ../../wisdom/singlenode/all/17/fftw_17_t37_b1.patient
Iteration: 0, 1, 2, 3, 4, 5, 6, 7, 8, 9, 10, 11, 12, 13, 14, 15, 16, 17, 18, 19, 20, 21, 22, 23, 24, 25, 26, 27, 28, 29, 30, 31, 32, 33, 34, 35, 36, 37, 38, 39, 40, 41, 42, 43, 44, 45, 46, 47, 48, 49, 
Printing individual runtimes:
 0: 0.140853ms
 1: 0.346671ms
 2: 0.127387ms
 3: 0.186510ms
 4: 0.154841ms
 5: 0.156701ms
 6: 0.120422ms
 7: 0.117274ms
 8: 0.084234ms
 9: 0.085002ms
 10: 0.349777ms
 11: 0.087266ms
 12: 0.084836ms
 13: 0.083695ms
 14: 0.110620ms
 15: 0.075627ms
 16: 0.109391ms
 17: 0.140095ms
 18: 0.082784ms
 19: 0.090751ms
 20: 0.084147ms
 21: 0.202082ms
 22: 0.096962ms
 23: 0.086510ms
 24: 0.073793ms
 25: 0.102889ms
 26: 0.074863ms
 27: 0.088279ms
 28: 0.081518ms
 29: 0.219367ms
 30: 0.109330ms
 31: 0.082306ms
 32: 0.090533ms
 33: 0.084604ms
 34: 0.086722ms
 35: 0.081125ms
 36: 0.079085ms
 37: 0.086806ms
 38: 0.097547ms
 39: 0.089523ms
 40: 0.080711ms
 41: 0.091673ms
 42: 0.171284ms
 43: 0.096709ms
 44: 0.093580ms
 45: 0.114023ms
 46: 0.078040ms
 47: 0.092552ms
 48: 0.074826ms
 49: 0.085099ms


Measurements
--------------------------
FFT Size            : 17^3
Threads             : 37
Batch               : 1
Iterations          : 50
Avg Tot Runtime     : 0.114224 ms
Runtime per batch   : 0.114224 ms
SD                  : 0.058300 ms
Throughput          : 0.000291 GFLOPs
Plan Time           : 1.247887 sec
