Expm 2: Streaming FFT

Printing individual runtimes:
 0: 0.869869ms
 1: 0.785895ms
 2: 0.748518ms
 3: 0.906602ms
 4: 0.734329ms
 5: 0.734262ms
 6: 0.729751ms
 7: 0.759894ms
 8: 0.736958ms
 9: 0.736030ms
 10: 0.869761ms
 11: 0.742774ms
 12: 0.740707ms
 13: 0.743607ms
 14: 0.875174ms
 15: 0.734336ms
 16: 0.748510ms
 17: 0.772614ms
 18: 0.738162ms
 19: 0.892231ms
 20: 0.733669ms
 21: 0.747734ms
 22: 0.785825ms
 23: 0.735531ms
 24: 0.739532ms
 25: 0.867185ms
 26: 0.736481ms
 27: 0.738219ms
 28: 0.767861ms
 29: 0.745229ms
 30: 0.738111ms
 31: 0.903101ms
 32: 0.735413ms
 33: 0.733899ms
 34: 0.729126ms
 35: 0.744765ms
 36: 0.735144ms
 37: 0.734965ms
 38: 0.738743ms
 39: 0.872066ms
 40: 0.740183ms
 41: 0.739876ms
 42: 0.768329ms
 43: 0.735919ms
 44: 0.726511ms
 45: 0.739195ms
 46: 0.748676ms
 47: 0.740909ms
 48: 0.762216ms
 49: 0.742395ms
 50: 0.747707ms
 51: 0.900734ms
 52: 0.736566ms
 53: 0.744184ms
 54: 0.761111ms
 55: 0.740965ms
 56: 0.738146ms
 57: 0.737726ms
 58: 0.743796ms
 59: 0.751667ms
 60: 0.767027ms
 61: 0.740304ms
 62: 0.736422ms
 63: 0.741716ms
 64: 0.737905ms
 65: 0.735123ms
 66: 0.744735ms
 67: 0.731895ms
 68: 0.745389ms
 69: 0.738992ms
 70: 0.741517ms
 71: 0.738877ms
 72: 0.751541ms
 73: 0.736948ms
 74: 0.744702ms
 75: 0.737907ms
 76: 0.897202ms
 77: 0.776894ms
 78: 0.740164ms
 79: 0.743862ms
 80: 0.736377ms
 81: 0.751723ms
 82: 0.738656ms
 83: 0.737998ms
 84: 0.735967ms
 85: 0.767924ms
 86: 0.874198ms
 87: 0.741054ms
 88: 0.787162ms
 89: 0.763833ms
 90: 0.744400ms
 91: 0.747949ms
 92: 0.738088ms
 93: 0.738313ms
 94: 0.764372ms
 95: 0.743104ms
 96: 0.738203ms
 97: 0.746323ms
 98: 0.738887ms
 99: 0.744553ms
 100: 0.737019ms
 101: 0.737174ms
 102: 0.733012ms
 103: 0.735346ms
 104: 0.784349ms
 105: 0.740413ms
 106: 0.740078ms
 107: 0.738428ms
 108: 0.744737ms
 109: 0.736643ms
 110: 0.740298ms
 111: 0.744955ms
 112: 0.731113ms
 113: 0.738770ms
 114: 0.748389ms
 115: 0.727938ms
 116: 0.733184ms
 117: 0.738772ms
 118: 0.741179ms
 119: 0.735815ms
 120: 0.734483ms
 121: 0.741484ms
 122: 0.864375ms
 123: 0.737296ms
 124: 0.733558ms
 125: 0.768070ms
 126: 0.746450ms
 127: 0.748602ms
 128: 0.736751ms
 129: 0.726695ms
 130: 0.751669ms
 131: 0.751375ms
 132: 0.737360ms
 133: 0.730546ms
 134: 0.760211ms
 135: 0.743946ms
 136: 0.741744ms
 137: 0.741182ms
 138: 0.879819ms
 139: 0.737373ms
 140: 0.769194ms
 141: 0.740260ms
 142: 0.744061ms
 143: 0.734041ms
 144: 0.737498ms
 145: 0.737951ms
 146: 0.774403ms
 147: 0.740032ms
 148: 0.738621ms
 149: 0.727544ms
 150: 0.766883ms
 151: 0.748184ms
 152: 0.742443ms
 153: 0.984071ms
 154: 0.734510ms
 155: 0.732519ms
 156: 0.738525ms
 157: 0.741316ms
 158: 0.749788ms
 159: 0.748990ms
 160: 0.730718ms
 161: 0.739304ms
 162: 0.740834ms
 163: 0.743763ms
 164: 0.737542ms
 165: 0.735640ms
 166: 0.783674ms
 167: 0.745005ms
 168: 0.761984ms
 169: 0.741952ms
 170: 0.758064ms
 171: 0.734661ms
 172: 0.740548ms
 173: 0.743137ms
 174: 0.736217ms
 175: 0.790696ms
 176: 0.739338ms
 177: 0.741795ms
 178: 0.745155ms
 179: 0.729584ms
 180: 0.730343ms
 181: 0.735330ms
 182: 0.742293ms
 183: 0.732870ms
 184: 0.739822ms
 185: 0.738839ms
 186: 0.744279ms
 187: 0.738476ms
 188: 0.735561ms
 189: 0.745370ms
 190: 0.741641ms
 191: 0.739116ms
 192: 0.743151ms
 193: 0.734780ms
 194: 0.745563ms
 195: 0.741211ms
 196: 0.726779ms
 197: 0.738183ms
 198: 0.734588ms
 199: 0.737795ms


-- Real : Q1: 50 Q2: 100 Q3: 150
-- Array: Q1: 49 Q2: 99 Q3: 149
Printing sorted runtimes:
 0: 0.736422ms
 1: 0.734588ms
 2: 0.726779ms
 3: 0.734780ms
 4: 0.734329ms
 5: 0.734262ms
 6: 0.729751ms
 7: 0.735561ms
 8: 0.735123ms
 9: 0.736030ms
 10: 0.732870ms
 11: 0.735330ms
 12: 0.730343ms
 13: 0.729584ms
 14: 0.736217ms
 15: 0.734336ms
 16: 0.734661ms
 17: 0.735640ms
 18: 0.731895ms
 19: 0.730718ms
 20: 0.733669ms
 21: 0.732519ms
 22: 0.734510ms
 23: 0.735531ms
 24: 0.727544ms
 25: 0.736377ms
 26: 0.735967ms
 27: 0.734041ms
 28: 0.733012ms
 29: 0.730546ms
 30: 0.735346ms
 31: 0.726695ms
 32: 0.735413ms
 33: 0.733899ms
 34: 0.729126ms
 35: 0.731113ms
 36: 0.735144ms
 37: 0.734965ms
 38: 0.733558ms
 39: 0.727938ms
 40: 0.734483ms
 41: 0.735815ms
 42: 0.733184ms
 43: 0.735919ms
 44: 0.726511ms
 45: 0.736751ms
 46: 0.736481ms
 47: 0.736643ms
 48: 0.736566ms
 49: 0.736948ms
 50: 0.736958ms
 51: 0.738770ms
 52: 0.737174ms
 53: 0.737296ms
 54: 0.737373ms
 55: 0.737360ms
 56: 0.737498ms
 57: 0.737726ms
 58: 0.737542ms
 59: 0.737795ms
 60: 0.738162ms
 61: 0.738525ms
 62: 0.738621ms
 63: 0.737951ms
 64: 0.737905ms
 65: 0.738219ms
 66: 0.738111ms
 67: 0.738146ms
 68: 0.738476ms
 69: 0.737019ms
 70: 0.738743ms
 71: 0.738428ms
 72: 0.738203ms
 73: 0.738313ms
 74: 0.738088ms
 75: 0.737907ms
 76: 0.738183ms
 77: 0.737998ms
 78: 0.738656ms
 79: 0.739304ms
 80: 0.739195ms
 81: 0.738772ms
 82: 0.738877ms
 83: 0.739116ms
 84: 0.738887ms
 85: 0.738992ms
 86: 0.738839ms
 87: 0.739822ms
 88: 0.739338ms
 89: 0.739532ms
 90: 0.740304ms
 91: 0.740298ms
 92: 0.740164ms
 93: 0.740078ms
 94: 0.740260ms
 95: 0.739876ms
 96: 0.740183ms
 97: 0.740032ms
 98: 0.740548ms
 99: 0.740413ms
 100: 0.740707ms
 101: 0.743137ms
 102: 0.741641ms
 103: 0.741179ms
 104: 0.741316ms
 105: 0.741484ms
 106: 0.740965ms
 107: 0.741182ms
 108: 0.741517ms
 109: 0.740909ms
 110: 0.741211ms
 111: 0.741054ms
 112: 0.742774ms
 113: 0.742443ms
 114: 0.740834ms
 115: 0.742293ms
 116: 0.741716ms
 117: 0.741744ms
 118: 0.741795ms
 119: 0.742395ms
 120: 0.741952ms
 121: 0.743104ms
 122: 0.744702ms
 123: 0.744553ms
 124: 0.743763ms
 125: 0.744184ms
 126: 0.743796ms
 127: 0.743862ms
 128: 0.744061ms
 129: 0.744400ms
 130: 0.743151ms
 131: 0.743607ms
 132: 0.744279ms
 133: 0.743946ms
 134: 0.746450ms
 135: 0.745229ms
 136: 0.744737ms
 137: 0.746323ms
 138: 0.744735ms
 139: 0.745005ms
 140: 0.745389ms
 141: 0.745370ms
 142: 0.744765ms
 143: 0.744955ms
 144: 0.745563ms
 145: 0.745155ms
 146: 0.748184ms
 147: 0.747949ms
 148: 0.747734ms
 149: 0.747707ms
 150: 0.748389ms
 151: 0.748510ms
 152: 0.748518ms
 153: 0.748602ms
 154: 0.751541ms
 155: 0.751667ms
 156: 0.748676ms
 157: 0.751669ms
 158: 0.749788ms
 159: 0.748990ms
 160: 0.751375ms
 161: 0.760211ms
 162: 0.759894ms
 163: 0.768070ms
 164: 0.767027ms
 165: 0.767861ms
 166: 0.762216ms
 167: 0.766883ms
 168: 0.761984ms
 169: 0.764372ms
 170: 0.758064ms
 171: 0.763833ms
 172: 0.767924ms
 173: 0.751723ms
 174: 0.761111ms
 175: 0.790696ms
 176: 0.875174ms
 177: 0.783674ms
 178: 0.772614ms
 179: 0.892231ms
 180: 0.785825ms
 181: 0.984071ms
 182: 0.774403ms
 183: 0.869761ms
 184: 0.867185ms
 185: 0.769194ms
 186: 0.879819ms
 187: 0.903101ms
 188: 0.872066ms
 189: 0.864375ms
 190: 0.768329ms
 191: 0.784349ms
 192: 0.900734ms
 193: 0.906602ms
 194: 0.787162ms
 195: 0.874198ms
 196: 0.776894ms
 197: 0.897202ms
 198: 0.785895ms
 199: 0.869869ms


Measurements
--------------------------
FFT Size            : 73^3
Threads             : 23
Batch               : 1
Iterations          : 200
Avg Tot Runtime     : 0.753773 ms
Runtime per batch   : 0.753773 ms
SD                  : 0.039921 ms
Q1                  : 0.736948 ms
Median              : 0.740560 ms
Q3                  : 0.747707 ms
