Expm 2: Streaming FFT

Printing individual runtimes:
 0: 0.903167ms
 1: 0.749543ms
 2: 0.752607ms
 3: 0.873377ms
 4: 0.743295ms
 5: 0.757394ms
 6: 0.738898ms
 7: 0.751028ms
 8: 0.763467ms
 9: 0.754264ms
 10: 0.896330ms
 11: 0.752053ms
 12: 0.750649ms
 13: 0.762712ms
 14: 0.866644ms
 15: 0.750901ms
 16: 0.742633ms
 17: 0.746053ms
 18: 0.738787ms
 19: 0.876802ms
 20: 0.746889ms
 21: 0.749757ms
 22: 0.753839ms
 23: 0.870823ms
 24: 0.765349ms
 25: 0.755287ms
 26: 0.756566ms
 27: 0.743417ms
 28: 0.876044ms
 29: 0.735826ms
 30: 0.743259ms
 31: 0.763779ms
 32: 0.740152ms
 33: 0.750502ms
 34: 0.756765ms
 35: 0.750920ms
 36: 0.790296ms
 37: 0.855035ms
 38: 0.754276ms
 39: 0.740870ms
 40: 0.740300ms
 41: 0.749562ms
 42: 0.751419ms
 43: 0.743160ms
 44: 0.750186ms
 45: 0.745252ms
 46: 0.751640ms
 47: 0.863531ms
 48: 0.751079ms
 49: 0.752544ms
 50: 0.756067ms
 51: 0.747863ms
 52: 0.735227ms
 53: 0.749928ms
 54: 0.759970ms
 55: 0.744348ms
 56: 0.754517ms
 57: 0.738450ms
 58: 0.746256ms
 59: 0.757312ms
 60: 0.741688ms
 61: 0.894351ms
 62: 0.739718ms
 63: 0.745665ms
 64: 0.757803ms
 65: 0.744903ms
 66: 0.757739ms
 67: 0.756253ms
 68: 0.750821ms
 69: 0.753994ms
 70: 0.753402ms
 71: 0.750578ms
 72: 0.751917ms
 73: 0.736673ms
 74: 0.873265ms
 75: 0.738897ms
 76: 0.793168ms
 77: 0.752782ms
 78: 0.784765ms
 79: 0.794579ms
 80: 0.745518ms
 81: 0.751368ms
 82: 0.746288ms
 83: 0.745532ms
 84: 0.738437ms
 85: 0.745627ms
 86: 0.783292ms
 87: 0.752082ms
 88: 0.743618ms
 89: 0.756347ms
 90: 0.888937ms
 91: 0.750781ms
 92: 0.748038ms
 93: 0.746672ms
 94: 0.750561ms
 95: 0.748001ms
 96: 0.790928ms
 97: 0.750545ms
 98: 0.743801ms
 99: 0.741256ms
 100: 0.747251ms
 101: 0.749298ms
 102: 0.750167ms
 103: 0.752700ms
 104: 0.742630ms
 105: 0.743967ms
 106: 0.737770ms
 107: 0.744314ms
 108: 0.882667ms
 109: 0.745441ms
 110: 0.746382ms
 111: 0.751743ms
 112: 0.751175ms
 113: 0.756244ms
 114: 0.765634ms
 115: 0.750981ms
 116: 0.744838ms
 117: 0.754319ms
 118: 0.775291ms
 119: 0.751868ms
 120: 0.746839ms
 121: 0.749015ms
 122: 0.775835ms
 123: 0.745190ms
 124: 0.757849ms
 125: 0.741227ms
 126: 0.744337ms
 127: 0.754718ms
 128: 0.741311ms
 129: 0.752957ms
 130: 0.755267ms
 131: 0.748908ms
 132: 0.877786ms
 133: 0.749458ms
 134: 0.743664ms
 135: 0.744566ms
 136: 0.752647ms
 137: 0.750066ms
 138: 0.740720ms
 139: 0.748738ms
 140: 0.740214ms
 141: 0.744009ms
 142: 0.747118ms
 143: 0.774089ms
 144: 0.750472ms
 145: 0.742388ms
 146: 0.750617ms
 147: 0.749481ms
 148: 0.743185ms
 149: 0.751643ms
 150: 0.777227ms
 151: 0.744082ms
 152: 0.748801ms
 153: 0.749541ms
 154: 0.751648ms
 155: 0.756148ms
 156: 0.735138ms
 157: 0.742774ms
 158: 0.745596ms
 159: 0.751068ms
 160: 0.748151ms
 161: 0.746249ms
 162: 0.747589ms
 163: 0.772651ms
 164: 0.873494ms
 165: 0.743854ms
 166: 0.746685ms
 167: 0.743002ms
 168: 0.752807ms
 169: 0.743751ms
 170: 0.755434ms
 171: 0.736774ms
 172: 0.749784ms
 173: 0.784644ms
 174: 0.738934ms
 175: 0.808815ms
 176: 0.757213ms
 177: 0.748269ms
 178: 0.796565ms
 179: 0.753096ms
 180: 0.747767ms
 181: 0.750200ms
 182: 0.750253ms
 183: 0.751851ms
 184: 0.737418ms
 185: 0.782197ms
 186: 0.736662ms
 187: 0.778080ms
 188: 0.748190ms
 189: 0.750381ms
 190: 0.752820ms
 191: 0.748872ms
 192: 0.746847ms
 193: 0.749220ms
 194: 0.787203ms
 195: 0.795219ms
 196: 0.754748ms
 197: 0.749872ms
 198: 0.745893ms
 199: 0.751694ms


-- Real : Q1: 50 Q2: 100 Q3: 150
-- Array: Q1: 49 Q2: 99 Q3: 149
Printing sorted runtimes:
 0: 0.741227ms
 1: 0.735227ms
 2: 0.738450ms
 3: 0.738437ms
 4: 0.740720ms
 5: 0.739718ms
 6: 0.738898ms
 7: 0.740214ms
 8: 0.736662ms
 9: 0.737418ms
 10: 0.740300ms
 11: 0.740870ms
 12: 0.738934ms
 13: 0.736774ms
 14: 0.740152ms
 15: 0.735826ms
 16: 0.735138ms
 17: 0.738897ms
 18: 0.738787ms
 19: 0.736673ms
 20: 0.737770ms
 21: 0.743967ms
 22: 0.743854ms
 23: 0.742630ms
 24: 0.741311ms
 25: 0.743618ms
 26: 0.742774ms
 27: 0.743417ms
 28: 0.742633ms
 29: 0.743002ms
 30: 0.743259ms
 31: 0.741688ms
 32: 0.743751ms
 33: 0.743664ms
 34: 0.743295ms
 35: 0.743185ms
 36: 0.743160ms
 37: 0.742388ms
 38: 0.743801ms
 39: 0.741256ms
 40: 0.744838ms
 41: 0.744009ms
 42: 0.744348ms
 43: 0.744337ms
 44: 0.744314ms
 45: 0.744566ms
 46: 0.744082ms
 47: 0.745252ms
 48: 0.744903ms
 49: 0.745190ms
 50: 0.745441ms
 51: 0.748038ms
 52: 0.745596ms
 53: 0.745532ms
 54: 0.745627ms
 55: 0.745665ms
 56: 0.745893ms
 57: 0.747863ms
 58: 0.746256ms
 59: 0.745518ms
 60: 0.746847ms
 61: 0.746288ms
 62: 0.746672ms
 63: 0.747118ms
 64: 0.746839ms
 65: 0.748001ms
 66: 0.747767ms
 67: 0.746382ms
 68: 0.747251ms
 69: 0.746053ms
 70: 0.746249ms
 71: 0.747589ms
 72: 0.746889ms
 73: 0.746685ms
 74: 0.749928ms
 75: 0.748151ms
 76: 0.749541ms
 77: 0.748269ms
 78: 0.748801ms
 79: 0.749481ms
 80: 0.748190ms
 81: 0.748738ms
 82: 0.749015ms
 83: 0.748872ms
 84: 0.749458ms
 85: 0.749220ms
 86: 0.749298ms
 87: 0.749543ms
 88: 0.748908ms
 89: 0.749872ms
 90: 0.749562ms
 91: 0.749757ms
 92: 0.749784ms
 93: 0.750167ms
 94: 0.750066ms
 95: 0.750381ms
 96: 0.750200ms
 97: 0.750186ms
 98: 0.750253ms
 99: 0.750472ms
 100: 0.750502ms
 101: 0.752082ms
 102: 0.750901ms
 103: 0.751068ms
 104: 0.751079ms
 105: 0.750578ms
 106: 0.751643ms
 107: 0.751368ms
 108: 0.750920ms
 109: 0.750821ms
 110: 0.750617ms
 111: 0.751028ms
 112: 0.751175ms
 113: 0.750649ms
 114: 0.751419ms
 115: 0.750981ms
 116: 0.750545ms
 117: 0.751640ms
 118: 0.750561ms
 119: 0.751648ms
 120: 0.751694ms
 121: 0.750781ms
 122: 0.751851ms
 123: 0.752053ms
 124: 0.751917ms
 125: 0.751743ms
 126: 0.751868ms
 127: 0.752807ms
 128: 0.752700ms
 129: 0.752782ms
 130: 0.752607ms
 131: 0.752647ms
 132: 0.752544ms
 133: 0.754276ms
 134: 0.753402ms
 135: 0.753096ms
 136: 0.753994ms
 137: 0.754264ms
 138: 0.753839ms
 139: 0.752820ms
 140: 0.752957ms
 141: 0.755434ms
 142: 0.754748ms
 143: 0.755267ms
 144: 0.754517ms
 145: 0.755287ms
 146: 0.754319ms
 147: 0.754718ms
 148: 0.756067ms
 149: 0.756148ms
 150: 0.756244ms
 151: 0.756253ms
 152: 0.756765ms
 153: 0.756347ms
 154: 0.757213ms
 155: 0.757394ms
 156: 0.757312ms
 157: 0.756566ms
 158: 0.757739ms
 159: 0.757803ms
 160: 0.765349ms
 161: 0.757849ms
 162: 0.763779ms
 163: 0.763467ms
 164: 0.765634ms
 165: 0.762712ms
 166: 0.759970ms
 167: 0.772651ms
 168: 0.793168ms
 169: 0.866644ms
 170: 0.876802ms
 171: 0.873265ms
 172: 0.873494ms
 173: 0.784644ms
 174: 0.784765ms
 175: 0.808815ms
 176: 0.870823ms
 177: 0.876044ms
 178: 0.796565ms
 179: 0.777227ms
 180: 0.896330ms
 181: 0.790928ms
 182: 0.794579ms
 183: 0.775835ms
 184: 0.882667ms
 185: 0.782197ms
 186: 0.790296ms
 187: 0.778080ms
 188: 0.783292ms
 189: 0.888937ms
 190: 0.855035ms
 191: 0.774089ms
 192: 0.873377ms
 193: 0.775291ms
 194: 0.787203ms
 195: 0.795219ms
 196: 0.863531ms
 197: 0.877786ms
 198: 0.903167ms
 199: 0.894351ms


Measurements
--------------------------
FFT Size            : 73^3
Threads             : 24
Batch               : 1
Iterations          : 200
Avg Tot Runtime     : 0.761618 ms
Runtime per batch   : 0.761618 ms
SD                  : 0.035562 ms
Q1                  : 0.745190 ms
Median              : 0.750487 ms
Q3                  : 0.756148 ms
