Expm 2: Streaming FFT

Printing individual runtimes:
 0: 0.742979ms
 1: 0.581706ms
 2: 0.604634ms
 3: 0.816306ms
 4: 0.619817ms
 5: 1.484674ms
 6: 0.584455ms
 7: 0.691050ms
 8: 0.579308ms
 9: 0.690283ms
 10: 0.612428ms
 11: 0.695068ms
 12: 0.584704ms
 13: 0.609986ms
 14: 0.740868ms
 15: 0.577887ms
 16: 0.614356ms
 17: 0.589941ms
 18: 0.598525ms
 19: 0.609947ms
 20: 0.580557ms
 21: 0.722537ms
 22: 0.607653ms
 23: 0.607913ms
 24: 0.777326ms
 25: 0.584525ms
 26: 0.608262ms
 27: 0.603921ms
 28: 0.572471ms
 29: 0.584213ms
 30: 0.606893ms
 31: 0.607210ms
 32: 0.680397ms
 33: 0.602620ms
 34: 0.605467ms
 35: 0.575983ms
 36: 0.708467ms
 37: 0.614800ms
 38: 0.620687ms
 39: 0.598591ms
 40: 0.578197ms
 41: 0.617872ms
 42: 0.615574ms
 43: 0.609010ms
 44: 0.609403ms
 45: 0.597503ms
 46: 0.582308ms
 47: 0.616596ms
 48: 0.609034ms
 49: 0.603710ms
 50: 0.597621ms
 51: 0.615155ms
 52: 0.614722ms
 53: 0.618887ms
 54: 0.585853ms
 55: 0.600837ms
 56: 0.621603ms
 57: 0.609396ms
 58: 0.621420ms
 59: 0.683629ms
 60: 0.612545ms
 61: 0.603270ms
 62: 0.610936ms
 63: 0.603532ms
 64: 0.727866ms
 65: 0.572575ms
 66: 0.573226ms
 67: 0.600257ms
 68: 0.571589ms
 69: 0.583132ms
 70: 0.613044ms
 71: 0.602728ms
 72: 0.584337ms
 73: 0.602651ms
 74: 0.618389ms
 75: 0.595817ms
 76: 0.589007ms
 77: 0.574823ms
 78: 0.580297ms
 79: 0.621007ms
 80: 0.592221ms
 81: 0.627453ms
 82: 0.697113ms
 83: 0.597490ms
 84: 0.601042ms
 85: 0.627955ms
 86: 0.608044ms
 87: 0.602535ms
 88: 0.619066ms
 89: 0.605813ms
 90: 0.612825ms
 91: 0.608374ms
 92: 0.599395ms
 93: 0.618723ms
 94: 0.582368ms
 95: 0.607365ms
 96: 0.587691ms
 97: 0.577084ms
 98: 0.614896ms
 99: 0.596864ms
 100: 0.608619ms
 101: 0.606476ms
 102: 0.607106ms
 103: 0.618477ms
 104: 0.601155ms
 105: 3.546163ms
 106: 0.614945ms
 107: 0.602379ms
 108: 0.579002ms
 109: 0.602879ms
 110: 0.583358ms
 111: 0.606445ms
 112: 0.601712ms
 113: 0.629778ms
 114: 0.580993ms
 115: 0.604455ms
 116: 0.612290ms
 117: 0.581320ms
 118: 0.605033ms
 119: 0.605670ms
 120: 0.605473ms
 121: 0.603403ms
 122: 0.621671ms
 123: 0.598621ms
 124: 0.586791ms
 125: 0.608864ms
 126: 0.686692ms
 127: 0.578982ms
 128: 0.571475ms
 129: 0.623613ms
 130: 0.577628ms
 131: 0.582378ms
 132: 0.608666ms
 133: 0.575709ms
 134: 0.578976ms
 135: 0.582815ms
 136: 0.604834ms
 137: 0.627749ms
 138: 0.603252ms
 139: 0.599258ms
 140: 0.610992ms
 141: 0.577646ms
 142: 0.577444ms
 143: 0.597264ms
 144: 0.599734ms
 145: 0.606042ms
 146: 0.600216ms
 147: 0.607748ms
 148: 0.603885ms
 149: 0.575554ms
 150: 0.581613ms
 151: 0.610366ms
 152: 0.602314ms
 153: 0.580136ms
 154: 0.625125ms
 155: 0.611786ms
 156: 0.613627ms
 157: 0.609417ms
 158: 0.581546ms
 159: 0.595262ms
 160: 0.608085ms
 161: 0.604319ms
 162: 0.607819ms
 163: 0.603524ms
 164: 0.602131ms
 165: 0.618070ms
 166: 0.579078ms
 167: 0.604963ms
 168: 0.584503ms
 169: 0.620795ms
 170: 0.611994ms
 171: 0.609746ms
 172: 0.601262ms
 173: 0.602409ms
 174: 0.607801ms
 175: 0.578357ms
 176: 0.620609ms
 177: 0.703112ms
 178: 0.623379ms
 179: 0.615304ms
 180: 0.605165ms
 181: 0.603897ms
 182: 0.606468ms
 183: 0.578689ms
 184: 0.586508ms
 185: 0.631584ms
 186: 0.583861ms
 187: 0.599042ms
 188: 0.605606ms
 189: 0.607060ms
 190: 0.588502ms
 191: 0.620328ms
 192: 0.613466ms
 193: 0.601935ms
 194: 0.577522ms
 195: 0.584397ms
 196: 0.602816ms
 197: 0.603502ms
 198: 0.604369ms
 199: 0.602732ms


-- Real : Q1: 50 Q2: 100 Q3: 150
-- Array: Q1: 49 Q2: 99 Q3: 149
Printing sorted runtimes:
 0: 0.582815ms
 1: 0.581706ms
 2: 0.580297ms
 3: 0.577522ms
 4: 0.574823ms
 5: 0.582368ms
 6: 0.571589ms
 7: 0.573226ms
 8: 0.579308ms
 9: 0.572575ms
 10: 0.577084ms
 11: 0.578689ms
 12: 0.579002ms
 13: 0.578357ms
 14: 0.580993ms
 15: 0.577887ms
 16: 0.581320ms
 17: 0.578982ms
 18: 0.571475ms
 19: 0.577628ms
 20: 0.580557ms
 21: 0.579078ms
 22: 0.582378ms
 23: 0.582308ms
 24: 0.581546ms
 25: 0.575709ms
 26: 0.580136ms
 27: 0.578976ms
 28: 0.572471ms
 29: 0.578197ms
 30: 0.581613ms
 31: 0.575554ms
 32: 0.577646ms
 33: 0.577444ms
 34: 0.575983ms
 35: 0.584525ms
 36: 0.583358ms
 37: 0.584397ms
 38: 0.583861ms
 39: 0.584503ms
 40: 0.584213ms
 41: 0.584455ms
 42: 0.584337ms
 43: 0.583132ms
 44: 0.586791ms
 45: 0.586508ms
 46: 0.585853ms
 47: 0.584704ms
 48: 0.587691ms
 49: 0.588502ms
 50: 0.589007ms
 51: 0.597490ms
 52: 0.592221ms
 53: 0.596864ms
 54: 0.595262ms
 55: 0.595817ms
 56: 0.597264ms
 57: 0.589941ms
 58: 0.603710ms
 59: 0.601262ms
 60: 0.600837ms
 61: 0.602379ms
 62: 0.601155ms
 63: 0.598621ms
 64: 0.597621ms
 65: 0.598525ms
 66: 0.599042ms
 67: 0.600257ms
 68: 0.602131ms
 69: 0.597503ms
 70: 0.602314ms
 71: 0.602728ms
 72: 0.602732ms
 73: 0.602651ms
 74: 0.599258ms
 75: 0.598591ms
 76: 0.600216ms
 77: 0.601935ms
 78: 0.602620ms
 79: 0.599395ms
 80: 0.599734ms
 81: 0.602535ms
 82: 0.601042ms
 83: 0.602879ms
 84: 0.603270ms
 85: 0.603502ms
 86: 0.601712ms
 87: 0.602816ms
 88: 0.603524ms
 89: 0.603403ms
 90: 0.603532ms
 91: 0.603252ms
 92: 0.602409ms
 93: 0.604634ms
 94: 0.603897ms
 95: 0.603921ms
 96: 0.604455ms
 97: 0.603885ms
 98: 0.604369ms
 99: 0.604319ms
 100: 0.604834ms
 101: 0.609396ms
 102: 0.605165ms
 103: 0.605033ms
 104: 0.606468ms
 105: 0.605670ms
 106: 0.605473ms
 107: 0.605813ms
 108: 0.606042ms
 109: 0.605606ms
 110: 0.605467ms
 111: 0.606445ms
 112: 0.606476ms
 113: 0.607060ms
 114: 0.606893ms
 115: 0.608262ms
 116: 0.607210ms
 117: 0.607913ms
 118: 0.608085ms
 119: 0.607819ms
 120: 0.607653ms
 121: 0.607106ms
 122: 0.607748ms
 123: 0.608619ms
 124: 0.607801ms
 125: 0.607365ms
 126: 0.608374ms
 127: 0.608864ms
 128: 0.608044ms
 129: 0.608666ms
 130: 0.609034ms
 131: 0.604963ms
 132: 0.609010ms
 133: 0.613466ms
 134: 0.612825ms
 135: 0.612428ms
 136: 0.613044ms
 137: 0.609986ms
 138: 0.609746ms
 139: 0.611994ms
 140: 0.610992ms
 141: 0.609947ms
 142: 0.609403ms
 143: 0.610936ms
 144: 0.612545ms
 145: 0.609417ms
 146: 0.611786ms
 147: 0.610366ms
 148: 0.612290ms
 149: 0.613627ms
 150: 0.614356ms
 151: 0.614722ms
 152: 0.614800ms
 153: 0.614896ms
 154: 0.616596ms
 155: 0.615304ms
 156: 0.615155ms
 157: 0.614945ms
 158: 0.615574ms
 159: 0.683629ms
 160: 0.620328ms
 161: 0.618887ms
 162: 0.627955ms
 163: 0.619817ms
 164: 0.618477ms
 165: 0.618070ms
 166: 0.680397ms
 167: 0.625125ms
 168: 0.620687ms
 169: 0.620795ms
 170: 0.617872ms
 171: 0.621603ms
 172: 0.621420ms
 173: 0.627453ms
 174: 0.619066ms
 175: 0.627749ms
 176: 0.620609ms
 177: 0.623613ms
 178: 0.623379ms
 179: 0.629778ms
 180: 0.621671ms
 181: 0.618389ms
 182: 0.618723ms
 183: 0.621007ms
 184: 0.686692ms
 185: 0.631584ms
 186: 0.690283ms
 187: 0.691050ms
 188: 0.695068ms
 189: 0.703112ms
 190: 0.708467ms
 191: 0.697113ms
 192: 0.722537ms
 193: 1.484674ms
 194: 0.816306ms
 195: 0.727866ms
 196: 0.740868ms
 197: 3.546163ms
 198: 0.777326ms
 199: 0.742979ms


Measurements
--------------------------
FFT Size            : 73^3
Threads             : 35
Batch               : 1
Iterations          : 200
Avg Tot Runtime     : 0.628703 ms
Runtime per batch   : 0.628703 ms
SD                  : 0.218692 ms
Q1                  : 0.588502 ms
Median              : 0.604577 ms
Q3                  : 0.613627 ms
