Expm 2: Streaming FFT

Printing individual runtimes:
 0: 0.767896ms
 1: 0.581154ms
 2: 0.572604ms
 3: 1.439814ms
 4: 0.573160ms
 5: 0.589812ms
 6: 0.576264ms
 7: 0.718636ms
 8: 0.581002ms
 9: 0.591508ms
 10: 0.582565ms
 11: 0.887045ms
 12: 0.581768ms
 13: 0.584670ms
 14: 0.587533ms
 15: 0.570629ms
 16: 0.635803ms
 17: 0.720316ms
 18: 0.575974ms
 19: 0.574154ms
 20: 0.591057ms
 21: 0.617149ms
 22: 0.569953ms
 23: 0.606781ms
 24: 0.740549ms
 25: 0.613032ms
 26: 0.576860ms
 27: 0.584145ms
 28: 0.604788ms
 29: 0.571755ms
 30: 0.577344ms
 31: 0.577746ms
 32: 0.749837ms
 33: 0.621830ms
 34: 0.571207ms
 35: 0.586574ms
 36: 0.590585ms
 37: 0.591822ms
 38: 0.576429ms
 39: 0.606658ms
 40: 0.582083ms
 41: 0.724671ms
 42: 0.580616ms
 43: 0.591663ms
 44: 0.576871ms
 45: 0.604766ms
 46: 0.774800ms
 47: 0.572660ms
 48: 0.592764ms
 49: 0.582848ms
 50: 0.580437ms
 51: 0.577009ms
 52: 0.577695ms
 53: 0.721008ms
 54: 0.596492ms
 55: 0.572897ms
 56: 0.589688ms
 57: 0.612904ms
 58: 0.599242ms
 59: 0.625563ms
 60: 0.600046ms
 61: 0.596278ms
 62: 0.587840ms
 63: 0.568282ms
 64: 0.608792ms
 65: 0.607011ms
 66: 0.741531ms
 67: 0.584671ms
 68: 0.631883ms
 69: 0.598081ms
 70: 0.579608ms
 71: 0.587459ms
 72: 0.580346ms
 73: 0.572292ms
 74: 0.570963ms
 75: 0.578289ms
 76: 0.614078ms
 77: 0.576938ms
 78: 0.579975ms
 79: 0.576214ms
 80: 0.611504ms
 81: 0.572396ms
 82: 0.604310ms
 83: 0.560135ms
 84: 0.581588ms
 85: 0.757700ms
 86: 0.575436ms
 87: 0.578943ms
 88: 0.582975ms
 89: 0.591463ms
 90: 0.604007ms
 91: 0.583606ms
 92: 0.582481ms
 93: 0.578613ms
 94: 0.575229ms
 95: 0.603230ms
 96: 0.599319ms
 97: 0.582171ms
 98: 0.600810ms
 99: 0.569314ms
 100: 0.605434ms
 101: 0.568816ms
 102: 0.571277ms
 103: 0.589759ms
 104: 0.625788ms
 105: 0.597368ms
 106: 0.582415ms
 107: 0.625123ms
 108: 0.581589ms
 109: 0.570883ms
 110: 0.579204ms
 111: 0.577568ms
 112: 0.571595ms
 113: 0.760317ms
 114: 0.578327ms
 115: 0.576279ms
 116: 0.624073ms
 117: 0.599969ms
 118: 0.615282ms
 119: 0.617118ms
 120: 0.579697ms
 121: 0.581409ms
 122: 0.587052ms
 123: 0.589997ms
 124: 0.569239ms
 125: 0.582060ms
 126: 0.627316ms
 127: 0.622904ms
 128: 0.573778ms
 129: 0.583784ms
 130: 0.604003ms
 131: 0.726831ms
 132: 0.569696ms
 133: 0.577086ms
 134: 0.573028ms
 135: 0.578288ms
 136: 0.583184ms
 137: 0.572545ms
 138: 0.587020ms
 139: 0.617271ms
 140: 0.571502ms
 141: 0.589272ms
 142: 0.578578ms
 143: 0.623447ms
 144: 0.568347ms
 145: 0.576285ms
 146: 0.568422ms
 147: 0.573442ms
 148: 0.576093ms
 149: 0.583182ms
 150: 0.577177ms
 151: 0.576534ms
 152: 0.580671ms
 153: 0.589746ms
 154: 0.584774ms
 155: 0.570025ms
 156: 0.586684ms
 157: 0.576317ms
 158: 0.613156ms
 159: 0.569222ms
 160: 0.762467ms
 161: 0.574618ms
 162: 0.574574ms
 163: 0.572788ms
 164: 0.571228ms
 165: 0.572480ms
 166: 0.579257ms
 167: 0.574667ms
 168: 0.583673ms
 169: 0.608500ms
 170: 0.612404ms
 171: 0.578989ms
 172: 0.588047ms
 173: 0.573289ms
 174: 0.574482ms
 175: 0.623751ms
 176: 0.590944ms
 177: 0.569721ms
 178: 0.573529ms
 179: 0.569485ms
 180: 0.583149ms
 181: 0.594912ms
 182: 0.579318ms
 183: 0.582559ms
 184: 0.573239ms
 185: 0.600721ms
 186: 0.587543ms
 187: 0.584443ms
 188: 0.627948ms
 189: 0.568092ms
 190: 0.607344ms
 191: 0.570240ms
 192: 0.574494ms
 193: 0.575358ms
 194: 0.570740ms
 195: 0.583711ms
 196: 0.568843ms
 197: 0.607998ms
 198: 0.650589ms
 199: 0.584846ms


-- Real : Q1: 50 Q2: 100 Q3: 150
-- Array: Q1: 49 Q2: 99 Q3: 149
Printing sorted runtimes:
 0: 0.572292ms
 1: 0.571595ms
 2: 0.570963ms
 3: 0.568843ms
 4: 0.568347ms
 5: 0.568422ms
 6: 0.568282ms
 7: 0.570740ms
 8: 0.570883ms
 9: 0.571502ms
 10: 0.570025ms
 11: 0.569222ms
 12: 0.569239ms
 13: 0.571277ms
 14: 0.570240ms
 15: 0.570629ms
 16: 0.568092ms
 17: 0.568816ms
 18: 0.571228ms
 19: 0.560135ms
 20: 0.571207ms
 21: 0.569314ms
 22: 0.569953ms
 23: 0.569721ms
 24: 0.569696ms
 25: 0.569485ms
 26: 0.571755ms
 27: 0.573529ms
 28: 0.572604ms
 29: 0.573160ms
 30: 0.573442ms
 31: 0.572897ms
 32: 0.572545ms
 33: 0.572396ms
 34: 0.573239ms
 35: 0.573289ms
 36: 0.572660ms
 37: 0.573028ms
 38: 0.572788ms
 39: 0.572480ms
 40: 0.575436ms
 41: 0.575358ms
 42: 0.574154ms
 43: 0.574667ms
 44: 0.574494ms
 45: 0.574618ms
 46: 0.573778ms
 47: 0.575229ms
 48: 0.574574ms
 49: 0.574482ms
 50: 0.575974ms
 51: 0.581768ms
 52: 0.576214ms
 53: 0.576264ms
 54: 0.576285ms
 55: 0.576429ms
 56: 0.576317ms
 57: 0.576279ms
 58: 0.576534ms
 59: 0.576860ms
 60: 0.576938ms
 61: 0.577177ms
 62: 0.577746ms
 63: 0.577695ms
 64: 0.577009ms
 65: 0.577344ms
 66: 0.577568ms
 67: 0.577086ms
 68: 0.576871ms
 69: 0.578288ms
 70: 0.578289ms
 71: 0.578327ms
 72: 0.580346ms
 73: 0.578578ms
 74: 0.579608ms
 75: 0.576093ms
 76: 0.581154ms
 77: 0.580671ms
 78: 0.579975ms
 79: 0.579204ms
 80: 0.580437ms
 81: 0.581002ms
 82: 0.581589ms
 83: 0.580616ms
 84: 0.581588ms
 85: 0.579257ms
 86: 0.579697ms
 87: 0.578943ms
 88: 0.581409ms
 89: 0.579318ms
 90: 0.578989ms
 91: 0.578613ms
 92: 0.582415ms
 93: 0.582060ms
 94: 0.582083ms
 95: 0.582171ms
 96: 0.582565ms
 97: 0.582559ms
 98: 0.582481ms
 99: 0.582848ms
 100: 0.582975ms
 101: 0.596278ms
 102: 0.583182ms
 103: 0.583184ms
 104: 0.583606ms
 105: 0.584671ms
 106: 0.584670ms
 107: 0.584443ms
 108: 0.583673ms
 109: 0.583784ms
 110: 0.584145ms
 111: 0.583711ms
 112: 0.584774ms
 113: 0.584846ms
 114: 0.589812ms
 115: 0.586684ms
 116: 0.587533ms
 117: 0.587840ms
 118: 0.587543ms
 119: 0.589688ms
 120: 0.587459ms
 121: 0.589272ms
 122: 0.587052ms
 123: 0.589997ms
 124: 0.589759ms
 125: 0.589746ms
 126: 0.587020ms
 127: 0.588047ms
 128: 0.586574ms
 129: 0.591508ms
 130: 0.583149ms
 131: 0.590944ms
 132: 0.592764ms
 133: 0.591663ms
 134: 0.591463ms
 135: 0.591057ms
 136: 0.591822ms
 137: 0.590585ms
 138: 0.594912ms
 139: 0.599319ms
 140: 0.599242ms
 141: 0.596492ms
 142: 0.597368ms
 143: 0.598081ms
 144: 0.600721ms
 145: 0.600046ms
 146: 0.599969ms
 147: 0.603230ms
 148: 0.600810ms
 149: 0.604003ms
 150: 0.604007ms
 151: 0.604310ms
 152: 0.604766ms
 153: 0.605434ms
 154: 0.608500ms
 155: 0.607998ms
 156: 0.607344ms
 157: 0.606781ms
 158: 0.604788ms
 159: 0.607011ms
 160: 0.606658ms
 161: 0.721008ms
 162: 0.741531ms
 163: 0.774800ms
 164: 0.631883ms
 165: 0.623447ms
 166: 0.724671ms
 167: 0.762467ms
 168: 0.614078ms
 169: 0.613156ms
 170: 0.612404ms
 171: 0.617271ms
 172: 0.611504ms
 173: 0.757700ms
 174: 0.621830ms
 175: 0.623751ms
 176: 0.726831ms
 177: 0.749837ms
 178: 0.622904ms
 179: 0.613032ms
 180: 0.740549ms
 181: 0.627316ms
 182: 0.608792ms
 183: 0.617149ms
 184: 0.625788ms
 185: 0.617118ms
 186: 0.615282ms
 187: 0.720316ms
 188: 0.627948ms
 189: 0.635803ms
 190: 0.625563ms
 191: 0.624073ms
 192: 0.887045ms
 193: 0.625123ms
 194: 0.718636ms
 195: 0.760317ms
 196: 1.439814ms
 197: 0.612904ms
 198: 0.650589ms
 199: 0.767896ms


Measurements
--------------------------
FFT Size            : 73^3
Threads             : 27
Batch               : 1
Iterations          : 200
Avg Tot Runtime     : 0.603166 ms
Runtime per batch   : 0.603166 ms
SD                  : 0.075545 ms
Q1                  : 0.574482 ms
Median              : 0.582911 ms
Q3                  : 0.604003 ms
