Expm 2: Streaming FFT

Printing individual runtimes:
 0: 0.741520ms
 1: 0.576837ms
 2: 0.581114ms
 3: 0.846815ms
 4: 0.579559ms
 5: 1.491163ms
 6: 0.582782ms
 7: 1.166023ms
 8: 0.585239ms
 9: 0.618567ms
 10: 0.576947ms
 11: 0.575176ms
 12: 0.586380ms
 13: 0.582038ms
 14: 0.788264ms
 15: 0.589190ms
 16: 0.695720ms
 17: 0.623313ms
 18: 0.584175ms
 19: 0.579902ms
 20: 0.604317ms
 21: 0.578263ms
 22: 0.583364ms
 23: 0.620366ms
 24: 0.583337ms
 25: 0.719103ms
 26: 0.583808ms
 27: 0.579698ms
 28: 0.660626ms
 29: 0.579745ms
 30: 0.578206ms
 31: 0.571063ms
 32: 0.606819ms
 33: 0.578261ms
 34: 0.576104ms
 35: 0.571492ms
 36: 0.618084ms
 37: 0.590489ms
 38: 0.582182ms
 39: 0.581690ms
 40: 0.582771ms
 41: 0.588904ms
 42: 0.580973ms
 43: 0.570947ms
 44: 0.622527ms
 45: 0.586071ms
 46: 0.738270ms
 47: 0.585040ms
 48: 0.657456ms
 49: 0.587844ms
 50: 0.581726ms
 51: 0.583412ms
 52: 0.586262ms
 53: 0.639278ms
 54: 0.581768ms
 55: 0.578084ms
 56: 0.581343ms
 57: 0.585301ms
 58: 0.576465ms
 59: 0.585432ms
 60: 0.574630ms
 61: 0.589295ms
 62: 0.704664ms
 63: 0.575486ms
 64: 0.577115ms
 65: 0.582675ms
 66: 0.626889ms
 67: 0.583127ms
 68: 0.576538ms
 69: 0.586073ms
 70: 0.610067ms
 71: 0.580846ms
 72: 0.603682ms
 73: 0.588757ms
 74: 0.577477ms
 75: 0.577319ms
 76: 0.588530ms
 77: 0.613446ms
 78: 0.586125ms
 79: 0.582687ms
 80: 0.578304ms
 81: 0.619512ms
 82: 0.616247ms
 83: 0.587118ms
 84: 0.620593ms
 85: 0.579591ms
 86: 0.583773ms
 87: 0.578763ms
 88: 0.638933ms
 89: 0.585208ms
 90: 0.579738ms
 91: 0.573993ms
 92: 0.573615ms
 93: 0.575916ms
 94: 0.584728ms
 95: 0.576319ms
 96: 0.623395ms
 97: 0.579248ms
 98: 0.598662ms
 99: 0.588722ms
 100: 0.580802ms
 101: 0.714425ms
 102: 0.620022ms
 103: 0.603311ms
 104: 0.591093ms
 105: 0.579940ms
 106: 0.581741ms
 107: 0.581495ms
 108: 0.588096ms
 109: 0.581461ms
 110: 0.574856ms
 111: 0.581981ms
 112: 0.587168ms
 113: 0.579557ms
 114: 0.582519ms
 115: 0.577178ms
 116: 0.584189ms
 117: 0.583694ms
 118: 0.576067ms
 119: 0.579176ms
 120: 0.586578ms
 121: 0.575018ms
 122: 0.573934ms
 123: 0.580504ms
 124: 0.599836ms
 125: 0.590145ms
 126: 0.578173ms
 127: 0.628276ms
 128: 0.578075ms
 129: 0.575758ms
 130: 0.577265ms
 131: 0.608560ms
 132: 0.609057ms
 133: 0.586865ms
 134: 0.578648ms
 135: 0.595354ms
 136: 0.569517ms
 137: 0.583783ms
 138: 0.611368ms
 139: 0.579025ms
 140: 0.583820ms
 141: 0.628196ms
 142: 0.589197ms
 143: 0.590160ms
 144: 0.623211ms
 145: 0.632197ms
 146: 0.573147ms
 147: 0.628002ms
 148: 0.611870ms
 149: 0.601417ms
 150: 0.602440ms
 151: 0.578705ms
 152: 0.585016ms
 153: 0.589308ms
 154: 0.570002ms
 155: 0.576995ms
 156: 0.581495ms
 157: 0.583828ms
 158: 0.584171ms
 159: 0.606840ms
 160: 0.586974ms
 161: 0.605488ms
 162: 0.617328ms
 163: 0.614487ms
 164: 0.586752ms
 165: 0.578724ms
 166: 0.584227ms
 167: 0.582140ms
 168: 0.638490ms
 169: 0.575617ms
 170: 0.579106ms
 171: 0.583228ms
 172: 0.587418ms
 173: 0.580039ms
 174: 0.586886ms
 175: 0.584759ms
 176: 0.715508ms
 177: 0.576135ms
 178: 0.603496ms
 179: 0.578605ms
 180: 0.617749ms
 181: 0.578987ms
 182: 0.589537ms
 183: 0.581561ms
 184: 0.603843ms
 185: 0.578241ms
 186: 0.579841ms
 187: 0.575103ms
 188: 0.578402ms
 189: 0.645393ms
 190: 0.579878ms
 191: 0.578000ms
 192: 0.580240ms
 193: 0.609430ms
 194: 0.582764ms
 195: 0.576118ms
 196: 0.574038ms
 197: 0.582790ms
 198: 0.584046ms
 199: 0.587129ms


-- Real : Q1: 50 Q2: 100 Q3: 150
-- Array: Q1: 49 Q2: 99 Q3: 149
Printing sorted runtimes:
 0: 0.576538ms
 1: 0.575486ms
 2: 0.574038ms
 3: 0.576118ms
 4: 0.574630ms
 5: 0.576465ms
 6: 0.573993ms
 7: 0.573615ms
 8: 0.575916ms
 9: 0.575103ms
 10: 0.576319ms
 11: 0.575176ms
 12: 0.574856ms
 13: 0.576067ms
 14: 0.575018ms
 15: 0.570947ms
 16: 0.576135ms
 17: 0.573934ms
 18: 0.575758ms
 19: 0.571492ms
 20: 0.575617ms
 21: 0.576104ms
 22: 0.569517ms
 23: 0.571063ms
 24: 0.570002ms
 25: 0.573147ms
 26: 0.578705ms
 27: 0.578000ms
 28: 0.578084ms
 29: 0.577477ms
 30: 0.578206ms
 31: 0.576995ms
 32: 0.578402ms
 33: 0.578261ms
 34: 0.578263ms
 35: 0.577319ms
 36: 0.578648ms
 37: 0.577265ms
 38: 0.576947ms
 39: 0.578075ms
 40: 0.578173ms
 41: 0.577115ms
 42: 0.576837ms
 43: 0.578605ms
 44: 0.578304ms
 45: 0.577178ms
 46: 0.578241ms
 47: 0.578763ms
 48: 0.578724ms
 49: 0.578987ms
 50: 0.579025ms
 51: 0.582771ms
 52: 0.579176ms
 53: 0.579248ms
 54: 0.579559ms
 55: 0.579591ms
 56: 0.579698ms
 57: 0.579557ms
 58: 0.580240ms
 59: 0.579738ms
 60: 0.579878ms
 61: 0.579940ms
 62: 0.579841ms
 63: 0.580039ms
 64: 0.580504ms
 65: 0.579902ms
 66: 0.579745ms
 67: 0.580802ms
 68: 0.581690ms
 69: 0.582182ms
 70: 0.579106ms
 71: 0.580846ms
 72: 0.580973ms
 73: 0.582519ms
 74: 0.581114ms
 75: 0.582675ms
 76: 0.582764ms
 77: 0.581981ms
 78: 0.581461ms
 79: 0.582687ms
 80: 0.581495ms
 81: 0.581495ms
 82: 0.582038ms
 83: 0.581741ms
 84: 0.581561ms
 85: 0.581726ms
 86: 0.582140ms
 87: 0.581768ms
 88: 0.581343ms
 89: 0.583783ms
 90: 0.583364ms
 91: 0.583127ms
 92: 0.582782ms
 93: 0.583228ms
 94: 0.583337ms
 95: 0.583694ms
 96: 0.582790ms
 97: 0.583412ms
 98: 0.583773ms
 99: 0.583808ms
 100: 0.583820ms
 101: 0.602440ms
 102: 0.584227ms
 103: 0.584171ms
 104: 0.583828ms
 105: 0.584759ms
 106: 0.584189ms
 107: 0.585040ms
 108: 0.585239ms
 109: 0.584175ms
 110: 0.584728ms
 111: 0.584046ms
 112: 0.585016ms
 113: 0.585208ms
 114: 0.586125ms
 115: 0.586380ms
 116: 0.587118ms
 117: 0.586974ms
 118: 0.586752ms
 119: 0.586071ms
 120: 0.586578ms
 121: 0.586262ms
 122: 0.585432ms
 123: 0.586865ms
 124: 0.586073ms
 125: 0.586886ms
 126: 0.587129ms
 127: 0.588757ms
 128: 0.590145ms
 129: 0.599836ms
 130: 0.590489ms
 131: 0.588530ms
 132: 0.589537ms
 133: 0.588904ms
 134: 0.589190ms
 135: 0.595354ms
 136: 0.589295ms
 137: 0.587418ms
 138: 0.598662ms
 139: 0.588722ms
 140: 0.591093ms
 141: 0.588096ms
 142: 0.589197ms
 143: 0.590160ms
 144: 0.587844ms
 145: 0.589308ms
 146: 0.587168ms
 147: 0.585301ms
 148: 0.601417ms
 149: 0.603311ms
 150: 0.603496ms
 151: 0.603682ms
 152: 0.605488ms
 153: 0.603843ms
 154: 0.604317ms
 155: 0.606819ms
 156: 0.608560ms
 157: 0.609430ms
 158: 0.609057ms
 159: 0.606840ms
 160: 0.610067ms
 161: 0.611368ms
 162: 0.611870ms
 163: 0.613446ms
 164: 0.628002ms
 165: 0.618567ms
 166: 0.619512ms
 167: 0.614487ms
 168: 0.616247ms
 169: 0.617328ms
 170: 0.623395ms
 171: 0.620022ms
 172: 0.622527ms
 173: 0.623313ms
 174: 0.620593ms
 175: 0.620366ms
 176: 0.623211ms
 177: 0.617749ms
 178: 0.626889ms
 179: 0.618084ms
 180: 0.695720ms
 181: 0.788264ms
 182: 0.715508ms
 183: 0.638933ms
 184: 0.639278ms
 185: 0.638490ms
 186: 0.660626ms
 187: 0.741520ms
 188: 0.704664ms
 189: 0.645393ms
 190: 1.166023ms
 191: 0.714425ms
 192: 1.491163ms
 193: 0.738270ms
 194: 0.628196ms
 195: 0.846815ms
 196: 0.632197ms
 197: 0.628276ms
 198: 0.657456ms
 199: 0.719103ms


Measurements
--------------------------
FFT Size            : 73^3
Threads             : 31
Batch               : 1
Iterations          : 200
Avg Tot Runtime     : 0.604142 ms
Runtime per batch   : 0.604142 ms
SD                  : 0.083235 ms
Q1                  : 0.578987 ms
Median              : 0.583814 ms
Q3                  : 0.603311 ms
