Expm 2: Streaming FFT

Printing individual runtimes:
 0: 0.772321ms
 1: 0.587752ms
 2: 0.574311ms
 3: 1.457401ms
 4: 0.591613ms
 5: 0.570824ms
 6: 0.586332ms
 7: 0.569641ms
 8: 0.598100ms
 9: 0.576006ms
 10: 0.740264ms
 11: 0.569957ms
 12: 0.578872ms
 13: 0.571850ms
 14: 0.821415ms
 15: 0.575619ms
 16: 0.570896ms
 17: 0.599203ms
 18: 0.579454ms
 19: 0.787453ms
 20: 0.579276ms
 21: 0.583966ms
 22: 0.590501ms
 23: 0.572799ms
 24: 0.586492ms
 25: 0.740314ms
 26: 0.574880ms
 27: 0.578602ms
 28: 0.574878ms
 29: 0.618859ms
 30: 0.773797ms
 31: 0.577203ms
 32: 0.601786ms
 33: 0.574179ms
 34: 0.586801ms
 35: 0.575798ms
 36: 0.597746ms
 37: 0.803606ms
 38: 0.618786ms
 39: 0.576348ms
 40: 0.570712ms
 41: 0.581626ms
 42: 0.562817ms
 43: 0.600392ms
 44: 0.574869ms
 45: 0.585729ms
 46: 0.581495ms
 47: 0.570313ms
 48: 0.601676ms
 49: 0.568418ms
 50: 0.585201ms
 51: 0.572565ms
 52: 0.796308ms
 53: 0.601373ms
 54: 0.575690ms
 55: 0.597392ms
 56: 0.607905ms
 57: 0.577440ms
 58: 0.626825ms
 59: 0.574444ms
 60: 0.575153ms
 61: 0.578043ms
 62: 0.574579ms
 63: 0.617669ms
 64: 0.578328ms
 65: 0.600017ms
 66: 0.580885ms
 67: 0.608871ms
 68: 0.570653ms
 69: 0.582706ms
 70: 0.581789ms
 71: 0.577554ms
 72: 0.587852ms
 73: 0.578370ms
 74: 0.583029ms
 75: 0.578733ms
 76: 0.589376ms
 77: 0.572817ms
 78: 0.586032ms
 79: 0.585292ms
 80: 0.749268ms
 81: 0.574641ms
 82: 0.625055ms
 83: 0.587851ms
 84: 0.583954ms
 85: 0.575861ms
 86: 0.578617ms
 87: 0.580182ms
 88: 0.584159ms
 89: 0.585250ms
 90: 0.572877ms
 91: 0.587047ms
 92: 0.582953ms
 93: 0.577402ms
 94: 0.588862ms
 95: 0.589494ms
 96: 0.590722ms
 97: 0.578195ms
 98: 0.577883ms
 99: 0.578927ms
 100: 0.581204ms
 101: 0.578857ms
 102: 0.596532ms
 103: 0.576198ms
 104: 0.597912ms
 105: 0.600535ms
 106: 0.608919ms
 107: 0.573137ms
 108: 0.606467ms
 109: 0.575903ms
 110: 0.579039ms
 111: 1.223979ms
 112: 0.583753ms
 113: 0.587143ms
 114: 0.577904ms
 115: 0.575721ms
 116: 0.580738ms
 117: 0.576940ms
 118: 0.581175ms
 119: 0.572503ms
 120: 0.576703ms
 121: 0.579199ms
 122: 0.584822ms
 123: 0.596056ms
 124: 0.568117ms
 125: 0.573241ms
 126: 0.588491ms
 127: 0.570466ms
 128: 0.570967ms
 129: 0.581203ms
 130: 0.581144ms
 131: 0.572298ms
 132: 0.574367ms
 133: 0.581779ms
 134: 0.583642ms
 135: 0.565475ms
 136: 0.583518ms
 137: 0.570362ms
 138: 0.594256ms
 139: 0.608867ms
 140: 0.582176ms
 141: 0.581882ms
 142: 0.575496ms
 143: 0.616181ms
 144: 0.577614ms
 145: 0.577955ms
 146: 0.575893ms
 147: 0.595884ms
 148: 0.572000ms
 149: 0.578217ms
 150: 0.654869ms
 151: 0.575345ms
 152: 0.573769ms
 153: 0.581284ms
 154: 0.569045ms
 155: 0.576714ms
 156: 0.569169ms
 157: 0.607046ms
 158: 0.569168ms
 159: 0.605976ms
 160: 0.567999ms
 161: 0.582777ms
 162: 0.594687ms
 163: 0.581711ms
 164: 0.573169ms
 165: 0.576985ms
 166: 0.575359ms
 167: 0.755960ms
 168: 0.600927ms
 169: 0.590956ms
 170: 0.577756ms
 171: 0.576642ms
 172: 0.574105ms
 173: 0.580030ms
 174: 0.575210ms
 175: 0.580846ms
 176: 0.618979ms
 177: 0.569327ms
 178: 0.576809ms
 179: 0.567542ms
 180: 0.613845ms
 181: 0.573158ms
 182: 0.580829ms
 183: 0.574442ms
 184: 0.585223ms
 185: 0.580673ms
 186: 0.570791ms
 187: 0.582184ms
 188: 0.575206ms
 189: 0.598188ms
 190: 0.584945ms
 191: 0.573196ms
 192: 0.590717ms
 193: 0.582802ms
 194: 0.578360ms
 195: 0.577304ms
 196: 0.601704ms
 197: 0.598268ms
 198: 0.568967ms
 199: 0.572781ms


-- Real : Q1: 50 Q2: 100 Q3: 150
-- Array: Q1: 49 Q2: 99 Q3: 149
Printing sorted runtimes:
 0: 0.572781ms
 1: 0.572503ms
 2: 0.568117ms
 3: 0.568967ms
 4: 0.570466ms
 5: 0.570824ms
 6: 0.570967ms
 7: 0.569641ms
 8: 0.572298ms
 9: 0.565475ms
 10: 0.570362ms
 11: 0.569957ms
 12: 0.570653ms
 13: 0.571850ms
 14: 0.570791ms
 15: 0.572000ms
 16: 0.570896ms
 17: 0.569045ms
 18: 0.572565ms
 19: 0.569169ms
 20: 0.568418ms
 21: 0.569168ms
 22: 0.570313ms
 23: 0.567999ms
 24: 0.567542ms
 25: 0.562817ms
 26: 0.570712ms
 27: 0.569327ms
 28: 0.574641ms
 29: 0.573137ms
 30: 0.573196ms
 31: 0.572817ms
 32: 0.574367ms
 33: 0.574179ms
 34: 0.573241ms
 35: 0.574311ms
 36: 0.574105ms
 37: 0.572877ms
 38: 0.574579ms
 39: 0.574444ms
 40: 0.573769ms
 41: 0.574442ms
 42: 0.573158ms
 43: 0.572799ms
 44: 0.573169ms
 45: 0.574878ms
 46: 0.574869ms
 47: 0.575206ms
 48: 0.575153ms
 49: 0.574880ms
 50: 0.575210ms
 51: 0.576198ms
 52: 0.575359ms
 53: 0.575496ms
 54: 0.575690ms
 55: 0.575721ms
 56: 0.575345ms
 57: 0.575861ms
 58: 0.575903ms
 59: 0.575893ms
 60: 0.576006ms
 61: 0.575798ms
 62: 0.575619ms
 63: 0.578370ms
 64: 0.576642ms
 65: 0.576348ms
 66: 0.577756ms
 67: 0.577402ms
 68: 0.577440ms
 69: 0.577614ms
 70: 0.576940ms
 71: 0.577554ms
 72: 0.576714ms
 73: 0.577203ms
 74: 0.576809ms
 75: 0.577304ms
 76: 0.576985ms
 77: 0.577883ms
 78: 0.577904ms
 79: 0.577955ms
 80: 0.578195ms
 81: 0.576703ms
 82: 0.578360ms
 83: 0.578217ms
 84: 0.578043ms
 85: 0.578328ms
 86: 0.580182ms
 87: 0.578617ms
 88: 0.579039ms
 89: 0.579199ms
 90: 0.578872ms
 91: 0.580030ms
 92: 0.578857ms
 93: 0.578733ms
 94: 0.579276ms
 95: 0.578927ms
 96: 0.579454ms
 97: 0.578602ms
 98: 0.580738ms
 99: 0.580673ms
 100: 0.580829ms
 101: 0.587752ms
 102: 0.581144ms
 103: 0.581175ms
 104: 0.580885ms
 105: 0.581204ms
 106: 0.581203ms
 107: 0.582802ms
 108: 0.582184ms
 109: 0.581626ms
 110: 0.581711ms
 111: 0.582777ms
 112: 0.583753ms
 113: 0.581495ms
 114: 0.581284ms
 115: 0.582706ms
 116: 0.581789ms
 117: 0.581882ms
 118: 0.582176ms
 119: 0.582953ms
 120: 0.583518ms
 121: 0.583029ms
 122: 0.583642ms
 123: 0.581779ms
 124: 0.583954ms
 125: 0.584159ms
 126: 0.580846ms
 127: 0.586332ms
 128: 0.584945ms
 129: 0.585223ms
 130: 0.585292ms
 131: 0.586032ms
 132: 0.583966ms
 133: 0.586492ms
 134: 0.584822ms
 135: 0.585250ms
 136: 0.587047ms
 137: 0.586801ms
 138: 0.585729ms
 139: 0.587143ms
 140: 0.585201ms
 141: 0.590722ms
 142: 0.589494ms
 143: 0.588491ms
 144: 0.587851ms
 145: 0.590717ms
 146: 0.589376ms
 147: 0.590501ms
 148: 0.587852ms
 149: 0.588862ms
 150: 0.590956ms
 151: 0.591613ms
 152: 0.594687ms
 153: 0.594256ms
 154: 0.595884ms
 155: 0.597746ms
 156: 0.596532ms
 157: 0.597392ms
 158: 0.596056ms
 159: 0.597912ms
 160: 0.605976ms
 161: 0.601676ms
 162: 0.607046ms
 163: 0.607905ms
 164: 0.601704ms
 165: 0.600392ms
 166: 0.600535ms
 167: 0.600017ms
 168: 0.600927ms
 169: 0.598268ms
 170: 0.599203ms
 171: 0.598100ms
 172: 0.601373ms
 173: 0.598188ms
 174: 0.601786ms
 175: 0.606467ms
 176: 0.608871ms
 177: 0.608919ms
 178: 0.608867ms
 179: 0.616181ms
 180: 0.613845ms
 181: 0.740314ms
 182: 0.618859ms
 183: 0.787453ms
 184: 0.749268ms
 185: 0.618979ms
 186: 0.821415ms
 187: 0.773797ms
 188: 0.740264ms
 189: 0.617669ms
 190: 0.625055ms
 191: 0.803606ms
 192: 0.618786ms
 193: 0.755960ms
 194: 0.772321ms
 195: 1.223979ms
 196: 0.626825ms
 197: 0.796308ms
 198: 1.457401ms
 199: 0.654869ms


Measurements
--------------------------
FFT Size            : 73^3
Threads             : 26
Batch               : 1
Iterations          : 200
Avg Tot Runtime     : 0.600663 ms
Runtime per batch   : 0.600663 ms
SD                  : 0.087162 ms
Q1                  : 0.574880 ms
Median              : 0.580751 ms
Q3                  : 0.588862 ms
