Expm 2: Streaming FFTW
FFTW Plan: Patient
-- Cannot import wisdom from ../../wisdom/singlenode/all/33/fftw_33_t39_b1.patient
-- Exporting wisdom file to ../../wisdom/singlenode/all/33/fftw_33_t39_b1.patient
Iteration: 0, 1, 2, 3, 4, 5, 6, 7, 8, 9, 10, 11, 12, 13, 14, 15, 16, 17, 18, 19, 20, 21, 22, 23, 24, 25, 26, 27, 28, 29, 30, 31, 32, 33, 34, 35, 36, 37, 38, 39, 40, 41, 42, 43, 44, 45, 46, 47, 48, 49, 
Printing individual runtimes:
 0: 0.372810ms
 1: 0.124836ms
 2: 0.156203ms
 3: 1.587648ms
 4: 0.148581ms
 5: 0.053762ms
 6: 0.052913ms
 7: 0.057982ms
 8: 0.687565ms
 9: 0.066074ms
 10: 0.057960ms
 11: 0.053342ms
 12: 0.731091ms
 13: 0.063699ms
 14: 0.042505ms
 15: 0.041529ms
 16: 0.045336ms
 17: 0.052787ms
 18: 0.058899ms
 19: 0.051007ms
 20: 0.068735ms
 21: 0.043306ms
 22: 0.051977ms
 23: 0.066072ms
 24: 0.063475ms
 25: 0.053670ms
 26: 0.330695ms
 27: 0.054258ms
 28: 0.044079ms
 29: 0.052231ms
 30: 0.051247ms
 31: 0.046029ms
 32: 0.044667ms
 33: 0.045074ms
 34: 0.409278ms
 35: 0.049851ms
 36: 0.057149ms
 37: 0.046807ms
 38: 0.741399ms
 39: 0.150617ms
 40: 0.064224ms
 41: 0.058187ms
 42: 0.051301ms
 43: 0.051620ms
 44: 0.053628ms
 45: 0.049832ms
 46: 0.052260ms
 47: 0.147435ms
 48: 0.054198ms
 49: 0.050473ms


Measurements
--------------------------
FFT Size            : 33^3
Threads             : 39
Batch               : 1
Iterations          : 50
Avg Tot Runtime     : 0.152206 ms
Runtime per batch   : 0.152206 ms
SD                  : 0.266494 ms
Throughput          : 0.000596 GFLOPs
Plan Time           : 2.385883 sec
