Expm 2: Streaming FFTW
FFTW Plan: Patient
-- Cannot import wisdom from ../../wisdom/singlenode/all/616/fftw_616_t40_b1.patient
-- Exporting wisdom file to ../../wisdom/singlenode/all/616/fftw_616_t40_b1.patient
Iteration: 0, 1, 2, 3, 4, 5, 6, 7, 8, 9, 10, 11, 12, 13, 14, 15, 16, 17, 18, 19, 20, 21, 22, 23, 24, 25, 26, 27, 28, 29, 30, 31, 32, 33, 34, 35, 36, 37, 38, 39, 40, 41, 42, 43, 44, 45, 46, 47, 48, 49, 
Printing individual runtimes:
 0: 134.651708ms
 1: 208.510436ms
 2: 205.667241ms
 3: 208.239403ms
 4: 164.355822ms
 5: 134.391403ms
 6: 217.031940ms
 7: 231.579951ms
 8: 209.989712ms
 9: 212.591538ms
 10: 130.159638ms
 11: 214.656110ms
 12: 276.859148ms
 13: 208.933532ms
 14: 284.856142ms
 15: 270.911726ms
 16: 280.388062ms
 17: 331.545008ms
 18: 217.461388ms
 19: 217.818620ms
 20: 268.792537ms
 21: 259.627874ms
 22: 219.887551ms
 23: 226.143512ms
 24: 158.748345ms
 25: 154.208708ms
 26: 154.216116ms
 27: 223.064995ms
 28: 216.315464ms
 29: 222.619540ms
 30: 231.099575ms
 31: 157.329979ms
 32: 157.885856ms
 33: 157.707515ms
 34: 157.574309ms
 35: 158.088221ms
 36: 157.797449ms
 37: 158.138292ms
 38: 157.217018ms
 39: 158.746534ms
 40: 216.212729ms
 41: 220.363750ms
 42: 175.207686ms
 43: 228.412364ms
 44: 153.947574ms
 45: 154.225374ms
 46: 230.984865ms
 47: 153.644390ms
 48: 156.361542ms
 49: 154.702673ms


Measurements
--------------------------
FFT Size            : 616^3
Threads             : 40
Batch               : 1
Iterations          : 50
Avg Tot Runtime     : 199.197417 ms
Runtime per batch   : 199.197417 ms
SD                  : 46.076723 ms
Throughput          : 6.849361 GFLOPs
Plan Time           : 846.219177 sec
