Expm 2: Streaming FFTW
FFTW Plan: Patient
-- Cannot import wisdom from ../../wisdom/singlenode/all/616/fftw_616_t38_b1.patient
-- Exporting wisdom file to ../../wisdom/singlenode/all/616/fftw_616_t38_b1.patient
Iteration: 0, 1, 2, 3, 4, 5, 6, 7, 8, 9, 10, 11, 12, 13, 14, 15, 16, 17, 18, 19, 20, 21, 22, 23, 24, 25, 26, 27, 28, 29, 30, 31, 32, 33, 34, 35, 36, 37, 38, 39, 40, 41, 42, 43, 44, 45, 46, 47, 48, 49, 
Printing individual runtimes:
 0: 293.731103ms
 1: 221.584647ms
 2: 235.384827ms
 3: 280.287220ms
 4: 223.464756ms
 5: 236.131953ms
 6: 163.000619ms
 7: 170.614176ms
 8: 162.511275ms
 9: 159.703729ms
 10: 219.933678ms
 11: 227.755990ms
 12: 227.552809ms
 13: 155.655700ms
 14: 160.631501ms
 15: 160.263885ms
 16: 158.904727ms
 17: 210.785718ms
 18: 160.480168ms
 19: 156.839533ms
 20: 150.247493ms
 21: 150.829659ms
 22: 149.826611ms
 23: 284.738196ms
 24: 148.716088ms
 25: 148.938089ms
 26: 148.912511ms
 27: 146.238956ms
 28: 149.639968ms
 29: 149.121458ms
 30: 148.340277ms
 31: 191.975397ms
 32: 148.406728ms
 33: 149.146823ms
 34: 149.454315ms
 35: 149.032347ms
 36: 145.146383ms
 37: 143.812458ms
 38: 144.360659ms
 39: 143.403077ms
 40: 144.827871ms
 41: 145.715999ms
 42: 143.832666ms
 43: 145.577166ms
 44: 164.181714ms
 45: 144.995768ms
 46: 197.734044ms
 47: 145.430878ms
 48: 143.827645ms
 49: 143.781176ms


Measurements
--------------------------
FFT Size            : 616^3
Threads             : 38
Batch               : 1
Iterations          : 50
Avg Tot Runtime     : 172.908209 ms
Runtime per batch   : 172.908209 ms
SD                  : 40.345348 ms
Throughput          : 5.455439 GFLOPs
Plan Time           : 750.990304 sec
