Expm 2: Streaming FFTW
FFTW Plan: Patient
-- Cannot import wisdom from ../../wisdom/singlenode/all/59/fftw_59_t40_b1.patient
-- Exporting wisdom file to ../../wisdom/singlenode/all/59/fftw_59_t40_b1.patient
Iteration: 0, 1, 2, 3, 4, 5, 6, 7, 8, 9, 10, 11, 12, 13, 14, 15, 16, 17, 18, 19, 20, 21, 22, 23, 24, 25, 26, 27, 28, 29, 30, 31, 32, 33, 34, 35, 36, 37, 38, 39, 40, 41, 42, 43, 44, 45, 46, 47, 48, 49, 
Printing individual runtimes:
 0: 1.069608ms
 1: 0.518319ms
 2: 0.506218ms
 3: 0.535269ms
 4: 0.498776ms
 5: 0.509578ms
 6: 0.483311ms
 7: 0.483139ms
 8: 0.985069ms
 9: 0.486542ms
 10: 0.511263ms
 11: 0.506434ms
 12: 0.496238ms
 13: 0.548264ms
 14: 0.475908ms
 15: 0.489968ms
 16: 0.515259ms
 17: 0.507241ms
 18: 0.471924ms
 19: 0.496926ms
 20: 0.499250ms
 21: 0.494613ms
 22: 0.512597ms
 23: 0.521344ms
 24: 0.504245ms
 25: 0.507115ms
 26: 0.487421ms
 27: 0.493452ms
 28: 0.491603ms
 29: 0.503267ms
 30: 0.521444ms
 31: 0.501094ms
 32: 0.571309ms
 33: 0.478149ms
 34: 0.489179ms
 35: 0.522882ms
 36: 0.907496ms
 37: 0.531488ms
 38: 1.348043ms
 39: 1.012615ms
 40: 0.989090ms
 41: 0.538456ms
 42: 0.505173ms
 43: 0.519871ms
 44: 0.565912ms
 45: 0.546173ms
 46: 0.512542ms
 47: 0.557343ms
 48: 0.510395ms
 49: 0.550588ms


Measurements
--------------------------
FFT Size            : 59^3
Threads             : 40
Batch               : 1
Iterations          : 50
Avg Tot Runtime     : 0.575788 ms
Runtime per batch   : 0.575788 ms
SD                  : 0.183828 ms
Throughput          : 0.025042 GFLOPs
Plan Time           : 44.408487 sec
