Expm 1: Only FFTW
FFTW Plan: Patient
-- Cannot import wisdom from ../../wisdom/singlenode/prime/expm1//fftw_127_t1_b1.patient
-- Exporting wisdom file to ../../wisdom/singlenode/prime/expm1//fftw_127_t1_b1.patient
Iteration: 0, 1, 2, 3, 4, 5, 6, 7, 8, 9, 10, 11, 12, 13, 14, 15, 16, 17, 18, 19, 20, 21, 22, 23, 24, 25, 26, 27, 28, 29, 30, 31, 32, 33, 34, 35, 36, 37, 38, 39, 40, 41, 42, 43, 44, 45, 46, 47, 48, 49, 
Printing individual runtimes:
 0: 80.276106ms
 1: 78.275293ms
 2: 78.161230ms
 3: 78.159837ms
 4: 78.136152ms
 5: 78.147630ms
 6: 78.136169ms
 7: 78.133530ms
 8: 78.156518ms
 9: 78.136337ms
 10: 78.141760ms
 11: 78.132710ms
 12: 78.135807ms
 13: 78.186033ms
 14: 78.146614ms
 15: 78.127943ms
 16: 78.136237ms
 17: 78.131873ms
 18: 78.136865ms
 19: 78.111320ms
 20: 78.126082ms
 21: 78.129095ms
 22: 78.150659ms
 23: 78.131277ms
 24: 78.126633ms
 25: 78.123771ms
 26: 78.120343ms
 27: 78.152655ms
 28: 78.130152ms
 29: 78.136224ms
 30: 78.127661ms
 31: 78.143295ms
 32: 78.494646ms
 33: 78.127993ms
 34: 78.138530ms
 35: 78.124227ms
 36: 78.140308ms
 37: 78.136813ms
 38: 78.132533ms
 39: 78.123156ms
 40: 78.119407ms
 41: 78.111997ms
 42: 78.125711ms
 43: 78.142403ms
 44: 78.138684ms
 45: 78.129420ms
 46: 78.119164ms
 47: 78.128651ms
 48: 78.126498ms
 49: 78.127319ms


Measurements
--------------------------
FFT Size            : 127^3
Threads             : 1
Batch               : 1
Iterations          : 50
Avg Tot Runtime     : 78.187825 ms
Runtime per batch   : 78.187825 ms
SD                  : 0.303386 ms
Throughput          : 0.228774 GFLOPs
Plan Time           : 7.028053 sec
