Expm 1: Only FFTW
FFTW Plan: Patient
-- Cannot import wisdom from ../../wisdom/singlenode/prime/expm1//fftw_127_t32_b1.patient
-- Exporting wisdom file to ../../wisdom/singlenode/prime/expm1//fftw_127_t32_b1.patient
Iteration: 0, 1, 2, 3, 4, 5, 6, 7, 8, 9, 10, 11, 12, 13, 14, 15, 16, 17, 18, 19, 20, 21, 22, 23, 24, 25, 26, 27, 28, 29, 30, 31, 32, 33, 34, 35, 36, 37, 38, 39, 40, 41, 42, 43, 44, 45, 46, 47, 48, 49, 
Printing individual runtimes:
 0: 3.561843ms
 1: 3.382773ms
 2: 3.389079ms
 3: 3.404187ms
 4: 3.384546ms
 5: 3.379649ms
 6: 3.384912ms
 7: 3.396415ms
 8: 3.379956ms
 9: 3.389429ms
 10: 3.378709ms
 11: 3.381048ms
 12: 3.383871ms
 13: 3.380732ms
 14: 3.380431ms
 15: 3.385891ms
 16: 3.390220ms
 17: 3.388926ms
 18: 3.374600ms
 19: 3.368366ms
 20: 3.383879ms
 21: 3.393453ms
 22: 3.387151ms
 23: 3.381591ms
 24: 3.378628ms
 25: 3.390283ms
 26: 3.400626ms
 27: 3.491103ms
 28: 3.415406ms
 29: 3.502410ms
 30: 3.389023ms
 31: 3.387516ms
 32: 3.392515ms
 33: 3.399162ms
 34: 3.403818ms
 35: 3.385294ms
 36: 3.392086ms
 37: 3.375465ms
 38: 3.437623ms
 39: 3.417574ms
 40: 3.389794ms
 41: 3.415549ms
 42: 3.455929ms
 43: 3.419507ms
 44: 3.414433ms
 45: 3.411972ms
 46: 3.423561ms
 47: 3.372843ms
 48: 3.525533ms
 49: 3.419459ms


Measurements
--------------------------
FFT Size            : 127^3
Threads             : 32
Batch               : 1
Iterations          : 50
Avg Tot Runtime     : 3.404375 ms
Runtime per batch   : 3.404375 ms
SD                  : 0.038971 ms
Throughput          : 0.228774 GFLOPs
Plan Time           : 27.986023 sec
