Expm 1: Only FFTW
FFTW Plan: Patient
-- Cannot import wisdom from ../../wisdom/singlenode/prime/expm1//fftw_127_t6_b1.patient
-- Exporting wisdom file to ../../wisdom/singlenode/prime/expm1//fftw_127_t6_b1.patient
Iteration: 0, 1, 2, 3, 4, 5, 6, 7, 8, 9, 10, 11, 12, 13, 14, 15, 16, 17, 18, 19, 20, 21, 22, 23, 24, 25, 26, 27, 28, 29, 30, 31, 32, 33, 34, 35, 36, 37, 38, 39, 40, 41, 42, 43, 44, 45, 46, 47, 48, 49, 
Printing individual runtimes:
 0: 14.674275ms
 1: 14.589584ms
 2: 14.535094ms
 3: 14.622110ms
 4: 14.630115ms
 5: 14.674740ms
 6: 14.571977ms
 7: 14.651131ms
 8: 14.612431ms
 9: 14.595788ms
 10: 14.486336ms
 11: 14.477054ms
 12: 14.637585ms
 13: 14.595267ms
 14: 14.538861ms
 15: 14.640154ms
 16: 14.520719ms
 17: 14.485449ms
 18: 14.561588ms
 19: 14.479203ms
 20: 14.471557ms
 21: 14.604019ms
 22: 14.463606ms
 23: 14.489056ms
 24: 14.661418ms
 25: 14.486858ms
 26: 14.610656ms
 27: 14.708146ms
 28: 14.493803ms
 29: 14.492469ms
 30: 14.543489ms
 31: 14.477363ms
 32: 14.628067ms
 33: 14.529328ms
 34: 14.479151ms
 35: 14.459906ms
 36: 14.654931ms
 37: 14.608289ms
 38: 14.651265ms
 39: 14.485675ms
 40: 14.484731ms
 41: 14.540295ms
 42: 14.552070ms
 43: 14.483518ms
 44: 14.613404ms
 45: 14.606229ms
 46: 14.631086ms
 47: 14.460633ms
 48: 14.605708ms
 49: 14.496671ms


Measurements
--------------------------
FFT Size            : 127^3
Threads             : 6
Batch               : 1
Iterations          : 50
Avg Tot Runtime     : 14.561057 ms
Runtime per batch   : 14.561057 ms
SD                  : 0.071355 ms
Throughput          : 0.228774 GFLOPs
Plan Time           : 19.976704 sec
