Expm 1: Only FFTW
FFTW Plan: Patient
-- Cannot import wisdom from ../../wisdom/singlenode/prime/expm1//fftw_127_t20_b1.patient
-- Exporting wisdom file to ../../wisdom/singlenode/prime/expm1//fftw_127_t20_b1.patient
Iteration: 0, 1, 2, 3, 4, 5, 6, 7, 8, 9, 10, 11, 12, 13, 14, 15, 16, 17, 18, 19, 20, 21, 22, 23, 24, 25, 26, 27, 28, 29, 30, 31, 32, 33, 34, 35, 36, 37, 38, 39, 40, 41, 42, 43, 44, 45, 46, 47, 48, 49, 
Printing individual runtimes:
 0: 4.997172ms
 1: 4.959855ms
 2: 4.979059ms
 3: 4.958826ms
 4: 4.981245ms
 5: 4.982967ms
 6: 5.055580ms
 7: 4.967865ms
 8: 4.973909ms
 9: 4.966480ms
 10: 4.972924ms
 11: 4.977366ms
 12: 4.969201ms
 13: 5.081427ms
 14: 4.971559ms
 15: 4.997284ms
 16: 5.033174ms
 17: 4.963630ms
 18: 5.024219ms
 19: 5.005590ms
 20: 4.998440ms
 21: 5.027247ms
 22: 4.967082ms
 23: 4.964617ms
 24: 4.958474ms
 25: 5.018419ms
 26: 4.972032ms
 27: 5.036585ms
 28: 4.976303ms
 29: 4.969075ms
 30: 4.963823ms
 31: 5.025274ms
 32: 4.967693ms
 33: 4.975389ms
 34: 4.992059ms
 35: 4.978401ms
 36: 4.973638ms
 37: 5.008542ms
 38: 4.969118ms
 39: 4.978206ms
 40: 4.984464ms
 41: 4.968077ms
 42: 4.981646ms
 43: 4.990895ms
 44: 4.988043ms
 45: 4.996008ms
 46: 4.971631ms
 47: 4.972511ms
 48: 4.984684ms
 49: 4.983204ms


Measurements
--------------------------
FFT Size            : 127^3
Threads             : 20
Batch               : 1
Iterations          : 50
Avg Tot Runtime     : 4.987218 ms
Runtime per batch   : 4.987218 ms
SD                  : 0.026022 ms
Throughput          : 0.227032 GFLOPs
Plan Time           : 25.826939 sec
