Expm 1: Only FFTW
FFTW Plan: Patient
-- Cannot import wisdom from ../../wisdom/singlenode/prime/expm1//fftw_127_t18_b1.patient
-- Exporting wisdom file to ../../wisdom/singlenode/prime/expm1//fftw_127_t18_b1.patient
Iteration: 0, 1, 2, 3, 4, 5, 6, 7, 8, 9, 10, 11, 12, 13, 14, 15, 16, 17, 18, 19, 20, 21, 22, 23, 24, 25, 26, 27, 28, 29, 30, 31, 32, 33, 34, 35, 36, 37, 38, 39, 40, 41, 42, 43, 44, 45, 46, 47, 48, 49, 
Printing individual runtimes:
 0: 5.506316ms
 1: 5.496323ms
 2: 5.459378ms
 3: 5.508095ms
 4: 5.556862ms
 5: 5.499314ms
 6: 5.500024ms
 7: 5.509238ms
 8: 5.499693ms
 9: 5.695244ms
 10: 5.554976ms
 11: 5.517660ms
 12: 5.448373ms
 13: 5.386444ms
 14: 5.499475ms
 15: 5.513284ms
 16: 5.448896ms
 17: 5.452274ms
 18: 5.504958ms
 19: 5.517097ms
 20: 5.522944ms
 21: 5.550593ms
 22: 5.395546ms
 23: 5.501187ms
 24: 5.427530ms
 25: 5.512099ms
 26: 5.386444ms
 27: 5.613375ms
 28: 5.381806ms
 29: 5.479231ms
 30: 5.462087ms
 31: 5.558420ms
 32: 5.509113ms
 33: 5.480031ms
 34: 5.257104ms
 35: 5.511413ms
 36: 5.513893ms
 37: 5.506161ms
 38: 5.587063ms
 39: 5.500111ms
 40: 5.507888ms
 41: 5.489919ms
 42: 5.255133ms
 43: 5.508367ms
 44: 5.505919ms
 45: 5.526144ms
 46: 5.323411ms
 47: 5.490292ms
 48: 5.528050ms
 49: 5.511364ms


Measurements
--------------------------
FFT Size            : 127^3
Threads             : 18
Batch               : 1
Iterations          : 50
Avg Tot Runtime     : 5.487531 ms
Runtime per batch   : 5.487531 ms
SD                  : 0.075450 ms
Throughput          : 0.228774 GFLOPs
Plan Time           : 25.150488 sec
