Expm 1: Only FFTW
FFTW Plan: Patient
-- Cannot import wisdom from ../../wisdom/singlenode/prime/expm1//fftw_127_t3_b1.patient
-- Exporting wisdom file to ../../wisdom/singlenode/prime/expm1//fftw_127_t3_b1.patient
Iteration: 0, 1, 2, 3, 4, 5, 6, 7, 8, 9, 10, 11, 12, 13, 14, 15, 16, 17, 18, 19, 20, 21, 22, 23, 24, 25, 26, 27, 28, 29, 30, 31, 32, 33, 34, 35, 36, 37, 38, 39, 40, 41, 42, 43, 44, 45, 46, 47, 48, 49, 
Printing individual runtimes:
 0: 29.355177ms
 1: 29.226403ms
 2: 29.205907ms
 3: 29.163643ms
 4: 29.230099ms
 5: 29.240181ms
 6: 29.201849ms
 7: 29.199640ms
 8: 29.251831ms
 9: 29.204459ms
 10: 29.181111ms
 11: 29.222435ms
 12: 29.252255ms
 13: 29.175210ms
 14: 29.215681ms
 15: 29.196816ms
 16: 29.183899ms
 17: 29.198161ms
 18: 29.207733ms
 19: 29.202466ms
 20: 29.216380ms
 21: 29.195731ms
 22: 29.208800ms
 23: 29.234498ms
 24: 29.213988ms
 25: 29.188495ms
 26: 29.249867ms
 27: 29.226025ms
 28: 29.205250ms
 29: 29.258280ms
 30: 29.218164ms
 31: 29.243149ms
 32: 29.236733ms
 33: 29.231824ms
 34: 29.277075ms
 35: 29.211368ms
 36: 29.188492ms
 37: 29.219966ms
 38: 29.236035ms
 39: 29.258717ms
 40: 29.205194ms
 41: 29.202704ms
 42: 29.221816ms
 43: 29.216999ms
 44: 29.201402ms
 45: 29.181386ms
 46: 29.476833ms
 47: 29.243540ms
 48: 29.251063ms
 49: 29.232273ms


Measurements
--------------------------
FFT Size            : 127^3
Threads             : 3
Batch               : 1
Iterations          : 50
Avg Tot Runtime     : 29.225340 ms
Runtime per batch   : 29.225340 ms
SD                  : 0.047275 ms
Throughput          : 0.228774 GFLOPs
Plan Time           : 18.893573 sec
