Expm 1: Only FFTW
FFTW Plan: Patient
-- Cannot import wisdom from ../../wisdom/singlenode/prime/expm1//fftw_127_t26_b1.patient
-- Exporting wisdom file to ../../wisdom/singlenode/prime/expm1//fftw_127_t26_b1.patient
Iteration: 0, 1, 2, 3, 4, 5, 6, 7, 8, 9, 10, 11, 12, 13, 14, 15, 16, 17, 18, 19, 20, 21, 22, 23, 24, 25, 26, 27, 28, 29, 30, 31, 32, 33, 34, 35, 36, 37, 38, 39, 40, 41, 42, 43, 44, 45, 46, 47, 48, 49, 
Printing individual runtimes:
 0: 3.629143ms
 1: 4.001826ms
 2: 3.609076ms
 3: 3.595975ms
 4: 3.597170ms
 5: 3.610610ms
 6: 3.675294ms
 7: 3.624145ms
 8: 3.614498ms
 9: 3.704163ms
 10: 3.621096ms
 11: 3.610287ms
 12: 3.620847ms
 13: 3.628028ms
 14: 3.848527ms
 15: 3.624931ms
 16: 3.974380ms
 17: 3.635963ms
 18: 3.864909ms
 19: 3.623346ms
 20: 3.756098ms
 21: 3.632417ms
 22: 3.603674ms
 23: 3.729280ms
 24: 3.623549ms
 25: 3.626650ms
 26: 3.614080ms
 27: 3.621974ms
 28: 3.906765ms
 29: 3.600173ms
 30: 3.868798ms
 31: 3.866612ms
 32: 3.707188ms
 33: 3.614702ms
 34: 3.731744ms
 35: 3.621753ms
 36: 3.974025ms
 37: 3.774559ms
 38: 3.625053ms
 39: 3.620140ms
 40: 3.607034ms
 41: 3.618136ms
 42: 3.935286ms
 43: 3.628143ms
 44: 3.659366ms
 45: 3.597622ms
 46: 3.610466ms
 47: 3.607375ms
 48: 3.614160ms
 49: 3.613071ms


Measurements
--------------------------
FFT Size            : 127^3
Threads             : 26
Batch               : 1
Iterations          : 50
Avg Tot Runtime     : 3.686482 ms
Runtime per batch   : 3.686482 ms
SD                  : 0.116819 ms
Throughput          : 0.228774 GFLOPs
Plan Time           : 23.658641 sec
