Expm 2: Streaming FFT

Printing individual runtimes:
 0: 14.367522ms
 1: 14.704734ms
 2: 10.729993ms
 3: 8.989109ms
 4: 9.132421ms
 5: 10.007307ms
 6: 8.803087ms
 7: 8.715679ms
 8: 8.479617ms
 9: 8.293307ms
 10: 8.376489ms
 11: 8.160494ms
 12: 8.814682ms
 13: 8.957666ms
 14: 8.737619ms
 15: 8.209080ms
 16: 7.733671ms
 17: 9.186931ms
 18: 8.793261ms
 19: 9.244212ms
 20: 8.908323ms
 21: 8.939709ms
 22: 8.781004ms
 23: 9.049846ms
 24: 9.235475ms
 25: 8.961682ms
 26: 9.270249ms
 27: 9.100000ms
 28: 9.200419ms
 29: 8.823594ms
 30: 9.050846ms
 31: 8.897066ms
 32: 8.784992ms
 33: 8.830426ms
 34: 9.168497ms
 35: 9.158735ms
 36: 9.458431ms
 37: 9.615406ms
 38: 9.609732ms
 39: 8.857538ms
 40: 9.382924ms
 41: 9.692451ms
 42: 8.832255ms
 43: 8.975255ms
 44: 8.770174ms
 45: 8.618462ms
 46: 9.633777ms
 47: 8.815715ms
 48: 8.901202ms
 49: 9.024441ms
 50: 14.422756ms
 51: 13.307849ms
 52: 13.071422ms
 53: 12.560971ms
 54: 13.051728ms
 55: 13.597536ms
 56: 18.112950ms
 57: 14.262040ms
 58: 13.225830ms
 59: 13.410812ms
 60: 12.963141ms
 61: 13.536971ms
 62: 14.176535ms
 63: 13.811547ms
 64: 13.783013ms
 65: 13.485160ms
 66: 12.629461ms
 67: 13.351525ms
 68: 12.884910ms
 69: 13.358049ms
 70: 12.647024ms
 71: 14.176739ms
 72: 14.764872ms
 73: 13.692698ms
 74: 13.229345ms
 75: 13.072194ms
 76: 13.925203ms
 77: 12.585435ms
 78: 13.834124ms
 79: 14.124613ms
 80: 13.711880ms
 81: 14.377753ms
 82: 15.888125ms
 83: 12.948246ms
 84: 15.047235ms
 85: 12.698357ms
 86: 12.979237ms
 87: 13.115615ms
 88: 19.103306ms
 89: 13.535718ms
 90: 12.913162ms
 91: 14.064230ms
 92: 14.565781ms
 93: 12.410409ms
 94: 13.047157ms
 95: 13.133606ms
 96: 12.934312ms
 97: 15.172965ms
 98: 12.580747ms
 99: 13.700519ms
 100: 13.742607ms
 101: 13.328346ms
 102: 13.124771ms
 103: 13.234655ms
 104: 14.318008ms
 105: 12.742462ms
 106: 13.755447ms
 107: 12.812934ms
 108: 13.931338ms
 109: 12.917564ms
 110: 14.225777ms
 111: 13.759470ms
 112: 13.833441ms
 113: 13.618835ms
 114: 13.744876ms
 115: 13.062230ms
 116: 13.550403ms
 117: 13.203307ms
 118: 13.970351ms
 119: 12.964802ms
 120: 13.611389ms
 121: 12.873994ms
 122: 13.809379ms
 123: 13.739004ms
 124: 12.563557ms
 125: 13.861151ms
 126: 14.107032ms
 127: 12.872390ms
 128: 13.127111ms
 129: 13.354805ms
 130: 14.613316ms
 131: 13.110285ms
 132: 12.826011ms
 133: 13.152295ms
 134: 13.024295ms
 135: 15.619733ms
 136: 13.136722ms
 137: 14.113019ms
 138: 13.892426ms
 139: 13.175147ms
 140: 13.527722ms
 141: 13.158481ms
 142: 12.734296ms
 143: 13.593224ms
 144: 13.896487ms
 145: 14.388360ms
 146: 14.111970ms
 147: 14.668183ms
 148: 15.578298ms
 149: 12.682263ms
 150: 14.824964ms
 151: 13.608777ms
 152: 12.899834ms
 153: 13.152362ms
 154: 13.002584ms
 155: 13.182071ms
 156: 12.954758ms
 157: 12.449874ms
 158: 14.153419ms
 159: 13.332792ms
 160: 12.776757ms
 161: 13.129907ms
 162: 13.520974ms
 163: 13.050676ms
 164: 13.490514ms
 165: 14.860913ms
 166: 13.649586ms
 167: 13.877735ms
 168: 12.526401ms
 169: 12.993230ms
 170: 14.564958ms
 171: 13.739368ms
 172: 13.052318ms
 173: 12.791607ms
 174: 12.526410ms
 175: 13.365427ms
 176: 12.356642ms
 177: 12.917717ms
 178: 13.623928ms
 179: 12.298061ms
 180: 13.022565ms
 181: 12.232509ms
 182: 12.843399ms
 183: 12.485827ms
 184: 12.502323ms
 185: 13.316483ms
 186: 12.270646ms
 187: 12.713831ms
 188: 13.228060ms
 189: 12.467410ms
 190: 12.902831ms
 191: 12.621381ms
 192: 13.336166ms
 193: 15.125044ms
 194: 12.559969ms
 195: 13.108564ms
 196: 12.475096ms
 197: 12.826263ms
 198: 12.621449ms
 199: 12.446933ms


-- Real : Q1: 50 Q2: 100 Q3: 150
-- Array: Q1: 49 Q2: 99 Q3: 149
Printing sorted runtimes:
 0: 12.270646ms
 1: 12.232509ms
 2: 10.729993ms
 3: 8.989109ms
 4: 9.132421ms
 5: 10.007307ms
 6: 8.803087ms
 7: 8.715679ms
 8: 8.479617ms
 9: 8.293307ms
 10: 8.376489ms
 11: 8.160494ms
 12: 8.814682ms
 13: 8.957666ms
 14: 8.737619ms
 15: 8.209080ms
 16: 7.733671ms
 17: 9.186931ms
 18: 8.793261ms
 19: 9.244212ms
 20: 8.908323ms
 21: 8.939709ms
 22: 8.781004ms
 23: 9.049846ms
 24: 9.235475ms
 25: 8.961682ms
 26: 9.270249ms
 27: 9.100000ms
 28: 9.200419ms
 29: 8.823594ms
 30: 9.050846ms
 31: 8.897066ms
 32: 8.784992ms
 33: 8.830426ms
 34: 9.168497ms
 35: 9.158735ms
 36: 9.458431ms
 37: 9.615406ms
 38: 9.609732ms
 39: 8.857538ms
 40: 9.382924ms
 41: 9.692451ms
 42: 8.832255ms
 43: 8.975255ms
 44: 8.770174ms
 45: 8.618462ms
 46: 9.633777ms
 47: 8.815715ms
 48: 8.901202ms
 49: 9.024441ms
 50: 12.298061ms
 51: 12.734296ms
 52: 12.410409ms
 53: 12.446933ms
 54: 12.526410ms
 55: 12.560971ms
 56: 12.563557ms
 57: 12.475096ms
 58: 12.580747ms
 59: 12.526401ms
 60: 12.449874ms
 61: 12.485827ms
 62: 12.502323ms
 63: 12.559969ms
 64: 12.585435ms
 65: 12.467410ms
 66: 12.629461ms
 67: 12.356642ms
 68: 12.698357ms
 69: 12.621449ms
 70: 12.647024ms
 71: 12.621381ms
 72: 12.713831ms
 73: 12.682263ms
 74: 12.913162ms
 75: 12.742462ms
 76: 12.812934ms
 77: 12.826263ms
 78: 12.873994ms
 79: 12.902831ms
 80: 12.791607ms
 81: 12.899834ms
 82: 12.776757ms
 83: 12.826011ms
 84: 12.872390ms
 85: 12.884910ms
 86: 12.843399ms
 87: 12.954758ms
 88: 12.917717ms
 89: 12.917564ms
 90: 12.934312ms
 91: 12.948246ms
 92: 12.979237ms
 93: 12.963141ms
 94: 12.964802ms
 95: 13.002584ms
 96: 12.993230ms
 97: 13.047157ms
 98: 13.022565ms
 99: 13.024295ms
 100: 13.050676ms
 101: 13.692698ms
 102: 13.051728ms
 103: 13.062230ms
 104: 13.072194ms
 105: 13.071422ms
 106: 13.234655ms
 107: 13.124771ms
 108: 13.136722ms
 109: 13.129907ms
 110: 13.152295ms
 111: 13.225830ms
 112: 13.133606ms
 113: 13.175147ms
 114: 13.158481ms
 115: 13.307849ms
 116: 13.110285ms
 117: 13.203307ms
 118: 13.127111ms
 119: 13.115615ms
 120: 13.108564ms
 121: 13.228060ms
 122: 13.182071ms
 123: 13.152362ms
 124: 13.229345ms
 125: 13.351525ms
 126: 13.649586ms
 127: 13.611389ms
 128: 13.358049ms
 129: 13.354805ms
 130: 13.490514ms
 131: 13.550403ms
 132: 13.618835ms
 133: 13.365427ms
 134: 13.597536ms
 135: 13.623928ms
 136: 13.328346ms
 137: 13.520974ms
 138: 13.608777ms
 139: 13.410812ms
 140: 13.527722ms
 141: 13.535718ms
 142: 13.536971ms
 143: 13.593224ms
 144: 13.316483ms
 145: 13.332792ms
 146: 13.336166ms
 147: 13.052318ms
 148: 13.485160ms
 149: 13.700519ms
 150: 13.711880ms
 151: 13.739004ms
 152: 13.739368ms
 153: 13.759470ms
 154: 13.755447ms
 155: 13.742607ms
 156: 13.744876ms
 157: 14.111970ms
 158: 14.153419ms
 159: 14.388360ms
 160: 13.896487ms
 161: 13.892426ms
 162: 14.113019ms
 163: 15.619733ms
 164: 14.613316ms
 165: 14.860913ms
 166: 14.107032ms
 167: 13.877735ms
 168: 13.861151ms
 169: 13.809379ms
 170: 14.564958ms
 171: 13.970351ms
 172: 14.668183ms
 173: 13.833441ms
 174: 15.578298ms
 175: 14.225777ms
 176: 13.931338ms
 177: 14.824964ms
 178: 14.318008ms
 179: 14.367522ms
 180: 15.172965ms
 181: 14.565781ms
 182: 14.064230ms
 183: 19.103306ms
 184: 15.047235ms
 185: 15.888125ms
 186: 14.377753ms
 187: 14.124613ms
 188: 13.834124ms
 189: 13.925203ms
 190: 14.764872ms
 191: 14.176739ms
 192: 13.783013ms
 193: 15.125044ms
 194: 13.811547ms
 195: 14.176535ms
 196: 14.262040ms
 197: 18.112950ms
 198: 14.422756ms
 199: 14.704734ms


Measurements
--------------------------
FFT Size            : 256^3
Threads             : 39
Batch               : 1
Iterations          : 200
Avg Tot Runtime     : 12.411578 ms
Runtime per batch   : 12.411578 ms
SD                  : 2.101971 ms
Q1                  : 9.024441 ms
Median              : 13.037486 ms
Q3                  : 13.700519 ms
