Expm 2: Streaming FFT

Printing individual runtimes:
 0: 14.078835ms
 1: 13.763344ms
 2: 9.991651ms
 3: 8.638563ms
 4: 8.250624ms
 5: 9.230231ms
 6: 7.874603ms
 7: 8.040874ms
 8: 7.802358ms
 9: 8.272868ms
 10: 8.044711ms
 11: 8.103939ms
 12: 9.050364ms
 13: 8.286245ms
 14: 8.268145ms
 15: 7.633715ms
 16: 8.038355ms
 17: 8.933385ms
 18: 8.019430ms
 19: 8.923881ms
 20: 8.269957ms
 21: 7.814819ms
 22: 8.173914ms
 23: 7.903516ms
 24: 7.963176ms
 25: 8.274012ms
 26: 8.147982ms
 27: 8.073566ms
 28: 7.980621ms
 29: 8.168799ms
 30: 7.809074ms
 31: 8.328324ms
 32: 7.861347ms
 33: 8.434789ms
 34: 7.712447ms
 35: 7.910180ms
 36: 8.116049ms
 37: 8.267201ms
 38: 8.559264ms
 39: 7.599888ms
 40: 8.003736ms
 41: 8.620093ms
 42: 11.210368ms
 43: 8.887248ms
 44: 8.808673ms
 45: 8.200719ms
 46: 8.233717ms
 47: 8.015009ms
 48: 8.166765ms
 49: 7.889729ms
 50: 8.847147ms
 51: 8.756342ms
 52: 9.203301ms
 53: 8.596555ms
 54: 7.766098ms
 55: 8.621842ms
 56: 9.784060ms
 57: 7.916878ms
 58: 8.704214ms
 59: 8.783465ms
 60: 9.245668ms
 61: 8.608548ms
 62: 8.558169ms
 63: 8.129227ms
 64: 8.245514ms
 65: 7.968532ms
 66: 7.947909ms
 67: 8.809611ms
 68: 8.051724ms
 69: 8.597484ms
 70: 8.948674ms
 71: 8.041604ms
 72: 8.056501ms
 73: 8.382464ms
 74: 8.292306ms
 75: 8.426132ms
 76: 7.730206ms
 77: 8.034871ms
 78: 7.810145ms
 79: 7.966035ms
 80: 7.693012ms
 81: 8.760522ms
 82: 9.073030ms
 83: 8.262541ms
 84: 8.256878ms
 85: 8.644613ms
 86: 8.521782ms
 87: 7.926048ms
 88: 8.075579ms
 89: 10.237455ms
 90: 8.085673ms
 91: 8.222040ms
 92: 8.926706ms
 93: 8.031931ms
 94: 8.230338ms
 95: 8.578226ms
 96: 7.771140ms
 97: 7.887972ms
 98: 8.266759ms
 99: 8.285232ms
 100: 8.119417ms
 101: 7.921579ms
 102: 8.158230ms
 103: 7.959970ms
 104: 8.360437ms
 105: 8.867853ms
 106: 8.347191ms
 107: 9.002344ms
 108: 8.328378ms
 109: 7.980643ms
 110: 7.887652ms
 111: 8.907668ms
 112: 8.309818ms
 113: 8.291461ms
 114: 8.188219ms
 115: 9.496485ms
 116: 8.371368ms
 117: 8.495814ms
 118: 8.327233ms
 119: 8.031092ms
 120: 8.067711ms
 121: 8.258466ms
 122: 8.826787ms
 123: 8.346143ms
 124: 8.377677ms
 125: 7.723443ms
 126: 7.842328ms
 127: 10.033016ms
 128: 7.906452ms
 129: 8.932507ms
 130: 8.399481ms
 131: 8.600821ms
 132: 9.215343ms
 133: 7.850242ms
 134: 8.958400ms
 135: 8.192106ms
 136: 7.704483ms
 137: 7.485800ms
 138: 8.782909ms
 139: 7.982943ms
 140: 9.324965ms
 141: 8.109862ms
 142: 8.540344ms
 143: 8.595214ms
 144: 8.716240ms
 145: 7.974953ms
 146: 8.317063ms
 147: 8.212926ms
 148: 8.649757ms
 149: 8.750457ms
 150: 8.576806ms
 151: 8.580342ms
 152: 8.170011ms
 153: 8.257950ms
 154: 7.901565ms
 155: 8.815194ms
 156: 8.171713ms
 157: 12.416606ms
 158: 11.055008ms
 159: 11.405094ms
 160: 11.229118ms
 161: 10.725156ms
 162: 10.753345ms
 163: 11.599157ms
 164: 10.726926ms
 165: 11.050625ms
 166: 10.684249ms
 167: 10.941255ms
 168: 11.698629ms
 169: 11.602650ms
 170: 11.678471ms
 171: 10.984279ms
 172: 11.383227ms
 173: 10.770798ms
 174: 11.132241ms
 175: 11.037456ms
 176: 10.783919ms
 177: 10.691390ms
 178: 10.818766ms
 179: 11.146858ms
 180: 11.428744ms
 181: 11.280145ms
 182: 11.299066ms
 183: 10.686584ms
 184: 10.662778ms
 185: 11.411766ms
 186: 11.460782ms
 187: 10.655289ms
 188: 11.955115ms
 189: 11.049855ms
 190: 11.312614ms
 191: 11.062060ms
 192: 11.268934ms
 193: 11.669265ms
 194: 11.290976ms
 195: 10.991070ms
 196: 11.064299ms
 197: 11.349333ms
 198: 11.416470ms
 199: 11.159731ms


-- Real : Q1: 50 Q2: 100 Q3: 150
-- Array: Q1: 49 Q2: 99 Q3: 149
Printing sorted runtimes:
 0: 7.968532ms
 1: 7.901565ms
 2: 7.906452ms
 3: 7.842328ms
 4: 7.723443ms
 5: 7.850242ms
 6: 7.874603ms
 7: 7.704483ms
 8: 7.802358ms
 9: 7.887652ms
 10: 7.485800ms
 11: 7.959970ms
 12: 7.921579ms
 13: 7.887972ms
 14: 7.771140ms
 15: 7.633715ms
 16: 7.926048ms
 17: 7.693012ms
 18: 7.966035ms
 19: 7.810145ms
 20: 7.730206ms
 21: 7.814819ms
 22: 7.947909ms
 23: 7.903516ms
 24: 7.963176ms
 25: 7.916878ms
 26: 7.766098ms
 27: 7.889729ms
 28: 7.599888ms
 29: 7.910180ms
 30: 7.809074ms
 31: 7.712447ms
 32: 7.861347ms
 33: 8.038355ms
 34: 7.974953ms
 35: 8.034871ms
 36: 8.031092ms
 37: 7.980643ms
 38: 8.015009ms
 39: 7.980621ms
 40: 8.003736ms
 41: 8.031931ms
 42: 7.982943ms
 43: 8.019430ms
 44: 8.051724ms
 45: 8.041604ms
 46: 8.040874ms
 47: 8.044711ms
 48: 8.056501ms
 49: 8.067711ms
 50: 8.073566ms
 51: 8.262541ms
 52: 8.085673ms
 53: 8.103939ms
 54: 8.147982ms
 55: 8.230338ms
 56: 8.170011ms
 57: 8.212926ms
 58: 8.166765ms
 59: 8.233717ms
 60: 8.200719ms
 61: 8.192106ms
 62: 8.188219ms
 63: 8.129227ms
 64: 8.245514ms
 65: 8.222040ms
 66: 8.173914ms
 67: 8.119417ms
 68: 8.171713ms
 69: 8.250624ms
 70: 8.158230ms
 71: 8.116049ms
 72: 8.168799ms
 73: 8.109862ms
 74: 8.256878ms
 75: 8.075579ms
 76: 8.257950ms
 77: 8.258466ms
 78: 8.286245ms
 79: 8.268145ms
 80: 8.269957ms
 81: 8.267201ms
 82: 8.266759ms
 83: 8.272868ms
 84: 8.285232ms
 85: 8.274012ms
 86: 8.328378ms
 87: 8.328324ms
 88: 8.292306ms
 89: 8.317063ms
 90: 8.309818ms
 91: 8.291461ms
 92: 8.327233ms
 93: 8.382464ms
 94: 8.371368ms
 95: 8.346143ms
 96: 8.377677ms
 97: 8.360437ms
 98: 8.347191ms
 99: 8.399481ms
 100: 8.426132ms
 101: 8.933385ms
 102: 8.521782ms
 103: 8.434789ms
 104: 8.540344ms
 105: 8.559264ms
 106: 8.558169ms
 107: 8.576806ms
 108: 8.580342ms
 109: 8.578226ms
 110: 8.595214ms
 111: 8.597484ms
 112: 8.596555ms
 113: 8.620093ms
 114: 8.600821ms
 115: 8.608548ms
 116: 8.716240ms
 117: 8.815194ms
 118: 8.783465ms
 119: 8.704214ms
 120: 8.621842ms
 121: 8.809611ms
 122: 8.756342ms
 123: 8.808673ms
 124: 8.649757ms
 125: 8.750457ms
 126: 8.638563ms
 127: 8.760522ms
 128: 8.782909ms
 129: 8.644613ms
 130: 8.932507ms
 131: 8.495814ms
 132: 8.923881ms
 133: 8.826787ms
 134: 8.887248ms
 135: 8.847147ms
 136: 8.907668ms
 137: 8.926706ms
 138: 8.867853ms
 139: 9.324965ms
 140: 9.002344ms
 141: 9.230231ms
 142: 9.073030ms
 143: 8.948674ms
 144: 9.245668ms
 145: 9.050364ms
 146: 9.203301ms
 147: 9.215343ms
 148: 8.958400ms
 149: 9.496485ms
 150: 9.784060ms
 151: 10.033016ms
 152: 9.991651ms
 153: 10.237455ms
 154: 10.655289ms
 155: 10.662778ms
 156: 10.686584ms
 157: 10.684249ms
 158: 11.146858ms
 159: 10.726926ms
 160: 10.770798ms
 161: 10.725156ms
 162: 10.753345ms
 163: 10.783919ms
 164: 11.049855ms
 165: 11.050625ms
 166: 11.055008ms
 167: 10.941255ms
 168: 11.062060ms
 169: 10.691390ms
 170: 10.818766ms
 171: 10.984279ms
 172: 10.991070ms
 173: 11.064299ms
 174: 11.132241ms
 175: 11.037456ms
 176: 11.159731ms
 177: 11.383227ms
 178: 11.678471ms
 179: 11.602650ms
 180: 11.428744ms
 181: 11.280145ms
 182: 11.299066ms
 183: 11.698629ms
 184: 11.599157ms
 185: 11.411766ms
 186: 11.460782ms
 187: 11.229118ms
 188: 11.955115ms
 189: 11.405094ms
 190: 11.312614ms
 191: 12.416606ms
 192: 11.268934ms
 193: 11.669265ms
 194: 11.290976ms
 195: 11.210368ms
 196: 13.763344ms
 197: 11.349333ms
 198: 11.416470ms
 199: 14.078835ms


Measurements
--------------------------
FFT Size            : 256^3
Threads             : 30
Batch               : 1
Iterations          : 200
Avg Tot Runtime     : 9.032576 ms
Runtime per batch   : 9.032576 ms
SD                  : 1.349796 ms
Q1                  : 8.067711 ms
Median              : 8.412806 ms
Q3                  : 9.496485 ms
