Expm 2: Streaming FFT

Printing individual runtimes:
 0: 14.865261ms
 1: 13.583086ms
 2: 10.569163ms
 3: 7.915280ms
 4: 9.340182ms
 5: 9.624819ms
 6: 8.149860ms
 7: 8.494172ms
 8: 8.640386ms
 9: 9.377815ms
 10: 8.633888ms
 11: 9.555115ms
 12: 9.105397ms
 13: 10.892448ms
 14: 9.599462ms
 15: 8.648083ms
 16: 8.358245ms
 17: 10.338853ms
 18: 9.556904ms
 19: 9.573007ms
 20: 9.085655ms
 21: 10.655016ms
 22: 9.100335ms
 23: 8.894548ms
 24: 8.931971ms
 25: 9.886461ms
 26: 9.666209ms
 27: 9.423450ms
 28: 9.162029ms
 29: 9.748041ms
 30: 8.776662ms
 31: 9.006029ms
 32: 8.953178ms
 33: 9.359002ms
 34: 9.615191ms
 35: 9.980353ms
 36: 10.781377ms
 37: 9.275971ms
 38: 9.107825ms
 39: 8.545454ms
 40: 9.300125ms
 41: 8.189536ms
 42: 7.808692ms
 43: 8.468730ms
 44: 8.351222ms
 45: 8.709404ms
 46: 7.910975ms
 47: 9.492774ms
 48: 7.906200ms
 49: 8.266005ms
 50: 8.422822ms
 51: 8.371611ms
 52: 8.304170ms
 53: 7.680635ms
 54: 7.344553ms
 55: 8.251027ms
 56: 8.431075ms
 57: 8.372131ms
 58: 7.851283ms
 59: 10.221664ms
 60: 7.904556ms
 61: 10.258223ms
 62: 8.410803ms
 63: 8.315954ms
 64: 8.340916ms
 65: 8.829314ms
 66: 8.299691ms
 67: 9.182760ms
 68: 8.512851ms
 69: 8.279006ms
 70: 9.012950ms
 71: 7.884678ms
 72: 8.465993ms
 73: 7.833847ms
 74: 9.696578ms
 75: 8.608124ms
 76: 9.147329ms
 77: 8.304323ms
 78: 7.967511ms
 79: 8.495648ms
 80: 7.848821ms
 81: 8.243319ms
 82: 9.233410ms
 83: 8.760195ms
 84: 7.924143ms
 85: 9.013862ms
 86: 7.427350ms
 87: 8.601704ms
 88: 7.917332ms
 89: 8.198182ms
 90: 7.697750ms
 91: 8.430595ms
 92: 8.961275ms
 93: 9.087585ms
 94: 7.980857ms
 95: 8.799701ms
 96: 8.566683ms
 97: 7.974840ms
 98: 8.435645ms
 99: 8.373610ms
 100: 11.780324ms
 101: 12.138206ms
 102: 11.395916ms
 103: 11.995887ms
 104: 11.670284ms
 105: 11.658205ms
 106: 12.900833ms
 107: 11.396348ms
 108: 11.829675ms
 109: 10.872475ms
 110: 11.214146ms
 111: 11.582388ms
 112: 11.050625ms
 113: 11.111599ms
 114: 11.642633ms
 115: 11.059127ms
 116: 10.909739ms
 117: 11.500799ms
 118: 11.057647ms
 119: 11.497871ms
 120: 12.242049ms
 121: 12.004603ms
 122: 12.849763ms
 123: 12.079886ms
 124: 12.166945ms
 125: 12.060721ms
 126: 11.999060ms
 127: 12.308630ms
 128: 12.004943ms
 129: 12.326930ms
 130: 12.022392ms
 131: 11.617996ms
 132: 11.521869ms
 133: 14.191171ms
 134: 11.395286ms
 135: 11.613875ms
 136: 12.140825ms
 137: 12.284256ms
 138: 11.771972ms
 139: 12.673875ms
 140: 11.741002ms
 141: 12.079383ms
 142: 11.507511ms
 143: 11.705783ms
 144: 12.609512ms
 145: 12.170922ms
 146: 12.833831ms
 147: 12.426407ms
 148: 12.213227ms
 149: 11.891789ms
 150: 12.163173ms
 151: 11.612538ms
 152: 11.884425ms
 153: 11.801987ms
 154: 11.715731ms
 155: 11.834815ms
 156: 13.367569ms
 157: 11.681848ms
 158: 11.572189ms
 159: 11.601907ms
 160: 12.540239ms
 161: 13.349642ms
 162: 12.059371ms
 163: 11.587344ms
 164: 12.063755ms
 165: 12.565752ms
 166: 12.170707ms
 167: 12.141751ms
 168: 12.363865ms
 169: 14.472508ms
 170: 11.769616ms
 171: 11.572690ms
 172: 12.600714ms
 173: 12.251327ms
 174: 11.465937ms
 175: 11.674225ms
 176: 12.386762ms
 177: 11.813127ms
 178: 11.902717ms
 179: 11.969430ms
 180: 12.190439ms
 181: 12.313298ms
 182: 12.436417ms
 183: 12.471536ms
 184: 12.209850ms
 185: 12.689688ms
 186: 12.613169ms
 187: 13.530732ms
 188: 14.874371ms
 189: 11.952489ms
 190: 12.158564ms
 191: 11.333282ms
 192: 12.869751ms
 193: 12.196878ms
 194: 12.325431ms
 195: 12.034577ms
 196: 13.006123ms
 197: 12.113730ms
 198: 12.284700ms
 199: 11.816231ms


-- Real : Q1: 50 Q2: 100 Q3: 150
-- Array: Q1: 49 Q2: 99 Q3: 149
Printing sorted runtimes:
 0: 8.266005ms
 1: 7.974840ms
 2: 7.980857ms
 3: 7.915280ms
 4: 7.697750ms
 5: 8.198182ms
 6: 8.149860ms
 7: 7.917332ms
 8: 7.427350ms
 9: 7.924143ms
 10: 8.243319ms
 11: 7.848821ms
 12: 7.967511ms
 13: 7.833847ms
 14: 7.884678ms
 15: 7.904556ms
 16: 7.851283ms
 17: 8.251027ms
 18: 7.344553ms
 19: 7.680635ms
 20: 7.906200ms
 21: 7.910975ms
 22: 7.808692ms
 23: 8.189536ms
 24: 8.494172ms
 25: 8.358245ms
 26: 8.372131ms
 27: 8.431075ms
 28: 8.430595ms
 29: 8.410803ms
 30: 8.304170ms
 31: 8.371611ms
 32: 8.304323ms
 33: 8.422822ms
 34: 8.435645ms
 35: 8.373610ms
 36: 8.315954ms
 37: 8.465993ms
 38: 8.279006ms
 39: 8.340916ms
 40: 8.351222ms
 41: 8.468730ms
 42: 8.299691ms
 43: 8.512851ms
 44: 8.495648ms
 45: 8.633888ms
 46: 8.608124ms
 47: 8.601704ms
 48: 8.545454ms
 49: 8.566683ms
 50: 8.640386ms
 51: 10.258223ms
 52: 8.709404ms
 53: 8.776662ms
 54: 8.799701ms
 55: 8.760195ms
 56: 8.894548ms
 57: 8.829314ms
 58: 8.931971ms
 59: 8.961275ms
 60: 9.556904ms
 61: 9.340182ms
 62: 9.573007ms
 63: 9.087585ms
 64: 9.085655ms
 65: 9.492774ms
 66: 9.100335ms
 67: 9.182760ms
 68: 9.300125ms
 69: 9.107825ms
 70: 9.012950ms
 71: 9.599462ms
 72: 9.275971ms
 73: 9.615191ms
 74: 9.696578ms
 75: 9.359002ms
 76: 9.147329ms
 77: 8.953178ms
 78: 9.105397ms
 79: 9.006029ms
 80: 9.555115ms
 81: 9.748041ms
 82: 9.233410ms
 83: 9.162029ms
 84: 9.377815ms
 85: 9.013862ms
 86: 9.423450ms
 87: 9.666209ms
 88: 9.886461ms
 89: 9.624819ms
 90: 8.648083ms
 91: 10.221664ms
 92: 9.980353ms
 93: 10.872475ms
 94: 10.569163ms
 95: 10.655016ms
 96: 10.781377ms
 97: 10.338853ms
 98: 10.909739ms
 99: 10.892448ms
 100: 11.050625ms
 101: 11.741002ms
 102: 11.059127ms
 103: 11.111599ms
 104: 11.214146ms
 105: 11.333282ms
 106: 11.465937ms
 107: 11.396348ms
 108: 11.572690ms
 109: 11.507511ms
 110: 11.572189ms
 111: 11.582388ms
 112: 11.497871ms
 113: 11.395916ms
 114: 11.521869ms
 115: 11.500799ms
 116: 11.395286ms
 117: 11.613875ms
 118: 11.642633ms
 119: 11.674225ms
 120: 11.617996ms
 121: 11.587344ms
 122: 11.601907ms
 123: 11.670284ms
 124: 11.681848ms
 125: 11.715731ms
 126: 11.658205ms
 127: 11.612538ms
 128: 11.705783ms
 129: 11.057647ms
 130: 11.902717ms
 131: 11.769616ms
 132: 11.816231ms
 133: 11.771972ms
 134: 11.780324ms
 135: 11.813127ms
 136: 11.834815ms
 137: 11.884425ms
 138: 11.801987ms
 139: 11.891789ms
 140: 11.829675ms
 141: 12.034577ms
 142: 11.952489ms
 143: 12.004943ms
 144: 11.969430ms
 145: 12.004603ms
 146: 11.999060ms
 147: 11.995887ms
 148: 12.022392ms
 149: 12.059371ms
 150: 12.060721ms
 151: 12.141751ms
 152: 12.113730ms
 153: 12.138206ms
 154: 12.158564ms
 155: 12.140825ms
 156: 12.063755ms
 157: 12.163173ms
 158: 12.079886ms
 159: 12.079383ms
 160: 12.540239ms
 161: 13.349642ms
 162: 12.849763ms
 163: 12.166945ms
 164: 13.367569ms
 165: 12.565752ms
 166: 12.170707ms
 167: 12.308630ms
 168: 12.363865ms
 169: 14.472508ms
 170: 12.242049ms
 171: 12.213227ms
 172: 12.600714ms
 173: 12.251327ms
 174: 12.900833ms
 175: 12.426407ms
 176: 12.386762ms
 177: 12.833831ms
 178: 12.170922ms
 179: 12.609512ms
 180: 12.190439ms
 181: 12.313298ms
 182: 12.436417ms
 183: 12.471536ms
 184: 12.209850ms
 185: 12.689688ms
 186: 12.613169ms
 187: 13.530732ms
 188: 14.874371ms
 189: 12.326930ms
 190: 12.673875ms
 191: 13.583086ms
 192: 12.869751ms
 193: 12.196878ms
 194: 12.325431ms
 195: 14.191171ms
 196: 13.006123ms
 197: 12.284256ms
 198: 12.284700ms
 199: 14.865261ms


Measurements
--------------------------
FFT Size            : 256^3
Threads             : 38
Batch               : 1
Iterations          : 200
Avg Tot Runtime     : 10.488794 ms
Runtime per batch   : 10.488794 ms
SD                  : 1.827725 ms
Q1                  : 8.566683 ms
Median              : 10.971536 ms
Q3                  : 12.059371 ms
