Expm 2: Streaming FFT

Printing individual runtimes:
 0: 20.173229ms
 1: 19.738118ms
 2: 15.631172ms
 3: 13.370176ms
 4: 13.807097ms
 5: 12.959334ms
 6: 13.284999ms
 7: 13.094328ms
 8: 13.315076ms
 9: 12.757420ms
 10: 13.424961ms
 11: 12.882935ms
 12: 18.069110ms
 13: 17.650178ms
 14: 16.902405ms
 15: 18.047988ms
 16: 16.933061ms
 17: 18.019860ms
 18: 18.619728ms
 19: 17.141168ms
 20: 16.832882ms
 21: 18.169612ms
 22: 17.755565ms
 23: 18.015667ms
 24: 17.567481ms
 25: 17.308750ms
 26: 17.209394ms
 27: 17.630948ms
 28: 17.023970ms
 29: 17.865386ms
 30: 17.802584ms
 31: 16.717050ms
 32: 17.762127ms
 33: 17.786478ms
 34: 18.167420ms
 35: 17.493620ms
 36: 17.651912ms
 37: 16.711970ms
 38: 17.019035ms
 39: 17.026738ms
 40: 18.252209ms
 41: 18.081695ms
 42: 16.989189ms
 43: 17.515164ms
 44: 17.295031ms
 45: 17.398451ms
 46: 16.626997ms
 47: 17.006451ms
 48: 17.810316ms
 49: 17.697385ms
 50: 18.106204ms
 51: 17.822106ms
 52: 17.553031ms
 53: 17.029499ms
 54: 17.252307ms
 55: 17.944470ms
 56: 17.522338ms
 57: 17.686250ms
 58: 18.166736ms
 59: 18.513279ms
 60: 16.860580ms
 61: 17.732919ms
 62: 19.079433ms
 63: 17.699682ms
 64: 17.087641ms
 65: 18.023314ms
 66: 16.914034ms
 67: 18.911492ms
 68: 17.987206ms
 69: 17.421295ms
 70: 15.756499ms
 71: 17.385794ms
 72: 18.125605ms
 73: 17.924645ms
 74: 17.472684ms
 75: 15.866736ms
 76: 17.038817ms
 77: 18.327476ms
 78: 17.473234ms
 79: 16.833396ms
 80: 17.866885ms
 81: 16.692452ms
 82: 17.316405ms
 83: 17.537996ms
 84: 17.427470ms
 85: 16.516780ms
 86: 18.021070ms
 87: 18.075301ms
 88: 17.548986ms
 89: 17.703753ms
 90: 17.564013ms
 91: 16.826546ms
 92: 18.020028ms
 93: 17.580900ms
 94: 17.127076ms
 95: 18.138851ms
 96: 17.976569ms
 97: 17.450277ms
 98: 18.549579ms
 99: 16.332145ms
 100: 18.335100ms
 101: 17.957544ms
 102: 16.938201ms
 103: 18.128109ms
 104: 17.677840ms
 105: 17.728430ms
 106: 16.693586ms
 107: 17.357766ms
 108: 16.466051ms
 109: 18.399272ms
 110: 17.079660ms
 111: 18.100890ms
 112: 18.609257ms
 113: 19.109331ms
 114: 17.422743ms
 115: 17.838677ms
 116: 18.346619ms
 117: 17.319912ms
 118: 18.265641ms
 119: 17.324333ms
 120: 18.028997ms
 121: 17.608300ms
 122: 17.311313ms
 123: 18.864440ms
 124: 18.878620ms
 125: 17.532560ms
 126: 17.622691ms
 127: 17.754383ms
 128: 17.623645ms
 129: 18.991775ms
 130: 16.905227ms
 131: 17.590675ms
 132: 17.736019ms
 133: 17.721621ms
 134: 16.592884ms
 135: 18.960476ms
 136: 18.502651ms
 137: 19.050312ms
 138: 18.417103ms
 139: 18.995654ms
 140: 18.267631ms
 141: 18.104856ms
 142: 18.790994ms
 143: 17.470357ms
 144: 20.141282ms
 145: 18.368746ms
 146: 18.461688ms
 147: 17.595922ms
 148: 18.955689ms
 149: 17.986499ms
 150: 18.347469ms
 151: 18.275168ms
 152: 18.710668ms
 153: 17.933727ms
 154: 18.856735ms
 155: 17.745763ms
 156: 19.529930ms
 157: 19.523415ms
 158: 18.734643ms
 159: 18.940947ms
 160: 17.945223ms
 161: 19.698118ms
 162: 19.665252ms
 163: 19.465490ms
 164: 18.535500ms
 165: 18.167064ms
 166: 19.748048ms
 167: 19.078139ms
 168: 19.565126ms
 169: 18.465898ms
 170: 18.642497ms
 171: 18.570077ms
 172: 17.930315ms
 173: 19.395610ms
 174: 19.101023ms
 175: 18.789001ms
 176: 19.355099ms
 177: 19.126102ms
 178: 18.655894ms
 179: 19.011593ms
 180: 19.374707ms
 181: 19.243117ms
 182: 16.774109ms
 183: 20.434710ms
 184: 18.397633ms
 185: 19.701368ms
 186: 19.046866ms
 187: 17.968054ms
 188: 17.993276ms
 189: 19.210750ms
 190: 19.199008ms
 191: 20.140949ms
 192: 18.393329ms
 193: 19.039829ms
 194: 18.886721ms
 195: 19.606656ms
 196: 18.961433ms
 197: 18.399644ms
 198: 18.442700ms
 199: 18.369374ms


-- Real : Q1: 50 Q2: 100 Q3: 150
-- Array: Q1: 49 Q2: 99 Q3: 149
Printing sorted runtimes:
 0: 17.252307ms
 1: 16.466051ms
 2: 15.631172ms
 3: 13.370176ms
 4: 13.807097ms
 5: 12.959334ms
 6: 13.284999ms
 7: 13.094328ms
 8: 13.315076ms
 9: 12.757420ms
 10: 13.424961ms
 11: 12.882935ms
 12: 16.592884ms
 13: 16.693586ms
 14: 16.902405ms
 15: 16.938201ms
 16: 16.933061ms
 17: 17.079660ms
 18: 16.332145ms
 19: 17.141168ms
 20: 16.832882ms
 21: 17.127076ms
 22: 16.826546ms
 23: 16.905227ms
 24: 16.516780ms
 25: 16.692452ms
 26: 17.209394ms
 27: 16.833396ms
 28: 17.023970ms
 29: 17.038817ms
 30: 15.866736ms
 31: 16.717050ms
 32: 15.756499ms
 33: 16.914034ms
 34: 17.087641ms
 35: 16.860580ms
 36: 16.774109ms
 37: 16.711970ms
 38: 17.019035ms
 39: 17.026738ms
 40: 17.029499ms
 41: 17.006451ms
 42: 16.989189ms
 43: 16.626997ms
 44: 17.316405ms
 45: 17.311313ms
 46: 17.295031ms
 47: 17.308750ms
 48: 17.324333ms
 49: 17.319912ms
 50: 17.357766ms
 51: 17.398451ms
 52: 17.385794ms
 53: 17.703753ms
 54: 17.422743ms
 55: 17.450277ms
 56: 17.421295ms
 57: 17.470357ms
 58: 17.532560ms
 59: 17.651912ms
 60: 17.493620ms
 61: 17.515164ms
 62: 17.650178ms
 63: 17.699682ms
 64: 17.595922ms
 65: 17.677840ms
 66: 17.590675ms
 67: 17.686250ms
 68: 17.580900ms
 69: 17.522338ms
 70: 17.697385ms
 71: 17.564013ms
 72: 17.608300ms
 73: 17.427470ms
 74: 17.472684ms
 75: 17.548986ms
 76: 17.622691ms
 77: 17.567481ms
 78: 17.473234ms
 79: 17.630948ms
 80: 17.537996ms
 81: 17.623645ms
 82: 17.553031ms
 83: 17.930315ms
 84: 17.822106ms
 85: 17.732919ms
 86: 17.865386ms
 87: 17.838677ms
 88: 17.802584ms
 89: 17.924645ms
 90: 17.728430ms
 91: 17.755565ms
 92: 17.762127ms
 93: 17.754383ms
 94: 17.786478ms
 95: 17.866885ms
 96: 17.745763ms
 97: 17.810316ms
 98: 17.721621ms
 99: 17.736019ms
 100: 17.933727ms
 101: 18.169612ms
 102: 17.945223ms
 103: 17.957544ms
 104: 17.968054ms
 105: 17.976569ms
 106: 17.986499ms
 107: 17.987206ms
 108: 17.993276ms
 109: 18.128109ms
 110: 18.104856ms
 111: 18.100890ms
 112: 18.138851ms
 113: 18.069110ms
 114: 18.020028ms
 115: 18.075301ms
 116: 18.047988ms
 117: 18.021070ms
 118: 18.019860ms
 119: 18.015667ms
 120: 18.028997ms
 121: 18.125605ms
 122: 18.081695ms
 123: 18.106204ms
 124: 18.023314ms
 125: 18.166736ms
 126: 17.944470ms
 127: 18.167064ms
 128: 18.167420ms
 129: 18.535500ms
 130: 18.327476ms
 131: 18.252209ms
 132: 18.265641ms
 133: 18.346619ms
 134: 18.275168ms
 135: 18.368746ms
 136: 18.369374ms
 137: 18.335100ms
 138: 18.267631ms
 139: 18.442700ms
 140: 18.417103ms
 141: 18.399644ms
 142: 18.465898ms
 143: 18.502651ms
 144: 18.393329ms
 145: 18.399272ms
 146: 18.461688ms
 147: 18.397633ms
 148: 18.513279ms
 149: 18.347469ms
 150: 18.549579ms
 151: 18.570077ms
 152: 18.619728ms
 153: 18.609257ms
 154: 18.642497ms
 155: 18.655894ms
 156: 18.710668ms
 157: 18.789001ms
 158: 18.734643ms
 159: 18.790994ms
 160: 18.856735ms
 161: 18.864440ms
 162: 19.665252ms
 163: 19.465490ms
 164: 19.698118ms
 165: 18.911492ms
 166: 19.748048ms
 167: 19.078139ms
 168: 19.565126ms
 169: 18.940947ms
 170: 19.523415ms
 171: 19.529930ms
 172: 19.079433ms
 173: 19.395610ms
 174: 19.101023ms
 175: 19.109331ms
 176: 19.355099ms
 177: 19.126102ms
 178: 18.878620ms
 179: 19.011593ms
 180: 19.374707ms
 181: 19.243117ms
 182: 18.955689ms
 183: 20.434710ms
 184: 18.991775ms
 185: 19.701368ms
 186: 19.046866ms
 187: 18.960476ms
 188: 19.738118ms
 189: 19.210750ms
 190: 19.199008ms
 191: 20.140949ms
 192: 20.141282ms
 193: 19.039829ms
 194: 18.886721ms
 195: 19.606656ms
 196: 18.961433ms
 197: 19.050312ms
 198: 18.995654ms
 199: 20.173229ms


Measurements
--------------------------
FFT Size            : 256^3
Threads             : 11
Batch               : 1
Iterations          : 200
Avg Tot Runtime     : 17.804157 ms
Runtime per batch   : 17.804157 ms
SD                  : 1.325547 ms
Q1                  : 17.319912 ms
Median              : 17.834873 ms
Q3                  : 18.347469 ms
