Expm 2: Streaming FFTW
FFTW Plan: Patient
-- Cannot import wisdom from ../../wisdom/singlenode/all/614/fftw_614_t37_b1.patient
-- Exporting wisdom file to ../../wisdom/singlenode/all/614/fftw_614_t37_b1.patient
Iteration: 0, 1, 2, 3, 4, 5, 6, 7, 8, 9, 10, 11, 12, 13, 14, 15, 16, 17, 18, 19, 20, 21, 22, 23, 24, 25, 26, 27, 28, 29, 30, 31, 32, 33, 34, 35, 36, 37, 38, 39, 40, 41, 42, 43, 44, 45, 46, 47, 48, 49, 
Printing individual runtimes:
 0: 565.864027ms
 1: 603.829763ms
 2: 567.280127ms
 3: 1381.001565ms
 4: 1122.494819ms
 5: 572.097020ms
 6: 570.935760ms
 7: 573.517202ms
 8: 1047.968879ms
 9: 570.575923ms
 10: 571.647604ms
 11: 569.542996ms
 12: 567.381016ms
 13: 570.932290ms
 14: 568.955880ms
 15: 574.476696ms
 16: 577.766330ms
 17: 573.028411ms
 18: 568.204115ms
 19: 568.142057ms
 20: 567.548111ms
 21: 568.131526ms
 22: 567.604598ms
 23: 655.727824ms
 24: 564.949543ms
 25: 591.604491ms
 26: 565.956287ms
 27: 567.333086ms
 28: 565.939942ms
 29: 599.851512ms
 30: 567.824750ms
 31: 566.222663ms
 32: 565.451466ms
 33: 566.738810ms
 34: 569.428351ms
 35: 563.717309ms
 36: 580.485350ms
 37: 570.177934ms
 38: 579.315823ms
 39: 565.509845ms
 40: 563.273050ms
 41: 564.815598ms
 42: 563.968641ms
 43: 563.619162ms
 44: 563.188220ms
 45: 600.913134ms
 46: 803.814599ms
 47: 564.301706ms
 48: 563.530857ms
 49: 1159.554682ms


Measurements
--------------------------
FFT Size            : 614^3
Threads             : 37
Batch               : 1
Iterations          : 50
Avg Tot Runtime     : 626.122827 ms
Runtime per batch   : 626.122827 ms
SD                  : 170.164569 ms
Throughput          : 47.728825 GFLOPs
Plan Time           : 266.180219 sec
