Expm 2: Streaming FFTW
FFTW Plan: Patient
-- Cannot import wisdom from ../../wisdom/singlenode/all/312/fftw_312_t37_b1.patient
-- Exporting wisdom file to ../../wisdom/singlenode/all/312/fftw_312_t37_b1.patient
Iteration: 0, 1, 2, 3, 4, 5, 6, 7, 8, 9, 10, 11, 12, 13, 14, 15, 16, 17, 18, 19, 20, 21, 22, 23, 24, 25, 26, 27, 28, 29, 30, 31, 32, 33, 34, 35, 36, 37, 38, 39, 40, 41, 42, 43, 44, 45, 46, 47, 48, 49, 
Printing individual runtimes:
 0: 17.946979ms
 1: 17.808303ms
 2: 26.878139ms
 3: 17.832525ms
 4: 17.670112ms
 5: 17.780873ms
 6: 17.856765ms
 7: 17.643328ms
 8: 17.660930ms
 9: 17.688631ms
 10: 17.743932ms
 11: 26.498076ms
 12: 17.803289ms
 13: 19.501750ms
 14: 17.464932ms
 15: 17.588566ms
 16: 17.489252ms
 17: 17.685823ms
 18: 17.664251ms
 19: 17.626835ms
 20: 17.745781ms
 21: 17.694586ms
 22: 17.697032ms
 23: 17.598006ms
 24: 17.767957ms
 25: 17.631330ms
 26: 17.709257ms
 27: 17.697467ms
 28: 17.639905ms
 29: 26.632631ms
 30: 17.462677ms
 31: 17.571012ms
 32: 17.855943ms
 33: 17.964033ms
 34: 17.855306ms
 35: 17.713901ms
 36: 17.655973ms
 37: 17.684780ms
 38: 17.801431ms
 39: 17.813448ms
 40: 17.743009ms
 41: 17.675187ms
 42: 17.838404ms
 43: 17.749492ms
 44: 17.704729ms
 45: 17.685041ms
 46: 17.589155ms
 47: 17.671802ms
 48: 17.802794ms
 49: 26.081385ms


Measurements
--------------------------
FFT Size            : 312^3
Threads             : 37
Batch               : 1
Iterations          : 50
Avg Tot Runtime     : 18.451335 ms
Runtime per batch   : 18.451335 ms
SD                  : 2.396889 ms
Throughput          : 0.594668 GFLOPs
Plan Time           : 213.564525 sec
