Expm 2: Streaming FFTW
FFTW Plan: Patient
-- Cannot import wisdom from ../../wisdom/singlenode/all/463/fftw_463_t37_b1.patient
-- Exporting wisdom file to ../../wisdom/singlenode/all/463/fftw_463_t37_b1.patient
Iteration: 0, 1, 2, 3, 4, 5, 6, 7, 8, 9, 10, 11, 12, 13, 14, 15, 16, 17, 18, 19, 20, 21, 22, 23, 24, 25, 26, 27, 28, 29, 30, 31, 32, 33, 34, 35, 36, 37, 38, 39, 40, 41, 42, 43, 44, 45, 46, 47, 48, 49, 
Printing individual runtimes:
 0: 133.305741ms
 1: 143.885577ms
 2: 142.397444ms
 3: 142.747671ms
 4: 136.741103ms
 5: 136.020200ms
 6: 137.270000ms
 7: 135.541471ms
 8: 137.274054ms
 9: 136.646930ms
 10: 136.361630ms
 11: 137.308946ms
 12: 134.865932ms
 13: 136.990043ms
 14: 134.594295ms
 15: 136.461936ms
 16: 136.888586ms
 17: 136.917881ms
 18: 136.318887ms
 19: 137.461724ms
 20: 138.295893ms
 21: 149.952887ms
 22: 137.296916ms
 23: 156.926879ms
 24: 136.929335ms
 25: 137.457822ms
 26: 137.445307ms
 27: 134.459630ms
 28: 137.520652ms
 29: 137.879146ms
 30: 137.222875ms
 31: 138.830550ms
 32: 137.781569ms
 33: 136.304301ms
 34: 137.941503ms
 35: 135.782173ms
 36: 137.732913ms
 37: 138.630325ms
 38: 137.731061ms
 39: 138.294503ms
 40: 140.082341ms
 41: 138.968996ms
 42: 140.364739ms
 43: 142.623095ms
 44: 142.750854ms
 45: 130.925143ms
 46: 138.359742ms
 47: 139.173122ms
 48: 141.707651ms
 49: 182.582391ms


Measurements
--------------------------
FFT Size            : 463^3
Threads             : 37
Batch               : 1
Iterations          : 50
Avg Tot Runtime     : 139.279087 ms
Runtime per batch   : 139.279087 ms
SD                  : 7.346238 ms
Throughput          : 12.566311 GFLOPs
Plan Time           : 783.035075 sec
