Expm 2: Streaming FFTW
FFTW Plan: Patient
-- Cannot import wisdom from ../../wisdom/singlenode/all/463/fftw_463_t39_b1.patient
-- Exporting wisdom file to ../../wisdom/singlenode/all/463/fftw_463_t39_b1.patient
Iteration: 0, 1, 2, 3, 4, 5, 6, 7, 8, 9, 10, 11, 12, 13, 14, 15, 16, 17, 18, 19, 20, 21, 22, 23, 24, 25, 26, 27, 28, 29, 30, 31, 32, 33, 34, 35, 36, 37, 38, 39, 40, 41, 42, 43, 44, 45, 46, 47, 48, 49, 
Printing individual runtimes:
 0: 128.099730ms
 1: 136.088180ms
 2: 135.744925ms
 3: 137.572545ms
 4: 136.159689ms
 5: 203.353474ms
 6: 128.583147ms
 7: 135.740404ms
 8: 215.382399ms
 9: 137.427975ms
 10: 138.012833ms
 11: 137.687334ms
 12: 137.587025ms
 13: 158.223592ms
 14: 136.741993ms
 15: 227.872606ms
 16: 135.756961ms
 17: 133.670583ms
 18: 134.704323ms
 19: 138.181409ms
 20: 234.825480ms
 21: 135.626704ms
 22: 344.906677ms
 23: 233.765497ms
 24: 135.556139ms
 25: 122.901201ms
 26: 122.268850ms
 27: 123.136853ms
 28: 123.602893ms
 29: 123.521450ms
 30: 271.139407ms
 31: 204.742111ms
 32: 135.745904ms
 33: 136.585078ms
 34: 138.529677ms
 35: 284.501764ms
 36: 140.104222ms
 37: 138.177153ms
 38: 137.568573ms
 39: 135.653019ms
 40: 137.203630ms
 41: 135.071790ms
 42: 122.812613ms
 43: 123.295447ms
 44: 122.160722ms
 45: 347.307645ms
 46: 137.617549ms
 47: 137.729664ms
 48: 135.689348ms
 49: 136.653061ms


Measurements
--------------------------
FFT Size            : 463^3
Threads             : 39
Batch               : 1
Iterations          : 50
Avg Tot Runtime     : 158.619825 ms
Runtime per batch   : 158.619825 ms
SD                  : 54.478190 ms
Throughput          : 12.566311 GFLOPs
Plan Time           : 754.096232 sec
