Expm 2: Streaming FFTW
FFTW Plan: Patient
-- Cannot import wisdom from ../../wisdom/singlenode/all/665/fftw_665_t39_b1.patient
-- Exporting wisdom file to ../../wisdom/singlenode/all/665/fftw_665_t39_b1.patient
Iteration: 0, 1, 2, 3, 4, 5, 6, 7, 8, 9, 10, 11, 12, 13, 14, 15, 16, 17, 18, 19, 20, 21, 22, 23, 24, 25, 26, 27, 28, 29, 30, 31, 32, 33, 34, 35, 36, 37, 38, 39, 40, 41, 42, 43, 44, 45, 46, 47, 48, 49, 
Printing individual runtimes:
 0: 370.679081ms
 1: 688.638472ms
 2: 589.768747ms
 3: 572.673218ms
 4: 464.055416ms
 5: 425.629000ms
 6: 366.798977ms
 7: 367.468794ms
 8: 472.634304ms
 9: 674.058968ms
 10: 373.468709ms
 11: 373.736960ms
 12: 373.801932ms
 13: 376.468002ms
 14: 376.647544ms
 15: 390.893645ms
 16: 443.758672ms
 17: 397.388646ms
 18: 373.745306ms
 19: 369.026576ms
 20: 417.271789ms
 21: 370.203797ms
 22: 369.388752ms
 23: 707.150741ms
 24: 545.382319ms
 25: 649.971737ms
 26: 364.929230ms
 27: 672.483877ms
 28: 580.409533ms
 29: 373.469634ms
 30: 366.694731ms
 31: 712.238305ms
 32: 375.373395ms
 33: 444.448433ms
 34: 369.125277ms
 35: 407.299627ms
 36: 368.760882ms
 37: 374.289209ms
 38: 367.551332ms
 39: 396.754585ms
 40: 366.535205ms
 41: 782.210060ms
 42: 585.070792ms
 43: 371.772446ms
 44: 372.083283ms
 45: 476.482028ms
 46: 374.446541ms
 47: 373.511059ms
 48: 374.134356ms
 49: 374.421378ms


Measurements
--------------------------
FFT Size            : 665^3
Threads             : 39
Batch               : 1
Iterations          : 50
Avg Tot Runtime     : 450.504106 ms
Runtime per batch   : 450.504106 ms
SD                  : 118.479495 ms
Throughput          : 25.161803 GFLOPs
Plan Time           : 451.458474 sec
