Expm 2: Streaming FFTW
FFTW Plan: Patient
-- Cannot import wisdom from ../../wisdom/singlenode/all/489/fftw_489_t37_b1.patient
-- Exporting wisdom file to ../../wisdom/singlenode/all/489/fftw_489_t37_b1.patient
Iteration: 0, 1, 2, 3, 4, 5, 6, 7, 8, 9, 10, 11, 12, 13, 14, 15, 16, 17, 18, 19, 20, 21, 22, 23, 24, 25, 26, 27, 28, 29, 30, 31, 32, 33, 34, 35, 36, 37, 38, 39, 40, 41, 42, 43, 44, 45, 46, 47, 48, 49, 
Printing individual runtimes:
 0: 252.262049ms
 1: 252.114495ms
 2: 254.683077ms
 3: 259.416389ms
 4: 252.201709ms
 5: 522.905603ms
 6: 302.814955ms
 7: 406.938518ms
 8: 261.071930ms
 9: 255.279113ms
 10: 261.939945ms
 11: 259.824395ms
 12: 394.793910ms
 13: 253.612003ms
 14: 255.982784ms
 15: 262.244322ms
 16: 256.050407ms
 17: 262.321163ms
 18: 259.719194ms
 19: 260.904598ms
 20: 260.251668ms
 21: 255.975161ms
 22: 256.627233ms
 23: 400.049633ms
 24: 259.877024ms
 25: 257.307336ms
 26: 258.354039ms
 27: 259.488084ms
 28: 256.040235ms
 29: 258.089953ms
 30: 259.017189ms
 31: 258.795123ms
 32: 256.450987ms
 33: 257.912752ms
 34: 261.272570ms
 35: 261.754632ms
 36: 259.245072ms
 37: 260.530297ms
 38: 260.725849ms
 39: 255.104390ms
 40: 258.058681ms
 41: 255.583337ms
 42: 258.826990ms
 43: 258.019140ms
 44: 257.410832ms
 45: 259.395523ms
 46: 259.364536ms
 47: 259.297416ms
 48: 257.061179ms
 49: 262.440670ms


Measurements
--------------------------
FFT Size            : 489^3
Threads             : 37
Batch               : 1
Iterations          : 50
Avg Tot Runtime     : 272.908162 ms
Runtime per batch   : 272.908162 ms
SD                  : 49.492625 ms
Throughput          : 17.554590 GFLOPs
Plan Time           : 476.109381 sec
