Expm 2: Streaming FFTW
FFTW Plan: Patient
-- Cannot import wisdom from ../../wisdom/singlenode/all/489/fftw_489_t40_b1.patient
-- Exporting wisdom file to ../../wisdom/singlenode/all/489/fftw_489_t40_b1.patient
Iteration: 0, 1, 2, 3, 4, 5, 6, 7, 8, 9, 10, 11, 12, 13, 14, 15, 16, 17, 18, 19, 20, 21, 22, 23, 24, 25, 26, 27, 28, 29, 30, 31, 32, 33, 34, 35, 36, 37, 38, 39, 40, 41, 42, 43, 44, 45, 46, 47, 48, 49, 
Printing individual runtimes:
 0: 238.788346ms
 1: 239.065250ms
 2: 271.925016ms
 3: 240.036393ms
 4: 239.235921ms
 5: 358.982299ms
 6: 256.766535ms
 7: 241.284639ms
 8: 242.043496ms
 9: 241.094612ms
 10: 359.298525ms
 11: 245.929392ms
 12: 240.589391ms
 13: 240.716410ms
 14: 241.034661ms
 15: 241.037681ms
 16: 240.877281ms
 17: 241.973811ms
 18: 241.173682ms
 19: 240.504103ms
 20: 241.626769ms
 21: 249.889259ms
 22: 239.552762ms
 23: 236.677241ms
 24: 237.659551ms
 25: 236.322180ms
 26: 236.867236ms
 27: 361.858577ms
 28: 242.303921ms
 29: 244.537930ms
 30: 241.788790ms
 31: 241.476649ms
 32: 241.607360ms
 33: 241.268223ms
 34: 241.495090ms
 35: 244.468895ms
 36: 236.668418ms
 37: 426.376260ms
 38: 271.065505ms
 39: 238.697137ms
 40: 357.217112ms
 41: 237.833591ms
 42: 237.963324ms
 43: 237.906821ms
 44: 361.989298ms
 45: 237.868560ms
 46: 236.960758ms
 47: 446.321997ms
 48: 287.368056ms
 49: 237.844621ms


Measurements
--------------------------
FFT Size            : 489^3
Threads             : 40
Batch               : 1
Iterations          : 50
Avg Tot Runtime     : 262.676787 ms
Runtime per batch   : 262.676787 ms
SD                  : 50.647584 ms
Throughput          : 17.554590 GFLOPs
Plan Time           : 498.263351 sec
