Expm 2: Streaming FFTW
FFTW Plan: Patient
-- Cannot import wisdom from ../../wisdom/singlenode/all/481/fftw_481_t36_b1.patient
-- Exporting wisdom file to ../../wisdom/singlenode/all/481/fftw_481_t36_b1.patient
Iteration: 0, 1, 2, 3, 4, 5, 6, 7, 8, 9, 10, 11, 12, 13, 14, 15, 16, 17, 18, 19, 20, 21, 22, 23, 24, 25, 26, 27, 28, 29, 30, 31, 32, 33, 34, 35, 36, 37, 38, 39, 40, 41, 42, 43, 44, 45, 46, 47, 48, 49, 
Printing individual runtimes:
 0: 289.758105ms
 1: 286.663869ms
 2: 286.736216ms
 3: 287.076505ms
 4: 286.643491ms
 5: 286.981156ms
 6: 539.057760ms
 7: 599.211847ms
 8: 286.773484ms
 9: 284.812295ms
 10: 285.003869ms
 11: 285.215015ms
 12: 284.348275ms
 13: 284.074764ms
 14: 284.684737ms
 15: 281.890090ms
 16: 284.326058ms
 17: 434.962366ms
 18: 285.530620ms
 19: 285.389937ms
 20: 285.560702ms
 21: 285.503798ms
 22: 285.752363ms
 23: 285.643784ms
 24: 285.952658ms
 25: 286.477768ms
 26: 286.546420ms
 27: 286.486776ms
 28: 284.895336ms
 29: 286.623335ms
 30: 285.472221ms
 31: 284.698406ms
 32: 284.908066ms
 33: 283.956531ms
 34: 284.086686ms
 35: 283.884442ms
 36: 281.649940ms
 37: 522.095633ms
 38: 283.598171ms
 39: 284.285101ms
 40: 284.960119ms
 41: 284.386650ms
 42: 284.303630ms
 43: 283.462746ms
 44: 283.391210ms
 45: 283.889812ms
 46: 283.058366ms
 47: 284.923769ms
 48: 284.400359ms
 49: 284.749489ms


Measurements
--------------------------
FFT Size            : 481^3
Threads             : 36
Batch               : 1
Iterations          : 50
Avg Tot Runtime     : 304.174895 ms
Runtime per batch   : 304.174895 ms
SD                  : 66.886247 ms
Throughput          : 17.828821 GFLOPs
Plan Time           : 445.951269 sec
