Expm 2: Streaming FFTW
FFTW Plan: Patient
-- Cannot import wisdom from ../../wisdom/singlenode/all/306/fftw_306_t40_b1.patient
-- Exporting wisdom file to ../../wisdom/singlenode/all/306/fftw_306_t40_b1.patient
Iteration: 0, 1, 2, 3, 4, 5, 6, 7, 8, 9, 10, 11, 12, 13, 14, 15, 16, 17, 18, 19, 20, 21, 22, 23, 24, 25, 26, 27, 28, 29, 30, 31, 32, 33, 34, 35, 36, 37, 38, 39, 40, 41, 42, 43, 44, 45, 46, 47, 48, 49, 
Printing individual runtimes:
 0: 92.556770ms
 1: 60.447769ms
 2: 33.295645ms
 3: 31.951548ms
 4: 32.644599ms
 5: 33.490430ms
 6: 31.814984ms
 7: 31.895830ms
 8: 32.130490ms
 9: 32.446895ms
 10: 32.744148ms
 11: 32.218916ms
 12: 31.955691ms
 13: 32.626896ms
 14: 32.193770ms
 15: 32.156215ms
 16: 32.144899ms
 17: 31.858265ms
 18: 33.039999ms
 19: 32.622785ms
 20: 32.665394ms
 21: 32.129586ms
 22: 31.954173ms
 23: 32.326441ms
 24: 34.293145ms
 25: 31.978430ms
 26: 32.855658ms
 27: 31.895413ms
 28: 34.716664ms
 29: 31.945333ms
 30: 32.006397ms
 31: 31.856177ms
 32: 32.061284ms
 33: 32.805696ms
 34: 31.993366ms
 35: 32.091014ms
 36: 32.951227ms
 37: 32.592292ms
 38: 59.599164ms
 39: 31.747463ms
 40: 33.047015ms
 41: 31.902758ms
 42: 32.431352ms
 43: 32.665718ms
 44: 32.921125ms
 45: 31.590983ms
 46: 32.388581ms
 47: 34.706417ms
 48: 32.117314ms
 49: 32.134685ms


Measurements
--------------------------
FFT Size            : 306^3
Threads             : 40
Batch               : 1
Iterations          : 50
Avg Tot Runtime     : 34.772136 ms
Runtime per batch   : 34.772136 ms
SD                  : 9.886594 ms
Throughput          : 2.121136 GFLOPs
Plan Time           : 109.185945 sec
