Expm 2: Streaming FFTW
FFTW Plan: Patient
-- Cannot import wisdom from ../../wisdom/singlenode/all/203/fftw_203_t38_b1.patient
-- Exporting wisdom file to ../../wisdom/singlenode/all/203/fftw_203_t38_b1.patient
Iteration: 0, 1, 2, 3, 4, 5, 6, 7, 8, 9, 10, 11, 12, 13, 14, 15, 16, 17, 18, 19, 20, 21, 22, 23, 24, 25, 26, 27, 28, 29, 30, 31, 32, 33, 34, 35, 36, 37, 38, 39, 40, 41, 42, 43, 44, 45, 46, 47, 48, 49, 
Printing individual runtimes:
 0: 31.419700ms
 1: 45.671035ms
 2: 31.331775ms
 3: 31.434823ms
 4: 26.022769ms
 5: 15.730285ms
 6: 30.871548ms
 7: 15.875549ms
 8: 15.875102ms
 9: 15.804681ms
 10: 15.070526ms
 11: 15.866315ms
 12: 15.883489ms
 13: 15.844829ms
 14: 15.835032ms
 15: 15.869480ms
 16: 15.798442ms
 17: 17.646039ms
 18: 30.549819ms
 19: 16.131817ms
 20: 15.942016ms
 21: 15.945767ms
 22: 15.385684ms
 23: 15.951531ms
 24: 15.955176ms
 25: 15.921775ms
 26: 15.913287ms
 27: 15.873481ms
 28: 15.968524ms
 29: 15.899421ms
 30: 16.002857ms
 31: 15.480816ms
 32: 15.941875ms
 33: 15.930083ms
 34: 15.428587ms
 35: 15.896086ms
 36: 15.889769ms
 37: 15.965891ms
 38: 15.395077ms
 39: 15.913148ms
 40: 15.962273ms
 41: 15.936540ms
 42: 15.256941ms
 43: 15.880715ms
 44: 15.947807ms
 45: 15.933155ms
 46: 15.979631ms
 47: 15.940540ms
 48: 15.380775ms
 49: 15.961915ms


Measurements
--------------------------
FFT Size            : 203^3
Threads             : 38
Batch               : 1
Iterations          : 50
Avg Tot Runtime     : 18.186284 ms
Runtime per batch   : 18.186284 ms
SD                  : 6.151472 ms
Throughput          : 0.941345 GFLOPs
Plan Time           : 30.908743 sec
