Expm 2: Streaming FFTW
FFTW Plan: Patient
-- Cannot import wisdom from ../../wisdom/singlenode/all/55/fftw_55_t38_b1.patient
-- Exporting wisdom file to ../../wisdom/singlenode/all/55/fftw_55_t38_b1.patient
Iteration: 0, 1, 2, 3, 4, 5, 6, 7, 8, 9, 10, 11, 12, 13, 14, 15, 16, 17, 18, 19, 20, 21, 22, 23, 24, 25, 26, 27, 28, 29, 30, 31, 32, 33, 34, 35, 36, 37, 38, 39, 40, 41, 42, 43, 44, 45, 46, 47, 48, 49, 
Printing individual runtimes:
 0: 0.376386ms
 1: 0.314717ms
 2: 0.340299ms
 3: 0.144016ms
 4: 0.541925ms
 5: 0.148171ms
 6: 0.157178ms
 7: 0.154599ms
 8: 0.150040ms
 9: 0.141267ms
 10: 0.142237ms
 11: 0.689865ms
 12: 0.154471ms
 13: 0.146227ms
 14: 0.138501ms
 15: 0.143066ms
 16: 0.178165ms
 17: 0.170910ms
 18: 0.147517ms
 19: 0.146238ms
 20: 0.992670ms
 21: 0.139195ms
 22: 0.143394ms
 23: 0.152759ms
 24: 1.908343ms
 25: 2.312318ms
 26: 0.270608ms
 27: 0.302116ms
 28: 0.136907ms
 29: 0.141468ms
 30: 0.156891ms
 31: 0.141805ms
 32: 0.697597ms
 33: 0.320895ms
 34: 0.138478ms
 35: 0.146416ms
 36: 0.153676ms
 37: 0.150533ms
 38: 0.148370ms
 39: 0.150837ms
 40: 0.151917ms
 41: 0.152955ms
 42: 0.148844ms
 43: 0.149555ms
 44: 0.147281ms
 45: 0.161059ms
 46: 0.144458ms
 47: 0.143696ms
 48: 0.156456ms
 49: 0.154023ms


Measurements
--------------------------
FFT Size            : 55^3
Threads             : 38
Batch               : 1
Iterations          : 50
Avg Tot Runtime     : 0.294826 ms
Runtime per batch   : 0.294826 ms
SD                  : 0.408848 ms
Throughput          : 0.003199 GFLOPs
Plan Time           : 3.100393 sec
