Expm 2: Streaming FFTW
FFTW Plan: Patient
-- Cannot import wisdom from ../../wisdom/singlenode/all/55/fftw_55_t37_b1.patient
-- Exporting wisdom file to ../../wisdom/singlenode/all/55/fftw_55_t37_b1.patient
Iteration: 0, 1, 2, 3, 4, 5, 6, 7, 8, 9, 10, 11, 12, 13, 14, 15, 16, 17, 18, 19, 20, 21, 22, 23, 24, 25, 26, 27, 28, 29, 30, 31, 32, 33, 34, 35, 36, 37, 38, 39, 40, 41, 42, 43, 44, 45, 46, 47, 48, 49, 
Printing individual runtimes:
 0: 0.172573ms
 1: 0.158929ms
 2: 0.141188ms
 3: 0.666657ms
 4: 0.139299ms
 5: 0.405948ms
 6: 0.263048ms
 7: 0.123497ms
 8: 0.133355ms
 9: 0.129329ms
 10: 0.826399ms
 11: 0.124389ms
 12: 0.133221ms
 13: 0.130983ms
 14: 1.735943ms
 15: 0.112704ms
 16: 0.119166ms
 17: 0.109435ms
 18: 0.117770ms
 19: 0.108443ms
 20: 0.109933ms
 21: 0.106914ms
 22: 0.741292ms
 23: 0.121791ms
 24: 0.133141ms
 25: 0.269671ms
 26: 0.119079ms
 27: 0.112077ms
 28: 0.112982ms
 29: 0.120712ms
 30: 0.111906ms
 31: 0.115500ms
 32: 0.118591ms
 33: 0.341548ms
 34: 0.123536ms
 35: 0.118910ms
 36: 0.109590ms
 37: 0.115158ms
 38: 0.110209ms
 39: 0.110974ms
 40: 0.110340ms
 41: 0.111143ms
 42: 0.109506ms
 43: 0.114300ms
 44: 0.109918ms
 45: 0.126722ms
 46: 0.108143ms
 47: 0.109334ms
 48: 0.115598ms
 49: 0.113813ms


Measurements
--------------------------
FFT Size            : 55^3
Threads             : 37
Batch               : 1
Iterations          : 50
Avg Tot Runtime     : 0.206092 ms
Runtime per batch   : 0.206092 ms
SD                  : 0.268551 ms
Throughput          : 0.003199 GFLOPs
Plan Time           : 3.252325 sec
