Expm 2: Streaming FFTW
FFTW Plan: Patient
-- Cannot import wisdom from ../../wisdom/singlenode/all/391/fftw_391_t37_b1.patient
-- Exporting wisdom file to ../../wisdom/singlenode/all/391/fftw_391_t37_b1.patient
Iteration: 0, 1, 2, 3, 4, 5, 6, 7, 8, 9, 10, 11, 12, 13, 14, 15, 16, 17, 18, 19, 20, 21, 22, 23, 24, 25, 26, 27, 28, 29, 30, 31, 32, 33, 34, 35, 36, 37, 38, 39, 40, 41, 42, 43, 44, 45, 46, 47, 48, 49, 
Printing individual runtimes:
 0: 149.507520ms
 1: 148.893601ms
 2: 148.602585ms
 3: 148.639224ms
 4: 149.063805ms
 5: 148.325427ms
 6: 148.686731ms
 7: 148.733251ms
 8: 148.559530ms
 9: 148.796392ms
 10: 148.798194ms
 11: 148.840094ms
 12: 148.504519ms
 13: 148.576734ms
 14: 148.823181ms
 15: 149.025616ms
 16: 148.526141ms
 17: 148.911237ms
 18: 148.568001ms
 19: 148.536066ms
 20: 148.874737ms
 21: 148.463092ms
 22: 148.652901ms
 23: 148.684745ms
 24: 149.341549ms
 25: 148.702395ms
 26: 148.549664ms
 27: 148.504854ms
 28: 148.463683ms
 29: 148.654612ms
 30: 148.751868ms
 31: 148.385034ms
 32: 148.662669ms
 33: 148.729439ms
 34: 149.005215ms
 35: 148.806124ms
 36: 148.670744ms
 37: 148.658651ms
 38: 148.726946ms
 39: 148.636492ms
 40: 150.981379ms
 41: 149.216063ms
 42: 148.846202ms
 43: 149.151848ms
 44: 149.200574ms
 45: 263.483563ms
 46: 323.524950ms
 47: 153.998262ms
 48: 146.433501ms
 49: 147.869972ms


Measurements
--------------------------
FFT Size            : 391^3
Threads             : 37
Batch               : 1
Iterations          : 50
Avg Tot Runtime     : 154.630992 ms
Runtime per batch   : 154.630992 ms
SD                  : 28.990414 ms
Throughput          : 10.113078 GFLOPs
Plan Time           : 310.802042 sec
