Expm 2: Streaming FFTW
FFTW Plan: Patient
-- Cannot import wisdom from ../../wisdom/singlenode/all/558/fftw_558_t36_b1.patient
-- Exporting wisdom file to ../../wisdom/singlenode/all/558/fftw_558_t36_b1.patient
Iteration: 0, 1, 2, 3, 4, 5, 6, 7, 8, 9, 10, 11, 12, 13, 14, 15, 16, 17, 18, 19, 20, 21, 22, 23, 24, 25, 26, 27, 28, 29, 30, 31, 32, 33, 34, 35, 36, 37, 38, 39, 40, 41, 42, 43, 44, 45, 46, 47, 48, 49, 
Printing individual runtimes:
 0: 306.944139ms
 1: 306.003750ms
 2: 307.358050ms
 3: 305.219296ms
 4: 310.551578ms
 5: 306.368812ms
 6: 722.024876ms
 7: 303.902557ms
 8: 306.358959ms
 9: 339.496017ms
 10: 306.785775ms
 11: 307.368435ms
 12: 308.362605ms
 13: 307.574869ms
 14: 304.491887ms
 15: 307.650844ms
 16: 422.042464ms
 17: 305.097642ms
 18: 308.282730ms
 19: 306.586334ms
 20: 308.235354ms
 21: 304.693346ms
 22: 304.615745ms
 23: 305.252390ms
 24: 307.312179ms
 25: 307.215729ms
 26: 306.220913ms
 27: 306.915144ms
 28: 309.594600ms
 29: 304.768236ms
 30: 304.043046ms
 31: 304.300919ms
 32: 589.479829ms
 33: 306.145742ms
 34: 559.812588ms
 35: 310.283854ms
 36: 308.587067ms
 37: 511.440085ms
 38: 303.958441ms
 39: 306.534587ms
 40: 474.778531ms
 41: 306.437578ms
 42: 312.391100ms
 43: 307.174317ms
 44: 407.864731ms
 45: 305.650334ms
 46: 304.587921ms
 47: 306.417469ms
 48: 308.969132ms
 49: 308.272415ms


Measurements
--------------------------
FFT Size            : 558^3
Threads             : 36
Batch               : 1
Iterations          : 50
Avg Tot Runtime     : 338.208499 ms
Runtime per batch   : 338.208499 ms
SD                  : 85.066836 ms
Throughput          : 20.764398 GFLOPs
Plan Time           : 571.852036 sec
