Expm 2: Streaming FFTW
FFTW Plan: Patient
-- Cannot import wisdom from ../../wisdom/singlenode/all/584/fftw_584_t38_b1.patient
-- Exporting wisdom file to ../../wisdom/singlenode/all/584/fftw_584_t38_b1.patient
Iteration: 0, 1, 2, 3, 4, 5, 6, 7, 8, 9, 10, 11, 12, 13, 14, 15, 16, 17, 18, 19, 20, 21, 22, 23, 24, 25, 26, 27, 28, 29, 30, 31, 32, 33, 34, 35, 36, 37, 38, 39, 40, 41, 42, 43, 44, 45, 46, 47, 48, 49, 
Printing individual runtimes:
 0: 582.635932ms
 1: 510.743402ms
 2: 445.797432ms
 3: 420.590145ms
 4: 421.932023ms
 5: 801.094889ms
 6: 512.921096ms
 7: 450.034227ms
 8: 524.216060ms
 9: 744.863061ms
 10: 493.495434ms
 11: 424.216943ms
 12: 422.116423ms
 13: 422.562997ms
 14: 423.306927ms
 15: 427.868668ms
 16: 427.066530ms
 17: 422.912020ms
 18: 422.631326ms
 19: 419.272863ms
 20: 422.011546ms
 21: 424.128972ms
 22: 421.467984ms
 23: 419.562175ms
 24: 424.566444ms
 25: 718.845666ms
 26: 421.677897ms
 27: 420.108343ms
 28: 421.756898ms
 29: 421.637318ms
 30: 421.922959ms
 31: 418.886197ms
 32: 417.481900ms
 33: 418.138344ms
 34: 420.055496ms
 35: 419.111248ms
 36: 419.839381ms
 37: 417.029251ms
 38: 421.308325ms
 39: 419.429868ms
 40: 416.181158ms
 41: 422.505604ms
 42: 421.423269ms
 43: 418.665063ms
 44: 418.245247ms
 45: 417.893760ms
 46: 421.185069ms
 47: 421.764801ms
 48: 420.947199ms
 49: 420.036745ms


Measurements
--------------------------
FFT Size            : 584^3
Threads             : 38
Batch               : 1
Iterations          : 50
Avg Tot Runtime     : 452.561851 ms
Runtime per batch   : 452.561851 ms
SD                  : 83.486785 ms
Throughput          : 34.723112 GFLOPs
Plan Time           : 915.516458 sec
