Expm 2: Streaming FFT

Printing individual runtimes:
 0: 0.392105ms
 1: 0.064931ms
 2: 0.070395ms
 3: 0.360471ms
 4: 0.087376ms
 5: 0.685539ms
 6: 0.081321ms
 7: 0.082548ms
 8: 0.058170ms
 9: 0.190476ms
 10: 0.057862ms
 11: 0.179506ms
 12: 0.074277ms
 13: 0.080777ms
 14: 0.077807ms
 15: 0.079650ms
 16: 0.089742ms
 17: 0.074379ms
 18: 0.223026ms
 19: 0.078274ms
 20: 0.089177ms
 21: 0.289331ms
 22: 0.072166ms
 23: 0.080288ms
 24: 0.057179ms
 25: 0.056372ms
 26: 0.073981ms
 27: 0.057255ms
 28: 0.072411ms
 29: 0.083436ms
 30: 0.073423ms
 31: 0.071437ms
 32: 0.076778ms
 33: 0.074165ms
 34: 0.088090ms
 35: 0.187945ms
 36: 0.076662ms
 37: 0.178970ms
 38: 0.070399ms
 39: 0.094150ms
 40: 0.072128ms
 41: 0.078716ms
 42: 0.058022ms
 43: 0.079278ms
 44: 0.238878ms
 45: 0.074666ms
 46: 0.084055ms
 47: 0.074651ms
 48: 0.199342ms
 49: 0.076151ms
 50: 0.057419ms
 51: 0.055818ms
 52: 0.075208ms
 53: 0.050229ms
 54: 0.086961ms
 55: 0.078897ms
 56: 0.078262ms
 57: 0.180868ms
 58: 0.082609ms
 59: 0.058931ms
 60: 0.066961ms
 61: 0.074331ms
 62: 0.167791ms
 63: 0.086469ms
 64: 0.091785ms
 65: 0.079676ms
 66: 0.056438ms
 67: 0.065807ms
 68: 0.084273ms
 69: 0.076234ms
 70: 0.082827ms
 71: 0.068037ms
 72: 0.088097ms
 73: 0.074713ms
 74: 0.092399ms
 75: 0.058963ms
 76: 0.079508ms
 77: 0.080828ms
 78: 0.059048ms
 79: 0.172189ms
 80: 0.068178ms
 81: 0.061716ms
 82: 0.082233ms
 83: 0.080918ms
 84: 0.053059ms
 85: 0.060992ms
 86: 0.075339ms
 87: 0.053464ms
 88: 0.063547ms
 89: 0.081362ms
 90: 0.084402ms
 91: 0.076302ms
 92: 0.065196ms
 93: 0.068739ms
 94: 0.055393ms
 95: 0.077267ms
 96: 0.076070ms
 97: 0.075855ms
 98: 0.052606ms
 99: 0.073751ms
 100: 0.073460ms
 101: 0.067073ms
 102: 0.072768ms
 103: 0.065874ms
 104: 0.081012ms
 105: 0.070055ms
 106: 0.072425ms
 107: 0.076373ms
 108: 0.074214ms
 109: 0.055711ms
 110: 0.072557ms
 111: 0.084383ms
 112: 0.079951ms
 113: 0.052720ms
 114: 0.081686ms
 115: 0.077832ms
 116: 0.060533ms
 117: 0.088323ms
 118: 0.087971ms
 119: 0.054318ms
 120: 0.083768ms
 121: 0.080135ms
 122: 0.056904ms
 123: 0.058462ms
 124: 0.066051ms
 125: 0.078548ms
 126: 0.069716ms
 127: 0.083970ms
 128: 0.081822ms
 129: 0.075385ms
 130: 0.059722ms
 131: 0.064286ms
 132: 0.086078ms
 133: 0.059436ms
 134: 0.074467ms
 135: 0.075358ms
 136: 0.065468ms
 137: 0.083302ms
 138: 0.051301ms
 139: 0.058752ms
 140: 0.072832ms
 141: 0.098852ms
 142: 0.087087ms
 143: 0.058469ms
 144: 0.057801ms
 145: 0.058642ms
 146: 0.067839ms
 147: 0.062063ms
 148: 0.069016ms
 149: 0.087107ms
 150: 0.057828ms
 151: 0.073175ms
 152: 0.073243ms
 153: 0.082988ms
 154: 0.064366ms
 155: 0.083072ms
 156: 0.052926ms
 157: 0.052384ms
 158: 0.077474ms
 159: 0.076451ms
 160: 0.073009ms
 161: 0.076429ms
 162: 0.062468ms
 163: 0.052870ms
 164: 0.073233ms
 165: 0.075617ms
 166: 0.065430ms
 167: 0.078777ms
 168: 0.075641ms
 169: 0.058327ms
 170: 0.077693ms
 171: 0.057653ms
 172: 0.054430ms
 173: 0.058521ms
 174: 0.052194ms
 175: 0.057078ms
 176: 0.080055ms
 177: 0.081966ms
 178: 0.058666ms
 179: 0.081746ms
 180: 0.083734ms
 181: 0.059777ms
 182: 0.070724ms
 183: 0.060458ms
 184: 0.177908ms
 185: 0.057345ms
 186: 0.074505ms
 187: 0.074113ms
 188: 0.062243ms
 189: 0.053024ms
 190: 0.058196ms
 191: 0.072860ms
 192: 0.056586ms
 193: 0.050654ms
 194: 0.080340ms
 195: 0.066496ms
 196: 0.075521ms
 197: 0.082280ms
 198: 0.056454ms
 199: 0.053140ms


-- Real : Q1: 50 Q2: 100 Q3: 150
-- Array: Q1: 49 Q2: 99 Q3: 149
Printing sorted runtimes:
 0: 0.058931ms
 1: 0.053140ms
 2: 0.056454ms
 3: 0.050654ms
 4: 0.056586ms
 5: 0.058196ms
 6: 0.053024ms
 7: 0.056438ms
 8: 0.058170ms
 9: 0.057345ms
 10: 0.057862ms
 11: 0.050229ms
 12: 0.053059ms
 13: 0.058666ms
 14: 0.057078ms
 15: 0.052194ms
 16: 0.058521ms
 17: 0.054430ms
 18: 0.057653ms
 19: 0.058327ms
 20: 0.052870ms
 21: 0.055818ms
 22: 0.052384ms
 23: 0.052926ms
 24: 0.057179ms
 25: 0.056372ms
 26: 0.057419ms
 27: 0.057255ms
 28: 0.057828ms
 29: 0.053464ms
 30: 0.058642ms
 31: 0.057801ms
 32: 0.058469ms
 33: 0.058752ms
 34: 0.051301ms
 35: 0.055393ms
 36: 0.052606ms
 37: 0.055711ms
 38: 0.058462ms
 39: 0.056904ms
 40: 0.054318ms
 41: 0.052720ms
 42: 0.058022ms
 43: 0.059048ms
 44: 0.058963ms
 45: 0.059777ms
 46: 0.059436ms
 47: 0.059722ms
 48: 0.060458ms
 49: 0.060533ms
 50: 0.060992ms
 51: 0.071437ms
 52: 0.062063ms
 53: 0.062243ms
 54: 0.061716ms
 55: 0.064366ms
 56: 0.063547ms
 57: 0.064286ms
 58: 0.064931ms
 59: 0.070395ms
 60: 0.066961ms
 61: 0.067839ms
 62: 0.069016ms
 63: 0.066496ms
 64: 0.070055ms
 65: 0.065874ms
 66: 0.067073ms
 67: 0.065807ms
 68: 0.070724ms
 69: 0.068739ms
 70: 0.065196ms
 71: 0.068037ms
 72: 0.065468ms
 73: 0.070399ms
 74: 0.066051ms
 75: 0.062468ms
 76: 0.068178ms
 77: 0.069716ms
 78: 0.065430ms
 79: 0.073423ms
 80: 0.072832ms
 81: 0.072128ms
 82: 0.073233ms
 83: 0.072425ms
 84: 0.072860ms
 85: 0.072768ms
 86: 0.073243ms
 87: 0.073009ms
 88: 0.072557ms
 89: 0.072166ms
 90: 0.073175ms
 91: 0.072411ms
 92: 0.074214ms
 93: 0.073981ms
 94: 0.074113ms
 95: 0.074165ms
 96: 0.073460ms
 97: 0.073751ms
 98: 0.074277ms
 99: 0.074331ms
 100: 0.074379ms
 101: 0.079951ms
 102: 0.074651ms
 103: 0.074666ms
 104: 0.074713ms
 105: 0.075208ms
 106: 0.074467ms
 107: 0.075358ms
 108: 0.075339ms
 109: 0.075855ms
 110: 0.076070ms
 111: 0.076234ms
 112: 0.075385ms
 113: 0.075521ms
 114: 0.076151ms
 115: 0.075617ms
 116: 0.075641ms
 117: 0.076302ms
 118: 0.076778ms
 119: 0.077832ms
 120: 0.076373ms
 121: 0.077267ms
 122: 0.078548ms
 123: 0.077474ms
 124: 0.076451ms
 125: 0.076429ms
 126: 0.078274ms
 127: 0.077693ms
 128: 0.078262ms
 129: 0.077807ms
 130: 0.076662ms
 131: 0.079676ms
 132: 0.079650ms
 133: 0.079508ms
 134: 0.078897ms
 135: 0.078777ms
 136: 0.074505ms
 137: 0.079278ms
 138: 0.078716ms
 139: 0.080777ms
 140: 0.080135ms
 141: 0.080288ms
 142: 0.080055ms
 143: 0.080340ms
 144: 0.081362ms
 145: 0.081321ms
 146: 0.081012ms
 147: 0.080828ms
 148: 0.080918ms
 149: 0.081686ms
 150: 0.081746ms
 151: 0.083768ms
 152: 0.083734ms
 153: 0.082988ms
 154: 0.082827ms
 155: 0.083072ms
 156: 0.083302ms
 157: 0.081966ms
 158: 0.083436ms
 159: 0.082548ms
 160: 0.082280ms
 161: 0.082609ms
 162: 0.081822ms
 163: 0.082233ms
 164: 0.089177ms
 165: 0.086961ms
 166: 0.172189ms
 167: 0.083970ms
 168: 0.289331ms
 169: 0.199342ms
 170: 0.187945ms
 171: 0.223026ms
 172: 0.092399ms
 173: 0.089742ms
 174: 0.086078ms
 175: 0.088097ms
 176: 0.084402ms
 177: 0.084055ms
 178: 0.238878ms
 179: 0.084383ms
 180: 0.094150ms
 181: 0.087107ms
 182: 0.084273ms
 183: 0.179506ms
 184: 0.177908ms
 185: 0.190476ms
 186: 0.180868ms
 187: 0.178970ms
 188: 0.088090ms
 189: 0.088323ms
 190: 0.685539ms
 191: 0.091785ms
 192: 0.087376ms
 193: 0.360471ms
 194: 0.087971ms
 195: 0.086469ms
 196: 0.167791ms
 197: 0.087087ms
 198: 0.098852ms
 199: 0.392105ms


Measurements
--------------------------
FFT Size            : 34^3
Threads             : 34
Batch               : 1
Iterations          : 200
Avg Tot Runtime     : 0.085000 ms
Runtime per batch   : 0.085000 ms
SD                  : 0.061572 ms
Q1                  : 0.060533 ms
Median              : 0.074355 ms
Q3                  : 0.081686 ms
