Expm 2: Streaming FFT

Printing individual runtimes:
 0: 0.259532ms
 1: 0.075536ms
 2: 0.077828ms
 3: 0.223571ms
 4: 0.084655ms
 5: 0.089154ms
 6: 0.082257ms
 7: 0.085761ms
 8: 0.080554ms
 9: 0.080811ms
 10: 0.188923ms
 11: 0.079060ms
 12: 0.072408ms
 13: 0.077200ms
 14: 0.173455ms
 15: 0.085880ms
 16: 0.084879ms
 17: 0.069845ms
 18: 0.079173ms
 19: 0.211162ms
 20: 0.078391ms
 21: 0.079025ms
 22: 0.183439ms
 23: 0.080021ms
 24: 0.079304ms
 25: 0.077540ms
 26: 0.087853ms
 27: 0.082940ms
 28: 0.078211ms
 29: 0.078622ms
 30: 0.199781ms
 31: 0.085839ms
 32: 0.078925ms
 33: 0.077745ms
 34: 0.085067ms
 35: 0.081552ms
 36: 0.080156ms
 37: 0.079476ms
 38: 0.084398ms
 39: 0.195560ms
 40: 0.079381ms
 41: 0.077790ms
 42: 0.082141ms
 43: 0.069881ms
 44: 0.070470ms
 45: 0.078773ms
 46: 0.075855ms
 47: 0.079700ms
 48: 0.083624ms
 49: 0.092039ms
 50: 0.086951ms
 51: 0.087074ms
 52: 0.079271ms
 53: 0.080320ms
 54: 0.087471ms
 55: 0.085517ms
 56: 0.077721ms
 57: 0.079155ms
 58: 0.089112ms
 59: 0.079494ms
 60: 0.085757ms
 61: 0.085986ms
 62: 0.197337ms
 63: 0.078867ms
 64: 0.076969ms
 65: 0.079476ms
 66: 0.085289ms
 67: 0.080680ms
 68: 0.086245ms
 69: 0.078369ms
 70: 0.080226ms
 71: 0.088264ms
 72: 0.080492ms
 73: 0.079199ms
 74: 0.110273ms
 75: 0.094766ms
 76: 0.083373ms
 77: 0.077796ms
 78: 0.077342ms
 79: 0.078375ms
 80: 0.079894ms
 81: 0.078996ms
 82: 0.078266ms
 83: 0.079190ms
 84: 0.072062ms
 85: 0.078268ms
 86: 0.103228ms
 87: 0.068999ms
 88: 0.078977ms
 89: 0.085532ms
 90: 0.069015ms
 91: 0.079657ms
 92: 0.086553ms
 93: 0.078648ms
 94: 0.085501ms
 95: 0.082095ms
 96: 0.083938ms
 97: 0.076199ms
 98: 0.077924ms
 99: 0.077856ms
 100: 0.091861ms
 101: 0.102755ms
 102: 0.080558ms
 103: 0.214753ms
 104: 0.082425ms
 105: 0.079660ms
 106: 0.078727ms
 107: 0.081959ms
 108: 0.070720ms
 109: 0.071444ms
 110: 0.077591ms
 111: 0.087511ms
 112: 0.084768ms
 113: 0.085216ms
 114: 0.084193ms
 115: 0.091247ms
 116: 0.198467ms
 117: 0.075828ms
 118: 0.095227ms
 119: 0.089273ms
 120: 0.081058ms
 121: 0.079123ms
 122: 0.081216ms
 123: 0.094469ms
 124: 0.083738ms
 125: 0.078966ms
 126: 0.081718ms
 127: 0.078701ms
 128: 0.120488ms
 129: 0.070621ms
 130: 0.089181ms
 131: 0.082270ms
 132: 0.085059ms
 133: 0.078673ms
 134: 0.079911ms
 135: 0.084675ms
 136: 0.089711ms
 137: 0.079958ms
 138: 0.080171ms
 139: 0.080566ms
 140: 0.078466ms
 141: 0.070418ms
 142: 0.071677ms
 143: 0.078791ms
 144: 0.078975ms
 145: 0.085761ms
 146: 0.091554ms
 147: 0.078518ms
 148: 0.078173ms
 149: 0.080454ms
 150: 0.079063ms
 151: 0.079503ms
 152: 0.077727ms
 153: 0.081906ms
 154: 0.080075ms
 155: 0.088549ms
 156: 0.104051ms
 157: 0.089174ms
 158: 0.092636ms
 159: 0.082173ms
 160: 0.078409ms
 161: 0.084442ms
 162: 0.084844ms
 163: 0.087174ms
 164: 0.086066ms
 165: 0.080801ms
 166: 0.080120ms
 167: 0.079130ms
 168: 0.077513ms
 169: 0.097589ms
 170: 0.084875ms
 171: 0.077840ms
 172: 0.076378ms
 173: 0.087984ms
 174: 0.071503ms
 175: 0.085077ms
 176: 0.078887ms
 177: 0.078330ms
 178: 0.078110ms
 179: 0.079046ms
 180: 0.077871ms
 181: 0.089185ms
 182: 0.092629ms
 183: 0.086177ms
 184: 0.078319ms
 185: 0.080956ms
 186: 0.071023ms
 187: 0.070323ms
 188: 0.086058ms
 189: 0.081496ms
 190: 0.079325ms
 191: 0.082664ms
 192: 0.103205ms
 193: 0.078967ms
 194: 0.081232ms
 195: 0.116786ms
 196: 0.077495ms
 197: 0.081577ms
 198: 0.069417ms
 199: 0.111221ms


-- Real : Q1: 50 Q2: 100 Q3: 150
-- Array: Q1: 49 Q2: 99 Q3: 149
Printing sorted runtimes:
 0: 0.075536ms
 1: 0.071503ms
 2: 0.071677ms
 3: 0.069417ms
 4: 0.070418ms
 5: 0.070621ms
 6: 0.071444ms
 7: 0.070720ms
 8: 0.069015ms
 9: 0.068999ms
 10: 0.072062ms
 11: 0.071023ms
 12: 0.072408ms
 13: 0.070323ms
 14: 0.070470ms
 15: 0.069881ms
 16: 0.069845ms
 17: 0.078173ms
 18: 0.077871ms
 19: 0.075828ms
 20: 0.077721ms
 21: 0.077591ms
 22: 0.078110ms
 23: 0.076969ms
 24: 0.077828ms
 25: 0.077540ms
 26: 0.076378ms
 27: 0.077840ms
 28: 0.077727ms
 29: 0.077200ms
 30: 0.077513ms
 31: 0.077796ms
 32: 0.077856ms
 33: 0.077745ms
 34: 0.077924ms
 35: 0.076199ms
 36: 0.077342ms
 37: 0.075855ms
 38: 0.077495ms
 39: 0.077790ms
 40: 0.078268ms
 41: 0.078211ms
 42: 0.078266ms
 43: 0.078391ms
 44: 0.078375ms
 45: 0.078319ms
 46: 0.078369ms
 47: 0.078330ms
 48: 0.078466ms
 49: 0.078409ms
 50: 0.078518ms
 51: 0.079660ms
 52: 0.078673ms
 53: 0.078701ms
 54: 0.078727ms
 55: 0.078773ms
 56: 0.078648ms
 57: 0.078791ms
 58: 0.078966ms
 59: 0.079494ms
 60: 0.079155ms
 61: 0.079063ms
 62: 0.078975ms
 63: 0.078867ms
 64: 0.079503ms
 65: 0.079476ms
 66: 0.078622ms
 67: 0.079304ms
 68: 0.079130ms
 69: 0.079271ms
 70: 0.078925ms
 71: 0.079173ms
 72: 0.078967ms
 73: 0.079199ms
 74: 0.079046ms
 75: 0.079060ms
 76: 0.079476ms
 77: 0.079657ms
 78: 0.078977ms
 79: 0.078887ms
 80: 0.079025ms
 81: 0.078996ms
 82: 0.079381ms
 83: 0.079190ms
 84: 0.079123ms
 85: 0.079325ms
 86: 0.080454ms
 87: 0.079894ms
 88: 0.079700ms
 89: 0.080171ms
 90: 0.080021ms
 91: 0.080075ms
 92: 0.079958ms
 93: 0.080320ms
 94: 0.079911ms
 95: 0.080226ms
 96: 0.080156ms
 97: 0.080120ms
 98: 0.080492ms
 99: 0.080554ms
 100: 0.080558ms
 101: 0.085517ms
 102: 0.080680ms
 103: 0.080801ms
 104: 0.080811ms
 105: 0.080956ms
 106: 0.081718ms
 107: 0.081959ms
 108: 0.081552ms
 109: 0.081216ms
 110: 0.082425ms
 111: 0.081577ms
 112: 0.081058ms
 113: 0.081496ms
 114: 0.081232ms
 115: 0.081906ms
 116: 0.082141ms
 117: 0.082173ms
 118: 0.082270ms
 119: 0.082095ms
 120: 0.082257ms
 121: 0.082940ms
 122: 0.084768ms
 123: 0.084875ms
 124: 0.083738ms
 125: 0.082664ms
 126: 0.085067ms
 127: 0.084398ms
 128: 0.083938ms
 129: 0.084844ms
 130: 0.084442ms
 131: 0.085216ms
 132: 0.085059ms
 133: 0.084879ms
 134: 0.085501ms
 135: 0.084675ms
 136: 0.084193ms
 137: 0.085077ms
 138: 0.083624ms
 139: 0.083373ms
 140: 0.080566ms
 141: 0.084655ms
 142: 0.085289ms
 143: 0.085880ms
 144: 0.085839ms
 145: 0.085761ms
 146: 0.085532ms
 147: 0.085761ms
 148: 0.085757ms
 149: 0.085986ms
 150: 0.086058ms
 151: 0.086553ms
 152: 0.087074ms
 153: 0.086951ms
 154: 0.086245ms
 155: 0.086177ms
 156: 0.087174ms
 157: 0.086066ms
 158: 0.087471ms
 159: 0.087511ms
 160: 0.091247ms
 161: 0.089181ms
 162: 0.089154ms
 163: 0.089711ms
 164: 0.089174ms
 165: 0.088549ms
 166: 0.089185ms
 167: 0.088264ms
 168: 0.089273ms
 169: 0.091861ms
 170: 0.089112ms
 171: 0.091554ms
 172: 0.087853ms
 173: 0.087984ms
 174: 0.097589ms
 175: 0.092636ms
 176: 0.104051ms
 177: 0.120488ms
 178: 0.094469ms
 179: 0.095227ms
 180: 0.198467ms
 181: 0.214753ms
 182: 0.092629ms
 183: 0.102755ms
 184: 0.259532ms
 185: 0.103228ms
 186: 0.094766ms
 187: 0.110273ms
 188: 0.197337ms
 189: 0.092039ms
 190: 0.195560ms
 191: 0.199781ms
 192: 0.103205ms
 193: 0.183439ms
 194: 0.211162ms
 195: 0.116786ms
 196: 0.173455ms
 197: 0.188923ms
 198: 0.223571ms
 199: 0.111221ms


Measurements
--------------------------
FFT Size            : 34^3
Threads             : 24
Batch               : 1
Iterations          : 200
Avg Tot Runtime     : 0.089026 ms
Runtime per batch   : 0.089026 ms
SD                  : 0.029270 ms
Q1                  : 0.078409 ms
Median              : 0.080556 ms
Q3                  : 0.085986 ms
