Expm 2: Streaming FFTW
FFTW Plan: Patient
-- Cannot import wisdom from ../../wisdom/singlenode/all/385/fftw_385_t36_b1.patient
-- Exporting wisdom file to ../../wisdom/singlenode/all/385/fftw_385_t36_b1.patient
Iteration: 0, 1, 2, 3, 4, 5, 6, 7, 8, 9, 10, 11, 12, 13, 14, 15, 16, 17, 18, 19, 20, 21, 22, 23, 24, 25, 26, 27, 28, 29, 30, 31, 32, 33, 34, 35, 36, 37, 38, 39, 40, 41, 42, 43, 44, 45, 46, 47, 48, 49, 
Printing individual runtimes:
 0: 35.239053ms
 1: 35.406158ms
 2: 35.414449ms
 3: 35.458608ms
 4: 35.340417ms
 5: 35.334692ms
 6: 35.311281ms
 7: 35.463345ms
 8: 35.427308ms
 9: 35.767548ms
 10: 35.308993ms
 11: 34.536924ms
 12: 35.038533ms
 13: 35.241427ms
 14: 35.255411ms
 15: 35.223072ms
 16: 35.289453ms
 17: 35.034560ms
 18: 35.345015ms
 19: 35.291897ms
 20: 35.115775ms
 21: 35.390154ms
 22: 35.254095ms
 23: 35.158958ms
 24: 35.288381ms
 25: 35.402016ms
 26: 35.301892ms
 27: 34.926609ms
 28: 35.362535ms
 29: 35.181556ms
 30: 35.220850ms
 31: 35.304913ms
 32: 35.302609ms
 33: 35.425656ms
 34: 35.320714ms
 35: 37.133147ms
 36: 35.363854ms
 37: 45.699355ms
 38: 35.923943ms
 39: 35.443619ms
 40: 35.144122ms
 41: 35.404845ms
 42: 35.124139ms
 43: 35.447099ms
 44: 35.333789ms
 45: 35.193588ms
 46: 35.248587ms
 47: 35.412827ms
 48: 35.479737ms
 49: 35.654586ms


Measurements
--------------------------
FFT Size            : 385^3
Threads             : 36
Batch               : 1
Iterations          : 50
Avg Tot Runtime     : 35.553842 ms
Runtime per batch   : 35.553842 ms
SD                  : 1.485125 ms
Throughput          : 1.720482 GFLOPs
Plan Time           : 102.210431 sec
