Expm 2: Streaming FFTW
FFTW Plan: Patient
-- Cannot import wisdom from ../../wisdom/singlenode/all/648/fftw_648_t37_b1.patient
-- Exporting wisdom file to ../../wisdom/singlenode/all/648/fftw_648_t37_b1.patient
Iteration: 0, 1, 2, 3, 4, 5, 6, 7, 8, 9, 10, 11, 12, 13, 14, 15, 16, 17, 18, 19, 20, 21, 22, 23, 24, 25, 26, 27, 28, 29, 30, 31, 32, 33, 34, 35, 36, 37, 38, 39, 40, 41, 42, 43, 44, 45, 46, 47, 48, 49, 
Printing individual runtimes:
 0: 193.578497ms
 1: 197.372130ms
 2: 193.807222ms
 3: 193.656166ms
 4: 227.529522ms
 5: 193.042652ms
 6: 192.971680ms
 7: 189.037770ms
 8: 168.948288ms
 9: 161.468187ms
 10: 273.069308ms
 11: 267.287130ms
 12: 231.694457ms
 13: 161.058610ms
 14: 161.131909ms
 15: 180.595518ms
 16: 160.980636ms
 17: 159.126424ms
 18: 158.652477ms
 19: 155.436094ms
 20: 162.025550ms
 21: 283.291436ms
 22: 251.774928ms
 23: 257.551937ms
 24: 211.560907ms
 25: 204.204770ms
 26: 204.293578ms
 27: 142.253511ms
 28: 136.593775ms
 29: 134.506215ms
 30: 268.810409ms
 31: 306.381508ms
 32: 241.835768ms
 33: 207.349423ms
 34: 259.447203ms
 35: 208.034943ms
 36: 208.553319ms
 37: 176.101721ms
 38: 282.068421ms
 39: 254.605353ms
 40: 280.856769ms
 41: 328.862369ms
 42: 228.041693ms
 43: 206.088170ms
 44: 376.933527ms
 45: 282.913600ms
 46: 232.839624ms
 47: 162.159618ms
 48: 283.748773ms
 49: 215.979337ms


Measurements
--------------------------
FFT Size            : 648^3
Threads             : 37
Batch               : 1
Iterations          : 50
Avg Tot Runtime     : 216.402257 ms
Runtime per batch   : 216.402257 ms
SD                  : 53.139883 ms
Throughput          : 4.472363 GFLOPs
Plan Time           : 2107.751704 sec
