Expm 1: Only FFTW
FFTW Plan: Patient
-- Cannot import wisdom from ../../wisdom/singlenode/powers-of-2/expm1//fftw_64_t4_b1.patient
-- Exporting wisdom file to ../../wisdom/singlenode/powers-of-2/expm1//fftw_64_t4_b1.patient
Iteration: 0, 1, 2, 3, 4, 5, 6, 7, 8, 9, 10, 11, 12, 13, 14, 15, 16, 17, 18, 19, 20, 21, 22, 23, 24, 25, 26, 27, 28, 29, 30, 31, 32, 33, 34, 35, 36, 37, 38, 39, 40, 41, 42, 43, 44, 45, 46, 47, 48, 49, 
Printing individual runtimes:
 0: 0.491031ms
 1: 0.474156ms
 2: 0.474778ms
 3: 0.478492ms
 4: 0.454093ms
 5: 0.472584ms
 6: 0.488989ms
 7: 0.482588ms
 8: 0.450117ms
 9: 0.500318ms
 10: 0.476800ms
 11: 0.475953ms
 12: 0.483981ms
 13: 0.469691ms
 14: 0.472585ms
 15: 0.469883ms
 16: 0.474323ms
 17: 0.474319ms
 18: 0.453067ms
 19: 0.479843ms
 20: 0.453882ms
 21: 0.471920ms
 22: 0.476499ms
 23: 0.476066ms
 24: 0.471925ms
 25: 0.460163ms
 26: 0.457058ms
 27: 0.464411ms
 28: 0.471714ms
 29: 0.486309ms
 30: 0.466740ms
 31: 0.471193ms
 32: 0.475735ms
 33: 0.471650ms
 34: 0.477895ms
 35: 0.477060ms
 36: 0.470747ms
 37: 0.468626ms
 38: 0.479135ms
 39: 0.460048ms
 40: 0.460599ms
 41: 0.473312ms
 42: 0.459035ms
 43: 0.475512ms
 44: 0.471986ms
 45: 0.450292ms
 46: 0.469028ms
 47: 0.476557ms
 48: 0.451870ms
 49: 0.465154ms


Measurements
--------------------------
FFT Size            : 64^3
Threads             : 4
Batch               : 1
Iterations          : 50
Avg Tot Runtime     : 0.471194 ms
Runtime per batch   : 0.471194 ms
SD                  : 0.010560 ms
Throughput          : 0.001622 GFLOPs
Plan Time           : 7.464298 sec
