Expm 2: Streaming FFTW
FFTW Plan: Patient
-- Cannot import wisdom from ../../wisdom/singlenode/all/366/fftw_366_t40_b1.patient
-- Exporting wisdom file to ../../wisdom/singlenode/all/366/fftw_366_t40_b1.patient
Iteration: 0, 1, 2, 3, 4, 5, 6, 7, 8, 9, 10, 11, 12, 13, 14, 15, 16, 17, 18, 19, 20, 21, 22, 23, 24, 25, 26, 27, 28, 29, 30, 31, 32, 33, 34, 35, 36, 37, 38, 39, 40, 41, 42, 43, 44, 45, 46, 47, 48, 49, 
Printing individual runtimes:
 0: 235.319600ms
 1: 164.862036ms
 2: 170.051612ms
 3: 167.187481ms
 4: 165.346072ms
 5: 169.020711ms
 6: 164.322175ms
 7: 168.608438ms
 8: 169.027225ms
 9: 167.945638ms
 10: 167.350792ms
 11: 168.223512ms
 12: 170.615793ms
 13: 169.106667ms
 14: 165.179892ms
 15: 174.622662ms
 16: 166.535802ms
 17: 168.182342ms
 18: 171.169427ms
 19: 170.072516ms
 20: 167.062032ms
 21: 165.472620ms
 22: 174.517666ms
 23: 164.609653ms
 24: 166.868897ms
 25: 167.657926ms
 26: 169.651500ms
 27: 164.726830ms
 28: 165.993371ms
 29: 167.308582ms
 30: 165.415209ms
 31: 165.286921ms
 32: 174.535208ms
 33: 164.958330ms
 34: 166.290060ms
 35: 166.248858ms
 36: 170.357289ms
 37: 165.979975ms
 38: 164.057450ms
 39: 166.228552ms
 40: 163.737145ms
 41: 172.269215ms
 42: 222.896115ms
 43: 157.120063ms
 44: 157.644718ms
 45: 157.732609ms
 46: 156.965670ms
 47: 156.524816ms
 48: 155.794114ms
 49: 157.394771ms


Measurements
--------------------------
FFT Size            : 366^3
Threads             : 40
Batch               : 1
Iterations          : 50
Avg Tot Runtime     : 168.681131 ms
Runtime per batch   : 168.681131 ms
SD                  : 13.191019 ms
Throughput          : 8.573610 GFLOPs
Plan Time           : 188.060443 sec
