Expm 2: Streaming FFTW
FFTW Plan: Patient
-- Cannot import wisdom from ../../wisdom/singlenode/all/626/fftw_626_t36_b1.patient
-- Exporting wisdom file to ../../wisdom/singlenode/all/626/fftw_626_t36_b1.patient
Iteration: 0, 1, 2, 3, 4, 5, 6, 7, 8, 9, 10, 11, 12, 13, 14, 15, 16, 17, 18, 19, 20, 21, 22, 23, 24, 25, 26, 27, 28, 29, 30, 31, 32, 33, 34, 35, 36, 37, 38, 39, 40, 41, 42, 43, 44, 45, 46, 47, 48, 49, 
Printing individual runtimes:
 0: 1179.060165ms
 1: 598.744272ms
 2: 598.731302ms
 3: 840.607437ms
 4: 595.487839ms
 5: 596.505752ms
 6: 610.967355ms
 7: 856.816237ms
 8: 594.678180ms
 9: 600.578537ms
 10: 614.450351ms
 11: 610.793268ms
 12: 596.361577ms
 13: 1116.142555ms
 14: 598.032994ms
 15: 605.657369ms
 16: 1014.664657ms
 17: 601.476788ms
 18: 600.384738ms
 19: 630.062206ms
 20: 636.226990ms
 21: 713.063283ms
 22: 595.542629ms
 23: 594.384361ms
 24: 597.137975ms
 25: 601.027256ms
 26: 597.668495ms
 27: 602.209408ms
 28: 1006.741183ms
 29: 596.191352ms
 30: 598.788828ms
 31: 594.687006ms
 32: 596.426322ms
 33: 596.131698ms
 34: 596.546001ms
 35: 599.125682ms
 36: 600.568829ms
 37: 595.797472ms
 38: 596.492369ms
 39: 595.185390ms
 40: 610.889125ms
 41: 597.018793ms
 42: 603.761273ms
 43: 596.960052ms
 44: 897.371494ms
 45: 595.891886ms
 46: 592.920851ms
 47: 593.160193ms
 48: 594.397864ms
 49: 595.729280ms


Measurements
--------------------------
FFT Size            : 626^3
Threads             : 36
Batch               : 1
Iterations          : 50
Avg Tot Runtime     : 656.964938 ms
Runtime per batch   : 656.964938 ms
SD                  : 141.789230 ms
Throughput          : 49.799602 GFLOPs
Plan Time           : 326.547745 sec
