Expm 2: Streaming FFTW
FFTW Plan: Patient
-- Cannot import wisdom from ../../wisdom/singlenode/all/97/fftw_97_t38_b1.patient
-- Exporting wisdom file to ../../wisdom/singlenode/all/97/fftw_97_t38_b1.patient
Iteration: 0, 1, 2, 3, 4, 5, 6, 7, 8, 9, 10, 11, 12, 13, 14, 15, 16, 17, 18, 19, 20, 21, 22, 23, 24, 25, 26, 27, 28, 29, 30, 31, 32, 33, 34, 35, 36, 37, 38, 39, 40, 41, 42, 43, 44, 45, 46, 47, 48, 49, 
Printing individual runtimes:
 0: 1.639697ms
 1: 1.634477ms
 2: 1.621765ms
 3: 1.598647ms
 4: 1.634478ms
 5: 1.635157ms
 6: 1.626055ms
 7: 1.654606ms
 8: 1.642000ms
 9: 1.700777ms
 10: 1.600665ms
 11: 1.727679ms
 12: 1.634282ms
 13: 1.939204ms
 14: 1.604238ms
 15: 1.777554ms
 16: 1.593793ms
 17: 1.804513ms
 18: 1.733373ms
 19: 1.755504ms
 20: 1.642525ms
 21: 1.738255ms
 22: 1.609387ms
 23: 1.624871ms
 24: 1.969353ms
 25: 1.682364ms
 26: 1.600849ms
 27: 1.594084ms
 28: 1.608655ms
 29: 1.618833ms
 30: 1.725916ms
 31: 1.887585ms
 32: 1.612323ms
 33: 1.640348ms
 34: 2.535637ms
 35: 1.610668ms
 36: 1.733267ms
 37: 1.590511ms
 38: 3.282363ms
 39: 1.654561ms
 40: 1.637128ms
 41: 1.858773ms
 42: 1.653461ms
 43: 1.679821ms
 44: 1.659153ms
 45: 1.666441ms
 46: 1.669692ms
 47: 1.810424ms
 48: 1.659126ms
 49: 3.196123ms


Measurements
--------------------------
FFT Size            : 97^3
Threads             : 38
Batch               : 1
Iterations          : 50
Avg Tot Runtime     : 1.760219 ms
Runtime per batch   : 1.760219 ms
SD                  : 0.336563 ms
Throughput          : 0.120642 GFLOPs
Plan Time           : 77.812638 sec
