Expm 2: Streaming FFTW
FFTW Plan: Patient
-- Cannot import wisdom from ../../wisdom/singlenode/all/275/fftw_275_t40_b1.patient
-- Exporting wisdom file to ../../wisdom/singlenode/all/275/fftw_275_t40_b1.patient
Iteration: 0, 1, 2, 3, 4, 5, 6, 7, 8, 9, 10, 11, 12, 13, 14, 15, 16, 17, 18, 19, 20, 21, 22, 23, 24, 25, 26, 27, 28, 29, 30, 31, 32, 33, 34, 35, 36, 37, 38, 39, 40, 41, 42, 43, 44, 45, 46, 47, 48, 49, 
Printing individual runtimes:
 0: 11.001499ms
 1: 11.139146ms
 2: 10.955797ms
 3: 10.890068ms
 4: 10.959600ms
 5: 10.947167ms
 6: 10.984284ms
 7: 10.900994ms
 8: 10.934621ms
 9: 10.930547ms
 10: 10.913171ms
 11: 10.954924ms
 12: 10.902667ms
 13: 10.865437ms
 14: 10.930827ms
 15: 11.031401ms
 16: 10.952923ms
 17: 11.049661ms
 18: 10.883876ms
 19: 10.914406ms
 20: 10.909592ms
 21: 11.133859ms
 22: 10.873495ms
 23: 11.071874ms
 24: 10.882200ms
 25: 10.932378ms
 26: 11.151793ms
 27: 10.932598ms
 28: 11.006439ms
 29: 10.895272ms
 30: 18.031803ms
 31: 10.947690ms
 32: 10.956157ms
 33: 10.832701ms
 34: 10.931297ms
 35: 10.832633ms
 36: 10.854429ms
 37: 10.898129ms
 38: 11.073152ms
 39: 10.916544ms
 40: 10.975423ms
 41: 10.951706ms
 42: 10.983115ms
 43: 10.964549ms
 44: 10.991849ms
 45: 10.902485ms
 46: 11.034440ms
 47: 11.071039ms
 48: 10.887050ms
 49: 10.984007ms


Measurements
--------------------------
FFT Size            : 275^3
Threads             : 40
Batch               : 1
Iterations          : 50
Avg Tot Runtime     : 11.097054 ms
Runtime per batch   : 11.097054 ms
SD                  : 0.993454 ms
Throughput          : 0.577748 GFLOPs
Plan Time           : 60.763943 sec
