Expm 2: Streaming FFTW
FFTW Plan: Patient
-- Cannot import wisdom from ../../wisdom/singlenode/all/428/fftw_428_t40_b1.patient
-- Exporting wisdom file to ../../wisdom/singlenode/all/428/fftw_428_t40_b1.patient
Iteration: 0, 1, 2, 3, 4, 5, 6, 7, 8, 9, 10, 11, 12, 13, 14, 15, 16, 17, 18, 19, 20, 21, 22, 23, 24, 25, 26, 27, 28, 29, 30, 31, 32, 33, 34, 35, 36, 37, 38, 39, 40, 41, 42, 43, 44, 45, 46, 47, 48, 49, 
Printing individual runtimes:
 0: 157.504364ms
 1: 152.637434ms
 2: 155.194197ms
 3: 155.798919ms
 4: 156.288503ms
 5: 256.556666ms
 6: 244.257487ms
 7: 161.646086ms
 8: 162.678055ms
 9: 156.219039ms
 10: 158.554458ms
 11: 163.745428ms
 12: 156.051431ms
 13: 159.154236ms
 14: 156.271158ms
 15: 163.018496ms
 16: 161.388014ms
 17: 245.151059ms
 18: 157.766646ms
 19: 159.835948ms
 20: 159.129443ms
 21: 160.038870ms
 22: 159.683815ms
 23: 158.587018ms
 24: 160.184593ms
 25: 293.573755ms
 26: 256.372559ms
 27: 231.908571ms
 28: 154.618103ms
 29: 158.742147ms
 30: 153.805049ms
 31: 158.991043ms
 32: 251.121973ms
 33: 225.668880ms
 34: 153.051871ms
 35: 156.306230ms
 36: 154.929238ms
 37: 154.338677ms
 38: 157.326803ms
 39: 161.886636ms
 40: 157.059312ms
 41: 156.614815ms
 42: 154.165533ms
 43: 154.051633ms
 44: 158.562744ms
 45: 159.320197ms
 46: 158.172525ms
 47: 247.002224ms
 48: 159.769148ms
 49: 159.941003ms


Measurements
--------------------------
FFT Size            : 428^3
Threads             : 40
Batch               : 1
Iterations          : 50
Avg Tot Runtime     : 174.492841 ms
Runtime per batch   : 174.492841 ms
SD                  : 36.374923 ms
Throughput          : 10.637678 GFLOPs
Plan Time           : 364.430132 sec
