Expm 2: Streaming FFTW
FFTW Plan: Patient
-- Cannot import wisdom from ../../wisdom/singlenode/all/428/fftw_428_t36_b1.patient
-- Exporting wisdom file to ../../wisdom/singlenode/all/428/fftw_428_t36_b1.patient
Iteration: 0, 1, 2, 3, 4, 5, 6, 7, 8, 9, 10, 11, 12, 13, 14, 15, 16, 17, 18, 19, 20, 21, 22, 23, 24, 25, 26, 27, 28, 29, 30, 31, 32, 33, 34, 35, 36, 37, 38, 39, 40, 41, 42, 43, 44, 45, 46, 47, 48, 49, 
Printing individual runtimes:
 0: 144.581159ms
 1: 144.301792ms
 2: 143.129792ms
 3: 142.456155ms
 4: 145.147912ms
 5: 147.742906ms
 6: 140.982457ms
 7: 143.481971ms
 8: 141.411646ms
 9: 142.553280ms
 10: 139.783542ms
 11: 142.594919ms
 12: 145.637511ms
 13: 143.931784ms
 14: 141.149507ms
 15: 141.709972ms
 16: 139.103823ms
 17: 144.189392ms
 18: 142.875613ms
 19: 142.524206ms
 20: 139.968851ms
 21: 142.987156ms
 22: 140.272405ms
 23: 141.343190ms
 24: 140.936776ms
 25: 148.491447ms
 26: 142.040221ms
 27: 147.453920ms
 28: 164.170141ms
 29: 144.164392ms
 30: 151.741315ms
 31: 142.657429ms
 32: 143.701616ms
 33: 148.043016ms
 34: 149.270158ms
 35: 145.998135ms
 36: 145.689138ms
 37: 143.131533ms
 38: 143.400445ms
 39: 140.968007ms
 40: 144.855542ms
 41: 147.510602ms
 42: 141.702140ms
 43: 146.211525ms
 44: 142.444513ms
 45: 143.337679ms
 46: 142.609069ms
 47: 144.075734ms
 48: 145.948595ms
 49: 141.971677ms


Measurements
--------------------------
FFT Size            : 428^3
Threads             : 36
Batch               : 1
Iterations          : 50
Avg Tot Runtime     : 144.127714 ms
Runtime per batch   : 144.127714 ms
SD                  : 3.870282 ms
Throughput          : 10.637678 GFLOPs
Plan Time           : 314.156192 sec
