Expm 2: Streaming FFTW
FFTW Plan: Patient
-- Cannot import wisdom from ../../wisdom/singlenode/all/551/fftw_551_t36_b1.patient
-- Exporting wisdom file to ../../wisdom/singlenode/all/551/fftw_551_t36_b1.patient
Iteration: 0, 1, 2, 3, 4, 5, 6, 7, 8, 9, 10, 11, 12, 13, 14, 15, 16, 17, 18, 19, 20, 21, 22, 23, 24, 25, 26, 27, 28, 29, 30, 31, 32, 33, 34, 35, 36, 37, 38, 39, 40, 41, 42, 43, 44, 45, 46, 47, 48, 49, 
Printing individual runtimes:
 0: 452.623942ms
 1: 476.908878ms
 2: 451.954460ms
 3: 451.755900ms
 4: 452.190859ms
 5: 452.331180ms
 6: 455.716293ms
 7: 452.394804ms
 8: 451.356908ms
 9: 451.843420ms
 10: 451.901086ms
 11: 453.113432ms
 12: 451.074029ms
 13: 453.673776ms
 14: 453.338588ms
 15: 452.227380ms
 16: 450.488069ms
 17: 452.734194ms
 18: 493.663132ms
 19: 457.613902ms
 20: 457.887074ms
 21: 459.102123ms
 22: 457.436014ms
 23: 460.070721ms
 24: 450.689230ms
 25: 452.611514ms
 26: 450.998054ms
 27: 451.942132ms
 28: 453.493953ms
 29: 746.587559ms
 30: 704.494234ms
 31: 460.094204ms
 32: 467.125879ms
 33: 464.230866ms
 34: 739.216514ms
 35: 460.542915ms
 36: 458.412231ms
 37: 460.610360ms
 38: 455.803152ms
 39: 456.263750ms
 40: 567.529273ms
 41: 456.925627ms
 42: 458.077106ms
 43: 659.647595ms
 44: 454.189153ms
 45: 534.981637ms
 46: 461.964933ms
 47: 457.237736ms
 48: 456.548202ms
 49: 456.338492ms


Measurements
--------------------------
FFT Size            : 551^3
Threads             : 36
Batch               : 1
Iterations          : 50
Avg Tot Runtime     : 480.999129 ms
Runtime per batch   : 480.999129 ms
SD                  : 71.808913 ms
Throughput          : 33.402789 GFLOPs
Plan Time           : 578.616884 sec
