Expm 2: Streaming FFTW
FFTW Plan: Patient
-- Cannot import wisdom from ../../wisdom/singlenode/all/233/fftw_233_t37_b1.patient
-- Exporting wisdom file to ../../wisdom/singlenode/all/233/fftw_233_t37_b1.patient
Iteration: 0, 1, 2, 3, 4, 5, 6, 7, 8, 9, 10, 11, 12, 13, 14, 15, 16, 17, 18, 19, 20, 21, 22, 23, 24, 25, 26, 27, 28, 29, 30, 31, 32, 33, 34, 35, 36, 37, 38, 39, 40, 41, 42, 43, 44, 45, 46, 47, 48, 49, 
Printing individual runtimes:
 0: 21.662943ms
 1: 17.067493ms
 2: 17.198845ms
 3: 17.436510ms
 4: 17.336278ms
 5: 17.224313ms
 6: 18.054336ms
 7: 17.764748ms
 8: 17.141198ms
 9: 17.433490ms
 10: 16.962753ms
 11: 18.536482ms
 12: 17.626784ms
 13: 17.267653ms
 14: 16.961604ms
 15: 17.372057ms
 16: 17.424367ms
 17: 17.188907ms
 18: 17.228516ms
 19: 17.262421ms
 20: 17.083079ms
 21: 17.320398ms
 22: 17.197533ms
 23: 17.306563ms
 24: 17.180198ms
 25: 17.099386ms
 26: 17.452644ms
 27: 20.747135ms
 28: 17.731508ms
 29: 18.373195ms
 30: 17.719415ms
 31: 17.157478ms
 32: 17.362339ms
 33: 17.327402ms
 34: 18.054251ms
 35: 16.939405ms
 36: 17.275620ms
 37: 17.718258ms
 38: 17.435965ms
 39: 16.939321ms
 40: 17.240904ms
 41: 17.589206ms
 42: 17.418532ms
 43: 17.271455ms
 44: 17.991550ms
 45: 17.291435ms
 46: 17.011127ms
 47: 17.274044ms
 48: 17.590704ms
 49: 18.157217ms


Measurements
--------------------------
FFT Size            : 233^3
Threads             : 37
Batch               : 1
Iterations          : 50
Avg Tot Runtime     : 17.568179 ms
Runtime per batch   : 17.568179 ms
SD                  : 0.828565 ms
Throughput          : 1.559940 GFLOPs
Plan Time           : 290.259980 sec
