Expm 2: Streaming FFTW
FFTW Plan: Patient
-- Cannot import wisdom from ../../wisdom/singlenode/prime/expm2/fftw_127_t37_b1.patient
-- Exporting wisdom file to ../../wisdom/singlenode/prime/expm2/fftw_127_t37_b1.patient
Iteration: 0, 1, 2, 3, 4, 5, 6, 7, 8, 9, 10, 11, 12, 13, 14, 15, 16, 17, 18, 19, 20, 21, 22, 23, 24, 25, 26, 27, 28, 29, 30, 31, 32, 33, 34, 35, 36, 37, 38, 39, 40, 41, 42, 43, 44, 45, 46, 47, 48, 49, 
Printing individual runtimes:
 0: 2.776420ms
 1: 2.825344ms
 2: 2.776255ms
 3: 2.867926ms
 4: 2.773987ms
 5: 2.780858ms
 6: 2.775482ms
 7: 2.782684ms
 8: 2.794019ms
 9: 2.778705ms
 10: 2.886033ms
 11: 2.765936ms
 12: 2.771673ms
 13: 2.755187ms
 14: 2.755609ms
 15: 2.748678ms
 16: 2.916755ms
 17: 2.741511ms
 18: 2.778404ms
 19: 2.765590ms
 20: 3.215317ms
 21: 2.731149ms
 22: 2.741006ms
 23: 2.738064ms
 24: 2.740558ms
 25: 2.741160ms
 26: 2.746288ms
 27: 3.681125ms
 28: 2.709233ms
 29: 2.706052ms
 30: 2.720324ms
 31: 2.702345ms
 32: 2.770186ms
 33: 2.705552ms
 34: 2.715199ms
 35: 2.723949ms
 36: 2.722079ms
 37: 2.721163ms
 38: 2.719549ms
 39: 4.982953ms
 40: 2.730975ms
 41: 2.731074ms
 42: 2.725761ms
 43: 2.788090ms
 44: 2.730458ms
 45: 2.734862ms
 46: 2.740272ms
 47: 2.742767ms
 48: 2.729992ms
 49: 2.748089ms


Measurements
--------------------------
FFT Size            : 127^3
Threads             : 37
Batch               : 1
Iterations          : 50
Avg Tot Runtime     : 2.829053 ms
Runtime per batch   : 2.829053 ms
SD                  : 0.342069 ms
Throughput          : 0.228774 GFLOPs
Plan Time           : 31.136072 sec
