Expm 1: Only FFTW
FFTW Plan: Patient
-- Cannot import wisdom from ../../wisdom/singlenode/prime/expm1//fftw_499_t38_b1.patient
-- Exporting wisdom file to ../../wisdom/singlenode/prime/expm1//fftw_499_t38_b1.patient
Iteration: 0, 1, 2, 3, 4, 5, 6, 7, 8, 9, 10, 11, 12, 13, 14, 15, 16, 17, 18, 19, 20, 21, 22, 23, 24, 25, 26, 27, 28, 29, 30, 31, 32, 33, 34, 35, 36, 37, 38, 39, 40, 41, 42, 43, 44, 45, 46, 47, 48, 49, 
Printing individual runtimes:
 0: 167.569773ms
 1: 167.027273ms
 2: 166.963120ms
 3: 167.139671ms
 4: 166.668640ms
 5: 165.934570ms
 6: 201.857114ms
 7: 166.495893ms
 8: 185.615847ms
 9: 166.722512ms
 10: 168.130864ms
 11: 167.207451ms
 12: 166.968595ms
 13: 166.406898ms
 14: 185.612720ms
 15: 184.989177ms
 16: 166.777935ms
 17: 166.676032ms
 18: 166.640201ms
 19: 167.059631ms
 20: 167.161350ms
 21: 166.623964ms
 22: 449.913915ms
 23: 193.587395ms
 24: 453.036469ms
 25: 170.444046ms
 26: 172.308378ms
 27: 442.616781ms
 28: 171.644780ms
 29: 171.581857ms
 30: 167.057833ms
 31: 175.956659ms
 32: 185.428932ms
 33: 173.609334ms
 34: 167.658561ms
 35: 306.444921ms
 36: 173.494918ms
 37: 167.140498ms
 38: 167.264126ms
 39: 168.679807ms
 40: 167.660825ms
 41: 167.249299ms
 42: 173.260721ms
 43: 168.756239ms
 44: 168.941120ms
 45: 168.248678ms
 46: 168.817408ms
 47: 379.025065ms
 48: 173.906881ms
 49: 172.232080ms


Measurements
--------------------------
FFT Size            : 499^3
Threads             : 38
Batch               : 1
Iterations          : 50
Avg Tot Runtime     : 194.964335 ms
Runtime per batch   : 194.964335 ms
SD                  : 73.045435 ms
Throughput          : 18.404660 GFLOPs
Plan Time           : 380.091800 sec
