Expm 1: Only FFTW
FFTW Plan: Patient
-- Cannot import wisdom from ../../wisdom/singlenode/prime/expm1//fftw_251_t16_b1.patient
-- Exporting wisdom file to ../../wisdom/singlenode/prime/expm1//fftw_251_t16_b1.patient
Iteration: 0, 1, 2, 3, 4, 5, 6, 7, 8, 9, 10, 11, 12, 13, 14, 15, 16, 17, 18, 19, 20, 21, 22, 23, 24, 25, 26, 27, 28, 29, 30, 31, 32, 33, 34, 35, 36, 37, 38, 39, 40, 41, 42, 43, 44, 45, 46, 47, 48, 49, 
Printing individual runtimes:
 0: 42.721293ms
 1: 43.840630ms
 2: 45.157666ms
 3: 43.261037ms
 4: 71.951825ms
 5: 42.347761ms
 6: 43.501990ms
 7: 73.998985ms
 8: 41.075941ms
 9: 44.577647ms
 10: 42.396022ms
 11: 45.197289ms
 12: 43.489659ms
 13: 43.732893ms
 14: 43.154904ms
 15: 45.556132ms
 16: 44.163719ms
 17: 43.550552ms
 18: 43.914426ms
 19: 43.150023ms
 20: 43.800536ms
 21: 42.742090ms
 22: 46.068463ms
 23: 43.212903ms
 24: 45.949338ms
 25: 42.228936ms
 26: 43.563635ms
 27: 45.642190ms
 28: 44.610552ms
 29: 42.983027ms
 30: 42.959425ms
 31: 44.725872ms
 32: 44.741285ms
 33: 44.248309ms
 34: 43.210141ms
 35: 42.483768ms
 36: 41.345156ms
 37: 43.859768ms
 38: 42.538436ms
 39: 42.135918ms
 40: 42.849961ms
 41: 44.667271ms
 42: 43.830672ms
 43: 42.791507ms
 44: 43.643355ms
 45: 42.158738ms
 46: 42.177530ms
 47: 44.113306ms
 48: 43.008198ms
 49: 42.994958ms


Measurements
--------------------------
FFT Size            : 251^3
Threads             : 16
Batch               : 1
Iterations          : 50
Avg Tot Runtime     : 44.720513 ms
Runtime per batch   : 44.720513 ms
SD                  : 5.876740 ms
Throughput          : 1.852985 GFLOPs
Plan Time           : 95.531394 sec
