Expm 1: Only FFTW
FFTW Plan: Patient
-- Cannot import wisdom from ../../wisdom/singlenode/prime/expm1//fftw_251_t28_b1.patient
-- Exporting wisdom file to ../../wisdom/singlenode/prime/expm1//fftw_251_t28_b1.patient
Iteration: 0, 1, 2, 3, 4, 5, 6, 7, 8, 9, 10, 11, 12, 13, 14, 15, 16, 17, 18, 19, 20, 21, 22, 23, 24, 25, 26, 27, 28, 29, 30, 31, 32, 33, 34, 35, 36, 37, 38, 39, 40, 41, 42, 43, 44, 45, 46, 47, 48, 49, 
Printing individual runtimes:
 0: 24.215977ms
 1: 26.044478ms
 2: 25.657450ms
 3: 23.896952ms
 4: 25.194985ms
 5: 26.491915ms
 6: 23.951512ms
 7: 25.300530ms
 8: 26.569549ms
 9: 24.738183ms
 10: 26.134198ms
 11: 27.507854ms
 12: 24.544122ms
 13: 24.439104ms
 14: 23.656986ms
 15: 24.502363ms
 16: 24.793934ms
 17: 24.843584ms
 18: 25.506599ms
 19: 26.845586ms
 20: 24.404656ms
 21: 26.031503ms
 22: 24.941902ms
 23: 25.747821ms
 24: 24.884137ms
 25: 26.251091ms
 26: 25.077574ms
 27: 24.888564ms
 28: 25.609933ms
 29: 25.852275ms
 30: 26.182411ms
 31: 25.990372ms
 32: 24.311633ms
 33: 23.531040ms
 34: 25.314640ms
 35: 23.528315ms
 36: 27.048512ms
 37: 25.453758ms
 38: 25.320077ms
 39: 23.245354ms
 40: 27.403800ms
 41: 25.059549ms
 42: 25.507078ms
 43: 25.376071ms
 44: 24.687156ms
 45: 25.956533ms
 46: 24.843273ms
 47: 24.048863ms
 48: 26.657614ms
 49: 23.955533ms


Measurements
--------------------------
FFT Size            : 251^3
Threads             : 28
Batch               : 1
Iterations          : 50
Avg Tot Runtime     : 25.238938 ms
Runtime per batch   : 25.238938 ms
SD                  : 1.018443 ms
Throughput          : 1.852985 GFLOPs
Plan Time           : 114.481381 sec
