Expm 1: Only FFTW
FFTW Plan: Patient
-- Cannot import wisdom from ../../wisdom/singlenode/prime/expm1//fftw_251_t32_b1.patient
-- Exporting wisdom file to ../../wisdom/singlenode/prime/expm1//fftw_251_t32_b1.patient
Iteration: 0, 1, 2, 3, 4, 5, 6, 7, 8, 9, 10, 11, 12, 13, 14, 15, 16, 17, 18, 19, 20, 21, 22, 23, 24, 25, 26, 27, 28, 29, 30, 31, 32, 33, 34, 35, 36, 37, 38, 39, 40, 41, 42, 43, 44, 45, 46, 47, 48, 49, 
Printing individual runtimes:
 0: 20.161808ms
 1: 20.399841ms
 2: 20.828670ms
 3: 20.729900ms
 4: 20.402892ms
 5: 20.418721ms
 6: 21.160278ms
 7: 20.570389ms
 8: 20.383930ms
 9: 38.211074ms
 10: 20.990176ms
 11: 20.353437ms
 12: 20.350936ms
 13: 20.746284ms
 14: 20.524577ms
 15: 21.343379ms
 16: 21.646000ms
 17: 20.768574ms
 18: 20.756108ms
 19: 20.623630ms
 20: 20.597824ms
 21: 20.739858ms
 22: 21.200856ms
 23: 20.687954ms
 24: 20.928176ms
 25: 21.106161ms
 26: 20.482177ms
 27: 20.911782ms
 28: 20.441770ms
 29: 20.885191ms
 30: 21.213173ms
 31: 21.432971ms
 32: 21.303218ms
 33: 20.582450ms
 34: 21.273029ms
 35: 20.832646ms
 36: 20.528671ms
 37: 21.026854ms
 38: 20.694437ms
 39: 20.598646ms
 40: 20.918039ms
 41: 20.219134ms
 42: 21.338093ms
 43: 20.393449ms
 44: 21.502434ms
 45: 21.094369ms
 46: 20.014366ms
 47: 20.069126ms
 48: 20.051350ms
 49: 20.435608ms


Measurements
--------------------------
FFT Size            : 251^3
Threads             : 32
Batch               : 1
Iterations          : 50
Avg Tot Runtime     : 21.097488 ms
Runtime per batch   : 21.097488 ms
SD                  : 2.476266 ms
Throughput          : 1.852985 GFLOPs
Plan Time           : 109.490384 sec
