Expm 1: Only FFTW
FFTW Plan: Patient
-- Cannot import wisdom from ../../wisdom/singlenode/prime/expm1//fftw_251_t27_b1.patient
-- Exporting wisdom file to ../../wisdom/singlenode/prime/expm1//fftw_251_t27_b1.patient
Iteration: 0, 1, 2, 3, 4, 5, 6, 7, 8, 9, 10, 11, 12, 13, 14, 15, 16, 17, 18, 19, 20, 21, 22, 23, 24, 25, 26, 27, 28, 29, 30, 31, 32, 33, 34, 35, 36, 37, 38, 39, 40, 41, 42, 43, 44, 45, 46, 47, 48, 49, 
Printing individual runtimes:
 0: 26.504343ms
 1: 26.548646ms
 2: 26.847739ms
 3: 26.902728ms
 4: 29.277041ms
 5: 26.630371ms
 6: 29.430576ms
 7: 26.758650ms
 8: 27.664876ms
 9: 27.049235ms
 10: 25.484271ms
 11: 26.994227ms
 12: 26.995508ms
 13: 26.927000ms
 14: 26.865639ms
 15: 27.619965ms
 16: 27.994076ms
 17: 27.145708ms
 18: 27.205124ms
 19: 26.660422ms
 20: 27.472727ms
 21: 28.910747ms
 22: 28.169623ms
 23: 27.229600ms
 24: 26.740082ms
 25: 26.943920ms
 26: 27.734018ms
 27: 27.917219ms
 28: 28.114920ms
 29: 28.949573ms
 30: 25.760938ms
 31: 28.051412ms
 32: 28.734712ms
 33: 27.654184ms
 34: 28.131716ms
 35: 27.034898ms
 36: 28.180150ms
 37: 28.739981ms
 38: 28.434288ms
 39: 27.026398ms
 40: 26.636700ms
 41: 28.936503ms
 42: 28.330968ms
 43: 26.543381ms
 44: 28.801191ms
 45: 27.958360ms
 46: 26.539579ms
 47: 28.370055ms
 48: 28.577489ms
 49: 27.004982ms


Measurements
--------------------------
FFT Size            : 251^3
Threads             : 27
Batch               : 1
Iterations          : 50
Avg Tot Runtime     : 27.542729 ms
Runtime per batch   : 27.542729 ms
SD                  : 0.912014 ms
Throughput          : 1.852985 GFLOPs
Plan Time           : 120.973214 sec
