Expm 1: Only FFTW
FFTW Plan: Patient
-- Cannot import wisdom from ../../wisdom/singlenode/prime/expm1//fftw_251_t3_b1.patient
-- Exporting wisdom file to ../../wisdom/singlenode/prime/expm1//fftw_251_t3_b1.patient
Iteration: 0, 1, 2, 3, 4, 5, 6, 7, 8, 9, 10, 11, 12, 13, 14, 15, 16, 17, 18, 19, 20, 21, 22, 23, 24, 25, 26, 27, 28, 29, 30, 31, 32, 33, 34, 35, 36, 37, 38, 39, 40, 41, 42, 43, 44, 45, 46, 47, 48, 49, 
Printing individual runtimes:
 0: 199.561285ms
 1: 198.994587ms
 2: 198.943400ms
 3: 199.631589ms
 4: 199.021745ms
 5: 198.932659ms
 6: 198.768431ms
 7: 198.901701ms
 8: 198.544254ms
 9: 198.813594ms
 10: 198.988287ms
 11: 198.824461ms
 12: 200.246623ms
 13: 199.754156ms
 14: 199.846392ms
 15: 199.671958ms
 16: 199.878285ms
 17: 199.612811ms
 18: 199.846783ms
 19: 199.952195ms
 20: 199.754578ms
 21: 199.357378ms
 22: 199.626141ms
 23: 199.771795ms
 24: 199.734132ms
 25: 199.148617ms
 26: 199.589994ms
 27: 199.474935ms
 28: 200.015101ms
 29: 199.591841ms
 30: 199.524202ms
 31: 199.462938ms
 32: 199.375965ms
 33: 199.880356ms
 34: 199.665871ms
 35: 200.495991ms
 36: 200.106712ms
 37: 200.018974ms
 38: 200.155686ms
 39: 200.265110ms
 40: 199.967948ms
 41: 200.306276ms
 42: 200.412966ms
 43: 200.738003ms
 44: 199.938348ms
 45: 199.707830ms
 46: 199.847805ms
 47: 200.441879ms
 48: 200.246440ms
 49: 200.057013ms


Measurements
--------------------------
FFT Size            : 251^3
Threads             : 3
Batch               : 1
Iterations          : 50
Avg Tot Runtime     : 199.668320 ms
Runtime per batch   : 199.668320 ms
SD                  : 0.505659 ms
Throughput          : 1.852985 GFLOPs
Plan Time           : 97.625956 sec
