Expm 1: Only FFTW
FFTW Plan: Patient
-- Cannot import wisdom from ../../wisdom/singlenode/prime/expm1//fftw_251_t7_b1.patient
-- Exporting wisdom file to ../../wisdom/singlenode/prime/expm1//fftw_251_t7_b1.patient
Iteration: 0, 1, 2, 3, 4, 5, 6, 7, 8, 9, 10, 11, 12, 13, 14, 15, 16, 17, 18, 19, 20, 21, 22, 23, 24, 25, 26, 27, 28, 29, 30, 31, 32, 33, 34, 35, 36, 37, 38, 39, 40, 41, 42, 43, 44, 45, 46, 47, 48, 49, 
Printing individual runtimes:
 0: 89.876061ms
 1: 91.881594ms
 2: 92.385709ms
 3: 91.627168ms
 4: 92.344011ms
 5: 91.277699ms
 6: 90.514413ms
 7: 88.995950ms
 8: 90.411011ms
 9: 90.648457ms
 10: 89.937521ms
 11: 90.481102ms
 12: 91.491777ms
 13: 90.994587ms
 14: 91.114787ms
 15: 91.397191ms
 16: 90.347184ms
 17: 89.830768ms
 18: 89.769847ms
 19: 89.418681ms
 20: 89.293105ms
 21: 90.581033ms
 22: 91.870504ms
 23: 92.982418ms
 24: 91.076901ms
 25: 93.139426ms
 26: 91.195611ms
 27: 92.001760ms
 28: 93.352048ms
 29: 91.197300ms
 30: 91.738118ms
 31: 90.541301ms
 32: 90.942207ms
 33: 91.598017ms
 34: 92.583766ms
 35: 89.497230ms
 36: 89.905626ms
 37: 89.825351ms
 38: 92.613025ms
 39: 90.558678ms
 40: 92.502753ms
 41: 92.367435ms
 42: 90.790469ms
 43: 90.446630ms
 44: 92.207600ms
 45: 90.908122ms
 46: 90.524296ms
 47: 90.470902ms
 48: 92.549414ms
 49: 90.658560ms


Measurements
--------------------------
FFT Size            : 251^3
Threads             : 7
Batch               : 1
Iterations          : 50
Avg Tot Runtime     : 91.093302 ms
Runtime per batch   : 91.093302 ms
SD                  : 1.070895 ms
Throughput          : 1.852985 GFLOPs
Plan Time           : 92.756142 sec
