Expm 2: Streaming FFT

Printing individual runtimes:
 0: 0.315983ms
 1: 0.140915ms
 2: 0.142986ms
 3: 1.198187ms
 4: 0.139428ms
 5: 0.161283ms
 6: 0.140505ms
 7: 0.439365ms
 8: 0.154627ms
 9: 0.147830ms
 10: 0.143090ms
 11: 0.401161ms
 12: 0.137269ms
 13: 0.144564ms
 14: 0.153844ms
 15: 0.139730ms
 16: 0.142344ms
 17: 0.377333ms
 18: 0.145374ms
 19: 0.137691ms
 20: 0.141773ms
 21: 0.155807ms
 22: 0.139396ms
 23: 0.427729ms
 24: 0.150479ms
 25: 0.137985ms
 26: 0.157429ms
 27: 0.151010ms
 28: 0.141976ms
 29: 0.173447ms
 30: 0.143939ms
 31: 0.416093ms
 32: 0.145732ms
 33: 0.149614ms
 34: 0.136528ms
 35: 0.146831ms
 36: 0.147073ms
 37: 0.148609ms
 38: 0.160397ms
 39: 0.148639ms
 40: 0.138207ms
 41: 0.147438ms
 42: 0.144846ms
 43: 0.142103ms
 44: 0.138721ms
 45: 0.138922ms
 46: 0.402604ms
 47: 0.148222ms
 48: 0.144171ms
 49: 0.147870ms
 50: 0.137010ms
 51: 0.156513ms
 52: 0.967411ms
 53: 0.144293ms
 54: 0.168496ms
 55: 0.143473ms
 56: 0.150218ms
 57: 0.142543ms
 58: 0.142111ms
 59: 0.145315ms
 60: 0.143230ms
 61: 0.148284ms
 62: 0.361519ms
 63: 0.138024ms
 64: 0.151809ms
 65: 0.142083ms
 66: 0.141830ms
 67: 0.155111ms
 68: 0.140410ms
 69: 0.138109ms
 70: 0.136650ms
 71: 0.168248ms
 72: 0.140904ms
 73: 0.145876ms
 74: 0.140518ms
 75: 0.143902ms
 76: 0.152277ms
 77: 0.147202ms
 78: 0.149712ms
 79: 0.146642ms
 80: 0.146190ms
 81: 0.143289ms
 82: 0.145652ms
 83: 0.146253ms
 84: 0.142437ms
 85: 0.425327ms
 86: 0.143163ms
 87: 0.166099ms
 88: 0.171291ms
 89: 0.142927ms
 90: 0.138582ms
 91: 0.139122ms
 92: 0.151551ms
 93: 0.140629ms
 94: 0.164659ms
 95: 0.143846ms
 96: 0.143189ms
 97: 0.159790ms
 98: 0.177952ms
 99: 0.152281ms
 100: 0.166232ms
 101: 0.142375ms
 102: 0.147844ms
 103: 0.146419ms
 104: 0.146008ms
 105: 0.143256ms
 106: 0.142995ms
 107: 0.140245ms
 108: 0.176878ms
 109: 0.145736ms
 110: 0.146742ms
 111: 0.147150ms
 112: 0.139099ms
 113: 0.144820ms
 114: 0.145507ms
 115: 0.144417ms
 116: 0.136670ms
 117: 0.142035ms
 118: 0.138496ms
 119: 0.148522ms
 120: 0.143255ms
 121: 0.143546ms
 122: 0.139958ms
 123: 0.138806ms
 124: 0.137280ms
 125: 0.254163ms
 126: 0.141340ms
 127: 0.144880ms
 128: 0.141236ms
 129: 0.137802ms
 130: 0.156907ms
 131: 0.137797ms
 132: 0.136840ms
 133: 0.141733ms
 134: 0.138112ms
 135: 0.137664ms
 136: 0.138890ms
 137: 0.151444ms
 138: 0.141896ms
 139: 0.158270ms
 140: 0.149580ms
 141: 0.172196ms
 142: 0.140794ms
 143: 0.178141ms
 144: 0.141686ms
 145: 0.162183ms
 146: 0.165775ms
 147: 0.141612ms
 148: 0.143738ms
 149: 0.170585ms
 150: 0.137301ms
 151: 0.137469ms
 152: 0.144877ms
 153: 0.140845ms
 154: 0.142234ms
 155: 0.139036ms
 156: 0.141155ms
 157: 0.142489ms
 158: 0.158953ms
 159: 0.147121ms
 160: 0.141296ms
 161: 0.141796ms
 162: 0.136211ms
 163: 0.143664ms
 164: 0.143576ms
 165: 0.165482ms
 166: 0.138879ms
 167: 0.142013ms
 168: 0.146711ms
 169: 0.138162ms
 170: 0.166978ms
 171: 0.144581ms
 172: 0.137004ms
 173: 0.171130ms
 174: 0.145359ms
 175: 0.158949ms
 176: 0.140561ms
 177: 0.141963ms
 178: 0.149736ms
 179: 0.137939ms
 180: 0.139273ms
 181: 0.142909ms
 182: 0.138262ms
 183: 0.144514ms
 184: 0.151021ms
 185: 0.141657ms
 186: 0.145967ms
 187: 0.178516ms
 188: 0.143403ms
 189: 0.139246ms
 190: 0.141936ms
 191: 0.157339ms
 192: 0.145789ms
 193: 0.136114ms
 194: 0.142866ms
 195: 0.168607ms
 196: 0.142618ms
 197: 0.148576ms
 198: 0.149614ms
 199: 0.135077ms


-- Real : Q1: 50 Q2: 100 Q3: 150
-- Array: Q1: 49 Q2: 99 Q3: 149
Printing sorted runtimes:
 0: 0.137010ms
 1: 0.135077ms
 2: 0.136114ms
 3: 0.136650ms
 4: 0.136670ms
 5: 0.136528ms
 6: 0.136840ms
 7: 0.136211ms
 8: 0.137004ms
 9: 0.137939ms
 10: 0.137280ms
 11: 0.137802ms
 12: 0.137269ms
 13: 0.137797ms
 14: 0.137664ms
 15: 0.137301ms
 16: 0.137691ms
 17: 0.137469ms
 18: 0.139036ms
 19: 0.138024ms
 20: 0.138109ms
 21: 0.138922ms
 22: 0.138721ms
 23: 0.138890ms
 24: 0.138582ms
 25: 0.137985ms
 26: 0.138112ms
 27: 0.138207ms
 28: 0.138879ms
 29: 0.138162ms
 30: 0.138262ms
 31: 0.138806ms
 32: 0.138496ms
 33: 0.140561ms
 34: 0.139958ms
 35: 0.139428ms
 36: 0.139099ms
 37: 0.140245ms
 38: 0.140410ms
 39: 0.139122ms
 40: 0.140505ms
 41: 0.139273ms
 42: 0.140518ms
 43: 0.139730ms
 44: 0.139396ms
 45: 0.139246ms
 46: 0.140904ms
 47: 0.140794ms
 48: 0.140629ms
 49: 0.140845ms
 50: 0.140915ms
 51: 0.143255ms
 52: 0.141936ms
 53: 0.141657ms
 54: 0.142909ms
 55: 0.141963ms
 56: 0.143090ms
 57: 0.142543ms
 58: 0.142111ms
 59: 0.142013ms
 60: 0.143230ms
 61: 0.141796ms
 62: 0.141296ms
 63: 0.142489ms
 64: 0.141155ms
 65: 0.142083ms
 66: 0.141830ms
 67: 0.142344ms
 68: 0.142234ms
 69: 0.142986ms
 70: 0.141773ms
 71: 0.141612ms
 72: 0.142103ms
 73: 0.141686ms
 74: 0.141896ms
 75: 0.142866ms
 76: 0.141733ms
 77: 0.141976ms
 78: 0.141236ms
 79: 0.141340ms
 80: 0.142035ms
 81: 0.142995ms
 82: 0.142375ms
 83: 0.143189ms
 84: 0.142437ms
 85: 0.142618ms
 86: 0.143163ms
 87: 0.142927ms
 88: 0.143664ms
 89: 0.143546ms
 90: 0.143576ms
 91: 0.143473ms
 92: 0.143289ms
 93: 0.143403ms
 94: 0.143256ms
 95: 0.143846ms
 96: 0.143738ms
 97: 0.143939ms
 98: 0.143902ms
 99: 0.144171ms
 100: 0.144293ms
 101: 0.148576ms
 102: 0.145652ms
 103: 0.145732ms
 104: 0.144514ms
 105: 0.144880ms
 106: 0.144877ms
 107: 0.145315ms
 108: 0.144564ms
 109: 0.145374ms
 110: 0.144846ms
 111: 0.144581ms
 112: 0.145359ms
 113: 0.144820ms
 114: 0.145507ms
 115: 0.145736ms
 116: 0.145876ms
 117: 0.146190ms
 118: 0.145789ms
 119: 0.145967ms
 120: 0.146008ms
 121: 0.146642ms
 122: 0.146419ms
 123: 0.146253ms
 124: 0.148284ms
 125: 0.147121ms
 126: 0.147438ms
 127: 0.148522ms
 128: 0.147870ms
 129: 0.147830ms
 130: 0.148222ms
 131: 0.147202ms
 132: 0.144417ms
 133: 0.147844ms
 134: 0.146711ms
 135: 0.146742ms
 136: 0.147150ms
 137: 0.147073ms
 138: 0.146831ms
 139: 0.149580ms
 140: 0.148639ms
 141: 0.148609ms
 142: 0.149614ms
 143: 0.149614ms
 144: 0.150218ms
 145: 0.149736ms
 146: 0.149712ms
 147: 0.151021ms
 148: 0.151010ms
 149: 0.150479ms
 150: 0.151444ms
 151: 0.152281ms
 152: 0.151551ms
 153: 0.156907ms
 154: 0.162183ms
 155: 0.155111ms
 156: 0.151809ms
 157: 0.152277ms
 158: 0.158270ms
 159: 0.154627ms
 160: 0.157429ms
 161: 0.157339ms
 162: 0.153844ms
 163: 0.156513ms
 164: 0.158953ms
 165: 0.160397ms
 166: 0.159790ms
 167: 0.161283ms
 168: 0.158949ms
 169: 0.155807ms
 170: 0.166978ms
 171: 0.178141ms
 172: 0.172196ms
 173: 0.171130ms
 174: 0.171291ms
 175: 0.165775ms
 176: 0.173447ms
 177: 0.254163ms
 178: 0.168607ms
 179: 0.315983ms
 180: 0.176878ms
 181: 0.168496ms
 182: 0.168248ms
 183: 0.166232ms
 184: 0.177952ms
 185: 0.170585ms
 186: 0.164659ms
 187: 0.178516ms
 188: 0.165482ms
 189: 0.166099ms
 190: 1.198187ms
 191: 0.439365ms
 192: 0.401161ms
 193: 0.377333ms
 194: 0.427729ms
 195: 0.416093ms
 196: 0.425327ms
 197: 0.402604ms
 198: 0.361519ms
 199: 0.967411ms


Measurements
--------------------------
FFT Size            : 80^3
Threads             : 29
Batch               : 1
Iterations          : 200
Avg Tot Runtime     : 0.167937 ms
Runtime per batch   : 0.167937 ms
SD                  : 0.107025 ms
Q1                  : 0.140845 ms
Median              : 0.144232 ms
Q3                  : 0.150479 ms
