Expm 2: Streaming FFT

Printing individual runtimes:
 0: 0.293271ms
 1: 0.145953ms
 2: 0.161166ms
 3: 0.336576ms
 4: 0.163305ms
 5: 1.154603ms
 6: 0.149461ms
 7: 0.230667ms
 8: 0.166939ms
 9: 0.723261ms
 10: 0.148852ms
 11: 0.160324ms
 12: 0.144350ms
 13: 0.151789ms
 14: 0.261425ms
 15: 0.157425ms
 16: 0.165438ms
 17: 0.153843ms
 18: 0.404071ms
 19: 0.156861ms
 20: 0.162533ms
 21: 0.152996ms
 22: 0.176224ms
 23: 0.186848ms
 24: 0.225744ms
 25: 0.172342ms
 26: 0.160262ms
 27: 0.144433ms
 28: 0.369462ms
 29: 0.163511ms
 30: 0.169881ms
 31: 0.144672ms
 32: 0.166430ms
 33: 0.172963ms
 34: 0.166669ms
 35: 0.153296ms
 36: 0.167001ms
 37: 0.156089ms
 38: 0.168361ms
 39: 0.155493ms
 40: 0.156764ms
 41: 0.158126ms
 42: 0.156635ms
 43: 0.172836ms
 44: 0.164558ms
 45: 0.150731ms
 46: 0.202379ms
 47: 0.156907ms
 48: 0.141389ms
 49: 0.149452ms
 50: 0.311374ms
 51: 0.151938ms
 52: 0.148880ms
 53: 0.158199ms
 54: 0.147939ms
 55: 0.154588ms
 56: 0.150811ms
 57: 0.159126ms
 58: 0.155723ms
 59: 0.166755ms
 60: 0.164033ms
 61: 0.173828ms
 62: 0.148355ms
 63: 0.156100ms
 64: 0.146684ms
 65: 0.151777ms
 66: 0.172036ms
 67: 0.143860ms
 68: 0.170225ms
 69: 0.205029ms
 70: 0.150583ms
 71: 0.168179ms
 72: 0.155987ms
 73: 0.146636ms
 74: 0.156086ms
 75: 0.149528ms
 76: 0.154293ms
 77: 0.173930ms
 78: 0.145502ms
 79: 0.151934ms
 80: 0.157363ms
 81: 0.151344ms
 82: 0.166610ms
 83: 0.147354ms
 84: 0.172425ms
 85: 0.153177ms
 86: 0.161739ms
 87: 0.158026ms
 88: 0.166251ms
 89: 0.152690ms
 90: 0.153425ms
 91: 0.155966ms
 92: 0.143151ms
 93: 0.145460ms
 94: 0.135688ms
 95: 0.158935ms
 96: 0.165958ms
 97: 0.162218ms
 98: 0.151292ms
 99: 0.158963ms
 100: 0.157673ms
 101: 0.162827ms
 102: 0.169211ms
 103: 0.315864ms
 104: 0.138504ms
 105: 0.171828ms
 106: 0.167030ms
 107: 0.163281ms
 108: 0.156984ms
 109: 0.174048ms
 110: 0.170499ms
 111: 0.161950ms
 112: 0.179073ms
 113: 0.257689ms
 114: 0.162579ms
 115: 0.151926ms
 116: 0.159599ms
 117: 0.161700ms
 118: 0.146197ms
 119: 0.156546ms
 120: 0.164708ms
 121: 0.159720ms
 122: 0.165402ms
 123: 0.145322ms
 124: 0.154467ms
 125: 0.152638ms
 126: 0.148459ms
 127: 0.159202ms
 128: 0.165788ms
 129: 0.167406ms
 130: 0.178116ms
 131: 0.152849ms
 132: 0.158831ms
 133: 0.180472ms
 134: 0.155891ms
 135: 0.137280ms
 136: 0.161974ms
 137: 0.164732ms
 138: 0.145214ms
 139: 0.166355ms
 140: 0.154703ms
 141: 0.142392ms
 142: 0.162309ms
 143: 0.156535ms
 144: 0.165741ms
 145: 0.151516ms
 146: 0.156262ms
 147: 0.163839ms
 148: 0.156531ms
 149: 0.162783ms
 150: 0.170583ms
 151: 0.160163ms
 152: 0.170447ms
 153: 0.409261ms
 154: 0.155057ms
 155: 0.164046ms
 156: 0.162729ms
 157: 0.168071ms
 158: 0.207766ms
 159: 0.146904ms
 160: 0.158263ms
 161: 0.162122ms
 162: 0.155992ms
 163: 0.151375ms
 164: 0.165133ms
 165: 0.148470ms
 166: 0.160096ms
 167: 0.162034ms
 168: 0.142421ms
 169: 0.169740ms
 170: 0.193376ms
 171: 0.152410ms
 172: 0.157039ms
 173: 0.158923ms
 174: 0.162808ms
 175: 0.157212ms
 176: 0.157843ms
 177: 0.154151ms
 178: 0.163040ms
 179: 0.162928ms
 180: 0.159568ms
 181: 0.155393ms
 182: 0.165766ms
 183: 0.170900ms
 184: 0.158918ms
 185: 0.155967ms
 186: 0.177035ms
 187: 0.161594ms
 188: 0.155846ms
 189: 0.143701ms
 190: 0.165972ms
 191: 0.157205ms
 192: 0.159653ms
 193: 0.160074ms
 194: 0.162159ms
 195: 0.143136ms
 196: 0.172404ms
 197: 0.171628ms
 198: 0.145874ms
 199: 0.164620ms


-- Real : Q1: 50 Q2: 100 Q3: 150
-- Array: Q1: 49 Q2: 99 Q3: 149
Printing sorted runtimes:
 0: 0.152690ms
 1: 0.145953ms
 2: 0.145874ms
 3: 0.143136ms
 4: 0.147354ms
 5: 0.143701ms
 6: 0.149461ms
 7: 0.151344ms
 8: 0.151934ms
 9: 0.145502ms
 10: 0.148852ms
 11: 0.143151ms
 12: 0.144350ms
 13: 0.151789ms
 14: 0.149528ms
 15: 0.146636ms
 16: 0.145460ms
 17: 0.150583ms
 18: 0.152410ms
 19: 0.135688ms
 20: 0.142421ms
 21: 0.151292ms
 22: 0.148470ms
 23: 0.151375ms
 24: 0.143860ms
 25: 0.146904ms
 26: 0.138504ms
 27: 0.144433ms
 28: 0.151777ms
 29: 0.146684ms
 30: 0.151516ms
 31: 0.144672ms
 32: 0.148355ms
 33: 0.142392ms
 34: 0.151926ms
 35: 0.146197ms
 36: 0.145214ms
 37: 0.150811ms
 38: 0.137280ms
 39: 0.147939ms
 40: 0.145322ms
 41: 0.148880ms
 42: 0.151938ms
 43: 0.149452ms
 44: 0.148459ms
 45: 0.150731ms
 46: 0.152638ms
 47: 0.141389ms
 48: 0.152996ms
 49: 0.152849ms
 50: 0.153177ms
 51: 0.158126ms
 52: 0.155891ms
 53: 0.153425ms
 54: 0.155493ms
 55: 0.154588ms
 56: 0.155966ms
 57: 0.155846ms
 58: 0.155723ms
 59: 0.154467ms
 60: 0.154703ms
 61: 0.155967ms
 62: 0.155393ms
 63: 0.154151ms
 64: 0.154293ms
 65: 0.155987ms
 66: 0.155057ms
 67: 0.153843ms
 68: 0.155992ms
 69: 0.156861ms
 70: 0.156907ms
 71: 0.157039ms
 72: 0.156531ms
 73: 0.157425ms
 74: 0.156086ms
 75: 0.157212ms
 76: 0.156262ms
 77: 0.156100ms
 78: 0.156535ms
 79: 0.156984ms
 80: 0.157363ms
 81: 0.156546ms
 82: 0.156089ms
 83: 0.157205ms
 84: 0.156764ms
 85: 0.156635ms
 86: 0.157673ms
 87: 0.158026ms
 88: 0.153296ms
 89: 0.157843ms
 90: 0.158918ms
 91: 0.158199ms
 92: 0.158831ms
 93: 0.158263ms
 94: 0.159568ms
 95: 0.158935ms
 96: 0.158923ms
 97: 0.159126ms
 98: 0.159202ms
 99: 0.158963ms
 100: 0.159599ms
 101: 0.166251ms
 102: 0.159720ms
 103: 0.160074ms
 104: 0.160096ms
 105: 0.160163ms
 106: 0.160262ms
 107: 0.161739ms
 108: 0.160324ms
 109: 0.162159ms
 110: 0.162034ms
 111: 0.161950ms
 112: 0.161594ms
 113: 0.162122ms
 114: 0.161974ms
 115: 0.161700ms
 116: 0.161166ms
 117: 0.164033ms
 118: 0.162579ms
 119: 0.162533ms
 120: 0.162729ms
 121: 0.163281ms
 122: 0.164046ms
 123: 0.162808ms
 124: 0.163040ms
 125: 0.162928ms
 126: 0.164558ms
 127: 0.162827ms
 128: 0.162783ms
 129: 0.163839ms
 130: 0.163511ms
 131: 0.162309ms
 132: 0.162218ms
 133: 0.163305ms
 134: 0.164620ms
 135: 0.159653ms
 136: 0.165972ms
 137: 0.164732ms
 138: 0.165958ms
 139: 0.165766ms
 140: 0.165438ms
 141: 0.165133ms
 142: 0.164708ms
 143: 0.165402ms
 144: 0.165741ms
 145: 0.165788ms
 146: 0.166610ms
 147: 0.166355ms
 148: 0.166430ms
 149: 0.166669ms
 150: 0.166755ms
 151: 0.166939ms
 152: 0.167001ms
 153: 0.167030ms
 154: 0.167406ms
 155: 0.168179ms
 156: 0.168361ms
 157: 0.168071ms
 158: 0.207766ms
 159: 0.172342ms
 160: 0.172836ms
 161: 0.257689ms
 162: 0.225744ms
 163: 0.186848ms
 164: 0.172963ms
 165: 0.176224ms
 166: 0.179073ms
 167: 0.170499ms
 168: 0.174048ms
 169: 0.169740ms
 170: 0.193376ms
 171: 0.404071ms
 172: 0.311374ms
 173: 0.173828ms
 174: 0.409261ms
 175: 0.261425ms
 176: 0.171828ms
 177: 0.172036ms
 178: 0.315864ms
 179: 0.169211ms
 180: 0.293271ms
 181: 0.723261ms
 182: 0.170447ms
 183: 0.170900ms
 184: 0.170225ms
 185: 0.202379ms
 186: 0.177035ms
 187: 0.170583ms
 188: 0.230667ms
 189: 1.154603ms
 190: 0.180472ms
 191: 0.205029ms
 192: 0.169881ms
 193: 0.173930ms
 194: 0.369462ms
 195: 0.336576ms
 196: 0.172404ms
 197: 0.171628ms
 198: 0.172425ms
 199: 0.178116ms


Measurements
--------------------------
FFT Size            : 80^3
Threads             : 35
Batch               : 1
Iterations          : 200
Avg Tot Runtime     : 0.175714 ms
Runtime per batch   : 0.175714 ms
SD                  : 0.088625 ms
Q1                  : 0.152849 ms
Median              : 0.159281 ms
Q3                  : 0.166669 ms
