Expm 2: Streaming FFTW
FFTW Plan: Patient
-- Cannot import wisdom from ../../wisdom/singlenode/all/195/fftw_195_t37_b1.patient
-- Exporting wisdom file to ../../wisdom/singlenode/all/195/fftw_195_t37_b1.patient
Iteration: 0, 1, 2, 3, 4, 5, 6, 7, 8, 9, 10, 11, 12, 13, 14, 15, 16, 17, 18, 19, 20, 21, 22, 23, 24, 25, 26, 27, 28, 29, 30, 31, 32, 33, 34, 35, 36, 37, 38, 39, 40, 41, 42, 43, 44, 45, 46, 47, 48, 49, 
Printing individual runtimes:
 0: 4.477953ms
 1: 4.058979ms
 2: 4.049019ms
 3: 3.967522ms
 4: 3.995269ms
 5: 4.007275ms
 6: 4.006469ms
 7: 3.983055ms
 8: 3.982436ms
 9: 3.983481ms
 10: 4.011666ms
 11: 3.997805ms
 12: 4.018246ms
 13: 4.009682ms
 14: 3.966613ms
 15: 3.954224ms
 16: 10.513546ms
 17: 6.616404ms
 18: 6.528513ms
 19: 4.043915ms
 20: 4.061415ms
 21: 4.049992ms
 22: 4.091309ms
 23: 4.111947ms
 24: 4.121864ms
 25: 4.117835ms
 26: 4.103436ms
 27: 4.106180ms
 28: 4.088316ms
 29: 4.086303ms
 30: 4.123647ms
 31: 4.074907ms
 32: 4.071008ms
 33: 4.093150ms
 34: 4.078601ms
 35: 7.182763ms
 36: 4.133408ms
 37: 4.144230ms
 38: 4.158526ms
 39: 4.185076ms
 40: 4.147862ms
 41: 5.360926ms
 42: 4.176653ms
 43: 4.179004ms
 44: 4.213428ms
 45: 4.155309ms
 46: 4.197056ms
 47: 4.650207ms
 48: 4.192097ms
 49: 4.144503ms


Measurements
--------------------------
FFT Size            : 195^3
Threads             : 37
Batch               : 1
Iterations          : 50
Avg Tot Runtime     : 4.415461 ms
Runtime per batch   : 4.415461 ms
SD                  : 1.096951 ms
Throughput          : 0.170534 GFLOPs
Plan Time           : 27.923053 sec
