Expm 2: Streaming FFTW
FFTW Plan: Patient
-- Cannot import wisdom from ../../wisdom/singlenode/all/195/fftw_195_t38_b1.patient
-- Exporting wisdom file to ../../wisdom/singlenode/all/195/fftw_195_t38_b1.patient
Iteration: 0, 1, 2, 3, 4, 5, 6, 7, 8, 9, 10, 11, 12, 13, 14, 15, 16, 17, 18, 19, 20, 21, 22, 23, 24, 25, 26, 27, 28, 29, 30, 31, 32, 33, 34, 35, 36, 37, 38, 39, 40, 41, 42, 43, 44, 45, 46, 47, 48, 49, 
Printing individual runtimes:
 0: 4.495005ms
 1: 4.093564ms
 2: 4.343932ms
 3: 4.340636ms
 4: 4.295764ms
 5: 4.323655ms
 6: 4.157057ms
 7: 4.287749ms
 8: 4.262567ms
 9: 4.325642ms
 10: 7.311495ms
 11: 4.324401ms
 12: 4.170777ms
 13: 4.991220ms
 14: 6.379384ms
 15: 4.001561ms
 16: 3.968684ms
 17: 3.895699ms
 18: 3.951072ms
 19: 3.937172ms
 20: 3.864644ms
 21: 3.920644ms
 22: 3.925147ms
 23: 3.921873ms
 24: 3.876560ms
 25: 3.928916ms
 26: 3.945128ms
 27: 3.911389ms
 28: 3.936703ms
 29: 4.751729ms
 30: 4.266841ms
 31: 4.358817ms
 32: 4.328775ms
 33: 4.353856ms
 34: 4.373426ms
 35: 4.352715ms
 36: 4.400984ms
 37: 4.253237ms
 38: 4.350451ms
 39: 4.398848ms
 40: 4.316504ms
 41: 4.364987ms
 42: 4.392425ms
 43: 4.431586ms
 44: 4.406940ms
 45: 4.352320ms
 46: 4.330900ms
 47: 4.391420ms
 48: 4.437154ms
 49: 6.423796ms


Measurements
--------------------------
FFT Size            : 195^3
Threads             : 38
Batch               : 1
Iterations          : 50
Avg Tot Runtime     : 4.382515 ms
Runtime per batch   : 4.382515 ms
SD                  : 0.639406 ms
Throughput          : 0.198618 GFLOPs
Plan Time           : 28.291366 sec
