Expm 2: Streaming FFTW
FFTW Plan: Patient
-- Cannot import wisdom from ../../wisdom/singlenode/all/72/fftw_72_t40_b1.patient
-- Exporting wisdom file to ../../wisdom/singlenode/all/72/fftw_72_t40_b1.patient
Iteration: 0, 1, 2, 3, 4, 5, 6, 7, 8, 9, 10, 11, 12, 13, 14, 15, 16, 17, 18, 19, 20, 21, 22, 23, 24, 25, 26, 27, 28, 29, 30, 31, 32, 33, 34, 35, 36, 37, 38, 39, 40, 41, 42, 43, 44, 45, 46, 47, 48, 49, 
Printing individual runtimes:
 0: 0.254971ms
 1: 0.215485ms
 2: 0.220359ms
 3: 0.206124ms
 4: 0.212908ms
 5: 0.221334ms
 6: 0.222909ms
 7: 0.217047ms
 8: 0.211574ms
 9: 0.223607ms
 10: 0.580862ms
 11: 0.225764ms
 12: 0.861113ms
 13: 0.224189ms
 14: 0.226555ms
 15: 0.227132ms
 16: 1.175315ms
 17: 0.228762ms
 18: 0.233633ms
 19: 0.231131ms
 20: 0.232327ms
 21: 0.234075ms
 22: 0.228316ms
 23: 0.230263ms
 24: 0.237427ms
 25: 0.238075ms
 26: 0.228916ms
 27: 0.238133ms
 28: 0.242225ms
 29: 0.229795ms
 30: 0.237506ms
 31: 0.227903ms
 32: 0.239604ms
 33: 0.229489ms
 34: 0.236559ms
 35: 0.229001ms
 36: 0.230962ms
 37: 1.102015ms
 38: 0.234931ms
 39: 0.233757ms
 40: 0.231514ms
 41: 0.318883ms
 42: 3.836408ms
 43: 1.723813ms
 44: 2.202696ms
 45: 0.280878ms
 46: 0.216007ms
 47: 0.209612ms
 48: 0.197766ms
 49: 0.208049ms


Measurements
--------------------------
FFT Size            : 72^3
Threads             : 40
Batch               : 1
Iterations          : 50
Avg Tot Runtime     : 0.427754 ms
Runtime per batch   : 0.427754 ms
SD                  : 0.622335 ms
Throughput          : 0.003655 GFLOPs
Plan Time           : 39.238281 sec
