Expm 2: Streaming FFTW
FFTW Plan: Patient
-- Cannot import wisdom from ../../wisdom/singlenode/all/259/fftw_259_t38_b1.patient
-- Exporting wisdom file to ../../wisdom/singlenode/all/259/fftw_259_t38_b1.patient
Iteration: 0, 1, 2, 3, 4, 5, 6, 7, 8, 9, 10, 11, 12, 13, 14, 15, 16, 17, 18, 19, 20, 21, 22, 23, 24, 25, 26, 27, 28, 29, 30, 31, 32, 33, 34, 35, 36, 37, 38, 39, 40, 41, 42, 43, 44, 45, 46, 47, 48, 49, 
Printing individual runtimes:
 0: 99.751206ms
 1: 47.791122ms
 2: 47.301540ms
 3: 34.534381ms
 4: 55.057879ms
 5: 34.397752ms
 6: 34.440862ms
 7: 34.606516ms
 8: 34.388965ms
 9: 34.334467ms
 10: 34.518543ms
 11: 34.292860ms
 12: 34.505810ms
 13: 34.729762ms
 14: 34.228049ms
 15: 34.772118ms
 16: 34.546842ms
 17: 34.581868ms
 18: 35.098436ms
 19: 34.561630ms
 20: 37.195625ms
 21: 37.248662ms
 22: 66.492359ms
 23: 34.975495ms
 24: 34.610857ms
 25: 34.710641ms
 26: 34.516120ms
 27: 34.385086ms
 28: 34.501975ms
 29: 97.722037ms
 30: 54.399336ms
 31: 34.805464ms
 32: 34.374565ms
 33: 34.393978ms
 34: 34.468590ms
 35: 34.381484ms
 36: 34.818325ms
 37: 34.505485ms
 38: 66.392067ms
 39: 36.776353ms
 40: 34.564691ms
 41: 34.962685ms
 42: 34.473374ms
 43: 34.466594ms
 44: 34.577756ms
 45: 34.407256ms
 46: 34.531017ms
 47: 34.375928ms
 48: 34.656821ms
 49: 34.542495ms


Measurements
--------------------------
FFT Size            : 259^3
Threads             : 38
Batch               : 1
Iterations          : 50
Avg Tot Runtime     : 39.873475 ms
Runtime per batch   : 39.873475 ms
SD                  : 14.164948 ms
Throughput          : 2.303924 GFLOPs
Plan Time           : 54.698696 sec
