Expm 2: Streaming FFTW
FFTW Plan: Patient
-- Cannot import wisdom from ../../wisdom/singlenode/all/335/fftw_335_t39_b1.patient
-- Exporting wisdom file to ../../wisdom/singlenode/all/335/fftw_335_t39_b1.patient
Iteration: 0, 1, 2, 3, 4, 5, 6, 7, 8, 9, 10, 11, 12, 13, 14, 15, 16, 17, 18, 19, 20, 21, 22, 23, 24, 25, 26, 27, 28, 29, 30, 31, 32, 33, 34, 35, 36, 37, 38, 39, 40, 41, 42, 43, 44, 45, 46, 47, 48, 49, 
Printing individual runtimes:
 0: 103.265335ms
 1: 103.481556ms
 2: 103.842287ms
 3: 105.115333ms
 4: 102.525606ms
 5: 102.060064ms
 6: 102.304940ms
 7: 102.994196ms
 8: 101.403041ms
 9: 104.779152ms
 10: 101.667371ms
 11: 104.818237ms
 12: 101.288764ms
 13: 131.412509ms
 14: 97.103905ms
 15: 97.956749ms
 16: 99.137688ms
 17: 98.915020ms
 18: 97.101111ms
 19: 100.057515ms
 20: 98.115442ms
 21: 98.511742ms
 22: 97.927293ms
 23: 97.346135ms
 24: 94.987185ms
 25: 116.378425ms
 26: 99.327983ms
 27: 99.766052ms
 28: 97.901439ms
 29: 98.045104ms
 30: 97.765547ms
 31: 99.916037ms
 32: 96.598632ms
 33: 99.438508ms
 34: 101.140832ms
 35: 97.302543ms
 36: 98.805064ms
 37: 98.200656ms
 38: 96.926723ms
 39: 98.537286ms
 40: 98.143155ms
 41: 97.553609ms
 42: 101.496330ms
 43: 98.376946ms
 44: 99.238112ms
 45: 104.791842ms
 46: 99.653841ms
 47: 98.556712ms
 48: 100.237056ms
 49: 100.517267ms


Measurements
--------------------------
FFT Size            : 335^3
Threads             : 39
Batch               : 1
Iterations          : 50
Avg Tot Runtime     : 100.854678 ms
Runtime per batch   : 100.854678 ms
SD                  : 5.505446 ms
Throughput          : 6.145329 GFLOPs
Plan Time           : 95.547259 sec
