Expm 2: Streaming FFTW
FFTW Plan: Patient
-- Cannot import wisdom from ../../wisdom/singlenode/all/647/fftw_647_t37_b1.patient
-- Exporting wisdom file to ../../wisdom/singlenode/all/647/fftw_647_t37_b1.patient
Iteration: 0, 1, 2, 3, 4, 5, 6, 7, 8, 9, 10, 11, 12, 13, 14, 15, 16, 17, 18, 19, 20, 21, 22, 23, 24, 25, 26, 27, 28, 29, 30, 31, 32, 33, 34, 35, 36, 37, 38, 39, 40, 41, 42, 43, 44, 45, 46, 47, 48, 49, 
Printing individual runtimes:
 0: 407.728227ms
 1: 432.282657ms
 2: 784.763323ms
 3: 457.946353ms
 4: 411.809068ms
 5: 383.191475ms
 6: 383.358543ms
 7: 459.940278ms
 8: 480.628230ms
 9: 382.688175ms
 10: 405.019393ms
 11: 680.362643ms
 12: 539.603805ms
 13: 364.274839ms
 14: 719.188418ms
 15: 367.934627ms
 16: 378.926052ms
 17: 539.765995ms
 18: 746.463698ms
 19: 756.135375ms
 20: 675.329156ms
 21: 398.868893ms
 22: 667.451111ms
 23: 400.335991ms
 24: 401.579026ms
 25: 398.017816ms
 26: 783.825672ms
 27: 808.030816ms
 28: 684.514916ms
 29: 767.261744ms
 30: 794.994436ms
 31: 449.387189ms
 32: 587.970706ms
 33: 821.416801ms
 34: 385.990285ms
 35: 728.556229ms
 36: 667.903217ms
 37: 462.426488ms
 38: 710.166938ms
 39: 464.697281ms
 40: 376.309910ms
 41: 683.006191ms
 42: 598.183442ms
 43: 379.564784ms
 44: 380.945444ms
 45: 383.686741ms
 46: 693.658582ms
 47: 719.912788ms
 48: 553.395505ms
 49: 381.512067ms


Measurements
--------------------------
FFT Size            : 647^3
Threads             : 37
Batch               : 1
Iterations          : 50
Avg Tot Runtime     : 545.818227 ms
Runtime per batch   : 545.818227 ms
SD                  : 157.200594 ms
Throughput          : 36.039723 GFLOPs
Plan Time           : 1094.773525 sec
