Expm 2: Streaming FFTW
FFTW Plan: Patient
-- Cannot import wisdom from ../../wisdom/singlenode/all/647/fftw_647_t38_b1.patient
-- Exporting wisdom file to ../../wisdom/singlenode/all/647/fftw_647_t38_b1.patient
Iteration: 0, 1, 2, 3, 4, 5, 6, 7, 8, 9, 10, 11, 12, 13, 14, 15, 16, 17, 18, 19, 20, 21, 22, 23, 24, 25, 26, 27, 28, 29, 30, 31, 32, 33, 34, 35, 36, 37, 38, 39, 40, 41, 42, 43, 44, 45, 46, 47, 48, 49, 
Printing individual runtimes:
 0: 409.365383ms
 1: 783.934607ms
 2: 645.797273ms
 3: 379.360845ms
 4: 384.418556ms
 5: 383.579940ms
 6: 647.629548ms
 7: 456.115008ms
 8: 395.051113ms
 9: 387.961443ms
 10: 386.256582ms
 11: 383.373988ms
 12: 382.282435ms
 13: 382.281511ms
 14: 370.576987ms
 15: 461.310150ms
 16: 485.590525ms
 17: 388.384755ms
 18: 380.627474ms
 19: 379.723892ms
 20: 379.852091ms
 21: 380.864085ms
 22: 388.411452ms
 23: 380.665109ms
 24: 383.141816ms
 25: 380.895373ms
 26: 388.388345ms
 27: 379.994483ms
 28: 380.082770ms
 29: 378.418236ms
 30: 377.656033ms
 31: 377.958873ms
 32: 376.524832ms
 33: 377.761574ms
 34: 377.734660ms
 35: 378.855363ms
 36: 381.251452ms
 37: 378.328252ms
 38: 378.435563ms
 39: 378.504613ms
 40: 378.696694ms
 41: 378.516930ms
 42: 371.232944ms
 43: 378.134145ms
 44: 378.239615ms
 45: 378.308215ms
 46: 378.325770ms
 47: 378.210848ms
 48: 378.523256ms
 49: 378.570053ms


Measurements
--------------------------
FFT Size            : 647^3
Threads             : 38
Batch               : 1
Iterations          : 50
Avg Tot Runtime     : 405.082109 ms
Runtime per batch   : 405.082109 ms
SD                  : 77.361385 ms
Throughput          : 36.039723 GFLOPs
Plan Time           : 1095.120874 sec
