Expm 2: Streaming FFTW
FFTW Plan: Patient
-- Cannot import wisdom from ../../wisdom/singlenode/all/431/fftw_431_t39_b1.patient
-- Exporting wisdom file to ../../wisdom/singlenode/all/431/fftw_431_t39_b1.patient
Iteration: 0, 1, 2, 3, 4, 5, 6, 7, 8, 9, 10, 11, 12, 13, 14, 15, 16, 17, 18, 19, 20, 21, 22, 23, 24, 25, 26, 27, 28, 29, 30, 31, 32, 33, 34, 35, 36, 37, 38, 39, 40, 41, 42, 43, 44, 45, 46, 47, 48, 49, 
Printing individual runtimes:
 0: 109.394482ms
 1: 108.261172ms
 2: 121.759379ms
 3: 109.786916ms
 4: 109.671991ms
 5: 109.428893ms
 6: 129.511772ms
 7: 109.774509ms
 8: 109.706922ms
 9: 109.355947ms
 10: 109.268668ms
 11: 109.301307ms
 12: 108.957937ms
 13: 108.853265ms
 14: 109.378593ms
 15: 109.547071ms
 16: 108.638234ms
 17: 193.299102ms
 18: 108.799354ms
 19: 108.747398ms
 20: 108.633677ms
 21: 108.373086ms
 22: 108.713452ms
 23: 108.845824ms
 24: 108.513408ms
 25: 109.081093ms
 26: 108.908313ms
 27: 108.543269ms
 28: 109.176939ms
 29: 109.196519ms
 30: 108.811325ms
 31: 108.793859ms
 32: 108.736316ms
 33: 108.874364ms
 34: 108.367958ms
 35: 109.025299ms
 36: 108.867499ms
 37: 108.975092ms
 38: 108.216624ms
 39: 108.418371ms
 40: 108.853342ms
 41: 108.444733ms
 42: 108.794518ms
 43: 128.280852ms
 44: 109.027249ms
 45: 109.133985ms
 46: 108.592731ms
 47: 108.978204ms
 48: 108.760485ms
 49: 110.688446ms


Measurements
--------------------------
FFT Size            : 431^3
Threads             : 39
Batch               : 1
Iterations          : 50
Avg Tot Runtime     : 111.721395 ms
Runtime per batch   : 111.721395 ms
SD                  : 12.410909 ms
Throughput          : 9.924096 GFLOPs
Plan Time           : 689.806470 sec
