Expm 2: Streaming FFTW
FFTW Plan: Patient
-- Cannot import wisdom from ../../wisdom/singlenode/all/568/fftw_568_t37_b1.patient
-- Exporting wisdom file to ../../wisdom/singlenode/all/568/fftw_568_t37_b1.patient
Iteration: 0, 1, 2, 3, 4, 5, 6, 7, 8, 9, 10, 11, 12, 13, 14, 15, 16, 17, 18, 19, 20, 21, 22, 23, 24, 25, 26, 27, 28, 29, 30, 31, 32, 33, 34, 35, 36, 37, 38, 39, 40, 41, 42, 43, 44, 45, 46, 47, 48, 49, 
Printing individual runtimes:
 0: 560.102099ms
 1: 347.205234ms
 2: 758.054716ms
 3: 349.813717ms
 4: 364.036136ms
 5: 341.960156ms
 6: 341.705775ms
 7: 422.130000ms
 8: 344.029869ms
 9: 531.991307ms
 10: 343.861004ms
 11: 342.047890ms
 12: 343.135098ms
 13: 341.784686ms
 14: 341.735583ms
 15: 341.770189ms
 16: 341.242456ms
 17: 342.772468ms
 18: 343.075818ms
 19: 342.864593ms
 20: 341.401258ms
 21: 341.840343ms
 22: 341.225727ms
 23: 341.146995ms
 24: 343.691968ms
 25: 345.243799ms
 26: 342.501491ms
 27: 342.665095ms
 28: 342.698550ms
 29: 343.544811ms
 30: 534.648415ms
 31: 530.715402ms
 32: 342.809113ms
 33: 341.669399ms
 34: 340.899483ms
 35: 344.159798ms
 36: 345.651019ms
 37: 344.237120ms
 38: 342.151435ms
 39: 343.984777ms
 40: 344.677443ms
 41: 341.111722ms
 42: 343.566980ms
 43: 343.555487ms
 44: 343.339737ms
 45: 344.520765ms
 46: 343.272932ms
 47: 343.082324ms
 48: 346.992479ms
 49: 343.952904ms


Measurements
--------------------------
FFT Size            : 568^3
Threads             : 37
Batch               : 1
Iterations          : 50
Avg Tot Runtime     : 369.205551 ms
Runtime per batch   : 369.205551 ms
SD                  : 77.407162 ms
Throughput          : 21.466505 GFLOPs
Plan Time           : 814.150613 sec
