Expm 2: Streaming FFTW
FFTW Plan: Patient
-- Cannot import wisdom from ../../wisdom/singlenode/all/401/fftw_401_t40_b1.patient
-- Exporting wisdom file to ../../wisdom/singlenode/all/401/fftw_401_t40_b1.patient
Iteration: 0, 1, 2, 3, 4, 5, 6, 7, 8, 9, 10, 11, 12, 13, 14, 15, 16, 17, 18, 19, 20, 21, 22, 23, 24, 25, 26, 27, 28, 29, 30, 31, 32, 33, 34, 35, 36, 37, 38, 39, 40, 41, 42, 43, 44, 45, 46, 47, 48, 49, 
Printing individual runtimes:
 0: 131.576126ms
 1: 247.431114ms
 2: 288.152282ms
 3: 257.859076ms
 4: 131.717507ms
 5: 131.306827ms
 6: 132.333276ms
 7: 131.244260ms
 8: 327.532953ms
 9: 192.587461ms
 10: 131.408080ms
 11: 131.177570ms
 12: 131.183438ms
 13: 131.220304ms
 14: 131.063933ms
 15: 131.532617ms
 16: 131.434151ms
 17: 131.388163ms
 18: 131.216879ms
 19: 131.393846ms
 20: 131.630496ms
 21: 131.579011ms
 22: 131.146790ms
 23: 131.566626ms
 24: 131.009805ms
 25: 131.046499ms
 26: 131.237212ms
 27: 131.652578ms
 28: 131.089760ms
 29: 131.189347ms
 30: 138.308576ms
 31: 131.109411ms
 32: 130.929438ms
 33: 131.471779ms
 34: 216.030697ms
 35: 131.117650ms
 36: 131.029524ms
 37: 131.307023ms
 38: 131.263049ms
 39: 131.387495ms
 40: 131.202532ms
 41: 131.109331ms
 42: 131.210328ms
 43: 253.555707ms
 44: 209.314252ms
 45: 131.411884ms
 46: 131.064861ms
 47: 130.850371ms
 48: 131.619523ms
 49: 131.434370ms


Measurements
--------------------------
FFT Size            : 401^3
Threads             : 40
Batch               : 1
Iterations          : 50
Avg Tot Runtime     : 150.292716 ms
Runtime per batch   : 150.292716 ms
SD                  : 46.173071 ms
Throughput          : 12.767278 GFLOPs
Plan Time           : 618.542732 sec
