Expm 2: Streaming FFTW
FFTW Plan: Patient
-- Cannot import wisdom from ../../wisdom/singlenode/all/116/fftw_116_t38_b1.patient
-- Exporting wisdom file to ../../wisdom/singlenode/all/116/fftw_116_t38_b1.patient
Iteration: 0, 1, 2, 3, 4, 5, 6, 7, 8, 9, 10, 11, 12, 13, 14, 15, 16, 17, 18, 19, 20, 21, 22, 23, 24, 25, 26, 27, 28, 29, 30, 31, 32, 33, 34, 35, 36, 37, 38, 39, 40, 41, 42, 43, 44, 45, 46, 47, 48, 49, 
Printing individual runtimes:
 0: 2.968436ms
 1: 3.001707ms
 2: 2.973382ms
 3: 5.396236ms
 4: 3.460512ms
 5: 3.013674ms
 6: 6.125699ms
 7: 5.720142ms
 8: 5.706605ms
 9: 5.664509ms
 10: 3.774968ms
 11: 2.916346ms
 12: 2.986871ms
 13: 2.944515ms
 14: 2.987369ms
 15: 2.994401ms
 16: 2.982912ms
 17: 2.939331ms
 18: 2.970069ms
 19: 3.058832ms
 20: 2.997403ms
 21: 2.934783ms
 22: 3.004868ms
 23: 2.935803ms
 24: 2.965921ms
 25: 2.993297ms
 26: 2.934376ms
 27: 11.313595ms
 28: 10.934874ms
 29: 11.052539ms
 30: 17.313187ms
 31: 5.589325ms
 32: 5.630084ms
 33: 5.594312ms
 34: 4.746071ms
 35: 2.954867ms
 36: 3.000077ms
 37: 2.918799ms
 38: 2.974151ms
 39: 2.996356ms
 40: 6.240281ms
 41: 5.551948ms
 42: 3.021864ms
 43: 7.098931ms
 44: 8.335563ms
 45: 5.635838ms
 46: 5.645085ms
 47: 5.572658ms
 48: 4.791209ms
 49: 3.627205ms


Measurements
--------------------------
FFT Size            : 116^3
Threads             : 38
Batch               : 1
Iterations          : 50
Avg Tot Runtime     : 4.757836 ms
Runtime per batch   : 4.757836 ms
SD                  : 2.811867 ms
Throughput          : 0.167897 GFLOPs
Plan Time           : 23.392785 sec
