Expm 2: Streaming FFTW
FFTW Plan: Patient
-- Cannot import wisdom from ../../wisdom/singlenode/all/377/fftw_377_t38_b1.patient
-- Exporting wisdom file to ../../wisdom/singlenode/all/377/fftw_377_t38_b1.patient
Iteration: 0, 1, 2, 3, 4, 5, 6, 7, 8, 9, 10, 11, 12, 13, 14, 15, 16, 17, 18, 19, 20, 21, 22, 23, 24, 25, 26, 27, 28, 29, 30, 31, 32, 33, 34, 35, 36, 37, 38, 39, 40, 41, 42, 43, 44, 45, 46, 47, 48, 49, 
Printing individual runtimes:
 0: 99.817016ms
 1: 98.765645ms
 2: 98.936690ms
 3: 98.980903ms
 4: 98.816096ms
 5: 98.730356ms
 6: 98.241936ms
 7: 99.399912ms
 8: 99.526050ms
 9: 98.393104ms
 10: 99.282012ms
 11: 98.423644ms
 12: 98.711034ms
 13: 101.384256ms
 14: 99.231624ms
 15: 98.502006ms
 16: 98.768359ms
 17: 98.799045ms
 18: 98.666076ms
 19: 98.678847ms
 20: 99.258754ms
 21: 99.739153ms
 22: 99.434686ms
 23: 98.625467ms
 24: 98.608440ms
 25: 98.292446ms
 26: 98.886946ms
 27: 99.183253ms
 28: 98.836699ms
 29: 99.091280ms
 30: 115.853758ms
 31: 98.652741ms
 32: 98.802493ms
 33: 98.101583ms
 34: 98.454168ms
 35: 99.511802ms
 36: 98.324538ms
 37: 98.247811ms
 38: 98.187267ms
 39: 98.689684ms
 40: 98.340138ms
 41: 98.602691ms
 42: 98.219804ms
 43: 98.070392ms
 44: 98.713152ms
 45: 98.400631ms
 46: 98.487317ms
 47: 98.045798ms
 48: 98.256668ms
 49: 98.014241ms


Measurements
--------------------------
FFT Size            : 377^3
Threads             : 38
Batch               : 1
Iterations          : 50
Avg Tot Runtime     : 99.119768 ms
Runtime per batch   : 99.119768 ms
SD                  : 2.459771 ms
Throughput          : 7.714527 GFLOPs
Plan Time           : 217.663000 sec
