Expm 2: Streaming FFTW
FFTW Plan: Patient
-- Cannot import wisdom from ../../wisdom/singlenode/all/435/fftw_435_t36_b1.patient
-- Exporting wisdom file to ../../wisdom/singlenode/all/435/fftw_435_t36_b1.patient
Iteration: 0, 1, 2, 3, 4, 5, 6, 7, 8, 9, 10, 11, 12, 13, 14, 15, 16, 17, 18, 19, 20, 21, 22, 23, 24, 25, 26, 27, 28, 29, 30, 31, 32, 33, 34, 35, 36, 37, 38, 39, 40, 41, 42, 43, 44, 45, 46, 47, 48, 49, 
Printing individual runtimes:
 0: 157.471877ms
 1: 157.635956ms
 2: 156.460007ms
 3: 156.365466ms
 4: 156.229965ms
 5: 155.896989ms
 6: 156.343819ms
 7: 163.772810ms
 8: 156.333195ms
 9: 156.608619ms
 10: 156.177781ms
 11: 156.147064ms
 12: 155.891493ms
 13: 156.306865ms
 14: 156.275728ms
 15: 156.110422ms
 16: 156.114377ms
 17: 156.348930ms
 18: 156.216567ms
 19: 155.979177ms
 20: 156.189995ms
 21: 156.358441ms
 22: 163.041069ms
 23: 156.494990ms
 24: 156.593985ms
 25: 156.318736ms
 26: 156.395730ms
 27: 156.283877ms
 28: 156.306650ms
 29: 156.802441ms
 30: 156.277640ms
 31: 156.285979ms
 32: 156.346320ms
 33: 157.937873ms
 34: 156.336045ms
 35: 155.940670ms
 36: 162.176768ms
 37: 154.010480ms
 38: 156.682033ms
 39: 154.096939ms
 40: 154.243889ms
 41: 154.200467ms
 42: 154.198954ms
 43: 153.906823ms
 44: 153.537275ms
 45: 154.373519ms
 46: 154.222861ms
 47: 153.690904ms
 48: 154.086849ms
 49: 153.786140ms


Measurements
--------------------------
FFT Size            : 435^3
Threads             : 36
Batch               : 1
Iterations          : 50
Avg Tot Runtime     : 156.236229 ms
Runtime per batch   : 156.236229 ms
SD                  : 2.026722 ms
Throughput          : 9.458222 GFLOPs
Plan Time           : 231.809741 sec
