Expm 2: Streaming FFTW
FFTW Plan: Patient
-- Cannot import wisdom from ../../wisdom/singlenode/all/435/fftw_435_t39_b1.patient
-- Exporting wisdom file to ../../wisdom/singlenode/all/435/fftw_435_t39_b1.patient
Iteration: 0, 1, 2, 3, 4, 5, 6, 7, 8, 9, 10, 11, 12, 13, 14, 15, 16, 17, 18, 19, 20, 21, 22, 23, 24, 25, 26, 27, 28, 29, 30, 31, 32, 33, 34, 35, 36, 37, 38, 39, 40, 41, 42, 43, 44, 45, 46, 47, 48, 49, 
Printing individual runtimes:
 0: 151.031321ms
 1: 150.756223ms
 2: 228.648325ms
 3: 148.961451ms
 4: 148.307159ms
 5: 148.109262ms
 6: 148.498731ms
 7: 287.520229ms
 8: 240.979654ms
 9: 153.179400ms
 10: 153.425041ms
 11: 153.935784ms
 12: 154.003400ms
 13: 153.188088ms
 14: 153.441710ms
 15: 153.867622ms
 16: 150.161616ms
 17: 149.707674ms
 18: 149.160073ms
 19: 148.517008ms
 20: 149.708689ms
 21: 149.618016ms
 22: 149.713783ms
 23: 281.694020ms
 24: 151.533695ms
 25: 151.391773ms
 26: 149.804365ms
 27: 271.040269ms
 28: 148.536373ms
 29: 148.689479ms
 30: 257.187921ms
 31: 147.208493ms
 32: 355.382339ms
 33: 150.055038ms
 34: 149.325018ms
 35: 149.247756ms
 36: 149.354017ms
 37: 148.603458ms
 38: 288.804293ms
 39: 239.684852ms
 40: 149.558919ms
 41: 149.203316ms
 42: 149.521001ms
 43: 149.133390ms
 44: 149.333190ms
 45: 149.763500ms
 46: 150.302151ms
 47: 149.495592ms
 48: 149.680531ms
 49: 150.013473ms


Measurements
--------------------------
FFT Size            : 435^3
Threads             : 39
Batch               : 1
Iterations          : 50
Avg Tot Runtime     : 172.159770 ms
Runtime per batch   : 172.159770 ms
SD                  : 49.381032 ms
Throughput          : 9.456343 GFLOPs
Plan Time           : 193.096971 sec
