Expm 2: Streaming FFTW
FFTW Plan: Patient
-- Cannot import wisdom from ../../wisdom/singlenode/all/594/fftw_594_t40_b1.patient
-- Exporting wisdom file to ../../wisdom/singlenode/all/594/fftw_594_t40_b1.patient
Iteration: 0, 1, 2, 3, 4, 5, 6, 7, 8, 9, 10, 11, 12, 13, 14, 15, 16, 17, 18, 19, 20, 21, 22, 23, 24, 25, 26, 27, 28, 29, 30, 31, 32, 33, 34, 35, 36, 37, 38, 39, 40, 41, 42, 43, 44, 45, 46, 47, 48, 49, 
Printing individual runtimes:
 0: 108.252902ms
 1: 109.061159ms
 2: 156.228448ms
 3: 104.980029ms
 4: 105.628377ms
 5: 105.009652ms
 6: 106.841319ms
 7: 129.710746ms
 8: 177.535431ms
 9: 105.777920ms
 10: 105.523033ms
 11: 104.672957ms
 12: 104.399902ms
 13: 156.002631ms
 14: 111.750496ms
 15: 111.830827ms
 16: 109.920646ms
 17: 110.519702ms
 18: 109.811534ms
 19: 115.786374ms
 20: 109.527552ms
 21: 111.646942ms
 22: 111.863271ms
 23: 115.156509ms
 24: 111.528893ms
 25: 111.365511ms
 26: 185.693909ms
 27: 129.850124ms
 28: 126.550137ms
 29: 149.196838ms
 30: 117.377928ms
 31: 173.596182ms
 32: 171.147055ms
 33: 108.988737ms
 34: 167.314825ms
 35: 250.587661ms
 36: 178.937447ms
 37: 171.292464ms
 38: 171.087982ms
 39: 171.055339ms
 40: 168.574785ms
 41: 105.845557ms
 42: 127.674291ms
 43: 232.496739ms
 44: 247.000708ms
 45: 171.481297ms
 46: 171.910600ms
 47: 143.495033ms
 48: 105.429723ms
 49: 172.511481ms


Measurements
--------------------------
FFT Size            : 594^3
Threads             : 40
Batch               : 1
Iterations          : 50
Avg Tot Runtime     : 138.788592 ms
Runtime per batch   : 138.788592 ms
SD                  : 38.213035 ms
Throughput          : 6.747945 GFLOPs
Plan Time           : 562.963039 sec
