Expm 2: Streaming FFTW
FFTW Plan: Patient
-- Cannot import wisdom from ../../wisdom/singlenode/all/617/fftw_617_t38_b1.patient
-- Exporting wisdom file to ../../wisdom/singlenode/all/617/fftw_617_t38_b1.patient
Iteration: 0, 1, 2, 3, 4, 5, 6, 7, 8, 9, 10, 11, 12, 13, 14, 15, 16, 17, 18, 19, 20, 21, 22, 23, 24, 25, 26, 27, 28, 29, 30, 31, 32, 33, 34, 35, 36, 37, 38, 39, 40, 41, 42, 43, 44, 45, 46, 47, 48, 49, 
Printing individual runtimes:
 0: 489.842176ms
 1: 486.851066ms
 2: 485.377501ms
 3: 487.027521ms
 4: 925.489791ms
 5: 804.002567ms
 6: 486.358902ms
 7: 486.280075ms
 8: 484.634168ms
 9: 483.566408ms
 10: 488.767415ms
 11: 483.417711ms
 12: 483.885707ms
 13: 483.641219ms
 14: 484.515272ms
 15: 484.379954ms
 16: 484.249761ms
 17: 484.023755ms
 18: 483.865490ms
 19: 483.549845ms
 20: 484.079477ms
 21: 483.906707ms
 22: 483.693545ms
 23: 484.415882ms
 24: 483.920537ms
 25: 656.394354ms
 26: 484.040106ms
 27: 486.239309ms
 28: 483.493020ms
 29: 520.298632ms
 30: 483.504558ms
 31: 484.449052ms
 32: 483.709151ms
 33: 483.611414ms
 34: 483.339525ms
 35: 483.103721ms
 36: 483.275737ms
 37: 484.028826ms
 38: 582.122344ms
 39: 482.904194ms
 40: 483.894344ms
 41: 483.039324ms
 42: 483.870143ms
 43: 483.550519ms
 44: 483.676073ms
 45: 484.003622ms
 46: 482.741449ms
 47: 482.862411ms
 48: 483.513465ms
 49: 484.474555ms


Measurements
--------------------------
FFT Size            : 617^3
Threads             : 38
Batch               : 1
Iterations          : 50
Avg Tot Runtime     : 505.677646 ms
Runtime per batch   : 505.677646 ms
SD                  : 79.320445 ms
Throughput          : 52.893691 GFLOPs
Plan Time           : 372.580352 sec
