Expm 2: Streaming FFTW
FFTW Plan: Patient
-- Cannot import wisdom from ../../wisdom/singlenode/all/114/fftw_114_t38_b1.patient
-- Exporting wisdom file to ../../wisdom/singlenode/all/114/fftw_114_t38_b1.patient
Iteration: 0, 1, 2, 3, 4, 5, 6, 7, 8, 9, 10, 11, 12, 13, 14, 15, 16, 17, 18, 19, 20, 21, 22, 23, 24, 25, 26, 27, 28, 29, 30, 31, 32, 33, 34, 35, 36, 37, 38, 39, 40, 41, 42, 43, 44, 45, 46, 47, 48, 49, 
Printing individual runtimes:
 0: 1.692030ms
 1: 1.676685ms
 2: 2.352617ms
 3: 1.738255ms
 4: 1.719002ms
 5: 1.702184ms
 6: 1.672681ms
 7: 1.700559ms
 8: 2.457929ms
 9: 1.693105ms
 10: 1.725104ms
 11: 1.660823ms
 12: 1.662007ms
 13: 1.650612ms
 14: 1.713032ms
 15: 1.653294ms
 16: 1.696719ms
 17: 1.682583ms
 18: 1.679332ms
 19: 1.666601ms
 20: 1.667563ms
 21: 1.667805ms
 22: 1.660359ms
 23: 1.657624ms
 24: 1.656621ms
 25: 1.661057ms
 26: 1.667092ms
 27: 2.006220ms
 28: 1.680577ms
 29: 1.665102ms
 30: 1.749672ms
 31: 1.728683ms
 32: 1.655875ms
 33: 1.655558ms
 34: 1.658235ms
 35: 1.658001ms
 36: 2.160973ms
 37: 1.682721ms
 38: 1.649824ms
 39: 1.663508ms
 40: 1.691308ms
 41: 2.989380ms
 42: 1.691332ms
 43: 1.720669ms
 44: 1.707966ms
 45: 1.709514ms
 46: 1.687288ms
 47: 1.766132ms
 48: 1.658086ms
 49: 1.671176ms


Measurements
--------------------------
FFT Size            : 114^3
Threads             : 38
Batch               : 1
Iterations          : 50
Avg Tot Runtime     : 1.754822 ms
Runtime per batch   : 1.754822 ms
SD                  : 0.239441 ms
Throughput          : 0.109127 GFLOPs
Plan Time           : 9.080712 sec
