FFTW Plan Patient
-- Importing wisdom from ../wisdom/mpi2nodes/fftw_512_p8_t8_b1.patient

Planning completed

------------------------------------------
FFTW Configuration: 
--------------------------------------------
Type               = Complex to Complex
Points             = {512, 512, 512}
Precision          = Single
Direction          = FORWARD
Placement          = In Place    
Plan               = Patient     
Threads            = 8
Iterations         = 100
--------------------------------------------


Time to plan: 2.10058sec

Measurements
--------------------------
Processes           : 8
Threads per proc    : 8
FFT Size            : 512^3
Batch               : 1
Iterations          : 100
Avg Tot Runtime     : 578.784665 ms
Runtime per batch   : 578.784665 ms
SD                  : 487.897318 ms
Throughput          : 11.794383 GFLOPs
Time to Transfer    : 0.448782ms
--------------------------
