Expm 2: Streaming FFT

Printing individual runtimes:
 0: 0.555439ms
 1: 0.354883ms
 2: 0.349069ms
 3: 0.650970ms
 4: 0.346165ms
 5: 0.361570ms
 6: 0.349407ms
 7: 0.355723ms
 8: 0.341410ms
 9: 0.346399ms
 10: 0.513350ms
 11: 0.354688ms
 12: 0.355579ms
 13: 0.358023ms
 14: 0.345179ms
 15: 0.355316ms
 16: 0.554036ms
 17: 0.351287ms
 18: 0.348571ms
 19: 0.348871ms
 20: 0.346025ms
 21: 0.386389ms
 22: 0.354329ms
 23: 0.350394ms
 24: 0.347092ms
 25: 0.345871ms
 26: 0.357024ms
 27: 0.369071ms
 28: 0.359806ms
 29: 0.523859ms
 30: 0.391943ms
 31: 0.346984ms
 32: 0.350621ms
 33: 0.358884ms
 34: 0.386137ms
 35: 0.344914ms
 36: 0.369378ms
 37: 0.349657ms
 38: 0.381725ms
 39: 0.343940ms
 40: 0.347286ms
 41: 0.380737ms
 42: 0.350005ms
 43: 0.348937ms
 44: 0.348819ms
 45: 0.348097ms
 46: 0.373419ms
 47: 0.352372ms
 48: 0.353278ms
 49: 0.351246ms
 50: 0.371564ms
 51: 0.362266ms
 52: 0.350887ms
 53: 0.387366ms
 54: 0.348368ms
 55: 0.562520ms
 56: 0.345279ms
 57: 0.354505ms
 58: 0.349854ms
 59: 0.350639ms
 60: 0.347910ms
 61: 0.344886ms
 62: 0.382928ms
 63: 0.350417ms
 64: 0.351418ms
 65: 0.357297ms
 66: 0.344386ms
 67: 0.376759ms
 68: 0.359665ms
 69: 0.347913ms
 70: 0.354165ms
 71: 0.354622ms
 72: 0.348854ms
 73: 0.375982ms
 74: 0.352087ms
 75: 0.345161ms
 76: 0.347302ms
 77: 0.372605ms
 78: 0.355561ms
 79: 0.353895ms
 80: 0.359608ms
 81: 0.386649ms
 82: 0.373921ms
 83: 0.364439ms
 84: 0.347370ms
 85: 0.351120ms
 86: 0.381796ms
 87: 0.347864ms
 88: 0.354906ms
 89: 0.345530ms
 90: 0.352687ms
 91: 0.391301ms
 92: 0.370041ms
 93: 0.346759ms
 94: 0.403932ms
 95: 0.350142ms
 96: 0.348342ms
 97: 0.350519ms
 98: 0.344559ms
 99: 0.349650ms
 100: 0.354176ms
 101: 0.375610ms
 102: 0.391915ms
 103: 0.353745ms
 104: 0.369391ms
 105: 0.349320ms
 106: 0.349110ms
 107: 0.524910ms
 108: 0.343125ms
 109: 0.358177ms
 110: 0.352029ms
 111: 0.358364ms
 112: 0.392834ms
 113: 0.362129ms
 114: 0.346099ms
 115: 0.357954ms
 116: 0.352861ms
 117: 0.348479ms
 118: 0.363151ms
 119: 0.350085ms
 120: 0.357859ms
 121: 0.357990ms
 122: 0.362922ms
 123: 0.350056ms
 124: 0.354062ms
 125: 0.354861ms
 126: 0.360122ms
 127: 0.344914ms
 128: 0.359463ms
 129: 0.345837ms
 130: 0.370880ms
 131: 0.377081ms
 132: 0.367540ms
 133: 0.356102ms
 134: 0.349686ms
 135: 0.351736ms
 136: 0.348425ms
 137: 0.352035ms
 138: 0.356207ms
 139: 0.355740ms
 140: 0.349527ms
 141: 0.394158ms
 142: 0.349000ms
 143: 0.359102ms
 144: 0.351429ms
 145: 0.355915ms
 146: 0.351438ms
 147: 0.346168ms
 148: 0.346331ms
 149: 0.372037ms
 150: 0.367197ms
 151: 0.361942ms
 152: 0.358629ms
 153: 0.344278ms
 154: 0.348700ms
 155: 0.353263ms
 156: 0.346994ms
 157: 0.356295ms
 158: 0.351558ms
 159: 0.359809ms
 160: 0.354676ms
 161: 0.379211ms
 162: 0.383773ms
 163: 0.345337ms
 164: 0.438205ms
 165: 0.348219ms
 166: 0.347028ms
 167: 0.347000ms
 168: 0.354982ms
 169: 0.350500ms
 170: 0.358660ms
 171: 0.346145ms
 172: 0.347996ms
 173: 0.350868ms
 174: 0.374900ms
 175: 0.356666ms
 176: 0.350987ms
 177: 0.358656ms
 178: 0.378973ms
 179: 0.346244ms
 180: 0.346661ms
 181: 0.349963ms
 182: 0.351351ms
 183: 0.354409ms
 184: 0.346898ms
 185: 0.346366ms
 186: 0.351789ms
 187: 0.344172ms
 188: 0.354073ms
 189: 0.366315ms
 190: 0.350035ms
 191: 0.353418ms
 192: 0.348216ms
 193: 0.356771ms
 194: 0.353459ms
 195: 0.350518ms
 196: 0.356424ms
 197: 0.343900ms
 198: 0.357940ms
 199: 0.351907ms


-- Real : Q1: 50 Q2: 100 Q3: 150
-- Array: Q1: 49 Q2: 99 Q3: 149
Printing sorted runtimes:
 0: 0.348368ms
 1: 0.343125ms
 2: 0.346099ms
 3: 0.343900ms
 4: 0.346165ms
 5: 0.344559ms
 6: 0.348342ms
 7: 0.346759ms
 8: 0.341410ms
 9: 0.346399ms
 10: 0.348216ms
 11: 0.345530ms
 12: 0.344914ms
 13: 0.347864ms
 14: 0.345179ms
 15: 0.344172ms
 16: 0.345837ms
 17: 0.347370ms
 18: 0.347302ms
 19: 0.345161ms
 20: 0.346025ms
 21: 0.346366ms
 22: 0.346898ms
 23: 0.347913ms
 24: 0.347092ms
 25: 0.345871ms
 26: 0.346168ms
 27: 0.346331ms
 28: 0.346661ms
 29: 0.346244ms
 30: 0.344386ms
 31: 0.346984ms
 32: 0.344278ms
 33: 0.344886ms
 34: 0.347996ms
 35: 0.344914ms
 36: 0.346145ms
 37: 0.347910ms
 38: 0.345279ms
 39: 0.343940ms
 40: 0.347286ms
 41: 0.347000ms
 42: 0.346994ms
 43: 0.345337ms
 44: 0.348219ms
 45: 0.348097ms
 46: 0.347028ms
 47: 0.348571ms
 48: 0.348479ms
 49: 0.348425ms
 50: 0.348700ms
 51: 0.348854ms
 52: 0.348819ms
 53: 0.351287ms
 54: 0.349110ms
 55: 0.349000ms
 56: 0.348937ms
 57: 0.349069ms
 58: 0.349854ms
 59: 0.349527ms
 60: 0.349657ms
 61: 0.350005ms
 62: 0.349320ms
 63: 0.349686ms
 64: 0.349407ms
 65: 0.349650ms
 66: 0.350035ms
 67: 0.349963ms
 68: 0.350056ms
 69: 0.350394ms
 70: 0.350085ms
 71: 0.350142ms
 72: 0.350987ms
 73: 0.351246ms
 74: 0.350621ms
 75: 0.350887ms
 76: 0.350417ms
 77: 0.350868ms
 78: 0.350639ms
 79: 0.350518ms
 80: 0.350519ms
 81: 0.350500ms
 82: 0.351120ms
 83: 0.348871ms
 84: 0.352087ms
 85: 0.351736ms
 86: 0.351789ms
 87: 0.351418ms
 88: 0.351429ms
 89: 0.351438ms
 90: 0.351351ms
 91: 0.351907ms
 92: 0.352029ms
 93: 0.351558ms
 94: 0.352035ms
 95: 0.352861ms
 96: 0.352372ms
 97: 0.352687ms
 98: 0.353278ms
 99: 0.353263ms
 100: 0.353418ms
 101: 0.354883ms
 102: 0.353745ms
 103: 0.353895ms
 104: 0.354062ms
 105: 0.354176ms
 106: 0.354165ms
 107: 0.354073ms
 108: 0.354688ms
 109: 0.354329ms
 110: 0.354409ms
 111: 0.354676ms
 112: 0.354505ms
 113: 0.354622ms
 114: 0.354861ms
 115: 0.353459ms
 116: 0.358629ms
 117: 0.357954ms
 118: 0.358177ms
 119: 0.357940ms
 120: 0.357859ms
 121: 0.357990ms
 122: 0.357024ms
 123: 0.357297ms
 124: 0.356424ms
 125: 0.356771ms
 126: 0.355579ms
 127: 0.354906ms
 128: 0.356295ms
 129: 0.355316ms
 130: 0.355915ms
 131: 0.358023ms
 132: 0.356666ms
 133: 0.356102ms
 134: 0.358364ms
 135: 0.355723ms
 136: 0.354982ms
 137: 0.355561ms
 138: 0.356207ms
 139: 0.355740ms
 140: 0.359463ms
 141: 0.358660ms
 142: 0.358884ms
 143: 0.359102ms
 144: 0.358656ms
 145: 0.360122ms
 146: 0.359608ms
 147: 0.359665ms
 148: 0.359809ms
 149: 0.359806ms
 150: 0.361570ms
 151: 0.361942ms
 152: 0.387366ms
 153: 0.367197ms
 154: 0.382928ms
 155: 0.372037ms
 156: 0.376759ms
 157: 0.362129ms
 158: 0.375610ms
 159: 0.375982ms
 160: 0.372605ms
 161: 0.379211ms
 162: 0.383773ms
 163: 0.362266ms
 164: 0.366315ms
 165: 0.371564ms
 166: 0.373419ms
 167: 0.380737ms
 168: 0.386649ms
 169: 0.381725ms
 170: 0.373921ms
 171: 0.369378ms
 172: 0.386137ms
 173: 0.364439ms
 174: 0.374900ms
 175: 0.367540ms
 176: 0.377081ms
 177: 0.370880ms
 178: 0.378973ms
 179: 0.381796ms
 180: 0.370041ms
 181: 0.369071ms
 182: 0.362922ms
 183: 0.369391ms
 184: 0.363151ms
 185: 0.386389ms
 186: 0.554036ms
 187: 0.523859ms
 188: 0.391943ms
 189: 0.438205ms
 190: 0.562520ms
 191: 0.524910ms
 192: 0.513350ms
 193: 0.392834ms
 194: 0.394158ms
 195: 0.391915ms
 196: 0.391301ms
 197: 0.650970ms
 198: 0.403932ms
 199: 0.555439ms


Measurements
--------------------------
FFT Size            : 62^3
Threads             : 25
Batch               : 1
Iterations          : 200
Avg Tot Runtime     : 0.364034 ms
Runtime per batch   : 0.364034 ms
SD                  : 0.039545 ms
Q1                  : 0.348425 ms
Median              : 0.353340 ms
Q3                  : 0.359806 ms
