Expm 2: Streaming FFT

Printing individual runtimes:
 0: 0.447936ms
 1: 0.280459ms
 2: 0.284843ms
 3: 0.553081ms
 4: 0.275806ms
 5: 2.469392ms
 6: 0.299447ms
 7: 0.378641ms
 8: 0.260913ms
 9: 0.283127ms
 10: 0.275811ms
 11: 0.472227ms
 12: 0.298984ms
 13: 0.416213ms
 14: 0.244670ms
 15: 0.245212ms
 16: 0.573027ms
 17: 0.253390ms
 18: 0.436856ms
 19: 0.243986ms
 20: 0.246963ms
 21: 0.437314ms
 22: 0.257175ms
 23: 0.246923ms
 24: 0.256322ms
 25: 0.262340ms
 26: 0.250883ms
 27: 0.384116ms
 28: 0.244797ms
 29: 0.275164ms
 30: 0.239433ms
 31: 0.236990ms
 32: 0.467761ms
 33: 0.268047ms
 34: 0.238520ms
 35: 0.258211ms
 36: 0.240375ms
 37: 0.243297ms
 38: 0.246617ms
 39: 0.240785ms
 40: 0.247685ms
 41: 0.255112ms
 42: 0.247094ms
 43: 0.375722ms
 44: 0.255153ms
 45: 0.238636ms
 46: 0.245721ms
 47: 0.241982ms
 48: 0.256272ms
 49: 0.236727ms
 50: 0.255307ms
 51: 0.240425ms
 52: 0.243828ms
 53: 0.254838ms
 54: 0.238872ms
 55: 0.433666ms
 56: 0.254253ms
 57: 0.259116ms
 58: 0.264271ms
 59: 0.237289ms
 60: 0.239319ms
 61: 0.238603ms
 62: 0.246857ms
 63: 0.262220ms
 64: 0.245140ms
 65: 0.237636ms
 66: 0.271338ms
 67: 0.235662ms
 68: 0.238191ms
 69: 0.246655ms
 70: 0.236751ms
 71: 0.240530ms
 72: 0.258803ms
 73: 0.266640ms
 74: 0.259556ms
 75: 0.245734ms
 76: 0.244295ms
 77: 0.365842ms
 78: 0.269320ms
 79: 0.292672ms
 80: 0.238636ms
 81: 0.242658ms
 82: 0.240010ms
 83: 0.263186ms
 84: 0.252292ms
 85: 0.276126ms
 86: 0.242446ms
 87: 0.243046ms
 88: 0.246517ms
 89: 0.257646ms
 90: 0.245761ms
 91: 0.248378ms
 92: 0.256082ms
 93: 0.238341ms
 94: 0.242602ms
 95: 0.242319ms
 96: 0.254747ms
 97: 0.245400ms
 98: 0.241319ms
 99: 0.440600ms
 100: 0.245954ms
 101: 0.247183ms
 102: 0.250494ms
 103: 0.247157ms
 104: 0.265176ms
 105: 0.249890ms
 106: 0.242069ms
 107: 0.244950ms
 108: 0.243198ms
 109: 0.269304ms
 110: 0.242460ms
 111: 0.243068ms
 112: 0.246288ms
 113: 0.244582ms
 114: 0.238836ms
 115: 0.239877ms
 116: 0.244406ms
 117: 0.241068ms
 118: 0.247317ms
 119: 0.255429ms
 120: 0.273940ms
 121: 0.244060ms
 122: 0.243822ms
 123: 0.259149ms
 124: 0.276281ms
 125: 0.240579ms
 126: 0.240684ms
 127: 0.240441ms
 128: 0.243240ms
 129: 0.241373ms
 130: 0.242484ms
 131: 0.243073ms
 132: 0.238688ms
 133: 0.258646ms
 134: 0.258475ms
 135: 0.244219ms
 136: 0.291957ms
 137: 0.245923ms
 138: 0.247849ms
 139: 0.262032ms
 140: 0.257781ms
 141: 0.241343ms
 142: 0.239528ms
 143: 0.401332ms
 144: 0.245279ms
 145: 0.264304ms
 146: 0.262863ms
 147: 0.261686ms
 148: 0.260369ms
 149: 0.252428ms
 150: 0.256012ms
 151: 0.243455ms
 152: 7.657656ms
 153: 0.252156ms
 154: 0.240590ms
 155: 0.238598ms
 156: 0.245167ms
 157: 0.257887ms
 158: 0.273655ms
 159: 0.248788ms
 160: 0.244869ms
 161: 0.240189ms
 162: 0.275597ms
 163: 0.267376ms
 164: 0.264186ms
 165: 0.267382ms
 166: 0.259945ms
 167: 0.263258ms
 168: 0.276195ms
 169: 0.240052ms
 170: 0.245982ms
 171: 0.238285ms
 172: 0.244830ms
 173: 0.242237ms
 174: 0.255391ms
 175: 0.248666ms
 176: 0.279847ms
 177: 0.241182ms
 178: 0.248208ms
 179: 0.278051ms
 180: 0.261133ms
 181: 0.271471ms
 182: 0.277158ms
 183: 0.242068ms
 184: 0.238555ms
 185: 0.269643ms
 186: 0.275713ms
 187: 0.242251ms
 188: 0.429781ms
 189: 0.263494ms
 190: 0.261628ms
 191: 0.271150ms
 192: 0.240626ms
 193: 0.258965ms
 194: 0.259157ms
 195: 0.276642ms
 196: 0.260476ms
 197: 0.271882ms
 198: 0.247768ms
 199: 0.240151ms


-- Real : Q1: 50 Q2: 100 Q3: 150
-- Array: Q1: 49 Q2: 99 Q3: 149
Printing sorted runtimes:
 0: 0.240151ms
 1: 0.238636ms
 2: 0.240010ms
 3: 0.238341ms
 4: 0.238555ms
 5: 0.236751ms
 6: 0.238191ms
 7: 0.235662ms
 8: 0.237636ms
 9: 0.238285ms
 10: 0.240052ms
 11: 0.238603ms
 12: 0.239319ms
 13: 0.237289ms
 14: 0.238872ms
 15: 0.236727ms
 16: 0.238598ms
 17: 0.238836ms
 18: 0.238636ms
 19: 0.239877ms
 20: 0.238520ms
 21: 0.239528ms
 22: 0.236990ms
 23: 0.239433ms
 24: 0.238688ms
 25: 0.242069ms
 26: 0.240189ms
 27: 0.240590ms
 28: 0.240626ms
 29: 0.241373ms
 30: 0.241982ms
 31: 0.241343ms
 32: 0.240425ms
 33: 0.240441ms
 34: 0.241319ms
 35: 0.240684ms
 36: 0.240375ms
 37: 0.240530ms
 38: 0.240579ms
 39: 0.240785ms
 40: 0.242068ms
 41: 0.241182ms
 42: 0.241068ms
 43: 0.242446ms
 44: 0.242237ms
 45: 0.242319ms
 46: 0.242251ms
 47: 0.242484ms
 48: 0.242460ms
 49: 0.242602ms
 50: 0.242658ms
 51: 0.246617ms
 52: 0.243073ms
 53: 0.243068ms
 54: 0.244670ms
 55: 0.243828ms
 56: 0.243198ms
 57: 0.244950ms
 58: 0.244582ms
 59: 0.245167ms
 60: 0.244869ms
 61: 0.245212ms
 62: 0.245721ms
 63: 0.245400ms
 64: 0.245140ms
 65: 0.244830ms
 66: 0.243455ms
 67: 0.243986ms
 68: 0.244406ms
 69: 0.244060ms
 70: 0.243822ms
 71: 0.243297ms
 72: 0.245279ms
 73: 0.245761ms
 74: 0.243240ms
 75: 0.245734ms
 76: 0.244295ms
 77: 0.245923ms
 78: 0.244797ms
 79: 0.244219ms
 80: 0.245954ms
 81: 0.245982ms
 82: 0.243046ms
 83: 0.246288ms
 84: 0.246517ms
 85: 0.248788ms
 86: 0.246963ms
 87: 0.247849ms
 88: 0.246923ms
 89: 0.248666ms
 90: 0.248208ms
 91: 0.248378ms
 92: 0.247685ms
 93: 0.247317ms
 94: 0.246655ms
 95: 0.247094ms
 96: 0.247157ms
 97: 0.247183ms
 98: 0.246857ms
 99: 0.247768ms
 100: 0.249890ms
 101: 0.261686ms
 102: 0.252292ms
 103: 0.252156ms
 104: 0.250883ms
 105: 0.252428ms
 106: 0.254747ms
 107: 0.254838ms
 108: 0.254253ms
 109: 0.253390ms
 110: 0.257175ms
 111: 0.257781ms
 112: 0.256322ms
 113: 0.255307ms
 114: 0.256272ms
 115: 0.255153ms
 116: 0.257646ms
 117: 0.255391ms
 118: 0.256082ms
 119: 0.255429ms
 120: 0.256012ms
 121: 0.255112ms
 122: 0.258803ms
 123: 0.259149ms
 124: 0.261628ms
 125: 0.260369ms
 126: 0.258211ms
 127: 0.250494ms
 128: 0.260476ms
 129: 0.258965ms
 130: 0.259157ms
 131: 0.259945ms
 132: 0.259116ms
 133: 0.258646ms
 134: 0.258475ms
 135: 0.257887ms
 136: 0.260913ms
 137: 0.261133ms
 138: 0.259556ms
 139: 0.262863ms
 140: 0.262220ms
 141: 0.262340ms
 142: 0.262032ms
 143: 0.263258ms
 144: 0.263186ms
 145: 0.264186ms
 146: 0.263494ms
 147: 0.264304ms
 148: 0.264271ms
 149: 0.265176ms
 150: 0.266640ms
 151: 0.267382ms
 152: 0.267376ms
 153: 0.271338ms
 154: 0.269304ms
 155: 0.271150ms
 156: 0.269643ms
 157: 0.269320ms
 158: 0.268047ms
 159: 0.271471ms
 160: 0.273655ms
 161: 0.275713ms
 162: 0.275597ms
 163: 0.275806ms
 164: 0.275164ms
 165: 0.273940ms
 166: 0.271882ms
 167: 0.276126ms
 168: 0.275811ms
 169: 0.276195ms
 170: 0.292672ms
 171: 0.283127ms
 172: 0.298984ms
 173: 0.284843ms
 174: 0.291957ms
 175: 0.276642ms
 176: 0.279847ms
 177: 0.299447ms
 178: 0.276281ms
 179: 0.278051ms
 180: 0.280459ms
 181: 0.365842ms
 182: 0.277158ms
 183: 2.469392ms
 184: 0.378641ms
 185: 0.472227ms
 186: 0.416213ms
 187: 0.553081ms
 188: 0.429781ms
 189: 0.573027ms
 190: 7.657656ms
 191: 0.436856ms
 192: 0.401332ms
 193: 0.437314ms
 194: 0.384116ms
 195: 0.467761ms
 196: 0.375722ms
 197: 0.433666ms
 198: 0.447936ms
 199: 0.440600ms


Measurements
--------------------------
FFT Size            : 62^3
Threads             : 40
Batch               : 1
Iterations          : 200
Avg Tot Runtime     : 0.315929 ms
Runtime per batch   : 0.315929 ms
SD                  : 0.545823 ms
Q1                  : 0.242602 ms
Median              : 0.248829 ms
Q3                  : 0.265176 ms
