Expm 2: Streaming FFTW
FFTW Plan: Patient
-- Cannot import wisdom from ../../wisdom/singlenode/all/643/fftw_643_t38_b1.patient
-- Exporting wisdom file to ../../wisdom/singlenode/all/643/fftw_643_t38_b1.patient
Iteration: 0, 1, 2, 3, 4, 5, 6, 7, 8, 9, 10, 11, 12, 13, 14, 15, 16, 17, 18, 19, 20, 21, 22, 23, 24, 25, 26, 27, 28, 29, 30, 31, 32, 33, 34, 35, 36, 37, 38, 39, 40, 41, 42, 43, 44, 45, 46, 47, 48, 49, 
Printing individual runtimes:
 0: 378.606799ms
 1: 472.006073ms
 2: 356.533240ms
 3: 355.890644ms
 4: 356.702324ms
 5: 357.672114ms
 6: 663.162193ms
 7: 453.721341ms
 8: 360.217466ms
 9: 357.174888ms
 10: 360.380286ms
 11: 360.161244ms
 12: 372.213546ms
 13: 358.787178ms
 14: 358.419126ms
 15: 725.179612ms
 16: 788.410170ms
 17: 515.725905ms
 18: 362.743315ms
 19: 362.517377ms
 20: 361.981858ms
 21: 364.405908ms
 22: 512.332023ms
 23: 610.161715ms
 24: 363.404454ms
 25: 393.026447ms
 26: 364.400000ms
 27: 364.568934ms
 28: 364.612002ms
 29: 363.618600ms
 30: 364.202167ms
 31: 362.505934ms
 32: 363.154172ms
 33: 364.256051ms
 34: 363.442469ms
 35: 363.759221ms
 36: 362.815952ms
 37: 373.285531ms
 38: 747.595238ms
 39: 640.703472ms
 40: 361.189482ms
 41: 361.458402ms
 42: 362.086093ms
 43: 361.491635ms
 44: 361.683284ms
 45: 361.367479ms
 46: 362.033360ms
 47: 361.991028ms
 48: 361.702442ms
 49: 362.082719ms


Measurements
--------------------------
FFT Size            : 643^3
Threads             : 38
Batch               : 1
Iterations          : 50
Avg Tot Runtime     : 413.230858 ms
Runtime per batch   : 413.230858 ms
SD                  : 112.211589 ms
Throughput          : 35.535942 GFLOPs
Plan Time           : 1121.925192 sec
