Expm 2: Streaming FFT

Printing individual runtimes:
 0: 0.330616ms
 1: 0.160902ms
 2: 0.153766ms
 3: 1.001683ms
 4: 0.177040ms
 5: 0.344631ms
 6: 0.149962ms
 7: 0.158986ms
 8: 0.154355ms
 9: 0.321321ms
 10: 0.155745ms
 11: 0.151986ms
 12: 0.175116ms
 13: 0.224405ms
 14: 0.153109ms
 15: 0.154528ms
 16: 0.147165ms
 17: 0.158111ms
 18: 0.157489ms
 19: 0.175723ms
 20: 0.423764ms
 21: 0.159669ms
 22: 0.151365ms
 23: 0.198624ms
 24: 0.154583ms
 25: 0.152388ms
 26: 0.148541ms
 27: 0.161484ms
 28: 0.148841ms
 29: 0.181969ms
 30: 0.153016ms
 31: 0.149851ms
 32: 0.147513ms
 33: 0.155896ms
 34: 0.160822ms
 35: 0.152344ms
 36: 0.145770ms
 37: 0.341273ms
 38: 0.169267ms
 39: 0.248655ms
 40: 0.159389ms
 41: 0.151217ms
 42: 0.152446ms
 43: 0.176960ms
 44: 0.186800ms
 45: 0.152357ms
 46: 0.151669ms
 47: 0.195258ms
 48: 0.147386ms
 49: 0.153766ms
 50: 0.157914ms
 51: 0.148815ms
 52: 0.148197ms
 53: 0.153248ms
 54: 0.151971ms
 55: 0.152241ms
 56: 0.156521ms
 57: 0.147021ms
 58: 0.149983ms
 59: 0.150795ms
 60: 0.158901ms
 61: 0.185855ms
 62: 0.185630ms
 63: 0.160703ms
 64: 0.149583ms
 65: 0.152497ms
 66: 0.319989ms
 67: 0.183819ms
 68: 0.192830ms
 69: 0.174380ms
 70: 0.220336ms
 71: 0.153029ms
 72: 0.159450ms
 73: 0.164050ms
 74: 0.159180ms
 75: 0.314117ms
 76: 0.148588ms
 77: 0.155973ms
 78: 0.151920ms
 79: 0.202116ms
 80: 0.157988ms
 81: 0.150593ms
 82: 0.182811ms
 83: 0.145259ms
 84: 0.155241ms
 85: 0.162713ms
 86: 0.157379ms
 87: 0.186048ms
 88: 0.152452ms
 89: 0.178961ms
 90: 0.151350ms
 91: 0.146356ms
 92: 0.147319ms
 93: 0.154513ms
 94: 0.148890ms
 95: 0.157534ms
 96: 0.152088ms
 97: 0.148502ms
 98: 0.187667ms
 99: 0.148169ms
 100: 0.193640ms
 101: 0.155123ms
 102: 0.154102ms
 103: 0.157952ms
 104: 0.145936ms
 105: 0.185338ms
 106: 0.152826ms
 107: 0.174488ms
 108: 0.148109ms
 109: 0.153712ms
 110: 0.155613ms
 111: 0.153508ms
 112: 0.151622ms
 113: 0.152574ms
 114: 0.170783ms
 115: 0.201850ms
 116: 0.149639ms
 117: 0.154106ms
 118: 0.148720ms
 119: 0.153585ms
 120: 0.151710ms
 121: 0.152588ms
 122: 0.150433ms
 123: 0.159110ms
 124: 0.241499ms
 125: 0.151035ms
 126: 0.174685ms
 127: 0.214162ms
 128: 0.200108ms
 129: 0.155837ms
 130: 0.156453ms
 131: 0.152572ms
 132: 0.183077ms
 133: 0.330501ms
 134: 0.159957ms
 135: 0.171135ms
 136: 0.178319ms
 137: 0.154753ms
 138: 0.158599ms
 139: 0.147443ms
 140: 0.152560ms
 141: 0.153845ms
 142: 0.196095ms
 143: 0.151999ms
 144: 0.152887ms
 145: 0.156024ms
 146: 0.151845ms
 147: 0.166558ms
 148: 0.151794ms
 149: 0.161547ms
 150: 0.199289ms
 151: 0.191219ms
 152: 0.153395ms
 153: 0.151139ms
 154: 0.163722ms
 155: 0.158646ms
 156: 0.150055ms
 157: 0.151058ms
 158: 0.155689ms
 159: 0.156847ms
 160: 0.187157ms
 161: 0.175132ms
 162: 0.147688ms
 163: 0.156391ms
 164: 0.147526ms
 165: 0.154013ms
 166: 0.155377ms
 167: 0.152153ms
 168: 0.155657ms
 169: 0.151610ms
 170: 0.179657ms
 171: 0.153786ms
 172: 0.151476ms
 173: 0.153255ms
 174: 0.152071ms
 175: 0.158621ms
 176: 0.189402ms
 177: 0.171956ms
 178: 0.178987ms
 179: 0.153607ms
 180: 0.178800ms
 181: 0.179760ms
 182: 0.152040ms
 183: 0.154179ms
 184: 0.153952ms
 185: 0.151358ms
 186: 0.160093ms
 187: 0.174617ms
 188: 0.194115ms
 189: 0.152844ms
 190: 0.196316ms
 191: 0.152473ms
 192: 0.150076ms
 193: 0.147829ms
 194: 0.150608ms
 195: 0.155714ms
 196: 0.159063ms
 197: 0.148901ms
 198: 0.147295ms
 199: 0.156020ms


-- Real : Q1: 50 Q2: 100 Q3: 150
-- Array: Q1: 49 Q2: 99 Q3: 149
Printing sorted runtimes:
 0: 0.148841ms
 1: 0.145936ms
 2: 0.147021ms
 3: 0.147295ms
 4: 0.148197ms
 5: 0.147443ms
 6: 0.148815ms
 7: 0.147319ms
 8: 0.146356ms
 9: 0.147386ms
 10: 0.148720ms
 11: 0.148169ms
 12: 0.145770ms
 13: 0.147829ms
 14: 0.147526ms
 15: 0.148502ms
 16: 0.147165ms
 17: 0.148588ms
 18: 0.145259ms
 19: 0.147513ms
 20: 0.147688ms
 21: 0.148541ms
 22: 0.148109ms
 23: 0.151365ms
 24: 0.150593ms
 25: 0.149639ms
 26: 0.151035ms
 27: 0.150433ms
 28: 0.148890ms
 29: 0.151358ms
 30: 0.150055ms
 31: 0.149851ms
 32: 0.150076ms
 33: 0.149983ms
 34: 0.148901ms
 35: 0.151139ms
 36: 0.150608ms
 37: 0.149962ms
 38: 0.150795ms
 39: 0.151350ms
 40: 0.151058ms
 41: 0.151217ms
 42: 0.149583ms
 43: 0.151622ms
 44: 0.151610ms
 45: 0.151476ms
 46: 0.151794ms
 47: 0.151669ms
 48: 0.151710ms
 49: 0.151845ms
 50: 0.151920ms
 51: 0.154355ms
 52: 0.152040ms
 53: 0.151999ms
 54: 0.151971ms
 55: 0.152088ms
 56: 0.152071ms
 57: 0.152241ms
 58: 0.153248ms
 59: 0.154106ms
 60: 0.153766ms
 61: 0.153255ms
 62: 0.152357ms
 63: 0.153607ms
 64: 0.152446ms
 65: 0.152497ms
 66: 0.153786ms
 67: 0.153585ms
 68: 0.152574ms
 69: 0.152153ms
 70: 0.154179ms
 71: 0.153029ms
 72: 0.153952ms
 73: 0.154013ms
 74: 0.153508ms
 75: 0.152344ms
 76: 0.152588ms
 77: 0.153016ms
 78: 0.152388ms
 79: 0.153712ms
 80: 0.151986ms
 81: 0.152844ms
 82: 0.152473ms
 83: 0.152887ms
 84: 0.154102ms
 85: 0.153395ms
 86: 0.152826ms
 87: 0.153109ms
 88: 0.152452ms
 89: 0.153845ms
 90: 0.152572ms
 91: 0.153766ms
 92: 0.152560ms
 93: 0.155123ms
 94: 0.154583ms
 95: 0.154528ms
 96: 0.154753ms
 97: 0.154513ms
 98: 0.155241ms
 99: 0.155377ms
 100: 0.155613ms
 101: 0.169267ms
 102: 0.155714ms
 103: 0.155689ms
 104: 0.157534ms
 105: 0.157952ms
 106: 0.157379ms
 107: 0.156847ms
 108: 0.157988ms
 109: 0.156391ms
 110: 0.155973ms
 111: 0.159180ms
 112: 0.158646ms
 113: 0.156020ms
 114: 0.158599ms
 115: 0.158901ms
 116: 0.156521ms
 117: 0.157914ms
 118: 0.158621ms
 119: 0.159389ms
 120: 0.159063ms
 121: 0.155896ms
 122: 0.158986ms
 123: 0.159110ms
 124: 0.156024ms
 125: 0.159450ms
 126: 0.157489ms
 127: 0.158111ms
 128: 0.155745ms
 129: 0.155837ms
 130: 0.156453ms
 131: 0.159669ms
 132: 0.160093ms
 133: 0.160822ms
 134: 0.159957ms
 135: 0.160703ms
 136: 0.160902ms
 137: 0.161484ms
 138: 0.164050ms
 139: 0.162713ms
 140: 0.163722ms
 141: 0.155657ms
 142: 0.161547ms
 143: 0.166558ms
 144: 0.174488ms
 145: 0.174380ms
 146: 0.171135ms
 147: 0.171956ms
 148: 0.170783ms
 149: 0.174617ms
 150: 0.174685ms
 151: 0.175116ms
 152: 0.175723ms
 153: 0.178319ms
 154: 0.176960ms
 155: 0.178800ms
 156: 0.175132ms
 157: 0.177040ms
 158: 0.186048ms
 159: 0.178961ms
 160: 0.187157ms
 161: 0.187667ms
 162: 0.182811ms
 163: 0.194115ms
 164: 0.193640ms
 165: 0.183077ms
 166: 0.185338ms
 167: 0.191219ms
 168: 0.192830ms
 169: 0.183819ms
 170: 0.179657ms
 171: 0.181969ms
 172: 0.185630ms
 173: 0.185855ms
 174: 0.195258ms
 175: 0.186800ms
 176: 0.189402ms
 177: 0.196095ms
 178: 0.178987ms
 179: 0.179760ms
 180: 0.196316ms
 181: 0.198624ms
 182: 0.199289ms
 183: 0.248655ms
 184: 0.341273ms
 185: 0.319989ms
 186: 0.220336ms
 187: 0.314117ms
 188: 0.202116ms
 189: 0.201850ms
 190: 0.241499ms
 191: 0.423764ms
 192: 0.214162ms
 193: 0.224405ms
 194: 0.200108ms
 195: 0.321321ms
 196: 0.344631ms
 197: 0.330501ms
 198: 1.001683ms
 199: 0.330616ms


Measurements
--------------------------
FFT Size            : 51^3
Threads             : 31
Batch               : 1
Iterations          : 200
Avg Tot Runtime     : 0.173730 ms
Runtime per batch   : 0.173730 ms
SD                  : 0.070839 ms
Q1                  : 0.151845 ms
Median              : 0.155495 ms
Q3                  : 0.174617 ms
