Expm 2: Streaming FFT

Printing individual runtimes:
 0: 0.375746ms
 1: 0.203973ms
 2: 0.243072ms
 3: 0.347841ms
 4: 0.235631ms
 5: 0.208027ms
 6: 0.209451ms
 7: 0.251492ms
 8: 0.204821ms
 9: 0.209981ms
 10: 0.333374ms
 11: 0.221079ms
 12: 0.213781ms
 13: 0.210293ms
 14: 0.337837ms
 15: 0.205539ms
 16: 0.213832ms
 17: 0.205147ms
 18: 0.205315ms
 19: 0.210637ms
 20: 0.216383ms
 21: 0.345103ms
 22: 0.209648ms
 23: 0.213651ms
 24: 0.209849ms
 25: 0.205922ms
 26: 0.205830ms
 27: 0.369755ms
 28: 0.197239ms
 29: 0.206809ms
 30: 0.209589ms
 31: 0.256130ms
 32: 0.359941ms
 33: 0.223578ms
 34: 0.202709ms
 35: 0.216054ms
 36: 0.207734ms
 37: 0.207028ms
 38: 0.256007ms
 39: 0.351987ms
 40: 0.205592ms
 41: 0.208441ms
 42: 0.205406ms
 43: 0.206698ms
 44: 0.239771ms
 45: 0.207150ms
 46: 0.207309ms
 47: 0.204716ms
 48: 0.339359ms
 49: 0.215194ms
 50: 0.205555ms
 51: 0.235290ms
 52: 0.214217ms
 53: 0.212672ms
 54: 0.226517ms
 55: 0.196890ms
 56: 0.238136ms
 57: 0.204361ms
 58: 0.230739ms
 59: 0.225740ms
 60: 0.208593ms
 61: 0.202533ms
 62: 0.337875ms
 63: 0.237934ms
 64: 0.211304ms
 65: 0.218332ms
 66: 0.204204ms
 67: 0.228177ms
 68: 0.204793ms
 69: 0.212237ms
 70: 0.210812ms
 71: 0.208997ms
 72: 0.210199ms
 73: 0.214917ms
 74: 0.203279ms
 75: 0.216599ms
 76: 0.236942ms
 77: 0.217202ms
 78: 0.216665ms
 79: 0.212358ms
 80: 0.236716ms
 81: 0.205722ms
 82: 0.206647ms
 83: 0.236020ms
 84: 0.356640ms
 85: 0.213730ms
 86: 0.205276ms
 87: 0.204798ms
 88: 0.248883ms
 89: 0.238923ms
 90: 0.208526ms
 91: 0.206981ms
 92: 0.203960ms
 93: 0.209186ms
 94: 0.203883ms
 95: 0.211906ms
 96: 0.209449ms
 97: 0.212710ms
 98: 0.208608ms
 99: 0.231918ms
 100: 0.344485ms
 101: 0.209564ms
 102: 0.206885ms
 103: 0.217628ms
 104: 0.238540ms
 105: 0.205467ms
 106: 0.238480ms
 107: 0.241219ms
 108: 0.203939ms
 109: 0.209018ms
 110: 0.262204ms
 111: 0.209268ms
 112: 0.213475ms
 113: 0.215948ms
 114: 0.205561ms
 115: 0.208473ms
 116: 0.211894ms
 117: 0.218546ms
 118: 0.206805ms
 119: 0.228745ms
 120: 0.211425ms
 121: 0.212127ms
 122: 0.246832ms
 123: 0.235398ms
 124: 0.205410ms
 125: 0.213006ms
 126: 0.211173ms
 127: 0.233510ms
 128: 0.236281ms
 129: 0.255594ms
 130: 0.217542ms
 131: 0.205949ms
 132: 0.256134ms
 133: 0.243117ms
 134: 0.220413ms
 135: 0.204778ms
 136: 0.248643ms
 137: 0.204609ms
 138: 0.216625ms
 139: 0.204642ms
 140: 0.206868ms
 141: 0.235104ms
 142: 0.204520ms
 143: 0.350116ms
 144: 0.213092ms
 145: 0.196548ms
 146: 0.205280ms
 147: 0.213101ms
 148: 0.230794ms
 149: 0.205511ms
 150: 0.207922ms
 151: 0.211460ms
 152: 0.209260ms
 153: 0.206524ms
 154: 0.206758ms
 155: 0.208405ms
 156: 0.203612ms
 157: 0.216069ms
 158: 0.214863ms
 159: 0.240354ms
 160: 0.233845ms
 161: 0.212132ms
 162: 0.223021ms
 163: 0.211089ms
 164: 0.215344ms
 165: 0.202397ms
 166: 0.208826ms
 167: 0.260113ms
 168: 0.205857ms
 169: 0.204398ms
 170: 0.211190ms
 171: 0.208885ms
 172: 0.205482ms
 173: 0.205288ms
 174: 0.249791ms
 175: 0.370615ms
 176: 0.212335ms
 177: 0.217614ms
 178: 0.204596ms
 179: 0.204785ms
 180: 0.213115ms
 181: 0.205890ms
 182: 0.232696ms
 183: 0.214904ms
 184: 0.204338ms
 185: 0.230490ms
 186: 0.230596ms
 187: 0.212176ms
 188: 0.206249ms
 189: 0.229106ms
 190: 0.207129ms
 191: 0.196716ms
 192: 0.208753ms
 193: 0.196498ms
 194: 0.209538ms
 195: 0.215481ms
 196: 0.207507ms
 197: 0.227493ms
 198: 0.203955ms
 199: 0.213893ms


-- Real : Q1: 50 Q2: 100 Q3: 150
-- Array: Q1: 49 Q2: 99 Q3: 149
Printing sorted runtimes:
 0: 0.203973ms
 1: 0.196890ms
 2: 0.203955ms
 3: 0.202397ms
 4: 0.202533ms
 5: 0.203939ms
 6: 0.203612ms
 7: 0.196498ms
 8: 0.203279ms
 9: 0.202709ms
 10: 0.197239ms
 11: 0.196716ms
 12: 0.196548ms
 13: 0.203960ms
 14: 0.203883ms
 15: 0.204642ms
 16: 0.204398ms
 17: 0.204361ms
 18: 0.204204ms
 19: 0.204520ms
 20: 0.204596ms
 21: 0.204338ms
 22: 0.204609ms
 23: 0.205276ms
 24: 0.205147ms
 25: 0.204716ms
 26: 0.204793ms
 27: 0.204798ms
 28: 0.204778ms
 29: 0.204821ms
 30: 0.204785ms
 31: 0.205511ms
 32: 0.205410ms
 33: 0.205280ms
 34: 0.205467ms
 35: 0.205482ms
 36: 0.205406ms
 37: 0.205315ms
 38: 0.205288ms
 39: 0.205592ms
 40: 0.205539ms
 41: 0.205555ms
 42: 0.205561ms
 43: 0.206249ms
 44: 0.205722ms
 45: 0.205857ms
 46: 0.205949ms
 47: 0.205922ms
 48: 0.205890ms
 49: 0.205830ms
 50: 0.206524ms
 51: 0.209849ms
 52: 0.206758ms
 53: 0.206698ms
 54: 0.206805ms
 55: 0.208826ms
 56: 0.207507ms
 57: 0.209268ms
 58: 0.209538ms
 59: 0.209018ms
 60: 0.208593ms
 61: 0.208885ms
 62: 0.207309ms
 63: 0.208405ms
 64: 0.208027ms
 65: 0.207150ms
 66: 0.208441ms
 67: 0.209451ms
 68: 0.207028ms
 69: 0.208753ms
 70: 0.206885ms
 71: 0.208997ms
 72: 0.209564ms
 73: 0.209260ms
 74: 0.207734ms
 75: 0.208473ms
 76: 0.207922ms
 77: 0.208608ms
 78: 0.209449ms
 79: 0.207129ms
 80: 0.209589ms
 81: 0.206809ms
 82: 0.209186ms
 83: 0.206647ms
 84: 0.206981ms
 85: 0.208526ms
 86: 0.209648ms
 87: 0.206868ms
 88: 0.210637ms
 89: 0.210199ms
 90: 0.210293ms
 91: 0.209981ms
 92: 0.211190ms
 93: 0.211089ms
 94: 0.210812ms
 95: 0.211173ms
 96: 0.211894ms
 97: 0.211460ms
 98: 0.211304ms
 99: 0.211425ms
 100: 0.211906ms
 101: 0.215344ms
 102: 0.213115ms
 103: 0.212237ms
 104: 0.212710ms
 105: 0.212335ms
 106: 0.213101ms
 107: 0.213006ms
 108: 0.212358ms
 109: 0.212132ms
 110: 0.213475ms
 111: 0.213092ms
 112: 0.212672ms
 113: 0.212176ms
 114: 0.214863ms
 115: 0.213781ms
 116: 0.213832ms
 117: 0.213730ms
 118: 0.213893ms
 119: 0.214917ms
 120: 0.212127ms
 121: 0.214904ms
 122: 0.214217ms
 123: 0.215194ms
 124: 0.213651ms
 125: 0.225740ms
 126: 0.217614ms
 127: 0.216069ms
 128: 0.223578ms
 129: 0.216054ms
 130: 0.217542ms
 131: 0.218332ms
 132: 0.221079ms
 133: 0.216599ms
 134: 0.220413ms
 135: 0.217628ms
 136: 0.216383ms
 137: 0.218546ms
 138: 0.216625ms
 139: 0.217202ms
 140: 0.216665ms
 141: 0.223021ms
 142: 0.215481ms
 143: 0.215948ms
 144: 0.230490ms
 145: 0.226517ms
 146: 0.228177ms
 147: 0.227493ms
 148: 0.228745ms
 149: 0.229106ms
 150: 0.230596ms
 151: 0.230739ms
 152: 0.230794ms
 153: 0.231918ms
 154: 0.235290ms
 155: 0.235631ms
 156: 0.235104ms
 157: 0.233510ms
 158: 0.235398ms
 159: 0.232696ms
 160: 0.233845ms
 161: 0.236020ms
 162: 0.236716ms
 163: 0.236281ms
 164: 0.236942ms
 165: 0.238136ms
 166: 0.240354ms
 167: 0.237934ms
 168: 0.238923ms
 169: 0.238540ms
 170: 0.238480ms
 171: 0.241219ms
 172: 0.239771ms
 173: 0.351987ms
 174: 0.249791ms
 175: 0.370615ms
 176: 0.256007ms
 177: 0.339359ms
 178: 0.260113ms
 179: 0.337875ms
 180: 0.359941ms
 181: 0.256130ms
 182: 0.356640ms
 183: 0.350116ms
 184: 0.369755ms
 185: 0.248883ms
 186: 0.344485ms
 187: 0.345103ms
 188: 0.248643ms
 189: 0.243117ms
 190: 0.337837ms
 191: 0.256134ms
 192: 0.333374ms
 193: 0.251492ms
 194: 0.255594ms
 195: 0.262204ms
 196: 0.347841ms
 197: 0.246832ms
 198: 0.243072ms
 199: 0.375746ms


Measurements
--------------------------
FFT Size            : 51^3
Threads             : 22
Batch               : 1
Iterations          : 200
Avg Tot Runtime     : 0.225608 ms
Runtime per batch   : 0.225608 ms
SD                  : 0.037361 ms
Q1                  : 0.205830 ms
Median              : 0.211666 ms
Q3                  : 0.229106 ms
