Expm 2: Streaming FFT

Printing individual runtimes:
 0: 0.362892ms
 1: 0.200518ms
 2: 0.206031ms
 3: 0.349294ms
 4: 0.205356ms
 5: 0.215552ms
 6: 0.209027ms
 7: 0.209901ms
 8: 0.212955ms
 9: 0.202901ms
 10: 0.357702ms
 11: 0.214939ms
 12: 0.208695ms
 13: 0.222360ms
 14: 0.338644ms
 15: 0.210217ms
 16: 0.214063ms
 17: 0.210854ms
 18: 0.209908ms
 19: 0.349516ms
 20: 0.207899ms
 21: 0.215398ms
 22: 0.217096ms
 23: 0.202311ms
 24: 0.209065ms
 25: 0.206367ms
 26: 0.210087ms
 27: 0.339193ms
 28: 0.211537ms
 29: 0.212867ms
 30: 0.215909ms
 31: 0.202016ms
 32: 0.208991ms
 33: 0.352954ms
 34: 0.211947ms
 35: 0.199514ms
 36: 0.202631ms
 37: 0.215189ms
 38: 0.210103ms
 39: 0.241469ms
 40: 0.325502ms
 41: 0.219781ms
 42: 0.209302ms
 43: 0.211055ms
 44: 0.235838ms
 45: 0.202916ms
 46: 0.208752ms
 47: 0.202450ms
 48: 0.208914ms
 49: 0.225500ms
 50: 0.204971ms
 51: 0.333699ms
 52: 0.211227ms
 53: 0.217494ms
 54: 0.208109ms
 55: 0.206592ms
 56: 0.205433ms
 57: 0.222439ms
 58: 0.209288ms
 59: 0.203587ms
 60: 0.222942ms
 61: 0.207409ms
 62: 0.221917ms
 63: 0.211922ms
 64: 0.357299ms
 65: 0.200616ms
 66: 0.225619ms
 67: 0.208916ms
 68: 0.202826ms
 69: 0.205003ms
 70: 0.207790ms
 71: 0.213817ms
 72: 0.211306ms
 73: 0.205427ms
 74: 0.205700ms
 75: 0.334164ms
 76: 0.214394ms
 77: 0.203113ms
 78: 0.204901ms
 79: 0.204761ms
 80: 0.203803ms
 81: 0.201129ms
 82: 0.208100ms
 83: 0.202212ms
 84: 0.213286ms
 85: 0.210829ms
 86: 0.200303ms
 87: 0.205874ms
 88: 0.209590ms
 89: 0.213574ms
 90: 0.341537ms
 91: 0.209091ms
 92: 0.206749ms
 93: 0.216688ms
 94: 0.206208ms
 95: 0.208881ms
 96: 0.211553ms
 97: 0.211208ms
 98: 0.209063ms
 99: 0.209522ms
 100: 0.204435ms
 101: 0.213156ms
 102: 0.212606ms
 103: 0.211577ms
 104: 0.202254ms
 105: 0.213699ms
 106: 0.214872ms
 107: 0.351298ms
 108: 0.204457ms
 109: 0.214051ms
 110: 0.201327ms
 111: 0.209020ms
 112: 0.214564ms
 113: 0.200841ms
 114: 0.206217ms
 115: 0.211356ms
 116: 0.205435ms
 117: 0.209302ms
 118: 0.238597ms
 119: 0.202772ms
 120: 0.204764ms
 121: 0.206103ms
 122: 0.224167ms
 123: 0.215888ms
 124: 0.204730ms
 125: 0.211383ms
 126: 0.208051ms
 127: 0.201043ms
 128: 0.200307ms
 129: 0.208507ms
 130: 0.251828ms
 131: 0.342958ms
 132: 0.201363ms
 133: 0.202532ms
 134: 0.212288ms
 135: 0.214040ms
 136: 0.207080ms
 137: 0.247104ms
 138: 0.206055ms
 139: 0.200792ms
 140: 0.207316ms
 141: 0.210285ms
 142: 0.214347ms
 143: 0.213210ms
 144: 0.202578ms
 145: 0.201366ms
 146: 0.204814ms
 147: 0.202000ms
 148: 0.211226ms
 149: 0.210392ms
 150: 0.204636ms
 151: 0.360848ms
 152: 0.239657ms
 153: 0.219261ms
 154: 0.212260ms
 155: 0.205844ms
 156: 0.202777ms
 157: 0.206302ms
 158: 0.217373ms
 159: 0.202498ms
 160: 0.203027ms
 161: 0.204974ms
 162: 0.208133ms
 163: 0.228533ms
 164: 0.208116ms
 165: 0.208775ms
 166: 0.209130ms
 167: 0.211355ms
 168: 0.214500ms
 169: 0.202623ms
 170: 0.200774ms
 171: 0.214486ms
 172: 0.205908ms
 173: 0.224353ms
 174: 0.214055ms
 175: 0.204639ms
 176: 0.205376ms
 177: 0.200413ms
 178: 0.205812ms
 179: 0.200630ms
 180: 0.209705ms
 181: 0.229234ms
 182: 0.214796ms
 183: 0.203495ms
 184: 0.210316ms
 185: 0.211616ms
 186: 0.202817ms
 187: 0.206100ms
 188: 0.213508ms
 189: 0.205672ms
 190: 0.204909ms
 191: 0.205195ms
 192: 0.200217ms
 193: 0.346744ms
 194: 0.207599ms
 195: 0.202947ms
 196: 0.205362ms
 197: 0.202177ms
 198: 0.231282ms
 199: 0.210270ms


-- Real : Q1: 50 Q2: 100 Q3: 150
-- Array: Q1: 49 Q2: 99 Q3: 149
Printing sorted runtimes:
 0: 0.204435ms
 1: 0.200518ms
 2: 0.202177ms
 3: 0.202947ms
 4: 0.200217ms
 5: 0.202817ms
 6: 0.203495ms
 7: 0.200630ms
 8: 0.200413ms
 9: 0.202901ms
 10: 0.200774ms
 11: 0.202623ms
 12: 0.203027ms
 13: 0.202498ms
 14: 0.202777ms
 15: 0.202000ms
 16: 0.201366ms
 17: 0.202578ms
 18: 0.200792ms
 19: 0.202532ms
 20: 0.201363ms
 21: 0.200307ms
 22: 0.201043ms
 23: 0.202311ms
 24: 0.202772ms
 25: 0.200841ms
 26: 0.201327ms
 27: 0.202254ms
 28: 0.200303ms
 29: 0.202212ms
 30: 0.201129ms
 31: 0.202016ms
 32: 0.203803ms
 33: 0.203113ms
 34: 0.202826ms
 35: 0.199514ms
 36: 0.202631ms
 37: 0.200616ms
 38: 0.203587ms
 39: 0.202450ms
 40: 0.202916ms
 41: 0.204901ms
 42: 0.204457ms
 43: 0.204639ms
 44: 0.204636ms
 45: 0.204814ms
 46: 0.204764ms
 47: 0.204761ms
 48: 0.204730ms
 49: 0.204909ms
 50: 0.204971ms
 51: 0.208100ms
 52: 0.205874ms
 53: 0.205195ms
 54: 0.206031ms
 55: 0.205356ms
 56: 0.205433ms
 57: 0.205812ms
 58: 0.205435ms
 59: 0.205376ms
 60: 0.205362ms
 61: 0.205844ms
 62: 0.205908ms
 63: 0.205700ms
 64: 0.205427ms
 65: 0.205003ms
 66: 0.205672ms
 67: 0.204974ms
 68: 0.206367ms
 69: 0.206217ms
 70: 0.207790ms
 71: 0.207599ms
 72: 0.206302ms
 73: 0.206208ms
 74: 0.206749ms
 75: 0.207409ms
 76: 0.206103ms
 77: 0.206592ms
 78: 0.208051ms
 79: 0.206100ms
 80: 0.207899ms
 81: 0.207316ms
 82: 0.207080ms
 83: 0.206055ms
 84: 0.209063ms
 85: 0.208991ms
 86: 0.208507ms
 87: 0.209027ms
 88: 0.208109ms
 89: 0.208914ms
 90: 0.208916ms
 91: 0.209020ms
 92: 0.208133ms
 93: 0.208752ms
 94: 0.208775ms
 95: 0.208881ms
 96: 0.208116ms
 97: 0.208695ms
 98: 0.209091ms
 99: 0.209065ms
 100: 0.209130ms
 101: 0.214394ms
 102: 0.209302ms
 103: 0.209302ms
 104: 0.209522ms
 105: 0.209705ms
 106: 0.209901ms
 107: 0.210103ms
 108: 0.210217ms
 109: 0.209908ms
 110: 0.210087ms
 111: 0.209590ms
 112: 0.210270ms
 113: 0.213156ms
 114: 0.211055ms
 115: 0.211356ms
 116: 0.213508ms
 117: 0.211208ms
 118: 0.211227ms
 119: 0.211553ms
 120: 0.211616ms
 121: 0.210316ms
 122: 0.213699ms
 123: 0.212955ms
 124: 0.213574ms
 125: 0.211383ms
 126: 0.212606ms
 127: 0.214055ms
 128: 0.211355ms
 129: 0.211537ms
 130: 0.211922ms
 131: 0.211947ms
 132: 0.210829ms
 133: 0.213817ms
 134: 0.212288ms
 135: 0.214040ms
 136: 0.213286ms
 137: 0.211306ms
 138: 0.212867ms
 139: 0.214051ms
 140: 0.212260ms
 141: 0.210285ms
 142: 0.214347ms
 143: 0.213210ms
 144: 0.210854ms
 145: 0.214063ms
 146: 0.209288ms
 147: 0.211577ms
 148: 0.211226ms
 149: 0.210392ms
 150: 0.214486ms
 151: 0.214500ms
 152: 0.214564ms
 153: 0.214872ms
 154: 0.214796ms
 155: 0.214939ms
 156: 0.338644ms
 157: 0.247104ms
 158: 0.217373ms
 159: 0.222360ms
 160: 0.219781ms
 161: 0.235838ms
 162: 0.225619ms
 163: 0.228533ms
 164: 0.215189ms
 165: 0.325502ms
 166: 0.251828ms
 167: 0.215398ms
 168: 0.334164ms
 169: 0.339193ms
 170: 0.241469ms
 171: 0.215909ms
 172: 0.221917ms
 173: 0.224353ms
 174: 0.217096ms
 175: 0.222942ms
 176: 0.225500ms
 177: 0.215888ms
 178: 0.222439ms
 179: 0.219261ms
 180: 0.224167ms
 181: 0.229234ms
 182: 0.239657ms
 183: 0.217494ms
 184: 0.333699ms
 185: 0.216688ms
 186: 0.215552ms
 187: 0.238597ms
 188: 0.231282ms
 189: 0.341537ms
 190: 0.351298ms
 191: 0.357702ms
 192: 0.357299ms
 193: 0.346744ms
 194: 0.342958ms
 195: 0.349294ms
 196: 0.362892ms
 197: 0.349516ms
 198: 0.360848ms
 199: 0.352954ms


Measurements
--------------------------
FFT Size            : 51^3
Threads             : 21
Batch               : 1
Iterations          : 200
Avg Tot Runtime     : 0.221036 ms
Runtime per batch   : 0.221036 ms
SD                  : 0.038020 ms
Q1                  : 0.204909 ms
Median              : 0.209098 ms
Q3                  : 0.214394 ms
