Expm 2: Streaming FFT

Printing individual runtimes:
 0: 0.445450ms
 1: 0.150726ms
 2: 0.196346ms
 3: 0.983134ms
 4: 0.178050ms
 5: 0.150968ms
 6: 0.168641ms
 7: 0.145700ms
 8: 0.199375ms
 9: 0.146991ms
 10: 0.373030ms
 11: 0.176034ms
 12: 0.149274ms
 13: 0.152306ms
 14: 0.495461ms
 15: 0.176267ms
 16: 0.147837ms
 17: 0.152486ms
 18: 0.180250ms
 19: 0.146169ms
 20: 0.332636ms
 21: 0.180640ms
 22: 0.151806ms
 23: 0.149476ms
 24: 0.171837ms
 25: 0.147540ms
 26: 0.161931ms
 27: 0.418715ms
 28: 0.152917ms
 29: 0.168241ms
 30: 0.150486ms
 31: 0.148831ms
 32: 0.193109ms
 33: 0.153183ms
 34: 0.347092ms
 35: 0.158797ms
 36: 0.147466ms
 37: 0.154016ms
 38: 0.156650ms
 39: 0.151773ms
 40: 0.152645ms
 41: 0.150399ms
 42: 0.152308ms
 43: 0.148476ms
 44: 0.357736ms
 45: 0.150677ms
 46: 0.150342ms
 47: 0.157262ms
 48: 0.163969ms
 49: 0.158682ms
 50: 0.156786ms
 51: 0.171227ms
 52: 0.149496ms
 53: 0.152558ms
 54: 0.155973ms
 55: 0.350819ms
 56: 0.160515ms
 57: 0.159167ms
 58: 0.351659ms
 59: 0.154338ms
 60: 0.153335ms
 61: 0.350999ms
 62: 0.162921ms
 63: 0.165188ms
 64: 0.326919ms
 65: 0.157926ms
 66: 0.148381ms
 67: 0.174247ms
 68: 0.150134ms
 69: 0.152247ms
 70: 0.149497ms
 71: 0.152945ms
 72: 0.146838ms
 73: 0.155393ms
 74: 0.154562ms
 75: 0.153696ms
 76: 0.153816ms
 77: 0.148718ms
 78: 0.157362ms
 79: 0.173100ms
 80: 0.151527ms
 81: 0.163974ms
 82: 0.150844ms
 83: 0.351596ms
 84: 0.148365ms
 85: 0.150308ms
 86: 0.148418ms
 87: 0.157252ms
 88: 0.182492ms
 89: 0.144383ms
 90: 0.147491ms
 91: 0.352993ms
 92: 0.153627ms
 93: 0.145751ms
 94: 0.147514ms
 95: 0.150795ms
 96: 0.154665ms
 97: 0.153834ms
 98: 0.375686ms
 99: 0.156117ms
 100: 0.145568ms
 101: 0.147213ms
 102: 0.183208ms
 103: 0.154607ms
 104: 0.151749ms
 105: 0.153610ms
 106: 0.160639ms
 107: 1.679025ms
 108: 0.175544ms
 109: 0.155905ms
 110: 0.151913ms
 111: 0.153543ms
 112: 0.147986ms
 113: 0.153378ms
 114: 0.145465ms
 115: 0.180312ms
 116: 0.346712ms
 117: 0.154924ms
 118: 0.173178ms
 119: 0.176202ms
 120: 0.154890ms
 121: 0.161526ms
 122: 0.193029ms
 123: 0.158995ms
 124: 0.333918ms
 125: 0.149809ms
 126: 0.148742ms
 127: 0.198957ms
 128: 0.147941ms
 129: 0.146827ms
 130: 0.153452ms
 131: 0.150850ms
 132: 0.151172ms
 133: 0.154544ms
 134: 0.174749ms
 135: 0.151570ms
 136: 0.152915ms
 137: 0.151093ms
 138: 0.154407ms
 139: 0.154751ms
 140: 0.154520ms
 141: 0.161724ms
 142: 0.149022ms
 143: 0.182146ms
 144: 0.153035ms
 145: 0.152875ms
 146: 0.150764ms
 147: 0.166735ms
 148: 0.148384ms
 149: 0.147604ms
 150: 0.195244ms
 151: 0.150854ms
 152: 0.152809ms
 153: 0.149269ms
 154: 0.154833ms
 155: 0.157077ms
 156: 0.166469ms
 157: 0.153309ms
 158: 0.146487ms
 159: 0.396922ms
 160: 0.146552ms
 161: 0.149613ms
 162: 0.150391ms
 163: 0.147183ms
 164: 0.154919ms
 165: 0.150290ms
 166: 0.149499ms
 167: 0.153726ms
 168: 0.150111ms
 169: 0.152936ms
 170: 0.152638ms
 171: 0.148525ms
 172: 0.146970ms
 173: 0.153698ms
 174: 0.148617ms
 175: 0.148780ms
 176: 0.170429ms
 177: 0.153672ms
 178: 0.147042ms
 179: 0.151729ms
 180: 0.159516ms
 181: 0.146514ms
 182: 0.147341ms
 183: 0.152147ms
 184: 0.161355ms
 185: 0.147892ms
 186: 0.173283ms
 187: 0.383935ms
 188: 0.158313ms
 189: 0.155733ms
 190: 0.192151ms
 191: 0.147330ms
 192: 0.153452ms
 193: 0.146222ms
 194: 0.172500ms
 195: 0.159753ms
 196: 0.397775ms
 197: 0.145652ms
 198: 0.158753ms
 199: 0.172639ms


-- Real : Q1: 50 Q2: 100 Q3: 150
-- Array: Q1: 49 Q2: 99 Q3: 149
Printing sorted runtimes:
 0: 0.148381ms
 1: 0.145652ms
 2: 0.146222ms
 3: 0.147330ms
 4: 0.147892ms
 5: 0.147341ms
 6: 0.146514ms
 7: 0.145700ms
 8: 0.147042ms
 9: 0.146991ms
 10: 0.146838ms
 11: 0.148365ms
 12: 0.144383ms
 13: 0.146970ms
 14: 0.147491ms
 15: 0.145751ms
 16: 0.147837ms
 17: 0.147514ms
 18: 0.145568ms
 19: 0.146169ms
 20: 0.147183ms
 21: 0.147213ms
 22: 0.147986ms
 23: 0.145465ms
 24: 0.146552ms
 25: 0.147540ms
 26: 0.146487ms
 27: 0.147466ms
 28: 0.147604ms
 29: 0.147941ms
 30: 0.146827ms
 31: 0.149499ms
 32: 0.149022ms
 33: 0.149497ms
 34: 0.148384ms
 35: 0.148742ms
 36: 0.149269ms
 37: 0.148780ms
 38: 0.149476ms
 39: 0.148718ms
 40: 0.148617ms
 41: 0.149496ms
 42: 0.148418ms
 43: 0.148476ms
 44: 0.149274ms
 45: 0.148831ms
 46: 0.148525ms
 47: 0.150111ms
 48: 0.149613ms
 49: 0.149809ms
 50: 0.150134ms
 51: 0.150854ms
 52: 0.150308ms
 53: 0.150342ms
 54: 0.150391ms
 55: 0.150399ms
 56: 0.150486ms
 57: 0.150677ms
 58: 0.150726ms
 59: 0.150795ms
 60: 0.150290ms
 61: 0.150850ms
 62: 0.150844ms
 63: 0.150764ms
 64: 0.152558ms
 65: 0.151749ms
 66: 0.152306ms
 67: 0.151913ms
 68: 0.152308ms
 69: 0.152247ms
 70: 0.151773ms
 71: 0.152147ms
 72: 0.152486ms
 73: 0.151806ms
 74: 0.151172ms
 75: 0.151570ms
 76: 0.151093ms
 77: 0.150968ms
 78: 0.151729ms
 79: 0.151527ms
 80: 0.152936ms
 81: 0.152917ms
 82: 0.152809ms
 83: 0.152875ms
 84: 0.152645ms
 85: 0.152638ms
 86: 0.152915ms
 87: 0.153696ms
 88: 0.153610ms
 89: 0.153309ms
 90: 0.152945ms
 91: 0.153452ms
 92: 0.153627ms
 93: 0.153183ms
 94: 0.153335ms
 95: 0.153452ms
 96: 0.153378ms
 97: 0.153035ms
 98: 0.153672ms
 99: 0.153543ms
 100: 0.153698ms
 101: 0.157077ms
 102: 0.153834ms
 103: 0.153816ms
 104: 0.154016ms
 105: 0.154607ms
 106: 0.154833ms
 107: 0.153726ms
 108: 0.155973ms
 109: 0.155905ms
 110: 0.154562ms
 111: 0.156117ms
 112: 0.155393ms
 113: 0.154665ms
 114: 0.156650ms
 115: 0.154338ms
 116: 0.155733ms
 117: 0.154924ms
 118: 0.154919ms
 119: 0.154520ms
 120: 0.154890ms
 121: 0.154751ms
 122: 0.154407ms
 123: 0.156786ms
 124: 0.154544ms
 125: 0.161355ms
 126: 0.158797ms
 127: 0.160639ms
 128: 0.158753ms
 129: 0.157262ms
 130: 0.157926ms
 131: 0.157362ms
 132: 0.158682ms
 133: 0.159753ms
 134: 0.159167ms
 135: 0.160515ms
 136: 0.157252ms
 137: 0.158995ms
 138: 0.158313ms
 139: 0.159516ms
 140: 0.168241ms
 141: 0.161724ms
 142: 0.162921ms
 143: 0.165188ms
 144: 0.166469ms
 145: 0.163969ms
 146: 0.163974ms
 147: 0.166735ms
 148: 0.161526ms
 149: 0.161931ms
 150: 0.168641ms
 151: 0.170429ms
 152: 0.171837ms
 153: 0.171227ms
 154: 0.172500ms
 155: 0.172639ms
 156: 0.418715ms
 157: 0.195244ms
 158: 0.173100ms
 159: 0.396922ms
 160: 0.351596ms
 161: 0.182146ms
 162: 0.180640ms
 163: 0.332636ms
 164: 0.193109ms
 165: 0.180250ms
 166: 0.350819ms
 167: 0.182492ms
 168: 0.176267ms
 169: 0.174749ms
 170: 0.174247ms
 171: 0.495461ms
 172: 0.351659ms
 173: 0.352993ms
 174: 0.176034ms
 175: 0.373030ms
 176: 0.347092ms
 177: 0.326919ms
 178: 0.199375ms
 179: 0.198957ms
 180: 0.357736ms
 181: 0.333918ms
 182: 0.193029ms
 183: 0.350999ms
 184: 0.176202ms
 185: 0.178050ms
 186: 0.173283ms
 187: 0.383935ms
 188: 0.173178ms
 189: 0.346712ms
 190: 0.192151ms
 191: 0.983134ms
 192: 0.180312ms
 193: 0.196346ms
 194: 0.375686ms
 195: 0.183208ms
 196: 0.397775ms
 197: 0.445450ms
 198: 0.175544ms
 199: 1.679025ms


Measurements
--------------------------
FFT Size            : 51^3
Threads             : 26
Batch               : 1
Iterations          : 200
Avg Tot Runtime     : 0.189385 ms
Runtime per batch   : 0.189385 ms
SD                  : 0.136654 ms
Q1                  : 0.149809 ms
Median              : 0.153620 ms
Q3                  : 0.161931 ms
