Expm 2: Streaming FFTW
FFTW Plan: Patient
-- Cannot import wisdom from ../../wisdom/singlenode/all/641/fftw_641_t37_b1.patient
-- Exporting wisdom file to ../../wisdom/singlenode/all/641/fftw_641_t37_b1.patient
Iteration: 0, 1, 2, 3, 4, 5, 6, 7, 8, 9, 10, 11, 12, 13, 14, 15, 16, 17, 18, 19, 20, 21, 22, 23, 24, 25, 26, 27, 28, 29, 30, 31, 32, 33, 34, 35, 36, 37, 38, 39, 40, 41, 42, 43, 44, 45, 46, 47, 48, 49, 
Printing individual runtimes:
 0: 418.608923ms
 1: 388.698394ms
 2: 402.479062ms
 3: 396.935921ms
 4: 387.594708ms
 5: 701.368154ms
 6: 579.279870ms
 7: 393.923235ms
 8: 396.273900ms
 9: 394.516596ms
 10: 395.359449ms
 11: 398.753332ms
 12: 807.460205ms
 13: 651.528863ms
 14: 453.519975ms
 15: 402.230376ms
 16: 402.389436ms
 17: 398.109788ms
 18: 396.840037ms
 19: 396.103921ms
 20: 393.469234ms
 21: 399.144571ms
 22: 401.025756ms
 23: 396.286186ms
 24: 395.440975ms
 25: 521.859052ms
 26: 625.084871ms
 27: 662.036392ms
 28: 528.153044ms
 29: 554.206618ms
 30: 655.828050ms
 31: 685.539975ms
 32: 572.796369ms
 33: 406.205381ms
 34: 375.200276ms
 35: 385.528451ms
 36: 736.859439ms
 37: 416.210273ms
 38: 492.761386ms
 39: 531.992650ms
 40: 398.725905ms
 41: 379.761335ms
 42: 702.028023ms
 43: 648.461798ms
 44: 598.711421ms
 45: 367.682117ms
 46: 523.706636ms
 47: 803.089209ms
 48: 708.014230ms
 49: 485.003478ms


Measurements
--------------------------
FFT Size            : 641^3
Threads             : 37
Batch               : 1
Iterations          : 50
Avg Tot Runtime     : 498.255745 ms
Runtime per batch   : 498.255745 ms
SD                  : 129.529855 ms
Throughput          : 35.285639 GFLOPs
Plan Time           : 1557.900730 sec
