Expm 2: Streaming FFTW
FFTW Plan: Patient
-- Cannot import wisdom from ../../wisdom/singlenode/all/179/fftw_179_t38_b1.patient
-- Exporting wisdom file to ../../wisdom/singlenode/all/179/fftw_179_t38_b1.patient
Iteration: 0, 1, 2, 3, 4, 5, 6, 7, 8, 9, 10, 11, 12, 13, 14, 15, 16, 17, 18, 19, 20, 21, 22, 23, 24, 25, 26, 27, 28, 29, 30, 31, 32, 33, 34, 35, 36, 37, 38, 39, 40, 41, 42, 43, 44, 45, 46, 47, 48, 49, 
Printing individual runtimes:
 0: 11.980042ms
 1: 10.568282ms
 2: 8.813991ms
 3: 10.021685ms
 4: 8.935519ms
 5: 10.811939ms
 6: 10.317402ms
 7: 10.939513ms
 8: 10.063947ms
 9: 8.814705ms
 10: 9.765930ms
 11: 10.755831ms
 12: 9.282200ms
 13: 8.969859ms
 14: 9.026892ms
 15: 10.133300ms
 16: 10.872632ms
 17: 9.325205ms
 18: 9.688800ms
 19: 9.629576ms
 20: 9.868000ms
 21: 10.768045ms
 22: 8.672229ms
 23: 10.047333ms
 24: 8.811470ms
 25: 8.633786ms
 26: 10.622273ms
 27: 9.212036ms
 28: 9.057054ms
 29: 10.484932ms
 30: 8.707110ms
 31: 9.759531ms
 32: 8.801124ms
 33: 9.149609ms
 34: 10.230966ms
 35: 8.619112ms
 36: 9.604780ms
 37: 9.812526ms
 38: 9.614493ms
 39: 9.285979ms
 40: 8.830421ms
 41: 8.683563ms
 42: 8.823199ms
 43: 9.408359ms
 44: 9.167963ms
 45: 8.764884ms
 46: 10.258666ms
 47: 9.260285ms
 48: 10.982098ms
 49: 9.718936ms


Measurements
--------------------------
FFT Size            : 179^3
Threads             : 38
Batch               : 1
Iterations          : 50
Avg Tot Runtime     : 9.647560 ms
Runtime per batch   : 9.647560 ms
SD                  : 0.792944 ms
Throughput          : 0.768792 GFLOPs
Plan Time           : 258.984834 sec
