Expm 2: Streaming FFTW
FFTW Plan: Patient
-- Cannot import wisdom from ../../wisdom/singlenode/all/221/fftw_221_t38_b1.patient
-- Exporting wisdom file to ../../wisdom/singlenode/all/221/fftw_221_t38_b1.patient
Iteration: 0, 1, 2, 3, 4, 5, 6, 7, 8, 9, 10, 11, 12, 13, 14, 15, 16, 17, 18, 19, 20, 21, 22, 23, 24, 25, 26, 27, 28, 29, 30, 31, 32, 33, 34, 35, 36, 37, 38, 39, 40, 41, 42, 43, 44, 45, 46, 47, 48, 49, 
Printing individual runtimes:
 0: 13.512390ms
 1: 15.936552ms
 2: 13.506336ms
 3: 13.666111ms
 4: 13.658369ms
 5: 13.632292ms
 6: 14.001429ms
 7: 14.169804ms
 8: 13.361442ms
 9: 13.424597ms
 10: 13.149662ms
 11: 13.389947ms
 12: 13.455972ms
 13: 13.474666ms
 14: 26.558848ms
 15: 13.344393ms
 16: 13.544571ms
 17: 13.379582ms
 18: 13.776938ms
 19: 13.369506ms
 20: 14.560187ms
 21: 13.558019ms
 22: 13.498472ms
 23: 13.570289ms
 24: 13.328245ms
 25: 12.992714ms
 26: 13.430182ms
 27: 13.556416ms
 28: 13.717265ms
 29: 13.705206ms
 30: 13.315359ms
 31: 13.614490ms
 32: 13.208864ms
 33: 13.593075ms
 34: 13.569815ms
 35: 13.031148ms
 36: 14.041266ms
 37: 13.037305ms
 38: 13.311456ms
 39: 13.803982ms
 40: 13.736934ms
 41: 13.613665ms
 42: 13.703444ms
 43: 12.969225ms
 44: 13.510655ms
 45: 13.019243ms
 46: 13.740180ms
 47: 12.945922ms
 48: 13.363283ms
 49: 13.447336ms


Measurements
--------------------------
FFT Size            : 221^3
Threads             : 38
Batch               : 1
Iterations          : 50
Avg Tot Runtime     : 13.816141 ms
Runtime per batch   : 13.816141 ms
SD                  : 1.876521 ms
Throughput          : 1.098359 GFLOPs
Plan Time           : 57.280171 sec
