Expm 2: Streaming FFTW
FFTW Plan: Patient
-- Cannot import wisdom from ../../wisdom/singlenode/all/588/fftw_588_t40_b1.patient
-- Exporting wisdom file to ../../wisdom/singlenode/all/588/fftw_588_t40_b1.patient
Iteration: 0, 1, 2, 3, 4, 5, 6, 7, 8, 9, 10, 11, 12, 13, 14, 15, 16, 17, 18, 19, 20, 21, 22, 23, 24, 25, 26, 27, 28, 29, 30, 31, 32, 33, 34, 35, 36, 37, 38, 39, 40, 41, 42, 43, 44, 45, 46, 47, 48, 49, 
Printing individual runtimes:
 0: 170.489178ms
 1: 116.840457ms
 2: 153.477749ms
 3: 156.487438ms
 4: 147.820060ms
 5: 92.181725ms
 6: 92.027470ms
 7: 91.814717ms
 8: 91.855042ms
 9: 91.762965ms
 10: 155.522235ms
 11: 144.939104ms
 12: 93.107149ms
 13: 92.711660ms
 14: 165.600048ms
 15: 114.500292ms
 16: 126.804604ms
 17: 160.400912ms
 18: 122.026278ms
 19: 100.455541ms
 20: 88.907563ms
 21: 134.374706ms
 22: 164.868628ms
 23: 105.421810ms
 24: 96.376538ms
 25: 96.240804ms
 26: 96.585028ms
 27: 105.543332ms
 28: 100.049701ms
 29: 100.121903ms
 30: 164.059968ms
 31: 101.401853ms
 32: 100.483539ms
 33: 100.304627ms
 34: 101.736162ms
 35: 171.211178ms
 36: 100.365755ms
 37: 100.104426ms
 38: 101.116673ms
 39: 167.126543ms
 40: 101.205539ms
 41: 173.844255ms
 42: 100.889658ms
 43: 161.120584ms
 44: 103.712784ms
 45: 100.982278ms
 46: 100.755108ms
 47: 100.747242ms
 48: 100.885731ms
 49: 105.238908ms


Measurements
--------------------------
FFT Size            : 588^3
Threads             : 40
Batch               : 1
Iterations          : 50
Avg Tot Runtime     : 118.532149 ms
Runtime per batch   : 118.532149 ms
SD                  : 28.229896 ms
Throughput          : 4.446788 GFLOPs
Plan Time           : 928.021478 sec
