Expm 2: Streaming FFTW
FFTW Plan: Patient
-- Cannot import wisdom from ../../wisdom/singlenode/all/588/fftw_588_t39_b1.patient
-- Exporting wisdom file to ../../wisdom/singlenode/all/588/fftw_588_t39_b1.patient
Iteration: 0, 1, 2, 3, 4, 5, 6, 7, 8, 9, 10, 11, 12, 13, 14, 15, 16, 17, 18, 19, 20, 21, 22, 23, 24, 25, 26, 27, 28, 29, 30, 31, 32, 33, 34, 35, 36, 37, 38, 39, 40, 41, 42, 43, 44, 45, 46, 47, 48, 49, 
Printing individual runtimes:
 0: 283.605735ms
 1: 282.724433ms
 2: 170.535784ms
 3: 240.090362ms
 4: 267.654849ms
 5: 272.370233ms
 6: 189.810394ms
 7: 147.328728ms
 8: 147.813865ms
 9: 192.145021ms
 10: 150.148178ms
 11: 206.497640ms
 12: 227.409637ms
 13: 183.776312ms
 14: 147.961149ms
 15: 134.184618ms
 16: 128.927632ms
 17: 128.289832ms
 18: 173.449056ms
 19: 128.645050ms
 20: 128.594067ms
 21: 128.706392ms
 22: 128.572317ms
 23: 129.130413ms
 24: 128.753945ms
 25: 128.607308ms
 26: 128.889057ms
 27: 128.860943ms
 28: 292.132235ms
 29: 129.208863ms
 30: 129.125506ms
 31: 129.283074ms
 32: 128.972584ms
 33: 129.076211ms
 34: 128.696438ms
 35: 129.198979ms
 36: 129.098651ms
 37: 129.129657ms
 38: 129.102891ms
 39: 129.016305ms
 40: 129.323484ms
 41: 129.112620ms
 42: 129.329400ms
 43: 129.225225ms
 44: 128.990734ms
 45: 129.022696ms
 46: 128.523515ms
 47: 164.118956ms
 48: 170.687085ms
 49: 128.274658ms


Measurements
--------------------------
FFT Size            : 588^3
Threads             : 39
Batch               : 1
Iterations          : 50
Avg Tot Runtime     : 158.242654 ms
Runtime per batch   : 158.242654 ms
SD                  : 48.597364 ms
Throughput          : 3.610950 GFLOPs
Plan Time           : 991.089883 sec
