Expm 2: Streaming FFTW
FFTW Plan: Patient
-- Cannot import wisdom from ../../wisdom/singlenode/all/324/fftw_324_t36_b1.patient
-- Exporting wisdom file to ../../wisdom/singlenode/all/324/fftw_324_t36_b1.patient
Iteration: 0, 1, 2, 3, 4, 5, 6, 7, 8, 9, 10, 11, 12, 13, 14, 15, 16, 17, 18, 19, 20, 21, 22, 23, 24, 25, 26, 27, 28, 29, 30, 31, 32, 33, 34, 35, 36, 37, 38, 39, 40, 41, 42, 43, 44, 45, 46, 47, 48, 49, 
Printing individual runtimes:
 0: 26.895085ms
 1: 18.777146ms
 2: 19.178613ms
 3: 19.069148ms
 4: 25.793260ms
 5: 18.527690ms
 6: 18.777791ms
 7: 18.770591ms
 8: 18.746301ms
 9: 18.026505ms
 10: 14.051337ms
 11: 13.994836ms
 12: 14.025639ms
 13: 23.813496ms
 14: 23.210956ms
 15: 13.932065ms
 16: 13.995440ms
 17: 13.908510ms
 18: 14.028588ms
 19: 13.979974ms
 20: 23.173296ms
 21: 14.045465ms
 22: 14.050482ms
 23: 14.066369ms
 24: 14.230686ms
 25: 14.244474ms
 26: 14.186053ms
 27: 14.315255ms
 28: 15.518827ms
 29: 13.980085ms
 30: 14.180284ms
 31: 14.094783ms
 32: 14.098523ms
 33: 14.110443ms
 34: 14.092596ms
 35: 14.111738ms
 36: 14.078397ms
 37: 14.141386ms
 38: 14.054784ms
 39: 14.120626ms
 40: 14.072622ms
 41: 36.571219ms
 42: 14.465695ms
 43: 14.258971ms
 44: 14.256068ms
 45: 14.453766ms
 46: 14.228371ms
 47: 14.289797ms
 48: 14.241287ms
 49: 14.013173ms


Measurements
--------------------------
FFT Size            : 324^3
Threads             : 36
Batch               : 1
Iterations          : 50
Avg Tot Runtime     : 16.384970 ms
Runtime per batch   : 16.384970 ms
SD                  : 4.425701 ms
Throughput          : 0.558367 GFLOPs
Plan Time           : 280.310619 sec
