Expm 2: Streaming FFT

Printing individual runtimes:
 0: 0.241579ms
 1: 0.073478ms
 2: 0.071285ms
 3: 0.240263ms
 4: 0.053786ms
 5: 0.289649ms
 6: 0.054069ms
 7: 0.053564ms
 8: 0.044598ms
 9: 0.138822ms
 10: 0.044222ms
 11: 0.142443ms
 12: 0.045752ms
 13: 0.056799ms
 14: 0.175361ms
 15: 0.051871ms
 16: 0.214074ms
 17: 0.050080ms
 18: 0.126384ms
 19: 0.041922ms
 20: 0.062275ms
 21: 0.094810ms
 22: 0.053489ms
 23: 0.045304ms
 24: 0.132295ms
 25: 0.047935ms
 26: 0.268361ms
 27: 0.041025ms
 28: 0.062348ms
 29: 0.049657ms
 30: 0.150217ms
 31: 0.072092ms
 32: 0.078616ms
 33: 0.069717ms
 34: 0.143086ms
 35: 0.069671ms
 36: 0.059035ms
 37: 0.057912ms
 38: 0.131437ms
 39: 0.056536ms
 40: 0.068331ms
 41: 0.069711ms
 42: 0.071270ms
 43: 0.163150ms
 44: 0.075117ms
 45: 0.078326ms
 46: 0.070022ms
 47: 0.058280ms
 48: 0.130555ms
 49: 0.074705ms
 50: 0.055754ms
 51: 0.069957ms
 52: 0.071701ms
 53: 0.073662ms
 54: 0.050917ms
 55: 0.124261ms
 56: 0.064026ms
 57: 0.069274ms
 58: 0.059837ms
 59: 0.061167ms
 60: 0.132242ms
 61: 0.057677ms
 62: 0.069902ms
 63: 0.068194ms
 64: 0.059943ms
 65: 0.125566ms
 66: 0.076507ms
 67: 0.064057ms
 68: 0.058379ms
 69: 0.078179ms
 70: 0.073341ms
 71: 0.133152ms
 72: 0.072828ms
 73: 0.069027ms
 74: 0.058490ms
 75: 0.075690ms
 76: 0.058656ms
 77: 0.069940ms
 78: 0.160793ms
 79: 0.071182ms
 80: 0.067509ms
 81: 0.062860ms
 82: 0.060689ms
 83: 0.071712ms
 84: 0.043863ms
 85: 0.059503ms
 86: 0.073082ms
 87: 0.072364ms
 88: 0.066582ms
 89: 0.059887ms
 90: 0.057279ms
 91: 0.132449ms
 92: 0.053399ms
 93: 0.070613ms
 94: 0.056637ms
 95: 0.058259ms
 96: 0.085296ms
 97: 0.056594ms
 98: 0.071598ms
 99: 0.073453ms
 100: 0.077041ms
 101: 0.057565ms
 102: 0.068285ms
 103: 0.070354ms
 104: 0.058526ms
 105: 0.068829ms
 106: 0.176138ms
 107: 0.070443ms
 108: 0.070148ms
 109: 0.070083ms
 110: 0.073578ms
 111: 0.075870ms
 112: 0.071478ms
 113: 0.059042ms
 114: 0.078973ms
 115: 0.071204ms
 116: 0.069024ms
 117: 0.062803ms
 118: 0.056701ms
 119: 0.068905ms
 120: 0.129978ms
 121: 0.067955ms
 122: 0.070013ms
 123: 0.069435ms
 124: 0.072907ms
 125: 0.066313ms
 126: 0.072214ms
 127: 0.064525ms
 128: 0.059573ms
 129: 0.070333ms
 130: 0.069340ms
 131: 0.070853ms
 132: 0.077596ms
 133: 0.070190ms
 134: 0.072285ms
 135: 0.077986ms
 136: 0.123963ms
 137: 0.072752ms
 138: 0.058453ms
 139: 0.071955ms
 140: 0.095703ms
 141: 0.067747ms
 142: 0.076735ms
 143: 0.073579ms
 144: 0.068862ms
 145: 0.080952ms
 146: 0.076621ms
 147: 0.075572ms
 148: 0.070349ms
 149: 0.074369ms
 150: 0.070617ms
 151: 0.058822ms
 152: 0.056473ms
 153: 0.058993ms
 154: 0.130063ms
 155: 0.066466ms
 156: 0.071784ms
 157: 0.064422ms
 158: 0.069406ms
 159: 0.075262ms
 160: 0.077389ms
 161: 0.071193ms
 162: 0.069600ms
 163: 0.071365ms
 164: 0.057666ms
 165: 0.076353ms
 166: 0.073355ms
 167: 0.059802ms
 168: 0.151832ms
 169: 0.058629ms
 170: 0.070176ms
 171: 0.070776ms
 172: 0.070325ms
 173: 0.069208ms
 174: 0.074337ms
 175: 0.078074ms
 176: 0.058012ms
 177: 0.071294ms
 178: 0.062479ms
 179: 0.073448ms
 180: 0.068836ms
 181: 0.079861ms
 182: 0.132834ms
 183: 0.053734ms
 184: 0.072409ms
 185: 0.061107ms
 186: 0.070380ms
 187: 0.066509ms
 188: 0.052570ms
 189: 0.072378ms
 190: 0.045381ms
 191: 0.076849ms
 192: 0.056516ms
 193: 0.080457ms
 194: 0.058159ms
 195: 0.055421ms
 196: 0.074846ms
 197: 0.072990ms
 198: 0.070162ms
 199: 0.060810ms


-- Real : Q1: 50 Q2: 100 Q3: 150
-- Array: Q1: 49 Q2: 99 Q3: 149
Printing sorted runtimes:
 0: 0.059035ms
 1: 0.058490ms
 2: 0.058453ms
 3: 0.057666ms
 4: 0.053786ms
 5: 0.058656ms
 6: 0.054069ms
 7: 0.053564ms
 8: 0.044598ms
 9: 0.055421ms
 10: 0.044222ms
 11: 0.058159ms
 12: 0.045752ms
 13: 0.056799ms
 14: 0.056516ms
 15: 0.051871ms
 16: 0.045381ms
 17: 0.050080ms
 18: 0.058379ms
 19: 0.041922ms
 20: 0.058629ms
 21: 0.052570ms
 22: 0.053489ms
 23: 0.045304ms
 24: 0.057677ms
 25: 0.047935ms
 26: 0.058822ms
 27: 0.041025ms
 28: 0.043863ms
 29: 0.049657ms
 30: 0.050917ms
 31: 0.056701ms
 32: 0.057279ms
 33: 0.056473ms
 34: 0.053734ms
 35: 0.053399ms
 36: 0.055754ms
 37: 0.057912ms
 38: 0.058993ms
 39: 0.056536ms
 40: 0.056637ms
 41: 0.058526ms
 42: 0.057565ms
 43: 0.058012ms
 44: 0.058280ms
 45: 0.056594ms
 46: 0.058259ms
 47: 0.059503ms
 48: 0.059042ms
 49: 0.059573ms
 50: 0.059802ms
 51: 0.069711ms
 52: 0.060810ms
 53: 0.059887ms
 54: 0.060689ms
 55: 0.059943ms
 56: 0.061107ms
 57: 0.062275ms
 58: 0.062348ms
 59: 0.061167ms
 60: 0.062479ms
 61: 0.066509ms
 62: 0.064026ms
 63: 0.062860ms
 64: 0.066582ms
 65: 0.062803ms
 66: 0.067747ms
 67: 0.064057ms
 68: 0.066313ms
 69: 0.067509ms
 70: 0.064525ms
 71: 0.066466ms
 72: 0.064422ms
 73: 0.069027ms
 74: 0.068285ms
 75: 0.069340ms
 76: 0.059837ms
 77: 0.068829ms
 78: 0.069600ms
 79: 0.069435ms
 80: 0.068862ms
 81: 0.068194ms
 82: 0.068331ms
 83: 0.069406ms
 84: 0.069208ms
 85: 0.069274ms
 86: 0.067955ms
 87: 0.068905ms
 88: 0.069024ms
 89: 0.068836ms
 90: 0.069671ms
 91: 0.069957ms
 92: 0.069717ms
 93: 0.069940ms
 94: 0.069902ms
 95: 0.070148ms
 96: 0.070013ms
 97: 0.070022ms
 98: 0.070083ms
 99: 0.070162ms
 100: 0.070176ms
 101: 0.072907ms
 102: 0.070190ms
 103: 0.070333ms
 104: 0.070354ms
 105: 0.071270ms
 106: 0.071784ms
 107: 0.070443ms
 108: 0.072285ms
 109: 0.071598ms
 110: 0.071294ms
 111: 0.070613ms
 112: 0.071478ms
 113: 0.071193ms
 114: 0.071701ms
 115: 0.071204ms
 116: 0.070776ms
 117: 0.070617ms
 118: 0.072092ms
 119: 0.072364ms
 120: 0.070380ms
 121: 0.070349ms
 122: 0.071712ms
 123: 0.071182ms
 124: 0.070853ms
 125: 0.071285ms
 126: 0.072214ms
 127: 0.071365ms
 128: 0.071955ms
 129: 0.072378ms
 130: 0.070325ms
 131: 0.072828ms
 132: 0.072409ms
 133: 0.072752ms
 134: 0.073082ms
 135: 0.072990ms
 136: 0.073579ms
 137: 0.073448ms
 138: 0.073341ms
 139: 0.073453ms
 140: 0.073478ms
 141: 0.073355ms
 142: 0.073578ms
 143: 0.075262ms
 144: 0.073662ms
 145: 0.075117ms
 146: 0.074705ms
 147: 0.074846ms
 148: 0.074337ms
 149: 0.074369ms
 150: 0.075572ms
 151: 0.076621ms
 152: 0.076849ms
 153: 0.075870ms
 154: 0.076507ms
 155: 0.076735ms
 156: 0.076353ms
 157: 0.077041ms
 158: 0.075690ms
 159: 0.077596ms
 160: 0.077389ms
 161: 0.132449ms
 162: 0.160793ms
 163: 0.085296ms
 164: 0.133152ms
 165: 0.176138ms
 166: 0.078179ms
 167: 0.130063ms
 168: 0.151832ms
 169: 0.125566ms
 170: 0.132242ms
 171: 0.124261ms
 172: 0.078973ms
 173: 0.129978ms
 174: 0.077986ms
 175: 0.078074ms
 176: 0.130555ms
 177: 0.078326ms
 178: 0.080952ms
 179: 0.163150ms
 180: 0.131437ms
 181: 0.079861ms
 182: 0.132834ms
 183: 0.143086ms
 184: 0.078616ms
 185: 0.150217ms
 186: 0.268361ms
 187: 0.132295ms
 188: 0.094810ms
 189: 0.126384ms
 190: 0.214074ms
 191: 0.123963ms
 192: 0.175361ms
 193: 0.080457ms
 194: 0.142443ms
 195: 0.138822ms
 196: 0.095703ms
 197: 0.289649ms
 198: 0.240263ms
 199: 0.241579ms


Measurements
--------------------------
FFT Size            : 26^3
Threads             : 38
Batch               : 1
Iterations          : 200
Avg Tot Runtime     : 0.079086 ms
Runtime per batch   : 0.079086 ms
SD                  : 0.037583 ms
Q1                  : 0.059573 ms
Median              : 0.070169 ms
Q3                  : 0.074369 ms
