Expm 2: Streaming FFT

Printing individual runtimes:
 0: 0.172403ms
 1: 0.036409ms
 2: 0.051862ms
 3: 0.146643ms
 4: 0.046760ms
 5: 0.049460ms
 6: 0.051589ms
 7: 0.045243ms
 8: 0.048346ms
 9: 0.047856ms
 10: 0.128526ms
 11: 0.061877ms
 12: 0.049713ms
 13: 0.048975ms
 14: 0.044399ms
 15: 0.048972ms
 16: 0.046974ms
 17: 0.138447ms
 18: 0.047253ms
 19: 0.054689ms
 20: 0.037291ms
 21: 0.046640ms
 22: 0.053959ms
 23: 0.036838ms
 24: 0.037888ms
 25: 0.056156ms
 26: 0.047878ms
 27: 0.046856ms
 28: 0.046490ms
 29: 0.055284ms
 30: 0.054131ms
 31: 0.138541ms
 32: 0.049997ms
 33: 0.044681ms
 34: 0.048037ms
 35: 0.037381ms
 36: 0.148194ms
 37: 0.051434ms
 38: 0.045510ms
 39: 0.047217ms
 40: 0.047148ms
 41: 0.049679ms
 42: 0.050060ms
 43: 0.045695ms
 44: 0.045244ms
 45: 0.046998ms
 46: 0.036968ms
 47: 0.046201ms
 48: 0.048723ms
 49: 0.046540ms
 50: 0.047552ms
 51: 0.044725ms
 52: 0.051321ms
 53: 0.047700ms
 54: 0.052297ms
 55: 0.048019ms
 56: 0.045674ms
 57: 0.047720ms
 58: 0.045083ms
 59: 0.050211ms
 60: 0.049582ms
 61: 0.045429ms
 62: 0.130011ms
 63: 0.047066ms
 64: 0.046914ms
 65: 0.045512ms
 66: 0.044312ms
 67: 0.051605ms
 68: 0.047358ms
 69: 0.064560ms
 70: 0.045605ms
 71: 0.051683ms
 72: 0.056063ms
 73: 0.046465ms
 74: 0.045289ms
 75: 0.058362ms
 76: 0.153642ms
 77: 0.043803ms
 78: 0.050759ms
 79: 0.045044ms
 80: 0.057278ms
 81: 0.044381ms
 82: 0.055439ms
 83: 0.045245ms
 84: 0.046129ms
 85: 0.045882ms
 86: 0.038167ms
 87: 0.045512ms
 88: 0.046593ms
 89: 0.047072ms
 90: 0.044707ms
 91: 0.050531ms
 92: 0.059499ms
 93: 0.046073ms
 94: 0.045891ms
 95: 0.045155ms
 96: 0.053960ms
 97: 0.045702ms
 98: 0.054573ms
 99: 0.045924ms
 100: 0.048185ms
 101: 0.045005ms
 102: 0.036844ms
 103: 0.049823ms
 104: 0.139273ms
 105: 0.043740ms
 106: 0.047710ms
 107: 0.051212ms
 108: 0.045329ms
 109: 0.044275ms
 110: 0.044445ms
 111: 0.046985ms
 112: 0.043553ms
 113: 0.046185ms
 114: 0.050838ms
 115: 0.044212ms
 116: 0.055597ms
 117: 0.046340ms
 118: 0.039145ms
 119: 0.045395ms
 120: 0.050966ms
 121: 0.048185ms
 122: 0.044969ms
 123: 0.044120ms
 124: 0.046425ms
 125: 0.048667ms
 126: 0.055153ms
 127: 0.051038ms
 128: 0.044933ms
 129: 0.045130ms
 130: 0.051250ms
 131: 0.046329ms
 132: 0.048364ms
 133: 0.043519ms
 134: 0.047897ms
 135: 0.046680ms
 136: 0.044841ms
 137: 0.065176ms
 138: 0.045270ms
 139: 0.045557ms
 140: 0.042727ms
 141: 0.041307ms
 142: 0.049834ms
 143: 0.045475ms
 144: 0.046143ms
 145: 0.045239ms
 146: 0.057759ms
 147: 0.046094ms
 148: 0.047958ms
 149: 0.060829ms
 150: 0.048895ms
 151: 0.048092ms
 152: 0.046268ms
 153: 0.048070ms
 154: 0.047035ms
 155: 0.046076ms
 156: 0.045532ms
 157: 0.050925ms
 158: 0.127392ms
 159: 0.045762ms
 160: 0.047380ms
 161: 0.045406ms
 162: 0.047013ms
 163: 0.046604ms
 164: 0.045490ms
 165: 0.047420ms
 166: 0.049386ms
 167: 0.047055ms
 168: 0.044484ms
 169: 0.048871ms
 170: 0.046070ms
 171: 0.044948ms
 172: 0.044692ms
 173: 0.040388ms
 174: 0.037512ms
 175: 0.045405ms
 176: 0.066472ms
 177: 0.046097ms
 178: 0.049393ms
 179: 0.044904ms
 180: 0.048337ms
 181: 0.046959ms
 182: 0.046516ms
 183: 0.046785ms
 184: 0.053046ms
 185: 0.048044ms
 186: 0.046981ms
 187: 0.037553ms
 188: 0.046096ms
 189: 0.050296ms
 190: 0.056174ms
 191: 0.046747ms
 192: 0.050038ms
 193: 0.062425ms
 194: 0.046488ms
 195: 0.045745ms
 196: 0.047267ms
 197: 0.046632ms
 198: 0.046138ms
 199: 0.050640ms


-- Real : Q1: 50 Q2: 100 Q3: 150
-- Array: Q1: 49 Q2: 99 Q3: 149
Printing sorted runtimes:
 0: 0.044933ms
 1: 0.036409ms
 2: 0.044120ms
 3: 0.043519ms
 4: 0.039145ms
 5: 0.044212ms
 6: 0.044841ms
 7: 0.043553ms
 8: 0.044445ms
 9: 0.044275ms
 10: 0.043740ms
 11: 0.042727ms
 12: 0.037553ms
 13: 0.036844ms
 14: 0.044399ms
 15: 0.041307ms
 16: 0.044707ms
 17: 0.038167ms
 18: 0.044381ms
 19: 0.043803ms
 20: 0.037291ms
 21: 0.044312ms
 22: 0.044725ms
 23: 0.036838ms
 24: 0.037888ms
 25: 0.044904ms
 26: 0.036968ms
 27: 0.044484ms
 28: 0.044692ms
 29: 0.037381ms
 30: 0.044681ms
 31: 0.037512ms
 32: 0.040388ms
 33: 0.045405ms
 34: 0.045130ms
 35: 0.044969ms
 36: 0.045395ms
 37: 0.044948ms
 38: 0.045243ms
 39: 0.045329ms
 40: 0.045270ms
 41: 0.045005ms
 42: 0.045155ms
 43: 0.045239ms
 44: 0.045244ms
 45: 0.045245ms
 46: 0.045044ms
 47: 0.045289ms
 48: 0.045083ms
 49: 0.045406ms
 50: 0.045429ms
 51: 0.045510ms
 52: 0.045475ms
 53: 0.045490ms
 54: 0.045882ms
 55: 0.045512ms
 56: 0.045674ms
 57: 0.045605ms
 58: 0.045532ms
 59: 0.045557ms
 60: 0.045695ms
 61: 0.045702ms
 62: 0.045745ms
 63: 0.045512ms
 64: 0.045762ms
 65: 0.046974ms
 66: 0.045924ms
 67: 0.046138ms
 68: 0.046540ms
 69: 0.046340ms
 70: 0.046425ms
 71: 0.046329ms
 72: 0.046076ms
 73: 0.046465ms
 74: 0.046201ms
 75: 0.046143ms
 76: 0.046097ms
 77: 0.046516ms
 78: 0.046268ms
 79: 0.045891ms
 80: 0.046490ms
 81: 0.046073ms
 82: 0.046185ms
 83: 0.046094ms
 84: 0.046129ms
 85: 0.046070ms
 86: 0.046096ms
 87: 0.046785ms
 88: 0.046593ms
 89: 0.046959ms
 90: 0.046488ms
 91: 0.046680ms
 92: 0.046760ms
 93: 0.046747ms
 94: 0.046632ms
 95: 0.046856ms
 96: 0.046604ms
 97: 0.046914ms
 98: 0.046640ms
 99: 0.046981ms
 100: 0.046985ms
 101: 0.048895ms
 102: 0.047066ms
 103: 0.047013ms
 104: 0.047035ms
 105: 0.047055ms
 106: 0.047072ms
 107: 0.047148ms
 108: 0.047217ms
 109: 0.047267ms
 110: 0.047253ms
 111: 0.047358ms
 112: 0.047420ms
 113: 0.047380ms
 114: 0.047552ms
 115: 0.047700ms
 116: 0.047710ms
 117: 0.048044ms
 118: 0.047958ms
 119: 0.048092ms
 120: 0.047897ms
 121: 0.047878ms
 122: 0.048070ms
 123: 0.047720ms
 124: 0.048019ms
 125: 0.047856ms
 126: 0.048037ms
 127: 0.048185ms
 128: 0.048346ms
 129: 0.048337ms
 130: 0.048871ms
 131: 0.048667ms
 132: 0.048364ms
 133: 0.048185ms
 134: 0.048723ms
 135: 0.046998ms
 136: 0.049460ms
 137: 0.049386ms
 138: 0.049393ms
 139: 0.048972ms
 140: 0.048975ms
 141: 0.049834ms
 142: 0.049713ms
 143: 0.049823ms
 144: 0.049582ms
 145: 0.049679ms
 146: 0.050038ms
 147: 0.049997ms
 148: 0.050060ms
 149: 0.050211ms
 150: 0.050296ms
 151: 0.050640ms
 152: 0.050531ms
 153: 0.153642ms
 154: 0.058362ms
 155: 0.056063ms
 156: 0.051683ms
 157: 0.050925ms
 158: 0.127392ms
 159: 0.064560ms
 160: 0.051605ms
 161: 0.130011ms
 162: 0.050759ms
 163: 0.057278ms
 164: 0.052297ms
 165: 0.051321ms
 166: 0.055597ms
 167: 0.050966ms
 168: 0.060829ms
 169: 0.051250ms
 170: 0.055439ms
 171: 0.051434ms
 172: 0.148194ms
 173: 0.057759ms
 174: 0.138541ms
 175: 0.054131ms
 176: 0.066472ms
 177: 0.055284ms
 178: 0.059499ms
 179: 0.056156ms
 180: 0.055153ms
 181: 0.053959ms
 182: 0.054689ms
 183: 0.138447ms
 184: 0.053046ms
 185: 0.053960ms
 186: 0.054573ms
 187: 0.172403ms
 188: 0.061877ms
 189: 0.139273ms
 190: 0.056174ms
 191: 0.128526ms
 192: 0.051212ms
 193: 0.062425ms
 194: 0.051038ms
 195: 0.051589ms
 196: 0.065176ms
 197: 0.146643ms
 198: 0.051862ms
 199: 0.050838ms


Measurements
--------------------------
FFT Size            : 26^3
Threads             : 25
Batch               : 1
Iterations          : 200
Avg Tot Runtime     : 0.052465 ms
Runtime per batch   : 0.052465 ms
SD                  : 0.021370 ms
Q1                  : 0.045406 ms
Median              : 0.046983 ms
Q3                  : 0.050211 ms
