Expm 2: Streaming FFT

Printing individual runtimes:
 0: 0.241321ms
 1: 0.062828ms
 2: 0.049134ms
 3: 0.160619ms
 4: 0.047753ms
 5: 0.045395ms
 6: 0.049493ms
 7: 0.036820ms
 8: 0.037395ms
 9: 0.037375ms
 10: 0.145649ms
 11: 0.046144ms
 12: 0.045888ms
 13: 0.041923ms
 14: 0.135026ms
 15: 0.039694ms
 16: 0.036873ms
 17: 0.053664ms
 18: 0.062961ms
 19: 0.044806ms
 20: 0.060558ms
 21: 0.129049ms
 22: 0.038764ms
 23: 0.053030ms
 24: 0.065933ms
 25: 0.039920ms
 26: 0.045374ms
 27: 0.139771ms
 28: 0.045695ms
 29: 0.047281ms
 30: 0.061421ms
 31: 0.054252ms
 32: 0.046025ms
 33: 0.148830ms
 34: 0.055121ms
 35: 0.037665ms
 36: 0.055330ms
 37: 0.044920ms
 38: 0.051592ms
 39: 0.063094ms
 40: 0.149493ms
 41: 0.047497ms
 42: 0.046224ms
 43: 0.059133ms
 44: 0.039981ms
 45: 0.044910ms
 46: 0.051454ms
 47: 0.036883ms
 48: 0.060910ms
 49: 0.140787ms
 50: 0.046755ms
 51: 0.038540ms
 52: 0.067294ms
 53: 0.049824ms
 54: 0.046316ms
 55: 0.052749ms
 56: 0.066506ms
 57: 0.039738ms
 58: 0.043743ms
 59: 0.062116ms
 60: 0.043518ms
 61: 0.052926ms
 62: 0.143530ms
 63: 0.045173ms
 64: 0.075079ms
 65: 0.036813ms
 66: 0.037869ms
 67: 0.045621ms
 68: 0.047541ms
 69: 0.043589ms
 70: 0.043199ms
 71: 0.134979ms
 72: 0.075906ms
 73: 0.036760ms
 74: 0.035891ms
 75: 0.060085ms
 76: 0.035645ms
 77: 0.043499ms
 78: 0.042753ms
 79: 0.044690ms
 80: 0.053598ms
 81: 0.044001ms
 82: 0.050394ms
 83: 0.060187ms
 84: 0.047334ms
 85: 0.049611ms
 86: 0.046196ms
 87: 0.063405ms
 88: 0.156657ms
 89: 0.045084ms
 90: 0.044103ms
 91: 0.070475ms
 92: 0.035604ms
 93: 0.045593ms
 94: 0.074458ms
 95: 0.051850ms
 96: 0.049041ms
 97: 0.038391ms
 98: 0.049366ms
 99: 0.040333ms
 100: 0.048815ms
 101: 0.047024ms
 102: 0.037947ms
 103: 0.036526ms
 104: 0.053040ms
 105: 0.137498ms
 106: 0.045514ms
 107: 0.050251ms
 108: 0.047354ms
 109: 0.036655ms
 110: 0.035943ms
 111: 0.037240ms
 112: 0.035553ms
 113: 0.051870ms
 114: 0.063111ms
 115: 0.045305ms
 116: 0.037201ms
 117: 0.036128ms
 118: 0.061788ms
 119: 0.044486ms
 120: 0.037562ms
 121: 0.057096ms
 122: 0.040704ms
 123: 0.036747ms
 124: 0.045571ms
 125: 0.062692ms
 126: 0.143950ms
 127: 0.044537ms
 128: 0.051411ms
 129: 0.037472ms
 130: 0.075502ms
 131: 0.036315ms
 132: 0.079018ms
 133: 0.063789ms
 134: 0.039354ms
 135: 0.045661ms
 136: 0.037045ms
 137: 0.047111ms
 138: 0.036348ms
 139: 0.045256ms
 140: 0.045908ms
 141: 0.041008ms
 142: 0.043889ms
 143: 0.044186ms
 144: 0.044675ms
 145: 0.044219ms
 146: 0.047537ms
 147: 0.136088ms
 148: 0.059698ms
 149: 0.074063ms
 150: 0.078269ms
 151: 0.041148ms
 152: 0.049787ms
 153: 0.052369ms
 154: 0.053701ms
 155: 0.045205ms
 156: 0.035617ms
 157: 0.064182ms
 158: 0.036824ms
 159: 0.059907ms
 160: 0.036027ms
 161: 0.043869ms
 162: 0.047924ms
 163: 0.060268ms
 164: 0.060615ms
 165: 0.041592ms
 166: 0.037748ms
 167: 0.036224ms
 168: 0.043939ms
 169: 0.047137ms
 170: 0.062089ms
 171: 0.065289ms
 172: 0.061700ms
 173: 0.051243ms
 174: 0.045210ms
 175: 0.037779ms
 176: 0.035685ms
 177: 0.043429ms
 178: 0.041087ms
 179: 0.050151ms
 180: 0.040422ms
 181: 0.036428ms
 182: 0.061685ms
 183: 0.169927ms
 184: 0.046829ms
 185: 0.063174ms
 186: 0.052319ms
 187: 0.064153ms
 188: 0.040898ms
 189: 0.035233ms
 190: 0.036986ms
 191: 0.064936ms
 192: 0.036005ms
 193: 0.044739ms
 194: 0.036884ms
 195: 0.048804ms
 196: 0.038157ms
 197: 0.035393ms
 198: 0.054932ms
 199: 0.039692ms


-- Real : Q1: 50 Q2: 100 Q3: 150
-- Array: Q1: 49 Q2: 99 Q3: 149
Printing sorted runtimes:
 0: 0.039692ms
 1: 0.036813ms
 2: 0.035393ms
 3: 0.038157ms
 4: 0.037201ms
 5: 0.036128ms
 6: 0.035553ms
 7: 0.036820ms
 8: 0.037395ms
 9: 0.037375ms
 10: 0.036884ms
 11: 0.037240ms
 12: 0.035943ms
 13: 0.037869ms
 14: 0.036655ms
 15: 0.036760ms
 16: 0.036873ms
 17: 0.036005ms
 18: 0.036986ms
 19: 0.037562ms
 20: 0.035233ms
 21: 0.035891ms
 22: 0.038764ms
 23: 0.035617ms
 24: 0.036428ms
 25: 0.036824ms
 26: 0.036526ms
 27: 0.036027ms
 28: 0.037947ms
 29: 0.036747ms
 30: 0.038540ms
 31: 0.035645ms
 32: 0.036883ms
 33: 0.035685ms
 34: 0.037779ms
 35: 0.037665ms
 36: 0.038391ms
 37: 0.037472ms
 38: 0.036315ms
 39: 0.035604ms
 40: 0.036224ms
 41: 0.039354ms
 42: 0.037045ms
 43: 0.037748ms
 44: 0.036348ms
 45: 0.039981ms
 46: 0.039920ms
 47: 0.039738ms
 48: 0.039694ms
 49: 0.040333ms
 50: 0.040422ms
 51: 0.045514ms
 52: 0.040704ms
 53: 0.041087ms
 54: 0.041008ms
 55: 0.041148ms
 56: 0.041592ms
 57: 0.043429ms
 58: 0.043499ms
 59: 0.042753ms
 60: 0.043518ms
 61: 0.043199ms
 62: 0.043589ms
 63: 0.041923ms
 64: 0.043743ms
 65: 0.044675ms
 66: 0.045173ms
 67: 0.040898ms
 68: 0.045305ms
 69: 0.044219ms
 70: 0.045395ms
 71: 0.044186ms
 72: 0.043889ms
 73: 0.044739ms
 74: 0.045205ms
 75: 0.044486ms
 76: 0.044806ms
 77: 0.043869ms
 78: 0.045374ms
 79: 0.044690ms
 80: 0.045210ms
 81: 0.044001ms
 82: 0.045256ms
 83: 0.044910ms
 84: 0.044537ms
 85: 0.044920ms
 86: 0.043939ms
 87: 0.044103ms
 88: 0.045084ms
 89: 0.046224ms
 90: 0.045661ms
 91: 0.045621ms
 92: 0.046196ms
 93: 0.045593ms
 94: 0.046144ms
 95: 0.045888ms
 96: 0.045695ms
 97: 0.045908ms
 98: 0.045571ms
 99: 0.046025ms
 100: 0.046316ms
 101: 0.059133ms
 102: 0.047024ms
 103: 0.046829ms
 104: 0.047924ms
 105: 0.047334ms
 106: 0.047497ms
 107: 0.048804ms
 108: 0.047354ms
 109: 0.047281ms
 110: 0.047111ms
 111: 0.047137ms
 112: 0.047541ms
 113: 0.047537ms
 114: 0.047753ms
 115: 0.050151ms
 116: 0.048815ms
 117: 0.049611ms
 118: 0.049787ms
 119: 0.049041ms
 120: 0.049134ms
 121: 0.049824ms
 122: 0.049366ms
 123: 0.049493ms
 124: 0.051243ms
 125: 0.051592ms
 126: 0.050394ms
 127: 0.050251ms
 128: 0.051411ms
 129: 0.051850ms
 130: 0.051870ms
 131: 0.051454ms
 132: 0.052319ms
 133: 0.052749ms
 134: 0.053030ms
 135: 0.054932ms
 136: 0.054252ms
 137: 0.053701ms
 138: 0.052369ms
 139: 0.053664ms
 140: 0.053598ms
 141: 0.046755ms
 142: 0.055121ms
 143: 0.055330ms
 144: 0.053040ms
 145: 0.057096ms
 146: 0.052926ms
 147: 0.059907ms
 148: 0.059698ms
 149: 0.060085ms
 150: 0.060187ms
 151: 0.060268ms
 152: 0.061421ms
 153: 0.060910ms
 154: 0.060558ms
 155: 0.060615ms
 156: 0.061685ms
 157: 0.062828ms
 158: 0.062692ms
 159: 0.061788ms
 160: 0.062116ms
 161: 0.061700ms
 162: 0.062089ms
 163: 0.067294ms
 164: 0.064182ms
 165: 0.066506ms
 166: 0.078269ms
 167: 0.149493ms
 168: 0.063094ms
 169: 0.074063ms
 170: 0.136088ms
 171: 0.065289ms
 172: 0.143530ms
 173: 0.075079ms
 174: 0.134979ms
 175: 0.075906ms
 176: 0.148830ms
 177: 0.063405ms
 178: 0.156657ms
 179: 0.070475ms
 180: 0.139771ms
 181: 0.065933ms
 182: 0.063789ms
 183: 0.169927ms
 184: 0.079018ms
 185: 0.063174ms
 186: 0.074458ms
 187: 0.064153ms
 188: 0.129049ms
 189: 0.075502ms
 190: 0.062961ms
 191: 0.064936ms
 192: 0.143950ms
 193: 0.135026ms
 194: 0.145649ms
 195: 0.241321ms
 196: 0.160619ms
 197: 0.137498ms
 198: 0.063111ms
 199: 0.140787ms


Measurements
--------------------------
FFT Size            : 26^3
Threads             : 20
Batch               : 1
Iterations          : 200
Avg Tot Runtime     : 0.056416 ms
Runtime per batch   : 0.056416 ms
SD                  : 0.030434 ms
Q1                  : 0.040333 ms
Median              : 0.046170 ms
Q3                  : 0.060085 ms
