Expm 2: Streaming FFTW
FFTW Plan: Patient
-- Cannot import wisdom from ../../wisdom/singlenode/all/110/fftw_110_t39_b1.patient
-- Exporting wisdom file to ../../wisdom/singlenode/all/110/fftw_110_t39_b1.patient
Iteration: 0, 1, 2, 3, 4, 5, 6, 7, 8, 9, 10, 11, 12, 13, 14, 15, 16, 17, 18, 19, 20, 21, 22, 23, 24, 25, 26, 27, 28, 29, 30, 31, 32, 33, 34, 35, 36, 37, 38, 39, 40, 41, 42, 43, 44, 45, 46, 47, 48, 49, 
Printing individual runtimes:
 0: 1.082331ms
 1: 0.679701ms
 2: 1.070571ms
 3: 0.659714ms
 4: 0.670028ms
 5: 0.665788ms
 6: 2.360913ms
 7: 1.151464ms
 8: 0.704561ms
 9: 1.342555ms
 10: 0.687223ms
 11: 0.678683ms
 12: 0.675972ms
 13: 2.417100ms
 14: 1.056741ms
 15: 0.997042ms
 16: 0.659031ms
 17: 0.668805ms
 18: 0.661186ms
 19: 0.660053ms
 20: 0.676344ms
 21: 0.662850ms
 22: 0.677447ms
 23: 1.014901ms
 24: 0.654582ms
 25: 0.674168ms
 26: 0.671661ms
 27: 0.683610ms
 28: 0.671344ms
 29: 0.682621ms
 30: 0.667003ms
 31: 0.663001ms
 32: 0.655480ms
 33: 0.671357ms
 34: 0.677632ms
 35: 0.656410ms
 36: 0.664334ms
 37: 0.982485ms
 38: 0.981638ms
 39: 0.668905ms
 40: 1.036576ms
 41: 0.979963ms
 42: 0.658067ms
 43: 1.023133ms
 44: 0.992570ms
 45: 3.141721ms
 46: 1.720131ms
 47: 2.587891ms
 48: 2.228213ms
 49: 1.099062ms


Measurements
--------------------------
FFT Size            : 110^3
Threads             : 39
Batch               : 1
Iterations          : 50
Avg Tot Runtime     : 0.987491 ms
Runtime per batch   : 0.987491 ms
SD                  : 0.573092 ms
Throughput          : 0.028117 GFLOPs
Plan Time           : 10.978181 sec
