Expm 2: Streaming FFT

Printing individual runtimes:
 0: 0.299747ms
 1: 0.254883ms
 2: 0.251107ms
 3: 1.564405ms
 4: 0.224102ms
 5: 0.221881ms
 6: 0.221595ms
 7: 0.223713ms
 8: 0.219581ms
 9: 0.221528ms
 10: 0.468232ms
 11: 0.222806ms
 12: 0.220969ms
 13: 0.220163ms
 14: 0.223793ms
 15: 0.226576ms
 16: 0.220893ms
 17: 0.214555ms
 18: 0.221970ms
 19: 0.218442ms
 20: 0.218064ms
 21: 0.221893ms
 22: 0.460115ms
 23: 0.224036ms
 24: 0.219489ms
 25: 0.210835ms
 26: 0.223582ms
 27: 0.218839ms
 28: 0.218600ms
 29: 0.220718ms
 30: 0.222218ms
 31: 0.219979ms
 32: 0.218810ms
 33: 0.223414ms
 34: 0.236317ms
 35: 0.224034ms
 36: 0.221278ms
 37: 0.499885ms
 38: 0.225579ms
 39: 0.218646ms
 40: 0.221433ms
 41: 0.221483ms
 42: 0.220201ms
 43: 0.219065ms
 44: 0.224308ms
 45: 0.220430ms
 46: 0.220172ms
 47: 0.219736ms
 48: 0.220585ms
 49: 0.222518ms
 50: 0.222048ms
 51: 0.221223ms
 52: 0.225377ms
 53: 0.217827ms
 54: 0.220731ms
 55: 0.222043ms
 56: 0.226645ms
 57: 0.218937ms
 58: 0.224885ms
 59: 0.220730ms
 60: 0.222684ms
 61: 0.209099ms
 62: 0.223700ms
 63: 0.230540ms
 64: 0.221337ms
 65: 0.221260ms
 66: 0.222177ms
 67: 0.222857ms
 68: 0.220888ms
 69: 0.218882ms
 70: 0.220844ms
 71: 0.440091ms
 72: 0.221092ms
 73: 0.220770ms
 74: 0.222264ms
 75: 0.220769ms
 76: 0.221710ms
 77: 0.218648ms
 78: 0.486203ms
 79: 0.221885ms
 80: 0.220718ms
 81: 0.222599ms
 82: 0.219854ms
 83: 0.220462ms
 84: 0.219683ms
 85: 0.223208ms
 86: 0.227578ms
 87: 0.230894ms
 88: 0.222043ms
 89: 0.219410ms
 90: 0.220315ms
 91: 0.221830ms
 92: 0.218241ms
 93: 0.220524ms
 94: 0.220182ms
 95: 0.220240ms
 96: 0.220671ms
 97: 0.222226ms
 98: 0.220032ms
 99: 0.223012ms
 100: 0.224498ms
 101: 0.218154ms
 102: 0.218092ms
 103: 0.219287ms
 104: 0.220154ms
 105: 0.209209ms
 106: 0.224800ms
 107: 0.219172ms
 108: 0.221337ms
 109: 0.220475ms
 110: 0.224175ms
 111: 0.221291ms
 112: 0.217681ms
 113: 0.220288ms
 114: 0.219913ms
 115: 0.221267ms
 116: 0.217838ms
 117: 0.216845ms
 118: 0.216779ms
 119: 0.208813ms
 120: 0.222803ms
 121: 0.222566ms
 122: 0.221104ms
 123: 0.220053ms
 124: 0.222581ms
 125: 0.221432ms
 126: 0.223008ms
 127: 0.225319ms
 128: 0.215214ms
 129: 0.224479ms
 130: 0.219483ms
 131: 0.222762ms
 132: 0.220755ms
 133: 0.221249ms
 134: 0.216285ms
 135: 0.220717ms
 136: 0.217917ms
 137: 0.209359ms
 138: 0.219251ms
 139: 0.222180ms
 140: 0.221808ms
 141: 0.219310ms
 142: 0.222571ms
 143: 0.219107ms
 144: 0.216720ms
 145: 0.219297ms
 146: 0.220697ms
 147: 0.211983ms
 148: 0.220085ms
 149: 0.215788ms
 150: 0.219001ms
 151: 0.225006ms
 152: 0.224187ms
 153: 0.220022ms
 154: 0.220400ms
 155: 0.218967ms
 156: 0.216225ms
 157: 0.220359ms
 158: 0.224914ms
 159: 0.216249ms
 160: 0.224972ms
 161: 0.224016ms
 162: 0.221847ms
 163: 0.220759ms
 164: 0.223611ms
 165: 0.217022ms
 166: 0.223742ms
 167: 0.218242ms
 168: 0.220826ms
 169: 0.220568ms
 170: 0.222873ms
 171: 0.221578ms
 172: 0.219771ms
 173: 0.221398ms
 174: 0.220680ms
 175: 0.224187ms
 176: 0.222773ms
 177: 0.222215ms
 178: 0.217060ms
 179: 0.218526ms
 180: 0.220480ms
 181: 0.221046ms
 182: 0.223074ms
 183: 0.218367ms
 184: 0.215725ms
 185: 0.222639ms
 186: 0.216274ms
 187: 0.228338ms
 188: 0.222768ms
 189: 0.219035ms
 190: 0.216819ms
 191: 0.214740ms
 192: 0.217927ms
 193: 0.221904ms
 194: 0.219283ms
 195: 0.215722ms
 196: 0.219494ms
 197: 0.213832ms
 198: 0.217038ms
 199: 0.214812ms


-- Real : Q1: 50 Q2: 100 Q3: 150
-- Array: Q1: 49 Q2: 99 Q3: 149
Printing sorted runtimes:
 0: 0.217060ms
 1: 0.214812ms
 2: 0.217038ms
 3: 0.213832ms
 4: 0.216285ms
 5: 0.215214ms
 6: 0.209359ms
 7: 0.208813ms
 8: 0.216779ms
 9: 0.216845ms
 10: 0.209209ms
 11: 0.216720ms
 12: 0.211983ms
 13: 0.215725ms
 14: 0.215788ms
 15: 0.215722ms
 16: 0.216274ms
 17: 0.214555ms
 18: 0.209099ms
 19: 0.216225ms
 20: 0.216819ms
 21: 0.216249ms
 22: 0.214740ms
 23: 0.217022ms
 24: 0.210835ms
 25: 0.218367ms
 26: 0.218154ms
 27: 0.217827ms
 28: 0.218064ms
 29: 0.217838ms
 30: 0.218242ms
 31: 0.217917ms
 32: 0.217681ms
 33: 0.218241ms
 34: 0.218092ms
 35: 0.217927ms
 36: 0.218967ms
 37: 0.218937ms
 38: 0.218442ms
 39: 0.218646ms
 40: 0.218839ms
 41: 0.218526ms
 42: 0.218600ms
 43: 0.218810ms
 44: 0.218882ms
 45: 0.218648ms
 46: 0.219035ms
 47: 0.219001ms
 48: 0.219107ms
 49: 0.219065ms
 50: 0.219172ms
 51: 0.219683ms
 52: 0.219283ms
 53: 0.219287ms
 54: 0.219297ms
 55: 0.219310ms
 56: 0.219483ms
 57: 0.219410ms
 58: 0.219489ms
 59: 0.219251ms
 60: 0.219494ms
 61: 0.219581ms
 62: 0.220731ms
 63: 0.220022ms
 64: 0.220053ms
 65: 0.219913ms
 66: 0.220288ms
 67: 0.220359ms
 68: 0.220585ms
 69: 0.219736ms
 70: 0.220475ms
 71: 0.220172ms
 72: 0.220480ms
 73: 0.220730ms
 74: 0.220085ms
 75: 0.220718ms
 76: 0.220400ms
 77: 0.220430ms
 78: 0.220163ms
 79: 0.220154ms
 80: 0.220718ms
 81: 0.220717ms
 82: 0.219854ms
 83: 0.220462ms
 84: 0.220032ms
 85: 0.220697ms
 86: 0.220201ms
 87: 0.220680ms
 88: 0.219771ms
 89: 0.219979ms
 90: 0.220315ms
 91: 0.220671ms
 92: 0.220568ms
 93: 0.220524ms
 94: 0.220182ms
 95: 0.220240ms
 96: 0.220770ms
 97: 0.220759ms
 98: 0.220755ms
 99: 0.220769ms
 100: 0.220826ms
 101: 0.221483ms
 102: 0.220888ms
 103: 0.220893ms
 104: 0.221278ms
 105: 0.220969ms
 106: 0.221092ms
 107: 0.221223ms
 108: 0.221337ms
 109: 0.221249ms
 110: 0.221104ms
 111: 0.221291ms
 112: 0.221046ms
 113: 0.221398ms
 114: 0.221260ms
 115: 0.221267ms
 116: 0.221337ms
 117: 0.221432ms
 118: 0.220844ms
 119: 0.221433ms
 120: 0.222566ms
 121: 0.221595ms
 122: 0.221808ms
 123: 0.221578ms
 124: 0.221893ms
 125: 0.221710ms
 126: 0.221847ms
 127: 0.222177ms
 128: 0.221881ms
 129: 0.222043ms
 130: 0.221885ms
 131: 0.221830ms
 132: 0.221904ms
 133: 0.221528ms
 134: 0.222264ms
 135: 0.222218ms
 136: 0.222043ms
 137: 0.221970ms
 138: 0.222048ms
 139: 0.222180ms
 140: 0.222215ms
 141: 0.222518ms
 142: 0.222226ms
 143: 0.222599ms
 144: 0.222571ms
 145: 0.222581ms
 146: 0.222768ms
 147: 0.222762ms
 148: 0.222684ms
 149: 0.222639ms
 150: 0.222773ms
 151: 0.222857ms
 152: 0.222806ms
 153: 0.222803ms
 154: 0.223700ms
 155: 0.224187ms
 156: 0.223208ms
 157: 0.223074ms
 158: 0.224498ms
 159: 0.223012ms
 160: 0.224175ms
 161: 0.224016ms
 162: 0.224308ms
 163: 0.224034ms
 164: 0.223611ms
 165: 0.223414ms
 166: 0.223742ms
 167: 0.223008ms
 168: 0.223582ms
 169: 0.224036ms
 170: 0.222873ms
 171: 0.223793ms
 172: 0.224479ms
 173: 0.223713ms
 174: 0.224102ms
 175: 0.224187ms
 176: 0.224972ms
 177: 0.224914ms
 178: 0.225006ms
 179: 0.225319ms
 180: 0.224800ms
 181: 0.299747ms
 182: 0.230894ms
 183: 0.227578ms
 184: 0.486203ms
 185: 0.440091ms
 186: 0.230540ms
 187: 0.228338ms
 188: 0.224885ms
 189: 0.226645ms
 190: 0.225377ms
 191: 0.225579ms
 192: 0.499885ms
 193: 0.236317ms
 194: 0.460115ms
 195: 0.226576ms
 196: 0.468232ms
 197: 1.564405ms
 198: 0.251107ms
 199: 0.254883ms


Measurements
--------------------------
FFT Size            : 64^3
Threads             : 6
Batch               : 1
Iterations          : 200
Avg Tot Runtime     : 0.234332 ms
Runtime per batch   : 0.234332 ms
SD                  : 0.102329 ms
Q1                  : 0.219065 ms
Median              : 0.220798 ms
Q3                  : 0.222639 ms
