Expm 2: Streaming FFT

Printing individual runtimes:
 0: 0.284355ms
 1: 0.182305ms
 2: 0.183539ms
 3: 1.741631ms
 4: 0.164520ms
 5: 0.167057ms
 6: 0.166642ms
 7: 0.168739ms
 8: 0.182896ms
 9: 0.176140ms
 10: 0.437844ms
 11: 0.162812ms
 12: 0.164478ms
 13: 0.169607ms
 14: 0.164586ms
 15: 0.169128ms
 16: 0.432812ms
 17: 0.164920ms
 18: 0.168328ms
 19: 0.166760ms
 20: 0.176295ms
 21: 0.168000ms
 22: 0.167760ms
 23: 0.163829ms
 24: 0.167141ms
 25: 0.163086ms
 26: 0.182014ms
 27: 0.165570ms
 28: 0.161731ms
 29: 0.449563ms
 30: 0.168024ms
 31: 0.167005ms
 32: 0.163454ms
 33: 0.166682ms
 34: 0.166934ms
 35: 0.175636ms
 36: 0.170831ms
 37: 0.170808ms
 38: 0.170813ms
 39: 0.153280ms
 40: 0.169178ms
 41: 0.163443ms
 42: 0.165568ms
 43: 0.169890ms
 44: 0.168885ms
 45: 0.168928ms
 46: 0.166919ms
 47: 0.173268ms
 48: 0.182425ms
 49: 0.163242ms
 50: 0.162765ms
 51: 0.165609ms
 52: 0.165746ms
 53: 0.177388ms
 54: 0.165209ms
 55: 0.438873ms
 56: 0.170194ms
 57: 0.162700ms
 58: 0.170986ms
 59: 0.169516ms
 60: 0.165821ms
 61: 0.164078ms
 62: 0.165693ms
 63: 0.167873ms
 64: 0.166389ms
 65: 0.174520ms
 66: 0.163846ms
 67: 0.165019ms
 68: 0.172140ms
 69: 0.163873ms
 70: 0.169678ms
 71: 0.163432ms
 72: 0.164787ms
 73: 0.162899ms
 74: 0.165375ms
 75: 0.170641ms
 76: 0.163756ms
 77: 0.163595ms
 78: 0.165695ms
 79: 0.173670ms
 80: 0.162662ms
 81: 0.164268ms
 82: 0.165133ms
 83: 0.163229ms
 84: 0.173467ms
 85: 0.171957ms
 86: 0.170561ms
 87: 0.162403ms
 88: 0.168918ms
 89: 0.163453ms
 90: 0.168856ms
 91: 0.161911ms
 92: 0.165946ms
 93: 0.167240ms
 94: 0.166509ms
 95: 0.174115ms
 96: 0.164329ms
 97: 0.167735ms
 98: 0.165912ms
 99: 0.168330ms
 100: 0.163725ms
 101: 0.165077ms
 102: 0.165866ms
 103: 0.166112ms
 104: 0.169841ms
 105: 0.168106ms
 106: 0.429311ms
 107: 0.163479ms
 108: 0.171038ms
 109: 0.165130ms
 110: 0.169433ms
 111: 0.164430ms
 112: 0.177677ms
 113: 0.169596ms
 114: 0.166329ms
 115: 0.163996ms
 116: 0.163763ms
 117: 0.165395ms
 118: 0.162718ms
 119: 0.171966ms
 120: 0.167017ms
 121: 0.173369ms
 122: 0.164286ms
 123: 0.175001ms
 124: 0.169870ms
 125: 0.168595ms
 126: 0.169726ms
 127: 0.171720ms
 128: 0.157485ms
 129: 0.165725ms
 130: 0.165698ms
 131: 0.164917ms
 132: 0.163436ms
 133: 0.166195ms
 134: 0.164789ms
 135: 0.167111ms
 136: 0.178553ms
 137: 0.171070ms
 138: 0.169999ms
 139: 0.161534ms
 140: 0.179490ms
 141: 0.163214ms
 142: 0.164102ms
 143: 0.169355ms
 144: 0.164901ms
 145: 0.163759ms
 146: 0.165095ms
 147: 0.163239ms
 148: 0.175709ms
 149: 0.168299ms
 150: 0.166076ms
 151: 0.166469ms
 152: 0.162683ms
 153: 0.170212ms
 154: 0.160332ms
 155: 0.173859ms
 156: 0.164476ms
 157: 0.171221ms
 158: 0.165739ms
 159: 0.175332ms
 160: 0.176504ms
 161: 0.173674ms
 162: 0.166015ms
 163: 0.157948ms
 164: 0.165293ms
 165: 0.167183ms
 166: 0.156918ms
 167: 0.174559ms
 168: 0.165818ms
 169: 0.162570ms
 170: 0.165957ms
 171: 0.163011ms
 172: 0.171962ms
 173: 0.164188ms
 174: 0.170801ms
 175: 0.163475ms
 176: 0.165635ms
 177: 0.162098ms
 178: 0.160560ms
 179: 0.163079ms
 180: 0.167861ms
 181: 0.165791ms
 182: 0.164783ms
 183: 0.166337ms
 184: 0.164962ms
 185: 0.165434ms
 186: 0.168382ms
 187: 0.164389ms
 188: 0.163480ms
 189: 0.164560ms
 190: 0.168017ms
 191: 0.164487ms
 192: 0.162805ms
 193: 0.162631ms
 194: 0.167240ms
 195: 0.173040ms
 196: 0.162370ms
 197: 0.174364ms
 198: 0.178192ms
 199: 0.164611ms


-- Real : Q1: 50 Q2: 100 Q3: 150
-- Array: Q1: 49 Q2: 99 Q3: 149
Printing sorted runtimes:
 0: 0.163214ms
 1: 0.162370ms
 2: 0.162631ms
 3: 0.162805ms
 4: 0.162700ms
 5: 0.162899ms
 6: 0.162662ms
 7: 0.162765ms
 8: 0.162403ms
 9: 0.163079ms
 10: 0.160560ms
 11: 0.162812ms
 12: 0.161911ms
 13: 0.162098ms
 14: 0.153280ms
 15: 0.162718ms
 16: 0.157485ms
 17: 0.163011ms
 18: 0.162570ms
 19: 0.156918ms
 20: 0.157948ms
 21: 0.161534ms
 22: 0.160332ms
 23: 0.161731ms
 24: 0.162683ms
 25: 0.163086ms
 26: 0.163759ms
 27: 0.163239ms
 28: 0.163432ms
 29: 0.163756ms
 30: 0.163595ms
 31: 0.163480ms
 32: 0.163454ms
 33: 0.163436ms
 34: 0.163242ms
 35: 0.163229ms
 36: 0.163475ms
 37: 0.163453ms
 38: 0.163725ms
 39: 0.163479ms
 40: 0.163443ms
 41: 0.164268ms
 42: 0.164078ms
 43: 0.163996ms
 44: 0.163846ms
 45: 0.163873ms
 46: 0.163763ms
 47: 0.163829ms
 48: 0.164102ms
 49: 0.164188ms
 50: 0.164286ms
 51: 0.165725ms
 52: 0.164430ms
 53: 0.164389ms
 54: 0.164478ms
 55: 0.164476ms
 56: 0.164487ms
 57: 0.164520ms
 58: 0.164611ms
 59: 0.164560ms
 60: 0.164586ms
 61: 0.165698ms
 62: 0.165693ms
 63: 0.164917ms
 64: 0.164329ms
 65: 0.164789ms
 66: 0.165395ms
 67: 0.165019ms
 68: 0.164901ms
 69: 0.165570ms
 70: 0.165095ms
 71: 0.165434ms
 72: 0.164787ms
 73: 0.164962ms
 74: 0.165375ms
 75: 0.165130ms
 76: 0.165209ms
 77: 0.164783ms
 78: 0.165695ms
 79: 0.165568ms
 80: 0.165077ms
 81: 0.165609ms
 82: 0.165133ms
 83: 0.165293ms
 84: 0.165635ms
 85: 0.164920ms
 86: 0.165957ms
 87: 0.165821ms
 88: 0.165818ms
 89: 0.165791ms
 90: 0.165866ms
 91: 0.165746ms
 92: 0.165946ms
 93: 0.165739ms
 94: 0.165912ms
 95: 0.166112ms
 96: 0.166015ms
 97: 0.166076ms
 98: 0.166195ms
 99: 0.166329ms
 100: 0.166337ms
 101: 0.169178ms
 102: 0.166760ms
 103: 0.166469ms
 104: 0.166682ms
 105: 0.166509ms
 106: 0.166642ms
 107: 0.166919ms
 108: 0.167141ms
 109: 0.167240ms
 110: 0.167183ms
 111: 0.167240ms
 112: 0.167111ms
 113: 0.167760ms
 114: 0.166934ms
 115: 0.167735ms
 116: 0.167017ms
 117: 0.167057ms
 118: 0.167005ms
 119: 0.168024ms
 120: 0.168017ms
 121: 0.168299ms
 122: 0.168328ms
 123: 0.168106ms
 124: 0.168000ms
 125: 0.167861ms
 126: 0.167873ms
 127: 0.168382ms
 128: 0.168330ms
 129: 0.168595ms
 130: 0.168739ms
 131: 0.169128ms
 132: 0.168918ms
 133: 0.168856ms
 134: 0.168928ms
 135: 0.168885ms
 136: 0.166389ms
 137: 0.169999ms
 138: 0.169516ms
 139: 0.169678ms
 140: 0.169607ms
 141: 0.169726ms
 142: 0.169870ms
 143: 0.169355ms
 144: 0.169890ms
 145: 0.169841ms
 146: 0.169596ms
 147: 0.169433ms
 148: 0.170212ms
 149: 0.170194ms
 150: 0.170561ms
 151: 0.170641ms
 152: 0.170801ms
 153: 0.170808ms
 154: 0.171038ms
 155: 0.172140ms
 156: 0.170813ms
 157: 0.171221ms
 158: 0.173369ms
 159: 0.173040ms
 160: 0.171962ms
 161: 0.171957ms
 162: 0.170831ms
 163: 0.171966ms
 164: 0.173268ms
 165: 0.171720ms
 166: 0.170986ms
 167: 0.171070ms
 168: 0.174559ms
 169: 0.174115ms
 170: 0.175001ms
 171: 0.173674ms
 172: 0.173670ms
 173: 0.173859ms
 174: 0.174520ms
 175: 0.174364ms
 176: 0.173467ms
 177: 0.177677ms
 178: 0.175636ms
 179: 0.176140ms
 180: 0.176295ms
 181: 0.176504ms
 182: 0.177388ms
 183: 0.175332ms
 184: 0.175709ms
 185: 0.438873ms
 186: 0.182425ms
 187: 0.182896ms
 188: 0.437844ms
 189: 0.179490ms
 190: 0.432812ms
 191: 0.449563ms
 192: 1.741631ms
 193: 0.183539ms
 194: 0.429311ms
 195: 0.182014ms
 196: 0.182305ms
 197: 0.178553ms
 198: 0.178192ms
 199: 0.284355ms


Measurements
--------------------------
FFT Size            : 64^3
Threads             : 10
Batch               : 1
Iterations          : 200
Avg Tot Runtime     : 0.182658 ms
Runtime per batch   : 0.182658 ms
SD                  : 0.118648 ms
Q1                  : 0.164188 ms
Median              : 0.166333 ms
Q3                  : 0.170194 ms
