Expm 2: Streaming FFTW
FFTW Plan: Patient
-- Cannot import wisdom from ../../wisdom/singlenode/all/175/fftw_175_t39_b1.patient
-- Exporting wisdom file to ../../wisdom/singlenode/all/175/fftw_175_t39_b1.patient
Iteration: 0, 1, 2, 3, 4, 5, 6, 7, 8, 9, 10, 11, 12, 13, 14, 15, 16, 17, 18, 19, 20, 21, 22, 23, 24, 25, 26, 27, 28, 29, 30, 31, 32, 33, 34, 35, 36, 37, 38, 39, 40, 41, 42, 43, 44, 45, 46, 47, 48, 49, 
Printing individual runtimes:
 0: 2.799129ms
 1: 2.553053ms
 2: 2.444183ms
 3: 2.516805ms
 4: 2.430707ms
 5: 2.410680ms
 6: 2.440835ms
 7: 2.436719ms
 8: 2.430840ms
 9: 2.387812ms
 10: 2.428587ms
 11: 2.390890ms
 12: 2.445323ms
 13: 2.405056ms
 14: 2.459265ms
 15: 6.487518ms
 16: 2.664538ms
 17: 3.893683ms
 18: 3.813487ms
 19: 3.760900ms
 20: 3.727280ms
 21: 3.654463ms
 22: 3.705330ms
 23: 3.650207ms
 24: 2.198176ms
 25: 2.140658ms
 26: 2.164986ms
 27: 2.167560ms
 28: 2.186415ms
 29: 4.372556ms
 30: 3.678557ms
 31: 3.859982ms
 32: 2.239672ms
 33: 2.158817ms
 34: 2.178255ms
 35: 2.150408ms
 36: 2.149175ms
 37: 2.135064ms
 38: 2.191376ms
 39: 2.164334ms
 40: 2.179283ms
 41: 2.178938ms
 42: 2.156378ms
 43: 2.153933ms
 44: 3.989841ms
 45: 2.210738ms
 46: 2.151690ms
 47: 2.169163ms
 48: 2.131055ms
 49: 2.171505ms


Measurements
--------------------------
FFT Size            : 175^3
Threads             : 39
Batch               : 1
Iterations          : 50
Avg Tot Runtime     : 2.719316 ms
Runtime per batch   : 2.719316 ms
SD                  : 0.847832 ms
Throughput          : 0.148552 GFLOPs
Plan Time           : 31.907016 sec
