Expm 2: Streaming FFTW
FFTW Plan: Patient
-- Cannot import wisdom from ../../wisdom/singlenode/all/444/fftw_444_t39_b1.patient
-- Exporting wisdom file to ../../wisdom/singlenode/all/444/fftw_444_t39_b1.patient
Iteration: 0, 1, 2, 3, 4, 5, 6, 7, 8, 9, 10, 11, 12, 13, 14, 15, 16, 17, 18, 19, 20, 21, 22, 23, 24, 25, 26, 27, 28, 29, 30, 31, 32, 33, 34, 35, 36, 37, 38, 39, 40, 41, 42, 43, 44, 45, 46, 47, 48, 49, 
Printing individual runtimes:
 0: 394.245602ms
 1: 164.619152ms
 2: 164.295668ms
 3: 165.447692ms
 4: 164.966430ms
 5: 164.543727ms
 6: 272.836470ms
 7: 165.362618ms
 8: 323.150022ms
 9: 322.563016ms
 10: 314.928822ms
 11: 164.749202ms
 12: 164.971040ms
 13: 321.772880ms
 14: 375.024231ms
 15: 320.986431ms
 16: 217.786907ms
 17: 164.638654ms
 18: 165.903339ms
 19: 164.648901ms
 20: 412.526483ms
 21: 163.456549ms
 22: 163.003724ms
 23: 163.870940ms
 24: 420.558832ms
 25: 300.565943ms
 26: 164.756650ms
 27: 163.730729ms
 28: 198.680032ms
 29: 455.759971ms
 30: 175.704041ms
 31: 164.848204ms
 32: 163.408427ms
 33: 163.323032ms
 34: 163.179200ms
 35: 164.889406ms
 36: 348.712194ms
 37: 163.369378ms
 38: 163.428290ms
 39: 324.857309ms
 40: 163.227982ms
 41: 163.619727ms
 42: 163.446239ms
 43: 163.465783ms
 44: 164.098470ms
 45: 407.749654ms
 46: 170.578305ms
 47: 174.433357ms
 48: 197.564904ms
 49: 163.758385ms


Measurements
--------------------------
FFT Size            : 444^3
Threads             : 39
Batch               : 1
Iterations          : 50
Avg Tot Runtime     : 224.240259 ms
Runtime per batch   : 224.240259 ms
SD                  : 90.225536 ms
Throughput          : 11.432652 GFLOPs
Plan Time           : 361.253493 sec
