Expm 2: Streaming FFTW
FFTW Plan: Patient
-- Cannot import wisdom from ../../wisdom/singlenode/all/444/fftw_444_t37_b1.patient
-- Exporting wisdom file to ../../wisdom/singlenode/all/444/fftw_444_t37_b1.patient
Iteration: 0, 1, 2, 3, 4, 5, 6, 7, 8, 9, 10, 11, 12, 13, 14, 15, 16, 17, 18, 19, 20, 21, 22, 23, 24, 25, 26, 27, 28, 29, 30, 31, 32, 33, 34, 35, 36, 37, 38, 39, 40, 41, 42, 43, 44, 45, 46, 47, 48, 49, 
Printing individual runtimes:
 0: 176.613297ms
 1: 176.990150ms
 2: 176.851679ms
 3: 302.205067ms
 4: 175.961901ms
 5: 176.276324ms
 6: 176.381507ms
 7: 266.617660ms
 8: 178.382660ms
 9: 426.754562ms
 10: 186.028560ms
 11: 176.518067ms
 12: 176.104907ms
 13: 176.027094ms
 14: 176.378883ms
 15: 350.217901ms
 16: 269.515202ms
 17: 176.068743ms
 18: 176.250188ms
 19: 176.324895ms
 20: 175.944626ms
 21: 176.186393ms
 22: 177.709499ms
 23: 176.154973ms
 24: 176.401461ms
 25: 175.938789ms
 26: 176.186643ms
 27: 176.066614ms
 28: 175.591247ms
 29: 175.607448ms
 30: 175.784949ms
 31: 176.078920ms
 32: 180.477753ms
 33: 175.952486ms
 34: 176.291247ms
 35: 176.515481ms
 36: 176.326971ms
 37: 176.476841ms
 38: 176.524435ms
 39: 175.813894ms
 40: 176.212208ms
 41: 176.152050ms
 42: 176.171506ms
 43: 176.618779ms
 44: 176.087872ms
 45: 176.377871ms
 46: 177.342529ms
 47: 176.045139ms
 48: 176.348238ms
 49: 176.330138ms


Measurements
--------------------------
FFT Size            : 444^3
Threads             : 37
Batch               : 1
Iterations          : 50
Avg Tot Runtime     : 191.283725 ms
Runtime per batch   : 191.283725 ms
SD                  : 47.868761 ms
Throughput          : 11.649555 GFLOPs
Plan Time           : 314.181083 sec
