Expm 2: Streaming FFTW
FFTW Plan: Patient
-- Cannot import wisdom from ../../wisdom/singlenode/all/661/fftw_661_t37_b1.patient
-- Exporting wisdom file to ../../wisdom/singlenode/all/661/fftw_661_t37_b1.patient
Iteration: 0, 1, 2, 3, 4, 5, 6, 7, 8, 9, 10, 11, 12, 13, 14, 15, 16, 17, 18, 19, 20, 21, 22, 23, 24, 25, 26, 27, 28, 29, 30, 31, 32, 33, 34, 35, 36, 37, 38, 39, 40, 41, 42, 43, 44, 45, 46, 47, 48, 49, 
Printing individual runtimes:
 0: 874.984713ms
 1: 740.279635ms
 2: 611.923528ms
 3: 614.975589ms
 4: 613.924101ms
 5: 1061.428101ms
 6: 697.645363ms
 7: 616.882586ms
 8: 611.860686ms
 9: 617.728078ms
 10: 619.157220ms
 11: 618.798656ms
 12: 622.406661ms
 13: 619.504122ms
 14: 913.396942ms
 15: 615.017511ms
 16: 602.992965ms
 17: 616.862676ms
 18: 617.069607ms
 19: 619.270862ms
 20: 615.696383ms
 21: 614.218732ms
 22: 618.282574ms
 23: 603.312170ms
 24: 616.372611ms
 25: 601.342810ms
 26: 617.071070ms
 27: 603.035494ms
 28: 603.212538ms
 29: 615.617350ms
 30: 602.690071ms
 31: 617.600128ms
 32: 621.289621ms
 33: 615.541528ms
 34: 602.011368ms
 35: 617.362471ms
 36: 616.883547ms
 37: 619.848604ms
 38: 618.256700ms
 39: 601.353948ms
 40: 604.449646ms
 41: 617.671722ms
 42: 602.146443ms
 43: 601.595637ms
 44: 602.979152ms
 45: 602.512406ms
 46: 603.367295ms
 47: 620.790719ms
 48: 603.739184ms
 49: 617.076340ms


Measurements
--------------------------
FFT Size            : 661^3
Threads             : 37
Batch               : 1
Iterations          : 50
Avg Tot Runtime     : 636.868757 ms
Runtime per batch   : 636.868757 ms
SD                  : 84.514631 ms
Throughput          : 57.427149 GFLOPs
Plan Time           : 713.691809 sec
