Expm 2: Streaming FFTW
FFTW Plan: Patient
-- Cannot import wisdom from ../../wisdom/singlenode/all/543/fftw_543_t39_b1.patient
-- Exporting wisdom file to ../../wisdom/singlenode/all/543/fftw_543_t39_b1.patient
Iteration: 0, 1, 2, 3, 4, 5, 6, 7, 8, 9, 10, 11, 12, 13, 14, 15, 16, 17, 18, 19, 20, 21, 22, 23, 24, 25, 26, 27, 28, 29, 30, 31, 32, 33, 34, 35, 36, 37, 38, 39, 40, 41, 42, 43, 44, 45, 46, 47, 48, 49, 
Printing individual runtimes:
 0: 1372.412771ms
 1: 816.667506ms
 2: 793.561332ms
 3: 396.448596ms
 4: 393.456833ms
 5: 394.207652ms
 6: 693.286271ms
 7: 886.854263ms
 8: 508.235612ms
 9: 413.913823ms
 10: 833.917329ms
 11: 519.766580ms
 12: 408.230565ms
 13: 424.672470ms
 14: 708.568139ms
 15: 449.867450ms
 16: 416.215061ms
 17: 412.638441ms
 18: 449.292912ms
 19: 416.579741ms
 20: 412.056646ms
 21: 412.070431ms
 22: 412.926724ms
 23: 869.757421ms
 24: 778.380520ms
 25: 571.970977ms
 26: 415.017150ms
 27: 409.288343ms
 28: 412.394463ms
 29: 413.724371ms
 30: 414.213356ms
 31: 414.191755ms
 32: 410.687114ms
 33: 411.130905ms
 34: 412.312953ms
 35: 429.665644ms
 36: 414.742644ms
 37: 410.874188ms
 38: 413.655328ms
 39: 412.556985ms
 40: 399.343889ms
 41: 396.318695ms
 42: 393.792786ms
 43: 403.306376ms
 44: 399.402322ms
 45: 394.970544ms
 46: 398.031240ms
 47: 393.677985ms
 48: 599.165440ms
 49: 611.166567ms


Measurements
--------------------------
FFT Size            : 543^3
Threads             : 39
Batch               : 1
Iterations          : 50
Avg Tot Runtime     : 506.991742 ms
Runtime per batch   : 506.991742 ms
SD                  : 190.901845 ms
Throughput          : 29.338655 GFLOPs
Plan Time           : 335.059707 sec
