Expm 2: Streaming FFTW
FFTW Plan: Patient
-- Cannot import wisdom from ../../wisdom/singlenode/all/40/fftw_40_t40_b1.patient
-- Exporting wisdom file to ../../wisdom/singlenode/all/40/fftw_40_t40_b1.patient
Iteration: 0, 1, 2, 3, 4, 5, 6, 7, 8, 9, 10, 11, 12, 13, 14, 15, 16, 17, 18, 19, 20, 21, 22, 23, 24, 25, 26, 27, 28, 29, 30, 31, 32, 33, 34, 35, 36, 37, 38, 39, 40, 41, 42, 43, 44, 45, 46, 47, 48, 49, 
Printing individual runtimes:
 0: 0.180358ms
 1: 0.146043ms
 2: 0.151641ms
 3: 0.160115ms
 4: 0.136385ms
 5: 0.389881ms
 6: 0.053402ms
 7: 0.049640ms
 8: 0.049732ms
 9: 0.050093ms
 10: 0.315720ms
 11: 0.049498ms
 12: 0.054783ms
 13: 0.055938ms
 14: 0.051415ms
 15: 0.050189ms
 16: 0.049887ms
 17: 0.050088ms
 18: 0.049334ms
 19: 0.050722ms
 20: 0.055507ms
 21: 0.054252ms
 22: 0.047503ms
 23: 0.048111ms
 24: 0.053238ms
 25: 0.049032ms
 26: 0.153111ms
 27: 0.055357ms
 28: 0.050422ms
 29: 0.049525ms
 30: 0.048101ms
 31: 0.048431ms
 32: 0.052347ms
 33: 0.048092ms
 34: 0.054267ms
 35: 0.053320ms
 36: 0.049108ms
 37: 0.048017ms
 38: 0.048077ms
 39: 0.048805ms
 40: 0.048933ms
 41: 0.048557ms
 42: 0.049232ms
 43: 0.048197ms
 44: 0.056848ms
 45: 0.941956ms
 46: 0.050040ms
 47: 0.705971ms
 48: 0.139646ms
 49: 0.057255ms


Measurements
--------------------------
FFT Size            : 40^3
Threads             : 40
Batch               : 1
Iterations          : 50
Avg Tot Runtime     : 0.108122 ms
Runtime per batch   : 0.108122 ms
SD                  : 0.162372 ms
Throughput          : 0.000398 GFLOPs
Plan Time           : 10.077632 sec
