Expm 2: Streaming FFT

Printing individual runtimes:
 0: 0.254395ms
 1: 0.041482ms
 2: 0.036472ms
 3: 0.126545ms
 4: 0.031636ms
 5: 0.039670ms
 6: 0.029249ms
 7: 0.137877ms
 8: 0.030479ms
 9: 0.032806ms
 10: 0.032111ms
 11: 0.057633ms
 12: 0.142111ms
 13: 0.031017ms
 14: 0.042363ms
 15: 0.137616ms
 16: 0.048378ms
 17: 0.041552ms
 18: 0.155831ms
 19: 0.034911ms
 20: 0.028330ms
 21: 0.043031ms
 22: 0.128433ms
 23: 0.047734ms
 24: 0.040397ms
 25: 0.029263ms
 26: 0.161284ms
 27: 0.030502ms
 28: 0.031412ms
 29: 0.135627ms
 30: 0.030418ms
 31: 0.030248ms
 32: 0.032275ms
 33: 0.046875ms
 34: 0.039881ms
 35: 0.033472ms
 36: 0.149804ms
 37: 0.032450ms
 38: 0.032759ms
 39: 0.049673ms
 40: 0.028149ms
 41: 0.054112ms
 42: 0.039032ms
 43: 0.031463ms
 44: 0.155858ms
 45: 0.033046ms
 46: 0.032903ms
 47: 0.028886ms
 48: 0.033026ms
 49: 0.040803ms
 50: 0.031956ms
 51: 0.138584ms
 52: 0.031763ms
 53: 0.033936ms
 54: 0.040041ms
 55: 0.028115ms
 56: 0.038787ms
 57: 0.039799ms
 58: 0.029411ms
 59: 0.042231ms
 60: 0.041458ms
 61: 0.029595ms
 62: 0.034892ms
 63: 0.027762ms
 64: 0.145349ms
 65: 0.044772ms
 66: 0.029000ms
 67: 0.031837ms
 68: 0.029028ms
 69: 0.032428ms
 70: 0.029161ms
 71: 0.031591ms
 72: 0.030589ms
 73: 0.031102ms
 74: 0.029921ms
 75: 0.044143ms
 76: 0.031122ms
 77: 0.030963ms
 78: 0.032737ms
 79: 0.030685ms
 80: 0.039702ms
 81: 0.140509ms
 82: 0.031879ms
 83: 0.040687ms
 84: 0.047305ms
 85: 0.031179ms
 86: 0.036715ms
 87: 0.032319ms
 88: 0.047204ms
 89: 0.031687ms
 90: 0.029035ms
 91: 0.028721ms
 92: 0.030717ms
 93: 0.051690ms
 94: 0.032115ms
 95: 0.031151ms
 96: 0.087564ms
 97: 0.135009ms
 98: 0.033111ms
 99: 0.038553ms
 100: 0.040213ms
 101: 0.032827ms
 102: 0.031307ms
 103: 0.029761ms
 104: 0.030924ms
 105: 0.048509ms
 106: 0.046916ms
 107: 0.031267ms
 108: 0.030292ms
 109: 0.029854ms
 110: 0.032769ms
 111: 0.036991ms
 112: 0.033684ms
 113: 0.040713ms
 114: 0.040945ms
 115: 0.031051ms
 116: 0.029641ms
 117: 0.032565ms
 118: 0.132657ms
 119: 0.042301ms
 120: 0.031718ms
 121: 0.043967ms
 122: 0.031739ms
 123: 0.040612ms
 124: 0.054539ms
 125: 0.029876ms
 126: 0.031275ms
 127: 0.054706ms
 128: 0.030585ms
 129: 0.040012ms
 130: 0.030363ms
 131: 0.031731ms
 132: 0.029672ms
 133: 0.029226ms
 134: 0.032790ms
 135: 0.146482ms
 136: 0.041229ms
 137: 0.031083ms
 138: 0.033016ms
 139: 0.029197ms
 140: 0.038967ms
 141: 0.032320ms
 142: 0.167785ms
 143: 0.054143ms
 144: 0.029614ms
 145: 0.044705ms
 146: 0.030435ms
 147: 0.032671ms
 148: 0.029282ms
 149: 0.039768ms
 150: 0.030875ms
 151: 0.030990ms
 152: 0.037914ms
 153: 0.028867ms
 154: 0.046247ms
 155: 0.041594ms
 156: 0.040818ms
 157: 0.030996ms
 158: 0.029937ms
 159: 0.031657ms
 160: 0.031757ms
 161: 0.029710ms
 162: 0.030916ms
 163: 0.038977ms
 164: 0.146225ms
 165: 0.041182ms
 166: 0.041865ms
 167: 0.040409ms
 168: 0.030372ms
 169: 0.031016ms
 170: 0.040795ms
 171: 0.038505ms
 172: 0.046235ms
 173: 0.030714ms
 174: 0.030744ms
 175: 0.040006ms
 176: 0.053040ms
 177: 0.029977ms
 178: 0.031493ms
 179: 0.031337ms
 180: 0.041684ms
 181: 0.031495ms
 182: 0.039441ms
 183: 0.140841ms
 184: 0.030607ms
 185: 0.032050ms
 186: 0.032338ms
 187: 0.031038ms
 188: 0.033485ms
 189: 0.031221ms
 190: 0.040838ms
 191: 0.033106ms
 192: 0.030303ms
 193: 0.053289ms
 194: 0.029636ms
 195: 0.046551ms
 196: 0.030045ms
 197: 0.029757ms
 198: 0.040313ms
 199: 0.047785ms


-- Real : Q1: 50 Q2: 100 Q3: 150
-- Array: Q1: 49 Q2: 99 Q3: 149
Printing sorted runtimes:
 0: 0.029854ms
 1: 0.029411ms
 2: 0.029614ms
 3: 0.029757ms
 4: 0.029282ms
 5: 0.029197ms
 6: 0.029249ms
 7: 0.029595ms
 8: 0.027762ms
 9: 0.028115ms
 10: 0.029000ms
 11: 0.029636ms
 12: 0.029028ms
 13: 0.029161ms
 14: 0.029226ms
 15: 0.029672ms
 16: 0.028886ms
 17: 0.029035ms
 18: 0.028721ms
 19: 0.028149ms
 20: 0.028330ms
 21: 0.029710ms
 22: 0.028867ms
 23: 0.029761ms
 24: 0.029641ms
 25: 0.029263ms
 26: 0.030502ms
 27: 0.030435ms
 28: 0.030045ms
 29: 0.030479ms
 30: 0.030418ms
 31: 0.030248ms
 32: 0.030292ms
 33: 0.029937ms
 34: 0.030303ms
 35: 0.029921ms
 36: 0.029876ms
 37: 0.030363ms
 38: 0.030372ms
 39: 0.029977ms
 40: 0.030924ms
 41: 0.030714ms
 42: 0.030585ms
 43: 0.030685ms
 44: 0.030744ms
 45: 0.030875ms
 46: 0.030717ms
 47: 0.030916ms
 48: 0.030607ms
 49: 0.030589ms
 50: 0.030963ms
 51: 0.032338ms
 52: 0.030996ms
 53: 0.031017ms
 54: 0.031016ms
 55: 0.031083ms
 56: 0.031102ms
 57: 0.031051ms
 58: 0.031038ms
 59: 0.031636ms
 60: 0.032320ms
 61: 0.032111ms
 62: 0.031731ms
 63: 0.031221ms
 64: 0.031275ms
 65: 0.030990ms
 66: 0.031739ms
 67: 0.031837ms
 68: 0.031763ms
 69: 0.032050ms
 70: 0.031956ms
 71: 0.031591ms
 72: 0.031718ms
 73: 0.031412ms
 74: 0.031495ms
 75: 0.032275ms
 76: 0.031122ms
 77: 0.031267ms
 78: 0.031337ms
 79: 0.031463ms
 80: 0.031657ms
 81: 0.031307ms
 82: 0.031879ms
 83: 0.031757ms
 84: 0.031493ms
 85: 0.031179ms
 86: 0.031151ms
 87: 0.032319ms
 88: 0.032115ms
 89: 0.031687ms
 90: 0.032806ms
 91: 0.032737ms
 92: 0.032759ms
 93: 0.032450ms
 94: 0.032428ms
 95: 0.032790ms
 96: 0.032671ms
 97: 0.032769ms
 98: 0.032565ms
 99: 0.032827ms
 100: 0.032903ms
 101: 0.040803ms
 102: 0.033046ms
 103: 0.033026ms
 104: 0.033472ms
 105: 0.033111ms
 106: 0.033106ms
 107: 0.033485ms
 108: 0.039702ms
 109: 0.039881ms
 110: 0.039768ms
 111: 0.036991ms
 112: 0.033684ms
 113: 0.038967ms
 114: 0.039670ms
 115: 0.038505ms
 116: 0.039441ms
 117: 0.038553ms
 118: 0.036472ms
 119: 0.039799ms
 120: 0.036715ms
 121: 0.038977ms
 122: 0.033936ms
 123: 0.039032ms
 124: 0.037914ms
 125: 0.034892ms
 126: 0.038787ms
 127: 0.034911ms
 128: 0.040006ms
 129: 0.040012ms
 130: 0.040795ms
 131: 0.040041ms
 132: 0.033016ms
 133: 0.040612ms
 134: 0.040313ms
 135: 0.040687ms
 136: 0.040213ms
 137: 0.040397ms
 138: 0.040409ms
 139: 0.040713ms
 140: 0.041458ms
 141: 0.040838ms
 142: 0.040945ms
 143: 0.041229ms
 144: 0.040818ms
 145: 0.041182ms
 146: 0.041552ms
 147: 0.041482ms
 148: 0.041594ms
 149: 0.041684ms
 150: 0.041865ms
 151: 0.042363ms
 152: 0.043031ms
 153: 0.043967ms
 154: 0.042231ms
 155: 0.044143ms
 156: 0.042301ms
 157: 0.047734ms
 158: 0.046916ms
 159: 0.046247ms
 160: 0.046875ms
 161: 0.046235ms
 162: 0.046551ms
 163: 0.047204ms
 164: 0.044772ms
 165: 0.047305ms
 166: 0.044705ms
 167: 0.047785ms
 168: 0.140509ms
 169: 0.146225ms
 170: 0.145349ms
 171: 0.051690ms
 172: 0.087564ms
 173: 0.138584ms
 174: 0.155858ms
 175: 0.054112ms
 176: 0.053040ms
 177: 0.049673ms
 178: 0.149804ms
 179: 0.135009ms
 180: 0.048509ms
 181: 0.135627ms
 182: 0.161284ms
 183: 0.140841ms
 184: 0.132657ms
 185: 0.128433ms
 186: 0.054539ms
 187: 0.155831ms
 188: 0.054706ms
 189: 0.048378ms
 190: 0.137616ms
 191: 0.146482ms
 192: 0.142111ms
 193: 0.053289ms
 194: 0.057633ms
 195: 0.167785ms
 196: 0.137877ms
 197: 0.126545ms
 198: 0.254395ms
 199: 0.054143ms


Measurements
--------------------------
FFT Size            : 40^3
Threads             : 28
Batch               : 1
Iterations          : 200
Avg Tot Runtime     : 0.047273 ms
Runtime per batch   : 0.047273 ms
SD                  : 0.035675 ms
Q1                  : 0.030589 ms
Median              : 0.032865 ms
Q3                  : 0.041684 ms
