Expm 2: Streaming FFT

Printing individual runtimes:
 0: 0.214941ms
 1: 0.028856ms
 2: 0.031821ms
 3: 0.129554ms
 4: 0.030700ms
 5: 0.107131ms
 6: 0.030067ms
 7: 0.030607ms
 8: 0.047577ms
 9: 0.088692ms
 10: 0.043764ms
 11: 0.046340ms
 12: 0.031943ms
 13: 0.102996ms
 14: 0.030454ms
 15: 0.028038ms
 16: 0.042960ms
 17: 0.051170ms
 18: 0.043856ms
 19: 0.044330ms
 20: 0.090758ms
 21: 0.045876ms
 22: 0.036463ms
 23: 0.090638ms
 24: 0.047373ms
 25: 0.048856ms
 26: 0.046563ms
 27: 0.034714ms
 28: 0.039975ms
 29: 0.046047ms
 30: 0.041697ms
 31: 0.052440ms
 32: 0.035848ms
 33: 0.031264ms
 34: 0.036329ms
 35: 0.031240ms
 36: 0.028369ms
 37: 0.085462ms
 38: 0.034277ms
 39: 0.030630ms
 40: 0.082674ms
 41: 0.038064ms
 42: 0.028643ms
 43: 0.039031ms
 44: 0.035699ms
 45: 0.030158ms
 46: 0.031264ms
 47: 0.035278ms
 48: 0.031107ms
 49: 0.045312ms
 50: 0.030343ms
 51: 0.049042ms
 52: 0.034748ms
 53: 0.052115ms
 54: 0.055296ms
 55: 0.050580ms
 56: 0.046790ms
 57: 0.032303ms
 58: 0.032551ms
 59: 0.031095ms
 60: 0.036443ms
 61: 0.029917ms
 62: 0.046226ms
 63: 0.048753ms
 64: 0.047771ms
 65: 0.050191ms
 66: 0.059947ms
 67: 0.087236ms
 68: 0.029708ms
 69: 0.046380ms
 70: 0.046536ms
 71: 0.030105ms
 72: 0.049940ms
 73: 0.049846ms
 74: 0.030752ms
 75: 0.049423ms
 76: 0.044302ms
 77: 0.044284ms
 78: 0.030197ms
 79: 0.052851ms
 80: 0.051809ms
 81: 0.030103ms
 82: 0.029492ms
 83: 0.045447ms
 84: 0.029301ms
 85: 0.049670ms
 86: 0.046085ms
 87: 0.044009ms
 88: 0.029388ms
 89: 0.045680ms
 90: 0.046307ms
 91: 0.046021ms
 92: 0.029509ms
 93: 0.029964ms
 94: 0.104797ms
 95: 0.044572ms
 96: 0.046938ms
 97: 0.030814ms
 98: 0.098833ms
 99: 0.043531ms
 100: 0.043226ms
 101: 0.031624ms
 102: 0.044933ms
 103: 0.046152ms
 104: 0.047937ms
 105: 0.044248ms
 106: 0.047063ms
 107: 0.044889ms
 108: 0.032378ms
 109: 0.045157ms
 110: 0.028622ms
 111: 0.046140ms
 112: 0.044307ms
 113: 0.049236ms
 114: 0.028786ms
 115: 0.045522ms
 116: 0.042870ms
 117: 0.032367ms
 118: 0.043580ms
 119: 0.047047ms
 120: 0.031220ms
 121: 0.029601ms
 122: 0.044458ms
 123: 0.044346ms
 124: 0.044379ms
 125: 0.029776ms
 126: 0.046332ms
 127: 0.048957ms
 128: 0.043771ms
 129: 0.046196ms
 130: 0.043754ms
 131: 0.029729ms
 132: 0.029599ms
 133: 0.031536ms
 134: 0.028445ms
 135: 0.028607ms
 136: 0.044920ms
 137: 0.046924ms
 138: 0.029930ms
 139: 0.046749ms
 140: 0.040579ms
 141: 0.044955ms
 142: 0.031163ms
 143: 0.029671ms
 144: 0.050623ms
 145: 0.032392ms
 146: 0.028786ms
 147: 0.045531ms
 148: 0.030503ms
 149: 0.047655ms
 150: 0.047241ms
 151: 0.083582ms
 152: 0.029869ms
 153: 0.045020ms
 154: 0.045920ms
 155: 0.047335ms
 156: 0.086678ms
 157: 0.029226ms
 158: 0.043327ms
 159: 0.048737ms
 160: 0.049228ms
 161: 0.028430ms
 162: 0.026896ms
 163: 0.043153ms
 164: 0.051444ms
 165: 0.031011ms
 166: 0.029180ms
 167: 0.045956ms
 168: 0.047480ms
 169: 0.045412ms
 170: 0.044868ms
 171: 0.045336ms
 172: 0.029795ms
 173: 0.044881ms
 174: 0.046283ms
 175: 0.029821ms
 176: 0.045573ms
 177: 0.042212ms
 178: 0.043244ms
 179: 0.030068ms
 180: 0.044345ms
 181: 0.049702ms
 182: 0.030703ms
 183: 0.029444ms
 184: 0.043718ms
 185: 0.042603ms
 186: 0.031594ms
 187: 0.029617ms
 188: 0.049054ms
 189: 0.050029ms
 190: 0.027898ms
 191: 0.042690ms
 192: 0.045446ms
 193: 0.044306ms
 194: 0.046030ms
 195: 0.027926ms
 196: 0.044912ms
 197: 0.047245ms
 198: 0.040306ms
 199: 0.044328ms


-- Real : Q1: 50 Q2: 100 Q3: 150
-- Array: Q1: 49 Q2: 99 Q3: 149
Printing sorted runtimes:
 0: 0.029388ms
 1: 0.028856ms
 2: 0.029301ms
 3: 0.028622ms
 4: 0.028786ms
 5: 0.027926ms
 6: 0.028445ms
 7: 0.028607ms
 8: 0.028786ms
 9: 0.027898ms
 10: 0.028643ms
 11: 0.029226ms
 12: 0.028369ms
 13: 0.028430ms
 14: 0.026896ms
 15: 0.028038ms
 16: 0.029180ms
 17: 0.030703ms
 18: 0.029708ms
 19: 0.030068ms
 20: 0.029509ms
 21: 0.029821ms
 22: 0.029964ms
 23: 0.029795ms
 24: 0.029729ms
 25: 0.029599ms
 26: 0.030067ms
 27: 0.030607ms
 28: 0.029492ms
 29: 0.030454ms
 30: 0.030103ms
 31: 0.029930ms
 32: 0.029917ms
 33: 0.029776ms
 34: 0.030197ms
 35: 0.029601ms
 36: 0.029671ms
 37: 0.029444ms
 38: 0.030105ms
 39: 0.030630ms
 40: 0.029869ms
 41: 0.030700ms
 42: 0.029617ms
 43: 0.030343ms
 44: 0.030503ms
 45: 0.030158ms
 46: 0.031095ms
 47: 0.030814ms
 48: 0.031011ms
 49: 0.030752ms
 50: 0.031107ms
 51: 0.040306ms
 52: 0.031220ms
 53: 0.031536ms
 54: 0.031594ms
 55: 0.031264ms
 56: 0.031240ms
 57: 0.031264ms
 58: 0.031624ms
 59: 0.031943ms
 60: 0.031821ms
 61: 0.032303ms
 62: 0.032378ms
 63: 0.034714ms
 64: 0.032551ms
 65: 0.032392ms
 66: 0.034277ms
 67: 0.032367ms
 68: 0.034748ms
 69: 0.036443ms
 70: 0.031163ms
 71: 0.036463ms
 72: 0.035278ms
 73: 0.035699ms
 74: 0.039031ms
 75: 0.039975ms
 76: 0.038064ms
 77: 0.035848ms
 78: 0.036329ms
 79: 0.043764ms
 80: 0.042603ms
 81: 0.041697ms
 82: 0.042870ms
 83: 0.043153ms
 84: 0.042960ms
 85: 0.042690ms
 86: 0.042212ms
 87: 0.043226ms
 88: 0.043531ms
 89: 0.040579ms
 90: 0.043580ms
 91: 0.043754ms
 92: 0.043718ms
 93: 0.043327ms
 94: 0.043244ms
 95: 0.044248ms
 96: 0.043856ms
 97: 0.043771ms
 98: 0.044009ms
 99: 0.044284ms
 100: 0.044302ms
 101: 0.045680ms
 102: 0.044307ms
 103: 0.044328ms
 104: 0.044306ms
 105: 0.044912ms
 106: 0.045446ms
 107: 0.044889ms
 108: 0.044345ms
 109: 0.045157ms
 110: 0.044933ms
 111: 0.044330ms
 112: 0.045573ms
 113: 0.044881ms
 114: 0.045336ms
 115: 0.045522ms
 116: 0.044868ms
 117: 0.045412ms
 118: 0.044572ms
 119: 0.045020ms
 120: 0.045312ms
 121: 0.045531ms
 122: 0.044458ms
 123: 0.044346ms
 124: 0.044379ms
 125: 0.044955ms
 126: 0.044920ms
 127: 0.045447ms
 128: 0.046047ms
 129: 0.045956ms
 130: 0.045920ms
 131: 0.045876ms
 132: 0.046021ms
 133: 0.046030ms
 134: 0.046536ms
 135: 0.046307ms
 136: 0.046332ms
 137: 0.046196ms
 138: 0.046226ms
 139: 0.046283ms
 140: 0.046140ms
 141: 0.046380ms
 142: 0.046085ms
 143: 0.046340ms
 144: 0.046152ms
 145: 0.046749ms
 146: 0.046563ms
 147: 0.046938ms
 148: 0.046790ms
 149: 0.046924ms
 150: 0.047047ms
 151: 0.047063ms
 152: 0.047245ms
 153: 0.047241ms
 154: 0.047655ms
 155: 0.047335ms
 156: 0.047480ms
 157: 0.047771ms
 158: 0.047373ms
 159: 0.047577ms
 160: 0.047937ms
 161: 0.052440ms
 162: 0.049228ms
 163: 0.048737ms
 164: 0.051444ms
 165: 0.048856ms
 166: 0.098833ms
 167: 0.085462ms
 168: 0.086678ms
 169: 0.049846ms
 170: 0.049423ms
 171: 0.214941ms
 172: 0.090638ms
 173: 0.049236ms
 174: 0.082674ms
 175: 0.083582ms
 176: 0.051809ms
 177: 0.090758ms
 178: 0.104797ms
 179: 0.049940ms
 180: 0.052851ms
 181: 0.049702ms
 182: 0.049670ms
 183: 0.051170ms
 184: 0.049042ms
 185: 0.102996ms
 186: 0.052115ms
 187: 0.050623ms
 188: 0.049054ms
 189: 0.050029ms
 190: 0.088692ms
 191: 0.055296ms
 192: 0.050580ms
 193: 0.048753ms
 194: 0.050191ms
 195: 0.107131ms
 196: 0.059947ms
 197: 0.087236ms
 198: 0.129554ms
 199: 0.048957ms


Measurements
--------------------------
FFT Size            : 40^3
Threads             : 35
Batch               : 1
Iterations          : 200
Avg Tot Runtime     : 0.044460 ms
Runtime per batch   : 0.044460 ms
SD                  : 0.020085 ms
Q1                  : 0.030752 ms
Median              : 0.044293 ms
Q3                  : 0.046924 ms
