Expm 2: Streaming FFTW
FFTW Plan: Patient
-- Cannot import wisdom from ../../wisdom/singlenode/all/111/fftw_111_t36_b1.patient
-- Exporting wisdom file to ../../wisdom/singlenode/all/111/fftw_111_t36_b1.patient
Iteration: 0, 1, 2, 3, 4, 5, 6, 7, 8, 9, 10, 11, 12, 13, 14, 15, 16, 17, 18, 19, 20, 21, 22, 23, 24, 25, 26, 27, 28, 29, 30, 31, 32, 33, 34, 35, 36, 37, 38, 39, 40, 41, 42, 43, 44, 45, 46, 47, 48, 49, 
Printing individual runtimes:
 0: 3.259026ms
 1: 3.346646ms
 2: 3.320260ms
 3: 3.286031ms
 4: 3.296196ms
 5: 3.345814ms
 6: 3.340126ms
 7: 3.287758ms
 8: 3.315141ms
 9: 4.747518ms
 10: 3.320923ms
 11: 3.830786ms
 12: 3.276463ms
 13: 5.962187ms
 14: 3.282062ms
 15: 4.127715ms
 16: 3.333499ms
 17: 3.357358ms
 18: 3.305166ms
 19: 3.341179ms
 20: 3.283394ms
 21: 3.350736ms
 22: 3.246750ms
 23: 3.301659ms
 24: 3.287617ms
 25: 3.372238ms
 26: 3.267006ms
 27: 3.311244ms
 28: 3.271717ms
 29: 3.328933ms
 30: 3.271783ms
 31: 3.327826ms
 32: 3.300776ms
 33: 3.288999ms
 34: 3.284897ms
 35: 3.310121ms
 36: 3.333598ms
 37: 3.295431ms
 38: 3.313539ms
 39: 8.777761ms
 40: 3.291219ms
 41: 3.398223ms
 42: 3.279578ms
 43: 3.282034ms
 44: 3.367515ms
 45: 3.356597ms
 46: 7.425327ms
 47: 6.115934ms
 48: 3.337466ms
 49: 3.317357ms


Measurements
--------------------------
FFT Size            : 111^3
Threads             : 36
Batch               : 1
Iterations          : 50
Avg Tot Runtime     : 3.667583 ms
Runtime per batch   : 3.667583 ms
SD                  : 1.080744 ms
Throughput          : 0.174911 GFLOPs
Plan Time           : 15.993182 sec
