Expm 2: Streaming FFT

Printing individual runtimes:
 0: 0.149879ms
 1: 0.030071ms
 2: 0.024034ms
 3: 0.096062ms
 4: 0.030090ms
 5: 0.028629ms
 6: 0.021345ms
 7: 0.029386ms
 8: 0.018301ms
 9: 0.021631ms
 10: 0.097736ms
 11: 0.019535ms
 12: 0.020286ms
 13: 0.019066ms
 14: 0.091447ms
 15: 0.027741ms
 16: 0.020564ms
 17: 0.032103ms
 18: 0.020464ms
 19: 0.019896ms
 20: 0.028418ms
 21: 0.097973ms
 22: 0.020712ms
 23: 0.021792ms
 24: 0.026419ms
 25: 0.029329ms
 26: 0.020674ms
 27: 0.102275ms
 28: 0.029726ms
 29: 0.031904ms
 30: 0.020973ms
 31: 0.088740ms
 32: 0.025729ms
 33: 0.020235ms
 34: 0.019643ms
 35: 0.034262ms
 36: 0.019398ms
 37: 0.087228ms
 38: 0.021178ms
 39: 0.020709ms
 40: 0.019392ms
 41: 0.027921ms
 42: 0.029636ms
 43: 0.020150ms
 44: 0.021219ms
 45: 0.025509ms
 46: 0.020401ms
 47: 0.082873ms
 48: 0.020232ms
 49: 0.020701ms
 50: 0.019598ms
 51: 0.021621ms
 52: 0.032598ms
 53: 0.040942ms
 54: 0.019312ms
 55: 0.021253ms
 56: 0.031989ms
 57: 0.021638ms
 58: 0.024292ms
 59: 0.019660ms
 60: 0.020976ms
 61: 0.018661ms
 62: 0.023212ms
 63: 0.019174ms
 64: 0.031601ms
 65: 0.096581ms
 66: 0.035494ms
 67: 0.024784ms
 68: 0.028062ms
 69: 0.020118ms
 70: 0.018844ms
 71: 0.021159ms
 72: 0.019500ms
 73: 0.019279ms
 74: 0.094595ms
 75: 0.029304ms
 76: 0.029819ms
 77: 0.017874ms
 78: 0.030143ms
 79: 0.027389ms
 80: 0.022561ms
 81: 0.032185ms
 82: 0.029293ms
 83: 0.022628ms
 84: 0.028507ms
 85: 0.021239ms
 86: 0.028755ms
 87: 0.020339ms
 88: 0.025741ms
 89: 0.021196ms
 90: 0.018871ms
 91: 0.027026ms
 92: 0.083070ms
 93: 0.019023ms
 94: 0.022104ms
 95: 0.017768ms
 96: 0.019614ms
 97: 0.023689ms
 98: 0.019096ms
 99: 0.030493ms
 100: 0.028281ms
 101: 0.027320ms
 102: 0.021001ms
 103: 0.028547ms
 104: 0.028638ms
 105: 0.019725ms
 106: 0.018508ms
 107: 0.030001ms
 108: 0.021431ms
 109: 0.024588ms
 110: 0.095614ms
 111: 0.020854ms
 112: 0.030621ms
 113: 0.019752ms
 114: 0.018367ms
 115: 0.026028ms
 116: 0.019828ms
 117: 0.029848ms
 118: 0.019382ms
 119: 0.019909ms
 120: 0.030617ms
 121: 0.025863ms
 122: 0.027569ms
 123: 0.026661ms
 124: 0.019907ms
 125: 0.020190ms
 126: 0.020450ms
 127: 0.076762ms
 128: 0.021433ms
 129: 0.022025ms
 130: 0.019673ms
 131: 0.026671ms
 132: 0.019182ms
 133: 0.030151ms
 134: 0.022164ms
 135: 0.019356ms
 136: 0.020736ms
 137: 0.020855ms
 138: 0.018205ms
 139: 0.020249ms
 140: 0.020231ms
 141: 0.017784ms
 142: 0.024004ms
 143: 0.019770ms
 144: 0.020738ms
 145: 0.027716ms
 146: 0.089461ms
 147: 0.019031ms
 148: 0.020579ms
 149: 0.021496ms
 150: 0.019162ms
 151: 0.018113ms
 152: 0.019604ms
 153: 0.022113ms
 154: 0.027859ms
 155: 0.023857ms
 156: 0.028799ms
 157: 0.017452ms
 158: 0.026007ms
 159: 0.024192ms
 160: 0.027074ms
 161: 0.029738ms
 162: 0.019016ms
 163: 0.083571ms
 164: 0.029478ms
 165: 0.024456ms
 166: 0.021080ms
 167: 0.019892ms
 168: 0.019937ms
 169: 0.018887ms
 170: 0.020874ms
 171: 0.027969ms
 172: 0.028411ms
 173: 0.019907ms
 174: 0.018767ms
 175: 0.021824ms
 176: 0.029519ms
 177: 0.019209ms
 178: 0.020133ms
 179: 0.020830ms
 180: 0.018193ms
 181: 0.028240ms
 182: 0.032744ms
 183: 0.019714ms
 184: 0.022111ms
 185: 0.018900ms
 186: 0.020030ms
 187: 0.032041ms
 188: 0.033139ms
 189: 0.031070ms
 190: 0.018759ms
 191: 0.028978ms
 192: 0.024197ms
 193: 0.019127ms
 194: 0.031024ms
 195: 0.026280ms
 196: 0.018363ms
 197: 0.094184ms
 198: 0.088731ms
 199: 0.020999ms


-- Real : Q1: 50 Q2: 100 Q3: 150
-- Array: Q1: 49 Q2: 99 Q3: 149
Printing sorted runtimes:
 0: 0.018661ms
 1: 0.018205ms
 2: 0.017874ms
 3: 0.018363ms
 4: 0.017452ms
 5: 0.017768ms
 6: 0.018113ms
 7: 0.018193ms
 8: 0.018301ms
 9: 0.017784ms
 10: 0.018508ms
 11: 0.018367ms
 12: 0.019066ms
 13: 0.018844ms
 14: 0.018887ms
 15: 0.019016ms
 16: 0.018871ms
 17: 0.018900ms
 18: 0.019023ms
 19: 0.018767ms
 20: 0.018759ms
 21: 0.019031ms
 22: 0.019907ms
 23: 0.019535ms
 24: 0.019752ms
 25: 0.019714ms
 26: 0.019770ms
 27: 0.019673ms
 28: 0.019725ms
 29: 0.019174ms
 30: 0.019162ms
 31: 0.019209ms
 32: 0.019182ms
 33: 0.019660ms
 34: 0.019643ms
 35: 0.019096ms
 36: 0.019398ms
 37: 0.019896ms
 38: 0.019614ms
 39: 0.019127ms
 40: 0.019392ms
 41: 0.019382ms
 42: 0.019828ms
 43: 0.019892ms
 44: 0.019604ms
 45: 0.019312ms
 46: 0.019500ms
 47: 0.019356ms
 48: 0.019279ms
 49: 0.019598ms
 50: 0.019907ms
 51: 0.020286ms
 52: 0.019937ms
 53: 0.020030ms
 54: 0.020118ms
 55: 0.020133ms
 56: 0.020190ms
 57: 0.020231ms
 58: 0.020150ms
 59: 0.020232ms
 60: 0.020235ms
 61: 0.020249ms
 62: 0.019909ms
 63: 0.020709ms
 64: 0.020450ms
 65: 0.020564ms
 66: 0.020464ms
 67: 0.020674ms
 68: 0.020579ms
 69: 0.020339ms
 70: 0.020401ms
 71: 0.020701ms
 72: 0.021621ms
 73: 0.020738ms
 74: 0.021159ms
 75: 0.020855ms
 76: 0.020854ms
 77: 0.020736ms
 78: 0.020874ms
 79: 0.020712ms
 80: 0.021431ms
 81: 0.021253ms
 82: 0.020830ms
 83: 0.020999ms
 84: 0.021496ms
 85: 0.021239ms
 86: 0.021001ms
 87: 0.020976ms
 88: 0.020973ms
 89: 0.021196ms
 90: 0.021080ms
 91: 0.021433ms
 92: 0.021219ms
 93: 0.021345ms
 94: 0.021178ms
 95: 0.021792ms
 96: 0.021638ms
 97: 0.021631ms
 98: 0.021824ms
 99: 0.022025ms
 100: 0.022104ms
 101: 0.027320ms
 102: 0.022113ms
 103: 0.022164ms
 104: 0.022628ms
 105: 0.023857ms
 106: 0.022111ms
 107: 0.024197ms
 108: 0.022561ms
 109: 0.024034ms
 110: 0.023689ms
 111: 0.024192ms
 112: 0.024292ms
 113: 0.024004ms
 114: 0.026419ms
 115: 0.026028ms
 116: 0.024588ms
 117: 0.024784ms
 118: 0.024456ms
 119: 0.025729ms
 120: 0.026671ms
 121: 0.025863ms
 122: 0.026280ms
 123: 0.026661ms
 124: 0.025509ms
 125: 0.025741ms
 126: 0.026007ms
 127: 0.023212ms
 128: 0.027074ms
 129: 0.027026ms
 130: 0.028411ms
 131: 0.028240ms
 132: 0.027921ms
 133: 0.027716ms
 134: 0.027859ms
 135: 0.027389ms
 136: 0.027969ms
 137: 0.027569ms
 138: 0.028062ms
 139: 0.028281ms
 140: 0.027741ms
 141: 0.028755ms
 142: 0.028629ms
 143: 0.028507ms
 144: 0.028547ms
 145: 0.028418ms
 146: 0.028638ms
 147: 0.028978ms
 148: 0.028799ms
 149: 0.029293ms
 150: 0.029304ms
 151: 0.029329ms
 152: 0.029386ms
 153: 0.029636ms
 154: 0.029519ms
 155: 0.029726ms
 156: 0.029478ms
 157: 0.029738ms
 158: 0.030001ms
 159: 0.029819ms
 160: 0.029848ms
 161: 0.030071ms
 162: 0.094595ms
 163: 0.083571ms
 164: 0.030143ms
 165: 0.035494ms
 166: 0.096581ms
 167: 0.031601ms
 168: 0.031989ms
 169: 0.040942ms
 170: 0.032598ms
 171: 0.082873ms
 172: 0.032185ms
 173: 0.083070ms
 174: 0.087228ms
 175: 0.034262ms
 176: 0.030493ms
 177: 0.088740ms
 178: 0.031904ms
 179: 0.149879ms
 180: 0.102275ms
 181: 0.089461ms
 182: 0.032744ms
 183: 0.097973ms
 184: 0.095614ms
 185: 0.032103ms
 186: 0.091447ms
 187: 0.032041ms
 188: 0.033139ms
 189: 0.031070ms
 190: 0.097736ms
 191: 0.030621ms
 192: 0.030617ms
 193: 0.076762ms
 194: 0.031024ms
 195: 0.030090ms
 196: 0.096062ms
 197: 0.094184ms
 198: 0.088731ms
 199: 0.030151ms


Measurements
--------------------------
FFT Size            : 32^3
Threads             : 21
Batch               : 1
Iterations          : 200
Avg Tot Runtime     : 0.029993 ms
Runtime per batch   : 0.029993 ms
SD                  : 0.021189 ms
Q1                  : 0.019598 ms
Median              : 0.022065 ms
Q3                  : 0.029293 ms
