Expm 2: Streaming FFT

Printing individual runtimes:
 0: 0.135854ms
 1: 0.020509ms
 2: 0.020271ms
 3: 0.080638ms
 4: 0.018930ms
 5: 0.033183ms
 6: 0.027291ms
 7: 0.088064ms
 8: 0.029506ms
 9: 0.019778ms
 10: 0.018306ms
 11: 0.025104ms
 12: 0.030252ms
 13: 0.018695ms
 14: 0.066396ms
 15: 0.021430ms
 16: 0.027681ms
 17: 0.019133ms
 18: 0.018421ms
 19: 0.078254ms
 20: 0.019508ms
 21: 0.019233ms
 22: 0.020320ms
 23: 0.027127ms
 24: 0.020698ms
 25: 0.019274ms
 26: 0.072264ms
 27: 0.021617ms
 28: 0.026245ms
 29: 0.019174ms
 30: 0.027077ms
 31: 0.021794ms
 32: 0.019975ms
 33: 0.023024ms
 34: 0.019158ms
 35: 0.020535ms
 36: 0.019007ms
 37: 0.070068ms
 38: 0.020230ms
 39: 0.019788ms
 40: 0.019638ms
 41: 0.019971ms
 42: 0.018121ms
 43: 0.019132ms
 44: 0.018550ms
 45: 0.020828ms
 46: 0.018567ms
 47: 0.019546ms
 48: 0.027733ms
 49: 0.019220ms
 50: 0.018486ms
 51: 0.019642ms
 52: 0.033429ms
 53: 0.018682ms
 54: 0.018616ms
 55: 0.020030ms
 56: 0.018392ms
 57: 0.019934ms
 58: 0.018551ms
 59: 0.018410ms
 60: 0.017881ms
 61: 0.027304ms
 62: 0.024046ms
 63: 0.025984ms
 64: 0.083754ms
 65: 0.029753ms
 66: 0.021697ms
 67: 0.027267ms
 68: 0.019676ms
 69: 0.018789ms
 70: 0.030212ms
 71: 0.021083ms
 72: 0.016496ms
 73: 0.019336ms
 74: 0.018869ms
 75: 0.026525ms
 76: 0.023905ms
 77: 0.025733ms
 78: 0.019893ms
 79: 0.031829ms
 80: 0.019116ms
 81: 0.018209ms
 82: 0.018270ms
 83: 0.031427ms
 84: 0.029140ms
 85: 0.018992ms
 86: 0.024495ms
 87: 0.024194ms
 88: 0.018064ms
 89: 0.020833ms
 90: 0.084726ms
 91: 0.019192ms
 92: 0.018801ms
 93: 0.020286ms
 94: 0.022672ms
 95: 0.018936ms
 96: 0.019656ms
 97: 0.018345ms
 98: 0.018537ms
 99: 0.018703ms
 100: 0.020622ms
 101: 0.029049ms
 102: 0.019553ms
 103: 0.026293ms
 104: 0.018157ms
 105: 0.021264ms
 106: 0.025663ms
 107: 0.019031ms
 108: 0.020062ms
 109: 0.029992ms
 110: 0.018590ms
 111: 0.018401ms
 112: 0.021696ms
 113: 0.024964ms
 114: 0.019181ms
 115: 0.021195ms
 116: 0.026251ms
 117: 0.019207ms
 118: 0.019460ms
 119: 0.018929ms
 120: 0.019399ms
 121: 0.024374ms
 122: 0.018210ms
 123: 0.020537ms
 124: 0.018751ms
 125: 0.018726ms
 126: 0.027849ms
 127: 0.021174ms
 128: 0.034617ms
 129: 0.019515ms
 130: 0.022329ms
 131: 0.018633ms
 132: 0.018645ms
 133: 0.019262ms
 134: 0.019284ms
 135: 0.097038ms
 136: 0.019677ms
 137: 0.018270ms
 138: 0.018746ms
 139: 0.021353ms
 140: 0.019755ms
 141: 0.022468ms
 142: 0.020233ms
 143: 0.018331ms
 144: 0.017875ms
 145: 0.020323ms
 146: 0.029985ms
 147: 0.018299ms
 148: 0.018346ms
 149: 0.019041ms
 150: 0.019121ms
 151: 0.026369ms
 152: 0.021109ms
 153: 0.017746ms
 154: 0.017685ms
 155: 0.020488ms
 156: 0.018943ms
 157: 0.034663ms
 158: 0.031446ms
 159: 0.017670ms
 160: 0.018761ms
 161: 0.027448ms
 162: 0.021332ms
 163: 0.020314ms
 164: 0.017692ms
 165: 0.019537ms
 166: 0.019965ms
 167: 0.020066ms
 168: 0.019460ms
 169: 0.019635ms
 170: 0.028678ms
 171: 0.021411ms
 172: 0.019727ms
 173: 0.026778ms
 174: 0.020358ms
 175: 0.020294ms
 176: 0.018518ms
 177: 0.020149ms
 178: 0.020296ms
 179: 0.018392ms
 180: 0.027977ms
 181: 0.019057ms
 182: 0.019722ms
 183: 0.019042ms
 184: 0.017583ms
 185: 0.028619ms
 186: 0.017596ms
 187: 0.020307ms
 188: 0.019713ms
 189: 0.018473ms
 190: 0.019395ms
 191: 0.019447ms
 192: 0.026330ms
 193: 0.019008ms
 194: 0.021371ms
 195: 0.029820ms
 196: 0.019927ms
 197: 0.023209ms
 198: 0.019442ms
 199: 0.018036ms


-- Real : Q1: 50 Q2: 100 Q3: 150
-- Array: Q1: 49 Q2: 99 Q3: 149
Printing sorted runtimes:
 0: 0.018036ms
 1: 0.017875ms
 2: 0.016496ms
 3: 0.017746ms
 4: 0.017685ms
 5: 0.017670ms
 6: 0.017692ms
 7: 0.017881ms
 8: 0.017583ms
 9: 0.017596ms
 10: 0.018929ms
 11: 0.018473ms
 12: 0.018306ms
 13: 0.018695ms
 14: 0.018210ms
 15: 0.018751ms
 16: 0.018726ms
 17: 0.018401ms
 18: 0.018421ms
 19: 0.018590ms
 20: 0.018633ms
 21: 0.018645ms
 22: 0.018157ms
 23: 0.018703ms
 24: 0.018537ms
 25: 0.018345ms
 26: 0.018392ms
 27: 0.018270ms
 28: 0.018801ms
 29: 0.018746ms
 30: 0.018518ms
 31: 0.018064ms
 32: 0.018331ms
 33: 0.018270ms
 34: 0.018209ms
 35: 0.018299ms
 36: 0.018346ms
 37: 0.018869ms
 38: 0.018789ms
 39: 0.018761ms
 40: 0.018410ms
 41: 0.018551ms
 42: 0.018121ms
 43: 0.018392ms
 44: 0.018550ms
 45: 0.018616ms
 46: 0.018567ms
 47: 0.018682ms
 48: 0.018486ms
 49: 0.018930ms
 50: 0.018936ms
 51: 0.019677ms
 52: 0.018943ms
 53: 0.019031ms
 54: 0.019041ms
 55: 0.019042ms
 56: 0.019007ms
 57: 0.019008ms
 58: 0.019057ms
 59: 0.019121ms
 60: 0.019116ms
 61: 0.019158ms
 62: 0.019133ms
 63: 0.019132ms
 64: 0.019174ms
 65: 0.019181ms
 66: 0.019220ms
 67: 0.019192ms
 68: 0.019207ms
 69: 0.019676ms
 70: 0.019460ms
 71: 0.019442ms
 72: 0.019399ms
 73: 0.019336ms
 74: 0.019635ms
 75: 0.019284ms
 76: 0.019274ms
 77: 0.019656ms
 78: 0.019642ms
 79: 0.019553ms
 80: 0.019537ms
 81: 0.019447ms
 82: 0.019638ms
 83: 0.019262ms
 84: 0.019395ms
 85: 0.018992ms
 86: 0.019233ms
 87: 0.019515ms
 88: 0.019508ms
 89: 0.019546ms
 90: 0.019460ms
 91: 0.019934ms
 92: 0.019755ms
 93: 0.019778ms
 94: 0.019727ms
 95: 0.019893ms
 96: 0.019713ms
 97: 0.019788ms
 98: 0.019927ms
 99: 0.019722ms
 100: 0.019965ms
 101: 0.021696ms
 102: 0.020066ms
 103: 0.020062ms
 104: 0.020030ms
 105: 0.019975ms
 106: 0.020320ms
 107: 0.020296ms
 108: 0.020286ms
 109: 0.020149ms
 110: 0.020294ms
 111: 0.020233ms
 112: 0.020509ms
 113: 0.020323ms
 114: 0.020358ms
 115: 0.020307ms
 116: 0.020271ms
 117: 0.020230ms
 118: 0.020488ms
 119: 0.020314ms
 120: 0.021371ms
 121: 0.021430ms
 122: 0.021195ms
 123: 0.020537ms
 124: 0.020698ms
 125: 0.019971ms
 126: 0.021617ms
 127: 0.021174ms
 128: 0.020535ms
 129: 0.021411ms
 130: 0.020828ms
 131: 0.021332ms
 132: 0.021264ms
 133: 0.021083ms
 134: 0.021109ms
 135: 0.020833ms
 136: 0.020622ms
 137: 0.021353ms
 138: 0.023905ms
 139: 0.022672ms
 140: 0.022329ms
 141: 0.022468ms
 142: 0.021697ms
 143: 0.023024ms
 144: 0.021794ms
 145: 0.023209ms
 146: 0.024374ms
 147: 0.024046ms
 148: 0.024194ms
 149: 0.024495ms
 150: 0.024964ms
 151: 0.025104ms
 152: 0.025663ms
 153: 0.026293ms
 154: 0.026330ms
 155: 0.026245ms
 156: 0.026369ms
 157: 0.026251ms
 158: 0.026525ms
 159: 0.025984ms
 160: 0.025733ms
 161: 0.027448ms
 162: 0.083754ms
 163: 0.029753ms
 164: 0.031446ms
 165: 0.027304ms
 166: 0.033429ms
 167: 0.027733ms
 168: 0.034663ms
 169: 0.070068ms
 170: 0.028678ms
 171: 0.029992ms
 172: 0.034617ms
 173: 0.026778ms
 174: 0.027267ms
 175: 0.030212ms
 176: 0.027077ms
 177: 0.029049ms
 178: 0.027849ms
 179: 0.072264ms
 180: 0.027977ms
 181: 0.031829ms
 182: 0.027127ms
 183: 0.078254ms
 184: 0.027681ms
 185: 0.028619ms
 186: 0.029985ms
 187: 0.066396ms
 188: 0.030252ms
 189: 0.031427ms
 190: 0.029506ms
 191: 0.088064ms
 192: 0.029140ms
 193: 0.027291ms
 194: 0.097038ms
 195: 0.029820ms
 196: 0.033183ms
 197: 0.084726ms
 198: 0.080638ms
 199: 0.135854ms


Measurements
--------------------------
FFT Size            : 32^3
Threads             : 31
Batch               : 1
Iterations          : 200
Avg Tot Runtime     : 0.024743 ms
Runtime per batch   : 0.024743 ms
SD                  : 0.015120 ms
Q1                  : 0.018930 ms
Median              : 0.019844 ms
Q3                  : 0.024495 ms
