Expm 2: Streaming FFT

Printing individual runtimes:
 0: 0.117523ms
 1: 0.020321ms
 2: 0.018792ms
 3: 0.070715ms
 4: 0.021139ms
 5: 0.027655ms
 6: 0.026623ms
 7: 0.020157ms
 8: 0.068029ms
 9: 0.021105ms
 10: 0.019588ms
 11: 0.024599ms
 12: 0.018356ms
 13: 0.019330ms
 14: 0.019627ms
 15: 0.025827ms
 16: 0.020342ms
 17: 0.033424ms
 18: 0.021939ms
 19: 0.019897ms
 20: 0.027347ms
 21: 0.070259ms
 22: 0.021471ms
 23: 0.028349ms
 24: 0.018340ms
 25: 0.021067ms
 26: 0.029430ms
 27: 0.018172ms
 28: 0.019290ms
 29: 0.027908ms
 30: 0.023803ms
 31: 0.019635ms
 32: 0.023371ms
 33: 0.028423ms
 34: 0.025811ms
 35: 0.019553ms
 36: 0.021835ms
 37: 0.018277ms
 38: 0.028423ms
 39: 0.018263ms
 40: 0.020504ms
 41: 0.024723ms
 42: 0.017754ms
 43: 0.019792ms
 44: 0.019521ms
 45: 0.031489ms
 46: 0.019348ms
 47: 0.028614ms
 48: 0.020586ms
 49: 0.071697ms
 50: 0.028356ms
 51: 0.019051ms
 52: 0.031360ms
 53: 0.018547ms
 54: 0.021139ms
 55: 0.025239ms
 56: 0.022322ms
 57: 0.020104ms
 58: 0.018809ms
 59: 0.020203ms
 60: 0.019037ms
 61: 0.018603ms
 62: 0.028887ms
 63: 0.026138ms
 64: 0.017319ms
 65: 0.020686ms
 66: 0.018935ms
 67: 0.019636ms
 68: 0.027767ms
 69: 0.020313ms
 70: 0.022207ms
 71: 0.027665ms
 72: 0.030345ms
 73: 0.026910ms
 74: 0.020439ms
 75: 0.028850ms
 76: 0.024586ms
 77: 0.019469ms
 78: 0.023205ms
 79: 0.022631ms
 80: 0.034248ms
 81: 0.041208ms
 82: 0.024385ms
 83: 0.028327ms
 84: 0.020277ms
 85: 0.028130ms
 86: 0.017022ms
 87: 0.020059ms
 88: 0.027846ms
 89: 0.027360ms
 90: 0.087106ms
 91: 0.021184ms
 92: 0.018436ms
 93: 0.028274ms
 94: 0.020635ms
 95: 0.019504ms
 96: 0.021586ms
 97: 0.018635ms
 98: 0.029127ms
 99: 0.026522ms
 100: 0.028095ms
 101: 0.019968ms
 102: 0.026885ms
 103: 0.021155ms
 104: 0.027364ms
 105: 0.020040ms
 106: 0.024170ms
 107: 0.021038ms
 108: 0.028880ms
 109: 0.019995ms
 110: 0.019033ms
 111: 0.026128ms
 112: 0.018628ms
 113: 0.027386ms
 114: 0.025346ms
 115: 0.018538ms
 116: 0.020174ms
 117: 0.026028ms
 118: 0.027539ms
 119: 0.025743ms
 120: 0.019808ms
 121: 0.023853ms
 122: 0.020403ms
 123: 0.026361ms
 124: 0.020055ms
 125: 0.019091ms
 126: 0.028566ms
 127: 0.028971ms
 128: 0.019226ms
 129: 0.023568ms
 130: 0.020729ms
 131: 0.019779ms
 132: 0.018700ms
 133: 0.024730ms
 134: 0.020111ms
 135: 0.024331ms
 136: 0.018074ms
 137: 0.020539ms
 138: 0.019510ms
 139: 0.025141ms
 140: 0.017888ms
 141: 0.019869ms
 142: 0.019098ms
 143: 0.020098ms
 144: 0.019805ms
 145: 0.018831ms
 146: 0.020377ms
 147: 0.019536ms
 148: 0.035180ms
 149: 0.018402ms
 150: 0.021411ms
 151: 0.018435ms
 152: 0.030911ms
 153: 0.021911ms
 154: 0.019151ms
 155: 0.019578ms
 156: 0.017724ms
 157: 0.026239ms
 158: 0.027758ms
 159: 0.025524ms
 160: 0.027864ms
 161: 0.020574ms
 162: 0.030252ms
 163: 0.019421ms
 164: 0.018075ms
 165: 0.023892ms
 166: 0.020942ms
 167: 0.026963ms
 168: 0.019793ms
 169: 0.093775ms
 170: 0.027696ms
 171: 0.019007ms
 172: 0.017813ms
 173: 0.020095ms
 174: 0.018734ms
 175: 0.018909ms
 176: 0.028384ms
 177: 0.019698ms
 178: 0.020915ms
 179: 0.025020ms
 180: 0.025668ms
 181: 0.018318ms
 182: 0.020360ms
 183: 0.019853ms
 184: 0.027587ms
 185: 0.021070ms
 186: 0.018740ms
 187: 0.028621ms
 188: 0.018623ms
 189: 0.021227ms
 190: 0.020239ms
 191: 0.019370ms
 192: 0.028716ms
 193: 0.019043ms
 194: 0.019589ms
 195: 0.018488ms
 196: 0.027291ms
 197: 0.027905ms
 198: 0.018704ms
 199: 0.037901ms


-- Real : Q1: 50 Q2: 100 Q3: 150
-- Array: Q1: 49 Q2: 99 Q3: 149
Printing sorted runtimes:
 0: 0.018075ms
 1: 0.017022ms
 2: 0.017813ms
 3: 0.017319ms
 4: 0.017754ms
 5: 0.017724ms
 6: 0.018074ms
 7: 0.017888ms
 8: 0.019348ms
 9: 0.018435ms
 10: 0.018909ms
 11: 0.018402ms
 12: 0.018356ms
 13: 0.019330ms
 14: 0.018436ms
 15: 0.018734ms
 16: 0.018831ms
 17: 0.018318ms
 18: 0.018635ms
 19: 0.018792ms
 20: 0.019098ms
 21: 0.018488ms
 22: 0.018935ms
 23: 0.019007ms
 24: 0.018340ms
 25: 0.018704ms
 26: 0.019043ms
 27: 0.018172ms
 28: 0.019290ms
 29: 0.018603ms
 30: 0.019037ms
 31: 0.018809ms
 32: 0.019033ms
 33: 0.018628ms
 34: 0.018700ms
 35: 0.018538ms
 36: 0.018547ms
 37: 0.018277ms
 38: 0.019051ms
 39: 0.018263ms
 40: 0.019226ms
 41: 0.018740ms
 42: 0.018623ms
 43: 0.019151ms
 44: 0.019091ms
 45: 0.019510ms
 46: 0.019469ms
 47: 0.019421ms
 48: 0.019504ms
 49: 0.019370ms
 50: 0.019521ms
 51: 0.020203ms
 52: 0.019553ms
 53: 0.019578ms
 54: 0.019588ms
 55: 0.019589ms
 56: 0.019636ms
 57: 0.019627ms
 58: 0.019635ms
 59: 0.019698ms
 60: 0.020104ms
 61: 0.020157ms
 62: 0.019853ms
 63: 0.019995ms
 64: 0.020111ms
 65: 0.019793ms
 66: 0.019869ms
 67: 0.019779ms
 68: 0.020040ms
 69: 0.020059ms
 70: 0.019968ms
 71: 0.019897ms
 72: 0.020095ms
 73: 0.020098ms
 74: 0.020055ms
 75: 0.019805ms
 76: 0.019808ms
 77: 0.019792ms
 78: 0.019536ms
 79: 0.020174ms
 80: 0.020539ms
 81: 0.020321ms
 82: 0.020239ms
 83: 0.020277ms
 84: 0.020403ms
 85: 0.020313ms
 86: 0.020360ms
 87: 0.020504ms
 88: 0.020439ms
 89: 0.020377ms
 90: 0.020342ms
 91: 0.021067ms
 92: 0.021038ms
 93: 0.020686ms
 94: 0.020635ms
 95: 0.020915ms
 96: 0.020729ms
 97: 0.020942ms
 98: 0.020574ms
 99: 0.020586ms
 100: 0.021070ms
 101: 0.021411ms
 102: 0.021155ms
 103: 0.021139ms
 104: 0.021139ms
 105: 0.021227ms
 106: 0.021184ms
 107: 0.021105ms
 108: 0.024331ms
 109: 0.023892ms
 110: 0.022322ms
 111: 0.021911ms
 112: 0.024170ms
 113: 0.022631ms
 114: 0.021939ms
 115: 0.021471ms
 116: 0.023205ms
 117: 0.023803ms
 118: 0.023371ms
 119: 0.021835ms
 120: 0.021586ms
 121: 0.023853ms
 122: 0.022207ms
 123: 0.023568ms
 124: 0.026138ms
 125: 0.025020ms
 126: 0.025524ms
 127: 0.024723ms
 128: 0.026128ms
 129: 0.025668ms
 130: 0.025239ms
 131: 0.025743ms
 132: 0.025811ms
 133: 0.024730ms
 134: 0.024599ms
 135: 0.025827ms
 136: 0.026028ms
 137: 0.024586ms
 138: 0.024385ms
 139: 0.025141ms
 140: 0.025346ms
 141: 0.027347ms
 142: 0.026522ms
 143: 0.026239ms
 144: 0.027291ms
 145: 0.026623ms
 146: 0.026910ms
 147: 0.026361ms
 148: 0.026963ms
 149: 0.026885ms
 150: 0.027360ms
 151: 0.027364ms
 152: 0.027539ms
 153: 0.027386ms
 154: 0.027587ms
 155: 0.027665ms
 156: 0.027655ms
 157: 0.027767ms
 158: 0.027758ms
 159: 0.027696ms
 160: 0.027864ms
 161: 0.027905ms
 162: 0.027846ms
 163: 0.027908ms
 164: 0.028095ms
 165: 0.030252ms
 166: 0.030911ms
 167: 0.035180ms
 168: 0.028971ms
 169: 0.093775ms
 170: 0.028566ms
 171: 0.028880ms
 172: 0.117523ms
 173: 0.029127ms
 174: 0.028274ms
 175: 0.087106ms
 176: 0.028384ms
 177: 0.028130ms
 178: 0.028327ms
 179: 0.041208ms
 180: 0.034248ms
 181: 0.028850ms
 182: 0.030345ms
 183: 0.028887ms
 184: 0.031360ms
 185: 0.028356ms
 186: 0.071697ms
 187: 0.028621ms
 188: 0.028614ms
 189: 0.031489ms
 190: 0.028423ms
 191: 0.028423ms
 192: 0.028716ms
 193: 0.029430ms
 194: 0.028349ms
 195: 0.070259ms
 196: 0.033424ms
 197: 0.068029ms
 198: 0.070715ms
 199: 0.037901ms


Measurements
--------------------------
FFT Size            : 32^3
Threads             : 29
Batch               : 1
Iterations          : 200
Avg Tot Runtime     : 0.024966 ms
Runtime per batch   : 0.024966 ms
SD                  : 0.012245 ms
Q1                  : 0.019370 ms
Median              : 0.020828 ms
Q3                  : 0.026885 ms
