Expm 2: Streaming FFT

Printing individual runtimes:
 0: 0.400656ms
 1: 0.309730ms
 2: 0.339079ms
 3: 0.471830ms
 4: 0.318079ms
 5: 0.304243ms
 6: 0.316091ms
 7: 0.362926ms
 8: 0.322253ms
 9: 0.318776ms
 10: 0.486157ms
 11: 0.306064ms
 12: 0.304295ms
 13: 2.246805ms
 14: 0.342028ms
 15: 0.325672ms
 16: 0.355732ms
 17: 0.313640ms
 18: 0.312793ms
 19: 0.508417ms
 20: 0.311433ms
 21: 0.318321ms
 22: 0.473349ms
 23: 0.319260ms
 24: 0.316919ms
 25: 0.357161ms
 26: 0.302443ms
 27: 0.312427ms
 28: 0.318557ms
 29: 0.315544ms
 30: 0.494368ms
 31: 0.312451ms
 32: 0.306363ms
 33: 0.309528ms
 34: 0.315333ms
 35: 0.338716ms
 36: 0.316817ms
 37: 0.486155ms
 38: 0.317592ms
 39: 0.318109ms
 40: 0.320012ms
 41: 0.318556ms
 42: 0.304090ms
 43: 0.310230ms
 44: 0.313635ms
 45: 0.316443ms
 46: 0.477355ms
 47: 0.313090ms
 48: 0.317947ms
 49: 0.321230ms
 50: 0.316139ms
 51: 0.321690ms
 52: 0.319292ms
 53: 0.308759ms
 54: 0.316425ms
 55: 0.318453ms
 56: 0.309994ms
 57: 0.320421ms
 58: 0.313184ms
 59: 0.485972ms
 60: 0.311798ms
 61: 0.321237ms
 62: 0.321174ms
 63: 0.318743ms
 64: 0.319073ms
 65: 0.486075ms
 66: 0.306937ms
 67: 0.313946ms
 68: 0.311631ms
 69: 0.324153ms
 70: 0.306198ms
 71: 0.319735ms
 72: 0.312045ms
 73: 0.312131ms
 74: 0.314814ms
 75: 0.304512ms
 76: 0.315455ms
 77: 0.313799ms
 78: 0.318187ms
 79: 0.317309ms
 80: 0.316471ms
 81: 0.318551ms
 82: 0.305883ms
 83: 0.316516ms
 84: 0.475903ms
 85: 0.307828ms
 86: 0.311285ms
 87: 0.319525ms
 88: 0.314393ms
 89: 0.325656ms
 90: 0.318888ms
 91: 0.314270ms
 92: 0.305818ms
 93: 0.306043ms
 94: 0.320786ms
 95: 0.303478ms
 96: 0.304344ms
 97: 0.310606ms
 98: 0.322020ms
 99: 0.338899ms
 100: 0.304499ms
 101: 0.316261ms
 102: 0.321532ms
 103: 0.316161ms
 104: 0.508403ms
 105: 0.317522ms
 106: 0.320245ms
 107: 0.351405ms
 108: 0.312108ms
 109: 0.322991ms
 110: 0.313615ms
 111: 0.322100ms
 112: 0.314110ms
 113: 0.322290ms
 114: 0.503743ms
 115: 0.321016ms
 116: 0.317694ms
 117: 0.313150ms
 118: 0.315532ms
 119: 0.315575ms
 120: 0.316454ms
 121: 0.312535ms
 122: 0.310967ms
 123: 0.344064ms
 124: 0.313995ms
 125: 0.314534ms
 126: 0.319468ms
 127: 0.317430ms
 128: 0.305113ms
 129: 0.306216ms
 130: 0.458593ms
 131: 0.311541ms
 132: 0.317305ms
 133: 0.310983ms
 134: 0.308677ms
 135: 0.309160ms
 136: 0.346665ms
 137: 0.341129ms
 138: 0.311678ms
 139: 0.319321ms
 140: 0.358235ms
 141: 0.313573ms
 142: 0.357716ms
 143: 0.315000ms
 144: 0.316427ms
 145: 0.306462ms
 146: 0.321101ms
 147: 0.312766ms
 148: 0.312853ms
 149: 0.304266ms
 150: 0.315524ms
 151: 0.312269ms
 152: 0.312460ms
 153: 0.314277ms
 154: 0.306391ms
 155: 0.346256ms
 156: 0.360397ms
 157: 0.474019ms
 158: 0.321800ms
 159: 0.358247ms
 160: 0.340913ms
 161: 0.320579ms
 162: 0.339640ms
 163: 0.326288ms
 164: 0.327192ms
 165: 0.316097ms
 166: 0.324719ms
 167: 0.313361ms
 168: 0.317635ms
 169: 0.319942ms
 170: 0.314468ms
 171: 0.311561ms
 172: 0.303892ms
 173: 0.322760ms
 174: 0.331373ms
 175: 0.320852ms
 176: 0.338830ms
 177: 0.311857ms
 178: 0.361817ms
 179: 0.311525ms
 180: 0.313334ms
 181: 0.347305ms
 182: 0.340543ms
 183: 0.324763ms
 184: 0.322051ms
 185: 0.308554ms
 186: 0.398061ms
 187: 0.326041ms
 188: 0.365281ms
 189: 0.319648ms
 190: 0.311084ms
 191: 0.471127ms
 192: 0.318019ms
 193: 0.325756ms
 194: 0.312591ms
 195: 0.303894ms
 196: 0.313543ms
 197: 0.315320ms
 198: 0.324046ms
 199: 0.317098ms


-- Real : Q1: 50 Q2: 100 Q3: 150
-- Array: Q1: 49 Q2: 99 Q3: 149
Printing sorted runtimes:
 0: 0.309730ms
 1: 0.303894ms
 2: 0.308554ms
 3: 0.303892ms
 4: 0.306391ms
 5: 0.304243ms
 6: 0.304266ms
 7: 0.306462ms
 8: 0.309160ms
 9: 0.308677ms
 10: 0.306216ms
 11: 0.306064ms
 12: 0.304295ms
 13: 0.305113ms
 14: 0.304499ms
 15: 0.304344ms
 16: 0.303478ms
 17: 0.306043ms
 18: 0.305818ms
 19: 0.307828ms
 20: 0.305883ms
 21: 0.304512ms
 22: 0.306198ms
 23: 0.306937ms
 24: 0.308759ms
 25: 0.304090ms
 26: 0.302443ms
 27: 0.309528ms
 28: 0.306363ms
 29: 0.311433ms
 30: 0.311285ms
 31: 0.310606ms
 32: 0.311084ms
 33: 0.310967ms
 34: 0.309994ms
 35: 0.310983ms
 36: 0.310230ms
 37: 0.311798ms
 38: 0.311561ms
 39: 0.311631ms
 40: 0.311541ms
 41: 0.311678ms
 42: 0.311525ms
 43: 0.312108ms
 44: 0.311857ms
 45: 0.312045ms
 46: 0.312451ms
 47: 0.312269ms
 48: 0.312131ms
 49: 0.312427ms
 50: 0.312460ms
 51: 0.316425ms
 52: 0.312591ms
 53: 0.313334ms
 54: 0.313361ms
 55: 0.313543ms
 56: 0.315333ms
 57: 0.314534ms
 58: 0.313184ms
 59: 0.313995ms
 60: 0.314277ms
 61: 0.313573ms
 62: 0.315000ms
 63: 0.312766ms
 64: 0.313150ms
 65: 0.315320ms
 66: 0.314110ms
 67: 0.313946ms
 68: 0.314468ms
 69: 0.313615ms
 70: 0.312853ms
 71: 0.313090ms
 72: 0.315524ms
 73: 0.313635ms
 74: 0.314814ms
 75: 0.313640ms
 76: 0.315455ms
 77: 0.313799ms
 78: 0.312793ms
 79: 0.314270ms
 80: 0.314393ms
 81: 0.315532ms
 82: 0.315544ms
 83: 0.312535ms
 84: 0.315575ms
 85: 0.316139ms
 86: 0.316091ms
 87: 0.316097ms
 88: 0.316161ms
 89: 0.316261ms
 90: 0.317305ms
 91: 0.316427ms
 92: 0.317098ms
 93: 0.316443ms
 94: 0.316454ms
 95: 0.316817ms
 96: 0.316471ms
 97: 0.316919ms
 98: 0.316516ms
 99: 0.317309ms
 100: 0.317430ms
 101: 0.321101ms
 102: 0.317635ms
 103: 0.317592ms
 104: 0.318453ms
 105: 0.318551ms
 106: 0.318019ms
 107: 0.318079ms
 108: 0.317694ms
 109: 0.318321ms
 110: 0.318187ms
 111: 0.317947ms
 112: 0.318109ms
 113: 0.319260ms
 114: 0.318888ms
 115: 0.319321ms
 116: 0.318556ms
 117: 0.319073ms
 118: 0.318743ms
 119: 0.320245ms
 120: 0.319525ms
 121: 0.319292ms
 122: 0.318776ms
 123: 0.320012ms
 124: 0.318557ms
 125: 0.319942ms
 126: 0.319468ms
 127: 0.319735ms
 128: 0.319648ms
 129: 0.320421ms
 130: 0.320786ms
 131: 0.320852ms
 132: 0.320579ms
 133: 0.317522ms
 134: 0.321016ms
 135: 0.322020ms
 136: 0.321800ms
 137: 0.321532ms
 138: 0.321174ms
 139: 0.321237ms
 140: 0.321230ms
 141: 0.321690ms
 142: 0.324153ms
 143: 0.322760ms
 144: 0.322290ms
 145: 0.322253ms
 146: 0.324046ms
 147: 0.322051ms
 148: 0.322100ms
 149: 0.322991ms
 150: 0.324719ms
 151: 0.324763ms
 152: 0.325656ms
 153: 0.326288ms
 154: 0.325672ms
 155: 0.325756ms
 156: 0.326041ms
 157: 0.474019ms
 158: 0.360397ms
 159: 0.358247ms
 160: 0.340913ms
 161: 0.346256ms
 162: 0.339640ms
 163: 0.351405ms
 164: 0.327192ms
 165: 0.473349ms
 166: 0.357161ms
 167: 0.344064ms
 168: 0.342028ms
 169: 0.338899ms
 170: 0.477355ms
 171: 0.362926ms
 172: 0.471830ms
 173: 0.475903ms
 174: 0.331373ms
 175: 0.400656ms
 176: 0.338830ms
 177: 0.471127ms
 178: 0.361817ms
 179: 0.355732ms
 180: 0.338716ms
 181: 0.347305ms
 182: 0.340543ms
 183: 0.357716ms
 184: 0.358235ms
 185: 0.339079ms
 186: 0.398061ms
 187: 0.341129ms
 188: 0.365281ms
 189: 0.458593ms
 190: 0.346665ms
 191: 0.486155ms
 192: 0.486075ms
 193: 0.485972ms
 194: 0.494368ms
 195: 0.486157ms
 196: 2.246805ms
 197: 0.503743ms
 198: 0.508403ms
 199: 0.508417ms


Measurements
--------------------------
FFT Size            : 59^3
Threads             : 25
Batch               : 1
Iterations          : 200
Avg Tot Runtime     : 0.342172 ms
Runtime per batch   : 0.342172 ms
SD                  : 0.142560 ms
Q1                  : 0.312427 ms
Median              : 0.317369 ms
Q3                  : 0.322991 ms
