Expm 2: Streaming FFTW
FFTW Plan: Patient
-- Cannot import wisdom from ../../wisdom/singlenode/all/131/fftw_131_t37_b1.patient
-- Exporting wisdom file to ../../wisdom/singlenode/all/131/fftw_131_t37_b1.patient
Iteration: 0, 1, 2, 3, 4, 5, 6, 7, 8, 9, 10, 11, 12, 13, 14, 15, 16, 17, 18, 19, 20, 21, 22, 23, 24, 25, 26, 27, 28, 29, 30, 31, 32, 33, 34, 35, 36, 37, 38, 39, 40, 41, 42, 43, 44, 45, 46, 47, 48, 49, 
Printing individual runtimes:
 0: 8.954583ms
 1: 8.951645ms
 2: 8.998777ms
 3: 4.904804ms
 4: 4.842689ms
 5: 4.726122ms
 6: 4.555504ms
 7: 4.664045ms
 8: 4.615149ms
 9: 4.592933ms
 10: 4.837088ms
 11: 4.644347ms
 12: 4.543097ms
 13: 5.260112ms
 14: 4.536012ms
 15: 4.710281ms
 16: 4.553256ms
 17: 4.680376ms
 18: 4.607865ms
 19: 4.564022ms
 20: 4.989631ms
 21: 4.598770ms
 22: 4.955645ms
 23: 4.866669ms
 24: 4.528318ms
 25: 4.978117ms
 26: 4.863267ms
 27: 4.544330ms
 28: 4.652391ms
 29: 4.594251ms
 30: 4.682694ms
 31: 5.123970ms
 32: 4.670631ms
 33: 4.760303ms
 34: 4.955732ms
 35: 4.777254ms
 36: 4.948182ms
 37: 5.211342ms
 38: 4.812210ms
 39: 4.684856ms
 40: 4.941981ms
 41: 5.268379ms
 42: 4.673025ms
 43: 4.572492ms
 44: 5.289759ms
 45: 4.573820ms
 46: 4.581935ms
 47: 4.628030ms
 48: 4.654931ms
 49: 4.671918ms


Measurements
--------------------------
FFT Size            : 131^3
Threads             : 37
Batch               : 1
Iterations          : 50
Avg Tot Runtime     : 5.015951 ms
Runtime per batch   : 5.015951 ms
SD                  : 1.019222 ms
Throughput          : 0.389211 GFLOPs
Plan Time           : 62.387795 sec
