Expm 2: Streaming FFTW
FFTW Plan: Patient
-- Cannot import wisdom from ../../wisdom/singlenode/all/662/fftw_662_t37_b1.patient
-- Exporting wisdom file to ../../wisdom/singlenode/all/662/fftw_662_t37_b1.patient
Iteration: 0, 1, 2, 3, 4, 5, 6, 7, 8, 9, 10, 11, 12, 13, 14, 15, 16, 17, 18, 19, 20, 21, 22, 23, 24, 25, 26, 27, 28, 29, 30, 31, 32, 33, 34, 35, 36, 37, 38, 39, 40, 41, 42, 43, 44, 45, 46, 47, 48, 49, 
Printing individual runtimes:
 0: 657.198642ms
 1: 916.262117ms
 2: 661.276856ms
 3: 668.814688ms
 4: 658.971642ms
 5: 652.296539ms
 6: 661.920936ms
 7: 660.572197ms
 8: 656.556700ms
 9: 659.142039ms
 10: 661.976789ms
 11: 662.263718ms
 12: 660.404561ms
 13: 647.196626ms
 14: 651.001391ms
 15: 997.310464ms
 16: 755.796156ms
 17: 657.064189ms
 18: 655.900079ms
 19: 657.820088ms
 20: 649.543583ms
 21: 655.845602ms
 22: 650.663680ms
 23: 660.077785ms
 24: 679.211388ms
 25: 677.543830ms
 26: 686.248297ms
 27: 683.310803ms
 28: 679.263070ms
 29: 676.538369ms
 30: 672.713459ms
 31: 677.982763ms
 32: 678.642679ms
 33: 678.303378ms
 34: 786.408443ms
 35: 714.491366ms
 36: 668.647081ms
 37: 1121.587506ms
 38: 649.727580ms
 39: 648.460953ms
 40: 648.408368ms
 41: 693.813401ms
 42: 1160.129316ms
 43: 946.473856ms
 44: 656.362494ms
 45: 647.160178ms
 46: 648.385086ms
 47: 670.858209ms
 48: 666.741906ms
 49: 798.094661ms


Measurements
--------------------------
FFT Size            : 662^3
Threads             : 37
Batch               : 1
Iterations          : 50
Avg Tot Runtime     : 707.827710 ms
Runtime per batch   : 707.827710 ms
SD                  : 115.237176 ms
Throughput          : 57.376219 GFLOPs
Plan Time           : 366.959088 sec
