Expm 2: Streaming FFTW
FFTW Plan: Patient
-- Cannot import wisdom from ../../wisdom/singlenode/all/273/fftw_273_t37_b1.patient
-- Exporting wisdom file to ../../wisdom/singlenode/all/273/fftw_273_t37_b1.patient
Iteration: 0, 1, 2, 3, 4, 5, 6, 7, 8, 9, 10, 11, 12, 13, 14, 15, 16, 17, 18, 19, 20, 21, 22, 23, 24, 25, 26, 27, 28, 29, 30, 31, 32, 33, 34, 35, 36, 37, 38, 39, 40, 41, 42, 43, 44, 45, 46, 47, 48, 49, 
Printing individual runtimes:
 0: 12.057343ms
 1: 11.865394ms
 2: 11.843436ms
 3: 11.848413ms
 4: 11.759901ms
 5: 12.043970ms
 6: 11.934026ms
 7: 11.981459ms
 8: 11.812974ms
 9: 11.825181ms
 10: 11.816692ms
 11: 11.947026ms
 12: 19.122268ms
 13: 11.924824ms
 14: 11.965652ms
 15: 11.990705ms
 16: 11.944448ms
 17: 12.012392ms
 18: 11.970518ms
 19: 11.999409ms
 20: 11.990608ms
 21: 11.969300ms
 22: 11.997840ms
 23: 14.321668ms
 24: 12.006301ms
 25: 12.100969ms
 26: 18.368417ms
 27: 18.962432ms
 28: 13.906443ms
 29: 11.935557ms
 30: 11.916357ms
 31: 11.836530ms
 32: 11.816685ms
 33: 11.855956ms
 34: 11.807607ms
 35: 11.838225ms
 36: 11.895751ms
 37: 11.763295ms
 38: 11.808786ms
 39: 11.998961ms
 40: 12.055286ms
 41: 11.859747ms
 42: 11.779652ms
 43: 11.717074ms
 44: 11.837792ms
 45: 11.841429ms
 46: 11.721417ms
 47: 11.857745ms
 48: 11.939762ms
 49: 11.774331ms


Measurements
--------------------------
FFT Size            : 273^3
Threads             : 37
Batch               : 1
Iterations          : 50
Avg Tot Runtime     : 12.402959 ms
Runtime per batch   : 12.402959 ms
SD                  : 1.682476 ms
Throughput          : 0.576947 GFLOPs
Plan Time           : 41.803318 sec
