Expm 2: Streaming FFTW
FFTW Plan: Patient
-- Cannot import wisdom from ../../wisdom/singlenode/all/575/fftw_575_t36_b1.patient
-- Exporting wisdom file to ../../wisdom/singlenode/all/575/fftw_575_t36_b1.patient
Iteration: 0, 1, 2, 3, 4, 5, 6, 7, 8, 9, 10, 11, 12, 13, 14, 15, 16, 17, 18, 19, 20, 21, 22, 23, 24, 25, 26, 27, 28, 29, 30, 31, 32, 33, 34, 35, 36, 37, 38, 39, 40, 41, 42, 43, 44, 45, 46, 47, 48, 49, 
Printing individual runtimes:
 0: 547.568388ms
 1: 415.723888ms
 2: 294.175142ms
 3: 294.515624ms
 4: 294.155295ms
 5: 544.210032ms
 6: 291.429782ms
 7: 289.999141ms
 8: 289.786001ms
 9: 290.797526ms
 10: 290.347064ms
 11: 548.969095ms
 12: 308.534086ms
 13: 290.224481ms
 14: 290.234223ms
 15: 290.495661ms
 16: 289.985509ms
 17: 290.716634ms
 18: 290.822775ms
 19: 307.407629ms
 20: 291.221544ms
 21: 369.678924ms
 22: 290.531818ms
 23: 289.201717ms
 24: 290.638910ms
 25: 289.938701ms
 26: 290.415998ms
 27: 289.732048ms
 28: 319.182139ms
 29: 288.210306ms
 30: 627.994329ms
 31: 400.477871ms
 32: 290.253473ms
 33: 558.964048ms
 34: 514.883606ms
 35: 292.631974ms
 36: 543.807503ms
 37: 288.163733ms
 38: 291.099447ms
 39: 289.701443ms
 40: 455.073167ms
 41: 486.625531ms
 42: 289.856137ms
 43: 290.016953ms
 44: 287.449927ms
 45: 289.584380ms
 46: 289.791951ms
 47: 559.362071ms
 48: 554.024641ms
 49: 375.310844ms


Measurements
--------------------------
FFT Size            : 575^3
Threads             : 36
Batch               : 1
Iterations          : 50
Avg Tot Runtime     : 354.678462 ms
Runtime per batch   : 354.678462 ms
SD                  : 104.099303 ms
Throughput          : 18.173134 GFLOPs
Plan Time           : 454.164184 sec
