Expm 2: Streaming FFTW
FFTW Plan: Patient
-- Cannot import wisdom from ../../wisdom/singlenode/all/575/fftw_575_t38_b1.patient
-- Exporting wisdom file to ../../wisdom/singlenode/all/575/fftw_575_t38_b1.patient
Iteration: 0, 1, 2, 3, 4, 5, 6, 7, 8, 9, 10, 11, 12, 13, 14, 15, 16, 17, 18, 19, 20, 21, 22, 23, 24, 25, 26, 27, 28, 29, 30, 31, 32, 33, 34, 35, 36, 37, 38, 39, 40, 41, 42, 43, 44, 45, 46, 47, 48, 49, 
Printing individual runtimes:
 0: 293.280689ms
 1: 291.294742ms
 2: 291.583374ms
 3: 292.460941ms
 4: 291.333115ms
 5: 291.110178ms
 6: 297.337198ms
 7: 291.237050ms
 8: 292.198998ms
 9: 292.584473ms
 10: 292.221966ms
 11: 291.689859ms
 12: 573.657572ms
 13: 795.616085ms
 14: 405.398183ms
 15: 294.146937ms
 16: 294.789271ms
 17: 547.190690ms
 18: 293.452810ms
 19: 294.310621ms
 20: 291.965039ms
 21: 293.931001ms
 22: 293.414759ms
 23: 294.436372ms
 24: 290.992243ms
 25: 293.092717ms
 26: 292.071195ms
 27: 293.274170ms
 28: 294.341598ms
 29: 550.902488ms
 30: 334.744884ms
 31: 291.385343ms
 32: 291.574982ms
 33: 292.540276ms
 34: 291.583368ms
 35: 289.345686ms
 36: 291.734769ms
 37: 321.803123ms
 38: 294.015834ms
 39: 295.673530ms
 40: 294.567828ms
 41: 293.657678ms
 42: 457.273155ms
 43: 463.813845ms
 44: 296.238019ms
 45: 556.830362ms
 46: 536.371713ms
 47: 293.043017ms
 48: 293.157704ms
 49: 652.410717ms


Measurements
--------------------------
FFT Size            : 575^3
Threads             : 38
Batch               : 1
Iterations          : 50
Avg Tot Runtime     : 346.541643 ms
Runtime per batch   : 346.541643 ms
SD                  : 113.900066 ms
Throughput          : 18.173134 GFLOPs
Plan Time           : 522.512440 sec
