Expm 2: Streaming FFTW
FFTW Plan: Patient
-- Cannot import wisdom from ../../wisdom/singlenode/all/534/fftw_534_t37_b1.patient
-- Exporting wisdom file to ../../wisdom/singlenode/all/534/fftw_534_t37_b1.patient
Iteration: 0, 1, 2, 3, 4, 5, 6, 7, 8, 9, 10, 11, 12, 13, 14, 15, 16, 17, 18, 19, 20, 21, 22, 23, 24, 25, 26, 27, 28, 29, 30, 31, 32, 33, 34, 35, 36, 37, 38, 39, 40, 41, 42, 43, 44, 45, 46, 47, 48, 49, 
Printing individual runtimes:
 0: 352.170799ms
 1: 339.124469ms
 2: 732.767163ms
 3: 729.842473ms
 4: 389.782266ms
 5: 328.264914ms
 6: 622.118035ms
 7: 558.734837ms
 8: 346.684673ms
 9: 341.859293ms
 10: 340.432141ms
 11: 342.499817ms
 12: 342.721040ms
 13: 339.353890ms
 14: 340.896605ms
 15: 341.394564ms
 16: 340.179612ms
 17: 470.489167ms
 18: 344.338779ms
 19: 342.847315ms
 20: 337.580984ms
 21: 340.937627ms
 22: 341.112137ms
 23: 343.019270ms
 24: 339.258214ms
 25: 337.585452ms
 26: 338.630085ms
 27: 343.416162ms
 28: 337.936213ms
 29: 339.268732ms
 30: 340.672249ms
 31: 341.454621ms
 32: 342.371730ms
 33: 343.164645ms
 34: 342.728082ms
 35: 341.894669ms
 36: 338.565705ms
 37: 476.114724ms
 38: 339.824012ms
 39: 337.471900ms
 40: 342.726509ms
 41: 339.263683ms
 42: 336.819477ms
 43: 339.858775ms
 44: 339.431287ms
 45: 341.261737ms
 46: 340.587920ms
 47: 338.694637ms
 48: 339.952817ms
 49: 339.962651ms


Measurements
--------------------------
FFT Size            : 534^3
Threads             : 37
Batch               : 1
Iterations          : 50
Avg Tot Runtime     : 372.561371 ms
Runtime per batch   : 372.561371 ms
SD                  : 91.561980 ms
Throughput          : 21.276345 GFLOPs
Plan Time           : 492.920402 sec
