Expm 2: Streaming FFT

Printing individual runtimes:
 0: 0.130532ms
 1: 0.026665ms
 2: 0.027004ms
 3: 0.085174ms
 4: 0.029046ms
 5: 0.036695ms
 6: 0.026828ms
 7: 0.024636ms
 8: 0.034193ms
 9: 0.026515ms
 10: 0.111533ms
 11: 0.027394ms
 12: 0.025888ms
 13: 0.034560ms
 14: 0.095956ms
 15: 0.032867ms
 16: 0.028183ms
 17: 0.039272ms
 18: 0.028030ms
 19: 0.125920ms
 20: 0.035348ms
 21: 0.029349ms
 22: 0.094487ms
 23: 0.025263ms
 24: 0.028321ms
 25: 0.037446ms
 26: 0.033765ms
 27: 0.028216ms
 28: 0.026752ms
 29: 0.046791ms
 30: 0.118237ms
 31: 0.036482ms
 32: 0.046427ms
 33: 0.028668ms
 34: 0.040817ms
 35: 0.104273ms
 36: 0.027821ms
 37: 0.034858ms
 38: 0.037288ms
 39: 0.025368ms
 40: 0.031329ms
 41: 0.036965ms
 42: 0.033354ms
 43: 0.092908ms
 44: 0.034808ms
 45: 0.025228ms
 46: 0.027607ms
 47: 0.026864ms
 48: 0.024726ms
 49: 0.025680ms
 50: 0.038465ms
 51: 0.026103ms
 52: 0.026513ms
 53: 0.025128ms
 54: 0.026680ms
 55: 0.093671ms
 56: 0.025583ms
 57: 0.026474ms
 58: 0.024937ms
 59: 0.029642ms
 60: 0.027395ms
 61: 0.025228ms
 62: 0.026280ms
 63: 0.035370ms
 64: 0.026509ms
 65: 0.036475ms
 66: 0.026074ms
 67: 0.027682ms
 68: 0.025511ms
 69: 0.104221ms
 70: 0.035697ms
 71: 0.045134ms
 72: 0.025957ms
 73: 0.025970ms
 74: 0.035217ms
 75: 0.025798ms
 76: 0.027379ms
 77: 0.025538ms
 78: 0.026734ms
 79: 0.024946ms
 80: 0.028250ms
 81: 0.030921ms
 82: 0.036215ms
 83: 0.036599ms
 84: 0.033600ms
 85: 0.034759ms
 86: 0.036417ms
 87: 0.028986ms
 88: 0.094644ms
 89: 0.024879ms
 90: 0.035126ms
 91: 0.026580ms
 92: 0.042349ms
 93: 0.027014ms
 94: 0.025368ms
 95: 0.026662ms
 96: 0.028287ms
 97: 0.043359ms
 98: 0.025413ms
 99: 0.027491ms
 100: 0.035978ms
 101: 0.033639ms
 102: 0.037311ms
 103: 0.040998ms
 104: 0.026779ms
 105: 0.026733ms
 106: 0.031054ms
 107: 0.037159ms
 108: 0.028962ms
 109: 0.037032ms
 110: 0.034457ms
 111: 0.025636ms
 112: 0.027076ms
 113: 0.026103ms
 114: 0.094288ms
 115: 0.028210ms
 116: 0.025955ms
 117: 0.024831ms
 118: 0.026267ms
 119: 0.026405ms
 120: 0.035232ms
 121: 0.034874ms
 122: 0.025940ms
 123: 0.088419ms
 124: 0.025867ms
 125: 0.031376ms
 126: 0.037680ms
 127: 0.024691ms
 128: 0.046230ms
 129: 0.027769ms
 130: 0.024552ms
 131: 0.106475ms
 132: 0.025648ms
 133: 0.027819ms
 134: 0.026154ms
 135: 0.031872ms
 136: 0.030767ms
 137: 0.025650ms
 138: 0.025103ms
 139: 0.035968ms
 140: 0.035904ms
 141: 0.025954ms
 142: 0.028083ms
 143: 0.032079ms
 144: 0.032658ms
 145: 0.026857ms
 146: 0.025334ms
 147: 0.030729ms
 148: 0.025550ms
 149: 0.033112ms
 150: 0.036475ms
 151: 0.032379ms
 152: 0.027256ms
 153: 0.046348ms
 154: 0.024847ms
 155: 0.032022ms
 156: 0.025533ms
 157: 0.025229ms
 158: 0.048383ms
 159: 0.025643ms
 160: 0.115064ms
 161: 0.026967ms
 162: 0.031912ms
 163: 0.034155ms
 164: 0.026130ms
 165: 0.067386ms
 166: 0.025036ms
 167: 0.026472ms
 168: 0.058863ms
 169: 0.028446ms
 170: 0.043946ms
 171: 0.025164ms
 172: 0.029854ms
 173: 0.026110ms
 174: 0.099429ms
 175: 0.046546ms
 176: 0.026007ms
 177: 0.044256ms
 178: 0.028505ms
 179: 0.025400ms
 180: 0.025297ms
 181: 0.041854ms
 182: 0.025058ms
 183: 0.025628ms
 184: 0.033019ms
 185: 0.027318ms
 186: 0.035889ms
 187: 0.025465ms
 188: 0.026565ms
 189: 0.035843ms
 190: 0.037715ms
 191: 0.030490ms
 192: 0.024535ms
 193: 0.036401ms
 194: 0.035973ms
 195: 0.025151ms
 196: 0.024656ms
 197: 0.026645ms
 198: 0.025647ms
 199: 0.036351ms


-- Real : Q1: 50 Q2: 100 Q3: 150
-- Array: Q1: 49 Q2: 99 Q3: 149
Printing sorted runtimes:
 0: 0.026007ms
 1: 0.025636ms
 2: 0.025533ms
 3: 0.025647ms
 4: 0.025229ms
 5: 0.025643ms
 6: 0.025413ms
 7: 0.024636ms
 8: 0.025334ms
 9: 0.024847ms
 10: 0.024656ms
 11: 0.025368ms
 12: 0.025888ms
 13: 0.025955ms
 14: 0.025151ms
 15: 0.024879ms
 16: 0.025036ms
 17: 0.025954ms
 18: 0.024831ms
 19: 0.024535ms
 20: 0.025103ms
 21: 0.024946ms
 22: 0.025538ms
 23: 0.025263ms
 24: 0.025798ms
 25: 0.025650ms
 26: 0.025940ms
 27: 0.025970ms
 28: 0.025957ms
 29: 0.025164ms
 30: 0.025465ms
 31: 0.025511ms
 32: 0.025867ms
 33: 0.025228ms
 34: 0.025648ms
 35: 0.025628ms
 36: 0.024937ms
 37: 0.025550ms
 38: 0.025058ms
 39: 0.025368ms
 40: 0.024552ms
 41: 0.025297ms
 42: 0.025583ms
 43: 0.025400ms
 44: 0.024691ms
 45: 0.025228ms
 46: 0.025128ms
 47: 0.025680ms
 48: 0.024726ms
 49: 0.026074ms
 50: 0.026103ms
 51: 0.027819ms
 52: 0.026280ms
 53: 0.026154ms
 54: 0.026130ms
 55: 0.026267ms
 56: 0.026110ms
 57: 0.026405ms
 58: 0.026474ms
 59: 0.026515ms
 60: 0.026509ms
 61: 0.026472ms
 62: 0.026513ms
 63: 0.026565ms
 64: 0.026645ms
 65: 0.026580ms
 66: 0.026662ms
 67: 0.026665ms
 68: 0.026680ms
 69: 0.026733ms
 70: 0.026734ms
 71: 0.026779ms
 72: 0.026752ms
 73: 0.026857ms
 74: 0.026828ms
 75: 0.026864ms
 76: 0.026967ms
 77: 0.027379ms
 78: 0.026103ms
 79: 0.027491ms
 80: 0.027607ms
 81: 0.027256ms
 82: 0.027769ms
 83: 0.027394ms
 84: 0.027682ms
 85: 0.027014ms
 86: 0.027004ms
 87: 0.027318ms
 88: 0.027076ms
 89: 0.027395ms
 90: 0.028250ms
 91: 0.028183ms
 92: 0.028210ms
 93: 0.028030ms
 94: 0.028083ms
 95: 0.027821ms
 96: 0.028216ms
 97: 0.028321ms
 98: 0.028287ms
 99: 0.028446ms
 100: 0.028505ms
 101: 0.036351ms
 102: 0.028986ms
 103: 0.028962ms
 104: 0.029046ms
 105: 0.029349ms
 106: 0.029854ms
 107: 0.029642ms
 108: 0.030490ms
 109: 0.030729ms
 110: 0.030767ms
 111: 0.031329ms
 112: 0.031054ms
 113: 0.031376ms
 114: 0.030921ms
 115: 0.034155ms
 116: 0.035126ms
 117: 0.034759ms
 118: 0.033600ms
 119: 0.031912ms
 120: 0.035232ms
 121: 0.034874ms
 122: 0.035217ms
 123: 0.035697ms
 124: 0.035370ms
 125: 0.033639ms
 126: 0.032379ms
 127: 0.034808ms
 128: 0.033112ms
 129: 0.033354ms
 130: 0.032022ms
 131: 0.034858ms
 132: 0.033019ms
 133: 0.035889ms
 134: 0.033765ms
 135: 0.031872ms
 136: 0.034457ms
 137: 0.035843ms
 138: 0.035348ms
 139: 0.035968ms
 140: 0.035904ms
 141: 0.035973ms
 142: 0.032867ms
 143: 0.032079ms
 144: 0.032658ms
 145: 0.034560ms
 146: 0.034193ms
 147: 0.035978ms
 148: 0.028668ms
 149: 0.036215ms
 150: 0.036401ms
 151: 0.036417ms
 152: 0.036475ms
 153: 0.036475ms
 154: 0.036965ms
 155: 0.036695ms
 156: 0.036599ms
 157: 0.036482ms
 158: 0.037288ms
 159: 0.037311ms
 160: 0.037159ms
 161: 0.037446ms
 162: 0.037032ms
 163: 0.037680ms
 164: 0.042349ms
 165: 0.046427ms
 166: 0.043359ms
 167: 0.037715ms
 168: 0.040817ms
 169: 0.046230ms
 170: 0.043946ms
 171: 0.045134ms
 172: 0.040998ms
 173: 0.039272ms
 174: 0.041854ms
 175: 0.046348ms
 176: 0.046546ms
 177: 0.044256ms
 178: 0.038465ms
 179: 0.092908ms
 180: 0.093671ms
 181: 0.099429ms
 182: 0.104221ms
 183: 0.104273ms
 184: 0.058863ms
 185: 0.067386ms
 186: 0.094644ms
 187: 0.118237ms
 188: 0.046791ms
 189: 0.130532ms
 190: 0.115064ms
 191: 0.094487ms
 192: 0.125920ms
 193: 0.048383ms
 194: 0.094288ms
 195: 0.095956ms
 196: 0.111533ms
 197: 0.088419ms
 198: 0.085174ms
 199: 0.106475ms


Measurements
--------------------------
FFT Size            : 28^3
Threads             : 23
Batch               : 1
Iterations          : 200
Avg Tot Runtime     : 0.037060 ms
Runtime per batch   : 0.037060 ms
SD                  : 0.021496 ms
Q1                  : 0.026074 ms
Median              : 0.028476 ms
Q3                  : 0.036215 ms
