Expm 2: Streaming FFT

Printing individual runtimes:
 0: 0.196508ms
 1: 0.021035ms
 2: 0.021923ms
 3: 0.414909ms
 4: 0.021059ms
 5: 0.164527ms
 6: 0.019050ms
 7: 0.019717ms
 8: 0.031096ms
 9: 0.160215ms
 10: 0.020545ms
 11: 0.020178ms
 12: 0.148802ms
 13: 0.024261ms
 14: 0.019194ms
 15: 0.020561ms
 16: 0.151614ms
 17: 0.020736ms
 18: 0.022471ms
 19: 0.135477ms
 20: 0.028867ms
 21: 0.020745ms
 22: 0.019590ms
 23: 0.140956ms
 24: 0.019971ms
 25: 0.024221ms
 26: 0.028527ms
 27: 0.019777ms
 28: 0.028505ms
 29: 0.022183ms
 30: 0.025601ms
 31: 0.020294ms
 32: 0.020975ms
 33: 0.020759ms
 34: 0.154821ms
 35: 0.023678ms
 36: 0.022954ms
 37: 0.020570ms
 38: 0.020361ms
 39: 0.028095ms
 40: 0.019658ms
 41: 0.031279ms
 42: 0.018693ms
 43: 0.028932ms
 44: 0.028532ms
 45: 0.023378ms
 46: 0.021341ms
 47: 0.024104ms
 48: 0.033387ms
 49: 0.028633ms
 50: 0.019049ms
 51: 0.028749ms
 52: 0.031904ms
 53: 0.026922ms
 54: 0.144132ms
 55: 0.020309ms
 56: 0.023910ms
 57: 0.019757ms
 58: 0.028046ms
 59: 0.024687ms
 60: 0.019492ms
 61: 0.025495ms
 62: 0.020408ms
 63: 0.022044ms
 64: 0.133606ms
 65: 0.019621ms
 66: 0.022261ms
 67: 0.020479ms
 68: 0.019457ms
 69: 0.019493ms
 70: 0.025231ms
 71: 0.017892ms
 72: 0.028405ms
 73: 0.027432ms
 74: 0.028415ms
 75: 0.031912ms
 76: 0.020411ms
 77: 0.030256ms
 78: 0.019486ms
 79: 0.021777ms
 80: 0.025953ms
 81: 0.028097ms
 82: 0.022302ms
 83: 0.018870ms
 84: 0.019660ms
 85: 0.021234ms
 86: 0.020531ms
 87: 0.020326ms
 88: 0.029729ms
 89: 0.020847ms
 90: 0.019541ms
 91: 0.024454ms
 92: 0.028449ms
 93: 0.020515ms
 94: 0.019540ms
 95: 0.034381ms
 96: 0.020640ms
 97: 0.029496ms
 98: 0.022785ms
 99: 0.019512ms
 100: 0.163593ms
 101: 0.028153ms
 102: 0.022228ms
 103: 0.020861ms
 104: 0.019941ms
 105: 0.019520ms
 106: 0.018544ms
 107: 0.029630ms
 108: 0.024410ms
 109: 0.020228ms
 110: 0.020780ms
 111: 0.021352ms
 112: 0.022598ms
 113: 0.018713ms
 114: 0.021575ms
 115: 0.022398ms
 116: 0.021081ms
 117: 0.019218ms
 118: 0.021810ms
 119: 0.028138ms
 120: 0.018652ms
 121: 0.020812ms
 122: 0.018997ms
 123: 0.024471ms
 124: 0.021196ms
 125: 0.025453ms
 126: 0.019367ms
 127: 0.021873ms
 128: 0.022207ms
 129: 0.030634ms
 130: 0.021298ms
 131: 0.020631ms
 132: 0.026573ms
 133: 0.021711ms
 134: 0.022332ms
 135: 0.021420ms
 136: 0.020733ms
 137: 0.020388ms
 138: 0.019897ms
 139: 0.027464ms
 140: 0.021539ms
 141: 0.021500ms
 142: 0.019104ms
 143: 0.019369ms
 144: 0.033433ms
 145: 0.019088ms
 146: 0.020922ms
 147: 0.019621ms
 148: 0.020843ms
 149: 0.025423ms
 150: 0.020269ms
 151: 0.021925ms
 152: 0.021057ms
 153: 0.028842ms
 154: 0.020965ms
 155: 0.028822ms
 156: 0.023789ms
 157: 0.030355ms
 158: 0.020813ms
 159: 0.020216ms
 160: 0.028905ms
 161: 0.027848ms
 162: 0.020269ms
 163: 0.020639ms
 164: 0.022873ms
 165: 0.020754ms
 166: 0.027246ms
 167: 0.021159ms
 168: 0.020688ms
 169: 0.019607ms
 170: 0.036504ms
 171: 0.025812ms
 172: 0.024449ms
 173: 0.171230ms
 174: 0.019707ms
 175: 0.019819ms
 176: 0.028564ms
 177: 0.028710ms
 178: 0.021618ms
 179: 0.019593ms
 180: 0.030673ms
 181: 0.021952ms
 182: 0.019306ms
 183: 0.020873ms
 184: 0.021052ms
 185: 0.019838ms
 186: 0.020345ms
 187: 0.019517ms
 188: 0.023325ms
 189: 0.021117ms
 190: 0.024703ms
 191: 0.019360ms
 192: 0.024659ms
 193: 0.026247ms
 194: 0.019413ms
 195: 0.027951ms
 196: 0.021771ms
 197: 0.020558ms
 198: 0.135337ms
 199: 0.021823ms


-- Real : Q1: 50 Q2: 100 Q3: 150
-- Array: Q1: 49 Q2: 99 Q3: 149
Printing sorted runtimes:
 0: 0.020269ms
 1: 0.019941ms
 2: 0.018997ms
 3: 0.019520ms
 4: 0.018544ms
 5: 0.019413ms
 6: 0.019050ms
 7: 0.019717ms
 8: 0.019360ms
 9: 0.019512ms
 10: 0.019486ms
 11: 0.020178ms
 12: 0.019517ms
 13: 0.019367ms
 14: 0.019194ms
 15: 0.018652ms
 16: 0.019838ms
 17: 0.017892ms
 18: 0.020228ms
 19: 0.019493ms
 20: 0.019306ms
 21: 0.019457ms
 22: 0.019590ms
 23: 0.019593ms
 24: 0.019971ms
 25: 0.019218ms
 26: 0.019819ms
 27: 0.019777ms
 28: 0.019707ms
 29: 0.019607ms
 30: 0.019621ms
 31: 0.018870ms
 32: 0.019540ms
 33: 0.019492ms
 34: 0.019897ms
 35: 0.019660ms
 36: 0.019757ms
 37: 0.019104ms
 38: 0.019369ms
 39: 0.019088ms
 40: 0.019658ms
 41: 0.020216ms
 42: 0.018693ms
 43: 0.019049ms
 44: 0.018713ms
 45: 0.019541ms
 46: 0.019621ms
 47: 0.020294ms
 48: 0.020269ms
 49: 0.020309ms
 50: 0.020326ms
 51: 0.021352ms
 52: 0.020545ms
 53: 0.020361ms
 54: 0.020570ms
 55: 0.020558ms
 56: 0.020531ms
 57: 0.020639ms
 58: 0.020754ms
 59: 0.020515ms
 60: 0.020759ms
 61: 0.020388ms
 62: 0.020408ms
 63: 0.020733ms
 64: 0.020411ms
 65: 0.020688ms
 66: 0.020640ms
 67: 0.020479ms
 68: 0.020745ms
 69: 0.020780ms
 70: 0.020631ms
 71: 0.020736ms
 72: 0.020561ms
 73: 0.020812ms
 74: 0.020861ms
 75: 0.020813ms
 76: 0.020847ms
 77: 0.020843ms
 78: 0.021196ms
 79: 0.020345ms
 80: 0.021298ms
 81: 0.021035ms
 82: 0.021059ms
 83: 0.021117ms
 84: 0.021052ms
 85: 0.021234ms
 86: 0.020873ms
 87: 0.020922ms
 88: 0.021081ms
 89: 0.021341ms
 90: 0.021057ms
 91: 0.020975ms
 92: 0.020965ms
 93: 0.021159ms
 94: 0.021575ms
 95: 0.021420ms
 96: 0.021539ms
 97: 0.021500ms
 98: 0.021618ms
 99: 0.021711ms
 100: 0.021771ms
 101: 0.026573ms
 102: 0.021810ms
 103: 0.021823ms
 104: 0.021777ms
 105: 0.021923ms
 106: 0.021873ms
 107: 0.021925ms
 108: 0.022044ms
 109: 0.022207ms
 110: 0.022261ms
 111: 0.022228ms
 112: 0.022183ms
 113: 0.022302ms
 114: 0.022332ms
 115: 0.022398ms
 116: 0.024454ms
 117: 0.022471ms
 118: 0.024221ms
 119: 0.024449ms
 120: 0.022598ms
 121: 0.023678ms
 122: 0.022873ms
 123: 0.024471ms
 124: 0.022954ms
 125: 0.024261ms
 126: 0.023789ms
 127: 0.023325ms
 128: 0.022785ms
 129: 0.023378ms
 130: 0.024410ms
 131: 0.023910ms
 132: 0.024104ms
 133: 0.024659ms
 134: 0.024687ms
 135: 0.025423ms
 136: 0.025231ms
 137: 0.024703ms
 138: 0.025453ms
 139: 0.026247ms
 140: 0.025812ms
 141: 0.025495ms
 142: 0.025953ms
 143: 0.025601ms
 144: 0.021952ms
 145: 0.027432ms
 146: 0.027246ms
 147: 0.026922ms
 148: 0.027848ms
 149: 0.027464ms
 150: 0.027951ms
 151: 0.028046ms
 152: 0.028097ms
 153: 0.028095ms
 154: 0.028138ms
 155: 0.028153ms
 156: 0.028564ms
 157: 0.028527ms
 158: 0.028505ms
 159: 0.028532ms
 160: 0.028710ms
 161: 0.028405ms
 162: 0.028449ms
 163: 0.028415ms
 164: 0.028633ms
 165: 0.028749ms
 166: 0.030256ms
 167: 0.154821ms
 168: 0.031912ms
 169: 0.144132ms
 170: 0.036504ms
 171: 0.028905ms
 172: 0.031279ms
 173: 0.171230ms
 174: 0.028932ms
 175: 0.030355ms
 176: 0.028822ms
 177: 0.028842ms
 178: 0.030634ms
 179: 0.140956ms
 180: 0.030673ms
 181: 0.029729ms
 182: 0.028867ms
 183: 0.135477ms
 184: 0.033433ms
 185: 0.151614ms
 186: 0.034381ms
 187: 0.148802ms
 188: 0.029496ms
 189: 0.160215ms
 190: 0.029630ms
 191: 0.031096ms
 192: 0.163593ms
 193: 0.133606ms
 194: 0.164527ms
 195: 0.033387ms
 196: 0.414909ms
 197: 0.031904ms
 198: 0.135337ms
 199: 0.196508ms


Measurements
--------------------------
FFT Size            : 28^3
Threads             : 28
Batch               : 1
Iterations          : 200
Avg Tot Runtime     : 0.033529 ms
Runtime per batch   : 0.033529 ms
SD                  : 0.042475 ms
Q1                  : 0.020309 ms
Median              : 0.021741 ms
Q3                  : 0.027464 ms
