Expm 2: Streaming FFT

Printing individual runtimes:
 0: 0.149441ms
 1: 0.026021ms
 2: 0.031689ms
 3: 0.111843ms
 4: 0.025604ms
 5: 0.031226ms
 6: 0.029260ms
 7: 0.025618ms
 8: 0.023735ms
 9: 0.024697ms
 10: 0.100029ms
 11: 0.032383ms
 12: 0.036824ms
 13: 0.022448ms
 14: 0.089304ms
 15: 0.025557ms
 16: 0.035456ms
 17: 0.024507ms
 18: 0.030117ms
 19: 0.026320ms
 20: 0.027936ms
 21: 0.023772ms
 22: 0.024544ms
 23: 0.027338ms
 24: 0.022625ms
 25: 0.034095ms
 26: 0.112705ms
 27: 0.024504ms
 28: 0.035177ms
 29: 0.024372ms
 30: 0.092033ms
 31: 0.036380ms
 32: 0.025525ms
 33: 0.028125ms
 34: 0.025554ms
 35: 0.030419ms
 36: 0.025336ms
 37: 0.026267ms
 38: 0.031012ms
 39: 0.025286ms
 40: 0.027017ms
 41: 0.044383ms
 42: 0.033558ms
 43: 0.025646ms
 44: 0.024292ms
 45: 0.022732ms
 46: 0.026660ms
 47: 0.024203ms
 48: 0.023713ms
 49: 0.027589ms
 50: 0.024496ms
 51: 0.025874ms
 52: 0.026878ms
 53: 0.034067ms
 54: 0.028727ms
 55: 0.035146ms
 56: 0.024772ms
 57: 0.025893ms
 58: 0.024514ms
 59: 0.095520ms
 60: 0.024191ms
 61: 0.025435ms
 62: 0.026528ms
 63: 0.024722ms
 64: 0.025079ms
 65: 0.026037ms
 66: 0.025132ms
 67: 0.031922ms
 68: 0.027252ms
 69: 0.036709ms
 70: 0.023998ms
 71: 0.031520ms
 72: 0.025368ms
 73: 0.026569ms
 74: 0.032562ms
 75: 0.025013ms
 76: 0.024291ms
 77: 0.025761ms
 78: 0.026038ms
 79: 0.028426ms
 80: 0.024132ms
 81: 0.026071ms
 82: 0.024995ms
 83: 0.023828ms
 84: 0.026310ms
 85: 0.025614ms
 86: 0.028710ms
 87: 0.025179ms
 88: 0.026047ms
 89: 0.082720ms
 90: 0.024955ms
 91: 0.028543ms
 92: 0.024853ms
 93: 0.023321ms
 94: 0.047107ms
 95: 0.027493ms
 96: 0.023219ms
 97: 0.025841ms
 98: 0.024013ms
 99: 0.037291ms
 100: 0.024424ms
 101: 0.024754ms
 102: 0.033548ms
 103: 0.025991ms
 104: 0.027376ms
 105: 0.026445ms
 106: 0.028563ms
 107: 0.024692ms
 108: 0.024267ms
 109: 0.023908ms
 110: 0.025947ms
 111: 0.030763ms
 112: 0.098463ms
 113: 0.026755ms
 114: 0.025362ms
 115: 0.027935ms
 116: 0.024795ms
 117: 0.024555ms
 118: 0.037684ms
 119: 0.025831ms
 120: 0.024755ms
 121: 0.024404ms
 122: 0.026819ms
 123: 0.051917ms
 124: 0.024083ms
 125: 0.025083ms
 126: 0.026180ms
 127: 0.094165ms
 128: 0.034342ms
 129: 0.036273ms
 130: 0.024243ms
 131: 0.027677ms
 132: 0.024255ms
 133: 0.024842ms
 134: 0.026871ms
 135: 0.028780ms
 136: 0.034042ms
 137: 0.024669ms
 138: 0.027119ms
 139: 0.024811ms
 140: 0.028217ms
 141: 0.024486ms
 142: 0.024016ms
 143: 0.028060ms
 144: 0.025627ms
 145: 0.024845ms
 146: 0.025241ms
 147: 0.025456ms
 148: 0.023575ms
 149: 0.024641ms
 150: 0.026809ms
 151: 0.025922ms
 152: 0.030842ms
 153: 0.026710ms
 154: 0.037629ms
 155: 0.024100ms
 156: 0.024377ms
 157: 0.024468ms
 158: 0.024433ms
 159: 0.025350ms
 160: 0.026812ms
 161: 0.024867ms
 162: 0.025930ms
 163: 0.099649ms
 164: 0.037250ms
 165: 0.024591ms
 166: 0.026322ms
 167: 0.025570ms
 168: 0.030568ms
 169: 0.034402ms
 170: 0.037394ms
 171: 0.024146ms
 172: 0.025106ms
 173: 0.025465ms
 174: 0.029265ms
 175: 0.024255ms
 176: 0.023929ms
 177: 0.026609ms
 178: 0.024308ms
 179: 0.023865ms
 180: 0.032144ms
 181: 0.026978ms
 182: 0.035415ms
 183: 0.024818ms
 184: 0.027241ms
 185: 0.033429ms
 186: 0.023258ms
 187: 0.025078ms
 188: 0.027165ms
 189: 0.024006ms
 190: 0.024781ms
 191: 0.023277ms
 192: 0.024604ms
 193: 0.034095ms
 194: 0.023637ms
 195: 0.024656ms
 196: 0.024550ms
 197: 0.025993ms
 198: 0.027087ms
 199: 0.025162ms


-- Real : Q1: 50 Q2: 100 Q3: 150
-- Array: Q1: 49 Q2: 99 Q3: 149
Printing sorted runtimes:
 0: 0.024377ms
 1: 0.024191ms
 2: 0.024267ms
 3: 0.023637ms
 4: 0.023908ms
 5: 0.023277ms
 6: 0.023713ms
 7: 0.024006ms
 8: 0.023735ms
 9: 0.024203ms
 10: 0.024291ms
 11: 0.023258ms
 12: 0.024132ms
 13: 0.022448ms
 14: 0.023865ms
 15: 0.024308ms
 16: 0.023929ms
 17: 0.022732ms
 18: 0.024255ms
 19: 0.023998ms
 20: 0.024146ms
 21: 0.023772ms
 22: 0.024292ms
 23: 0.024083ms
 24: 0.022625ms
 25: 0.023828ms
 26: 0.024013ms
 27: 0.024243ms
 28: 0.024255ms
 29: 0.024372ms
 30: 0.023219ms
 31: 0.024100ms
 32: 0.024016ms
 33: 0.023575ms
 34: 0.023321ms
 35: 0.024550ms
 36: 0.024486ms
 37: 0.024424ms
 38: 0.024514ms
 39: 0.024496ms
 40: 0.024468ms
 41: 0.024504ms
 42: 0.024433ms
 43: 0.024404ms
 44: 0.024544ms
 45: 0.024507ms
 46: 0.024641ms
 47: 0.024591ms
 48: 0.024604ms
 49: 0.024555ms
 50: 0.024656ms
 51: 0.025362ms
 52: 0.024692ms
 53: 0.024697ms
 54: 0.024781ms
 55: 0.024795ms
 56: 0.024772ms
 57: 0.024754ms
 58: 0.024755ms
 59: 0.024722ms
 60: 0.024811ms
 61: 0.025083ms
 62: 0.024842ms
 63: 0.025162ms
 64: 0.025079ms
 65: 0.024845ms
 66: 0.025132ms
 67: 0.024853ms
 68: 0.024955ms
 69: 0.024867ms
 70: 0.025106ms
 71: 0.024995ms
 72: 0.024818ms
 73: 0.025078ms
 74: 0.025013ms
 75: 0.024669ms
 76: 0.025286ms
 77: 0.025336ms
 78: 0.025241ms
 79: 0.025350ms
 80: 0.025179ms
 81: 0.025841ms
 82: 0.025618ms
 83: 0.025465ms
 84: 0.025831ms
 85: 0.025614ms
 86: 0.025646ms
 87: 0.025368ms
 88: 0.025570ms
 89: 0.025557ms
 90: 0.025525ms
 91: 0.025456ms
 92: 0.025604ms
 93: 0.025761ms
 94: 0.025435ms
 95: 0.025554ms
 96: 0.025627ms
 97: 0.025893ms
 98: 0.025874ms
 99: 0.025922ms
 100: 0.025930ms
 101: 0.026809ms
 102: 0.025947ms
 103: 0.025991ms
 104: 0.025993ms
 105: 0.026267ms
 106: 0.026180ms
 107: 0.026047ms
 108: 0.026038ms
 109: 0.026310ms
 110: 0.026037ms
 111: 0.026320ms
 112: 0.026071ms
 113: 0.026322ms
 114: 0.026755ms
 115: 0.026569ms
 116: 0.026609ms
 117: 0.026710ms
 118: 0.026021ms
 119: 0.026528ms
 120: 0.026445ms
 121: 0.026660ms
 122: 0.027935ms
 123: 0.026819ms
 124: 0.026812ms
 125: 0.027087ms
 126: 0.026878ms
 127: 0.027338ms
 128: 0.027241ms
 129: 0.026978ms
 130: 0.027165ms
 131: 0.027677ms
 132: 0.027017ms
 133: 0.027589ms
 134: 0.026871ms
 135: 0.027252ms
 136: 0.027376ms
 137: 0.027493ms
 138: 0.027119ms
 139: 0.028710ms
 140: 0.028217ms
 141: 0.027936ms
 142: 0.028426ms
 143: 0.028060ms
 144: 0.028563ms
 145: 0.028125ms
 146: 0.028543ms
 147: 0.028780ms
 148: 0.028727ms
 149: 0.029260ms
 150: 0.029265ms
 151: 0.030568ms
 152: 0.030842ms
 153: 0.030763ms
 154: 0.030419ms
 155: 0.030117ms
 156: 0.031012ms
 157: 0.031226ms
 158: 0.031520ms
 159: 0.032144ms
 160: 0.031922ms
 161: 0.031689ms
 162: 0.032383ms
 163: 0.033548ms
 164: 0.032562ms
 165: 0.033429ms
 166: 0.033558ms
 167: 0.037250ms
 168: 0.099649ms
 169: 0.034402ms
 170: 0.037394ms
 171: 0.034095ms
 172: 0.112705ms
 173: 0.035177ms
 174: 0.092033ms
 175: 0.036380ms
 176: 0.035456ms
 177: 0.037629ms
 178: 0.034042ms
 179: 0.089304ms
 180: 0.044383ms
 181: 0.036273ms
 182: 0.035415ms
 183: 0.036824ms
 184: 0.034342ms
 185: 0.094165ms
 186: 0.051917ms
 187: 0.100029ms
 188: 0.037684ms
 189: 0.098463ms
 190: 0.034067ms
 191: 0.035146ms
 192: 0.095520ms
 193: 0.034095ms
 194: 0.111843ms
 195: 0.037291ms
 196: 0.047107ms
 197: 0.082720ms
 198: 0.036709ms
 199: 0.149441ms


Measurements
--------------------------
FFT Size            : 28^3
Threads             : 27
Batch               : 1
Iterations          : 200
Avg Tot Runtime     : 0.031517 ms
Runtime per batch   : 0.031517 ms
SD                  : 0.018091 ms
Q1                  : 0.024555 ms
Median              : 0.025926 ms
Q3                  : 0.029260 ms
