Expm 2: Streaming FFT

Printing individual runtimes:
 0: 0.185468ms
 1: 0.027205ms
 2: 0.033442ms
 3: 0.257804ms
 4: 0.032754ms
 5: 0.389105ms
 6: 0.032663ms
 7: 0.028221ms
 8: 0.030072ms
 9: 0.135995ms
 10: 0.031480ms
 11: 0.025929ms
 12: 0.032555ms
 13: 0.032776ms
 14: 0.044320ms
 15: 0.039062ms
 16: 0.175464ms
 17: 0.028886ms
 18: 0.025148ms
 19: 0.027646ms
 20: 0.026680ms
 21: 0.027737ms
 22: 0.024264ms
 23: 0.035571ms
 24: 0.023542ms
 25: 0.035874ms
 26: 0.141400ms
 27: 0.024501ms
 28: 0.029191ms
 29: 0.025775ms
 30: 0.024539ms
 31: 0.027363ms
 32: 0.024178ms
 33: 0.026095ms
 34: 0.025825ms
 35: 0.028148ms
 36: 0.032621ms
 37: 0.024211ms
 38: 0.025159ms
 39: 0.032738ms
 40: 0.039765ms
 41: 0.024924ms
 42: 0.029861ms
 43: 0.178906ms
 44: 0.027082ms
 45: 0.023494ms
 46: 0.025184ms
 47: 0.036504ms
 48: 0.025269ms
 49: 0.024371ms
 50: 0.026430ms
 51: 0.028791ms
 52: 0.027529ms
 53: 0.024048ms
 54: 0.024978ms
 55: 0.024331ms
 56: 0.023939ms
 57: 0.034614ms
 58: 0.024265ms
 59: 0.024222ms
 60: 0.028379ms
 61: 0.033105ms
 62: 0.025607ms
 63: 0.029265ms
 64: 0.040968ms
 65: 0.027065ms
 66: 0.023670ms
 67: 0.025783ms
 68: 0.025564ms
 69: 0.037521ms
 70: 0.027441ms
 71: 0.025810ms
 72: 0.027073ms
 73: 0.025733ms
 74: 0.134880ms
 75: 0.026434ms
 76: 0.033023ms
 77: 0.041417ms
 78: 0.024380ms
 79: 0.027948ms
 80: 0.025188ms
 81: 0.023179ms
 82: 0.025324ms
 83: 0.026664ms
 84: 0.027134ms
 85: 0.025058ms
 86: 0.025916ms
 87: 0.026382ms
 88: 0.025567ms
 89: 0.025943ms
 90: 0.024475ms
 91: 0.024129ms
 92: 0.028139ms
 93: 0.024736ms
 94: 0.025574ms
 95: 0.026978ms
 96: 0.025926ms
 97: 0.023698ms
 98: 0.032624ms
 99: 0.026017ms
 100: 0.027242ms
 101: 0.026201ms
 102: 0.025673ms
 103: 0.030134ms
 104: 0.022949ms
 105: 0.031611ms
 106: 0.025329ms
 107: 0.024306ms
 108: 0.022546ms
 109: 0.030459ms
 110: 0.024902ms
 111: 0.023722ms
 112: 0.022869ms
 113: 0.027301ms
 114: 0.024130ms
 115: 0.025868ms
 116: 0.026943ms
 117: 0.025945ms
 118: 0.026161ms
 119: 0.025862ms
 120: 0.032016ms
 121: 0.031598ms
 122: 0.024809ms
 123: 0.024915ms
 124: 0.024551ms
 125: 0.048648ms
 126: 0.033294ms
 127: 0.025371ms
 128: 0.026191ms
 129: 0.032221ms
 130: 0.026524ms
 131: 0.024613ms
 132: 0.027573ms
 133: 0.032087ms
 134: 0.024854ms
 135: 0.024954ms
 136: 0.026783ms
 137: 0.023824ms
 138: 0.025721ms
 139: 0.025943ms
 140: 0.024815ms
 141: 0.030138ms
 142: 0.026621ms
 143: 0.024822ms
 144: 0.024862ms
 145: 0.026273ms
 146: 0.030034ms
 147: 0.025245ms
 148: 0.026204ms
 149: 0.025357ms
 150: 0.025885ms
 151: 0.029683ms
 152: 0.025182ms
 153: 0.023907ms
 154: 0.023917ms
 155: 0.023599ms
 156: 0.023876ms
 157: 0.029877ms
 158: 0.025197ms
 159: 0.025064ms
 160: 0.022474ms
 161: 0.028334ms
 162: 0.024769ms
 163: 0.024129ms
 164: 0.028213ms
 165: 0.026072ms
 166: 0.025799ms
 167: 0.024337ms
 168: 0.025573ms
 169: 0.026182ms
 170: 0.025605ms
 171: 0.025205ms
 172: 0.026216ms
 173: 0.027648ms
 174: 0.025706ms
 175: 0.025390ms
 176: 0.025412ms
 177: 0.026396ms
 178: 0.024286ms
 179: 0.024523ms
 180: 0.028313ms
 181: 0.025972ms
 182: 0.025154ms
 183: 0.034472ms
 184: 0.026830ms
 185: 0.024815ms
 186: 0.025325ms
 187: 0.026847ms
 188: 0.028760ms
 189: 0.024367ms
 190: 0.023837ms
 191: 0.035665ms
 192: 0.024078ms
 193: 0.032119ms
 194: 0.024963ms
 195: 0.029599ms
 196: 0.025570ms
 197: 0.024442ms
 198: 0.028165ms
 199: 0.025783ms


-- Real : Q1: 50 Q2: 100 Q3: 150
-- Array: Q1: 49 Q2: 99 Q3: 149
Printing sorted runtimes:
 0: 0.024815ms
 1: 0.023698ms
 2: 0.024442ms
 3: 0.024475ms
 4: 0.024736ms
 5: 0.024078ms
 6: 0.023837ms
 7: 0.024367ms
 8: 0.024613ms
 9: 0.022949ms
 10: 0.023670ms
 11: 0.024551ms
 12: 0.023907ms
 13: 0.023917ms
 14: 0.024809ms
 15: 0.024523ms
 16: 0.024286ms
 17: 0.023599ms
 18: 0.024222ms
 19: 0.024129ms
 20: 0.024265ms
 21: 0.023876ms
 22: 0.024264ms
 23: 0.023179ms
 24: 0.023542ms
 25: 0.024130ms
 26: 0.023939ms
 27: 0.024501ms
 28: 0.024331ms
 29: 0.024048ms
 30: 0.024539ms
 31: 0.022869ms
 32: 0.024178ms
 33: 0.023722ms
 34: 0.024371ms
 35: 0.024380ms
 36: 0.024337ms
 37: 0.024211ms
 38: 0.022474ms
 39: 0.023824ms
 40: 0.022546ms
 41: 0.023494ms
 42: 0.024129ms
 43: 0.024769ms
 44: 0.024306ms
 45: 0.024854ms
 46: 0.024815ms
 47: 0.024822ms
 48: 0.024902ms
 49: 0.024862ms
 50: 0.024915ms
 51: 0.025567ms
 52: 0.025064ms
 53: 0.024963ms
 54: 0.024978ms
 55: 0.025182ms
 56: 0.025058ms
 57: 0.025159ms
 58: 0.024954ms
 59: 0.025148ms
 60: 0.025184ms
 61: 0.025154ms
 62: 0.025324ms
 63: 0.025205ms
 64: 0.025188ms
 65: 0.025245ms
 66: 0.025197ms
 67: 0.025325ms
 68: 0.025329ms
 69: 0.025269ms
 70: 0.025357ms
 71: 0.025371ms
 72: 0.024924ms
 73: 0.025412ms
 74: 0.025390ms
 75: 0.025564ms
 76: 0.025885ms
 77: 0.025607ms
 78: 0.025573ms
 79: 0.025775ms
 80: 0.025605ms
 81: 0.025706ms
 82: 0.025574ms
 83: 0.025733ms
 84: 0.025570ms
 85: 0.025783ms
 86: 0.025862ms
 87: 0.025810ms
 88: 0.025721ms
 89: 0.025673ms
 90: 0.025783ms
 91: 0.025868ms
 92: 0.025825ms
 93: 0.025799ms
 94: 0.025943ms
 95: 0.025929ms
 96: 0.025926ms
 97: 0.025916ms
 98: 0.025943ms
 99: 0.025945ms
 100: 0.025972ms
 101: 0.028139ms
 102: 0.026201ms
 103: 0.026621ms
 104: 0.026524ms
 105: 0.026204ms
 106: 0.026430ms
 107: 0.026830ms
 108: 0.026072ms
 109: 0.026434ms
 110: 0.026273ms
 111: 0.026095ms
 112: 0.026182ms
 113: 0.026783ms
 114: 0.026216ms
 115: 0.026664ms
 116: 0.026191ms
 117: 0.026382ms
 118: 0.026161ms
 119: 0.026847ms
 120: 0.026680ms
 121: 0.026396ms
 122: 0.026943ms
 123: 0.027082ms
 124: 0.027065ms
 125: 0.027073ms
 126: 0.026978ms
 127: 0.027205ms
 128: 0.027134ms
 129: 0.027646ms
 130: 0.027737ms
 131: 0.027648ms
 132: 0.027573ms
 133: 0.027363ms
 134: 0.027529ms
 135: 0.026017ms
 136: 0.027301ms
 137: 0.027441ms
 138: 0.027948ms
 139: 0.027242ms
 140: 0.028221ms
 141: 0.028148ms
 142: 0.028165ms
 143: 0.028213ms
 144: 0.028886ms
 145: 0.028791ms
 146: 0.028379ms
 147: 0.028760ms
 148: 0.028313ms
 149: 0.028334ms
 150: 0.029191ms
 151: 0.029683ms
 152: 0.030138ms
 153: 0.029265ms
 154: 0.029599ms
 155: 0.030034ms
 156: 0.029861ms
 157: 0.029877ms
 158: 0.030072ms
 159: 0.030134ms
 160: 0.036504ms
 161: 0.031598ms
 162: 0.032119ms
 163: 0.034614ms
 164: 0.033105ms
 165: 0.035665ms
 166: 0.032738ms
 167: 0.032621ms
 168: 0.032754ms
 169: 0.032087ms
 170: 0.032016ms
 171: 0.032663ms
 172: 0.035874ms
 173: 0.030459ms
 174: 0.035571ms
 175: 0.033294ms
 176: 0.032221ms
 177: 0.033023ms
 178: 0.033442ms
 179: 0.031611ms
 180: 0.037521ms
 181: 0.032624ms
 182: 0.032776ms
 183: 0.034472ms
 184: 0.032555ms
 185: 0.031480ms
 186: 0.135995ms
 187: 0.044320ms
 188: 0.039062ms
 189: 0.175464ms
 190: 0.141400ms
 191: 0.039765ms
 192: 0.389105ms
 193: 0.178906ms
 194: 0.040968ms
 195: 0.134880ms
 196: 0.257804ms
 197: 0.041417ms
 198: 0.048648ms
 199: 0.185468ms


Measurements
--------------------------
FFT Size            : 28^3
Threads             : 32
Batch               : 1
Iterations          : 200
Avg Tot Runtime     : 0.034271 ms
Runtime per batch   : 0.034271 ms
SD                  : 0.037676 ms
Q1                  : 0.024862 ms
Median              : 0.025958 ms
Q3                  : 0.028334 ms
