Expm 2: Streaming FFTW
FFTW Plan: Patient
-- Cannot import wisdom from ../../wisdom/singlenode/all/603/fftw_603_t38_b1.patient
-- Exporting wisdom file to ../../wisdom/singlenode/all/603/fftw_603_t38_b1.patient
Iteration: 0, 1, 2, 3, 4, 5, 6, 7, 8, 9, 10, 11, 12, 13, 14, 15, 16, 17, 18, 19, 20, 21, 22, 23, 24, 25, 26, 27, 28, 29, 30, 31, 32, 33, 34, 35, 36, 37, 38, 39, 40, 41, 42, 43, 44, 45, 46, 47, 48, 49, 
Printing individual runtimes:
 0: 672.526447ms
 1: 1008.298188ms
 2: 1074.907090ms
 3: 817.604919ms
 4: 795.791000ms
 5: 642.602732ms
 6: 649.090894ms
 7: 651.870470ms
 8: 651.126819ms
 9: 657.626825ms
 10: 749.154077ms
 11: 1085.766860ms
 12: 1097.834545ms
 13: 673.233434ms
 14: 681.105194ms
 15: 679.403125ms
 16: 680.858715ms
 17: 681.441855ms
 18: 674.377805ms
 19: 676.292073ms
 20: 673.035675ms
 21: 671.674131ms
 22: 691.454368ms
 23: 665.887697ms
 24: 679.311049ms
 25: 852.808990ms
 26: 651.229343ms
 27: 643.263590ms
 28: 644.426861ms
 29: 640.542699ms
 30: 637.789316ms
 31: 648.147994ms
 32: 641.481830ms
 33: 652.789830ms
 34: 640.482541ms
 35: 662.204005ms
 36: 650.784921ms
 37: 644.061781ms
 38: 637.992380ms
 39: 652.259556ms
 40: 642.315050ms
 41: 645.388989ms
 42: 642.843133ms
 43: 644.440062ms
 44: 639.163794ms
 45: 640.973866ms
 46: 640.886733ms
 47: 780.790655ms
 48: 643.105006ms
 49: 647.950474ms


Measurements
--------------------------
FFT Size            : 603^3
Threads             : 38
Batch               : 1
Iterations          : 50
Avg Tot Runtime     : 703.007988 ms
Runtime per batch   : 703.007988 ms
SD                  : 117.274991 ms
Throughput          : 38.966522 GFLOPs
Plan Time           : 515.252118 sec
