Expm 2: Streaming FFTW
FFTW Plan: Patient
-- Cannot import wisdom from ../../wisdom/singlenode/all/446/fftw_446_t36_b1.patient
-- Exporting wisdom file to ../../wisdom/singlenode/all/446/fftw_446_t36_b1.patient
Iteration: 0, 1, 2, 3, 4, 5, 6, 7, 8, 9, 10, 11, 12, 13, 14, 15, 16, 17, 18, 19, 20, 21, 22, 23, 24, 25, 26, 27, 28, 29, 30, 31, 32, 33, 34, 35, 36, 37, 38, 39, 40, 41, 42, 43, 44, 45, 46, 47, 48, 49, 
Printing individual runtimes:
 0: 175.220568ms
 1: 177.534261ms
 2: 215.088467ms
 3: 179.093024ms
 4: 175.691863ms
 5: 179.635788ms
 6: 177.955273ms
 7: 176.460415ms
 8: 180.057741ms
 9: 177.659258ms
 10: 176.342931ms
 11: 180.497081ms
 12: 174.616484ms
 13: 177.244258ms
 14: 176.513312ms
 15: 175.558729ms
 16: 174.061504ms
 17: 176.243327ms
 18: 175.251119ms
 19: 176.983405ms
 20: 178.175390ms
 21: 177.005753ms
 22: 177.891401ms
 23: 174.231988ms
 24: 181.615255ms
 25: 176.662736ms
 26: 180.634337ms
 27: 174.268629ms
 28: 174.926973ms
 29: 176.495422ms
 30: 177.909783ms
 31: 176.012688ms
 32: 177.490351ms
 33: 178.071258ms
 34: 173.019069ms
 35: 176.194033ms
 36: 173.795228ms
 37: 174.891271ms
 38: 178.740846ms
 39: 178.767996ms
 40: 179.404697ms
 41: 176.093371ms
 42: 175.518240ms
 43: 175.692171ms
 44: 280.469067ms
 45: 174.522094ms
 46: 173.982777ms
 47: 173.632257ms
 48: 174.216297ms
 49: 173.068886ms


Measurements
--------------------------
FFT Size            : 446^3
Threads             : 36
Batch               : 1
Iterations          : 50
Avg Tot Runtime     : 179.422181 ms
Runtime per batch   : 179.422181 ms
SD                  : 15.544147 ms
Throughput          : 16.171274 GFLOPs
Plan Time           : 247.812983 sec
