Expm 2: Streaming FFTW
FFTW Plan: Patient
-- Cannot import wisdom from ../../wisdom/singlenode/all/228/fftw_228_t40_b1.patient
-- Exporting wisdom file to ../../wisdom/singlenode/all/228/fftw_228_t40_b1.patient
Iteration: 0, 1, 2, 3, 4, 5, 6, 7, 8, 9, 10, 11, 12, 13, 14, 15, 16, 17, 18, 19, 20, 21, 22, 23, 24, 25, 26, 27, 28, 29, 30, 31, 32, 33, 34, 35, 36, 37, 38, 39, 40, 41, 42, 43, 44, 45, 46, 47, 48, 49, 
Printing individual runtimes:
 0: 14.213438ms
 1: 25.988254ms
 2: 20.984239ms
 3: 13.503477ms
 4: 13.464495ms
 5: 13.512647ms
 6: 13.382608ms
 7: 13.571632ms
 8: 13.481544ms
 9: 13.547941ms
 10: 13.991802ms
 11: 13.416624ms
 12: 13.533426ms
 13: 13.569341ms
 14: 21.320284ms
 15: 13.563949ms
 16: 13.353657ms
 17: 13.334676ms
 18: 14.229135ms
 19: 14.177495ms
 20: 15.799974ms
 21: 13.531682ms
 22: 28.974112ms
 23: 26.900312ms
 24: 25.902936ms
 25: 26.756774ms
 26: 14.170383ms
 27: 13.932389ms
 28: 13.522284ms
 29: 13.525490ms
 30: 21.391002ms
 31: 13.421232ms
 32: 13.416489ms
 33: 13.488870ms
 34: 14.256600ms
 35: 13.383964ms
 36: 15.553196ms
 37: 13.514716ms
 38: 13.938045ms
 39: 13.426957ms
 40: 13.406739ms
 41: 13.457026ms
 42: 13.492121ms
 43: 13.454486ms
 44: 13.401682ms
 45: 13.506914ms
 46: 13.435355ms
 47: 14.140869ms
 48: 13.519385ms
 49: 13.457343ms


Measurements
--------------------------
FFT Size            : 228^3
Threads             : 40
Batch               : 1
Iterations          : 50
Avg Tot Runtime     : 15.484400 ms
Runtime per batch   : 15.484400 ms
SD                  : 4.243359 ms
Throughput          : 0.919392 GFLOPs
Plan Time           : 78.173074 sec
