Expm 2: Streaming FFTW
FFTW Plan: Patient
-- Cannot import wisdom from ../../wisdom/singlenode/all/74/fftw_74_t38_b1.patient
-- Exporting wisdom file to ../../wisdom/singlenode/all/74/fftw_74_t38_b1.patient
Iteration: 0, 1, 2, 3, 4, 5, 6, 7, 8, 9, 10, 11, 12, 13, 14, 15, 16, 17, 18, 19, 20, 21, 22, 23, 24, 25, 26, 27, 28, 29, 30, 31, 32, 33, 34, 35, 36, 37, 38, 39, 40, 41, 42, 43, 44, 45, 46, 47, 48, 49, 
Printing individual runtimes:
 0: 0.957732ms
 1: 0.942671ms
 2: 0.878353ms
 3: 0.924167ms
 4: 0.941972ms
 5: 0.878946ms
 6: 0.930340ms
 7: 0.930531ms
 8: 0.878018ms
 9: 0.979845ms
 10: 0.927648ms
 11: 0.897042ms
 12: 0.952209ms
 13: 0.937227ms
 14: 0.922760ms
 15: 0.909116ms
 16: 0.928619ms
 17: 0.928157ms
 18: 0.938330ms
 19: 0.936757ms
 20: 0.942325ms
 21: 0.947736ms
 22: 0.922189ms
 23: 0.995508ms
 24: 0.981821ms
 25: 0.975701ms
 26: 0.965869ms
 27: 1.299418ms
 28: 0.901910ms
 29: 0.947243ms
 30: 0.874169ms
 31: 1.001415ms
 32: 0.946083ms
 33: 0.929590ms
 34: 0.937747ms
 35: 0.946035ms
 36: 0.866063ms
 37: 0.911608ms
 38: 0.904647ms
 39: 2.054320ms
 40: 0.948431ms
 41: 0.883457ms
 42: 0.895228ms
 43: 0.905504ms
 44: 0.937357ms
 45: 0.867477ms
 46: 0.931645ms
 47: 0.944380ms
 48: 0.951805ms
 49: 0.928889ms


Measurements
--------------------------
FFT Size            : 74^3
Threads             : 38
Batch               : 1
Iterations          : 50
Avg Tot Runtime     : 0.959320 ms
Runtime per batch   : 0.959320 ms
SD                  : 0.167701 ms
Throughput          : 0.049974 GFLOPs
Plan Time           : 14.369379 sec
