Expm 2: Streaming FFT

Printing individual runtimes:
 0: 0.146632ms
 1: 0.033202ms
 2: 0.022855ms
 3: 0.093702ms
 4: 0.026273ms
 5: 0.025164ms
 6: 0.023005ms
 7: 0.031147ms
 8: 0.029548ms
 9: 0.023872ms
 10: 0.091199ms
 11: 0.024071ms
 12: 0.020658ms
 13: 0.022931ms
 14: 0.087807ms
 15: 0.021907ms
 16: 0.035796ms
 17: 0.022824ms
 18: 0.031555ms
 19: 0.090484ms
 20: 0.031061ms
 21: 0.031767ms
 22: 0.025200ms
 23: 0.022319ms
 24: 0.020917ms
 25: 0.108157ms
 26: 0.023715ms
 27: 0.028020ms
 28: 0.023642ms
 29: 0.021179ms
 30: 0.093075ms
 31: 0.022481ms
 32: 0.030192ms
 33: 0.035050ms
 34: 0.028651ms
 35: 0.079965ms
 36: 0.024068ms
 37: 0.033546ms
 38: 0.040865ms
 39: 0.023687ms
 40: 0.022745ms
 41: 0.022126ms
 42: 0.022647ms
 43: 0.022350ms
 44: 0.088623ms
 45: 0.024332ms
 46: 0.022530ms
 47: 0.029100ms
 48: 0.034871ms
 49: 0.021675ms
 50: 0.030323ms
 51: 0.023560ms
 52: 0.024663ms
 53: 0.127546ms
 54: 0.087778ms
 55: 0.033376ms
 56: 0.020478ms
 57: 0.031583ms
 58: 0.036732ms
 59: 0.019475ms
 60: 0.031458ms
 61: 0.023528ms
 62: 0.022204ms
 63: 0.026678ms
 64: 0.022692ms
 65: 0.033362ms
 66: 0.022179ms
 67: 0.026781ms
 68: 0.022600ms
 69: 0.042958ms
 70: 0.022665ms
 71: 0.021828ms
 72: 0.028290ms
 73: 0.030281ms
 74: 0.037836ms
 75: 0.040773ms
 76: 0.023157ms
 77: 0.021355ms
 78: 0.022462ms
 79: 0.025882ms
 80: 0.028394ms
 81: 0.090416ms
 82: 0.022298ms
 83: 0.029345ms
 84: 0.039607ms
 85: 0.023399ms
 86: 0.019824ms
 87: 0.031247ms
 88: 0.022837ms
 89: 0.020902ms
 90: 0.022686ms
 91: 0.033837ms
 92: 0.022581ms
 93: 0.028054ms
 94: 0.024821ms
 95: 0.022563ms
 96: 0.023571ms
 97: 0.022210ms
 98: 0.025914ms
 99: 0.032334ms
 100: 0.028367ms
 101: 0.031608ms
 102: 0.022203ms
 103: 0.024149ms
 104: 0.035874ms
 105: 0.022013ms
 106: 0.039531ms
 107: 0.033620ms
 108: 0.023588ms
 109: 0.021746ms
 110: 0.027164ms
 111: 0.028255ms
 112: 0.024187ms
 113: 0.028813ms
 114: 0.023929ms
 115: 0.022177ms
 116: 0.024819ms
 117: 0.023155ms
 118: 0.035288ms
 119: 0.022934ms
 120: 0.022431ms
 121: 0.030046ms
 122: 0.028797ms
 123: 0.023313ms
 124: 0.020316ms
 125: 0.027763ms
 126: 0.023763ms
 127: 0.029896ms
 128: 0.029198ms
 129: 0.030048ms
 130: 0.028407ms
 131: 0.026903ms
 132: 0.027765ms
 133: 0.031476ms
 134: 0.041541ms
 135: 0.086294ms
 136: 0.029334ms
 137: 0.024026ms
 138: 0.032064ms
 139: 0.025995ms
 140: 0.022576ms
 141: 0.032374ms
 142: 0.031639ms
 143: 0.028553ms
 144: 0.022889ms
 145: 0.021714ms
 146: 0.020091ms
 147: 0.023051ms
 148: 0.024757ms
 149: 0.027541ms
 150: 0.021020ms
 151: 0.031958ms
 152: 0.026253ms
 153: 0.023114ms
 154: 0.022145ms
 155: 0.022282ms
 156: 0.027507ms
 157: 0.022329ms
 158: 0.022129ms
 159: 0.025929ms
 160: 0.021577ms
 161: 0.021159ms
 162: 0.024971ms
 163: 0.023200ms
 164: 0.030828ms
 165: 0.024223ms
 166: 0.029724ms
 167: 0.031158ms
 168: 0.021910ms
 169: 0.025039ms
 170: 0.023048ms
 171: 0.022365ms
 172: 0.031750ms
 173: 0.022644ms
 174: 0.020451ms
 175: 0.027017ms
 176: 0.031419ms
 177: 0.022148ms
 178: 0.030682ms
 179: 0.022353ms
 180: 0.032808ms
 181: 0.023968ms
 182: 0.032257ms
 183: 0.029716ms
 184: 0.031290ms
 185: 0.023083ms
 186: 0.029334ms
 187: 0.022604ms
 188: 0.029436ms
 189: 0.023592ms
 190: 0.029789ms
 191: 0.022223ms
 192: 0.031041ms
 193: 0.030703ms
 194: 0.031014ms
 195: 0.031180ms
 196: 0.022740ms
 197: 0.032372ms
 198: 0.026290ms
 199: 0.029874ms


-- Real : Q1: 50 Q2: 100 Q3: 150
-- Array: Q1: 49 Q2: 99 Q3: 149
Printing sorted runtimes:
 0: 0.022179ms
 1: 0.022013ms
 2: 0.022129ms
 3: 0.021577ms
 4: 0.019475ms
 5: 0.021159ms
 6: 0.020478ms
 7: 0.021828ms
 8: 0.020091ms
 9: 0.021714ms
 10: 0.022177ms
 11: 0.021355ms
 12: 0.020658ms
 13: 0.021910ms
 14: 0.021675ms
 15: 0.021907ms
 16: 0.022145ms
 17: 0.022126ms
 18: 0.021746ms
 19: 0.021020ms
 20: 0.020451ms
 21: 0.020316ms
 22: 0.022148ms
 23: 0.021179ms
 24: 0.020917ms
 25: 0.020902ms
 26: 0.019824ms
 27: 0.022563ms
 28: 0.022282ms
 29: 0.022319ms
 30: 0.022353ms
 31: 0.022481ms
 32: 0.022462ms
 33: 0.022431ms
 34: 0.022204ms
 35: 0.022203ms
 36: 0.022329ms
 37: 0.022530ms
 38: 0.022365ms
 39: 0.022298ms
 40: 0.022210ms
 41: 0.022223ms
 42: 0.022350ms
 43: 0.022665ms
 44: 0.022647ms
 45: 0.022576ms
 46: 0.022644ms
 47: 0.022604ms
 48: 0.022600ms
 49: 0.022581ms
 50: 0.022686ms
 51: 0.024332ms
 52: 0.022931ms
 53: 0.022889ms
 54: 0.023048ms
 55: 0.022824ms
 56: 0.023005ms
 57: 0.022745ms
 58: 0.023083ms
 59: 0.023051ms
 60: 0.022740ms
 61: 0.022855ms
 62: 0.022934ms
 63: 0.022837ms
 64: 0.023114ms
 65: 0.023155ms
 66: 0.022692ms
 67: 0.024149ms
 68: 0.024026ms
 69: 0.023528ms
 70: 0.023872ms
 71: 0.023200ms
 72: 0.024223ms
 73: 0.023571ms
 74: 0.023929ms
 75: 0.024071ms
 76: 0.023157ms
 77: 0.023560ms
 78: 0.023588ms
 79: 0.023592ms
 80: 0.024187ms
 81: 0.023763ms
 82: 0.023687ms
 83: 0.024068ms
 84: 0.023642ms
 85: 0.023399ms
 86: 0.023313ms
 87: 0.023968ms
 88: 0.023715ms
 89: 0.024757ms
 90: 0.024663ms
 91: 0.025882ms
 92: 0.024971ms
 93: 0.025039ms
 94: 0.024821ms
 95: 0.025200ms
 96: 0.024819ms
 97: 0.025164ms
 98: 0.025914ms
 99: 0.025929ms
 100: 0.025995ms
 101: 0.029198ms
 102: 0.026678ms
 103: 0.026290ms
 104: 0.026273ms
 105: 0.026781ms
 106: 0.026903ms
 107: 0.027541ms
 108: 0.027763ms
 109: 0.027017ms
 110: 0.027164ms
 111: 0.027507ms
 112: 0.028394ms
 113: 0.028813ms
 114: 0.028255ms
 115: 0.028290ms
 116: 0.026253ms
 117: 0.027765ms
 118: 0.029100ms
 119: 0.028651ms
 120: 0.028367ms
 121: 0.028553ms
 122: 0.028797ms
 123: 0.028020ms
 124: 0.028407ms
 125: 0.028054ms
 126: 0.029896ms
 127: 0.029436ms
 128: 0.029874ms
 129: 0.029789ms
 130: 0.029716ms
 131: 0.029345ms
 132: 0.029724ms
 133: 0.029548ms
 134: 0.029334ms
 135: 0.029334ms
 136: 0.031147ms
 137: 0.030682ms
 138: 0.030323ms
 139: 0.030048ms
 140: 0.030192ms
 141: 0.031041ms
 142: 0.030828ms
 143: 0.030046ms
 144: 0.031061ms
 145: 0.030281ms
 146: 0.031014ms
 147: 0.030703ms
 148: 0.031158ms
 149: 0.031180ms
 150: 0.031247ms
 151: 0.031290ms
 152: 0.031419ms
 153: 0.031476ms
 154: 0.031458ms
 155: 0.031555ms
 156: 0.031958ms
 157: 0.032334ms
 158: 0.031608ms
 159: 0.033362ms
 160: 0.033620ms
 161: 0.031767ms
 162: 0.031583ms
 163: 0.033376ms
 164: 0.031639ms
 165: 0.032257ms
 166: 0.032808ms
 167: 0.032374ms
 168: 0.032064ms
 169: 0.033837ms
 170: 0.032372ms
 171: 0.033202ms
 172: 0.031750ms
 173: 0.033546ms
 174: 0.079965ms
 175: 0.035050ms
 176: 0.040865ms
 177: 0.088623ms
 178: 0.034871ms
 179: 0.093075ms
 180: 0.127546ms
 181: 0.108157ms
 182: 0.087778ms
 183: 0.036732ms
 184: 0.042958ms
 185: 0.037836ms
 186: 0.090484ms
 187: 0.040773ms
 188: 0.035796ms
 189: 0.087807ms
 190: 0.091199ms
 191: 0.090416ms
 192: 0.039607ms
 193: 0.035874ms
 194: 0.039531ms
 195: 0.035288ms
 196: 0.093702ms
 197: 0.041541ms
 198: 0.086294ms
 199: 0.146632ms


Measurements
--------------------------
FFT Size            : 20^3
Threads             : 28
Batch               : 1
Iterations          : 200
Avg Tot Runtime     : 0.031351 ms
Runtime per batch   : 0.031351 ms
SD                  : 0.018755 ms
Q1                  : 0.022581 ms
Median              : 0.025962 ms
Q3                  : 0.031180 ms
