Expm 2: Streaming FFT

Printing individual runtimes:
 0: 0.164196ms
 1: 0.019746ms
 2: 0.020471ms
 3: 0.071275ms
 4: 0.019334ms
 5: 0.019334ms
 6: 0.019108ms
 7: 0.021315ms
 8: 0.028087ms
 9: 0.019536ms
 10: 0.090542ms
 11: 0.019354ms
 12: 0.027375ms
 13: 0.024612ms
 14: 0.080167ms
 15: 0.036753ms
 16: 0.019989ms
 17: 0.026623ms
 18: 0.020038ms
 19: 0.019041ms
 20: 0.018202ms
 21: 0.085266ms
 22: 0.019011ms
 23: 0.018945ms
 24: 0.020573ms
 25: 0.020034ms
 26: 0.019204ms
 27: 0.018309ms
 28: 0.020270ms
 29: 0.018816ms
 30: 0.019097ms
 31: 0.021160ms
 32: 0.018840ms
 33: 0.019534ms
 34: 0.074716ms
 35: 0.020174ms
 36: 0.023514ms
 37: 0.018413ms
 38: 0.018125ms
 39: 0.020123ms
 40: 0.020549ms
 41: 0.019087ms
 42: 0.029451ms
 43: 0.019806ms
 44: 0.020458ms
 45: 0.020414ms
 46: 0.018164ms
 47: 0.020946ms
 48: 0.017816ms
 49: 0.019130ms
 50: 0.021231ms
 51: 0.021148ms
 52: 0.019746ms
 53: 0.018801ms
 54: 0.019242ms
 55: 0.019930ms
 56: 0.020280ms
 57: 0.019034ms
 58: 0.025409ms
 59: 0.077927ms
 60: 0.025526ms
 61: 0.021247ms
 62: 0.020393ms
 63: 0.026960ms
 64: 0.027716ms
 65: 0.020990ms
 66: 0.018256ms
 67: 0.019499ms
 68: 0.026491ms
 69: 0.019100ms
 70: 0.021603ms
 71: 0.026328ms
 72: 0.018522ms
 73: 0.018897ms
 74: 0.025664ms
 75: 0.086960ms
 76: 0.017123ms
 77: 0.029235ms
 78: 0.016884ms
 79: 0.019580ms
 80: 0.024911ms
 81: 0.020449ms
 82: 0.022520ms
 83: 0.018328ms
 84: 0.019838ms
 85: 0.018003ms
 86: 0.017595ms
 87: 0.017647ms
 88: 0.018592ms
 89: 0.018750ms
 90: 0.021798ms
 91: 0.019062ms
 92: 0.082014ms
 93: 0.029077ms
 94: 0.028330ms
 95: 0.023949ms
 96: 0.027853ms
 97: 0.020701ms
 98: 0.027701ms
 99: 0.020392ms
 100: 0.020578ms
 101: 0.020539ms
 102: 0.020324ms
 103: 0.019208ms
 104: 0.018369ms
 105: 0.019834ms
 106: 0.020483ms
 107: 0.020320ms
 108: 0.017328ms
 109: 0.020234ms
 110: 0.018733ms
 111: 0.020036ms
 112: 0.025238ms
 113: 0.019404ms
 114: 0.028876ms
 115: 0.018781ms
 116: 0.030564ms
 117: 0.018432ms
 118: 0.018831ms
 119: 0.018811ms
 120: 0.019256ms
 121: 0.021484ms
 122: 0.024439ms
 123: 0.100101ms
 124: 0.020714ms
 125: 0.020821ms
 126: 0.018574ms
 127: 0.017724ms
 128: 0.020181ms
 129: 0.020422ms
 130: 0.020702ms
 131: 0.024923ms
 132: 0.030513ms
 133: 0.022283ms
 134: 0.023266ms
 135: 0.025127ms
 136: 0.027248ms
 137: 0.017391ms
 138: 0.018123ms
 139: 0.019783ms
 140: 0.019426ms
 141: 0.019257ms
 142: 0.018116ms
 143: 0.018871ms
 144: 0.027527ms
 145: 0.024305ms
 146: 0.019722ms
 147: 0.021208ms
 148: 0.019592ms
 149: 0.020180ms
 150: 0.021090ms
 151: 0.025147ms
 152: 0.017885ms
 153: 0.019619ms
 154: 0.020296ms
 155: 0.020584ms
 156: 0.071674ms
 157: 0.020418ms
 158: 0.018084ms
 159: 0.018825ms
 160: 0.019814ms
 161: 0.018468ms
 162: 0.027854ms
 163: 0.018774ms
 164: 0.020376ms
 165: 0.018454ms
 166: 0.020138ms
 167: 0.018754ms
 168: 0.018708ms
 169: 0.018334ms
 170: 0.018625ms
 171: 0.018604ms
 172: 0.023064ms
 173: 0.017699ms
 174: 0.019658ms
 175: 0.020254ms
 176: 0.017953ms
 177: 0.020646ms
 178: 0.029246ms
 179: 0.029561ms
 180: 0.020525ms
 181: 0.020423ms
 182: 0.019001ms
 183: 0.018123ms
 184: 0.029412ms
 185: 0.018791ms
 186: 0.019677ms
 187: 0.021489ms
 188: 0.019891ms
 189: 0.025674ms
 190: 0.017340ms
 191: 0.025051ms
 192: 0.019093ms
 193: 0.028370ms
 194: 0.027822ms
 195: 0.020410ms
 196: 0.020641ms
 197: 0.028258ms
 198: 0.020239ms
 199: 0.018869ms


-- Real : Q1: 50 Q2: 100 Q3: 150
-- Array: Q1: 49 Q2: 99 Q3: 149
Printing sorted runtimes:
 0: 0.018869ms
 1: 0.018328ms
 2: 0.018003ms
 3: 0.017340ms
 4: 0.016884ms
 5: 0.017595ms
 6: 0.017123ms
 7: 0.017647ms
 8: 0.018791ms
 9: 0.018592ms
 10: 0.018123ms
 11: 0.018522ms
 12: 0.018750ms
 13: 0.017953ms
 14: 0.018256ms
 15: 0.017699ms
 16: 0.018604ms
 17: 0.018625ms
 18: 0.018334ms
 19: 0.018369ms
 20: 0.018202ms
 21: 0.018708ms
 22: 0.017328ms
 23: 0.018733ms
 24: 0.018754ms
 25: 0.018454ms
 26: 0.018781ms
 27: 0.018309ms
 28: 0.018774ms
 29: 0.018816ms
 30: 0.018432ms
 31: 0.018468ms
 32: 0.018840ms
 33: 0.018831ms
 34: 0.018825ms
 35: 0.018084ms
 36: 0.018811ms
 37: 0.018413ms
 38: 0.018125ms
 39: 0.017885ms
 40: 0.018574ms
 41: 0.018801ms
 42: 0.017724ms
 43: 0.017391ms
 44: 0.018116ms
 45: 0.018123ms
 46: 0.018164ms
 47: 0.017816ms
 48: 0.018871ms
 49: 0.018897ms
 50: 0.018945ms
 51: 0.019930ms
 52: 0.019062ms
 53: 0.019041ms
 54: 0.019001ms
 55: 0.019034ms
 56: 0.019100ms
 57: 0.019130ms
 58: 0.019087ms
 59: 0.019108ms
 60: 0.019097ms
 61: 0.019093ms
 62: 0.019404ms
 63: 0.019204ms
 64: 0.019534ms
 65: 0.019619ms
 66: 0.019658ms
 67: 0.019499ms
 68: 0.019208ms
 69: 0.019256ms
 70: 0.019592ms
 71: 0.019242ms
 72: 0.019354ms
 73: 0.019722ms
 74: 0.019536ms
 75: 0.019677ms
 76: 0.019257ms
 77: 0.019334ms
 78: 0.019334ms
 79: 0.019580ms
 80: 0.019426ms
 81: 0.019746ms
 82: 0.019011ms
 83: 0.019746ms
 84: 0.019838ms
 85: 0.019783ms
 86: 0.019806ms
 87: 0.019814ms
 88: 0.019891ms
 89: 0.019834ms
 90: 0.020180ms
 91: 0.020174ms
 92: 0.020036ms
 93: 0.019989ms
 94: 0.020038ms
 95: 0.020123ms
 96: 0.020138ms
 97: 0.020034ms
 98: 0.020181ms
 99: 0.020234ms
 100: 0.020239ms
 101: 0.021090ms
 102: 0.020254ms
 103: 0.020376ms
 104: 0.020471ms
 105: 0.020423ms
 106: 0.020458ms
 107: 0.020320ms
 108: 0.020280ms
 109: 0.020324ms
 110: 0.020414ms
 111: 0.020449ms
 112: 0.020418ms
 113: 0.020393ms
 114: 0.020410ms
 115: 0.020296ms
 116: 0.020392ms
 117: 0.020422ms
 118: 0.020549ms
 119: 0.020584ms
 120: 0.020525ms
 121: 0.020483ms
 122: 0.020539ms
 123: 0.020641ms
 124: 0.020578ms
 125: 0.020573ms
 126: 0.020646ms
 127: 0.020714ms
 128: 0.020701ms
 129: 0.020821ms
 130: 0.020702ms
 131: 0.020990ms
 132: 0.020270ms
 133: 0.020946ms
 134: 0.023266ms
 135: 0.021160ms
 136: 0.022520ms
 137: 0.021148ms
 138: 0.021231ms
 139: 0.021247ms
 140: 0.022283ms
 141: 0.023064ms
 142: 0.021484ms
 143: 0.021603ms
 144: 0.021489ms
 145: 0.021798ms
 146: 0.021315ms
 147: 0.021208ms
 148: 0.023514ms
 149: 0.023949ms
 150: 0.024305ms
 151: 0.024439ms
 152: 0.024612ms
 153: 0.025051ms
 154: 0.024911ms
 155: 0.024923ms
 156: 0.025127ms
 157: 0.025238ms
 158: 0.026960ms
 159: 0.074716ms
 160: 0.027716ms
 161: 0.071674ms
 162: 0.027854ms
 163: 0.028876ms
 164: 0.026491ms
 165: 0.027701ms
 166: 0.027853ms
 167: 0.030564ms
 168: 0.085266ms
 169: 0.028330ms
 170: 0.026623ms
 171: 0.029077ms
 172: 0.025147ms
 173: 0.036753ms
 174: 0.080167ms
 175: 0.082014ms
 176: 0.030513ms
 177: 0.025526ms
 178: 0.029246ms
 179: 0.029561ms
 180: 0.077927ms
 181: 0.026328ms
 182: 0.027375ms
 183: 0.090542ms
 184: 0.029412ms
 185: 0.028087ms
 186: 0.029451ms
 187: 0.027527ms
 188: 0.025664ms
 189: 0.025674ms
 190: 0.071275ms
 191: 0.025409ms
 192: 0.086960ms
 193: 0.028370ms
 194: 0.027822ms
 195: 0.029235ms
 196: 0.100101ms
 197: 0.028258ms
 198: 0.027248ms
 199: 0.164196ms


Measurements
--------------------------
FFT Size            : 20^3
Threads             : 25
Batch               : 1
Iterations          : 200
Avg Tot Runtime     : 0.024981 ms
Runtime per batch   : 0.024981 ms
SD                  : 0.016986 ms
Q1                  : 0.018897 ms
Median              : 0.020237 ms
Q3                  : 0.023949 ms
