Expm 2: Streaming FFTW
FFTW Plan: Patient
-- Cannot import wisdom from ../../wisdom/singlenode/all/103/fftw_103_t36_b1.patient
-- Exporting wisdom file to ../../wisdom/singlenode/all/103/fftw_103_t36_b1.patient
Iteration: 0, 1, 2, 3, 4, 5, 6, 7, 8, 9, 10, 11, 12, 13, 14, 15, 16, 17, 18, 19, 20, 21, 22, 23, 24, 25, 26, 27, 28, 29, 30, 31, 32, 33, 34, 35, 36, 37, 38, 39, 40, 41, 42, 43, 44, 45, 46, 47, 48, 49, 
Printing individual runtimes:
 0: 2.010709ms
 1: 2.159842ms
 2: 2.252876ms
 3: 2.057265ms
 4: 2.030719ms
 5: 1.982607ms
 6: 1.984709ms
 7: 2.418560ms
 8: 2.423145ms
 9: 2.147997ms
 10: 2.053172ms
 11: 2.034874ms
 12: 2.085167ms
 13: 2.054353ms
 14: 2.164157ms
 15: 2.217406ms
 16: 2.097270ms
 17: 1.992556ms
 18: 3.998310ms
 19: 3.610591ms
 20: 3.807629ms
 21: 2.180077ms
 22: 1.990519ms
 23: 2.171000ms
 24: 1.994941ms
 25: 2.103225ms
 26: 2.095770ms
 27: 2.081196ms
 28: 2.321131ms
 29: 2.059953ms
 30: 2.160125ms
 31: 2.379740ms
 32: 2.081621ms
 33: 2.120032ms
 34: 1.998455ms
 35: 2.063242ms
 36: 2.133221ms
 37: 3.299365ms
 38: 2.087617ms
 39: 2.046523ms
 40: 2.167086ms
 41: 2.052904ms
 42: 2.050796ms
 43: 2.058048ms
 44: 2.210779ms
 45: 2.181239ms
 46: 2.044500ms
 47: 2.069438ms
 48: 2.107996ms
 49: 2.153087ms


Measurements
--------------------------
FFT Size            : 103^3
Threads             : 36
Batch               : 1
Iterations          : 50
Avg Tot Runtime     : 2.240951 ms
Runtime per batch   : 2.240951 ms
SD                  : 0.442313 ms
Throughput          : 0.145322 GFLOPs
Plan Time           : 73.334413 sec
