Expm 2: Streaming FFTW
FFTW Plan: Patient
-- Cannot import wisdom from ../../wisdom/singlenode/all/297/fftw_297_t37_b1.patient
-- Exporting wisdom file to ../../wisdom/singlenode/all/297/fftw_297_t37_b1.patient
Iteration: 0, 1, 2, 3, 4, 5, 6, 7, 8, 9, 10, 11, 12, 13, 14, 15, 16, 17, 18, 19, 20, 21, 22, 23, 24, 25, 26, 27, 28, 29, 30, 31, 32, 33, 34, 35, 36, 37, 38, 39, 40, 41, 42, 43, 44, 45, 46, 47, 48, 49, 
Printing individual runtimes:
 0: 15.561443ms
 1: 15.469520ms
 2: 15.552288ms
 3: 15.523136ms
 4: 15.629797ms
 5: 15.645995ms
 6: 16.674780ms
 7: 21.518032ms
 8: 15.175747ms
 9: 15.271443ms
 10: 15.238696ms
 11: 15.238661ms
 12: 15.309449ms
 13: 15.406195ms
 14: 15.254813ms
 15: 15.313950ms
 16: 15.418188ms
 17: 15.429256ms
 18: 15.360771ms
 19: 15.505584ms
 20: 24.631280ms
 21: 16.295267ms
 22: 17.205837ms
 23: 24.931404ms
 24: 15.122688ms
 25: 15.233539ms
 26: 15.238283ms
 27: 15.319892ms
 28: 15.297918ms
 29: 15.322378ms
 30: 15.301598ms
 31: 15.207609ms
 32: 15.229209ms
 33: 15.131584ms
 34: 15.238137ms
 35: 15.398866ms
 36: 15.395128ms
 37: 15.199032ms
 38: 28.458608ms
 39: 15.382231ms
 40: 15.297225ms
 41: 15.465326ms
 42: 15.123040ms
 43: 15.152405ms
 44: 15.610009ms
 45: 15.230137ms
 46: 15.289571ms
 47: 15.274172ms
 48: 15.230391ms
 49: 21.316932ms


Measurements
--------------------------
FFT Size            : 297^3
Threads             : 37
Batch               : 1
Iterations          : 50
Avg Tot Runtime     : 16.300549 ms
Runtime per batch   : 16.300549 ms
SD                  : 2.775511 ms
Throughput          : 0.759757 GFLOPs
Plan Time           : 86.070639 sec
