Expm 2: Streaming FFTW
FFTW Plan: Patient
-- Cannot import wisdom from ../../wisdom/singlenode/all/180/fftw_180_t38_b1.patient
-- Exporting wisdom file to ../../wisdom/singlenode/all/180/fftw_180_t38_b1.patient
Iteration: 0, 1, 2, 3, 4, 5, 6, 7, 8, 9, 10, 11, 12, 13, 14, 15, 16, 17, 18, 19, 20, 21, 22, 23, 24, 25, 26, 27, 28, 29, 30, 31, 32, 33, 34, 35, 36, 37, 38, 39, 40, 41, 42, 43, 44, 45, 46, 47, 48, 49, 
Printing individual runtimes:
 0: 3.793150ms
 1: 2.269318ms
 2: 2.378752ms
 3: 2.297174ms
 4: 3.513432ms
 5: 2.292629ms
 6: 2.292759ms
 7: 2.305477ms
 8: 2.304667ms
 9: 2.321128ms
 10: 2.280268ms
 11: 2.328309ms
 12: 2.304390ms
 13: 2.306463ms
 14: 2.325812ms
 15: 2.305867ms
 16: 2.288793ms
 17: 2.315228ms
 18: 2.294224ms
 19: 2.315620ms
 20: 2.309459ms
 21: 2.294781ms
 22: 2.316714ms
 23: 2.313197ms
 24: 2.302776ms
 25: 2.302661ms
 26: 2.325144ms
 27: 2.303121ms
 28: 2.289347ms
 29: 2.322250ms
 30: 2.305360ms
 31: 2.305051ms
 32: 2.334077ms
 33: 2.281864ms
 34: 2.309361ms
 35: 2.335595ms
 36: 2.283252ms
 37: 2.310275ms
 38: 2.332238ms
 39: 2.298259ms
 40: 2.320930ms
 41: 2.295478ms
 42: 2.330679ms
 43: 2.291515ms
 44: 2.310723ms
 45: 2.303555ms
 46: 2.313856ms
 47: 2.313448ms
 48: 2.310954ms
 49: 2.324235ms


Measurements
--------------------------
FFT Size            : 180^3
Threads             : 38
Batch               : 1
Iterations          : 50
Avg Tot Runtime     : 2.362472 ms
Runtime per batch   : 2.362472 ms
SD                  : 0.265555 ms
Throughput          : 0.064084 GFLOPs
Plan Time           : 179.004542 sec
