Expm 2: Streaming FFTW
FFTW Plan: Patient
-- Cannot import wisdom from ../../wisdom/singlenode/all/180/fftw_180_t36_b1.patient
-- Exporting wisdom file to ../../wisdom/singlenode/all/180/fftw_180_t36_b1.patient
Iteration: 0, 1, 2, 3, 4, 5, 6, 7, 8, 9, 10, 11, 12, 13, 14, 15, 16, 17, 18, 19, 20, 21, 22, 23, 24, 25, 26, 27, 28, 29, 30, 31, 32, 33, 34, 35, 36, 37, 38, 39, 40, 41, 42, 43, 44, 45, 46, 47, 48, 49, 
Printing individual runtimes:
 0: 2.339376ms
 1: 2.156940ms
 2: 2.182873ms
 3: 2.170548ms
 4: 2.177301ms
 5: 2.148772ms
 6: 2.164735ms
 7: 2.160284ms
 8: 2.179850ms
 9: 3.504050ms
 10: 3.310097ms
 11: 2.130993ms
 12: 2.143680ms
 13: 2.290199ms
 14: 2.208341ms
 15: 2.154342ms
 16: 2.195363ms
 17: 2.417454ms
 18: 2.206656ms
 19: 2.147630ms
 20: 2.146574ms
 21: 2.173449ms
 22: 2.150271ms
 23: 2.177641ms
 24: 2.164073ms
 25: 2.198659ms
 26: 2.176860ms
 27: 2.187035ms
 28: 2.179336ms
 29: 2.216452ms
 30: 2.164017ms
 31: 2.150269ms
 32: 2.170372ms
 33: 2.158671ms
 34: 2.175602ms
 35: 2.179047ms
 36: 2.161113ms
 37: 2.176542ms
 38: 2.172122ms
 39: 2.180030ms
 40: 2.159231ms
 41: 2.158028ms
 42: 2.181543ms
 43: 2.171010ms
 44: 2.785527ms
 45: 2.174324ms
 46: 2.205764ms
 47: 2.158495ms
 48: 2.217313ms
 49: 3.562232ms


Measurements
--------------------------
FFT Size            : 180^3
Threads             : 36
Batch               : 1
Iterations          : 50
Avg Tot Runtime     : 2.272422 ms
Runtime per batch   : 2.272422 ms
SD                  : 0.316020 ms
Throughput          : 0.068891 GFLOPs
Plan Time           : 146.804038 sec
