Expm 2: Streaming FFT

Printing individual runtimes:
 0: 0.356456ms
 1: 0.148350ms
 2: 0.141257ms
 3: 0.608101ms
 4: 0.127877ms
 5: 0.138221ms
 6: 0.141395ms
 7: 0.127929ms
 8: 0.124684ms
 9: 0.131774ms
 10: 0.355993ms
 11: 0.174272ms
 12: 0.125986ms
 13: 0.129265ms
 14: 0.281284ms
 15: 0.130112ms
 16: 0.167062ms
 17: 0.169691ms
 18: 0.168510ms
 19: 0.423733ms
 20: 0.134549ms
 21: 0.135471ms
 22: 0.130103ms
 23: 0.134261ms
 24: 0.132783ms
 25: 0.133089ms
 26: 0.132972ms
 27: 0.404516ms
 28: 0.134038ms
 29: 0.146927ms
 30: 0.139267ms
 31: 0.129418ms
 32: 0.126863ms
 33: 0.341042ms
 34: 0.137388ms
 35: 0.140520ms
 36: 0.134311ms
 37: 0.134291ms
 38: 0.163224ms
 39: 0.400531ms
 40: 0.164993ms
 41: 0.168679ms
 42: 0.134025ms
 43: 0.133070ms
 44: 0.136340ms
 45: 0.157827ms
 46: 0.131139ms
 47: 0.131409ms
 48: 0.151505ms
 49: 0.129500ms
 50: 0.127523ms
 51: 0.387866ms
 52: 0.134205ms
 53: 0.142593ms
 54: 0.130613ms
 55: 0.125238ms
 56: 0.131004ms
 57: 0.129172ms
 58: 0.132448ms
 59: 0.121050ms
 60: 0.147485ms
 61: 0.124701ms
 62: 0.130882ms
 63: 0.126350ms
 64: 0.401270ms
 65: 0.137737ms
 66: 0.130908ms
 67: 0.131760ms
 68: 0.134063ms
 69: 0.126983ms
 70: 0.144400ms
 71: 0.148646ms
 72: 0.154260ms
 73: 0.132090ms
 74: 0.131376ms
 75: 0.127760ms
 76: 0.328085ms
 77: 0.132795ms
 78: 0.128632ms
 79: 0.131612ms
 80: 0.166247ms
 81: 0.129957ms
 82: 0.133077ms
 83: 0.138304ms
 84: 0.135987ms
 85: 0.129954ms
 86: 0.151350ms
 87: 0.129749ms
 88: 0.131314ms
 89: 0.125280ms
 90: 0.344418ms
 91: 0.126532ms
 92: 0.167622ms
 93: 0.151260ms
 94: 0.153714ms
 95: 0.131901ms
 96: 0.129266ms
 97: 0.136074ms
 98: 0.124660ms
 99: 0.123170ms
 100: 0.131873ms
 101: 0.158228ms
 102: 0.152717ms
 103: 0.130927ms
 104: 0.136925ms
 105: 0.127578ms
 106: 0.134416ms
 107: 0.132761ms
 108: 0.125042ms
 109: 0.164686ms
 110: 0.132219ms
 111: 0.125076ms
 112: 0.139461ms
 113: 0.131772ms
 114: 0.132412ms
 115: 0.124914ms
 116: 0.339044ms
 117: 0.125611ms
 118: 0.125152ms
 119: 0.130988ms
 120: 0.134773ms
 121: 0.124306ms
 122: 0.126922ms
 123: 0.128970ms
 124: 0.134163ms
 125: 0.124740ms
 126: 0.132659ms
 127: 0.133260ms
 128: 0.136789ms
 129: 0.136204ms
 130: 0.151321ms
 131: 0.135866ms
 132: 0.136947ms
 133: 0.157537ms
 134: 0.133148ms
 135: 0.133659ms
 136: 0.134702ms
 137: 0.143952ms
 138: 0.132213ms
 139: 0.145444ms
 140: 0.132867ms
 141: 0.130901ms
 142: 0.131778ms
 143: 0.378137ms
 144: 0.137771ms
 145: 0.128298ms
 146: 0.131817ms
 147: 0.133315ms
 148: 0.130301ms
 149: 0.124310ms
 150: 0.128773ms
 151: 0.129656ms
 152: 0.131574ms
 153: 0.126024ms
 154: 0.131980ms
 155: 0.129039ms
 156: 0.133353ms
 157: 0.135240ms
 158: 0.130379ms
 159: 0.131493ms
 160: 0.169907ms
 161: 0.125638ms
 162: 0.150613ms
 163: 0.133445ms
 164: 0.164395ms
 165: 0.131844ms
 166: 0.135316ms
 167: 0.135260ms
 168: 0.125561ms
 169: 0.134939ms
 170: 0.129819ms
 171: 0.129024ms
 172: 0.130055ms
 173: 0.140097ms
 174: 0.132872ms
 175: 0.140322ms
 176: 0.128645ms
 177: 0.132640ms
 178: 0.132966ms
 179: 0.133408ms
 180: 0.131630ms
 181: 0.131471ms
 182: 0.134209ms
 183: 0.131365ms
 184: 0.126205ms
 185: 0.139549ms
 186: 0.157245ms
 187: 0.131754ms
 188: 0.138508ms
 189: 0.343127ms
 190: 0.132075ms
 191: 0.151689ms
 192: 0.129416ms
 193: 0.133092ms
 194: 0.131098ms
 195: 0.131013ms
 196: 0.133149ms
 197: 0.147422ms
 198: 0.133103ms
 199: 0.174253ms


-- Real : Q1: 50 Q2: 100 Q3: 150
-- Array: Q1: 49 Q2: 99 Q3: 149
Printing sorted runtimes:
 0: 0.129039ms
 1: 0.121050ms
 2: 0.123170ms
 3: 0.126024ms
 4: 0.127877ms
 5: 0.124660ms
 6: 0.125238ms
 7: 0.127929ms
 8: 0.124684ms
 9: 0.127578ms
 10: 0.128773ms
 11: 0.125152ms
 12: 0.125986ms
 13: 0.125611ms
 14: 0.125561ms
 15: 0.124701ms
 16: 0.127523ms
 17: 0.124306ms
 18: 0.126532ms
 19: 0.124310ms
 20: 0.126350ms
 21: 0.129024ms
 22: 0.124914ms
 23: 0.128298ms
 24: 0.125280ms
 25: 0.126922ms
 26: 0.128970ms
 27: 0.126983ms
 28: 0.124740ms
 29: 0.125042ms
 30: 0.128645ms
 31: 0.126205ms
 32: 0.126863ms
 33: 0.125076ms
 34: 0.128632ms
 35: 0.127760ms
 36: 0.125638ms
 37: 0.129418ms
 38: 0.129172ms
 39: 0.129266ms
 40: 0.129265ms
 41: 0.129416ms
 42: 0.129957ms
 43: 0.129656ms
 44: 0.129749ms
 45: 0.129819ms
 46: 0.129500ms
 47: 0.129954ms
 48: 0.130103ms
 49: 0.130055ms
 50: 0.130112ms
 51: 0.131844ms
 52: 0.130379ms
 53: 0.130901ms
 54: 0.130613ms
 55: 0.130908ms
 56: 0.130927ms
 57: 0.130882ms
 58: 0.130301ms
 59: 0.131004ms
 60: 0.130988ms
 61: 0.131574ms
 62: 0.131409ms
 63: 0.131139ms
 64: 0.131774ms
 65: 0.131630ms
 66: 0.131013ms
 67: 0.131760ms
 68: 0.131098ms
 69: 0.131471ms
 70: 0.131772ms
 71: 0.131365ms
 72: 0.131817ms
 73: 0.131314ms
 74: 0.131376ms
 75: 0.131493ms
 76: 0.131754ms
 77: 0.131778ms
 78: 0.131612ms
 79: 0.132640ms
 80: 0.132219ms
 81: 0.132448ms
 82: 0.131873ms
 83: 0.131980ms
 84: 0.132213ms
 85: 0.131901ms
 86: 0.132412ms
 87: 0.132075ms
 88: 0.132090ms
 89: 0.132966ms
 90: 0.132659ms
 91: 0.132783ms
 92: 0.132867ms
 93: 0.132761ms
 94: 0.132795ms
 95: 0.132872ms
 96: 0.133070ms
 97: 0.132972ms
 98: 0.133077ms
 99: 0.133089ms
 100: 0.133092ms
 101: 0.135260ms
 102: 0.133353ms
 103: 0.133149ms
 104: 0.133315ms
 105: 0.133260ms
 106: 0.133148ms
 107: 0.133659ms
 108: 0.134038ms
 109: 0.134209ms
 110: 0.134163ms
 111: 0.134025ms
 112: 0.133408ms
 113: 0.134205ms
 114: 0.134063ms
 115: 0.133445ms
 116: 0.135240ms
 117: 0.133103ms
 118: 0.134549ms
 119: 0.134261ms
 120: 0.134773ms
 121: 0.134702ms
 122: 0.134416ms
 123: 0.134939ms
 124: 0.134311ms
 125: 0.134291ms
 126: 0.137737ms
 127: 0.135987ms
 128: 0.136789ms
 129: 0.136204ms
 130: 0.135316ms
 131: 0.135866ms
 132: 0.136947ms
 133: 0.136925ms
 134: 0.135471ms
 135: 0.136340ms
 136: 0.136074ms
 137: 0.137388ms
 138: 0.141257ms
 139: 0.138221ms
 140: 0.139549ms
 141: 0.139267ms
 142: 0.140097ms
 143: 0.139461ms
 144: 0.137771ms
 145: 0.138304ms
 146: 0.140322ms
 147: 0.140520ms
 148: 0.138508ms
 149: 0.141395ms
 150: 0.142593ms
 151: 0.144400ms
 152: 0.143952ms
 153: 0.145444ms
 154: 0.147422ms
 155: 0.147485ms
 156: 0.146927ms
 157: 0.148350ms
 158: 0.174253ms
 159: 0.157537ms
 160: 0.169907ms
 161: 0.151321ms
 162: 0.150613ms
 163: 0.167062ms
 164: 0.164395ms
 165: 0.164686ms
 166: 0.152717ms
 167: 0.158228ms
 168: 0.153714ms
 169: 0.151260ms
 170: 0.167622ms
 171: 0.169691ms
 172: 0.151350ms
 173: 0.166247ms
 174: 0.151689ms
 175: 0.154260ms
 176: 0.148646ms
 177: 0.168510ms
 178: 0.157245ms
 179: 0.151505ms
 180: 0.157827ms
 181: 0.168679ms
 182: 0.164993ms
 183: 0.163224ms
 184: 0.400531ms
 185: 0.341042ms
 186: 0.387866ms
 187: 0.404516ms
 188: 0.423733ms
 189: 0.343127ms
 190: 0.401270ms
 191: 0.328085ms
 192: 0.344418ms
 193: 0.339044ms
 194: 0.281284ms
 195: 0.174272ms
 196: 0.355993ms
 197: 0.608101ms
 198: 0.356456ms
 199: 0.378137ms


Measurements
--------------------------
FFT Size            : 63^3
Threads             : 25
Batch               : 1
Iterations          : 200
Avg Tot Runtime     : 0.154669 ms
Runtime per batch   : 0.154669 ms
SD                  : 0.067789 ms
Q1                  : 0.130055 ms
Median              : 0.133090 ms
Q3                  : 0.141395 ms
