Expm 2: Streaming FFTW
FFTW Plan: Patient
-- Cannot import wisdom from ../../wisdom/singlenode/all/339/fftw_339_t37_b1.patient
-- Exporting wisdom file to ../../wisdom/singlenode/all/339/fftw_339_t37_b1.patient
Iteration: 0, 1, 2, 3, 4, 5, 6, 7, 8, 9, 10, 11, 12, 13, 14, 15, 16, 17, 18, 19, 20, 21, 22, 23, 24, 25, 26, 27, 28, 29, 30, 31, 32, 33, 34, 35, 36, 37, 38, 39, 40, 41, 42, 43, 44, 45, 46, 47, 48, 49, 
Printing individual runtimes:
 0: 110.749153ms
 1: 114.793477ms
 2: 113.339891ms
 3: 115.605247ms
 4: 109.260036ms
 5: 112.610733ms
 6: 112.569229ms
 7: 113.424048ms
 8: 112.692424ms
 9: 113.084215ms
 10: 113.355963ms
 11: 109.110590ms
 12: 113.816709ms
 13: 113.674181ms
 14: 113.867668ms
 15: 113.943242ms
 16: 114.656127ms
 17: 112.939615ms
 18: 114.723381ms
 19: 112.250338ms
 20: 114.617616ms
 21: 116.510589ms
 22: 115.219521ms
 23: 114.979521ms
 24: 115.141356ms
 25: 110.334535ms
 26: 114.697048ms
 27: 114.571875ms
 28: 116.610982ms
 29: 112.287195ms
 30: 113.342867ms
 31: 114.555886ms
 32: 112.851251ms
 33: 109.768070ms
 34: 115.766067ms
 35: 117.138793ms
 36: 117.315618ms
 37: 117.451790ms
 38: 111.232581ms
 39: 117.613422ms
 40: 116.345750ms
 41: 112.761644ms
 42: 112.450695ms
 43: 112.178804ms
 44: 113.117064ms
 45: 108.376642ms
 46: 113.116766ms
 47: 111.852945ms
 48: 112.586162ms
 49: 114.243371ms


Measurements
--------------------------
FFT Size            : 339^3
Threads             : 37
Batch               : 1
Iterations          : 50
Avg Tot Runtime     : 113.590054 ms
Runtime per batch   : 113.590054 ms
SD                  : 2.137072 ms
Throughput          : 7.402062 GFLOPs
Plan Time           : 90.472174 sec
