Expm 2: Streaming FFTW
FFTW Plan: Patient
-- Cannot import wisdom from ../../wisdom/singlenode/all/599/fftw_599_t37_b1.patient
-- Exporting wisdom file to ../../wisdom/singlenode/all/599/fftw_599_t37_b1.patient
Iteration: 0, 1, 2, 3, 4, 5, 6, 7, 8, 9, 10, 11, 12, 13, 14, 15, 16, 17, 18, 19, 20, 21, 22, 23, 24, 25, 26, 27, 28, 29, 30, 31, 32, 33, 34, 35, 36, 37, 38, 39, 40, 41, 42, 43, 44, 45, 46, 47, 48, 49, 
Printing individual runtimes:
 0: 317.745936ms
 1: 305.601417ms
 2: 305.422660ms
 3: 296.058481ms
 4: 392.348102ms
 5: 543.183868ms
 6: 304.718783ms
 7: 305.917272ms
 8: 296.242934ms
 9: 296.458858ms
 10: 295.332895ms
 11: 296.217314ms
 12: 296.241018ms
 13: 298.409619ms
 14: 305.204520ms
 15: 302.823631ms
 16: 305.509987ms
 17: 303.165111ms
 18: 303.902348ms
 19: 305.114553ms
 20: 304.762683ms
 21: 304.834381ms
 22: 295.028062ms
 23: 303.238412ms
 24: 302.334360ms
 25: 301.802665ms
 26: 303.751104ms
 27: 526.909785ms
 28: 380.327858ms
 29: 305.958376ms
 30: 305.266593ms
 31: 327.510337ms
 32: 302.914745ms
 33: 303.519714ms
 34: 306.080559ms
 35: 303.700322ms
 36: 300.295463ms
 37: 303.944104ms
 38: 307.038988ms
 39: 305.709066ms
 40: 294.352879ms
 41: 323.031075ms
 42: 304.083799ms
 43: 302.705325ms
 44: 306.054726ms
 45: 323.467380ms
 46: 296.161452ms
 47: 295.237022ms
 48: 295.904378ms
 49: 324.997443ms


Measurements
--------------------------
FFT Size            : 599^3
Threads             : 37
Batch               : 1
Iterations          : 50
Avg Tot Runtime     : 316.730847 ms
Runtime per batch   : 316.730847 ms
SD                  : 48.000427 ms
Throughput          : 27.618348 GFLOPs
Plan Time           : 1089.625970 sec
