Expm 2: Streaming FFTW
FFTW Plan: Patient
-- Cannot import wisdom from ../../wisdom/singlenode/all/599/fftw_599_t36_b1.patient
-- Exporting wisdom file to ../../wisdom/singlenode/all/599/fftw_599_t36_b1.patient
Iteration: 0, 1, 2, 3, 4, 5, 6, 7, 8, 9, 10, 11, 12, 13, 14, 15, 16, 17, 18, 19, 20, 21, 22, 23, 24, 25, 26, 27, 28, 29, 30, 31, 32, 33, 34, 35, 36, 37, 38, 39, 40, 41, 42, 43, 44, 45, 46, 47, 48, 49, 
Printing individual runtimes:
 0: 342.934127ms
 1: 293.043563ms
 2: 312.606348ms
 3: 299.645972ms
 4: 306.696872ms
 5: 430.280239ms
 6: 311.610015ms
 7: 316.676180ms
 8: 316.064500ms
 9: 310.030449ms
 10: 562.276826ms
 11: 306.033457ms
 12: 308.626488ms
 13: 305.397213ms
 14: 304.173695ms
 15: 557.171446ms
 16: 293.419026ms
 17: 306.493209ms
 18: 290.835962ms
 19: 291.116592ms
 20: 291.079219ms
 21: 290.996783ms
 22: 290.966345ms
 23: 290.983533ms
 24: 290.812730ms
 25: 291.324053ms
 26: 301.940426ms
 27: 296.293538ms
 28: 295.501608ms
 29: 295.156583ms
 30: 294.976309ms
 31: 295.359538ms
 32: 295.037556ms
 33: 282.087921ms
 34: 295.104961ms
 35: 296.017017ms
 36: 295.039114ms
 37: 295.150910ms
 38: 291.414437ms
 39: 294.785345ms
 40: 293.510351ms
 41: 304.540749ms
 42: 304.892173ms
 43: 295.571529ms
 44: 305.148674ms
 45: 326.609136ms
 46: 294.494026ms
 47: 295.475996ms
 48: 295.854392ms
 49: 302.154766ms


Measurements
--------------------------
FFT Size            : 599^3
Threads             : 36
Batch               : 1
Iterations          : 50
Avg Tot Runtime     : 313.068238 ms
Runtime per batch   : 313.068238 ms
SD                  : 54.529288 ms
Throughput          : 27.618348 GFLOPs
Plan Time           : 970.817832 sec
