Expm 2: Streaming FFTW
FFTW Plan: Patient
-- Cannot import wisdom from ../../wisdom/singlenode/all/154/fftw_154_t40_b1.patient
-- Exporting wisdom file to ../../wisdom/singlenode/all/154/fftw_154_t40_b1.patient
Iteration: 0, 1, 2, 3, 4, 5, 6, 7, 8, 9, 10, 11, 12, 13, 14, 15, 16, 17, 18, 19, 20, 21, 22, 23, 24, 25, 26, 27, 28, 29, 30, 31, 32, 33, 34, 35, 36, 37, 38, 39, 40, 41, 42, 43, 44, 45, 46, 47, 48, 49, 
Printing individual runtimes:
 0: 5.241880ms
 1: 2.740918ms
 2: 2.848809ms
 3: 2.744263ms
 4: 2.991129ms
 5: 1.730171ms
 6: 1.745709ms
 7: 2.134259ms
 8: 3.012156ms
 9: 3.308913ms
 10: 2.725501ms
 11: 5.278367ms
 12: 2.806763ms
 13: 2.754309ms
 14: 2.698874ms
 15: 2.665783ms
 16: 2.794938ms
 17: 2.670122ms
 18: 1.538579ms
 19: 1.589144ms
 20: 2.233085ms
 21: 2.650354ms
 22: 1.586519ms
 23: 1.556873ms
 24: 1.551708ms
 25: 1.553023ms
 26: 1.566266ms
 27: 1.573410ms
 28: 1.541925ms
 29: 1.534245ms
 30: 1.564015ms
 31: 1.539761ms
 32: 1.574488ms
 33: 1.608035ms
 34: 1.643649ms
 35: 1.586912ms
 36: 1.588420ms
 37: 2.679032ms
 38: 2.618142ms
 39: 1.569569ms
 40: 1.573560ms
 41: 1.553870ms
 42: 1.581835ms
 43: 1.574886ms
 44: 1.530064ms
 45: 1.528231ms
 46: 1.527516ms
 47: 1.539053ms
 48: 1.599946ms
 49: 3.768400ms


Measurements
--------------------------
FFT Size            : 154^3
Threads             : 40
Batch               : 1
Iterations          : 50
Avg Tot Runtime     : 2.182348 ms
Runtime per batch   : 2.182348 ms
SD                  : 0.878768 ms
Throughput          : 0.092636 GFLOPs
Plan Time           : 12.483273 sec
