Expm 2: Streaming FFTW
FFTW Plan: Patient
-- Cannot import wisdom from ../../wisdom/singlenode/all/437/fftw_437_t38_b1.patient
-- Exporting wisdom file to ../../wisdom/singlenode/all/437/fftw_437_t38_b1.patient
Iteration: 0, 1, 2, 3, 4, 5, 6, 7, 8, 9, 10, 11, 12, 13, 14, 15, 16, 17, 18, 19, 20, 21, 22, 23, 24, 25, 26, 27, 28, 29, 30, 31, 32, 33, 34, 35, 36, 37, 38, 39, 40, 41, 42, 43, 44, 45, 46, 47, 48, 49, 
Printing individual runtimes:
 0: 264.758737ms
 1: 186.120862ms
 2: 185.748262ms
 3: 185.047894ms
 4: 185.647287ms
 5: 186.189336ms
 6: 183.795148ms
 7: 328.270288ms
 8: 186.650453ms
 9: 185.570424ms
 10: 185.059479ms
 11: 185.079286ms
 12: 185.007203ms
 13: 184.199597ms
 14: 185.621837ms
 15: 185.669037ms
 16: 183.326721ms
 17: 187.268042ms
 18: 185.419336ms
 19: 350.732923ms
 20: 283.859174ms
 21: 182.513232ms
 22: 182.780666ms
 23: 183.379313ms
 24: 183.384500ms
 25: 183.913629ms
 26: 185.064022ms
 27: 183.461185ms
 28: 184.043921ms
 29: 182.584512ms
 30: 182.337418ms
 31: 183.693912ms
 32: 183.986537ms
 33: 182.898393ms
 34: 182.955466ms
 35: 183.412336ms
 36: 309.671931ms
 37: 185.823887ms
 38: 184.994832ms
 39: 184.454231ms
 40: 185.148235ms
 41: 352.754476ms
 42: 187.188294ms
 43: 188.270769ms
 44: 187.201849ms
 45: 187.934327ms
 46: 188.323731ms
 47: 438.042357ms
 48: 343.008746ms
 49: 237.879877ms


Measurements
--------------------------
FFT Size            : 437^3
Threads             : 38
Batch               : 1
Iterations          : 50
Avg Tot Runtime     : 209.802958 ms
Runtime per batch   : 209.802958 ms
SD                  : 58.129769 ms
Throughput          : 14.643503 GFLOPs
Plan Time           : 344.671589 sec
