Expm 2: Streaming FFT

Printing individual runtimes:
 0: 0.269313ms
 1: 0.032072ms
 2: 0.037445ms
 3: 0.233490ms
 4: 0.036841ms
 5: 0.414901ms
 6: 0.038258ms
 7: 0.048411ms
 8: 0.036602ms
 9: 0.137512ms
 10: 0.044824ms
 11: 0.117805ms
 12: 0.036050ms
 13: 0.044560ms
 14: 0.169027ms
 15: 0.030493ms
 16: 0.026992ms
 17: 0.029878ms
 18: 0.036305ms
 19: 0.052533ms
 20: 0.031322ms
 21: 0.093213ms
 22: 0.046174ms
 23: 0.028945ms
 24: 0.028624ms
 25: 0.032684ms
 26: 0.027717ms
 27: 0.029981ms
 28: 0.028281ms
 29: 0.033194ms
 30: 0.026045ms
 31: 0.030826ms
 32: 0.043347ms
 33: 0.028271ms
 34: 0.028124ms
 35: 0.029171ms
 36: 0.139970ms
 37: 0.028004ms
 38: 0.033129ms
 39: 0.121693ms
 40: 0.027744ms
 41: 0.048022ms
 42: 0.028082ms
 43: 0.045509ms
 44: 0.027511ms
 45: 0.044666ms
 46: 0.028118ms
 47: 0.030077ms
 48: 0.029907ms
 49: 0.030483ms
 50: 0.029490ms
 51: 0.043269ms
 52: 0.027929ms
 53: 0.026619ms
 54: 0.030265ms
 55: 0.029535ms
 56: 0.040445ms
 57: 0.037492ms
 58: 0.028510ms
 59: 0.030127ms
 60: 0.027553ms
 61: 0.031944ms
 62: 0.028468ms
 63: 0.036907ms
 64: 0.048880ms
 65: 0.027437ms
 66: 0.121770ms
 67: 0.029523ms
 68: 0.033403ms
 69: 0.055612ms
 70: 0.105904ms
 71: 0.032632ms
 72: 0.026929ms
 73: 0.128598ms
 74: 0.028977ms
 75: 0.032313ms
 76: 0.028132ms
 77: 0.032144ms
 78: 0.030916ms
 79: 0.028330ms
 80: 0.039470ms
 81: 0.039534ms
 82: 0.033739ms
 83: 0.027982ms
 84: 0.034651ms
 85: 0.027417ms
 86: 0.034738ms
 87: 0.032525ms
 88: 0.030898ms
 89: 0.034814ms
 90: 0.027120ms
 91: 0.031496ms
 92: 0.036291ms
 93: 0.029469ms
 94: 0.032451ms
 95: 0.028489ms
 96: 0.031640ms
 97: 0.030012ms
 98: 0.030326ms
 99: 0.026699ms
 100: 0.027209ms
 101: 0.035020ms
 102: 0.028864ms
 103: 0.040291ms
 104: 0.034594ms
 105: 0.025629ms
 106: 0.027893ms
 107: 0.030018ms
 108: 0.025895ms
 109: 0.029347ms
 110: 0.032066ms
 111: 0.027768ms
 112: 0.029553ms
 113: 0.027226ms
 114: 0.028621ms
 115: 0.033995ms
 116: 0.026481ms
 117: 0.028347ms
 118: 0.028643ms
 119: 0.030316ms
 120: 0.026212ms
 121: 0.029291ms
 122: 0.027250ms
 123: 0.043850ms
 124: 0.033756ms
 125: 0.030375ms
 126: 0.115227ms
 127: 0.026996ms
 128: 0.026675ms
 129: 0.131743ms
 130: 0.029076ms
 131: 0.025421ms
 132: 0.027457ms
 133: 0.027368ms
 134: 0.029543ms
 135: 0.032931ms
 136: 0.034096ms
 137: 0.028307ms
 138: 0.026747ms
 139: 0.030324ms
 140: 0.030558ms
 141: 0.028728ms
 142: 0.031888ms
 143: 0.027698ms
 144: 0.029846ms
 145: 0.030469ms
 146: 0.027278ms
 147: 0.027083ms
 148: 0.035785ms
 149: 0.029294ms
 150: 0.028995ms
 151: 0.032110ms
 152: 0.028158ms
 153: 0.038638ms
 154: 0.027644ms
 155: 0.026666ms
 156: 0.034110ms
 157: 0.027354ms
 158: 0.025489ms
 159: 0.028795ms
 160: 0.030361ms
 161: 0.028814ms
 162: 0.025882ms
 163: 0.029754ms
 164: 0.029401ms
 165: 0.027775ms
 166: 0.029168ms
 167: 0.026676ms
 168: 0.036335ms
 169: 0.036643ms
 170: 0.027210ms
 171: 0.028201ms
 172: 0.030479ms
 173: 0.026876ms
 174: 0.027857ms
 175: 0.033997ms
 176: 0.029125ms
 177: 0.024949ms
 178: 0.030583ms
 179: 0.042402ms
 180: 0.026954ms
 181: 0.028733ms
 182: 0.027217ms
 183: 0.027957ms
 184: 0.026558ms
 185: 0.030984ms
 186: 0.032283ms
 187: 0.028730ms
 188: 0.036338ms
 189: 0.028615ms
 190: 0.028014ms
 191: 0.029899ms
 192: 0.030834ms
 193: 0.028384ms
 194: 0.026986ms
 195: 0.028470ms
 196: 0.037179ms
 197: 0.027975ms
 198: 0.034694ms
 199: 0.028050ms


-- Real : Q1: 50 Q2: 100 Q3: 150
-- Array: Q1: 49 Q2: 99 Q3: 149
Printing sorted runtimes:
 0: 0.027929ms
 1: 0.026619ms
 2: 0.026986ms
 3: 0.027553ms
 4: 0.026558ms
 5: 0.027437ms
 6: 0.027217ms
 7: 0.026954ms
 8: 0.024949ms
 9: 0.027857ms
 10: 0.026876ms
 11: 0.027210ms
 12: 0.026676ms
 13: 0.027775ms
 14: 0.025882ms
 15: 0.025489ms
 16: 0.026992ms
 17: 0.027354ms
 18: 0.026666ms
 19: 0.027644ms
 20: 0.027083ms
 21: 0.027278ms
 22: 0.027698ms
 23: 0.026747ms
 24: 0.027368ms
 25: 0.027457ms
 26: 0.027717ms
 27: 0.025421ms
 28: 0.026675ms
 29: 0.026996ms
 30: 0.026045ms
 31: 0.027250ms
 32: 0.026212ms
 33: 0.026481ms
 34: 0.027226ms
 35: 0.027768ms
 36: 0.025895ms
 37: 0.026929ms
 38: 0.027893ms
 39: 0.025629ms
 40: 0.027744ms
 41: 0.027209ms
 42: 0.026699ms
 43: 0.027120ms
 44: 0.027511ms
 45: 0.027417ms
 46: 0.027975ms
 47: 0.027957ms
 48: 0.027982ms
 49: 0.028004ms
 50: 0.028014ms
 51: 0.029553ms
 52: 0.028050ms
 53: 0.029490ms
 54: 0.028201ms
 55: 0.029535ms
 56: 0.029125ms
 57: 0.029168ms
 58: 0.028510ms
 59: 0.029401ms
 60: 0.028814ms
 61: 0.028795ms
 62: 0.028468ms
 63: 0.028158ms
 64: 0.028995ms
 65: 0.029294ms
 66: 0.028733ms
 67: 0.029523ms
 68: 0.028728ms
 69: 0.028945ms
 70: 0.028470ms
 71: 0.028307ms
 72: 0.029543ms
 73: 0.028624ms
 74: 0.028977ms
 75: 0.029076ms
 76: 0.028132ms
 77: 0.028281ms
 78: 0.029291ms
 79: 0.028330ms
 80: 0.028730ms
 81: 0.028643ms
 82: 0.028347ms
 83: 0.028118ms
 84: 0.028271ms
 85: 0.028384ms
 86: 0.028621ms
 87: 0.028124ms
 88: 0.029171ms
 89: 0.029347ms
 90: 0.028615ms
 91: 0.028864ms
 92: 0.028082ms
 93: 0.029469ms
 94: 0.028489ms
 95: 0.029878ms
 96: 0.029846ms
 97: 0.029754ms
 98: 0.029899ms
 99: 0.029907ms
 100: 0.029981ms
 101: 0.034694ms
 102: 0.030018ms
 103: 0.030012ms
 104: 0.030077ms
 105: 0.030265ms
 106: 0.030324ms
 107: 0.030316ms
 108: 0.030361ms
 109: 0.030326ms
 110: 0.030375ms
 111: 0.030898ms
 112: 0.030493ms
 113: 0.031322ms
 114: 0.030469ms
 115: 0.030483ms
 116: 0.030558ms
 117: 0.030834ms
 118: 0.030583ms
 119: 0.031496ms
 120: 0.030479ms
 121: 0.030916ms
 122: 0.030826ms
 123: 0.030984ms
 124: 0.031640ms
 125: 0.033756ms
 126: 0.032283ms
 127: 0.033194ms
 128: 0.032144ms
 129: 0.033997ms
 130: 0.032313ms
 131: 0.032451ms
 132: 0.032684ms
 133: 0.034594ms
 134: 0.033129ms
 135: 0.032931ms
 136: 0.034096ms
 137: 0.032632ms
 138: 0.031944ms
 139: 0.033739ms
 140: 0.034651ms
 141: 0.033403ms
 142: 0.031888ms
 143: 0.032066ms
 144: 0.033995ms
 145: 0.034110ms
 146: 0.032072ms
 147: 0.032525ms
 148: 0.032110ms
 149: 0.030127ms
 150: 0.034738ms
 151: 0.034814ms
 152: 0.035785ms
 153: 0.035020ms
 154: 0.042402ms
 155: 0.036305ms
 156: 0.038638ms
 157: 0.038258ms
 158: 0.036907ms
 159: 0.037179ms
 160: 0.036338ms
 161: 0.039534ms
 162: 0.037445ms
 163: 0.040291ms
 164: 0.044824ms
 165: 0.036602ms
 166: 0.037492ms
 167: 0.036050ms
 168: 0.036335ms
 169: 0.036643ms
 170: 0.040445ms
 171: 0.036291ms
 172: 0.039470ms
 173: 0.036841ms
 174: 0.044666ms
 175: 0.043269ms
 176: 0.043347ms
 177: 0.044560ms
 178: 0.043850ms
 179: 0.052533ms
 180: 0.048411ms
 181: 0.093213ms
 182: 0.046174ms
 183: 0.414901ms
 184: 0.131743ms
 185: 0.115227ms
 186: 0.169027ms
 187: 0.117805ms
 188: 0.139970ms
 189: 0.121693ms
 190: 0.233490ms
 191: 0.048022ms
 192: 0.045509ms
 193: 0.137512ms
 194: 0.128598ms
 195: 0.105904ms
 196: 0.055612ms
 197: 0.121770ms
 198: 0.048880ms
 199: 0.269313ms


Measurements
--------------------------
FFT Size            : 30^3
Threads             : 35
Batch               : 1
Iterations          : 200
Avg Tot Runtime     : 0.040782 ms
Runtime per batch   : 0.040782 ms
SD                  : 0.040880 ms
Q1                  : 0.028004 ms
Median              : 0.029944 ms
Q3                  : 0.034694 ms
