Expm 2: Streaming FFT

Printing individual runtimes:
 0: 0.147465ms
 1: 0.029088ms
 2: 0.029067ms
 3: 0.111291ms
 4: 0.048018ms
 5: 0.030082ms
 6: 0.028819ms
 7: 0.031807ms
 8: 0.034551ms
 9: 0.030162ms
 10: 0.102134ms
 11: 0.032887ms
 12: 0.027810ms
 13: 0.038050ms
 14: 0.031755ms
 15: 0.029896ms
 16: 0.103297ms
 17: 0.029828ms
 18: 0.028478ms
 19: 0.035928ms
 20: 0.046268ms
 21: 0.034417ms
 22: 0.038894ms
 23: 0.032554ms
 24: 0.036224ms
 25: 0.030073ms
 26: 0.032769ms
 27: 0.032173ms
 28: 0.038184ms
 29: 0.030972ms
 30: 0.119388ms
 31: 0.030318ms
 32: 0.030669ms
 33: 0.037504ms
 34: 0.038745ms
 35: 0.028692ms
 36: 0.035645ms
 37: 0.039088ms
 38: 0.030290ms
 39: 0.042368ms
 40: 0.028265ms
 41: 0.030980ms
 42: 0.040724ms
 43: 0.043811ms
 44: 0.030279ms
 45: 0.032266ms
 46: 0.038104ms
 47: 0.034221ms
 48: 0.040620ms
 49: 0.045080ms
 50: 0.029051ms
 51: 0.037064ms
 52: 0.040145ms
 53: 0.028269ms
 54: 0.033647ms
 55: 0.030520ms
 56: 0.040876ms
 57: 0.040973ms
 58: 0.030045ms
 59: 0.104421ms
 60: 0.029081ms
 61: 0.029614ms
 62: 0.027824ms
 63: 0.042269ms
 64: 0.029048ms
 65: 0.029446ms
 66: 0.029847ms
 67: 0.043487ms
 68: 0.029011ms
 69: 0.032650ms
 70: 0.038585ms
 71: 0.031236ms
 72: 0.051292ms
 73: 0.039895ms
 74: 0.028650ms
 75: 0.029064ms
 76: 0.047820ms
 77: 0.047597ms
 78: 0.031405ms
 79: 0.029945ms
 80: 0.032295ms
 81: 0.032392ms
 82: 0.044159ms
 83: 0.045627ms
 84: 0.031332ms
 85: 0.033090ms
 86: 0.039648ms
 87: 0.033217ms
 88: 0.028145ms
 89: 0.040782ms
 90: 0.037032ms
 91: 0.030542ms
 92: 0.033662ms
 93: 0.029912ms
 94: 0.029504ms
 95: 0.026859ms
 96: 0.031960ms
 97: 0.035289ms
 98: 0.028073ms
 99: 0.030576ms
 100: 0.033304ms
 101: 0.033793ms
 102: 0.028745ms
 103: 0.028975ms
 104: 0.028377ms
 105: 0.031513ms
 106: 0.038114ms
 107: 0.028434ms
 108: 0.032543ms
 109: 0.029055ms
 110: 0.044927ms
 111: 0.032389ms
 112: 0.032458ms
 113: 0.031908ms
 114: 0.038206ms
 115: 0.028894ms
 116: 0.029035ms
 117: 0.032301ms
 118: 0.029289ms
 119: 0.122536ms
 120: 0.030909ms
 121: 0.031426ms
 122: 0.039934ms
 123: 0.115610ms
 124: 0.042197ms
 125: 0.029194ms
 126: 0.036301ms
 127: 0.027570ms
 128: 0.038524ms
 129: 0.031854ms
 130: 0.028694ms
 131: 0.029010ms
 132: 0.042446ms
 133: 0.032172ms
 134: 0.038198ms
 135: 0.034788ms
 136: 0.030791ms
 137: 0.031191ms
 138: 0.030210ms
 139: 0.036162ms
 140: 0.056584ms
 141: 0.031104ms
 142: 0.028303ms
 143: 0.037905ms
 144: 0.031656ms
 145: 0.027803ms
 146: 0.048611ms
 147: 0.030524ms
 148: 0.029712ms
 149: 0.029934ms
 150: 0.028363ms
 151: 0.033206ms
 152: 0.035920ms
 153: 0.030657ms
 154: 0.053719ms
 155: 0.028557ms
 156: 0.028500ms
 157: 0.036826ms
 158: 0.042513ms
 159: 0.030544ms
 160: 0.036103ms
 161: 0.042432ms
 162: 0.040416ms
 163: 0.046597ms
 164: 0.047521ms
 165: 0.039310ms
 166: 0.028014ms
 167: 0.042348ms
 168: 0.028597ms
 169: 0.049951ms
 170: 0.048373ms
 171: 0.038862ms
 172: 0.029360ms
 173: 0.027689ms
 174: 0.032021ms
 175: 0.028719ms
 176: 0.030717ms
 177: 0.033769ms
 178: 0.041330ms
 179: 0.030122ms
 180: 0.038148ms
 181: 0.029904ms
 182: 0.029098ms
 183: 0.039591ms
 184: 0.029579ms
 185: 0.039887ms
 186: 0.030786ms
 187: 0.029903ms
 188: 0.030435ms
 189: 0.040740ms
 190: 0.031543ms
 191: 0.028860ms
 192: 0.030371ms
 193: 0.030817ms
 194: 0.031575ms
 195: 0.029794ms
 196: 0.029217ms
 197: 0.030678ms
 198: 0.030430ms
 199: 0.033183ms


-- Real : Q1: 50 Q2: 100 Q3: 150
-- Array: Q1: 49 Q2: 99 Q3: 149
Printing sorted runtimes:
 0: 0.029088ms
 1: 0.028894ms
 2: 0.029067ms
 3: 0.029035ms
 4: 0.029055ms
 5: 0.028434ms
 6: 0.028819ms
 7: 0.028377ms
 8: 0.028975ms
 9: 0.028745ms
 10: 0.028073ms
 11: 0.026859ms
 12: 0.027810ms
 13: 0.027570ms
 14: 0.028145ms
 15: 0.028694ms
 16: 0.029010ms
 17: 0.029064ms
 18: 0.028478ms
 19: 0.028650ms
 20: 0.028860ms
 21: 0.028303ms
 22: 0.029011ms
 23: 0.027803ms
 24: 0.029048ms
 25: 0.027824ms
 26: 0.029081ms
 27: 0.028363ms
 28: 0.028269ms
 29: 0.028557ms
 30: 0.028500ms
 31: 0.029051ms
 32: 0.028014ms
 33: 0.028597ms
 34: 0.027689ms
 35: 0.028692ms
 36: 0.028265ms
 37: 0.028719ms
 38: 0.029289ms
 39: 0.029217ms
 40: 0.029098ms
 41: 0.029194ms
 42: 0.029446ms
 43: 0.029360ms
 44: 0.029828ms
 45: 0.029504ms
 46: 0.029712ms
 47: 0.029614ms
 48: 0.029794ms
 49: 0.029579ms
 50: 0.029847ms
 51: 0.030791ms
 52: 0.029934ms
 53: 0.029903ms
 54: 0.029912ms
 55: 0.029904ms
 56: 0.029945ms
 57: 0.030045ms
 58: 0.030717ms
 59: 0.030520ms
 60: 0.030576ms
 61: 0.030657ms
 62: 0.030073ms
 63: 0.030524ms
 64: 0.030162ms
 65: 0.030318ms
 66: 0.030544ms
 67: 0.030669ms
 68: 0.030435ms
 69: 0.030082ms
 70: 0.030279ms
 71: 0.030678ms
 72: 0.030542ms
 73: 0.030430ms
 74: 0.030371ms
 75: 0.030122ms
 76: 0.030210ms
 77: 0.030290ms
 78: 0.030786ms
 79: 0.029896ms
 80: 0.031908ms
 81: 0.030980ms
 82: 0.031513ms
 83: 0.031807ms
 84: 0.031332ms
 85: 0.031191ms
 86: 0.030817ms
 87: 0.031104ms
 88: 0.031755ms
 89: 0.031854ms
 90: 0.031575ms
 91: 0.031543ms
 92: 0.031236ms
 93: 0.031656ms
 94: 0.030972ms
 95: 0.031405ms
 96: 0.030909ms
 97: 0.031426ms
 98: 0.032021ms
 99: 0.031960ms
 100: 0.032172ms
 101: 0.035920ms
 102: 0.032301ms
 103: 0.032266ms
 104: 0.032295ms
 105: 0.033090ms
 106: 0.032554ms
 107: 0.032650ms
 108: 0.032543ms
 109: 0.032887ms
 110: 0.032392ms
 111: 0.032389ms
 112: 0.032458ms
 113: 0.032769ms
 114: 0.033183ms
 115: 0.033647ms
 116: 0.033206ms
 117: 0.033217ms
 118: 0.033662ms
 119: 0.033304ms
 120: 0.034551ms
 121: 0.035289ms
 122: 0.034221ms
 123: 0.032173ms
 124: 0.033769ms
 125: 0.033793ms
 126: 0.035645ms
 127: 0.034788ms
 128: 0.034417ms
 129: 0.038114ms
 130: 0.036103ms
 131: 0.038050ms
 132: 0.035928ms
 133: 0.038104ms
 134: 0.036301ms
 135: 0.037032ms
 136: 0.037504ms
 137: 0.036224ms
 138: 0.037905ms
 139: 0.036162ms
 140: 0.036826ms
 141: 0.037064ms
 142: 0.038184ms
 143: 0.038148ms
 144: 0.038585ms
 145: 0.038524ms
 146: 0.038198ms
 147: 0.038206ms
 148: 0.038745ms
 149: 0.038862ms
 150: 0.038894ms
 151: 0.039088ms
 152: 0.039310ms
 153: 0.039591ms
 154: 0.040724ms
 155: 0.040145ms
 156: 0.039895ms
 157: 0.039887ms
 158: 0.040740ms
 159: 0.039648ms
 160: 0.040782ms
 161: 0.039934ms
 162: 0.040416ms
 163: 0.040620ms
 164: 0.040876ms
 165: 0.047521ms
 166: 0.046597ms
 167: 0.042348ms
 168: 0.042432ms
 169: 0.049951ms
 170: 0.048373ms
 171: 0.045080ms
 172: 0.042513ms
 173: 0.043811ms
 174: 0.053719ms
 175: 0.042368ms
 176: 0.044927ms
 177: 0.040973ms
 178: 0.041330ms
 179: 0.104421ms
 180: 0.042269ms
 181: 0.048611ms
 182: 0.043487ms
 183: 0.051292ms
 184: 0.119388ms
 185: 0.056584ms
 186: 0.047820ms
 187: 0.047597ms
 188: 0.044159ms
 189: 0.045627ms
 190: 0.042446ms
 191: 0.046268ms
 192: 0.042197ms
 193: 0.103297ms
 194: 0.115610ms
 195: 0.102134ms
 196: 0.122536ms
 197: 0.048018ms
 198: 0.111291ms
 199: 0.147465ms


Measurements
--------------------------
FFT Size            : 30^3
Threads             : 27
Batch               : 1
Iterations          : 200
Avg Tot Runtime     : 0.037483 ms
Runtime per batch   : 0.037483 ms
SD                  : 0.017268 ms
Q1                  : 0.029579 ms
Median              : 0.032066 ms
Q3                  : 0.038862 ms
