Expm 2: Streaming FFT

Printing individual runtimes:
 0: 0.183028ms
 1: 0.028591ms
 2: 0.028147ms
 3: 0.109157ms
 4: 0.027146ms
 5: 0.041280ms
 6: 0.031843ms
 7: 0.103996ms
 8: 0.032214ms
 9: 0.037021ms
 10: 0.029542ms
 11: 0.045990ms
 12: 0.030765ms
 13: 0.038257ms
 14: 0.091607ms
 15: 0.030678ms
 16: 0.031842ms
 17: 0.028273ms
 18: 0.035217ms
 19: 0.032109ms
 20: 0.030580ms
 21: 0.032179ms
 22: 0.049869ms
 23: 0.030424ms
 24: 0.087679ms
 25: 0.028058ms
 26: 0.039131ms
 27: 0.029804ms
 28: 0.032562ms
 29: 0.028433ms
 30: 0.028751ms
 31: 0.028564ms
 32: 0.031888ms
 33: 0.031427ms
 34: 0.041997ms
 35: 0.040217ms
 36: 0.033254ms
 37: 0.028635ms
 38: 0.037240ms
 39: 0.030067ms
 40: 0.036772ms
 41: 0.029688ms
 42: 0.114415ms
 43: 0.026077ms
 44: 0.029819ms
 45: 0.036869ms
 46: 0.038670ms
 47: 0.038174ms
 48: 0.031501ms
 49: 0.027283ms
 50: 0.037972ms
 51: 0.031742ms
 52: 0.028727ms
 53: 0.029942ms
 54: 0.036173ms
 55: 0.040872ms
 56: 0.038447ms
 57: 0.033540ms
 58: 0.032436ms
 59: 0.047259ms
 60: 0.029937ms
 61: 0.032245ms
 62: 0.039378ms
 63: 0.027557ms
 64: 0.029402ms
 65: 0.029564ms
 66: 0.032177ms
 67: 0.034643ms
 68: 0.035555ms
 69: 0.038749ms
 70: 0.142255ms
 71: 0.040414ms
 72: 0.039250ms
 73: 0.053450ms
 74: 0.026878ms
 75: 0.033136ms
 76: 0.029671ms
 77: 0.040942ms
 78: 0.030056ms
 79: 0.028639ms
 80: 0.037318ms
 81: 0.031644ms
 82: 0.031856ms
 83: 0.030695ms
 84: 0.028816ms
 85: 0.036968ms
 86: 0.037269ms
 87: 0.037671ms
 88: 0.038646ms
 89: 0.035162ms
 90: 0.028987ms
 91: 0.035715ms
 92: 0.027974ms
 93: 0.032511ms
 94: 0.030742ms
 95: 0.037361ms
 96: 0.029707ms
 97: 0.028153ms
 98: 0.031903ms
 99: 0.038619ms
 100: 0.036564ms
 101: 0.042696ms
 102: 0.039440ms
 103: 0.030622ms
 104: 0.029016ms
 105: 0.031388ms
 106: 0.027887ms
 107: 0.028520ms
 108: 0.034213ms
 109: 0.029432ms
 110: 0.031013ms
 111: 0.029673ms
 112: 0.035277ms
 113: 0.046902ms
 114: 0.030874ms
 115: 0.041379ms
 116: 0.044551ms
 117: 0.036781ms
 118: 0.033045ms
 119: 0.032714ms
 120: 0.040993ms
 121: 0.031186ms
 122: 0.043901ms
 123: 0.049343ms
 124: 0.040267ms
 125: 0.037805ms
 126: 0.109292ms
 127: 0.039068ms
 128: 0.027511ms
 129: 0.033533ms
 130: 0.032369ms
 131: 0.040921ms
 132: 0.027229ms
 133: 0.033129ms
 134: 0.028787ms
 135: 0.038239ms
 136: 0.028979ms
 137: 0.031251ms
 138: 0.038579ms
 139: 0.027577ms
 140: 0.035407ms
 141: 0.038554ms
 142: 0.029322ms
 143: 0.028523ms
 144: 0.039457ms
 145: 0.029691ms
 146: 0.027407ms
 147: 0.031026ms
 148: 0.029478ms
 149: 0.044950ms
 150: 0.028241ms
 151: 0.037084ms
 152: 0.030065ms
 153: 0.027198ms
 154: 0.029437ms
 155: 0.032217ms
 156: 0.027901ms
 157: 0.032974ms
 158: 0.044047ms
 159: 0.029386ms
 160: 0.030964ms
 161: 0.026955ms
 162: 0.034286ms
 163: 0.032802ms
 164: 0.030031ms
 165: 0.029919ms
 166: 0.027708ms
 167: 0.031104ms
 168: 0.033755ms
 169: 0.030618ms
 170: 0.041138ms
 171: 0.045498ms
 172: 0.032301ms
 173: 0.026533ms
 174: 0.032680ms
 175: 0.045489ms
 176: 0.030528ms
 177: 0.041180ms
 178: 0.031314ms
 179: 0.034175ms
 180: 0.029261ms
 181: 0.027880ms
 182: 0.028996ms
 183: 0.032178ms
 184: 0.030215ms
 185: 0.028631ms
 186: 0.029841ms
 187: 0.029979ms
 188: 0.028980ms
 189: 0.029714ms
 190: 0.027509ms
 191: 0.028651ms
 192: 0.030925ms
 193: 0.028390ms
 194: 0.043202ms
 195: 0.030889ms
 196: 0.034387ms
 197: 0.028469ms
 198: 0.028054ms
 199: 0.043275ms


-- Real : Q1: 50 Q2: 100 Q3: 150
-- Array: Q1: 49 Q2: 99 Q3: 149
Printing sorted runtimes:
 0: 0.028979ms
 1: 0.028591ms
 2: 0.028147ms
 3: 0.028054ms
 4: 0.027146ms
 5: 0.028469ms
 6: 0.028787ms
 7: 0.027229ms
 8: 0.027511ms
 9: 0.027577ms
 10: 0.028523ms
 11: 0.028390ms
 12: 0.027407ms
 13: 0.028241ms
 14: 0.028651ms
 15: 0.027198ms
 16: 0.028520ms
 17: 0.028273ms
 18: 0.027887ms
 19: 0.027901ms
 20: 0.028153ms
 21: 0.027974ms
 22: 0.027509ms
 23: 0.026955ms
 24: 0.028816ms
 25: 0.028058ms
 26: 0.028639ms
 27: 0.026878ms
 28: 0.027708ms
 29: 0.028433ms
 30: 0.028751ms
 31: 0.028564ms
 32: 0.027557ms
 33: 0.026533ms
 34: 0.028727ms
 35: 0.027283ms
 36: 0.027880ms
 37: 0.028635ms
 38: 0.028631ms
 39: 0.026077ms
 40: 0.029322ms
 41: 0.028980ms
 42: 0.029016ms
 43: 0.028987ms
 44: 0.029261ms
 45: 0.028996ms
 46: 0.029402ms
 47: 0.029386ms
 48: 0.029432ms
 49: 0.029437ms
 50: 0.029478ms
 51: 0.029714ms
 52: 0.029564ms
 53: 0.029688ms
 54: 0.029671ms
 55: 0.029673ms
 56: 0.029542ms
 57: 0.029707ms
 58: 0.029691ms
 59: 0.031843ms
 60: 0.029937ms
 61: 0.030925ms
 62: 0.029942ms
 63: 0.029979ms
 64: 0.030765ms
 65: 0.030874ms
 66: 0.030622ms
 67: 0.029841ms
 68: 0.030580ms
 69: 0.030065ms
 70: 0.030618ms
 71: 0.029819ms
 72: 0.030742ms
 73: 0.030067ms
 74: 0.029804ms
 75: 0.030215ms
 76: 0.030889ms
 77: 0.029919ms
 78: 0.030056ms
 79: 0.030964ms
 80: 0.030031ms
 81: 0.030424ms
 82: 0.031742ms
 83: 0.030695ms
 84: 0.031013ms
 85: 0.031026ms
 86: 0.030678ms
 87: 0.031644ms
 88: 0.031314ms
 89: 0.031186ms
 90: 0.031427ms
 91: 0.031251ms
 92: 0.031501ms
 93: 0.031842ms
 94: 0.031104ms
 95: 0.030528ms
 96: 0.031388ms
 97: 0.031888ms
 98: 0.031856ms
 99: 0.031903ms
 100: 0.032109ms
 101: 0.032178ms
 102: 0.032177ms
 103: 0.037972ms
 104: 0.032217ms
 105: 0.032214ms
 106: 0.032245ms
 107: 0.032179ms
 108: 0.032511ms
 109: 0.032562ms
 110: 0.032369ms
 111: 0.032436ms
 112: 0.032714ms
 113: 0.032680ms
 114: 0.032974ms
 115: 0.033129ms
 116: 0.033136ms
 117: 0.032802ms
 118: 0.033045ms
 119: 0.033254ms
 120: 0.036173ms
 121: 0.033540ms
 122: 0.035277ms
 123: 0.034175ms
 124: 0.034213ms
 125: 0.035217ms
 126: 0.035407ms
 127: 0.034643ms
 128: 0.035555ms
 129: 0.033533ms
 130: 0.033755ms
 131: 0.035715ms
 132: 0.034387ms
 133: 0.035162ms
 134: 0.034286ms
 135: 0.036564ms
 136: 0.032301ms
 137: 0.036869ms
 138: 0.036772ms
 139: 0.037240ms
 140: 0.037318ms
 141: 0.036968ms
 142: 0.037805ms
 143: 0.037269ms
 144: 0.037671ms
 145: 0.037361ms
 146: 0.037021ms
 147: 0.037084ms
 148: 0.036781ms
 149: 0.038174ms
 150: 0.038239ms
 151: 0.038257ms
 152: 0.041379ms
 153: 0.039131ms
 154: 0.039440ms
 155: 0.042696ms
 156: 0.041997ms
 157: 0.038619ms
 158: 0.040217ms
 159: 0.041280ms
 160: 0.038646ms
 161: 0.039457ms
 162: 0.040267ms
 163: 0.038554ms
 164: 0.043275ms
 165: 0.040942ms
 166: 0.039068ms
 167: 0.039250ms
 168: 0.040414ms
 169: 0.038579ms
 170: 0.041138ms
 171: 0.040921ms
 172: 0.038749ms
 173: 0.039378ms
 174: 0.038670ms
 175: 0.040993ms
 176: 0.038447ms
 177: 0.041180ms
 178: 0.040872ms
 179: 0.043202ms
 180: 0.045489ms
 181: 0.047259ms
 182: 0.045498ms
 183: 0.114415ms
 184: 0.142255ms
 185: 0.053450ms
 186: 0.044047ms
 187: 0.183028ms
 188: 0.046902ms
 189: 0.087679ms
 190: 0.049869ms
 191: 0.091607ms
 192: 0.044551ms
 193: 0.045990ms
 194: 0.044950ms
 195: 0.043901ms
 196: 0.103996ms
 197: 0.049343ms
 198: 0.109157ms
 199: 0.109292ms


Measurements
--------------------------
FFT Size            : 30^3
Threads             : 29
Batch               : 1
Iterations          : 200
Avg Tot Runtime     : 0.036891 ms
Runtime per batch   : 0.036891 ms
SD                  : 0.018289 ms
Q1                  : 0.029437 ms
Median              : 0.032006 ms
Q3                  : 0.038174 ms
