Expm 2: Streaming FFTW
FFTW Plan: Patient
-- Cannot import wisdom from ../../wisdom/singlenode/all/249/fftw_249_t39_b1.patient
-- Exporting wisdom file to ../../wisdom/singlenode/all/249/fftw_249_t39_b1.patient
Iteration: 0, 1, 2, 3, 4, 5, 6, 7, 8, 9, 10, 11, 12, 13, 14, 15, 16, 17, 18, 19, 20, 21, 22, 23, 24, 25, 26, 27, 28, 29, 30, 31, 32, 33, 34, 35, 36, 37, 38, 39, 40, 41, 42, 43, 44, 45, 46, 47, 48, 49, 
Printing individual runtimes:
 0: 31.131611ms
 1: 31.380522ms
 2: 31.349740ms
 3: 30.977915ms
 4: 30.451512ms
 5: 30.706116ms
 6: 30.672898ms
 7: 30.547330ms
 8: 30.471881ms
 9: 31.305539ms
 10: 31.092361ms
 11: 30.365343ms
 12: 30.509827ms
 13: 40.557270ms
 14: 30.585311ms
 15: 30.448204ms
 16: 30.811735ms
 17: 30.189748ms
 18: 31.112762ms
 19: 31.488199ms
 20: 30.868863ms
 21: 31.225060ms
 22: 30.412436ms
 23: 31.171261ms
 24: 30.826195ms
 25: 31.253065ms
 26: 30.619644ms
 27: 30.501346ms
 28: 30.662147ms
 29: 31.006004ms
 30: 30.683814ms
 31: 30.698730ms
 32: 30.058186ms
 33: 31.301462ms
 34: 31.555911ms
 35: 56.486885ms
 36: 30.996827ms
 37: 31.309901ms
 38: 31.865242ms
 39: 30.306193ms
 40: 31.130882ms
 41: 31.072040ms
 42: 30.369576ms
 43: 30.229694ms
 44: 30.191968ms
 45: 30.814287ms
 46: 31.298546ms
 47: 32.359000ms
 48: 30.269104ms
 49: 31.176632ms


Measurements
--------------------------
FFT Size            : 249^3
Threads             : 39
Batch               : 1
Iterations          : 50
Avg Tot Runtime     : 31.577535 ms
Runtime per batch   : 31.577535 ms
SD                  : 3.835942 ms
Throughput          : 2.102392 GFLOPs
Plan Time           : 110.438348 sec
