Expm 2: Streaming FFTW
FFTW Plan: Patient
-- Cannot import wisdom from ../../wisdom/singlenode/all/320/fftw_320_t39_b1.patient
-- Exporting wisdom file to ../../wisdom/singlenode/all/320/fftw_320_t39_b1.patient
Iteration: 0, 1, 2, 3, 4, 5, 6, 7, 8, 9, 10, 11, 12, 13, 14, 15, 16, 17, 18, 19, 20, 21, 22, 23, 24, 25, 26, 27, 28, 29, 30, 31, 32, 33, 34, 35, 36, 37, 38, 39, 40, 41, 42, 43, 44, 45, 46, 47, 48, 49, 
Printing individual runtimes:
 0: 26.384944ms
 1: 18.589847ms
 2: 18.867952ms
 3: 18.726765ms
 4: 18.611414ms
 5: 18.599345ms
 6: 18.526863ms
 7: 18.710624ms
 8: 18.814626ms
 9: 18.552348ms
 10: 18.729624ms
 11: 18.664694ms
 12: 26.611662ms
 13: 18.656775ms
 14: 18.792533ms
 15: 18.890233ms
 16: 18.564931ms
 17: 18.730146ms
 18: 18.667275ms
 19: 18.616498ms
 20: 18.579469ms
 21: 18.632483ms
 22: 18.401245ms
 23: 18.624686ms
 24: 18.728707ms
 25: 18.606053ms
 26: 18.400597ms
 27: 18.656774ms
 28: 18.739754ms
 29: 18.484501ms
 30: 18.691086ms
 31: 18.729569ms
 32: 18.732044ms
 33: 18.530224ms
 34: 18.478294ms
 35: 18.573422ms
 36: 18.626876ms
 37: 18.808741ms
 38: 18.640185ms
 39: 18.779178ms
 40: 18.650973ms
 41: 18.470591ms
 42: 18.785503ms
 43: 18.806564ms
 44: 18.777161ms
 45: 18.557432ms
 46: 18.644510ms
 47: 18.553849ms
 48: 18.581605ms
 49: 18.637689ms


Measurements
--------------------------
FFT Size            : 320^3
Threads             : 39
Batch               : 1
Iterations          : 50
Avg Tot Runtime     : 18.964377 ms
Runtime per batch   : 18.964377 ms
SD                  : 1.541989 ms
Throughput          : 0.374970 GFLOPs
Plan Time           : 608.400974 sec
