Expm 2: Streaming FFTW
FFTW Plan: Patient
-- Cannot import wisdom from ../../wisdom/singlenode/all/320/fftw_320_t40_b1.patient
-- Exporting wisdom file to ../../wisdom/singlenode/all/320/fftw_320_t40_b1.patient
Iteration: 0, 1, 2, 3, 4, 5, 6, 7, 8, 9, 10, 11, 12, 13, 14, 15, 16, 17, 18, 19, 20, 21, 22, 23, 24, 25, 26, 27, 28, 29, 30, 31, 32, 33, 34, 35, 36, 37, 38, 39, 40, 41, 42, 43, 44, 45, 46, 47, 48, 49, 
Printing individual runtimes:
 0: 19.354162ms
 1: 19.248300ms
 2: 19.388829ms
 3: 19.192578ms
 4: 19.240779ms
 5: 19.262604ms
 6: 26.850186ms
 7: 19.310745ms
 8: 19.331647ms
 9: 19.653111ms
 10: 19.404763ms
 11: 19.314245ms
 12: 19.537022ms
 13: 19.527211ms
 14: 19.476555ms
 15: 19.449848ms
 16: 19.378121ms
 17: 19.397824ms
 18: 19.653187ms
 19: 19.473743ms
 20: 19.600369ms
 21: 19.501319ms
 22: 19.578761ms
 23: 19.834394ms
 24: 19.387151ms
 25: 19.504460ms
 26: 19.617539ms
 27: 19.363765ms
 28: 19.808172ms
 29: 19.485643ms
 30: 19.665674ms
 31: 19.625788ms
 32: 19.522646ms
 33: 19.516979ms
 34: 19.667481ms
 35: 19.729385ms
 36: 19.461228ms
 37: 19.275065ms
 38: 19.347843ms
 39: 19.668740ms
 40: 19.781674ms
 41: 19.373373ms
 42: 19.386604ms
 43: 19.737309ms
 44: 19.437361ms
 45: 19.211200ms
 46: 31.217983ms
 47: 19.893313ms
 48: 19.410915ms
 49: 19.523603ms


Measurements
--------------------------
FFT Size            : 320^3
Threads             : 40
Batch               : 1
Iterations          : 50
Avg Tot Runtime     : 19.871624 ms
Runtime per batch   : 19.871624 ms
SD                  : 1.927921 ms
Throughput          : 0.335155 GFLOPs
Plan Time           : 526.207493 sec
