Expm 2: Streaming FFT

Printing individual runtimes:
 0: 17.863538ms
 1: 19.512893ms
 2: 22.415920ms
 3: 19.687733ms
 4: 17.167632ms
 5: 13.782675ms
 6: 14.196950ms
 7: 22.932695ms
 8: 20.975935ms
 9: 21.661671ms
 10: 17.004974ms
 11: 19.243873ms
 12: 16.756106ms
 13: 20.976809ms
 14: 18.422081ms
 15: 15.890429ms
 16: 20.423799ms
 17: 22.026179ms
 18: 20.475929ms
 19: 19.086929ms
 20: 16.652049ms
 21: 19.692083ms
 22: 18.956945ms
 23: 24.594278ms
 24: 18.284857ms
 25: 18.031396ms
 26: 20.132913ms
 27: 23.732133ms
 28: 17.104356ms
 29: 19.077010ms
 30: 20.283284ms
 31: 24.391494ms
 32: 18.779570ms
 33: 24.745916ms
 34: 14.862761ms
 35: 21.929806ms
 36: 25.056611ms
 37: 20.913142ms
 38: 22.803103ms
 39: 22.356986ms
 40: 21.589560ms
 41: 20.337374ms
 42: 23.635097ms
 43: 18.374177ms
 44: 23.931300ms
 45: 25.419383ms
 46: 23.418047ms
 47: 22.377717ms
 48: 18.511570ms
 49: 20.013982ms
 50: 21.381380ms
 51: 17.723924ms
 52: 15.203166ms
 53: 16.659947ms
 54: 18.177788ms
 55: 21.063909ms
 56: 20.992497ms
 57: 19.353764ms
 58: 17.793641ms
 59: 18.108655ms
 60: 17.567947ms
 61: 21.668997ms
 62: 20.352969ms
 63: 19.549114ms
 64: 19.773181ms
 65: 19.040487ms
 66: 14.402241ms
 67: 17.834799ms
 68: 13.560873ms
 69: 21.174518ms
 70: 23.509942ms
 71: 18.597116ms
 72: 19.748302ms
 73: 23.809658ms
 74: 22.356708ms
 75: 17.407655ms
 76: 20.790936ms
 77: 24.220163ms
 78: 21.015895ms
 79: 18.050060ms
 80: 15.025299ms
 81: 18.556744ms
 82: 23.195201ms
 83: 22.616838ms
 84: 21.312664ms
 85: 18.403977ms
 86: 22.831441ms
 87: 20.490425ms
 88: 23.129041ms
 89: 16.895286ms
 90: 19.145612ms
 91: 15.657860ms
 92: 19.595585ms
 93: 15.118857ms
 94: 19.623733ms
 95: 18.588604ms
 96: 23.927449ms
 97: 16.359272ms
 98: 22.231878ms
 99: 20.698344ms
 100: 21.519256ms
 101: 23.228907ms
 102: 20.858390ms
 103: 25.720969ms
 104: 19.920561ms
 105: 19.515584ms
 106: 23.244417ms
 107: 23.090123ms
 108: 24.580760ms
 109: 19.913350ms
 110: 21.847383ms
 111: 21.010182ms
 112: 19.512446ms
 113: 15.795085ms
 114: 18.002916ms
 115: 20.926649ms
 116: 23.786000ms
 117: 18.792384ms
 118: 20.780162ms
 119: 25.031017ms
 120: 18.414612ms
 121: 21.801414ms
 122: 22.999609ms
 123: 18.084050ms
 124: 21.063818ms
 125: 16.514704ms
 126: 19.200294ms
 127: 19.654026ms
 128: 18.723076ms
 129: 20.104818ms
 130: 22.660670ms
 131: 20.767005ms
 132: 18.712716ms
 133: 17.222798ms
 134: 17.969247ms
 135: 18.296798ms
 136: 16.460203ms
 137: 18.602788ms
 138: 17.400977ms
 139: 19.474065ms
 140: 21.262778ms
 141: 18.503997ms
 142: 19.570151ms
 143: 20.586652ms
 144: 18.604923ms
 145: 21.930825ms
 146: 23.015636ms
 147: 23.348323ms
 148: 25.140518ms
 149: 24.212315ms
 150: 18.632599ms
 151: 18.345855ms
 152: 17.417178ms
 153: 24.124011ms
 154: 19.007926ms
 155: 21.707274ms
 156: 22.705532ms
 157: 24.739911ms
 158: 20.072288ms
 159: 20.480610ms
 160: 24.937631ms
 161: 21.581032ms
 162: 22.926292ms
 163: 22.863074ms
 164: 19.022705ms
 165: 27.213488ms
 166: 26.853034ms
 167: 23.764100ms
 168: 17.649886ms
 169: 24.273456ms
 170: 24.729255ms
 171: 28.271484ms
 172: 23.870642ms
 173: 20.863858ms
 174: 17.432821ms
 175: 21.915521ms
 176: 22.289265ms
 177: 17.901217ms
 178: 26.959738ms
 179: 21.244412ms
 180: 20.708033ms
 181: 28.843760ms
 182: 20.705005ms
 183: 22.212481ms
 184: 21.843778ms
 185: 20.266826ms
 186: 26.297830ms
 187: 21.985474ms
 188: 22.856432ms
 189: 22.452341ms
 190: 21.372030ms
 191: 18.661537ms
 192: 24.247051ms
 193: 24.148793ms
 194: 23.145634ms
 195: 19.143015ms
 196: 20.948719ms
 197: 26.965612ms
 198: 16.607311ms
 199: 21.809710ms


-- Real : Q1: 50 Q2: 100 Q3: 150
-- Array: Q1: 49 Q2: 99 Q3: 149
Printing sorted runtimes:
 0: 18.296798ms
 1: 15.118857ms
 2: 16.607311ms
 3: 15.657860ms
 4: 17.167632ms
 5: 13.782675ms
 6: 14.196950ms
 7: 18.084050ms
 8: 16.514704ms
 9: 17.407655ms
 10: 17.004974ms
 11: 17.969247ms
 12: 16.756106ms
 13: 13.560873ms
 14: 17.834799ms
 15: 15.890429ms
 16: 14.402241ms
 17: 17.863538ms
 18: 16.460203ms
 19: 18.050060ms
 20: 16.652049ms
 21: 16.895286ms
 22: 17.567947ms
 23: 18.108655ms
 24: 18.284857ms
 25: 18.031396ms
 26: 17.400977ms
 27: 17.793641ms
 28: 17.104356ms
 29: 15.025299ms
 30: 17.222798ms
 31: 18.177788ms
 32: 16.659947ms
 33: 18.002916ms
 34: 14.862761ms
 35: 15.795085ms
 36: 17.901217ms
 37: 15.203166ms
 38: 17.432821ms
 39: 17.723924ms
 40: 17.649886ms
 41: 17.417178ms
 42: 16.359272ms
 43: 18.374177ms
 44: 18.345855ms
 45: 18.414612ms
 46: 18.403977ms
 47: 18.503997ms
 48: 18.422081ms
 49: 18.511570ms
 50: 18.556744ms
 51: 19.687733ms
 52: 18.588604ms
 53: 18.602788ms
 54: 18.604923ms
 55: 18.661537ms
 56: 18.632599ms
 57: 18.723076ms
 58: 18.779570ms
 59: 18.792384ms
 60: 18.956945ms
 61: 18.712716ms
 62: 19.007926ms
 63: 19.022705ms
 64: 19.145612ms
 65: 19.040487ms
 66: 19.086929ms
 67: 19.353764ms
 68: 19.200294ms
 69: 19.243873ms
 70: 19.077010ms
 71: 19.474065ms
 72: 19.143015ms
 73: 19.512446ms
 74: 19.512893ms
 75: 18.597116ms
 76: 19.623733ms
 77: 19.570151ms
 78: 19.549114ms
 79: 19.595585ms
 80: 19.515584ms
 81: 19.654026ms
 82: 20.423799ms
 83: 19.913350ms
 84: 20.337374ms
 85: 20.104818ms
 86: 20.283284ms
 87: 20.266826ms
 88: 20.132913ms
 89: 19.692083ms
 90: 20.013982ms
 91: 19.748302ms
 92: 19.920561ms
 93: 20.352969ms
 94: 19.773181ms
 95: 20.072288ms
 96: 20.586652ms
 97: 20.475929ms
 98: 20.480610ms
 99: 20.490425ms
 100: 20.698344ms
 101: 21.581032ms
 102: 20.858390ms
 103: 20.948719ms
 104: 20.926649ms
 105: 20.708033ms
 106: 20.913142ms
 107: 20.790936ms
 108: 20.767005ms
 109: 20.780162ms
 110: 20.863858ms
 111: 21.010182ms
 112: 21.063909ms
 113: 21.244412ms
 114: 20.992497ms
 115: 21.063818ms
 116: 21.174518ms
 117: 21.372030ms
 118: 21.015895ms
 119: 21.262778ms
 120: 21.312664ms
 121: 20.976809ms
 122: 20.975935ms
 123: 21.381380ms
 124: 21.519256ms
 125: 20.705005ms
 126: 21.985474ms
 127: 21.661671ms
 128: 21.589560ms
 129: 21.847383ms
 130: 21.707274ms
 131: 21.668997ms
 132: 21.809710ms
 133: 21.915521ms
 134: 21.929806ms
 135: 21.930825ms
 136: 21.843778ms
 137: 21.801414ms
 138: 22.705532ms
 139: 22.660670ms
 140: 22.616838ms
 141: 22.452341ms
 142: 22.231878ms
 143: 22.356708ms
 144: 22.212481ms
 145: 22.026179ms
 146: 22.377717ms
 147: 22.289265ms
 148: 22.415920ms
 149: 22.356986ms
 150: 22.803103ms
 151: 22.831441ms
 152: 22.856432ms
 153: 22.863074ms
 154: 22.999609ms
 155: 22.926292ms
 156: 22.932695ms
 157: 24.739911ms
 158: 25.419383ms
 159: 23.931300ms
 160: 24.937631ms
 161: 23.418047ms
 162: 24.124011ms
 163: 24.580760ms
 164: 23.635097ms
 165: 27.213488ms
 166: 26.853034ms
 167: 23.764100ms
 168: 23.786000ms
 169: 24.273456ms
 170: 24.729255ms
 171: 28.271484ms
 172: 23.870642ms
 173: 23.509942ms
 174: 24.212315ms
 175: 25.140518ms
 176: 23.348323ms
 177: 25.056611ms
 178: 26.959738ms
 179: 23.015636ms
 180: 24.745916ms
 181: 28.843760ms
 182: 24.391494ms
 183: 23.809658ms
 184: 24.220163ms
 185: 23.732133ms
 186: 26.297830ms
 187: 23.195201ms
 188: 23.129041ms
 189: 23.927449ms
 190: 24.594278ms
 191: 23.228907ms
 192: 24.247051ms
 193: 24.148793ms
 194: 23.145634ms
 195: 25.031017ms
 196: 25.720969ms
 197: 26.965612ms
 198: 23.244417ms
 199: 23.090123ms


Measurements
--------------------------
FFT Size            : 256^3
Threads             : 17
Batch               : 1
Iterations          : 200
Avg Tot Runtime     : 20.605929 ms
Runtime per batch   : 20.605929 ms
SD                  : 2.906725 ms
Q1                  : 18.511570 ms
Median              : 20.594385 ms
Q3                  : 22.356986 ms
