Expm 2: Streaming FFT

Printing individual runtimes:
 0: 13.798297ms
 1: 13.365717ms
 2: 15.130942ms
 3: 14.782644ms
 4: 13.937286ms
 5: 14.170292ms
 6: 13.798646ms
 7: 14.785252ms
 8: 14.483467ms
 9: 14.324280ms
 10: 14.858621ms
 11: 13.531005ms
 12: 14.606809ms
 13: 14.700449ms
 14: 14.155720ms
 15: 13.034093ms
 16: 14.430766ms
 17: 14.296210ms
 18: 13.978009ms
 19: 15.678527ms
 20: 13.663332ms
 21: 14.146386ms
 22: 14.223555ms
 23: 15.498427ms
 24: 15.438150ms
 25: 14.216291ms
 26: 14.422080ms
 27: 14.415879ms
 28: 14.156919ms
 29: 14.046994ms
 30: 13.889623ms
 31: 14.425500ms
 32: 14.535673ms
 33: 13.739510ms
 34: 13.092704ms
 35: 13.998747ms
 36: 13.927722ms
 37: 14.393143ms
 38: 14.789746ms
 39: 14.936447ms
 40: 14.065941ms
 41: 12.599120ms
 42: 13.301502ms
 43: 14.141349ms
 44: 13.386189ms
 45: 14.860995ms
 46: 14.425308ms
 47: 14.210458ms
 48: 13.399686ms
 49: 13.351518ms
 50: 14.452635ms
 51: 14.889130ms
 52: 14.199990ms
 53: 14.474403ms
 54: 14.153379ms
 55: 13.814152ms
 56: 13.180917ms
 57: 14.412794ms
 58: 14.082029ms
 59: 15.383554ms
 60: 13.930279ms
 61: 15.167468ms
 62: 14.387963ms
 63: 13.718863ms
 64: 14.039864ms
 65: 13.324649ms
 66: 13.835374ms
 67: 14.138060ms
 68: 13.529801ms
 69: 14.414017ms
 70: 14.558663ms
 71: 14.529215ms
 72: 13.922006ms
 73: 13.596192ms
 74: 13.508207ms
 75: 13.751149ms
 76: 13.221052ms
 77: 13.615598ms
 78: 13.007831ms
 79: 14.269111ms
 80: 14.102417ms
 81: 13.821862ms
 82: 14.227669ms
 83: 13.747766ms
 84: 13.455371ms
 85: 13.828473ms
 86: 13.999256ms
 87: 14.377836ms
 88: 13.565693ms
 89: 13.284250ms
 90: 13.943399ms
 91: 14.871302ms
 92: 13.946163ms
 93: 14.543940ms
 94: 14.708423ms
 95: 14.138597ms
 96: 13.454525ms
 97: 14.805412ms
 98: 14.354817ms
 99: 13.724696ms
 100: 13.403967ms
 101: 14.312430ms
 102: 14.310698ms
 103: 14.233561ms
 104: 14.764235ms
 105: 13.420885ms
 106: 13.972914ms
 107: 13.664059ms
 108: 13.779169ms
 109: 14.327459ms
 110: 14.599627ms
 111: 13.392473ms
 112: 15.113935ms
 113: 13.937630ms
 114: 14.289546ms
 115: 14.730978ms
 116: 14.262383ms
 117: 14.123051ms
 118: 13.686077ms
 119: 14.539389ms
 120: 14.067640ms
 121: 14.196299ms
 122: 14.522236ms
 123: 13.976859ms
 124: 14.339979ms
 125: 15.012693ms
 126: 14.175943ms
 127: 13.128139ms
 128: 14.052896ms
 129: 13.725446ms
 130: 13.784246ms
 131: 14.209475ms
 132: 13.494753ms
 133: 14.644370ms
 134: 14.203362ms
 135: 13.267829ms
 136: 13.959602ms
 137: 14.497486ms
 138: 14.238164ms
 139: 14.435214ms
 140: 13.419158ms
 141: 13.871956ms
 142: 13.862569ms
 143: 13.282797ms
 144: 13.796436ms
 145: 12.966989ms
 146: 15.351753ms
 147: 13.966259ms
 148: 14.300415ms
 149: 14.594631ms
 150: 14.776992ms
 151: 14.125943ms
 152: 14.785749ms
 153: 13.668543ms
 154: 13.279992ms
 155: 13.711564ms
 156: 13.731034ms
 157: 13.567036ms
 158: 13.870960ms
 159: 13.870847ms
 160: 14.728823ms
 161: 13.690235ms
 162: 15.471922ms
 163: 14.002988ms
 164: 13.416555ms
 165: 14.386388ms
 166: 14.420083ms
 167: 15.012841ms
 168: 13.115293ms
 169: 14.503377ms
 170: 14.655798ms
 171: 13.467310ms
 172: 14.209104ms
 173: 13.384952ms
 174: 14.227296ms
 175: 14.091650ms
 176: 14.549028ms
 177: 13.812482ms
 178: 14.418458ms
 179: 13.022939ms
 180: 13.988555ms
 181: 14.206317ms
 182: 14.172950ms
 183: 14.136107ms
 184: 13.935249ms
 185: 14.130282ms
 186: 14.281680ms
 187: 14.361489ms
 188: 14.089433ms
 189: 14.592894ms
 190: 14.809600ms
 191: 15.677424ms
 192: 13.117145ms
 193: 13.911390ms
 194: 14.064649ms
 195: 14.616267ms
 196: 14.348279ms
 197: 14.275854ms
 198: 14.475521ms
 199: 13.309157ms


-- Real : Q1: 50 Q2: 100 Q3: 150
-- Array: Q1: 49 Q2: 99 Q3: 149
Printing sorted runtimes:
 0: 13.365717ms
 1: 13.309157ms
 2: 13.117145ms
 3: 13.022939ms
 4: 13.115293ms
 5: 13.279992ms
 6: 12.966989ms
 7: 13.282797ms
 8: 13.267829ms
 9: 13.128139ms
 10: 13.284250ms
 11: 13.007831ms
 12: 13.221052ms
 13: 13.324649ms
 14: 13.180917ms
 15: 13.034093ms
 16: 13.351518ms
 17: 13.301502ms
 18: 12.599120ms
 19: 13.092704ms
 20: 13.663332ms
 21: 13.420885ms
 22: 13.403967ms
 23: 13.454525ms
 24: 13.392473ms
 25: 13.565693ms
 26: 13.455371ms
 27: 13.531005ms
 28: 13.615598ms
 29: 13.508207ms
 30: 13.596192ms
 31: 13.494753ms
 32: 13.529801ms
 33: 13.419158ms
 34: 13.567036ms
 35: 13.399686ms
 36: 13.386189ms
 37: 13.384952ms
 38: 13.467310ms
 39: 13.416555ms
 40: 13.739510ms
 41: 13.686077ms
 42: 13.725446ms
 43: 13.718863ms
 44: 13.668543ms
 45: 13.724696ms
 46: 13.690235ms
 47: 13.711564ms
 48: 13.664059ms
 49: 13.731034ms
 50: 13.747766ms
 51: 14.130282ms
 52: 13.784246ms
 53: 13.779169ms
 54: 13.798297ms
 55: 13.796436ms
 56: 13.812482ms
 57: 13.798646ms
 58: 13.814152ms
 59: 13.930279ms
 60: 13.828473ms
 61: 13.862569ms
 62: 13.871956ms
 63: 13.911390ms
 64: 13.889623ms
 65: 13.870960ms
 66: 13.835374ms
 67: 13.922006ms
 68: 13.870847ms
 69: 13.927722ms
 70: 13.821862ms
 71: 13.959602ms
 72: 13.943399ms
 73: 13.946163ms
 74: 13.978009ms
 75: 13.937630ms
 76: 13.966259ms
 77: 13.937286ms
 78: 13.935249ms
 79: 13.976859ms
 80: 13.972914ms
 81: 14.102417ms
 82: 14.052896ms
 83: 13.751149ms
 84: 14.065941ms
 85: 14.046994ms
 86: 13.999256ms
 87: 14.067640ms
 88: 14.089433ms
 89: 13.988555ms
 90: 14.002988ms
 91: 14.123051ms
 92: 14.039864ms
 93: 14.082029ms
 94: 14.125943ms
 95: 13.998747ms
 96: 14.064649ms
 97: 14.091650ms
 98: 14.138060ms
 99: 14.136107ms
 100: 14.138597ms
 101: 14.233561ms
 102: 14.146386ms
 103: 14.170292ms
 104: 14.153379ms
 105: 14.156919ms
 106: 14.155720ms
 107: 14.172950ms
 108: 14.175943ms
 109: 14.196299ms
 110: 14.199990ms
 111: 14.210458ms
 112: 14.209104ms
 113: 14.206317ms
 114: 14.203362ms
 115: 14.209475ms
 116: 14.216291ms
 117: 14.223555ms
 118: 14.141349ms
 119: 14.227296ms
 120: 14.227669ms
 121: 14.393143ms
 122: 14.281680ms
 123: 14.377836ms
 124: 14.339979ms
 125: 14.310698ms
 126: 14.262383ms
 127: 14.324280ms
 128: 14.269111ms
 129: 14.312430ms
 130: 14.300415ms
 131: 14.275854ms
 132: 14.361489ms
 133: 14.386388ms
 134: 14.289546ms
 135: 14.327459ms
 136: 14.354817ms
 137: 14.348279ms
 138: 14.238164ms
 139: 14.387963ms
 140: 14.296210ms
 141: 14.420083ms
 142: 14.415879ms
 143: 14.418458ms
 144: 14.414017ms
 145: 14.412794ms
 146: 14.425500ms
 147: 14.425308ms
 148: 14.422080ms
 149: 14.430766ms
 150: 14.435214ms
 151: 14.522236ms
 152: 14.497486ms
 153: 14.474403ms
 154: 14.483467ms
 155: 14.503377ms
 156: 14.475521ms
 157: 14.452635ms
 158: 14.599627ms
 159: 14.708423ms
 160: 14.594631ms
 161: 14.543940ms
 162: 14.592894ms
 163: 14.616267ms
 164: 14.700449ms
 165: 14.644370ms
 166: 14.558663ms
 167: 14.529215ms
 168: 14.535673ms
 169: 14.606809ms
 170: 14.655798ms
 171: 14.549028ms
 172: 14.539389ms
 173: 14.728823ms
 174: 14.805412ms
 175: 15.678527ms
 176: 14.789746ms
 177: 14.936447ms
 178: 15.012841ms
 179: 14.782644ms
 180: 14.860995ms
 181: 15.471922ms
 182: 14.871302ms
 183: 14.889130ms
 184: 14.785749ms
 185: 15.113935ms
 186: 14.776992ms
 187: 15.351753ms
 188: 14.764235ms
 189: 15.383554ms
 190: 14.809600ms
 191: 15.677424ms
 192: 15.130942ms
 193: 15.438150ms
 194: 15.498427ms
 195: 14.785252ms
 196: 15.167468ms
 197: 14.730978ms
 198: 15.012693ms
 199: 14.858621ms


Measurements
--------------------------
FFT Size            : 256^3
Threads             : 14
Batch               : 1
Iterations          : 200
Avg Tot Runtime     : 14.113213 ms
Runtime per batch   : 14.113213 ms
SD                  : 0.559739 ms
Q1                  : 13.731034 ms
Median              : 14.137352 ms
Q3                  : 14.430766 ms
