Expm 2: Streaming FFT

Printing individual runtimes:
 0: 15.599516ms
 1: 16.314497ms
 2: 15.695357ms
 3: 16.716729ms
 4: 15.847130ms
 5: 16.076965ms
 6: 15.555317ms
 7: 16.166145ms
 8: 16.302265ms
 9: 15.491699ms
 10: 15.183741ms
 11: 15.109385ms
 12: 16.521266ms
 13: 16.537051ms
 14: 15.844321ms
 15: 16.216384ms
 16: 16.277347ms
 17: 16.055166ms
 18: 15.515913ms
 19: 16.460837ms
 20: 15.852093ms
 21: 16.169264ms
 22: 16.177673ms
 23: 16.140709ms
 24: 16.125907ms
 25: 15.378053ms
 26: 16.235245ms
 27: 15.153127ms
 28: 15.345262ms
 29: 15.437804ms
 30: 15.853280ms
 31: 15.528904ms
 32: 15.174434ms
 33: 16.495925ms
 34: 17.645563ms
 35: 14.968677ms
 36: 15.697248ms
 37: 15.587372ms
 38: 16.268918ms
 39: 15.744045ms
 40: 14.635890ms
 41: 16.238948ms
 42: 15.551169ms
 43: 15.972408ms
 44: 16.449464ms
 45: 14.842153ms
 46: 15.355622ms
 47: 15.720118ms
 48: 15.811881ms
 49: 16.065406ms
 50: 15.452251ms
 51: 15.839496ms
 52: 16.192235ms
 53: 15.832744ms
 54: 14.854201ms
 55: 17.862360ms
 56: 15.125393ms
 57: 15.895176ms
 58: 16.318687ms
 59: 14.855473ms
 60: 15.835807ms
 61: 15.358076ms
 62: 15.665360ms
 63: 16.130489ms
 64: 15.598439ms
 65: 15.208821ms
 66: 14.648560ms
 67: 15.748519ms
 68: 14.306511ms
 69: 15.926979ms
 70: 16.150627ms
 71: 15.914697ms
 72: 15.186152ms
 73: 15.811166ms
 74: 17.333495ms
 75: 15.528771ms
 76: 14.873836ms
 77: 14.832713ms
 78: 16.034652ms
 79: 15.253653ms
 80: 16.081791ms
 81: 15.848012ms
 82: 16.896211ms
 83: 15.255544ms
 84: 16.150498ms
 85: 15.800043ms
 86: 15.956953ms
 87: 14.543379ms
 88: 15.982502ms
 89: 14.707792ms
 90: 14.633604ms
 91: 16.025545ms
 92: 15.912419ms
 93: 15.257595ms
 94: 14.988927ms
 95: 15.736623ms
 96: 15.850370ms
 97: 16.793242ms
 98: 16.402116ms
 99: 14.444302ms
 100: 15.561726ms
 101: 15.316892ms
 102: 16.027006ms
 103: 14.714108ms
 104: 15.932674ms
 105: 16.007310ms
 106: 15.376120ms
 107: 15.435638ms
 108: 14.636301ms
 109: 14.886939ms
 110: 15.110380ms
 111: 16.061893ms
 112: 15.819772ms
 113: 15.738331ms
 114: 15.432482ms
 115: 15.525688ms
 116: 15.357273ms
 117: 15.738058ms
 118: 15.188701ms
 119: 16.030438ms
 120: 15.067934ms
 121: 15.399698ms
 122: 15.180620ms
 123: 14.699088ms
 124: 15.137633ms
 125: 14.625380ms
 126: 15.018421ms
 127: 15.758914ms
 128: 15.907866ms
 129: 16.145093ms
 130: 16.353798ms
 131: 14.180572ms
 132: 15.924578ms
 133: 15.634190ms
 134: 14.899311ms
 135: 15.306607ms
 136: 15.188750ms
 137: 15.715102ms
 138: 16.088446ms
 139: 15.540211ms
 140: 15.308654ms
 141: 15.404136ms
 142: 15.380302ms
 143: 15.904890ms
 144: 16.088335ms
 145: 15.191959ms
 146: 15.272925ms
 147: 16.352333ms
 148: 15.368937ms
 149: 15.417800ms
 150: 15.683733ms
 151: 14.905005ms
 152: 15.078414ms
 153: 15.114844ms
 154: 15.988441ms
 155: 14.989182ms
 156: 16.256618ms
 157: 15.290521ms
 158: 15.568706ms
 159: 15.803060ms
 160: 15.915643ms
 161: 15.597317ms
 162: 14.507316ms
 163: 15.671450ms
 164: 14.293523ms
 165: 16.316287ms
 166: 15.296247ms
 167: 16.547839ms
 168: 15.207755ms
 169: 15.221747ms
 170: 16.795665ms
 171: 15.083110ms
 172: 15.664103ms
 173: 17.136518ms
 174: 15.492477ms
 175: 14.510370ms
 176: 16.109733ms
 177: 15.472820ms
 178: 17.247833ms
 179: 15.930476ms
 180: 15.019191ms
 181: 15.502369ms
 182: 16.062019ms
 183: 16.363965ms
 184: 16.001550ms
 185: 14.530560ms
 186: 14.520434ms
 187: 16.551168ms
 188: 15.614477ms
 189: 15.274759ms
 190: 15.035854ms
 191: 15.430446ms
 192: 16.641458ms
 193: 16.617523ms
 194: 15.614920ms
 195: 16.352191ms
 196: 15.744821ms
 197: 15.017822ms
 198: 17.687634ms
 199: 15.437132ms


-- Real : Q1: 50 Q2: 100 Q3: 150
-- Array: Q1: 49 Q2: 99 Q3: 149
Printing sorted runtimes:
 0: 14.842153ms
 1: 14.707792ms
 2: 14.633604ms
 3: 14.543379ms
 4: 14.444302ms
 5: 14.714108ms
 6: 14.832713ms
 7: 14.520434ms
 8: 14.530560ms
 9: 14.636301ms
 10: 14.306511ms
 11: 14.648560ms
 12: 14.699088ms
 13: 14.625380ms
 14: 14.180572ms
 15: 14.510370ms
 16: 14.635890ms
 17: 14.507316ms
 18: 14.293523ms
 19: 15.207755ms
 20: 15.017822ms
 21: 14.988927ms
 22: 15.035854ms
 23: 15.083110ms
 24: 14.873836ms
 25: 14.886939ms
 26: 14.989182ms
 27: 15.153127ms
 28: 15.186152ms
 29: 15.110380ms
 30: 15.114844ms
 31: 15.183741ms
 32: 15.174434ms
 33: 15.078414ms
 34: 14.905005ms
 35: 14.968677ms
 36: 15.109385ms
 37: 15.188701ms
 38: 15.067934ms
 39: 15.191959ms
 40: 15.180620ms
 41: 14.855473ms
 42: 15.137633ms
 43: 15.125393ms
 44: 15.019191ms
 45: 14.854201ms
 46: 15.018421ms
 47: 14.899311ms
 48: 15.188750ms
 49: 15.208821ms
 50: 15.221747ms
 51: 15.515913ms
 52: 15.257595ms
 53: 15.255544ms
 54: 15.274759ms
 55: 15.272925ms
 56: 15.290521ms
 57: 15.306607ms
 58: 15.296247ms
 59: 15.380302ms
 60: 15.404136ms
 61: 15.358076ms
 62: 15.399698ms
 63: 15.308654ms
 64: 15.368937ms
 65: 15.430446ms
 66: 15.417800ms
 67: 15.357273ms
 68: 15.316892ms
 69: 15.355622ms
 70: 15.432482ms
 71: 15.437804ms
 72: 15.345262ms
 73: 15.378053ms
 74: 15.376120ms
 75: 15.437132ms
 76: 15.452251ms
 77: 15.435638ms
 78: 15.253653ms
 79: 15.472820ms
 80: 15.491699ms
 81: 15.502369ms
 82: 15.492477ms
 83: 15.614920ms
 84: 15.528904ms
 85: 15.525688ms
 86: 15.551169ms
 87: 15.561726ms
 88: 15.528771ms
 89: 15.540211ms
 90: 15.587372ms
 91: 15.614477ms
 92: 15.597317ms
 93: 15.598439ms
 94: 15.599516ms
 95: 15.555317ms
 96: 15.568706ms
 97: 15.665360ms
 98: 15.664103ms
 99: 15.634190ms
 100: 15.671450ms
 101: 15.915643ms
 102: 15.697248ms
 103: 15.695357ms
 104: 15.736623ms
 105: 15.720118ms
 106: 15.715102ms
 107: 15.738058ms
 108: 15.811881ms
 109: 15.811166ms
 110: 15.744045ms
 111: 15.744821ms
 112: 15.758914ms
 113: 15.738331ms
 114: 15.800043ms
 115: 15.803060ms
 116: 15.748519ms
 117: 15.819772ms
 118: 15.850370ms
 119: 15.912419ms
 120: 15.853280ms
 121: 15.683733ms
 122: 15.835807ms
 123: 15.847130ms
 124: 15.895176ms
 125: 15.848012ms
 126: 15.832744ms
 127: 15.904890ms
 128: 15.907866ms
 129: 15.844321ms
 130: 15.852093ms
 131: 15.839496ms
 132: 15.914697ms
 133: 16.030438ms
 134: 15.924578ms
 135: 15.988441ms
 136: 15.926979ms
 137: 16.001550ms
 138: 15.982502ms
 139: 16.007310ms
 140: 16.027006ms
 141: 15.972408ms
 142: 15.956953ms
 143: 16.025545ms
 144: 15.930476ms
 145: 15.932674ms
 146: 16.061893ms
 147: 16.055166ms
 148: 16.034652ms
 149: 16.062019ms
 150: 16.065406ms
 151: 16.076965ms
 152: 16.081791ms
 153: 16.088335ms
 154: 16.088446ms
 155: 16.109733ms
 156: 16.140709ms
 157: 16.125907ms
 158: 16.130489ms
 159: 16.145093ms
 160: 16.150498ms
 161: 16.256618ms
 162: 16.235245ms
 163: 16.302265ms
 164: 16.177673ms
 165: 16.268918ms
 166: 16.169264ms
 167: 16.238948ms
 168: 16.166145ms
 169: 16.192235ms
 170: 16.216384ms
 171: 16.314497ms
 172: 16.150627ms
 173: 16.277347ms
 174: 17.136518ms
 175: 16.795665ms
 176: 16.460837ms
 177: 16.547839ms
 178: 17.247833ms
 179: 16.316287ms
 180: 16.537051ms
 181: 16.521266ms
 182: 16.495925ms
 183: 16.363965ms
 184: 17.645563ms
 185: 16.352333ms
 186: 16.449464ms
 187: 16.551168ms
 188: 16.353798ms
 189: 17.862360ms
 190: 16.318687ms
 191: 16.716729ms
 192: 16.641458ms
 193: 16.617523ms
 194: 17.333495ms
 195: 16.352191ms
 196: 16.896211ms
 197: 16.402116ms
 198: 17.687634ms
 199: 16.793242ms


Measurements
--------------------------
FFT Size            : 256^3
Threads             : 11
Batch               : 1
Iterations          : 200
Avg Tot Runtime     : 15.665148 ms
Runtime per batch   : 15.665148 ms
SD                  : 0.643379 ms
Q1                  : 15.208821 ms
Median              : 15.652820 ms
Q3                  : 16.062019 ms
