Expm 2: Streaming FFTW
FFTW Plan: Patient
-- Cannot import wisdom from ../../wisdom/singlenode/all/606/fftw_606_t36_b1.patient
-- Exporting wisdom file to ../../wisdom/singlenode/all/606/fftw_606_t36_b1.patient
Iteration: 0, 1, 2, 3, 4, 5, 6, 7, 8, 9, 10, 11, 12, 13, 14, 15, 16, 17, 18, 19, 20, 21, 22, 23, 24, 25, 26, 27, 28, 29, 30, 31, 32, 33, 34, 35, 36, 37, 38, 39, 40, 41, 42, 43, 44, 45, 46, 47, 48, 49, 
Printing individual runtimes:
 0: 636.851574ms
 1: 475.088209ms
 2: 467.139414ms
 3: 482.904751ms
 4: 480.475469ms
 5: 710.668243ms
 6: 443.125748ms
 7: 443.356896ms
 8: 439.940872ms
 9: 484.791176ms
 10: 434.705889ms
 11: 472.620534ms
 12: 440.854374ms
 13: 440.016902ms
 14: 444.499201ms
 15: 539.876344ms
 16: 446.308197ms
 17: 447.865631ms
 18: 446.424999ms
 19: 477.898304ms
 20: 450.590174ms
 21: 468.159108ms
 22: 449.550095ms
 23: 454.343374ms
 24: 444.349254ms
 25: 461.301555ms
 26: 459.189478ms
 27: 458.848149ms
 28: 466.338629ms
 29: 462.514888ms
 30: 461.010787ms
 31: 448.599957ms
 32: 457.529806ms
 33: 455.176988ms
 34: 448.421922ms
 35: 820.852394ms
 36: 540.524104ms
 37: 442.471209ms
 38: 443.270725ms
 39: 438.622706ms
 40: 438.661033ms
 41: 555.817689ms
 42: 729.771918ms
 43: 479.890504ms
 44: 442.706332ms
 45: 447.008985ms
 46: 444.880215ms
 47: 457.037431ms
 48: 471.036572ms
 49: 459.355079ms


Measurements
--------------------------
FFT Size            : 606^3
Threads             : 36
Batch               : 1
Iterations          : 50
Avg Tot Runtime     : 482.264876 ms
Runtime per batch   : 482.264876 ms
SD                  : 77.899382 ms
Throughput          : 31.951735 GFLOPs
Plan Time           : 584.337740 sec
