Expm 2: Streaming FFTW
FFTW Plan: Patient
-- Cannot import wisdom from ../../wisdom/singlenode/all/570/fftw_570_t36_b1.patient
-- Exporting wisdom file to ../../wisdom/singlenode/all/570/fftw_570_t36_b1.patient
Iteration: 0, 1, 2, 3, 4, 5, 6, 7, 8, 9, 10, 11, 12, 13, 14, 15, 16, 17, 18, 19, 20, 21, 22, 23, 24, 25, 26, 27, 28, 29, 30, 31, 32, 33, 34, 35, 36, 37, 38, 39, 40, 41, 42, 43, 44, 45, 46, 47, 48, 49, 
Printing individual runtimes:
 0: 256.138785ms
 1: 245.237931ms
 2: 244.823884ms
 3: 241.935957ms
 4: 241.868390ms
 5: 441.035522ms
 6: 259.460552ms
 7: 240.980883ms
 8: 242.707543ms
 9: 243.357489ms
 10: 249.788683ms
 11: 241.551189ms
 12: 240.841747ms
 13: 244.352108ms
 14: 240.640242ms
 15: 248.317957ms
 16: 244.658549ms
 17: 252.863980ms
 18: 240.760003ms
 19: 442.107689ms
 20: 341.393043ms
 21: 248.043688ms
 22: 239.391080ms
 23: 239.837764ms
 24: 248.295970ms
 25: 243.251833ms
 26: 253.353851ms
 27: 242.409738ms
 28: 240.767191ms
 29: 442.323928ms
 30: 398.799977ms
 31: 238.155115ms
 32: 246.379252ms
 33: 238.459739ms
 34: 340.658223ms
 35: 492.634692ms
 36: 439.728517ms
 37: 313.941412ms
 38: 240.558503ms
 39: 248.473181ms
 40: 241.480474ms
 41: 239.705491ms
 42: 454.097669ms
 43: 470.509874ms
 44: 552.709714ms
 45: 237.613957ms
 46: 252.376188ms
 47: 239.227095ms
 48: 240.743563ms
 49: 239.890057ms


Measurements
--------------------------
FFT Size            : 570^3
Threads             : 36
Batch               : 1
Iterations          : 50
Avg Tot Runtime     : 288.172797 ms
Runtime per batch   : 288.172797 ms
SD                  : 84.787028 ms
Throughput          : 15.305389 GFLOPs
Plan Time           : 749.607270 sec
