Expm 2: Streaming FFTW
FFTW Plan: Patient
-- Cannot import wisdom from ../../wisdom/singlenode/all/570/fftw_570_t37_b1.patient
-- Exporting wisdom file to ../../wisdom/singlenode/all/570/fftw_570_t37_b1.patient
Iteration: 0, 1, 2, 3, 4, 5, 6, 7, 8, 9, 10, 11, 12, 13, 14, 15, 16, 17, 18, 19, 20, 21, 22, 23, 24, 25, 26, 27, 28, 29, 30, 31, 32, 33, 34, 35, 36, 37, 38, 39, 40, 41, 42, 43, 44, 45, 46, 47, 48, 49, 
Printing individual runtimes:
 0: 250.618370ms
 1: 258.056272ms
 2: 246.622124ms
 3: 246.117076ms
 4: 470.152812ms
 5: 440.540143ms
 6: 257.233610ms
 7: 252.881968ms
 8: 246.933957ms
 9: 513.738750ms
 10: 426.946997ms
 11: 246.150689ms
 12: 244.163675ms
 13: 244.479029ms
 14: 244.939018ms
 15: 244.098433ms
 16: 256.143062ms
 17: 437.704902ms
 18: 308.839358ms
 19: 247.104382ms
 20: 254.461750ms
 21: 642.891220ms
 22: 510.314048ms
 23: 258.581197ms
 24: 249.221607ms
 25: 453.444483ms
 26: 580.304533ms
 27: 437.818037ms
 28: 247.586825ms
 29: 244.883496ms
 30: 245.785213ms
 31: 245.784807ms
 32: 245.881910ms
 33: 245.259567ms
 34: 245.801479ms
 35: 326.289092ms
 36: 242.898147ms
 37: 243.221514ms
 38: 245.222808ms
 39: 255.442750ms
 40: 243.162295ms
 41: 247.151885ms
 42: 243.274147ms
 43: 252.915855ms
 44: 243.485800ms
 45: 244.010416ms
 46: 258.123212ms
 47: 243.352945ms
 48: 241.849323ms
 49: 241.734800ms


Measurements
--------------------------
FFT Size            : 570^3
Threads             : 37
Batch               : 1
Iterations          : 50
Avg Tot Runtime     : 299.272396 ms
Runtime per batch   : 299.272396 ms
SD                  : 101.765255 ms
Throughput          : 15.305386 GFLOPs
Plan Time           : 846.391114 sec
