Expm 2: Streaming FFTW
FFTW Plan: Patient
-- Cannot import wisdom from ../../wisdom/singlenode/all/94/fftw_94_t37_b1.patient
-- Exporting wisdom file to ../../wisdom/singlenode/all/94/fftw_94_t37_b1.patient
Iteration: 0, 1, 2, 3, 4, 5, 6, 7, 8, 9, 10, 11, 12, 13, 14, 15, 16, 17, 18, 19, 20, 21, 22, 23, 24, 25, 26, 27, 28, 29, 30, 31, 32, 33, 34, 35, 36, 37, 38, 39, 40, 41, 42, 43, 44, 45, 46, 47, 48, 49, 
Printing individual runtimes:
 0: 2.164369ms
 1: 2.101385ms
 2: 2.172451ms
 3: 2.169253ms
 4: 2.155751ms
 5: 2.319038ms
 6: 2.187512ms
 7: 2.290532ms
 8: 4.002800ms
 9: 1.984701ms
 10: 2.060294ms
 11: 2.269942ms
 12: 2.018383ms
 13: 2.109926ms
 14: 2.038442ms
 15: 2.144946ms
 16: 2.111728ms
 17: 2.084111ms
 18: 2.114501ms
 19: 2.028503ms
 20: 2.252261ms
 21: 2.058638ms
 22: 2.152729ms
 23: 2.240445ms
 24: 2.094999ms
 25: 2.052226ms
 26: 3.546488ms
 27: 2.161945ms
 28: 2.024136ms
 29: 2.002658ms
 30: 2.106146ms
 31: 2.052944ms
 32: 3.941713ms
 33: 3.267511ms
 34: 2.246556ms
 35: 1.940182ms
 36: 2.259971ms
 37: 2.070688ms
 38: 3.336700ms
 39: 2.059263ms
 40: 2.091261ms
 41: 2.021996ms
 42: 2.210121ms
 43: 2.063983ms
 44: 2.177065ms
 45: 2.060437ms
 46: 1.994325ms
 47: 2.202404ms
 48: 2.069977ms
 49: 2.048762ms


Measurements
--------------------------
FFT Size            : 94^3
Threads             : 37
Batch               : 1
Iterations          : 50
Avg Tot Runtime     : 2.266742 ms
Runtime per batch   : 2.266742 ms
SD                  : 0.468550 ms
Throughput          : 0.090101 GFLOPs
Plan Time           : 28.702970 sec
