Expm 2: Streaming FFTW
FFTW Plan: Patient
-- Cannot import wisdom from ../../wisdom/singlenode/all/605/fftw_605_t37_b1.patient
-- Exporting wisdom file to ../../wisdom/singlenode/all/605/fftw_605_t37_b1.patient
Iteration: 0, 1, 2, 3, 4, 5, 6, 7, 8, 9, 10, 11, 12, 13, 14, 15, 16, 17, 18, 19, 20, 21, 22, 23, 24, 25, 26, 27, 28, 29, 30, 31, 32, 33, 34, 35, 36, 37, 38, 39, 40, 41, 42, 43, 44, 45, 46, 47, 48, 49, 
Printing individual runtimes:
 0: 156.552436ms
 1: 175.171349ms
 2: 157.003935ms
 3: 155.869925ms
 4: 320.186250ms
 5: 341.633431ms
 6: 182.105939ms
 7: 156.155427ms
 8: 259.150614ms
 9: 258.109960ms
 10: 244.681380ms
 11: 154.349025ms
 12: 154.168518ms
 13: 154.665884ms
 14: 151.084138ms
 15: 268.169860ms
 16: 323.748077ms
 17: 243.251289ms
 18: 158.128512ms
 19: 157.554939ms
 20: 156.709755ms
 21: 157.706079ms
 22: 252.496074ms
 23: 256.130018ms
 24: 181.791237ms
 25: 206.187317ms
 26: 158.610297ms
 27: 158.068216ms
 28: 157.839350ms
 29: 158.486031ms
 30: 158.956277ms
 31: 156.592443ms
 32: 156.222393ms
 33: 156.932116ms
 34: 255.727314ms
 35: 154.526251ms
 36: 157.046820ms
 37: 156.394065ms
 38: 156.547070ms
 39: 156.450691ms
 40: 156.371035ms
 41: 157.107227ms
 42: 258.543368ms
 43: 156.206018ms
 44: 156.273532ms
 45: 184.222380ms
 46: 156.684448ms
 47: 156.278444ms
 48: 156.048093ms
 49: 155.824454ms


Measurements
--------------------------
FFT Size            : 605^3
Threads             : 37
Batch               : 1
Iterations          : 50
Avg Tot Runtime     : 187.494394 ms
Runtime per batch   : 187.494394 ms
SD                  : 51.767812 ms
Throughput          : 12.823973 GFLOPs
Plan Time           : 963.509514 sec
