Expm 2: Streaming FFTW
FFTW Plan: Patient
-- Cannot import wisdom from ../../wisdom/singlenode/all/605/fftw_605_t39_b1.patient
-- Exporting wisdom file to ../../wisdom/singlenode/all/605/fftw_605_t39_b1.patient
Iteration: 0, 1, 2, 3, 4, 5, 6, 7, 8, 9, 10, 11, 12, 13, 14, 15, 16, 17, 18, 19, 20, 21, 22, 23, 24, 25, 26, 27, 28, 29, 30, 31, 32, 33, 34, 35, 36, 37, 38, 39, 40, 41, 42, 43, 44, 45, 46, 47, 48, 49, 
Printing individual runtimes:
 0: 157.370367ms
 1: 235.311929ms
 2: 232.156331ms
 3: 234.033302ms
 4: 327.818151ms
 5: 231.360098ms
 6: 237.638613ms
 7: 230.611162ms
 8: 144.323339ms
 9: 141.809613ms
 10: 363.199299ms
 11: 330.300483ms
 12: 228.654935ms
 13: 216.817709ms
 14: 142.299821ms
 15: 142.448123ms
 16: 142.280654ms
 17: 141.220613ms
 18: 137.705808ms
 19: 185.231511ms
 20: 231.737387ms
 21: 365.426409ms
 22: 233.959280ms
 23: 231.792086ms
 24: 228.033890ms
 25: 294.115349ms
 26: 329.935551ms
 27: 288.701055ms
 28: 206.371948ms
 29: 283.934918ms
 30: 232.541292ms
 31: 236.985396ms
 32: 280.616113ms
 33: 214.212953ms
 34: 157.391459ms
 35: 157.320632ms
 36: 151.486446ms
 37: 322.748625ms
 38: 232.008770ms
 39: 150.564796ms
 40: 150.703425ms
 41: 150.598662ms
 42: 149.150639ms
 43: 141.428980ms
 44: 139.054860ms
 45: 139.175519ms
 46: 138.667593ms
 47: 139.019864ms
 48: 142.367216ms
 49: 231.337815ms


Measurements
--------------------------
FFT Size            : 605^3
Threads             : 39
Batch               : 1
Iterations          : 50
Avg Tot Runtime     : 211.079616 ms
Runtime per batch   : 211.079616 ms
SD                  : 66.824901 ms
Throughput          : 13.274617 GFLOPs
Plan Time           : 889.307186 sec
