Expm 2: Streaming FFT

Printing individual runtimes:
 0: 0.192265ms
 1: 0.019621ms
 2: 0.021538ms
 3: 0.101166ms
 4: 0.027947ms
 5: 0.023184ms
 6: 0.021675ms
 7: 0.023363ms
 8: 0.029542ms
 9: 0.028774ms
 10: 0.083001ms
 11: 0.030119ms
 12: 0.023060ms
 13: 0.028316ms
 14: 0.029023ms
 15: 0.021129ms
 16: 0.078044ms
 17: 0.030879ms
 18: 0.035923ms
 19: 0.028984ms
 20: 0.021648ms
 21: 0.022074ms
 22: 0.029142ms
 23: 0.022790ms
 24: 0.029392ms
 25: 0.033274ms
 26: 0.021659ms
 27: 0.030402ms
 28: 0.024080ms
 29: 0.029105ms
 30: 0.078979ms
 31: 0.034625ms
 32: 0.023042ms
 33: 0.022385ms
 34: 0.019922ms
 35: 0.028993ms
 36: 0.023276ms
 37: 0.029689ms
 38: 0.022368ms
 39: 0.029211ms
 40: 0.019422ms
 41: 0.033379ms
 42: 0.032187ms
 43: 0.027434ms
 44: 0.032434ms
 45: 0.022733ms
 46: 0.021735ms
 47: 0.029474ms
 48: 0.023386ms
 49: 0.024287ms
 50: 0.034477ms
 51: 0.028441ms
 52: 0.022704ms
 53: 0.019912ms
 54: 0.022406ms
 55: 0.020814ms
 56: 0.028959ms
 57: 0.028878ms
 58: 0.030291ms
 59: 0.028390ms
 60: 0.096425ms
 61: 0.024137ms
 62: 0.027873ms
 63: 0.020961ms
 64: 0.023501ms
 65: 0.020995ms
 66: 0.036410ms
 67: 0.020620ms
 68: 0.030017ms
 69: 0.031265ms
 70: 0.030833ms
 71: 0.023186ms
 72: 0.031801ms
 73: 0.028221ms
 74: 0.025015ms
 75: 0.031841ms
 76: 0.028944ms
 77: 0.027335ms
 78: 0.023692ms
 79: 0.026231ms
 80: 0.025917ms
 81: 0.029080ms
 82: 0.030805ms
 83: 0.022233ms
 84: 0.030095ms
 85: 0.020786ms
 86: 0.021651ms
 87: 0.018866ms
 88: 0.028429ms
 89: 0.022573ms
 90: 0.023467ms
 91: 0.022660ms
 92: 0.029859ms
 93: 0.021527ms
 94: 0.032594ms
 95: 0.031532ms
 96: 0.027904ms
 97: 0.018847ms
 98: 0.032548ms
 99: 0.019613ms
 100: 0.029913ms
 101: 0.022256ms
 102: 0.029462ms
 103: 0.032191ms
 104: 0.031241ms
 105: 0.020684ms
 106: 0.032600ms
 107: 0.029151ms
 108: 0.021212ms
 109: 0.028444ms
 110: 0.028529ms
 111: 0.030580ms
 112: 0.029799ms
 113: 0.036228ms
 114: 0.030161ms
 115: 0.028486ms
 116: 0.028906ms
 117: 0.031194ms
 118: 0.031524ms
 119: 0.078199ms
 120: 0.031370ms
 121: 0.029717ms
 122: 0.024150ms
 123: 0.030216ms
 124: 0.021367ms
 125: 0.027121ms
 126: 0.025864ms
 127: 0.020291ms
 128: 0.021544ms
 129: 0.019707ms
 130: 0.022327ms
 131: 0.029952ms
 132: 0.031005ms
 133: 0.022133ms
 134: 0.030713ms
 135: 0.023015ms
 136: 0.019813ms
 137: 0.020864ms
 138: 0.025810ms
 139: 0.021675ms
 140: 0.028152ms
 141: 0.021591ms
 142: 0.022178ms
 143: 0.034252ms
 144: 0.030120ms
 145: 0.025080ms
 146: 0.032782ms
 147: 0.017657ms
 148: 0.020901ms
 149: 0.023407ms
 150: 0.021524ms
 151: 0.021981ms
 152: 0.028324ms
 153: 0.028092ms
 154: 0.020989ms
 155: 0.020485ms
 156: 0.027400ms
 157: 0.025767ms
 158: 0.021980ms
 159: 0.022213ms
 160: 0.027396ms
 161: 0.023280ms
 162: 0.020621ms
 163: 0.023207ms
 164: 0.031198ms
 165: 0.020923ms
 166: 0.030139ms
 167: 0.023789ms
 168: 0.031532ms
 169: 0.022384ms
 170: 0.021724ms
 171: 0.030336ms
 172: 0.030965ms
 173: 0.020687ms
 174: 0.022966ms
 175: 0.020697ms
 176: 0.032784ms
 177: 0.027283ms
 178: 0.031441ms
 179: 0.028428ms
 180: 0.021637ms
 181: 0.031170ms
 182: 0.023967ms
 183: 0.028104ms
 184: 0.031140ms
 185: 0.026882ms
 186: 0.034331ms
 187: 0.020045ms
 188: 0.022637ms
 189: 0.020113ms
 190: 0.024402ms
 191: 0.021682ms
 192: 0.030433ms
 193: 0.029521ms
 194: 0.021525ms
 195: 0.032298ms
 196: 0.032815ms
 197: 0.022636ms
 198: 0.022063ms
 199: 0.031204ms


-- Real : Q1: 50 Q2: 100 Q3: 150
-- Array: Q1: 49 Q2: 99 Q3: 149
Printing sorted runtimes:
 0: 0.020697ms
 1: 0.019621ms
 2: 0.019912ms
 3: 0.020620ms
 4: 0.020687ms
 5: 0.020621ms
 6: 0.018866ms
 7: 0.019813ms
 8: 0.019422ms
 9: 0.018847ms
 10: 0.019613ms
 11: 0.019922ms
 12: 0.020684ms
 13: 0.019707ms
 14: 0.020045ms
 15: 0.020485ms
 16: 0.020291ms
 17: 0.020113ms
 18: 0.017657ms
 19: 0.021648ms
 20: 0.020814ms
 21: 0.020961ms
 22: 0.020901ms
 23: 0.021524ms
 24: 0.021538ms
 25: 0.020995ms
 26: 0.020923ms
 27: 0.020989ms
 28: 0.021212ms
 29: 0.021129ms
 30: 0.021544ms
 31: 0.020864ms
 32: 0.021637ms
 33: 0.020786ms
 34: 0.021525ms
 35: 0.021591ms
 36: 0.021527ms
 37: 0.021367ms
 38: 0.021981ms
 39: 0.021682ms
 40: 0.021675ms
 41: 0.021675ms
 42: 0.021651ms
 43: 0.021980ms
 44: 0.021724ms
 45: 0.021659ms
 46: 0.021735ms
 47: 0.022074ms
 48: 0.022063ms
 49: 0.022133ms
 50: 0.022178ms
 51: 0.027121ms
 52: 0.022233ms
 53: 0.022327ms
 54: 0.022256ms
 55: 0.022368ms
 56: 0.022384ms
 57: 0.025810ms
 58: 0.023184ms
 59: 0.023363ms
 60: 0.023015ms
 61: 0.024137ms
 62: 0.022636ms
 63: 0.022406ms
 64: 0.023501ms
 65: 0.022704ms
 66: 0.022966ms
 67: 0.025080ms
 68: 0.023060ms
 69: 0.024287ms
 70: 0.025864ms
 71: 0.023186ms
 72: 0.023789ms
 73: 0.022213ms
 74: 0.025015ms
 75: 0.023386ms
 76: 0.024402ms
 77: 0.024150ms
 78: 0.023692ms
 79: 0.026231ms
 80: 0.025917ms
 81: 0.023407ms
 82: 0.023207ms
 83: 0.022790ms
 84: 0.022733ms
 85: 0.022637ms
 86: 0.023967ms
 87: 0.024080ms
 88: 0.026882ms
 89: 0.022573ms
 90: 0.023467ms
 91: 0.022660ms
 92: 0.025767ms
 93: 0.023042ms
 94: 0.023280ms
 95: 0.022385ms
 96: 0.023276ms
 97: 0.027396ms
 98: 0.027335ms
 99: 0.027283ms
 100: 0.027400ms
 101: 0.029913ms
 102: 0.027904ms
 103: 0.027873ms
 104: 0.028390ms
 105: 0.028429ms
 106: 0.027947ms
 107: 0.028428ms
 108: 0.028104ms
 109: 0.028316ms
 110: 0.028221ms
 111: 0.028152ms
 112: 0.028441ms
 113: 0.028092ms
 114: 0.028324ms
 115: 0.028486ms
 116: 0.028906ms
 117: 0.029392ms
 118: 0.029474ms
 119: 0.029080ms
 120: 0.029142ms
 121: 0.029717ms
 122: 0.029799ms
 123: 0.028984ms
 124: 0.028944ms
 125: 0.028529ms
 126: 0.027434ms
 127: 0.029521ms
 128: 0.029023ms
 129: 0.028444ms
 130: 0.029151ms
 131: 0.029689ms
 132: 0.029105ms
 133: 0.028774ms
 134: 0.029542ms
 135: 0.028959ms
 136: 0.029859ms
 137: 0.029462ms
 138: 0.028878ms
 139: 0.029211ms
 140: 0.028993ms
 141: 0.030161ms
 142: 0.030139ms
 143: 0.030095ms
 144: 0.030120ms
 145: 0.029952ms
 146: 0.030119ms
 147: 0.030017ms
 148: 0.030216ms
 149: 0.030291ms
 150: 0.030336ms
 151: 0.030402ms
 152: 0.031194ms
 153: 0.031140ms
 154: 0.030580ms
 155: 0.031170ms
 156: 0.030879ms
 157: 0.030433ms
 158: 0.030965ms
 159: 0.031005ms
 160: 0.030833ms
 161: 0.030713ms
 162: 0.031204ms
 163: 0.030805ms
 164: 0.031198ms
 165: 0.031841ms
 166: 0.032594ms
 167: 0.031801ms
 168: 0.031532ms
 169: 0.031532ms
 170: 0.031265ms
 171: 0.032548ms
 172: 0.192265ms
 173: 0.032191ms
 174: 0.036410ms
 175: 0.096425ms
 176: 0.032784ms
 177: 0.031241ms
 178: 0.031441ms
 179: 0.034477ms
 180: 0.032434ms
 181: 0.032600ms
 182: 0.032187ms
 183: 0.033379ms
 184: 0.036228ms
 185: 0.034625ms
 186: 0.034331ms
 187: 0.078979ms
 188: 0.031524ms
 189: 0.033274ms
 190: 0.035923ms
 191: 0.078199ms
 192: 0.031370ms
 193: 0.078044ms
 194: 0.032782ms
 195: 0.032298ms
 196: 0.032815ms
 197: 0.083001ms
 198: 0.101166ms
 199: 0.034252ms


Measurements
--------------------------
FFT Size            : 18^3
Threads             : 25
Batch               : 1
Iterations          : 200
Avg Tot Runtime     : 0.028902 ms
Runtime per batch   : 0.028902 ms
SD                  : 0.016127 ms
Q1                  : 0.022133 ms
Median              : 0.027341 ms
Q3                  : 0.030291 ms
