Expm 2: Streaming FFT

Printing individual runtimes:
 0: 0.150086ms
 1: 0.048155ms
 2: 0.049524ms
 3: 0.095544ms
 4: 0.044287ms
 5: 0.067328ms
 6: 0.040876ms
 7: 0.045255ms
 8: 0.041585ms
 9: 0.107397ms
 10: 0.040628ms
 11: 0.041863ms
 12: 0.043086ms
 13: 0.067700ms
 14: 0.048454ms
 15: 0.042290ms
 16: 0.090302ms
 17: 0.052923ms
 18: 0.097918ms
 19: 0.063755ms
 20: 0.048432ms
 21: 0.103223ms
 22: 0.047524ms
 23: 0.049331ms
 24: 0.069388ms
 25: 0.049237ms
 26: 0.047748ms
 27: 0.102904ms
 28: 0.054411ms
 29: 0.047254ms
 30: 0.072304ms
 31: 0.055648ms
 32: 0.047186ms
 33: 0.044824ms
 34: 0.097466ms
 35: 0.051111ms
 36: 0.050145ms
 37: 0.045227ms
 38: 0.045516ms
 39: 0.071576ms
 40: 0.042503ms
 41: 0.046061ms
 42: 0.051715ms
 43: 0.044090ms
 44: 0.048296ms
 45: 0.092098ms
 46: 0.048844ms
 47: 0.102246ms
 48: 0.057393ms
 49: 0.045905ms
 50: 0.074166ms
 51: 0.048878ms
 52: 0.048269ms
 53: 0.044387ms
 54: 0.046492ms
 55: 0.038906ms
 56: 0.046444ms
 57: 0.102093ms
 58: 0.046586ms
 59: 0.048862ms
 60: 0.072084ms
 61: 0.043906ms
 62: 0.047144ms
 63: 0.093645ms
 64: 0.047926ms
 65: 0.044611ms
 66: 0.044978ms
 67: 0.049475ms
 68: 0.041058ms
 69: 0.065887ms
 70: 0.047255ms
 71: 0.044529ms
 72: 0.046063ms
 73: 0.046485ms
 74: 0.043881ms
 75: 0.045348ms
 76: 0.048438ms
 77: 0.045747ms
 78: 0.090202ms
 79: 0.045256ms
 80: 0.047814ms
 81: 0.045162ms
 82: 0.044957ms
 83: 0.053056ms
 84: 0.045912ms
 85: 0.045782ms
 86: 0.045492ms
 87: 0.045314ms
 88: 0.042512ms
 89: 0.043225ms
 90: 0.045494ms
 91: 0.044565ms
 92: 0.070749ms
 93: 0.053614ms
 94: 0.048728ms
 95: 0.046616ms
 96: 0.045887ms
 97: 0.039076ms
 98: 0.055141ms
 99: 0.091730ms
 100: 0.042432ms
 101: 0.046396ms
 102: 0.046884ms
 103: 0.055195ms
 104: 0.052654ms
 105: 0.046653ms
 106: 0.046642ms
 107: 0.045451ms
 108: 0.045951ms
 109: 0.055881ms
 110: 0.051581ms
 111: 0.046712ms
 112: 0.043353ms
 113: 0.047398ms
 114: 0.073436ms
 115: 0.052767ms
 116: 0.043565ms
 117: 0.048688ms
 118: 0.047865ms
 119: 0.050285ms
 120: 0.037350ms
 121: 0.092027ms
 122: 0.052461ms
 123: 0.047807ms
 124: 0.044940ms
 125: 0.049897ms
 126: 0.046660ms
 127: 0.053221ms
 128: 0.046484ms
 129: 0.053975ms
 130: 0.045150ms
 131: 0.067418ms
 132: 0.046479ms
 133: 0.044730ms
 134: 0.045226ms
 135: 0.046005ms
 136: 0.045622ms
 137: 0.043933ms
 138: 0.044224ms
 139: 0.046227ms
 140: 0.052945ms
 141: 0.058666ms
 142: 0.090372ms
 143: 0.045959ms
 144: 0.046200ms
 145: 0.052917ms
 146: 0.044974ms
 147: 0.045283ms
 148: 0.055464ms
 149: 0.046666ms
 150: 0.056701ms
 151: 0.051094ms
 152: 0.047018ms
 153: 0.048176ms
 154: 0.047138ms
 155: 0.048688ms
 156: 0.074991ms
 157: 0.045148ms
 158: 0.049509ms
 159: 0.046911ms
 160: 0.047206ms
 161: 0.044395ms
 162: 0.044795ms
 163: 0.052009ms
 164: 0.056110ms
 165: 0.044660ms
 166: 0.047022ms
 167: 0.053808ms
 168: 0.044899ms
 169: 0.088638ms
 170: 0.045485ms
 171: 0.047707ms
 172: 0.048776ms
 173: 0.044605ms
 174: 0.043684ms
 175: 0.055113ms
 176: 0.046168ms
 177: 0.048511ms
 178: 0.049278ms
 179: 0.045096ms
 180: 0.052119ms
 181: 0.047235ms
 182: 0.054624ms
 183: 0.047684ms
 184: 0.044646ms
 185: 0.046664ms
 186: 0.047303ms
 187: 0.042650ms
 188: 0.044552ms
 189: 0.047007ms
 190: 0.045491ms
 191: 0.049931ms
 192: 0.043027ms
 193: 0.051784ms
 194: 0.042933ms
 195: 0.046151ms
 196: 0.043956ms
 197: 0.044639ms
 198: 0.046547ms
 199: 0.057311ms


-- Real : Q1: 50 Q2: 100 Q3: 150
-- Array: Q1: 49 Q2: 99 Q3: 149
Printing sorted runtimes:
 0: 0.044974ms
 1: 0.043565ms
 2: 0.044639ms
 3: 0.043956ms
 4: 0.044287ms
 5: 0.043353ms
 6: 0.040876ms
 7: 0.037350ms
 8: 0.041585ms
 9: 0.042933ms
 10: 0.040628ms
 11: 0.041863ms
 12: 0.043086ms
 13: 0.043027ms
 14: 0.044940ms
 15: 0.042290ms
 16: 0.042432ms
 17: 0.044552ms
 18: 0.042650ms
 19: 0.039076ms
 20: 0.044730ms
 21: 0.044646ms
 22: 0.044565ms
 23: 0.043225ms
 24: 0.042512ms
 25: 0.044957ms
 26: 0.043881ms
 27: 0.044529ms
 28: 0.043684ms
 29: 0.043933ms
 30: 0.044605ms
 31: 0.041058ms
 32: 0.044224ms
 33: 0.044824ms
 34: 0.044611ms
 35: 0.044899ms
 36: 0.043906ms
 37: 0.038906ms
 38: 0.044387ms
 39: 0.044660ms
 40: 0.042503ms
 41: 0.044395ms
 42: 0.044795ms
 43: 0.044090ms
 44: 0.045226ms
 45: 0.045096ms
 46: 0.045162ms
 47: 0.045148ms
 48: 0.044978ms
 49: 0.045150ms
 50: 0.045227ms
 51: 0.047186ms
 52: 0.045256ms
 53: 0.045348ms
 54: 0.045314ms
 55: 0.045283ms
 56: 0.045451ms
 57: 0.045491ms
 58: 0.046396ms
 59: 0.046200ms
 60: 0.045959ms
 61: 0.046151ms
 62: 0.045887ms
 63: 0.046227ms
 64: 0.045905ms
 65: 0.045485ms
 66: 0.046444ms
 67: 0.045951ms
 68: 0.045494ms
 69: 0.046061ms
 70: 0.045492ms
 71: 0.046168ms
 72: 0.046063ms
 73: 0.045912ms
 74: 0.045782ms
 75: 0.045516ms
 76: 0.045622ms
 77: 0.045747ms
 78: 0.046005ms
 79: 0.046479ms
 80: 0.046485ms
 81: 0.046484ms
 82: 0.046492ms
 83: 0.046547ms
 84: 0.045255ms
 85: 0.046911ms
 86: 0.046712ms
 87: 0.047138ms
 88: 0.047018ms
 89: 0.046666ms
 90: 0.046642ms
 91: 0.046653ms
 92: 0.046664ms
 93: 0.046884ms
 94: 0.046586ms
 95: 0.046616ms
 96: 0.047144ms
 97: 0.047007ms
 98: 0.047022ms
 99: 0.046660ms
 100: 0.047206ms
 101: 0.049475ms
 102: 0.047255ms
 103: 0.047254ms
 104: 0.047303ms
 105: 0.047524ms
 106: 0.047707ms
 107: 0.047684ms
 108: 0.047807ms
 109: 0.048155ms
 110: 0.047865ms
 111: 0.048269ms
 112: 0.047748ms
 113: 0.047398ms
 114: 0.047926ms
 115: 0.048176ms
 116: 0.047814ms
 117: 0.048296ms
 118: 0.048432ms
 119: 0.049331ms
 120: 0.049237ms
 121: 0.049278ms
 122: 0.048511ms
 123: 0.048776ms
 124: 0.048688ms
 125: 0.048454ms
 126: 0.048844ms
 127: 0.047235ms
 128: 0.048688ms
 129: 0.048438ms
 130: 0.048728ms
 131: 0.048878ms
 132: 0.048862ms
 133: 0.050145ms
 134: 0.049897ms
 135: 0.049524ms
 136: 0.049509ms
 137: 0.049931ms
 138: 0.052461ms
 139: 0.051784ms
 140: 0.052009ms
 141: 0.051715ms
 142: 0.051581ms
 143: 0.050285ms
 144: 0.051111ms
 145: 0.051094ms
 146: 0.052119ms
 147: 0.052917ms
 148: 0.052654ms
 149: 0.052767ms
 150: 0.052923ms
 151: 0.052945ms
 152: 0.053056ms
 153: 0.053221ms
 154: 0.053614ms
 155: 0.055141ms
 156: 0.054411ms
 157: 0.055113ms
 158: 0.053975ms
 159: 0.053808ms
 160: 0.054624ms
 161: 0.055195ms
 162: 0.055464ms
 163: 0.055648ms
 164: 0.056110ms
 165: 0.055881ms
 166: 0.056701ms
 167: 0.071576ms
 168: 0.092098ms
 169: 0.088638ms
 170: 0.097466ms
 171: 0.091730ms
 172: 0.102246ms
 173: 0.072304ms
 174: 0.074991ms
 175: 0.057393ms
 176: 0.102904ms
 177: 0.074166ms
 178: 0.092027ms
 179: 0.067418ms
 180: 0.102093ms
 181: 0.069388ms
 182: 0.070749ms
 183: 0.072084ms
 184: 0.103223ms
 185: 0.090372ms
 186: 0.063755ms
 187: 0.097918ms
 188: 0.058666ms
 189: 0.090302ms
 190: 0.073436ms
 191: 0.093645ms
 192: 0.067700ms
 193: 0.065887ms
 194: 0.107397ms
 195: 0.067328ms
 196: 0.095544ms
 197: 0.090202ms
 198: 0.150086ms
 199: 0.057311ms


Measurements
--------------------------
FFT Size            : 18^3
Threads             : 38
Batch               : 1
Iterations          : 200
Avg Tot Runtime     : 0.053235 ms
Runtime per batch   : 0.053235 ms
SD                  : 0.016059 ms
Q1                  : 0.045150 ms
Median              : 0.046933 ms
Q3                  : 0.052767 ms
