Expm 2: Streaming FFTW
FFTW Plan: Patient
-- Cannot import wisdom from ../../wisdom/singlenode/all/440/fftw_440_t38_b1.patient
-- Exporting wisdom file to ../../wisdom/singlenode/all/440/fftw_440_t38_b1.patient
Iteration: 0, 1, 2, 3, 4, 5, 6, 7, 8, 9, 10, 11, 12, 13, 14, 15, 16, 17, 18, 19, 20, 21, 22, 23, 24, 25, 26, 27, 28, 29, 30, 31, 32, 33, 34, 35, 36, 37, 38, 39, 40, 41, 42, 43, 44, 45, 46, 47, 48, 49, 
Printing individual runtimes:
 0: 43.016236ms
 1: 43.663260ms
 2: 43.624638ms
 3: 43.273714ms
 4: 44.517530ms
 5: 43.499485ms
 6: 43.569727ms
 7: 43.651914ms
 8: 43.757214ms
 9: 44.430753ms
 10: 44.560755ms
 11: 64.114569ms
 12: 68.358331ms
 13: 45.702548ms
 14: 52.644715ms
 15: 45.355114ms
 16: 43.144017ms
 17: 43.145113ms
 18: 72.702976ms
 19: 53.773623ms
 20: 43.923502ms
 21: 71.892948ms
 22: 52.480378ms
 23: 43.519909ms
 24: 72.447861ms
 25: 52.574863ms
 26: 67.486406ms
 27: 51.268332ms
 28: 57.106388ms
 29: 51.282855ms
 30: 51.179622ms
 31: 50.726506ms
 32: 52.179356ms
 33: 41.280595ms
 34: 47.503556ms
 35: 41.614697ms
 36: 41.759286ms
 37: 68.473300ms
 38: 39.623694ms
 39: 40.515481ms
 40: 42.622461ms
 41: 39.906842ms
 42: 57.175105ms
 43: 51.381725ms
 44: 40.307206ms
 45: 72.947673ms
 46: 69.314960ms
 47: 41.077709ms
 48: 42.514037ms
 49: 70.944106ms


Measurements
--------------------------
FFT Size            : 440^3
Threads             : 38
Batch               : 1
Iterations          : 50
Avg Tot Runtime     : 50.750752 ms
Runtime per batch   : 50.750752 ms
SD                  : 10.569007 ms
Throughput          : 2.343753 GFLOPs
Plan Time           : 471.719505 sec
