Expm 2: Streaming FFT

Printing individual runtimes:
 0: 0.211558ms
 1: 0.091971ms
 2: 0.100066ms
 3: 0.320699ms
 4: 0.107432ms
 5: 0.928838ms
 6: 0.117934ms
 7: 0.278762ms
 8: 0.079307ms
 9: 0.109691ms
 10: 0.075591ms
 11: 0.091986ms
 12: 0.248415ms
 13: 0.100032ms
 14: 0.106125ms
 15: 0.101054ms
 16: 0.095979ms
 17: 0.302011ms
 18: 0.086013ms
 19: 0.070636ms
 20: 0.089708ms
 21: 0.100084ms
 22: 0.097472ms
 23: 0.081722ms
 24: 0.097572ms
 25: 0.103629ms
 26: 0.275488ms
 27: 0.083587ms
 28: 0.103144ms
 29: 0.097527ms
 30: 0.102899ms
 31: 0.101129ms
 32: 0.112319ms
 33: 0.103703ms
 34: 0.099560ms
 35: 0.097946ms
 36: 0.074075ms
 37: 0.086581ms
 38: 0.097673ms
 39: 0.100860ms
 40: 0.088647ms
 41: 0.096390ms
 42: 0.096677ms
 43: 0.087950ms
 44: 0.351235ms
 45: 0.107101ms
 46: 0.100219ms
 47: 0.073737ms
 48: 0.089864ms
 49: 0.104491ms
 50: 0.093967ms
 51: 0.098845ms
 52: 0.088944ms
 53: 0.104125ms
 54: 0.098709ms
 55: 0.096255ms
 56: 0.292288ms
 57: 0.081548ms
 58: 0.074256ms
 59: 0.092395ms
 60: 0.097096ms
 61: 0.098750ms
 62: 0.101424ms
 63: 0.096554ms
 64: 0.101608ms
 65: 0.097258ms
 66: 0.098727ms
 67: 0.098951ms
 68: 0.084848ms
 69: 0.080132ms
 70: 0.097275ms
 71: 0.102750ms
 72: 0.098920ms
 73: 0.099087ms
 74: 0.125952ms
 75: 0.077960ms
 76: 0.095711ms
 77: 0.098939ms
 78: 0.081974ms
 79: 0.091116ms
 80: 0.088492ms
 81: 0.087201ms
 82: 0.104784ms
 83: 0.099126ms
 84: 0.074602ms
 85: 0.075862ms
 86: 0.095327ms
 87: 0.333912ms
 88: 0.083356ms
 89: 0.099053ms
 90: 0.094752ms
 91: 0.087920ms
 92: 0.098855ms
 93: 0.098323ms
 94: 0.080563ms
 95: 0.079828ms
 96: 0.097185ms
 97: 0.099824ms
 98: 0.089598ms
 99: 0.081830ms
 100: 0.107729ms
 101: 0.098180ms
 102: 0.095318ms
 103: 0.097466ms
 104: 0.105425ms
 105: 0.105158ms
 106: 0.098911ms
 107: 0.097321ms
 108: 0.282852ms
 109: 0.089539ms
 110: 0.102556ms
 111: 0.086786ms
 112: 0.071304ms
 113: 0.098504ms
 114: 0.078446ms
 115: 0.101586ms
 116: 0.097162ms
 117: 0.097717ms
 118: 0.097886ms
 119: 0.069847ms
 120: 0.104771ms
 121: 0.085740ms
 122: 0.082910ms
 123: 0.080497ms
 124: 0.077070ms
 125: 0.099511ms
 126: 0.104622ms
 127: 0.092161ms
 128: 0.093581ms
 129: 0.088884ms
 130: 0.099710ms
 131: 0.093533ms
 132: 0.076858ms
 133: 0.095021ms
 134: 0.080615ms
 135: 0.088654ms
 136: 0.087925ms
 137: 0.082411ms
 138: 0.075566ms
 139: 0.087057ms
 140: 0.097802ms
 141: 0.069672ms
 142: 0.082987ms
 143: 0.108470ms
 144: 0.093777ms
 145: 0.071836ms
 146: 0.099801ms
 147: 0.102771ms
 148: 0.098381ms
 149: 0.103765ms
 150: 0.271717ms
 151: 0.102912ms
 152: 0.097889ms
 153: 0.084230ms
 154: 0.098661ms
 155: 0.098959ms
 156: 0.099130ms
 157: 0.109811ms
 158: 0.085536ms
 159: 0.088284ms
 160: 0.080613ms
 161: 0.107098ms
 162: 0.084113ms
 163: 0.103292ms
 164: 0.083570ms
 165: 0.096767ms
 166: 0.113469ms
 167: 0.094341ms
 168: 0.097289ms
 169: 0.097553ms
 170: 0.103214ms
 171: 0.088521ms
 172: 0.096263ms
 173: 0.106038ms
 174: 0.096618ms
 175: 0.105646ms
 176: 0.097456ms
 177: 0.083788ms
 178: 0.102847ms
 179: 0.079972ms
 180: 0.081210ms
 181: 0.083503ms
 182: 0.094904ms
 183: 0.102771ms
 184: 0.086689ms
 185: 0.106536ms
 186: 0.103821ms
 187: 0.075444ms
 188: 0.102985ms
 189: 0.082516ms
 190: 0.080863ms
 191: 0.071701ms
 192: 0.101492ms
 193: 0.079241ms
 194: 0.085805ms
 195: 0.099608ms
 196: 0.098252ms
 197: 0.097719ms
 198: 0.081658ms
 199: 0.094024ms


-- Real : Q1: 50 Q2: 100 Q3: 150
-- Array: Q1: 49 Q2: 99 Q3: 149
Printing sorted runtimes:
 0: 0.082987ms
 1: 0.081974ms
 2: 0.081658ms
 3: 0.071304ms
 4: 0.079241ms
 5: 0.071701ms
 6: 0.080863ms
 7: 0.082516ms
 8: 0.079307ms
 9: 0.075444ms
 10: 0.075591ms
 11: 0.078446ms
 12: 0.081830ms
 13: 0.074256ms
 14: 0.081210ms
 15: 0.079972ms
 16: 0.081548ms
 17: 0.069847ms
 18: 0.082910ms
 19: 0.070636ms
 20: 0.077960ms
 21: 0.080497ms
 22: 0.079828ms
 23: 0.081722ms
 24: 0.080613ms
 25: 0.077070ms
 26: 0.080563ms
 27: 0.080132ms
 28: 0.073737ms
 29: 0.071836ms
 30: 0.075862ms
 31: 0.076858ms
 32: 0.069672ms
 33: 0.080615ms
 34: 0.075566ms
 35: 0.082411ms
 36: 0.074075ms
 37: 0.074602ms
 38: 0.085536ms
 39: 0.084848ms
 40: 0.083503ms
 41: 0.083788ms
 42: 0.083587ms
 43: 0.084230ms
 44: 0.083570ms
 45: 0.083356ms
 46: 0.084113ms
 47: 0.085805ms
 48: 0.085740ms
 49: 0.086013ms
 50: 0.086581ms
 51: 0.096390ms
 52: 0.087920ms
 53: 0.087201ms
 54: 0.087950ms
 55: 0.088654ms
 56: 0.088521ms
 57: 0.087057ms
 58: 0.088647ms
 59: 0.086689ms
 60: 0.088492ms
 61: 0.087925ms
 62: 0.086786ms
 63: 0.089539ms
 64: 0.092395ms
 65: 0.089598ms
 66: 0.088944ms
 67: 0.093967ms
 68: 0.092161ms
 69: 0.089864ms
 70: 0.093581ms
 71: 0.088884ms
 72: 0.093533ms
 73: 0.094024ms
 74: 0.093777ms
 75: 0.089708ms
 76: 0.091986ms
 77: 0.091116ms
 78: 0.091971ms
 79: 0.095021ms
 80: 0.095711ms
 81: 0.088284ms
 82: 0.096255ms
 83: 0.094341ms
 84: 0.095318ms
 85: 0.096263ms
 86: 0.095327ms
 87: 0.094904ms
 88: 0.095979ms
 89: 0.094752ms
 90: 0.097289ms
 91: 0.097275ms
 92: 0.096677ms
 93: 0.097162ms
 94: 0.097096ms
 95: 0.096554ms
 96: 0.097185ms
 97: 0.096767ms
 98: 0.097258ms
 99: 0.096618ms
 100: 0.097321ms
 101: 0.100219ms
 102: 0.097472ms
 103: 0.097466ms
 104: 0.097527ms
 105: 0.097553ms
 106: 0.098750ms
 107: 0.097802ms
 108: 0.098381ms
 109: 0.098180ms
 110: 0.097946ms
 111: 0.098727ms
 112: 0.097889ms
 113: 0.098504ms
 114: 0.097673ms
 115: 0.097572ms
 116: 0.098323ms
 117: 0.097717ms
 118: 0.097886ms
 119: 0.097719ms
 120: 0.098661ms
 121: 0.098252ms
 122: 0.098709ms
 123: 0.098959ms
 124: 0.098845ms
 125: 0.099130ms
 126: 0.099053ms
 127: 0.099126ms
 128: 0.098911ms
 129: 0.099087ms
 130: 0.098920ms
 131: 0.098951ms
 132: 0.098855ms
 133: 0.098939ms
 134: 0.099511ms
 135: 0.100032ms
 136: 0.097456ms
 137: 0.099710ms
 138: 0.099560ms
 139: 0.099824ms
 140: 0.099608ms
 141: 0.100084ms
 142: 0.100066ms
 143: 0.099801ms
 144: 0.101586ms
 145: 0.101424ms
 146: 0.101492ms
 147: 0.101129ms
 148: 0.100860ms
 149: 0.101054ms
 150: 0.101608ms
 151: 0.102556ms
 152: 0.102771ms
 153: 0.102750ms
 154: 0.102771ms
 155: 0.102899ms
 156: 0.102847ms
 157: 0.102912ms
 158: 0.102985ms
 159: 0.103629ms
 160: 0.104784ms
 161: 0.107098ms
 162: 0.109811ms
 163: 0.103292ms
 164: 0.112319ms
 165: 0.109691ms
 166: 0.104771ms
 167: 0.107101ms
 168: 0.105158ms
 169: 0.105425ms
 170: 0.103214ms
 171: 0.107432ms
 172: 0.107729ms
 173: 0.106038ms
 174: 0.104125ms
 175: 0.105646ms
 176: 0.103703ms
 177: 0.103144ms
 178: 0.104622ms
 179: 0.103765ms
 180: 0.106125ms
 181: 0.104491ms
 182: 0.108470ms
 183: 0.113469ms
 184: 0.103821ms
 185: 0.106536ms
 186: 0.117934ms
 187: 0.125952ms
 188: 0.211558ms
 189: 0.278762ms
 190: 0.248415ms
 191: 0.928838ms
 192: 0.333912ms
 193: 0.302011ms
 194: 0.320699ms
 195: 0.282852ms
 196: 0.275488ms
 197: 0.292288ms
 198: 0.271717ms
 199: 0.351235ms


Measurements
--------------------------
FFT Size            : 54^3
Threads             : 32
Batch               : 1
Iterations          : 200
Avg Tot Runtime     : 0.108381 ms
Runtime per batch   : 0.108381 ms
SD                  : 0.074346 ms
Q1                  : 0.086013 ms
Median              : 0.096970 ms
Q3                  : 0.101054 ms
