Expm 2: Streaming FFT

Printing individual runtimes:
 0: 0.154140ms
 1: 0.029059ms
 2: 0.025827ms
 3: 0.093206ms
 4: 0.035774ms
 5: 0.034918ms
 6: 0.027417ms
 7: 0.036773ms
 8: 0.027789ms
 9: 0.027061ms
 10: 0.098746ms
 11: 0.029171ms
 12: 0.029024ms
 13: 0.029483ms
 14: 0.027706ms
 15: 0.026765ms
 16: 0.028838ms
 17: 0.102812ms
 18: 0.027844ms
 19: 0.036107ms
 20: 0.094030ms
 21: 0.028164ms
 22: 0.028710ms
 23: 0.029609ms
 24: 0.036021ms
 25: 0.036095ms
 26: 0.028621ms
 27: 0.027516ms
 28: 0.036711ms
 29: 0.028133ms
 30: 0.029041ms
 31: 0.034838ms
 32: 0.039085ms
 33: 0.027940ms
 34: 0.034784ms
 35: 0.032328ms
 36: 0.028248ms
 37: 0.028070ms
 38: 0.026273ms
 39: 0.028774ms
 40: 0.026520ms
 41: 0.027266ms
 42: 0.027484ms
 43: 0.030049ms
 44: 0.029862ms
 45: 0.028155ms
 46: 0.028927ms
 47: 0.026897ms
 48: 0.093095ms
 49: 0.028621ms
 50: 0.027648ms
 51: 0.033627ms
 52: 0.027383ms
 53: 0.027632ms
 54: 0.026891ms
 55: 0.038364ms
 56: 0.027938ms
 57: 0.027608ms
 58: 0.027023ms
 59: 0.027727ms
 60: 0.027948ms
 61: 0.027257ms
 62: 0.030340ms
 63: 0.054982ms
 64: 0.026720ms
 65: 0.029930ms
 66: 0.029030ms
 67: 0.028417ms
 68: 0.026067ms
 69: 0.035906ms
 70: 0.032363ms
 71: 0.027334ms
 72: 0.037196ms
 73: 0.038290ms
 74: 0.037994ms
 75: 0.110939ms
 76: 0.034620ms
 77: 0.026515ms
 78: 0.030481ms
 79: 0.035202ms
 80: 0.029284ms
 81: 0.029577ms
 82: 0.027152ms
 83: 0.032293ms
 84: 0.034288ms
 85: 0.029557ms
 86: 0.040532ms
 87: 0.039595ms
 88: 0.037301ms
 89: 0.031015ms
 90: 0.026605ms
 91: 0.046928ms
 92: 0.031310ms
 93: 0.046126ms
 94: 0.104436ms
 95: 0.028748ms
 96: 0.029544ms
 97: 0.038764ms
 98: 0.027103ms
 99: 0.028349ms
 100: 0.027573ms
 101: 0.028818ms
 102: 0.027610ms
 103: 0.027274ms
 104: 0.029204ms
 105: 0.028565ms
 106: 0.044947ms
 107: 0.027569ms
 108: 0.028243ms
 109: 0.028434ms
 110: 0.037574ms
 111: 0.027114ms
 112: 0.037150ms
 113: 0.048595ms
 114: 0.038550ms
 115: 0.026434ms
 116: 0.036036ms
 117: 0.029475ms
 118: 0.026452ms
 119: 0.030047ms
 120: 0.026947ms
 121: 0.028846ms
 122: 0.027550ms
 123: 0.026710ms
 124: 0.035872ms
 125: 0.027178ms
 126: 0.028803ms
 127: 0.042800ms
 128: 0.027053ms
 129: 0.037013ms
 130: 0.037440ms
 131: 0.028707ms
 132: 0.035635ms
 133: 0.028753ms
 134: 0.035018ms
 135: 0.027805ms
 136: 0.027952ms
 137: 0.027030ms
 138: 0.034422ms
 139: 0.028181ms
 140: 0.027220ms
 141: 0.026814ms
 142: 0.026854ms
 143: 0.035673ms
 144: 0.036567ms
 145: 0.028097ms
 146: 0.028822ms
 147: 0.037186ms
 148: 0.028001ms
 149: 0.037328ms
 150: 0.028777ms
 151: 0.036385ms
 152: 0.027836ms
 153: 0.047417ms
 154: 0.036508ms
 155: 0.038464ms
 156: 0.027505ms
 157: 0.026273ms
 158: 0.027903ms
 159: 0.038061ms
 160: 0.028731ms
 161: 0.030700ms
 162: 0.025726ms
 163: 0.029369ms
 164: 0.086160ms
 165: 0.029607ms
 166: 0.028717ms
 167: 0.043920ms
 168: 0.032405ms
 169: 0.027302ms
 170: 0.037829ms
 171: 0.027589ms
 172: 0.027474ms
 173: 0.027526ms
 174: 0.028305ms
 175: 0.037302ms
 176: 0.030874ms
 177: 0.027050ms
 178: 0.027810ms
 179: 0.030252ms
 180: 0.027866ms
 181: 0.027825ms
 182: 0.034256ms
 183: 0.030331ms
 184: 0.028808ms
 185: 0.034499ms
 186: 0.029067ms
 187: 0.038682ms
 188: 0.027696ms
 189: 0.027937ms
 190: 0.026228ms
 191: 0.028245ms
 192: 0.030441ms
 193: 0.028547ms
 194: 0.026483ms
 195: 0.030847ms
 196: 0.026195ms
 197: 0.026999ms
 198: 0.036577ms
 199: 0.031158ms


-- Real : Q1: 50 Q2: 100 Q3: 150
-- Array: Q1: 49 Q2: 99 Q3: 149
Printing sorted runtimes:
 0: 0.027383ms
 1: 0.026999ms
 2: 0.025827ms
 3: 0.026195ms
 4: 0.026483ms
 5: 0.027274ms
 6: 0.027103ms
 7: 0.027114ms
 8: 0.026434ms
 9: 0.027061ms
 10: 0.026228ms
 11: 0.026452ms
 12: 0.026605ms
 13: 0.026947ms
 14: 0.026710ms
 15: 0.026765ms
 16: 0.027178ms
 17: 0.027053ms
 18: 0.027152ms
 19: 0.026515ms
 20: 0.027030ms
 21: 0.027220ms
 22: 0.026814ms
 23: 0.026854ms
 24: 0.027050ms
 25: 0.027334ms
 26: 0.026067ms
 27: 0.026720ms
 28: 0.027257ms
 29: 0.027023ms
 30: 0.026891ms
 31: 0.026273ms
 32: 0.026897ms
 33: 0.025726ms
 34: 0.027302ms
 35: 0.027266ms
 36: 0.026520ms
 37: 0.026273ms
 38: 0.027573ms
 39: 0.027550ms
 40: 0.027417ms
 41: 0.027516ms
 42: 0.027484ms
 43: 0.027526ms
 44: 0.027474ms
 45: 0.027569ms
 46: 0.027505ms
 47: 0.027610ms
 48: 0.027589ms
 49: 0.027608ms
 50: 0.027632ms
 51: 0.027844ms
 52: 0.027696ms
 53: 0.027706ms
 54: 0.027648ms
 55: 0.027805ms
 56: 0.027825ms
 57: 0.027810ms
 58: 0.027789ms
 59: 0.027727ms
 60: 0.027836ms
 61: 0.028707ms
 62: 0.027948ms
 63: 0.028243ms
 64: 0.028547ms
 65: 0.028001ms
 66: 0.028434ms
 67: 0.028417ms
 68: 0.028245ms
 69: 0.028133ms
 70: 0.028097ms
 71: 0.028305ms
 72: 0.028155ms
 73: 0.027937ms
 74: 0.028164ms
 75: 0.028181ms
 76: 0.027866ms
 77: 0.027938ms
 78: 0.027952ms
 79: 0.027903ms
 80: 0.028248ms
 81: 0.028070ms
 82: 0.028349ms
 83: 0.028565ms
 84: 0.028621ms
 85: 0.028621ms
 86: 0.027940ms
 87: 0.028808ms
 88: 0.028803ms
 89: 0.028753ms
 90: 0.028774ms
 91: 0.028710ms
 92: 0.028731ms
 93: 0.028777ms
 94: 0.028717ms
 95: 0.028748ms
 96: 0.028822ms
 97: 0.028818ms
 98: 0.028838ms
 99: 0.028846ms
 100: 0.028927ms
 101: 0.031158ms
 102: 0.029041ms
 103: 0.029030ms
 104: 0.029024ms
 105: 0.029204ms
 106: 0.029171ms
 107: 0.029483ms
 108: 0.029544ms
 109: 0.029067ms
 110: 0.029369ms
 111: 0.029284ms
 112: 0.029557ms
 113: 0.029475ms
 114: 0.029059ms
 115: 0.030847ms
 116: 0.030441ms
 117: 0.030331ms
 118: 0.030252ms
 119: 0.030047ms
 120: 0.031015ms
 121: 0.029609ms
 122: 0.030874ms
 123: 0.029607ms
 124: 0.030049ms
 125: 0.030700ms
 126: 0.029862ms
 127: 0.030340ms
 128: 0.029930ms
 129: 0.030481ms
 130: 0.029577ms
 131: 0.035635ms
 132: 0.034918ms
 133: 0.034838ms
 134: 0.035018ms
 135: 0.035202ms
 136: 0.034784ms
 137: 0.034620ms
 138: 0.034422ms
 139: 0.032405ms
 140: 0.034256ms
 141: 0.032328ms
 142: 0.034499ms
 143: 0.031310ms
 144: 0.033627ms
 145: 0.032363ms
 146: 0.032293ms
 147: 0.034288ms
 148: 0.035774ms
 149: 0.035673ms
 150: 0.035872ms
 151: 0.035906ms
 152: 0.036021ms
 153: 0.036385ms
 154: 0.036508ms
 155: 0.038464ms
 156: 0.038364ms
 157: 0.037328ms
 158: 0.036036ms
 159: 0.038061ms
 160: 0.037186ms
 161: 0.037150ms
 162: 0.036567ms
 163: 0.037574ms
 164: 0.036773ms
 165: 0.037196ms
 166: 0.038290ms
 167: 0.037994ms
 168: 0.036577ms
 169: 0.037013ms
 170: 0.037829ms
 171: 0.036107ms
 172: 0.037440ms
 173: 0.036711ms
 174: 0.036095ms
 175: 0.037302ms
 176: 0.037301ms
 177: 0.038550ms
 178: 0.039595ms
 179: 0.046928ms
 180: 0.094030ms
 181: 0.039085ms
 182: 0.043920ms
 183: 0.048595ms
 184: 0.102812ms
 185: 0.040532ms
 186: 0.104436ms
 187: 0.038682ms
 188: 0.038764ms
 189: 0.044947ms
 190: 0.098746ms
 191: 0.086160ms
 192: 0.093095ms
 193: 0.047417ms
 194: 0.042800ms
 195: 0.054982ms
 196: 0.093206ms
 197: 0.154140ms
 198: 0.110939ms
 199: 0.046126ms


Measurements
--------------------------
FFT Size            : 27^3
Threads             : 26
Batch               : 1
Iterations          : 200
Avg Tot Runtime     : 0.034413 ms
Runtime per batch   : 0.034413 ms
SD                  : 0.016452 ms
Q1                  : 0.027608 ms
Median              : 0.028886 ms
Q3                  : 0.035673 ms
