Expm 2: Streaming FFT

Printing individual runtimes:
 0: 0.143845ms
 1: 0.028013ms
 2: 0.032208ms
 3: 0.108349ms
 4: 0.028815ms
 5: 0.028935ms
 6: 0.027817ms
 7: 0.028487ms
 8: 0.028924ms
 9: 0.027654ms
 10: 0.099639ms
 11: 0.029107ms
 12: 0.028303ms
 13: 0.034347ms
 14: 0.029597ms
 15: 0.035776ms
 16: 0.027230ms
 17: 0.038826ms
 18: 0.111536ms
 19: 0.038861ms
 20: 0.028428ms
 21: 0.037079ms
 22: 0.026834ms
 23: 0.027928ms
 24: 0.025570ms
 25: 0.036144ms
 26: 0.030284ms
 27: 0.026526ms
 28: 0.029697ms
 29: 0.028200ms
 30: 0.032624ms
 31: 0.027660ms
 32: 0.028069ms
 33: 0.031681ms
 34: 0.102043ms
 35: 0.037660ms
 36: 0.028132ms
 37: 0.029530ms
 38: 0.035955ms
 39: 0.026993ms
 40: 0.102436ms
 41: 0.027471ms
 42: 0.028783ms
 43: 0.027986ms
 44: 0.027458ms
 45: 0.026749ms
 46: 0.030487ms
 47: 0.027569ms
 48: 0.037152ms
 49: 0.029533ms
 50: 0.027486ms
 51: 0.027347ms
 52: 0.030769ms
 53: 0.037892ms
 54: 0.028940ms
 55: 0.038181ms
 56: 0.026801ms
 57: 0.036929ms
 58: 0.029969ms
 59: 0.032901ms
 60: 0.027712ms
 61: 0.045176ms
 62: 0.029585ms
 63: 0.028810ms
 64: 0.027816ms
 65: 0.028601ms
 66: 0.036357ms
 67: 0.029018ms
 68: 0.101127ms
 69: 0.038071ms
 70: 0.033517ms
 71: 0.028079ms
 72: 0.035106ms
 73: 0.059930ms
 74: 0.028057ms
 75: 0.026802ms
 76: 0.099139ms
 77: 0.029756ms
 78: 0.030687ms
 79: 0.026861ms
 80: 0.027214ms
 81: 0.034526ms
 82: 0.037845ms
 83: 0.026244ms
 84: 0.028464ms
 85: 0.030165ms
 86: 0.026590ms
 87: 0.026497ms
 88: 0.027636ms
 89: 0.033289ms
 90: 0.027981ms
 91: 0.027652ms
 92: 0.036069ms
 93: 0.036357ms
 94: 0.027475ms
 95: 0.029773ms
 96: 0.028128ms
 97: 0.029256ms
 98: 0.027897ms
 99: 0.030462ms
 100: 0.031877ms
 101: 0.037301ms
 102: 0.041086ms
 103: 0.037435ms
 104: 0.085102ms
 105: 0.029277ms
 106: 0.025931ms
 107: 0.026662ms
 108: 0.030600ms
 109: 0.027469ms
 110: 0.027566ms
 111: 0.030421ms
 112: 0.027880ms
 113: 0.028547ms
 114: 0.028300ms
 115: 0.036218ms
 116: 0.050459ms
 117: 0.029424ms
 118: 0.028785ms
 119: 0.029846ms
 120: 0.026966ms
 121: 0.029398ms
 122: 0.030172ms
 123: 0.027547ms
 124: 0.030293ms
 125: 0.035768ms
 126: 0.028343ms
 127: 0.030314ms
 128: 0.028259ms
 129: 0.039039ms
 130: 0.028090ms
 131: 0.029761ms
 132: 0.027164ms
 133: 0.030209ms
 134: 0.029421ms
 135: 0.039575ms
 136: 0.028604ms
 137: 0.036352ms
 138: 0.028653ms
 139: 0.030559ms
 140: 0.028495ms
 141: 0.034081ms
 142: 0.037624ms
 143: 0.038164ms
 144: 0.027711ms
 145: 0.032166ms
 146: 0.025879ms
 147: 0.029927ms
 148: 0.037608ms
 149: 0.026745ms
 150: 0.037579ms
 151: 0.036747ms
 152: 0.028694ms
 153: 0.027384ms
 154: 0.028419ms
 155: 0.028323ms
 156: 0.027997ms
 157: 0.037841ms
 158: 0.093820ms
 159: 0.028461ms
 160: 0.040746ms
 161: 0.038854ms
 162: 0.027579ms
 163: 0.041867ms
 164: 0.039290ms
 165: 0.031666ms
 166: 0.028524ms
 167: 0.029138ms
 168: 0.027937ms
 169: 0.027556ms
 170: 0.042317ms
 171: 0.025972ms
 172: 0.027507ms
 173: 0.041890ms
 174: 0.038103ms
 175: 0.029421ms
 176: 0.036633ms
 177: 0.043866ms
 178: 0.030209ms
 179: 0.028079ms
 180: 0.030450ms
 181: 0.029104ms
 182: 0.029348ms
 183: 0.031667ms
 184: 0.030230ms
 185: 0.027633ms
 186: 0.034721ms
 187: 0.027515ms
 188: 0.027808ms
 189: 0.038517ms
 190: 0.026680ms
 191: 0.028216ms
 192: 0.027658ms
 193: 0.039051ms
 194: 0.028126ms
 195: 0.027656ms
 196: 0.039524ms
 197: 0.033690ms
 198: 0.036679ms
 199: 0.026951ms


-- Real : Q1: 50 Q2: 100 Q3: 150
-- Array: Q1: 49 Q2: 99 Q3: 149
Printing sorted runtimes:
 0: 0.026951ms
 1: 0.026801ms
 2: 0.026802ms
 3: 0.026861ms
 4: 0.026680ms
 5: 0.026244ms
 6: 0.026749ms
 7: 0.026590ms
 8: 0.026497ms
 9: 0.025931ms
 10: 0.026662ms
 11: 0.025972ms
 12: 0.026526ms
 13: 0.025570ms
 14: 0.026834ms
 15: 0.025879ms
 16: 0.026745ms
 17: 0.027652ms
 18: 0.027230ms
 19: 0.027347ms
 20: 0.027486ms
 21: 0.027164ms
 22: 0.027579ms
 23: 0.027214ms
 24: 0.027569ms
 25: 0.027547ms
 26: 0.026966ms
 27: 0.027556ms
 28: 0.027458ms
 29: 0.027566ms
 30: 0.027469ms
 31: 0.027515ms
 32: 0.027507ms
 33: 0.027471ms
 34: 0.027633ms
 35: 0.027475ms
 36: 0.027384ms
 37: 0.026993ms
 38: 0.027636ms
 39: 0.027817ms
 40: 0.027656ms
 41: 0.027654ms
 42: 0.027660ms
 43: 0.027712ms
 44: 0.027711ms
 45: 0.027658ms
 46: 0.027808ms
 47: 0.027816ms
 48: 0.027897ms
 49: 0.027880ms
 50: 0.027928ms
 51: 0.028428ms
 52: 0.027997ms
 53: 0.027981ms
 54: 0.027986ms
 55: 0.028013ms
 56: 0.028419ms
 57: 0.028323ms
 58: 0.028090ms
 59: 0.028259ms
 60: 0.028343ms
 61: 0.028126ms
 62: 0.027937ms
 63: 0.028300ms
 64: 0.028216ms
 65: 0.028200ms
 66: 0.028069ms
 67: 0.028303ms
 68: 0.028128ms
 69: 0.028079ms
 70: 0.028132ms
 71: 0.028079ms
 72: 0.028057ms
 73: 0.028785ms
 74: 0.028601ms
 75: 0.028461ms
 76: 0.028604ms
 77: 0.028547ms
 78: 0.028694ms
 79: 0.028524ms
 80: 0.028487ms
 81: 0.028495ms
 82: 0.028653ms
 83: 0.028783ms
 84: 0.028464ms
 85: 0.029277ms
 86: 0.029138ms
 87: 0.029018ms
 88: 0.029104ms
 89: 0.028924ms
 90: 0.029107ms
 91: 0.028810ms
 92: 0.028815ms
 93: 0.028940ms
 94: 0.029256ms
 95: 0.028935ms
 96: 0.029398ms
 97: 0.029348ms
 98: 0.029421ms
 99: 0.029421ms
 100: 0.029424ms
 101: 0.032166ms
 102: 0.029585ms
 103: 0.029533ms
 104: 0.029597ms
 105: 0.029773ms
 106: 0.029756ms
 107: 0.029927ms
 108: 0.029697ms
 109: 0.029846ms
 110: 0.029761ms
 111: 0.030421ms
 112: 0.030600ms
 113: 0.031681ms
 114: 0.031877ms
 115: 0.030462ms
 116: 0.031666ms
 117: 0.030209ms
 118: 0.030450ms
 119: 0.030559ms
 120: 0.030284ms
 121: 0.030165ms
 122: 0.030172ms
 123: 0.030487ms
 124: 0.030293ms
 125: 0.031667ms
 126: 0.030230ms
 127: 0.030314ms
 128: 0.030687ms
 129: 0.030769ms
 130: 0.029969ms
 131: 0.029530ms
 132: 0.030209ms
 133: 0.036144ms
 134: 0.032901ms
 135: 0.033690ms
 136: 0.032624ms
 137: 0.034347ms
 138: 0.033517ms
 139: 0.033289ms
 140: 0.034526ms
 141: 0.034081ms
 142: 0.034721ms
 143: 0.035106ms
 144: 0.035768ms
 145: 0.032208ms
 146: 0.035776ms
 147: 0.036069ms
 148: 0.035955ms
 149: 0.036218ms
 150: 0.036352ms
 151: 0.036357ms
 152: 0.036357ms
 153: 0.036633ms
 154: 0.036747ms
 155: 0.036679ms
 156: 0.036929ms
 157: 0.037079ms
 158: 0.037301ms
 159: 0.037435ms
 160: 0.037152ms
 161: 0.037579ms
 162: 0.038854ms
 163: 0.041867ms
 164: 0.039290ms
 165: 0.050459ms
 166: 0.040746ms
 167: 0.085102ms
 168: 0.039039ms
 169: 0.041086ms
 170: 0.042317ms
 171: 0.093820ms
 172: 0.099639ms
 173: 0.041890ms
 174: 0.038103ms
 175: 0.102043ms
 176: 0.037841ms
 177: 0.043866ms
 178: 0.037660ms
 179: 0.039575ms
 180: 0.038826ms
 181: 0.111536ms
 182: 0.102436ms
 183: 0.037845ms
 184: 0.037608ms
 185: 0.099139ms
 186: 0.059930ms
 187: 0.038071ms
 188: 0.101127ms
 189: 0.038517ms
 190: 0.037624ms
 191: 0.037892ms
 192: 0.108349ms
 193: 0.039051ms
 194: 0.045176ms
 195: 0.038861ms
 196: 0.039524ms
 197: 0.038181ms
 198: 0.038164ms
 199: 0.143845ms


Measurements
--------------------------
FFT Size            : 27^3
Threads             : 22
Batch               : 1
Iterations          : 200
Avg Tot Runtime     : 0.035013 ms
Runtime per batch   : 0.035013 ms
SD                  : 0.017063 ms
Q1                  : 0.027880 ms
Median              : 0.029423 ms
Q3                  : 0.036218 ms
