Expm 2: Streaming FFTW
FFTW Plan: Patient
-- Cannot import wisdom from ../../wisdom/singlenode/all/73/fftw_73_t38_b1.patient
-- Exporting wisdom file to ../../wisdom/singlenode/all/73/fftw_73_t38_b1.patient
Iteration: 0, 1, 2, 3, 4, 5, 6, 7, 8, 9, 10, 11, 12, 13, 14, 15, 16, 17, 18, 19, 20, 21, 22, 23, 24, 25, 26, 27, 28, 29, 30, 31, 32, 33, 34, 35, 36, 37, 38, 39, 40, 41, 42, 43, 44, 45, 46, 47, 48, 49, 
Printing individual runtimes:
 0: 0.976761ms
 1: 0.991134ms
 2: 0.968918ms
 3: 0.951191ms
 4: 0.986030ms
 5: 0.966472ms
 6: 0.950618ms
 7: 0.984593ms
 8: 0.889726ms
 9: 0.979574ms
 10: 1.009690ms
 11: 0.972715ms
 12: 0.938026ms
 13: 0.961651ms
 14: 0.993893ms
 15: 0.959850ms
 16: 0.954722ms
 17: 1.148030ms
 18: 0.901396ms
 19: 0.956349ms
 20: 0.938148ms
 21: 1.003186ms
 22: 0.985739ms
 23: 0.947622ms
 24: 1.827921ms
 25: 1.586504ms
 26: 1.632120ms
 27: 0.988163ms
 28: 0.986353ms
 29: 0.942118ms
 30: 0.969242ms
 31: 0.946834ms
 32: 0.989458ms
 33: 0.984706ms
 34: 0.910999ms
 35: 0.994584ms
 36: 0.942346ms
 37: 1.027508ms
 38: 2.378269ms
 39: 0.983016ms
 40: 0.929235ms
 41: 0.978304ms
 42: 0.955540ms
 43: 0.994373ms
 44: 0.981732ms
 45: 0.925614ms
 46: 0.988949ms
 47: 0.925479ms
 48: 0.988669ms
 49: 1.007481ms


Measurements
--------------------------
FFT Size            : 73^3
Threads             : 38
Batch               : 1
Iterations          : 50
Avg Tot Runtime     : 1.041631 ms
Runtime per batch   : 1.041631 ms
SD                  : 0.258922 ms
Throughput          : 0.064524 GFLOPs
Plan Time           : 45.847001 sec
