Expm 2: Streaming FFTW
FFTW Plan: Patient
-- Cannot import wisdom from ../../wisdom/singlenode/all/181/fftw_181_t38_b1.patient
-- Exporting wisdom file to ../../wisdom/singlenode/all/181/fftw_181_t38_b1.patient
Iteration: 0, 1, 2, 3, 4, 5, 6, 7, 8, 9, 10, 11, 12, 13, 14, 15, 16, 17, 18, 19, 20, 21, 22, 23, 24, 25, 26, 27, 28, 29, 30, 31, 32, 33, 34, 35, 36, 37, 38, 39, 40, 41, 42, 43, 44, 45, 46, 47, 48, 49, 
Printing individual runtimes:
 0: 15.455704ms
 1: 15.554099ms
 2: 15.612329ms
 3: 15.859334ms
 4: 15.682815ms
 5: 15.546442ms
 6: 15.400409ms
 7: 14.673578ms
 8: 15.277952ms
 9: 15.283969ms
 10: 15.294947ms
 11: 15.349611ms
 12: 15.476790ms
 13: 15.353192ms
 14: 15.299052ms
 15: 21.125034ms
 16: 15.402049ms
 17: 15.381672ms
 18: 15.373300ms
 19: 15.319197ms
 20: 15.415712ms
 21: 15.576154ms
 22: 15.369238ms
 23: 15.353350ms
 24: 15.443441ms
 25: 15.439370ms
 26: 15.531725ms
 27: 15.584276ms
 28: 15.537528ms
 29: 15.721839ms
 30: 15.723107ms
 31: 15.661745ms
 32: 15.629856ms
 33: 15.329327ms
 34: 15.294516ms
 35: 15.447476ms
 36: 15.332665ms
 37: 15.439219ms
 38: 15.410540ms
 39: 15.422710ms
 40: 15.412351ms
 41: 15.520158ms
 42: 15.297594ms
 43: 15.390346ms
 44: 15.397388ms
 45: 15.308316ms
 46: 15.580102ms
 47: 15.364104ms
 48: 15.412582ms
 49: 15.433651ms


Measurements
--------------------------
FFT Size            : 181^3
Threads             : 38
Batch               : 1
Iterations          : 50
Avg Tot Runtime     : 15.550037 ms
Runtime per batch   : 15.550037 ms
SD                  : 0.814387 ms
Throughput          : 1.048286 GFLOPs
Plan Time           : 195.346016 sec
