Expm 2: Streaming FFTW
FFTW Plan: Patient
-- Cannot import wisdom from ../../wisdom/singlenode/all/181/fftw_181_t37_b1.patient
-- Exporting wisdom file to ../../wisdom/singlenode/all/181/fftw_181_t37_b1.patient
Iteration: 0, 1, 2, 3, 4, 5, 6, 7, 8, 9, 10, 11, 12, 13, 14, 15, 16, 17, 18, 19, 20, 21, 22, 23, 24, 25, 26, 27, 28, 29, 30, 31, 32, 33, 34, 35, 36, 37, 38, 39, 40, 41, 42, 43, 44, 45, 46, 47, 48, 49, 
Printing individual runtimes:
 0: 14.760261ms
 1: 14.229350ms
 2: 16.673188ms
 3: 14.259709ms
 4: 16.740741ms
 5: 15.035758ms
 6: 15.360055ms
 7: 16.653402ms
 8: 16.504009ms
 9: 15.340744ms
 10: 33.891078ms
 11: 54.621102ms
 12: 16.257348ms
 13: 16.552272ms
 14: 16.372078ms
 15: 15.403138ms
 16: 16.426313ms
 17: 14.064410ms
 18: 15.188806ms
 19: 16.068302ms
 20: 16.318615ms
 21: 14.966796ms
 22: 16.491821ms
 23: 16.456405ms
 24: 16.489304ms
 25: 15.018653ms
 26: 15.181186ms
 27: 16.413770ms
 28: 14.460476ms
 29: 15.373864ms
 30: 14.484875ms
 31: 39.932905ms
 32: 33.177295ms
 33: 14.174579ms
 34: 15.784235ms
 35: 15.654802ms
 36: 14.514179ms
 37: 14.893676ms
 38: 15.521954ms
 39: 16.135676ms
 40: 14.779863ms
 41: 16.469483ms
 42: 15.147514ms
 43: 14.846981ms
 44: 16.590745ms
 45: 16.572667ms
 46: 16.370588ms
 47: 16.486837ms
 48: 16.608448ms
 49: 14.896192ms


Measurements
--------------------------
FFT Size            : 181^3
Threads             : 37
Batch               : 1
Iterations          : 50
Avg Tot Runtime     : 17.612329 ms
Runtime per batch   : 17.612329 ms
SD                  : 7.195082 ms
Throughput          : 1.048286 GFLOPs
Plan Time           : 175.019369 sec
