Expm 2: Streaming FFTW
FFTW Plan: Patient
-- Cannot import wisdom from ../../wisdom/singlenode/all/223/fftw_223_t39_b1.patient
-- Exporting wisdom file to ../../wisdom/singlenode/all/223/fftw_223_t39_b1.patient
Iteration: 0, 1, 2, 3, 4, 5, 6, 7, 8, 9, 10, 11, 12, 13, 14, 15, 16, 17, 18, 19, 20, 21, 22, 23, 24, 25, 26, 27, 28, 29, 30, 31, 32, 33, 34, 35, 36, 37, 38, 39, 40, 41, 42, 43, 44, 45, 46, 47, 48, 49, 
Printing individual runtimes:
 0: 27.169293ms
 1: 23.717293ms
 2: 23.030534ms
 3: 24.008560ms
 4: 22.546411ms
 5: 23.649007ms
 6: 23.291420ms
 7: 22.686330ms
 8: 23.908983ms
 9: 24.002950ms
 10: 22.981029ms
 11: 24.365942ms
 12: 23.968868ms
 13: 54.490757ms
 14: 40.182716ms
 15: 40.257155ms
 16: 26.424776ms
 17: 23.038936ms
 18: 24.222178ms
 19: 40.543490ms
 20: 24.161169ms
 21: 23.637247ms
 22: 23.151034ms
 23: 23.368293ms
 24: 23.109395ms
 25: 23.183131ms
 26: 23.607779ms
 27: 23.574247ms
 28: 24.200084ms
 29: 23.615513ms
 30: 23.068207ms
 31: 24.654332ms
 32: 22.915251ms
 33: 23.055668ms
 34: 22.649013ms
 35: 32.997852ms
 36: 28.509103ms
 37: 23.672116ms
 38: 25.856666ms
 39: 24.882885ms
 40: 28.855855ms
 41: 30.504529ms
 42: 40.430423ms
 43: 23.866095ms
 44: 25.065769ms
 45: 24.552074ms
 46: 23.819841ms
 47: 24.301281ms
 48: 24.600130ms
 49: 23.351619ms


Measurements
--------------------------
FFT Size            : 223^3
Threads             : 39
Batch               : 1
Iterations          : 50
Avg Tot Runtime     : 26.314065 ms
Runtime per batch   : 26.314065 ms
SD                  : 6.225197 ms
Throughput          : 1.955543 GFLOPs
Plan Time           : 96.614529 sec
