Expm 2: Streaming FFTW
FFTW Plan: Patient
-- Cannot import wisdom from ../../wisdom/singlenode/all/126/fftw_126_t38_b1.patient
-- Exporting wisdom file to ../../wisdom/singlenode/all/126/fftw_126_t38_b1.patient
Iteration: 0, 1, 2, 3, 4, 5, 6, 7, 8, 9, 10, 11, 12, 13, 14, 15, 16, 17, 18, 19, 20, 21, 22, 23, 24, 25, 26, 27, 28, 29, 30, 31, 32, 33, 34, 35, 36, 37, 38, 39, 40, 41, 42, 43, 44, 45, 46, 47, 48, 49, 
Printing individual runtimes:
 0: 1.395574ms
 1: 1.097864ms
 2: 1.001891ms
 3: 1.008572ms
 4: 1.010929ms
 5: 1.030858ms
 6: 1.007455ms
 7: 1.037281ms
 8: 1.016271ms
 9: 1.012586ms
 10: 1.015395ms
 11: 0.990019ms
 12: 1.019816ms
 13: 1.006853ms
 14: 1.023642ms
 15: 1.030349ms
 16: 1.013780ms
 17: 1.010892ms
 18: 1.015573ms
 19: 1.009017ms
 20: 1.012892ms
 21: 1.011267ms
 22: 1.004297ms
 23: 1.021729ms
 24: 1.016829ms
 25: 1.030333ms
 26: 1.028054ms
 27: 1.026631ms
 28: 1.024441ms
 29: 1.027165ms
 30: 1.025490ms
 31: 1.014044ms
 32: 1.022677ms
 33: 1.030791ms
 34: 1.022683ms
 35: 1.020930ms
 36: 1.032116ms
 37: 1.019402ms
 38: 1.005654ms
 39: 1.035672ms
 40: 1.028967ms
 41: 1.039468ms
 42: 1.038423ms
 43: 1.018005ms
 44: 1.040827ms
 45: 1.033214ms
 46: 1.018059ms
 47: 1.015947ms
 48: 1.019012ms
 49: 1.045405ms


Measurements
--------------------------
FFT Size            : 126^3
Threads             : 38
Batch               : 1
Iterations          : 50
Avg Tot Runtime     : 1.029701 ms
Runtime per batch   : 1.029701 ms
SD                  : 0.054520 ms
Throughput          : 0.044392 GFLOPs
Plan Time           : 39.656909 sec
