Expm 2: Streaming FFTW
FFTW Plan: Patient
-- Cannot import wisdom from ../../wisdom/singlenode/all/611/fftw_611_t39_b1.patient
-- Exporting wisdom file to ../../wisdom/singlenode/all/611/fftw_611_t39_b1.patient
Iteration: 0, 1, 2, 3, 4, 5, 6, 7, 8, 9, 10, 11, 12, 13, 14, 15, 16, 17, 18, 19, 20, 21, 22, 23, 24, 25, 26, 27, 28, 29, 30, 31, 32, 33, 34, 35, 36, 37, 38, 39, 40, 41, 42, 43, 44, 45, 46, 47, 48, 49, 
Printing individual runtimes:
 0: 605.598502ms
 1: 455.010949ms
 2: 799.905100ms
 3: 645.038693ms
 4: 542.019403ms
 5: 556.578407ms
 6: 634.335149ms
 7: 796.670809ms
 8: 464.889648ms
 9: 464.004695ms
 10: 465.141106ms
 11: 463.772424ms
 12: 467.301074ms
 13: 469.808204ms
 14: 466.181510ms
 15: 465.349096ms
 16: 873.709900ms
 17: 497.038447ms
 18: 509.379350ms
 19: 482.026647ms
 20: 487.581190ms
 21: 540.526086ms
 22: 465.565845ms
 23: 469.045643ms
 24: 522.857001ms
 25: 467.926997ms
 26: 466.211740ms
 27: 466.789515ms
 28: 468.670818ms
 29: 466.917604ms
 30: 469.794335ms
 31: 466.194694ms
 32: 800.265559ms
 33: 470.993166ms
 34: 466.791333ms
 35: 467.114865ms
 36: 728.340587ms
 37: 465.725429ms
 38: 467.311633ms
 39: 467.492143ms
 40: 467.491959ms
 41: 467.042041ms
 42: 471.241564ms
 43: 511.988383ms
 44: 467.116133ms
 45: 467.412287ms
 46: 468.386517ms
 47: 464.815305ms
 48: 556.518294ms
 49: 466.286743ms


Measurements
--------------------------
FFT Size            : 611^3
Threads             : 39
Batch               : 1
Iterations          : 50
Avg Tot Runtime     : 520.483490 ms
Runtime per batch   : 520.483490 ms
SD                  : 103.535415 ms
Throughput          : 39.797630 GFLOPs
Plan Time           : 641.092624 sec
