Expm 2: Streaming FFTW
FFTW Plan: Patient
-- Cannot import wisdom from ../../wisdom/singlenode/all/533/fftw_533_t36_b1.patient
-- Exporting wisdom file to ../../wisdom/singlenode/all/533/fftw_533_t36_b1.patient
Iteration: 0, 1, 2, 3, 4, 5, 6, 7, 8, 9, 10, 11, 12, 13, 14, 15, 16, 17, 18, 19, 20, 21, 22, 23, 24, 25, 26, 27, 28, 29, 30, 31, 32, 33, 34, 35, 36, 37, 38, 39, 40, 41, 42, 43, 44, 45, 46, 47, 48, 49, 
Printing individual runtimes:
 0: 365.056905ms
 1: 362.619238ms
 2: 360.934472ms
 3: 365.115854ms
 4: 362.566634ms
 5: 365.320319ms
 6: 366.411209ms
 7: 366.076544ms
 8: 398.770532ms
 9: 375.228124ms
 10: 364.201204ms
 11: 366.477620ms
 12: 368.591774ms
 13: 360.732878ms
 14: 376.624794ms
 15: 370.527425ms
 16: 366.678942ms
 17: 359.458638ms
 18: 360.640883ms
 19: 361.579520ms
 20: 363.677938ms
 21: 363.734801ms
 22: 363.651848ms
 23: 361.504498ms
 24: 360.617109ms
 25: 359.912948ms
 26: 363.396109ms
 27: 369.057315ms
 28: 359.996202ms
 29: 360.575260ms
 30: 364.760466ms
 31: 364.839159ms
 32: 366.263299ms
 33: 363.629394ms
 34: 364.061109ms
 35: 377.712453ms
 36: 687.541186ms
 37: 530.574490ms
 38: 374.469106ms
 39: 476.778392ms
 40: 437.678901ms
 41: 359.283271ms
 42: 359.308629ms
 43: 359.665449ms
 44: 359.145956ms
 45: 362.363181ms
 46: 363.996008ms
 47: 364.795325ms
 48: 362.980731ms
 49: 362.486570ms


Measurements
--------------------------
FFT Size            : 533^3
Threads             : 36
Batch               : 1
Iterations          : 50
Avg Tot Runtime     : 378.641412 ms
Runtime per batch   : 378.641412 ms
SD                  : 53.289451 ms
Throughput          : 27.198681 GFLOPs
Plan Time           : 511.807520 sec
