Expm 2: Streaming FFTW
FFTW Plan: Patient
-- Cannot import wisdom from ../../wisdom/singlenode/all/533/fftw_533_t38_b1.patient
-- Exporting wisdom file to ../../wisdom/singlenode/all/533/fftw_533_t38_b1.patient
Iteration: 0, 1, 2, 3, 4, 5, 6, 7, 8, 9, 10, 11, 12, 13, 14, 15, 16, 17, 18, 19, 20, 21, 22, 23, 24, 25, 26, 27, 28, 29, 30, 31, 32, 33, 34, 35, 36, 37, 38, 39, 40, 41, 42, 43, 44, 45, 46, 47, 48, 49, 
Printing individual runtimes:
 0: 495.587267ms
 1: 407.870710ms
 2: 498.346756ms
 3: 408.551351ms
 4: 401.501424ms
 5: 389.886125ms
 6: 585.608994ms
 7: 387.580216ms
 8: 384.572413ms
 9: 384.098333ms
 10: 385.900938ms
 11: 384.563337ms
 12: 386.730134ms
 13: 386.626246ms
 14: 386.012658ms
 15: 388.012997ms
 16: 383.348225ms
 17: 387.406326ms
 18: 388.806218ms
 19: 388.717538ms
 20: 408.278026ms
 21: 384.926110ms
 22: 494.689384ms
 23: 386.035256ms
 24: 389.888493ms
 25: 387.786055ms
 26: 385.891266ms
 27: 387.697149ms
 28: 388.628872ms
 29: 388.095362ms
 30: 387.257702ms
 31: 386.448490ms
 32: 389.067450ms
 33: 387.556240ms
 34: 384.653031ms
 35: 389.392234ms
 36: 387.325330ms
 37: 565.304385ms
 38: 389.419063ms
 39: 384.916078ms
 40: 382.845059ms
 41: 386.862112ms
 42: 388.869973ms
 43: 384.167195ms
 44: 386.688922ms
 45: 388.655147ms
 46: 386.629902ms
 47: 384.273274ms
 48: 384.502815ms
 49: 385.234406ms


Measurements
--------------------------
FFT Size            : 533^3
Threads             : 38
Batch               : 1
Iterations          : 50
Avg Tot Runtime     : 402.434260 ms
Runtime per batch   : 402.434260 ms
SD                  : 44.005323 ms
Throughput          : 26.971395 GFLOPs
Plan Time           : 664.260908 sec
