Expm 2: Streaming FFTW
FFTW Plan: Patient
-- Cannot import wisdom from ../../wisdom/singlenode/all/417/fftw_417_t38_b1.patient
-- Exporting wisdom file to ../../wisdom/singlenode/all/417/fftw_417_t38_b1.patient
Iteration: 0, 1, 2, 3, 4, 5, 6, 7, 8, 9, 10, 11, 12, 13, 14, 15, 16, 17, 18, 19, 20, 21, 22, 23, 24, 25, 26, 27, 28, 29, 30, 31, 32, 33, 34, 35, 36, 37, 38, 39, 40, 41, 42, 43, 44, 45, 46, 47, 48, 49, 
Printing individual runtimes:
 0: 333.053450ms
 1: 198.714961ms
 2: 111.883131ms
 3: 109.948749ms
 4: 108.668140ms
 5: 111.439969ms
 6: 109.063580ms
 7: 118.342945ms
 8: 110.274482ms
 9: 108.086162ms
 10: 110.401441ms
 11: 109.240554ms
 12: 108.370835ms
 13: 109.269045ms
 14: 108.069936ms
 15: 109.164911ms
 16: 107.829506ms
 17: 111.319973ms
 18: 111.659538ms
 19: 110.736097ms
 20: 107.901205ms
 21: 112.799552ms
 22: 108.120593ms
 23: 108.395983ms
 24: 112.103264ms
 25: 111.851388ms
 26: 107.883170ms
 27: 109.719197ms
 28: 109.031138ms
 29: 108.884651ms
 30: 110.785615ms
 31: 110.021539ms
 32: 110.485057ms
 33: 108.040952ms
 34: 112.573208ms
 35: 107.268900ms
 36: 111.060773ms
 37: 109.544859ms
 38: 109.508396ms
 39: 212.757762ms
 40: 114.486557ms
 41: 108.832391ms
 42: 200.396345ms
 43: 108.734825ms
 44: 110.761078ms
 45: 109.089274ms
 46: 203.405132ms
 47: 111.544776ms
 48: 108.434130ms
 49: 114.585206ms


Measurements
--------------------------
FFT Size            : 417^3
Threads             : 38
Batch               : 1
Iterations          : 50
Avg Tot Runtime     : 122.090886 ms
Runtime per batch   : 122.090886 ms
SD                  : 39.489809 ms
Throughput          : 9.116131 GFLOPs
Plan Time           : 269.599690 sec
