Expm 2: Streaming FFTW
FFTW Plan: Patient
-- Cannot import wisdom from ../../wisdom/singlenode/all/628/fftw_628_t40_b1.patient
-- Exporting wisdom file to ../../wisdom/singlenode/all/628/fftw_628_t40_b1.patient
Iteration: 0, 1, 2, 3, 4, 5, 6, 7, 8, 9, 10, 11, 12, 13, 14, 15, 16, 17, 18, 19, 20, 21, 22, 23, 24, 25, 26, 27, 28, 29, 30, 31, 32, 33, 34, 35, 36, 37, 38, 39, 40, 41, 42, 43, 44, 45, 46, 47, 48, 49, 
Printing individual runtimes:
 0: 315.933846ms
 1: 485.209239ms
 2: 620.239349ms
 3: 498.980986ms
 4: 392.061526ms
 5: 429.422417ms
 6: 332.078175ms
 7: 319.199111ms
 8: 385.667130ms
 9: 384.654232ms
 10: 309.584899ms
 11: 598.661226ms
 12: 536.993460ms
 13: 307.094359ms
 14: 310.340060ms
 15: 319.100025ms
 16: 310.703248ms
 17: 312.664144ms
 18: 308.485934ms
 19: 606.707683ms
 20: 379.094613ms
 21: 316.161150ms
 22: 399.563542ms
 23: 657.990607ms
 24: 314.242660ms
 25: 308.994746ms
 26: 312.299875ms
 27: 307.722817ms
 28: 310.371616ms
 29: 310.827735ms
 30: 312.419681ms
 31: 308.993579ms
 32: 305.708671ms
 33: 344.727626ms
 34: 349.624078ms
 35: 316.793529ms
 36: 306.581901ms
 37: 313.432011ms
 38: 309.765588ms
 39: 308.876882ms
 40: 343.164744ms
 41: 349.333571ms
 42: 323.818247ms
 43: 316.876731ms
 44: 314.838862ms
 45: 307.012686ms
 46: 308.123058ms
 47: 307.901886ms
 48: 319.079066ms
 49: 314.310667ms


Measurements
--------------------------
FFT Size            : 628^3
Threads             : 40
Batch               : 1
Iterations          : 50
Avg Tot Runtime     : 361.648669 ms
Runtime per batch   : 361.648669 ms
SD                  : 92.198873 ms
Throughput          : 29.879321 GFLOPs
Plan Time           : 731.049090 sec
