Expm 2: Streaming FFTW
FFTW Plan: Patient
-- Cannot import wisdom from ../../wisdom/singlenode/all/628/fftw_628_t36_b1.patient
-- Exporting wisdom file to ../../wisdom/singlenode/all/628/fftw_628_t36_b1.patient
Iteration: 0, 1, 2, 3, 4, 5, 6, 7, 8, 9, 10, 11, 12, 13, 14, 15, 16, 17, 18, 19, 20, 21, 22, 23, 24, 25, 26, 27, 28, 29, 30, 31, 32, 33, 34, 35, 36, 37, 38, 39, 40, 41, 42, 43, 44, 45, 46, 47, 48, 49, 
Printing individual runtimes:
 0: 461.386752ms
 1: 424.537011ms
 2: 429.088122ms
 3: 429.910841ms
 4: 430.946204ms
 5: 565.316396ms
 6: 427.671313ms
 7: 425.649923ms
 8: 424.048527ms
 9: 623.770928ms
 10: 427.091262ms
 11: 489.952873ms
 12: 423.923068ms
 13: 424.259544ms
 14: 428.755325ms
 15: 431.087198ms
 16: 600.741562ms
 17: 425.636857ms
 18: 427.994387ms
 19: 534.672843ms
 20: 433.851667ms
 21: 643.920903ms
 22: 636.242748ms
 23: 430.662425ms
 24: 424.343955ms
 25: 614.609026ms
 26: 427.879809ms
 27: 424.144604ms
 28: 426.492693ms
 29: 429.366720ms
 30: 443.623986ms
 31: 435.354861ms
 32: 721.172623ms
 33: 523.080439ms
 34: 427.973491ms
 35: 701.256395ms
 36: 444.444236ms
 37: 424.534532ms
 38: 429.027609ms
 39: 418.334946ms
 40: 725.839291ms
 41: 429.687989ms
 42: 425.463155ms
 43: 429.798480ms
 44: 443.259727ms
 45: 763.985540ms
 46: 578.998883ms
 47: 647.439075ms
 48: 579.125347ms
 49: 533.855815ms


Measurements
--------------------------
FFT Size            : 628^3
Threads             : 36
Batch               : 1
Iterations          : 50
Avg Tot Runtime     : 493.484238 ms
Runtime per batch   : 493.484238 ms
SD                  : 99.105477 ms
Throughput          : 29.879321 GFLOPs
Plan Time           : 756.417581 sec
