Expm 2: Streaming FFTW
FFTW Plan: Patient
-- Cannot import wisdom from ../../wisdom/singlenode/all/432/fftw_432_t37_b1.patient
-- Exporting wisdom file to ../../wisdom/singlenode/all/432/fftw_432_t37_b1.patient
Iteration: 0, 1, 2, 3, 4, 5, 6, 7, 8, 9, 10, 11, 12, 13, 14, 15, 16, 17, 18, 19, 20, 21, 22, 23, 24, 25, 26, 27, 28, 29, 30, 31, 32, 33, 34, 35, 36, 37, 38, 39, 40, 41, 42, 43, 44, 45, 46, 47, 48, 49, 
Printing individual runtimes:
 0: 54.599849ms
 1: 54.587509ms
 2: 54.679410ms
 3: 54.639826ms
 4: 54.621597ms
 5: 54.501374ms
 6: 54.446825ms
 7: 54.504634ms
 8: 54.666477ms
 9: 54.798647ms
 10: 54.682329ms
 11: 54.346759ms
 12: 54.781545ms
 13: 54.658398ms
 14: 54.656920ms
 15: 54.595987ms
 16: 54.615140ms
 17: 54.637153ms
 18: 54.478662ms
 19: 54.451413ms
 20: 54.665181ms
 21: 54.792765ms
 22: 54.484052ms
 23: 54.837125ms
 24: 54.433387ms
 25: 54.649572ms
 26: 54.627418ms
 27: 58.029616ms
 28: 50.825060ms
 29: 63.991052ms
 30: 48.450986ms
 31: 49.708150ms
 32: 49.632473ms
 33: 49.875696ms
 34: 49.686395ms
 35: 49.806023ms
 36: 49.725755ms
 37: 49.674971ms
 38: 49.689728ms
 39: 59.579782ms
 40: 49.916330ms
 41: 50.060051ms
 42: 49.803287ms
 43: 46.225729ms
 44: 83.601148ms
 45: 44.525779ms
 46: 44.320247ms
 47: 44.533772ms
 48: 50.581362ms
 49: 44.912606ms


Measurements
--------------------------
FFT Size            : 432^3
Threads             : 37
Batch               : 1
Iterations          : 50
Avg Tot Runtime     : 53.231919 ms
Runtime per batch   : 53.231919 ms
SD                  : 5.777597 ms
Throughput          : 1.096859 GFLOPs
Plan Time           : 957.165168 sec
