Expm 2: Streaming FFTW
FFTW Plan: Patient
-- Cannot import wisdom from ../../wisdom/singlenode/all/432/fftw_432_t40_b1.patient
-- Exporting wisdom file to ../../wisdom/singlenode/all/432/fftw_432_t40_b1.patient
Iteration: 0, 1, 2, 3, 4, 5, 6, 7, 8, 9, 10, 11, 12, 13, 14, 15, 16, 17, 18, 19, 20, 21, 22, 23, 24, 25, 26, 27, 28, 29, 30, 31, 32, 33, 34, 35, 36, 37, 38, 39, 40, 41, 42, 43, 44, 45, 46, 47, 48, 49, 
Printing individual runtimes:
 0: 74.515427ms
 1: 51.707803ms
 2: 52.308809ms
 3: 52.182728ms
 4: 51.932642ms
 5: 51.858570ms
 6: 51.751633ms
 7: 51.834846ms
 8: 51.575117ms
 9: 66.094999ms
 10: 52.276185ms
 11: 51.856872ms
 12: 51.879944ms
 13: 51.763794ms
 14: 51.820147ms
 15: 68.934265ms
 16: 51.718683ms
 17: 51.650670ms
 18: 51.713220ms
 19: 51.648893ms
 20: 51.655820ms
 21: 51.572962ms
 22: 51.544609ms
 23: 51.887858ms
 24: 51.080611ms
 25: 51.695833ms
 26: 51.386531ms
 27: 51.611833ms
 28: 51.565292ms
 29: 51.660794ms
 30: 51.642020ms
 31: 51.633374ms
 32: 51.748156ms
 33: 51.405218ms
 34: 51.898495ms
 35: 76.658812ms
 36: 51.730692ms
 37: 51.857097ms
 38: 51.775649ms
 39: 51.828376ms
 40: 51.557674ms
 41: 51.604876ms
 42: 51.910228ms
 43: 51.629600ms
 44: 51.401984ms
 45: 51.741170ms
 46: 51.693809ms
 47: 51.776371ms
 48: 51.909832ms
 49: 51.592928ms


Measurements
--------------------------
FFT Size            : 432^3
Threads             : 40
Batch               : 1
Iterations          : 50
Avg Tot Runtime     : 53.313675 ms
Runtime per batch   : 53.313675 ms
SD                  : 5.513000 ms
Throughput          : 1.095828 GFLOPs
Plan Time           : 916.597472 sec
