Expm 2: Streaming FFTW
FFTW Plan: Patient
-- Cannot import wisdom from ../../wisdom/singlenode/all/381/fftw_381_t39_b1.patient
-- Exporting wisdom file to ../../wisdom/singlenode/all/381/fftw_381_t39_b1.patient
Iteration: 0, 1, 2, 3, 4, 5, 6, 7, 8, 9, 10, 11, 12, 13, 14, 15, 16, 17, 18, 19, 20, 21, 22, 23, 24, 25, 26, 27, 28, 29, 30, 31, 32, 33, 34, 35, 36, 37, 38, 39, 40, 41, 42, 43, 44, 45, 46, 47, 48, 49, 
Printing individual runtimes:
 0: 78.446563ms
 1: 153.287179ms
 2: 78.224445ms
 3: 80.494214ms
 4: 79.351997ms
 5: 80.809670ms
 6: 78.573196ms
 7: 79.611442ms
 8: 91.619541ms
 9: 79.469525ms
 10: 80.511939ms
 11: 81.336749ms
 12: 80.058234ms
 13: 80.104509ms
 14: 103.528944ms
 15: 79.807727ms
 16: 82.523148ms
 17: 80.640649ms
 18: 82.038169ms
 19: 113.675408ms
 20: 79.556852ms
 21: 79.054200ms
 22: 80.092149ms
 23: 79.325820ms
 24: 79.189916ms
 25: 79.623676ms
 26: 80.603681ms
 27: 80.246968ms
 28: 81.355421ms
 29: 79.977376ms
 30: 132.244426ms
 31: 79.537826ms
 32: 142.404816ms
 33: 80.304895ms
 34: 80.559075ms
 35: 79.904372ms
 36: 79.090300ms
 37: 80.382073ms
 38: 80.578792ms
 39: 81.161587ms
 40: 79.299783ms
 41: 128.311401ms
 42: 78.273983ms
 43: 81.474828ms
 44: 80.325865ms
 45: 82.551004ms
 46: 94.024720ms
 47: 80.429428ms
 48: 78.566496ms
 49: 78.573542ms


Measurements
--------------------------
FFT Size            : 381^3
Threads             : 39
Batch               : 1
Iterations          : 50
Avg Tot Runtime     : 86.422770 ms
Runtime per batch   : 86.422770 ms
SD                  : 16.930690 ms
Throughput          : 6.533551 GFLOPs
Plan Time           : 110.612383 sec
