Expm 2: Streaming FFTW
FFTW Plan: Patient
-- Cannot import wisdom from ../../wisdom/singlenode/all/381/fftw_381_t37_b1.patient
-- Exporting wisdom file to ../../wisdom/singlenode/all/381/fftw_381_t37_b1.patient
Iteration: 0, 1, 2, 3, 4, 5, 6, 7, 8, 9, 10, 11, 12, 13, 14, 15, 16, 17, 18, 19, 20, 21, 22, 23, 24, 25, 26, 27, 28, 29, 30, 31, 32, 33, 34, 35, 36, 37, 38, 39, 40, 41, 42, 43, 44, 45, 46, 47, 48, 49, 
Printing individual runtimes:
 0: 159.456631ms
 1: 95.216767ms
 2: 96.005601ms
 3: 95.907638ms
 4: 96.147277ms
 5: 96.121219ms
 6: 96.676960ms
 7: 155.018423ms
 8: 104.820177ms
 9: 99.627275ms
 10: 97.022819ms
 11: 95.572142ms
 12: 95.357119ms
 13: 91.260122ms
 14: 91.679080ms
 15: 90.272743ms
 16: 90.882603ms
 17: 89.975793ms
 18: 90.065594ms
 19: 88.232769ms
 20: 87.095357ms
 21: 88.587886ms
 22: 89.414915ms
 23: 88.297846ms
 24: 87.646273ms
 25: 88.520363ms
 26: 93.406618ms
 27: 89.135946ms
 28: 88.507641ms
 29: 88.522662ms
 30: 88.199160ms
 31: 89.017925ms
 32: 89.140500ms
 33: 88.893023ms
 34: 89.174661ms
 35: 89.185371ms
 36: 87.937982ms
 37: 87.673104ms
 38: 88.883838ms
 39: 90.202174ms
 40: 88.038941ms
 41: 87.806802ms
 42: 88.542697ms
 43: 88.356907ms
 44: 123.444906ms
 45: 89.035890ms
 46: 88.540194ms
 47: 87.694184ms
 48: 88.890951ms
 49: 88.993254ms


Measurements
--------------------------
FFT Size            : 381^3
Threads             : 37
Batch               : 1
Iterations          : 50
Avg Tot Runtime     : 94.242134 ms
Runtime per batch   : 94.242134 ms
SD                  : 14.141377 ms
Throughput          : 6.444713 GFLOPs
Plan Time           : 122.923550 sec
