Expm 2: Streaming FFTW
FFTW Plan: Patient
-- Cannot import wisdom from ../../wisdom/singlenode/all/125/fftw_125_t39_b1.patient
-- Exporting wisdom file to ../../wisdom/singlenode/all/125/fftw_125_t39_b1.patient
Iteration: 0, 1, 2, 3, 4, 5, 6, 7, 8, 9, 10, 11, 12, 13, 14, 15, 16, 17, 18, 19, 20, 21, 22, 23, 24, 25, 26, 27, 28, 29, 30, 31, 32, 33, 34, 35, 36, 37, 38, 39, 40, 41, 42, 43, 44, 45, 46, 47, 48, 49, 
Printing individual runtimes:
 0: 1.155895ms
 1: 1.815103ms
 2: 1.781564ms
 3: 1.120847ms
 4: 1.082685ms
 5: 1.478152ms
 6: 1.146497ms
 7: 2.049521ms
 8: 1.777119ms
 9: 1.656135ms
 10: 1.092879ms
 11: 1.099817ms
 12: 1.145211ms
 13: 1.077468ms
 14: 3.446444ms
 15: 1.094049ms
 16: 3.515703ms
 17: 1.801511ms
 18: 2.346855ms
 19: 3.413011ms
 20: 5.406834ms
 21: 2.657224ms
 22: 1.842541ms
 23: 1.784369ms
 24: 1.156739ms
 25: 2.426974ms
 26: 1.837648ms
 27: 1.944533ms
 28: 1.122490ms
 29: 1.135408ms
 30: 1.161185ms
 31: 2.204745ms
 32: 1.785380ms
 33: 1.139927ms
 34: 1.146923ms
 35: 1.143763ms
 36: 1.122310ms
 37: 1.133410ms
 38: 1.138382ms
 39: 1.136856ms
 40: 1.141535ms
 41: 1.149842ms
 42: 1.141181ms
 43: 1.148082ms
 44: 1.118608ms
 45: 1.135682ms
 46: 1.142080ms
 47: 1.115331ms
 48: 1.137256ms
 49: 1.130946ms


Measurements
--------------------------
FFT Size            : 125^3
Threads             : 39
Batch               : 1
Iterations          : 50
Avg Tot Runtime     : 1.617693 ms
Runtime per batch   : 1.617693 ms
SD                  : 0.835103 ms
Throughput          : 0.046294 GFLOPs
Plan Time           : 11.691377 sec
