Expm 2: Streaming FFT

Printing individual runtimes:
 0: 1.331998ms
 1: 1.508350ms
 2: 1.518927ms
 3: 1.513989ms
 4: 2.360667ms
 5: 0.734083ms
 6: 0.816333ms
 7: 0.784503ms
 8: 0.915172ms
 9: 0.793934ms
 10: 0.835017ms
 11: 0.824505ms
 12: 0.717861ms
 13: 0.866014ms
 14: 0.763799ms
 15: 0.768991ms
 16: 0.745218ms
 17: 0.704973ms
 18: 1.295317ms
 19: 1.414527ms
 20: 1.529304ms
 21: 1.495835ms
 22: 1.611186ms
 23: 1.469799ms
 24: 1.358114ms
 25: 1.428082ms
 26: 1.473582ms
 27: 1.471270ms
 28: 1.344232ms
 29: 1.408219ms
 30: 1.397553ms
 31: 1.378865ms
 32: 1.601735ms
 33: 1.565136ms
 34: 1.408046ms
 35: 1.275283ms
 36: 1.465734ms
 37: 1.367588ms
 38: 1.519744ms
 39: 1.484375ms
 40: 1.420883ms
 41: 1.385218ms
 42: 1.563738ms
 43: 1.445223ms
 44: 1.340442ms
 45: 1.429134ms
 46: 1.346509ms
 47: 2.224325ms
 48: 0.726230ms
 49: 0.744830ms
 50: 0.719770ms
 51: 0.711903ms
 52: 0.774686ms
 53: 0.717306ms
 54: 0.724335ms
 55: 0.708535ms
 56: 0.781385ms
 57: 0.724089ms
 58: 0.745918ms
 59: 0.755821ms
 60: 0.749406ms
 61: 0.820257ms
 62: 0.703236ms
 63: 0.798867ms
 64: 0.713953ms
 65: 0.739816ms
 66: 0.709464ms
 67: 0.800855ms
 68: 0.764404ms
 69: 0.703182ms
 70: 0.753018ms
 71: 0.721848ms
 72: 0.694461ms
 73: 0.751267ms
 74: 0.746728ms
 75: 0.771430ms
 76: 0.706989ms
 77: 0.805551ms
 78: 0.748459ms
 79: 0.652730ms
 80: 0.685051ms
 81: 0.706055ms
 82: 0.743740ms
 83: 0.728306ms
 84: 0.741759ms
 85: 0.732718ms
 86: 0.752900ms
 87: 0.900631ms
 88: 0.754891ms
 89: 0.735411ms
 90: 0.754385ms
 91: 0.747586ms
 92: 0.709593ms
 93: 0.748554ms
 94: 0.807699ms
 95: 0.754189ms
 96: 0.734774ms
 97: 0.680146ms
 98: 0.704328ms
 99: 0.891162ms
 100: 0.747628ms
 101: 0.741656ms
 102: 0.753404ms
 103: 0.793706ms
 104: 0.729157ms
 105: 0.792354ms
 106: 0.744070ms
 107: 0.707116ms
 108: 0.729759ms
 109: 0.771815ms
 110: 0.778194ms
 111: 0.731947ms
 112: 0.872812ms
 113: 0.758353ms
 114: 0.778978ms
 115: 0.690699ms
 116: 0.768987ms
 117: 0.756333ms
 118: 0.724667ms
 119: 0.774845ms
 120: 0.741913ms
 121: 0.756834ms
 122: 0.693884ms
 123: 0.724100ms
 124: 0.715053ms
 125: 0.786652ms
 126: 0.766811ms
 127: 0.657571ms
 128: 0.754194ms
 129: 0.784650ms
 130: 0.730744ms
 131: 0.754055ms
 132: 0.866898ms
 133: 0.702087ms
 134: 0.754275ms
 135: 0.696200ms
 136: 0.729209ms
 137: 0.731911ms
 138: 0.743151ms
 139: 0.810474ms
 140: 0.775752ms
 141: 0.730042ms
 142: 0.814698ms
 143: 0.709086ms
 144: 0.707445ms
 145: 0.797353ms
 146: 0.776494ms
 147: 0.790196ms
 148: 0.792320ms
 149: 0.765634ms
 150: 0.767189ms
 151: 0.724877ms
 152: 0.777298ms
 153: 0.749248ms
 154: 0.771010ms
 155: 0.715958ms
 156: 0.772088ms
 157: 0.717962ms
 158: 0.773554ms
 159: 0.762496ms
 160: 0.724570ms
 161: 0.761376ms
 162: 0.799463ms
 163: 0.742324ms
 164: 0.795612ms
 165: 0.750106ms
 166: 0.817885ms
 167: 0.779280ms
 168: 0.824509ms
 169: 0.797029ms
 170: 0.768074ms
 171: 0.755942ms
 172: 0.763734ms
 173: 0.785902ms
 174: 0.791767ms
 175: 0.788207ms
 176: 0.719015ms
 177: 0.783078ms
 178: 0.721271ms
 179: 0.821931ms
 180: 0.764289ms
 181: 0.816269ms
 182: 0.770843ms
 183: 0.785921ms
 184: 0.796035ms
 185: 0.784732ms
 186: 0.777130ms
 187: 0.762608ms
 188: 0.764166ms
 189: 0.736843ms
 190: 0.760947ms
 191: 0.710089ms
 192: 0.777586ms
 193: 0.798798ms
 194: 0.775272ms
 195: 0.788088ms
 196: 0.715765ms
 197: 0.758875ms
 198: 0.772632ms
 199: 0.761343ms


-- Real : Q1: 50 Q2: 100 Q3: 150
-- Array: Q1: 49 Q2: 99 Q3: 149
Printing sorted runtimes:
 0: 0.728306ms
 1: 0.706055ms
 2: 0.715765ms
 3: 0.710089ms
 4: 0.685051ms
 5: 0.652730ms
 6: 0.709593ms
 7: 0.721271ms
 8: 0.719015ms
 9: 0.706989ms
 10: 0.694461ms
 11: 0.721848ms
 12: 0.717861ms
 13: 0.724570ms
 14: 0.717962ms
 15: 0.715958ms
 16: 0.703182ms
 17: 0.704973ms
 18: 0.709464ms
 19: 0.724877ms
 20: 0.707445ms
 21: 0.709086ms
 22: 0.713953ms
 23: 0.680146ms
 24: 0.703236ms
 25: 0.704328ms
 26: 0.696200ms
 27: 0.724089ms
 28: 0.702087ms
 29: 0.708535ms
 30: 0.724335ms
 31: 0.717306ms
 32: 0.657571ms
 33: 0.715053ms
 34: 0.724100ms
 35: 0.693884ms
 36: 0.711903ms
 37: 0.719770ms
 38: 0.724667ms
 39: 0.726230ms
 40: 0.690699ms
 41: 0.707116ms
 42: 0.731911ms
 43: 0.729759ms
 44: 0.730042ms
 45: 0.729209ms
 46: 0.729157ms
 47: 0.730744ms
 48: 0.732718ms
 49: 0.731947ms
 50: 0.734083ms
 51: 0.744830ms
 52: 0.735411ms
 53: 0.736843ms
 54: 0.739816ms
 55: 0.734774ms
 56: 0.741913ms
 57: 0.741656ms
 58: 0.742324ms
 59: 0.743740ms
 60: 0.741759ms
 61: 0.744070ms
 62: 0.743151ms
 63: 0.760947ms
 64: 0.754385ms
 65: 0.749406ms
 66: 0.749248ms
 67: 0.754194ms
 68: 0.754189ms
 69: 0.745218ms
 70: 0.753018ms
 71: 0.745918ms
 72: 0.750106ms
 73: 0.751267ms
 74: 0.746728ms
 75: 0.748554ms
 76: 0.752900ms
 77: 0.754275ms
 78: 0.748459ms
 79: 0.747628ms
 80: 0.747586ms
 81: 0.754055ms
 82: 0.755821ms
 83: 0.758353ms
 84: 0.756333ms
 85: 0.756834ms
 86: 0.755942ms
 87: 0.753404ms
 88: 0.754891ms
 89: 0.758875ms
 90: 0.764166ms
 91: 0.763799ms
 92: 0.762496ms
 93: 0.761343ms
 94: 0.763734ms
 95: 0.761376ms
 96: 0.762608ms
 97: 0.764404ms
 98: 0.764289ms
 99: 0.765634ms
 100: 0.766811ms
 101: 0.788088ms
 102: 0.767189ms
 103: 0.770843ms
 104: 0.772088ms
 105: 0.768987ms
 106: 0.768991ms
 107: 0.771010ms
 108: 0.772632ms
 109: 0.771815ms
 110: 0.771430ms
 111: 0.778194ms
 112: 0.779280ms
 113: 0.785902ms
 114: 0.778978ms
 115: 0.783078ms
 116: 0.784503ms
 117: 0.773554ms
 118: 0.785921ms
 119: 0.774845ms
 120: 0.774686ms
 121: 0.781385ms
 122: 0.784732ms
 123: 0.777298ms
 124: 0.777130ms
 125: 0.777586ms
 126: 0.775272ms
 127: 0.786652ms
 128: 0.776494ms
 129: 0.784650ms
 130: 0.775752ms
 131: 0.768074ms
 132: 0.797029ms
 133: 0.791767ms
 134: 0.788207ms
 135: 0.795612ms
 136: 0.792354ms
 137: 0.793706ms
 138: 0.792320ms
 139: 0.790196ms
 140: 0.796035ms
 141: 0.793934ms
 142: 0.799463ms
 143: 0.798798ms
 144: 0.798867ms
 145: 0.797353ms
 146: 0.810474ms
 147: 0.800855ms
 148: 0.805551ms
 149: 0.807699ms
 150: 0.814698ms
 151: 0.817885ms
 152: 0.816269ms
 153: 0.816333ms
 154: 0.820257ms
 155: 0.824505ms
 156: 0.821931ms
 157: 0.824509ms
 158: 0.835017ms
 159: 0.866898ms
 160: 0.866014ms
 161: 0.872812ms
 162: 0.915172ms
 163: 1.275283ms
 164: 1.295317ms
 165: 0.891162ms
 166: 1.331998ms
 167: 0.900631ms
 168: 1.385218ms
 169: 1.420883ms
 170: 1.563738ms
 171: 1.484375ms
 172: 1.445223ms
 173: 1.340442ms
 174: 1.519744ms
 175: 1.367588ms
 176: 1.465734ms
 177: 1.429134ms
 178: 1.408046ms
 179: 1.414527ms
 180: 1.346509ms
 181: 1.565136ms
 182: 1.601735ms
 183: 2.224325ms
 184: 1.378865ms
 185: 1.529304ms
 186: 1.495835ms
 187: 1.611186ms
 188: 1.397553ms
 189: 1.469799ms
 190: 2.360667ms
 191: 1.513989ms
 192: 1.358114ms
 193: 1.428082ms
 194: 1.473582ms
 195: 1.471270ms
 196: 1.518927ms
 197: 1.508350ms
 198: 1.344232ms
 199: 1.408219ms


Measurements
--------------------------
FFT Size            : 128^3
Threads             : 38
Batch               : 1
Iterations          : 200
Avg Tot Runtime     : 0.886175 ms
Runtime per batch   : 0.886175 ms
SD                  : 0.294853 ms
Q1                  : 0.731947 ms
Median              : 0.766222 ms
Q3                  : 0.807699 ms
