Expm 2: Streaming FFT

Printing individual runtimes:
 0: 0.866112ms
 1: 0.768085ms
 2: 0.758147ms
 3: 0.972700ms
 4: 2.009142ms
 5: 0.643477ms
 6: 0.852378ms
 7: 0.619333ms
 8: 0.643882ms
 9: 0.639549ms
 10: 0.872990ms
 11: 0.623511ms
 12: 0.632528ms
 13: 0.677787ms
 14: 0.610772ms
 15: 0.851260ms
 16: 0.617425ms
 17: 0.619201ms
 18: 0.662797ms
 19: 0.633060ms
 20: 0.644299ms
 21: 0.844983ms
 22: 0.642619ms
 23: 0.611276ms
 24: 0.674745ms
 25: 0.636938ms
 26: 0.616162ms
 27: 0.631125ms
 28: 0.624228ms
 29: 0.615707ms
 30: 0.834255ms
 31: 0.634888ms
 32: 0.624680ms
 33: 0.626130ms
 34: 0.624174ms
 35: 0.625151ms
 36: 0.625103ms
 37: 0.623638ms
 38: 0.626481ms
 39: 0.633494ms
 40: 0.640595ms
 41: 0.617931ms
 42: 0.657488ms
 43: 0.613900ms
 44: 0.639087ms
 45: 0.620079ms
 46: 0.622331ms
 47: 0.625885ms
 48: 0.630980ms
 49: 0.638986ms
 50: 0.625416ms
 51: 0.625201ms
 52: 0.624949ms
 53: 0.637196ms
 54: 0.611839ms
 55: 0.881129ms
 56: 0.621938ms
 57: 0.634766ms
 58: 0.630800ms
 59: 0.611980ms
 60: 0.620519ms
 61: 0.619797ms
 62: 0.627626ms
 63: 0.619365ms
 64: 0.642483ms
 65: 0.646070ms
 66: 0.633219ms
 67: 0.616887ms
 68: 0.627387ms
 69: 0.639695ms
 70: 0.624230ms
 71: 0.616365ms
 72: 0.651939ms
 73: 0.641011ms
 74: 0.602433ms
 75: 0.635231ms
 76: 0.627469ms
 77: 0.632002ms
 78: 0.634449ms
 79: 0.625905ms
 80: 0.610928ms
 81: 0.642773ms
 82: 0.610990ms
 83: 0.623455ms
 84: 0.623330ms
 85: 0.642219ms
 86: 0.615241ms
 87: 0.598271ms
 88: 0.637251ms
 89: 0.618777ms
 90: 0.634572ms
 91: 0.632041ms
 92: 0.637995ms
 93: 0.635721ms
 94: 0.657300ms
 95: 0.640516ms
 96: 0.631059ms
 97: 0.878546ms
 98: 0.613873ms
 99: 0.631004ms
 100: 0.634023ms
 101: 0.639337ms
 102: 0.631903ms
 103: 0.620343ms
 104: 0.618664ms
 105: 0.629478ms
 106: 0.628863ms
 107: 0.612146ms
 108: 0.654226ms
 109: 0.618274ms
 110: 0.654302ms
 111: 0.639088ms
 112: 0.619767ms
 113: 0.648609ms
 114: 0.635629ms
 115: 0.619506ms
 116: 0.618217ms
 117: 0.633451ms
 118: 0.612279ms
 119: 0.631322ms
 120: 0.620280ms
 121: 0.631570ms
 122: 0.610513ms
 123: 0.635912ms
 124: 0.638479ms
 125: 0.629482ms
 126: 0.634360ms
 127: 0.647392ms
 128: 0.625468ms
 129: 0.626897ms
 130: 0.633419ms
 131: 0.647645ms
 132: 0.651440ms
 133: 0.619893ms
 134: 0.658122ms
 135: 0.627276ms
 136: 0.642249ms
 137: 0.619351ms
 138: 0.648073ms
 139: 0.893514ms
 140: 0.629473ms
 141: 0.631054ms
 142: 0.652240ms
 143: 0.615238ms
 144: 0.618354ms
 145: 0.632996ms
 146: 0.618136ms
 147: 0.620986ms
 148: 0.622465ms
 149: 0.614542ms
 150: 0.640472ms
 151: 0.612953ms
 152: 0.639152ms
 153: 0.637398ms
 154: 0.631342ms
 155: 0.662746ms
 156: 0.636973ms
 157: 0.634298ms
 158: 0.624037ms
 159: 0.618143ms
 160: 0.620329ms
 161: 0.606342ms
 162: 0.622085ms
 163: 0.634049ms
 164: 0.624664ms
 165: 0.621860ms
 166: 0.641272ms
 167: 0.622690ms
 168: 0.622193ms
 169: 0.618377ms
 170: 0.611151ms
 171: 0.631991ms
 172: 0.643752ms
 173: 0.640474ms
 174: 0.627994ms
 175: 0.640168ms
 176: 0.635388ms
 177: 0.625985ms
 178: 0.626496ms
 179: 0.617709ms
 180: 0.633906ms
 181: 0.618357ms
 182: 0.639900ms
 183: 0.609341ms
 184: 0.639064ms
 185: 0.633381ms
 186: 0.616668ms
 187: 0.624669ms
 188: 0.628094ms
 189: 0.622504ms
 190: 0.632219ms
 191: 0.628482ms
 192: 0.624967ms
 193: 0.628860ms
 194: 0.622030ms
 195: 0.625016ms
 196: 0.609002ms
 197: 0.642305ms
 198: 0.635211ms
 199: 0.629165ms


-- Real : Q1: 50 Q2: 100 Q3: 150
-- Array: Q1: 49 Q2: 99 Q3: 149
Printing sorted runtimes:
 0: 0.613873ms
 1: 0.610513ms
 2: 0.609002ms
 3: 0.598271ms
 4: 0.610990ms
 5: 0.612953ms
 6: 0.610928ms
 7: 0.602433ms
 8: 0.606342ms
 9: 0.612146ms
 10: 0.611980ms
 11: 0.611839ms
 12: 0.612279ms
 13: 0.611151ms
 14: 0.610772ms
 15: 0.611276ms
 16: 0.609341ms
 17: 0.618664ms
 18: 0.616668ms
 19: 0.618217ms
 20: 0.618377ms
 21: 0.617425ms
 22: 0.618357ms
 23: 0.615238ms
 24: 0.618354ms
 25: 0.617709ms
 26: 0.616162ms
 27: 0.618274ms
 28: 0.618136ms
 29: 0.615707ms
 30: 0.616887ms
 31: 0.613900ms
 32: 0.617931ms
 33: 0.615241ms
 34: 0.614542ms
 35: 0.616365ms
 36: 0.618143ms
 37: 0.620079ms
 38: 0.619201ms
 39: 0.619767ms
 40: 0.619797ms
 41: 0.618777ms
 42: 0.619893ms
 43: 0.619506ms
 44: 0.619351ms
 45: 0.619333ms
 46: 0.619365ms
 47: 0.620343ms
 48: 0.620280ms
 49: 0.620329ms
 50: 0.620519ms
 51: 0.625468ms
 52: 0.621860ms
 53: 0.622193ms
 54: 0.623511ms
 55: 0.622690ms
 56: 0.621938ms
 57: 0.624949ms
 58: 0.620986ms
 59: 0.622504ms
 60: 0.625201ms
 61: 0.625416ms
 62: 0.624669ms
 63: 0.624228ms
 64: 0.624664ms
 65: 0.622085ms
 66: 0.622331ms
 67: 0.624680ms
 68: 0.622465ms
 69: 0.625016ms
 70: 0.624230ms
 71: 0.624174ms
 72: 0.623330ms
 73: 0.623638ms
 74: 0.625103ms
 75: 0.624037ms
 76: 0.623455ms
 77: 0.622030ms
 78: 0.625151ms
 79: 0.624967ms
 80: 0.628860ms
 81: 0.625905ms
 82: 0.627626ms
 83: 0.627469ms
 84: 0.626481ms
 85: 0.627994ms
 86: 0.626130ms
 87: 0.628482ms
 88: 0.627387ms
 89: 0.628094ms
 90: 0.625985ms
 91: 0.626496ms
 92: 0.625885ms
 93: 0.626897ms
 94: 0.627276ms
 95: 0.629473ms
 96: 0.629165ms
 97: 0.628863ms
 98: 0.629478ms
 99: 0.629482ms
 100: 0.630800ms
 101: 0.635629ms
 102: 0.631903ms
 103: 0.632041ms
 104: 0.631342ms
 105: 0.631004ms
 106: 0.632002ms
 107: 0.633219ms
 108: 0.631059ms
 109: 0.630980ms
 110: 0.631991ms
 111: 0.633419ms
 112: 0.633494ms
 113: 0.631125ms
 114: 0.633906ms
 115: 0.633381ms
 116: 0.633060ms
 117: 0.633451ms
 118: 0.632528ms
 119: 0.631322ms
 120: 0.632219ms
 121: 0.631570ms
 122: 0.634023ms
 123: 0.631054ms
 124: 0.635211ms
 125: 0.632996ms
 126: 0.634360ms
 127: 0.634888ms
 128: 0.634572ms
 129: 0.635388ms
 130: 0.634766ms
 131: 0.634049ms
 132: 0.635231ms
 133: 0.634298ms
 134: 0.634449ms
 135: 0.636973ms
 136: 0.635721ms
 137: 0.635912ms
 138: 0.636938ms
 139: 0.639064ms
 140: 0.637398ms
 141: 0.637251ms
 142: 0.638479ms
 143: 0.637196ms
 144: 0.637995ms
 145: 0.638986ms
 146: 0.639337ms
 147: 0.639087ms
 148: 0.639152ms
 149: 0.639088ms
 150: 0.639549ms
 151: 0.639695ms
 152: 0.639900ms
 153: 0.640168ms
 154: 0.640472ms
 155: 0.662746ms
 156: 0.658122ms
 157: 0.654302ms
 158: 0.651440ms
 159: 0.641011ms
 160: 0.651939ms
 161: 0.642773ms
 162: 0.646070ms
 163: 0.647645ms
 164: 0.642483ms
 165: 0.642219ms
 166: 0.641272ms
 167: 0.881129ms
 168: 0.654226ms
 169: 0.642249ms
 170: 0.657300ms
 171: 0.657488ms
 172: 0.643752ms
 173: 0.640474ms
 174: 0.640595ms
 175: 0.640516ms
 176: 0.648609ms
 177: 0.647392ms
 178: 0.834255ms
 179: 0.652240ms
 180: 0.674745ms
 181: 0.642619ms
 182: 0.878546ms
 183: 0.844983ms
 184: 0.866112ms
 185: 0.644299ms
 186: 0.662797ms
 187: 0.851260ms
 188: 0.677787ms
 189: 0.872990ms
 190: 0.893514ms
 191: 0.643882ms
 192: 0.852378ms
 193: 0.643477ms
 194: 2.009142ms
 195: 0.972700ms
 196: 0.758147ms
 197: 0.642305ms
 198: 0.648073ms
 199: 0.768085ms


Measurements
--------------------------
FFT Size            : 128^3
Threads             : 28
Batch               : 1
Iterations          : 200
Avg Tot Runtime     : 0.650093 ms
Runtime per batch   : 0.650093 ms
SD                  : 0.111806 ms
Q1                  : 0.620329 ms
Median              : 0.630141 ms
Q3                  : 0.639088 ms
