Expm 2: Streaming FFT

Printing individual runtimes:
 0: 1.645021ms
 1: 1.297476ms
 2: 1.102332ms
 3: 1.542391ms
 4: 1.079961ms
 5: 1.067066ms
 6: 1.058367ms
 7: 1.060235ms
 8: 1.058891ms
 9: 1.522971ms
 10: 1.080204ms
 11: 1.036676ms
 12: 1.045115ms
 13: 1.041874ms
 14: 1.527534ms
 15: 1.036617ms
 16: 1.042738ms
 17: 1.047088ms
 18: 1.054659ms
 19: 1.043263ms
 20: 1.069443ms
 21: 1.062528ms
 22: 1.036531ms
 23: 1.089793ms
 24: 1.048883ms
 25: 1.036732ms
 26: 1.507823ms
 27: 1.062279ms
 28: 1.044986ms
 29: 1.040048ms
 30: 1.048444ms
 31: 1.041222ms
 32: 1.060377ms
 33: 1.044773ms
 34: 1.036140ms
 35: 1.063826ms
 36: 1.050309ms
 37: 1.043383ms
 38: 1.053866ms
 39: 1.043025ms
 40: 1.048018ms
 41: 1.051572ms
 42: 1.056334ms
 43: 1.041071ms
 44: 1.052011ms
 45: 1.045814ms
 46: 1.048721ms
 47: 1.047326ms
 48: 1.046018ms
 49: 1.490753ms
 50: 1.042151ms
 51: 1.057338ms
 52: 1.049713ms
 53: 1.039962ms
 54: 1.042020ms
 55: 1.038468ms
 56: 1.034459ms
 57: 1.066684ms
 58: 1.035621ms
 59: 1.043187ms
 60: 1.037038ms
 61: 1.042975ms
 62: 1.052834ms
 63: 1.032209ms
 64: 1.031525ms
 65: 1.034089ms
 66: 1.045943ms
 67: 1.057254ms
 68: 1.080466ms
 69: 1.028830ms
 70: 1.045752ms
 71: 1.044022ms
 72: 1.026918ms
 73: 1.031059ms
 74: 1.043655ms
 75: 1.041030ms
 76: 1.042467ms
 77: 1.045010ms
 78: 1.032407ms
 79: 1.042749ms
 80: 1.040950ms
 81: 1.053881ms
 82: 1.046410ms
 83: 1.042891ms
 84: 1.037170ms
 85: 1.039628ms
 86: 1.031336ms
 87: 1.039707ms
 88: 1.034073ms
 89: 1.036573ms
 90: 1.041274ms
 91: 1.076746ms
 92: 1.042243ms
 93: 1.218725ms
 94: 1.030477ms
 95: 1.025507ms
 96: 1.488322ms
 97: 1.048947ms
 98: 1.106554ms
 99: 1.027714ms
 100: 1.039108ms
 101: 1.040605ms
 102: 1.046563ms
 103: 1.572100ms
 104: 1.062696ms
 105: 1.027358ms
 106: 1.026885ms
 107: 1.029437ms
 108: 1.043123ms
 109: 1.040190ms
 110: 1.068146ms
 111: 1.048893ms
 112: 1.033988ms
 113: 1.042803ms
 114: 1.041715ms
 115: 1.051646ms
 116: 1.047980ms
 117: 1.034958ms
 118: 1.042787ms
 119: 1.055397ms
 120: 1.043819ms
 121: 1.045268ms
 122: 1.038221ms
 123: 1.016034ms
 124: 1.039775ms
 125: 1.039198ms
 126: 1.036936ms
 127: 1.048045ms
 128: 1.035986ms
 129: 1.045743ms
 130: 1.037681ms
 131: 1.036697ms
 132: 1.036166ms
 133: 1.086102ms
 134: 1.036530ms
 135: 1.046929ms
 136: 1.046391ms
 137: 1.009361ms
 138: 1.039153ms
 139: 1.032416ms
 140: 1.034717ms
 141: 1.029387ms
 142: 1.032510ms
 143: 1.242766ms
 144: 1.051766ms
 145: 1.033781ms
 146: 1.038176ms
 147: 1.043181ms
 148: 1.043429ms
 149: 1.049765ms
 150: 1.059547ms
 151: 1.045237ms
 152: 1.051573ms
 153: 1.114216ms
 154: 1.057527ms
 155: 1.057571ms
 156: 1.063823ms
 157: 1.049096ms
 158: 1.050698ms
 159: 1.043155ms
 160: 1.043263ms
 161: 1.046463ms
 162: 1.051980ms
 163: 1.060134ms
 164: 1.063584ms
 165: 1.051017ms
 166: 1.058624ms
 167: 1.048879ms
 168: 1.041567ms
 169: 1.053380ms
 170: 1.062526ms
 171: 1.049318ms
 172: 1.044792ms
 173: 1.049081ms
 174: 1.053681ms
 175: 1.052530ms
 176: 1.051404ms
 177: 1.052420ms
 178: 1.055191ms
 179: 1.050584ms
 180: 1.061012ms
 181: 1.149602ms
 182: 1.047880ms
 183: 1.071224ms
 184: 1.065032ms
 185: 1.046764ms
 186: 1.121129ms
 187: 1.046234ms
 188: 1.172146ms
 189: 1.048187ms
 190: 1.040664ms
 191: 1.049738ms
 192: 1.055408ms
 193: 1.045985ms
 194: 1.052937ms
 195: 1.053179ms
 196: 1.068359ms
 197: 1.052187ms
 198: 1.046290ms
 199: 1.036786ms


-- Real : Q1: 50 Q2: 100 Q3: 150
-- Array: Q1: 49 Q2: 99 Q3: 149
Printing sorted runtimes:
 0: 1.039108ms
 1: 1.036786ms
 2: 1.038176ms
 3: 1.033781ms
 4: 1.032510ms
 5: 1.029387ms
 6: 1.034717ms
 7: 1.032416ms
 8: 1.009361ms
 9: 1.036530ms
 10: 1.036166ms
 11: 1.036676ms
 12: 1.036697ms
 13: 1.037681ms
 14: 1.035986ms
 15: 1.036617ms
 16: 1.036936ms
 17: 1.016034ms
 18: 1.038221ms
 19: 1.034958ms
 20: 1.033988ms
 21: 1.029437ms
 22: 1.036531ms
 23: 1.026885ms
 24: 1.027358ms
 25: 1.036732ms
 26: 1.027714ms
 27: 1.025507ms
 28: 1.030477ms
 29: 1.036573ms
 30: 1.034073ms
 31: 1.031336ms
 32: 1.037170ms
 33: 1.032407ms
 34: 1.036140ms
 35: 1.031059ms
 36: 1.026918ms
 37: 1.028830ms
 38: 1.034089ms
 39: 1.031525ms
 40: 1.032209ms
 41: 1.037038ms
 42: 1.035621ms
 43: 1.034459ms
 44: 1.038468ms
 45: 1.039628ms
 46: 1.039153ms
 47: 1.039198ms
 48: 1.039775ms
 49: 1.039707ms
 50: 1.039962ms
 51: 1.044986ms
 52: 1.040605ms
 53: 1.040190ms
 54: 1.040664ms
 55: 1.041274ms
 56: 1.041071ms
 57: 1.041222ms
 58: 1.041567ms
 59: 1.040950ms
 60: 1.041030ms
 61: 1.041715ms
 62: 1.043263ms
 63: 1.040048ms
 64: 1.043025ms
 65: 1.042803ms
 66: 1.043181ms
 67: 1.043263ms
 68: 1.043123ms
 69: 1.043383ms
 70: 1.042787ms
 71: 1.044022ms
 72: 1.041874ms
 73: 1.042975ms
 74: 1.043655ms
 75: 1.044792ms
 76: 1.042467ms
 77: 1.043819ms
 78: 1.044773ms
 79: 1.042749ms
 80: 1.043187ms
 81: 1.042151ms
 82: 1.042738ms
 83: 1.042891ms
 84: 1.042243ms
 85: 1.043429ms
 86: 1.043155ms
 87: 1.042020ms
 88: 1.045752ms
 89: 1.045237ms
 90: 1.045268ms
 91: 1.045743ms
 92: 1.045010ms
 93: 1.045115ms
 94: 1.046234ms
 95: 1.045814ms
 96: 1.045943ms
 97: 1.046018ms
 98: 1.045985ms
 99: 1.046290ms
 100: 1.046391ms
 101: 1.050309ms
 102: 1.046463ms
 103: 1.046563ms
 104: 1.047088ms
 105: 1.048045ms
 106: 1.046929ms
 107: 1.047880ms
 108: 1.046410ms
 109: 1.047326ms
 110: 1.046764ms
 111: 1.047980ms
 112: 1.048187ms
 113: 1.048444ms
 114: 1.048721ms
 115: 1.049096ms
 116: 1.048893ms
 117: 1.049738ms
 118: 1.049318ms
 119: 1.048879ms
 120: 1.048883ms
 121: 1.049081ms
 122: 1.049713ms
 123: 1.049765ms
 124: 1.048947ms
 125: 1.048018ms
 126: 1.053881ms
 127: 1.050584ms
 128: 1.051017ms
 129: 1.051766ms
 130: 1.052420ms
 131: 1.052187ms
 132: 1.051980ms
 133: 1.051573ms
 134: 1.051646ms
 135: 1.051572ms
 136: 1.050698ms
 137: 1.052011ms
 138: 1.053179ms
 139: 1.052937ms
 140: 1.052834ms
 141: 1.053866ms
 142: 1.051404ms
 143: 1.052530ms
 144: 1.053681ms
 145: 1.053380ms
 146: 1.055191ms
 147: 1.054659ms
 148: 1.055408ms
 149: 1.055397ms
 150: 1.056334ms
 151: 1.057254ms
 152: 1.057338ms
 153: 1.059547ms
 154: 1.057527ms
 155: 1.057571ms
 156: 1.058624ms
 157: 1.058367ms
 158: 1.058891ms
 159: 1.060235ms
 160: 1.522971ms
 161: 1.086102ms
 162: 1.080204ms
 163: 1.060134ms
 164: 1.063584ms
 165: 1.527534ms
 166: 1.063823ms
 167: 1.114216ms
 168: 1.069443ms
 169: 1.068146ms
 170: 1.062526ms
 171: 1.062528ms
 172: 1.089793ms
 173: 1.062696ms
 174: 1.572100ms
 175: 1.645021ms
 176: 1.507823ms
 177: 1.106554ms
 178: 1.067066ms
 179: 1.488322ms
 180: 1.061012ms
 181: 1.149602ms
 182: 1.062279ms
 183: 1.071224ms
 184: 1.065032ms
 185: 1.218725ms
 186: 1.121129ms
 187: 1.076746ms
 188: 1.172146ms
 189: 1.060377ms
 190: 1.063826ms
 191: 1.080466ms
 192: 1.079961ms
 193: 1.242766ms
 194: 1.542391ms
 195: 1.066684ms
 196: 1.068359ms
 197: 1.102332ms
 198: 1.490753ms
 199: 1.297476ms


Measurements
--------------------------
FFT Size            : 128^3
Threads             : 8
Batch               : 1
Iterations          : 200
Avg Tot Runtime     : 1.071777 ms
Runtime per batch   : 1.071777 ms
SD                  : 0.100438 ms
Q1                  : 1.039707 ms
Median              : 1.046341 ms
Q3                  : 1.055397 ms
