Expm 2: Streaming FFT

Printing individual runtimes:
 0: 1.811109ms
 1: 1.368560ms
 2: 1.285151ms
 3: 1.739844ms
 4: 1.237737ms
 5: 1.240278ms
 6: 1.233497ms
 7: 1.219350ms
 8: 1.243872ms
 9: 1.688088ms
 10: 1.215296ms
 11: 1.207619ms
 12: 1.686294ms
 13: 1.196432ms
 14: 1.197570ms
 15: 1.218225ms
 16: 1.223558ms
 17: 1.206152ms
 18: 1.675855ms
 19: 1.195407ms
 20: 1.196498ms
 21: 1.213994ms
 22: 1.208476ms
 23: 1.672885ms
 24: 1.198326ms
 25: 1.201910ms
 26: 1.185921ms
 27: 1.192097ms
 28: 1.199896ms
 29: 1.203444ms
 30: 1.671862ms
 31: 1.201584ms
 32: 1.208265ms
 33: 1.182234ms
 34: 1.199255ms
 35: 1.194721ms
 36: 1.203583ms
 37: 1.684612ms
 38: 1.173692ms
 39: 1.187741ms
 40: 1.178970ms
 41: 1.190091ms
 42: 1.204217ms
 43: 1.205348ms
 44: 1.173309ms
 45: 1.437097ms
 46: 1.199267ms
 47: 1.175152ms
 48: 1.209840ms
 49: 1.173111ms
 50: 1.187558ms
 51: 1.199548ms
 52: 1.195105ms
 53: 1.205496ms
 54: 1.205162ms
 55: 1.193099ms
 56: 1.194256ms
 57: 1.181417ms
 58: 1.637412ms
 59: 1.196387ms
 60: 1.194713ms
 61: 1.188850ms
 62: 1.201273ms
 63: 1.179112ms
 64: 1.188303ms
 65: 1.201600ms
 66: 1.193066ms
 67: 1.195904ms
 68: 1.180370ms
 69: 1.182622ms
 70: 1.195828ms
 71: 1.193518ms
 72: 1.193725ms
 73: 1.197952ms
 74: 1.194019ms
 75: 1.671853ms
 76: 1.207993ms
 77: 1.185993ms
 78: 1.205055ms
 79: 1.199466ms
 80: 1.192875ms
 81: 1.188101ms
 82: 1.194859ms
 83: 1.205325ms
 84: 1.199381ms
 85: 1.173233ms
 86: 1.179044ms
 87: 1.195777ms
 88: 1.189225ms
 89: 1.200250ms
 90: 1.180623ms
 91: 1.679099ms
 92: 1.199501ms
 93: 1.201808ms
 94: 1.191816ms
 95: 1.189929ms
 96: 1.183285ms
 97: 1.176498ms
 98: 1.191882ms
 99: 1.189014ms
 100: 1.191846ms
 101: 1.191362ms
 102: 1.205380ms
 103: 1.203519ms
 104: 1.179213ms
 105: 1.181249ms
 106: 1.208182ms
 107: 1.200590ms
 108: 1.195757ms
 109: 1.197543ms
 110: 1.193440ms
 111: 1.653768ms
 112: 1.179212ms
 113: 1.168863ms
 114: 1.199520ms
 115: 1.190658ms
 116: 1.175754ms
 117: 1.344499ms
 118: 1.190773ms
 119: 1.385982ms
 120: 1.203793ms
 121: 1.180234ms
 122: 1.180762ms
 123: 1.331039ms
 124: 1.206950ms
 125: 1.192645ms
 126: 1.180421ms
 127: 1.207207ms
 128: 1.449884ms
 129: 1.274935ms
 130: 1.168718ms
 131: 1.171837ms
 132: 1.193208ms
 133: 1.179920ms
 134: 1.204532ms
 135: 1.194020ms
 136: 1.734539ms
 137: 1.205159ms
 138: 1.207918ms
 139: 1.192539ms
 140: 1.209552ms
 141: 1.190491ms
 142: 1.192475ms
 143: 1.200408ms
 144: 1.174800ms
 145: 1.187146ms
 146: 1.208495ms
 147: 1.185553ms
 148: 1.204227ms
 149: 1.201488ms
 150: 1.183210ms
 151: 1.174076ms
 152: 1.188117ms
 153: 1.163265ms
 154: 1.187005ms
 155: 1.182926ms
 156: 1.189984ms
 157: 1.163748ms
 158: 1.189398ms
 159: 1.211781ms
 160: 1.210332ms
 161: 1.663589ms
 162: 1.190540ms
 163: 1.204679ms
 164: 1.192231ms
 165: 1.206081ms
 166: 1.180868ms
 167: 1.172589ms
 168: 1.191391ms
 169: 1.185196ms
 170: 1.184951ms
 171: 1.200293ms
 172: 1.174586ms
 173: 1.166196ms
 174: 1.241008ms
 175: 1.173726ms
 176: 1.191094ms
 177: 1.197145ms
 178: 1.172740ms
 179: 1.181572ms
 180: 1.193981ms
 181: 1.185092ms
 182: 1.169030ms
 183: 1.195666ms
 184: 1.177985ms
 185: 1.178282ms
 186: 1.184381ms
 187: 1.199290ms
 188: 1.173958ms
 189: 1.181628ms
 190: 1.190164ms
 191: 1.177127ms
 192: 1.182363ms
 193: 1.215944ms
 194: 1.656272ms
 195: 1.190253ms
 196: 1.189489ms
 197: 1.182629ms
 198: 1.188540ms
 199: 1.192123ms


-- Real : Q1: 50 Q2: 100 Q3: 150
-- Array: Q1: 49 Q2: 99 Q3: 149
Printing sorted runtimes:
 0: 1.183210ms
 1: 1.173233ms
 2: 1.182629ms
 3: 1.179044ms
 4: 1.180623ms
 5: 1.182363ms
 6: 1.177127ms
 7: 1.176498ms
 8: 1.181628ms
 9: 1.173958ms
 10: 1.182622ms
 11: 1.178282ms
 12: 1.177985ms
 13: 1.169030ms
 14: 1.180370ms
 15: 1.181572ms
 16: 1.172740ms
 17: 1.179213ms
 18: 1.173726ms
 19: 1.166196ms
 20: 1.174586ms
 21: 1.181249ms
 22: 1.179212ms
 23: 1.179112ms
 24: 1.172589ms
 25: 1.180868ms
 26: 1.168863ms
 27: 1.175754ms
 28: 1.181417ms
 29: 1.180234ms
 30: 1.163748ms
 31: 1.180762ms
 32: 1.182926ms
 33: 1.182234ms
 34: 1.180421ms
 35: 1.163265ms
 36: 1.168718ms
 37: 1.174076ms
 38: 1.173692ms
 39: 1.171837ms
 40: 1.178970ms
 41: 1.179920ms
 42: 1.173111ms
 43: 1.175152ms
 44: 1.173309ms
 45: 1.174800ms
 46: 1.185092ms
 47: 1.183285ms
 48: 1.184381ms
 49: 1.184951ms
 50: 1.185196ms
 51: 1.192645ms
 52: 1.187741ms
 53: 1.188117ms
 54: 1.187005ms
 55: 1.189984ms
 56: 1.189398ms
 57: 1.190540ms
 58: 1.190773ms
 59: 1.192097ms
 60: 1.190658ms
 61: 1.188850ms
 62: 1.185921ms
 63: 1.191391ms
 64: 1.188303ms
 65: 1.190091ms
 66: 1.187558ms
 67: 1.191094ms
 68: 1.192123ms
 69: 1.190491ms
 70: 1.191362ms
 71: 1.191846ms
 72: 1.189014ms
 73: 1.191882ms
 74: 1.190164ms
 75: 1.187146ms
 76: 1.189929ms
 77: 1.185993ms
 78: 1.191816ms
 79: 1.190253ms
 80: 1.189225ms
 81: 1.188101ms
 82: 1.189489ms
 83: 1.188540ms
 84: 1.192231ms
 85: 1.192475ms
 86: 1.192539ms
 87: 1.185553ms
 88: 1.193066ms
 89: 1.192875ms
 90: 1.193981ms
 91: 1.193099ms
 92: 1.193440ms
 93: 1.193518ms
 94: 1.193725ms
 95: 1.193208ms
 96: 1.194256ms
 97: 1.194019ms
 98: 1.194020ms
 99: 1.194713ms
 100: 1.194721ms
 101: 1.204217ms
 102: 1.195105ms
 103: 1.195407ms
 104: 1.195904ms
 105: 1.197145ms
 106: 1.196498ms
 107: 1.198326ms
 108: 1.195757ms
 109: 1.197543ms
 110: 1.195828ms
 111: 1.199381ms
 112: 1.199896ms
 113: 1.199255ms
 114: 1.199520ms
 115: 1.197952ms
 116: 1.196387ms
 117: 1.197570ms
 118: 1.199267ms
 119: 1.196432ms
 120: 1.195666ms
 121: 1.199501ms
 122: 1.199290ms
 123: 1.199548ms
 124: 1.199466ms
 125: 1.195777ms
 126: 1.200250ms
 127: 1.201808ms
 128: 1.203519ms
 129: 1.200293ms
 130: 1.200590ms
 131: 1.201910ms
 132: 1.201600ms
 133: 1.203444ms
 134: 1.201584ms
 135: 1.203793ms
 136: 1.201273ms
 137: 1.203583ms
 138: 1.194859ms
 139: 1.201488ms
 140: 1.200408ms
 141: 1.205325ms
 142: 1.205162ms
 143: 1.204679ms
 144: 1.204532ms
 145: 1.205159ms
 146: 1.205055ms
 147: 1.204227ms
 148: 1.205348ms
 149: 1.205380ms
 150: 1.205496ms
 151: 1.207993ms
 152: 1.207207ms
 153: 1.207918ms
 154: 1.206152ms
 155: 1.206950ms
 156: 1.207619ms
 157: 1.208182ms
 158: 1.206081ms
 159: 1.208265ms
 160: 1.208495ms
 161: 1.208476ms
 162: 1.210332ms
 163: 1.209552ms
 164: 1.211781ms
 165: 1.209840ms
 166: 1.213994ms
 167: 1.653768ms
 168: 1.672885ms
 169: 1.663589ms
 170: 1.331039ms
 171: 1.274935ms
 172: 1.671862ms
 173: 1.449884ms
 174: 1.241008ms
 175: 1.675855ms
 176: 1.734539ms
 177: 1.344499ms
 178: 1.223558ms
 179: 1.218225ms
 180: 1.671853ms
 181: 1.684612ms
 182: 1.385982ms
 183: 1.437097ms
 184: 1.686294ms
 185: 1.637412ms
 186: 1.215296ms
 187: 1.679099ms
 188: 1.688088ms
 189: 1.243872ms
 190: 1.219350ms
 191: 1.233497ms
 192: 1.240278ms
 193: 1.215944ms
 194: 1.656272ms
 195: 1.237737ms
 196: 1.739844ms
 197: 1.285151ms
 198: 1.368560ms
 199: 1.811109ms


Measurements
--------------------------
FFT Size            : 128^3
Threads             : 7
Batch               : 1
Iterations          : 200
Avg Tot Runtime     : 1.237180 ms
Runtime per batch   : 1.237180 ms
SD                  : 0.134258 ms
Q1                  : 1.184951 ms
Median              : 1.194717 ms
Q3                  : 1.205380 ms
