Expm 2: Streaming FFT

Printing individual runtimes:
 0: 0.778305ms
 1: 0.799007ms
 2: 0.851653ms
 3: 1.877465ms
 4: 0.752733ms
 5: 0.698842ms
 6: 0.699579ms
 7: 0.716352ms
 8: 0.880275ms
 9: 0.644860ms
 10: 0.705868ms
 11: 0.680593ms
 12: 1.061873ms
 13: 0.690614ms
 14: 0.731120ms
 15: 0.759454ms
 16: 0.658773ms
 17: 0.660274ms
 18: 0.899657ms
 19: 0.672185ms
 20: 0.644004ms
 21: 0.693238ms
 22: 0.689793ms
 23: 0.660181ms
 24: 0.754680ms
 25: 0.666050ms
 26: 0.694335ms
 27: 0.952915ms
 28: 0.714999ms
 29: 0.672164ms
 30: 0.669363ms
 31: 0.661064ms
 32: 0.713689ms
 33: 0.630358ms
 34: 0.727172ms
 35: 0.704654ms
 36: 0.682053ms
 37: 0.691237ms
 38: 0.674325ms
 39: 0.915423ms
 40: 0.686237ms
 41: 0.669161ms
 42: 0.721274ms
 43: 0.630136ms
 44: 0.681450ms
 45: 0.669646ms
 46: 0.761690ms
 47: 0.712535ms
 48: 0.651100ms
 49: 0.716692ms
 50: 0.669149ms
 51: 0.666327ms
 52: 0.654870ms
 53: 0.702080ms
 54: 0.670623ms
 55: 0.752373ms
 56: 0.668979ms
 57: 0.684506ms
 58: 0.691773ms
 59: 0.659806ms
 60: 0.900354ms
 61: 0.689182ms
 62: 0.726025ms
 63: 0.644856ms
 64: 0.700158ms
 65: 0.687846ms
 66: 0.746626ms
 67: 0.663237ms
 68: 0.700207ms
 69: 0.695715ms
 70: 0.672695ms
 71: 0.648747ms
 72: 0.634372ms
 73: 0.687925ms
 74: 0.654507ms
 75: 0.656373ms
 76: 0.665531ms
 77: 0.718706ms
 78: 0.702948ms
 79: 0.703479ms
 80: 0.658698ms
 81: 0.653585ms
 82: 0.715987ms
 83: 0.681212ms
 84: 0.692421ms
 85: 0.673033ms
 86: 0.650910ms
 87: 0.680976ms
 88: 0.747906ms
 89: 0.660521ms
 90: 0.722524ms
 91: 0.665829ms
 92: 0.671140ms
 93: 0.647955ms
 94: 0.687718ms
 95: 1.011952ms
 96: 0.669271ms
 97: 0.654763ms
 98: 0.717253ms
 99: 0.670719ms
 100: 0.681363ms
 101: 0.631172ms
 102: 0.674382ms
 103: 0.655095ms
 104: 0.688570ms
 105: 0.715561ms
 106: 0.667298ms
 107: 0.726403ms
 108: 0.711628ms
 109: 0.714574ms
 110: 0.743970ms
 111: 0.715399ms
 112: 0.711290ms
 113: 0.823344ms
 114: 0.695470ms
 115: 0.736140ms
 116: 0.665521ms
 117: 0.644401ms
 118: 0.710998ms
 119: 0.752810ms
 120: 0.692191ms
 121: 0.657253ms
 122: 0.708218ms
 123: 0.675002ms
 124: 0.756448ms
 125: 0.688513ms
 126: 0.664938ms
 127: 0.675866ms
 128: 0.705839ms
 129: 0.691901ms
 130: 0.684212ms
 131: 0.680316ms
 132: 0.643355ms
 133: 0.677192ms
 134: 0.649346ms
 135: 0.676475ms
 136: 0.663598ms
 137: 0.714552ms
 138: 0.717700ms
 139: 0.655149ms
 140: 0.639252ms
 141: 0.636888ms
 142: 0.677236ms
 143: 0.676435ms
 144: 0.650787ms
 145: 0.656847ms
 146: 0.657432ms
 147: 0.664830ms
 148: 0.682415ms
 149: 0.692175ms
 150: 0.664591ms
 151: 0.713608ms
 152: 0.724921ms
 153: 0.654182ms
 154: 0.687457ms
 155: 0.649845ms
 156: 0.679071ms
 157: 0.713185ms
 158: 0.697197ms
 159: 0.700934ms
 160: 0.696385ms
 161: 0.706927ms
 162: 0.719926ms
 163: 0.699245ms
 164: 0.708507ms
 165: 0.681903ms
 166: 0.722638ms
 167: 0.650924ms
 168: 0.826864ms
 169: 0.691392ms
 170: 0.801955ms
 171: 0.764412ms
 172: 0.779240ms
 173: 0.743599ms
 174: 0.694999ms
 175: 0.730002ms
 176: 0.727113ms
 177: 0.669263ms
 178: 0.662725ms
 179: 0.772381ms
 180: 0.721630ms
 181: 0.777185ms
 182: 0.740212ms
 183: 0.776467ms
 184: 0.771552ms
 185: 0.715592ms
 186: 0.711165ms
 187: 0.639934ms
 188: 0.704934ms
 189: 0.742390ms
 190: 0.696310ms
 191: 0.684264ms
 192: 0.698488ms
 193: 0.698556ms
 194: 0.793726ms
 195: 0.671104ms
 196: 0.755478ms
 197: 0.732650ms
 198: 0.699549ms
 199: 0.658491ms


-- Real : Q1: 50 Q2: 100 Q3: 150
-- Array: Q1: 49 Q2: 99 Q3: 149
Printing sorted runtimes:
 0: 0.658698ms
 1: 0.658491ms
 2: 0.653585ms
 3: 0.639934ms
 4: 0.656373ms
 5: 0.654507ms
 6: 0.650924ms
 7: 0.634372ms
 8: 0.649845ms
 9: 0.644860ms
 10: 0.654182ms
 11: 0.648747ms
 12: 0.650910ms
 13: 0.644856ms
 14: 0.657432ms
 15: 0.656847ms
 16: 0.647955ms
 17: 0.654763ms
 18: 0.650787ms
 19: 0.631172ms
 20: 0.644004ms
 21: 0.655095ms
 22: 0.654870ms
 23: 0.651100ms
 24: 0.636888ms
 25: 0.644401ms
 26: 0.639252ms
 27: 0.655149ms
 28: 0.657253ms
 29: 0.630136ms
 30: 0.643355ms
 31: 0.649346ms
 32: 0.630358ms
 33: 0.664830ms
 34: 0.661064ms
 35: 0.659806ms
 36: 0.662725ms
 37: 0.664591ms
 38: 0.663237ms
 39: 0.660521ms
 40: 0.660181ms
 41: 0.660274ms
 42: 0.663598ms
 43: 0.658773ms
 44: 0.665829ms
 45: 0.665531ms
 46: 0.664938ms
 47: 0.665521ms
 48: 0.666050ms
 49: 0.666327ms
 50: 0.667298ms
 51: 0.688513ms
 52: 0.677236ms
 53: 0.676435ms
 54: 0.670623ms
 55: 0.674382ms
 56: 0.676475ms
 57: 0.672185ms
 58: 0.670719ms
 59: 0.669149ms
 60: 0.669646ms
 61: 0.669271ms
 62: 0.672164ms
 63: 0.675002ms
 64: 0.671140ms
 65: 0.669161ms
 66: 0.675866ms
 67: 0.674325ms
 68: 0.680976ms
 69: 0.680316ms
 70: 0.672695ms
 71: 0.680593ms
 72: 0.679071ms
 73: 0.673033ms
 74: 0.669263ms
 75: 0.669363ms
 76: 0.677192ms
 77: 0.681212ms
 78: 0.671104ms
 79: 0.681363ms
 80: 0.684264ms
 81: 0.681903ms
 82: 0.687457ms
 83: 0.682415ms
 84: 0.682053ms
 85: 0.687925ms
 86: 0.684212ms
 87: 0.686237ms
 88: 0.668979ms
 89: 0.681450ms
 90: 0.684506ms
 91: 0.687846ms
 92: 0.687718ms
 93: 0.690614ms
 94: 0.689793ms
 95: 0.688570ms
 96: 0.689182ms
 97: 0.691773ms
 98: 0.691237ms
 99: 0.691392ms
 100: 0.691901ms
 101: 0.708507ms
 102: 0.693238ms
 103: 0.692191ms
 104: 0.694335ms
 105: 0.692421ms
 106: 0.694999ms
 107: 0.699245ms
 108: 0.697197ms
 109: 0.698842ms
 110: 0.696310ms
 111: 0.695715ms
 112: 0.698488ms
 113: 0.696385ms
 114: 0.695470ms
 115: 0.699579ms
 116: 0.698556ms
 117: 0.699549ms
 118: 0.700158ms
 119: 0.704654ms
 120: 0.704934ms
 121: 0.702948ms
 122: 0.702080ms
 123: 0.703479ms
 124: 0.700934ms
 125: 0.705839ms
 126: 0.700207ms
 127: 0.706927ms
 128: 0.705868ms
 129: 0.692175ms
 130: 0.708218ms
 131: 0.715987ms
 132: 0.713608ms
 133: 0.710998ms
 134: 0.713185ms
 135: 0.713689ms
 136: 0.714999ms
 137: 0.714552ms
 138: 0.711628ms
 139: 0.715592ms
 140: 0.712535ms
 141: 0.711165ms
 142: 0.711290ms
 143: 0.715399ms
 144: 0.715561ms
 145: 0.714574ms
 146: 0.717700ms
 147: 0.717253ms
 148: 0.716692ms
 149: 0.716352ms
 150: 0.718706ms
 151: 0.719926ms
 152: 0.721274ms
 153: 0.721630ms
 154: 0.731120ms
 155: 0.724921ms
 156: 0.727113ms
 157: 0.726403ms
 158: 0.726025ms
 159: 0.722524ms
 160: 0.722638ms
 161: 0.730002ms
 162: 0.727172ms
 163: 0.732650ms
 164: 0.755478ms
 165: 0.759454ms
 166: 0.752373ms
 167: 0.754680ms
 168: 0.743970ms
 169: 0.742390ms
 170: 0.736140ms
 171: 0.740212ms
 172: 0.752810ms
 173: 0.743599ms
 174: 0.752733ms
 175: 0.747906ms
 176: 0.756448ms
 177: 0.746626ms
 178: 0.915423ms
 179: 0.772381ms
 180: 0.779240ms
 181: 0.777185ms
 182: 0.764412ms
 183: 0.776467ms
 184: 0.771552ms
 185: 0.761690ms
 186: 0.801955ms
 187: 1.877465ms
 188: 0.823344ms
 189: 0.952915ms
 190: 0.826864ms
 191: 0.899657ms
 192: 0.778305ms
 193: 0.900354ms
 194: 0.793726ms
 195: 0.851653ms
 196: 1.061873ms
 197: 0.880275ms
 198: 1.011952ms
 199: 0.799007ms


Measurements
--------------------------
FFT Size            : 128^3
Threads             : 23
Batch               : 1
Iterations          : 200
Avg Tot Runtime     : 0.710441 ms
Runtime per batch   : 0.710441 ms
SD                  : 0.103157 ms
Q1                  : 0.666327 ms
Median              : 0.691646 ms
Q3                  : 0.716352 ms
