Expm 2: Streaming FFT

Printing individual runtimes:
 0: 0.305475ms
 1: 0.143767ms
 2: 0.139406ms
 3: 0.297876ms
 4: 0.139155ms
 5: 1.031824ms
 6: 0.142036ms
 7: 0.136203ms
 8: 0.138938ms
 9: 0.266280ms
 10: 0.164430ms
 11: 0.153293ms
 12: 0.133878ms
 13: 0.138406ms
 14: 0.173762ms
 15: 0.165394ms
 16: 0.141477ms
 17: 0.146599ms
 18: 1.748195ms
 19: 0.160474ms
 20: 0.137144ms
 21: 0.149450ms
 22: 0.160443ms
 23: 0.136374ms
 24: 0.132479ms
 25: 0.133701ms
 26: 0.138062ms
 27: 0.143691ms
 28: 0.137103ms
 29: 0.138878ms
 30: 0.138164ms
 31: 0.141173ms
 32: 0.137486ms
 33: 0.135032ms
 34: 0.142313ms
 35: 0.295472ms
 36: 0.136997ms
 37: 0.134727ms
 38: 0.138352ms
 39: 0.148720ms
 40: 0.137831ms
 41: 0.158134ms
 42: 0.147632ms
 43: 0.139486ms
 44: 0.173403ms
 45: 0.134440ms
 46: 0.140430ms
 47: 0.165356ms
 48: 0.135365ms
 49: 0.131054ms
 50: 0.139892ms
 51: 0.168908ms
 52: 0.175494ms
 53: 0.332982ms
 54: 0.136558ms
 55: 0.172394ms
 56: 0.142027ms
 57: 0.135403ms
 58: 0.155326ms
 59: 0.139547ms
 60: 0.139596ms
 61: 0.155654ms
 62: 0.141076ms
 63: 0.149271ms
 64: 0.143678ms
 65: 0.149562ms
 66: 0.156318ms
 67: 0.135149ms
 68: 0.139843ms
 69: 0.137284ms
 70: 0.138120ms
 71: 0.137329ms
 72: 0.135483ms
 73: 0.137932ms
 74: 0.139043ms
 75: 0.139697ms
 76: 0.136096ms
 77: 0.143689ms
 78: 0.139332ms
 79: 0.142659ms
 80: 0.146364ms
 81: 0.144225ms
 82: 0.138283ms
 83: 0.143660ms
 84: 0.316359ms
 85: 0.137717ms
 86: 0.136705ms
 87: 0.136094ms
 88: 0.138963ms
 89: 0.138550ms
 90: 0.141270ms
 91: 0.137308ms
 92: 0.141418ms
 93: 0.142319ms
 94: 0.140251ms
 95: 0.136554ms
 96: 0.139901ms
 97: 0.139538ms
 98: 0.137464ms
 99: 0.137972ms
 100: 0.133559ms
 101: 0.133100ms
 102: 0.139863ms
 103: 0.142500ms
 104: 0.159958ms
 105: 0.145223ms
 106: 0.141461ms
 107: 0.142405ms
 108: 0.138132ms
 109: 0.137564ms
 110: 0.138323ms
 111: 0.142561ms
 112: 0.132359ms
 113: 0.137522ms
 114: 0.136885ms
 115: 0.137986ms
 116: 0.154801ms
 117: 0.135939ms
 118: 0.135173ms
 119: 0.131388ms
 120: 0.138001ms
 121: 0.134078ms
 122: 0.132570ms
 123: 0.138134ms
 124: 0.134854ms
 125: 0.142157ms
 126: 0.145399ms
 127: 0.137025ms
 128: 0.137342ms
 129: 0.173341ms
 130: 0.142591ms
 131: 0.135392ms
 132: 0.139070ms
 133: 0.141824ms
 134: 0.135523ms
 135: 0.139207ms
 136: 0.137478ms
 137: 0.135631ms
 138: 0.140622ms
 139: 0.137686ms
 140: 0.136937ms
 141: 0.133144ms
 142: 0.139550ms
 143: 0.136398ms
 144: 0.138161ms
 145: 0.136998ms
 146: 0.137862ms
 147: 0.133722ms
 148: 0.165398ms
 149: 0.137022ms
 150: 0.138563ms
 151: 0.135927ms
 152: 0.141908ms
 153: 0.137336ms
 154: 0.143814ms
 155: 0.176526ms
 156: 0.134494ms
 157: 0.170693ms
 158: 0.139422ms
 159: 0.132698ms
 160: 0.146468ms
 161: 0.138609ms
 162: 0.149690ms
 163: 0.138268ms
 164: 0.174584ms
 165: 0.154515ms
 166: 0.142927ms
 167: 0.152062ms
 168: 0.137112ms
 169: 0.134830ms
 170: 0.137473ms
 171: 0.137831ms
 172: 0.136577ms
 173: 0.138641ms
 174: 0.137865ms
 175: 0.158204ms
 176: 0.137674ms
 177: 0.137360ms
 178: 0.153259ms
 179: 0.139359ms
 180: 0.140738ms
 181: 0.139216ms
 182: 0.136060ms
 183: 0.134959ms
 184: 0.185436ms
 185: 0.132693ms
 186: 0.137616ms
 187: 0.164071ms
 188: 0.149932ms
 189: 0.138976ms
 190: 0.145314ms
 191: 0.140302ms
 192: 0.135771ms
 193: 0.162834ms
 194: 0.144223ms
 195: 0.170643ms
 196: 0.138753ms
 197: 0.136125ms
 198: 0.173093ms
 199: 0.132243ms


-- Real : Q1: 50 Q2: 100 Q3: 150
-- Array: Q1: 49 Q2: 99 Q3: 149
Printing sorted runtimes:
 0: 0.133559ms
 1: 0.132243ms
 2: 0.132693ms
 3: 0.132698ms
 4: 0.133144ms
 5: 0.132570ms
 6: 0.131388ms
 7: 0.132359ms
 8: 0.133100ms
 9: 0.131054ms
 10: 0.132479ms
 11: 0.134494ms
 12: 0.133878ms
 13: 0.134440ms
 14: 0.134078ms
 15: 0.133722ms
 16: 0.133701ms
 17: 0.135631ms
 18: 0.135483ms
 19: 0.135149ms
 20: 0.134830ms
 21: 0.135403ms
 22: 0.135523ms
 23: 0.135365ms
 24: 0.134959ms
 25: 0.135173ms
 26: 0.134854ms
 27: 0.135392ms
 28: 0.134727ms
 29: 0.135032ms
 30: 0.137025ms
 31: 0.136554ms
 32: 0.135927ms
 33: 0.136998ms
 34: 0.136096ms
 35: 0.136060ms
 36: 0.136997ms
 37: 0.136203ms
 38: 0.136885ms
 39: 0.136094ms
 40: 0.136558ms
 41: 0.136937ms
 42: 0.136125ms
 43: 0.136705ms
 44: 0.136577ms
 45: 0.136398ms
 46: 0.137022ms
 47: 0.135939ms
 48: 0.136374ms
 49: 0.135771ms
 50: 0.137103ms
 51: 0.139070ms
 52: 0.137284ms
 53: 0.137144ms
 54: 0.137342ms
 55: 0.137473ms
 56: 0.137478ms
 57: 0.137464ms
 58: 0.137329ms
 59: 0.137336ms
 60: 0.137360ms
 61: 0.137308ms
 62: 0.137522ms
 63: 0.137564ms
 64: 0.137616ms
 65: 0.137486ms
 66: 0.137674ms
 67: 0.137686ms
 68: 0.137862ms
 69: 0.137717ms
 70: 0.137831ms
 71: 0.137831ms
 72: 0.137865ms
 73: 0.137932ms
 74: 0.138120ms
 75: 0.137972ms
 76: 0.138132ms
 77: 0.137986ms
 78: 0.138001ms
 79: 0.138134ms
 80: 0.138062ms
 81: 0.138161ms
 82: 0.138283ms
 83: 0.138406ms
 84: 0.138878ms
 85: 0.138164ms
 86: 0.137112ms
 87: 0.138352ms
 88: 0.138963ms
 89: 0.138550ms
 90: 0.138641ms
 91: 0.138323ms
 92: 0.138976ms
 93: 0.138753ms
 94: 0.138563ms
 95: 0.139043ms
 96: 0.138268ms
 97: 0.138938ms
 98: 0.138609ms
 99: 0.139155ms
 100: 0.139207ms
 101: 0.145223ms
 102: 0.139406ms
 103: 0.139332ms
 104: 0.139422ms
 105: 0.139216ms
 106: 0.139359ms
 107: 0.139486ms
 108: 0.139547ms
 109: 0.141418ms
 110: 0.139697ms
 111: 0.140302ms
 112: 0.141076ms
 113: 0.139596ms
 114: 0.142027ms
 115: 0.139843ms
 116: 0.141270ms
 117: 0.139892ms
 118: 0.140430ms
 119: 0.141824ms
 120: 0.140622ms
 121: 0.141461ms
 122: 0.140738ms
 123: 0.140251ms
 124: 0.139901ms
 125: 0.141477ms
 126: 0.139863ms
 127: 0.141173ms
 128: 0.139550ms
 129: 0.141908ms
 130: 0.142036ms
 131: 0.142157ms
 132: 0.143691ms
 133: 0.142591ms
 134: 0.142313ms
 135: 0.142561ms
 136: 0.142927ms
 137: 0.143678ms
 138: 0.142405ms
 139: 0.142500ms
 140: 0.142319ms
 141: 0.143689ms
 142: 0.142659ms
 143: 0.143660ms
 144: 0.143767ms
 145: 0.144223ms
 146: 0.144225ms
 147: 0.143814ms
 148: 0.139538ms
 149: 0.145314ms
 150: 0.145399ms
 151: 0.146364ms
 152: 0.146599ms
 153: 0.146468ms
 154: 0.149562ms
 155: 0.149932ms
 156: 0.149271ms
 157: 0.149450ms
 158: 0.148720ms
 159: 0.149690ms
 160: 0.147632ms
 161: 0.156318ms
 162: 0.160474ms
 163: 0.162834ms
 164: 0.165398ms
 165: 0.154515ms
 166: 0.165394ms
 167: 0.152062ms
 168: 0.155654ms
 169: 0.155326ms
 170: 0.164071ms
 171: 0.153293ms
 172: 0.160443ms
 173: 0.164430ms
 174: 0.159958ms
 175: 0.158204ms
 176: 0.165356ms
 177: 0.158134ms
 178: 0.153259ms
 179: 0.154801ms
 180: 0.173403ms
 181: 0.266280ms
 182: 0.295472ms
 183: 0.168908ms
 184: 0.185436ms
 185: 0.175494ms
 186: 0.332982ms
 187: 0.172394ms
 188: 0.174584ms
 189: 0.297876ms
 190: 0.170693ms
 191: 1.748195ms
 192: 0.176526ms
 193: 1.031824ms
 194: 0.173341ms
 195: 0.170643ms
 196: 0.316359ms
 197: 0.173762ms
 198: 0.173093ms
 199: 0.305475ms


Measurements
--------------------------
FFT Size            : 70^3
Threads             : 31
Batch               : 1
Iterations          : 200
Avg Tot Runtime     : 0.160278 ms
Runtime per batch   : 0.160278 ms
SD                  : 0.131986 ms
Q1                  : 0.135771 ms
Median              : 0.139181 ms
Q3                  : 0.145314 ms
