Expm 2: Streaming FFT

Printing individual runtimes:
 0: 0.268636ms
 1: 0.132250ms
 2: 0.144599ms
 3: 0.388225ms
 4: 0.132226ms
 5: 0.987913ms
 6: 0.121817ms
 7: 0.267534ms
 8: 0.152275ms
 9: 0.193663ms
 10: 0.132071ms
 11: 0.316757ms
 12: 0.144207ms
 13: 0.149519ms
 14: 0.202050ms
 15: 0.133969ms
 16: 0.132652ms
 17: 0.274263ms
 18: 0.123269ms
 19: 0.137723ms
 20: 0.228555ms
 21: 0.136467ms
 22: 0.137905ms
 23: 0.146864ms
 24: 0.150388ms
 25: 0.139861ms
 26: 0.146478ms
 27: 0.128126ms
 28: 0.294293ms
 29: 0.136049ms
 30: 0.143802ms
 31: 0.162436ms
 32: 0.126458ms
 33: 0.139917ms
 34: 0.134856ms
 35: 0.327243ms
 36: 0.125970ms
 37: 0.152596ms
 38: 0.132110ms
 39: 0.136716ms
 40: 0.140516ms
 41: 0.172917ms
 42: 0.126822ms
 43: 0.144457ms
 44: 0.139189ms
 45: 0.149644ms
 46: 0.134889ms
 47: 0.139058ms
 48: 0.141706ms
 49: 0.272533ms
 50: 0.137927ms
 51: 0.120996ms
 52: 0.151272ms
 53: 0.125044ms
 54: 0.140522ms
 55: 0.156562ms
 56: 0.136720ms
 57: 0.148478ms
 58: 0.137804ms
 59: 0.142606ms
 60: 0.157445ms
 61: 0.125346ms
 62: 0.128946ms
 63: 0.198846ms
 64: 0.137215ms
 65: 0.131019ms
 66: 0.144640ms
 67: 0.147897ms
 68: 0.149859ms
 69: 0.134557ms
 70: 0.147763ms
 71: 0.150980ms
 72: 0.153765ms
 73: 0.148710ms
 74: 0.133960ms
 75: 0.143672ms
 76: 0.134802ms
 77: 0.156926ms
 78: 0.162462ms
 79: 0.151160ms
 80: 0.140634ms
 81: 0.140354ms
 82: 0.135966ms
 83: 0.133563ms
 84: 0.144013ms
 85: 0.123601ms
 86: 0.137286ms
 87: 0.139096ms
 88: 0.148957ms
 89: 0.240600ms
 90: 0.118167ms
 91: 0.152610ms
 92: 0.155578ms
 93: 0.133231ms
 94: 0.158793ms
 95: 0.134108ms
 96: 0.137849ms
 97: 0.149957ms
 98: 0.132268ms
 99: 0.139424ms
 100: 0.160059ms
 101: 0.141289ms
 102: 0.132707ms
 103: 0.122025ms
 104: 0.136178ms
 105: 0.159718ms
 106: 0.136410ms
 107: 0.150450ms
 108: 0.137987ms
 109: 0.134330ms
 110: 0.128936ms
 111: 0.136450ms
 112: 0.154734ms
 113: 0.137450ms
 114: 0.152692ms
 115: 0.143229ms
 116: 0.149129ms
 117: 0.204489ms
 118: 0.148611ms
 119: 0.158000ms
 120: 0.137361ms
 121: 0.139818ms
 122: 0.124359ms
 123: 0.144410ms
 124: 0.145885ms
 125: 0.149713ms
 126: 0.147226ms
 127: 0.150083ms
 128: 0.148264ms
 129: 0.141492ms
 130: 0.148462ms
 131: 0.120690ms
 132: 0.137620ms
 133: 0.150098ms
 134: 0.158910ms
 135: 0.145168ms
 136: 0.160335ms
 137: 0.137593ms
 138: 0.131827ms
 139: 0.136841ms
 140: 0.141611ms
 141: 0.133369ms
 142: 0.144269ms
 143: 0.138810ms
 144: 0.140918ms
 145: 0.137734ms
 146: 0.167271ms
 147: 0.124006ms
 148: 0.138833ms
 149: 0.127893ms
 150: 0.125139ms
 151: 0.131185ms
 152: 0.135902ms
 153: 0.162515ms
 154: 0.135921ms
 155: 0.149725ms
 156: 0.120074ms
 157: 0.140457ms
 158: 0.131902ms
 159: 0.131701ms
 160: 0.137127ms
 161: 0.155535ms
 162: 0.132191ms
 163: 0.135806ms
 164: 0.155186ms
 165: 0.136235ms
 166: 0.134647ms
 167: 0.140819ms
 168: 0.136548ms
 169: 0.138018ms
 170: 0.151958ms
 171: 0.134341ms
 172: 0.132609ms
 173: 0.148659ms
 174: 0.147734ms
 175: 0.143410ms
 176: 0.145779ms
 177: 0.138620ms
 178: 0.279654ms
 179: 0.144675ms
 180: 0.144885ms
 181: 0.138351ms
 182: 0.167268ms
 183: 0.143494ms
 184: 0.144859ms
 185: 0.136828ms
 186: 0.129987ms
 187: 0.139560ms
 188: 0.139941ms
 189: 0.133172ms
 190: 0.141114ms
 191: 0.138126ms
 192: 0.125343ms
 193: 0.124228ms
 194: 0.137452ms
 195: 0.136610ms
 196: 0.130907ms
 197: 0.132285ms
 198: 0.141724ms
 199: 0.134832ms


-- Real : Q1: 50 Q2: 100 Q3: 150
-- Array: Q1: 49 Q2: 99 Q3: 149
Printing sorted runtimes:
 0: 0.131827ms
 1: 0.120996ms
 2: 0.125044ms
 3: 0.130907ms
 4: 0.125346ms
 5: 0.124228ms
 6: 0.121817ms
 7: 0.125343ms
 8: 0.128946ms
 9: 0.129987ms
 10: 0.131019ms
 11: 0.126822ms
 12: 0.123601ms
 13: 0.118167ms
 14: 0.125970ms
 15: 0.122025ms
 16: 0.126458ms
 17: 0.131701ms
 18: 0.123269ms
 19: 0.128936ms
 20: 0.120074ms
 21: 0.131185ms
 22: 0.125139ms
 23: 0.127893ms
 24: 0.124006ms
 25: 0.124359ms
 26: 0.120690ms
 27: 0.128126ms
 28: 0.133369ms
 29: 0.132250ms
 30: 0.131902ms
 31: 0.132285ms
 32: 0.132652ms
 33: 0.132226ms
 34: 0.132707ms
 35: 0.132268ms
 36: 0.132191ms
 37: 0.133172ms
 38: 0.132110ms
 39: 0.133231ms
 40: 0.132071ms
 41: 0.132609ms
 42: 0.134647ms
 43: 0.133563ms
 44: 0.134330ms
 45: 0.133960ms
 46: 0.134557ms
 47: 0.134341ms
 48: 0.134108ms
 49: 0.133969ms
 50: 0.134802ms
 51: 0.137723ms
 52: 0.134832ms
 53: 0.137127ms
 54: 0.135921ms
 55: 0.135806ms
 56: 0.136720ms
 57: 0.135902ms
 58: 0.136467ms
 59: 0.136235ms
 60: 0.136841ms
 61: 0.136610ms
 62: 0.137593ms
 63: 0.137452ms
 64: 0.137215ms
 65: 0.137620ms
 66: 0.136548ms
 67: 0.136049ms
 68: 0.137361ms
 69: 0.134889ms
 70: 0.137450ms
 71: 0.136450ms
 72: 0.136410ms
 73: 0.136178ms
 74: 0.134856ms
 75: 0.136716ms
 76: 0.136828ms
 77: 0.137286ms
 78: 0.135966ms
 79: 0.138126ms
 80: 0.137987ms
 81: 0.138018ms
 82: 0.137849ms
 83: 0.137927ms
 84: 0.137734ms
 85: 0.137905ms
 86: 0.137804ms
 87: 0.139941ms
 88: 0.139560ms
 89: 0.139189ms
 90: 0.139917ms
 91: 0.138833ms
 92: 0.138620ms
 93: 0.138810ms
 94: 0.138351ms
 95: 0.139861ms
 96: 0.139096ms
 97: 0.139058ms
 98: 0.139818ms
 99: 0.139424ms
 100: 0.140354ms
 101: 0.148957ms
 102: 0.140522ms
 103: 0.140516ms
 104: 0.140634ms
 105: 0.145779ms
 106: 0.148710ms
 107: 0.144457ms
 108: 0.144013ms
 109: 0.143410ms
 110: 0.143802ms
 111: 0.141724ms
 112: 0.147734ms
 113: 0.147763ms
 114: 0.148659ms
 115: 0.143229ms
 116: 0.148478ms
 117: 0.144207ms
 118: 0.148611ms
 119: 0.141289ms
 120: 0.141114ms
 121: 0.144675ms
 122: 0.147897ms
 123: 0.144410ms
 124: 0.145885ms
 125: 0.140457ms
 126: 0.147226ms
 127: 0.146864ms
 128: 0.148264ms
 129: 0.141492ms
 130: 0.148462ms
 131: 0.144640ms
 132: 0.144859ms
 133: 0.142606ms
 134: 0.140819ms
 135: 0.145168ms
 136: 0.143494ms
 137: 0.141706ms
 138: 0.146478ms
 139: 0.144599ms
 140: 0.141611ms
 141: 0.144885ms
 142: 0.144269ms
 143: 0.143672ms
 144: 0.140918ms
 145: 0.149644ms
 146: 0.149519ms
 147: 0.149129ms
 148: 0.149725ms
 149: 0.149713ms
 150: 0.149859ms
 151: 0.149957ms
 152: 0.150083ms
 153: 0.150098ms
 154: 0.150980ms
 155: 0.150388ms
 156: 0.150450ms
 157: 0.151160ms
 158: 0.151272ms
 159: 0.153765ms
 160: 0.152275ms
 161: 0.152610ms
 162: 0.152596ms
 163: 0.152692ms
 164: 0.151958ms
 165: 0.167271ms
 166: 0.160335ms
 167: 0.158910ms
 168: 0.156562ms
 169: 0.158000ms
 170: 0.155186ms
 171: 0.204489ms
 172: 0.157445ms
 173: 0.162515ms
 174: 0.154734ms
 175: 0.162436ms
 176: 0.159718ms
 177: 0.160059ms
 178: 0.198846ms
 179: 0.267534ms
 180: 0.202050ms
 181: 0.158793ms
 182: 0.167268ms
 183: 0.155578ms
 184: 0.155535ms
 185: 0.240600ms
 186: 0.193663ms
 187: 0.172917ms
 188: 0.162462ms
 189: 0.228555ms
 190: 0.156926ms
 191: 0.268636ms
 192: 0.327243ms
 193: 0.987913ms
 194: 0.279654ms
 195: 0.272533ms
 196: 0.388225ms
 197: 0.316757ms
 198: 0.294293ms
 199: 0.274263ms


Measurements
--------------------------
FFT Size            : 70^3
Threads             : 35
Batch               : 1
Iterations          : 200
Avg Tot Runtime     : 0.154146 ms
Runtime per batch   : 0.154146 ms
SD                  : 0.069646 ms
Q1                  : 0.133969 ms
Median              : 0.139889 ms
Q3                  : 0.149713 ms
