Expm 1: Only FFTW
FFTW Plan: Patient
-- Cannot import wisdom from ../../wisdom/singlenode/prime/expm1//fftw_61_t3_b1.patient
-- Exporting wisdom file to ../../wisdom/singlenode/prime/expm1//fftw_61_t3_b1.patient
Iteration: 0, 1, 2, 3, 4, 5, 6, 7, 8, 9, 10, 11, 12, 13, 14, 15, 16, 17, 18, 19, 20, 21, 22, 23, 24, 25, 26, 27, 28, 29, 30, 31, 32, 33, 34, 35, 36, 37, 38, 39, 40, 41, 42, 43, 44, 45, 46, 47, 48, 49, 
Printing individual runtimes:
 0: 7.228154ms
 1: 7.260279ms
 2: 7.243677ms
 3: 7.241096ms
 4: 7.227552ms
 5: 7.251043ms
 6: 7.215434ms
 7: 7.252992ms
 8: 7.231485ms
 9: 7.309642ms
 10: 7.255332ms
 11: 7.256310ms
 12: 7.233460ms
 13: 7.228464ms
 14: 7.231450ms
 15: 7.239062ms
 16: 7.240686ms
 17: 7.236344ms
 18: 7.261349ms
 19: 7.229350ms
 20: 7.250043ms
 21: 7.245108ms
 22: 7.277866ms
 23: 7.254146ms
 24: 7.250637ms
 25: 7.326630ms
 26: 7.221525ms
 27: 7.261863ms
 28: 7.259304ms
 29: 7.242992ms
 30: 7.256784ms
 31: 7.240492ms
 32: 7.268631ms
 33: 7.228604ms
 34: 7.263570ms
 35: 7.262608ms
 36: 7.251310ms
 37: 7.256474ms
 38: 7.254760ms
 39: 7.244465ms
 40: 7.225108ms
 41: 7.253083ms
 42: 7.254602ms
 43: 7.242262ms
 44: 7.252616ms
 45: 7.237862ms
 46: 7.257017ms
 47: 7.268120ms
 48: 7.221182ms
 49: 7.269501ms


Measurements
--------------------------
FFT Size            : 61^3
Threads             : 3
Batch               : 1
Iterations          : 50
Avg Tot Runtime     : 7.249447 ms
Runtime per batch   : 7.249447 ms
SD                  : 0.020002 ms
Throughput          : 0.037619 GFLOPs
Plan Time           : 13.420449 sec
