Expm 1: Only FFTW
FFTW Plan: Patient
-- Cannot import wisdom from ../../wisdom/singlenode/prime/expm1//fftw_61_t17_b1.patient
-- Exporting wisdom file to ../../wisdom/singlenode/prime/expm1//fftw_61_t17_b1.patient
Iteration: 0, 1, 2, 3, 4, 5, 6, 7, 8, 9, 10, 11, 12, 13, 14, 15, 16, 17, 18, 19, 20, 21, 22, 23, 24, 25, 26, 27, 28, 29, 30, 31, 32, 33, 34, 35, 36, 37, 38, 39, 40, 41, 42, 43, 44, 45, 46, 47, 48, 49, 
Printing individual runtimes:
 0: 1.459096ms
 1: 1.508059ms
 2: 1.475736ms
 3: 1.473822ms
 4: 1.479672ms
 5: 1.469943ms
 6: 1.475446ms
 7: 1.483050ms
 8: 1.472783ms
 9: 1.475157ms
 10: 1.476265ms
 11: 1.473396ms
 12: 1.470854ms
 13: 1.480713ms
 14: 1.470483ms
 15: 1.474672ms
 16: 1.489517ms
 17: 1.466253ms
 18: 1.475823ms
 19: 1.483063ms
 20: 1.470142ms
 21: 1.473362ms
 22: 1.479385ms
 23: 1.474182ms
 24: 1.474400ms
 25: 1.482262ms
 26: 1.468026ms
 27: 1.470767ms
 28: 1.482582ms
 29: 1.467936ms
 30: 1.473141ms
 31: 1.478711ms
 32: 1.470427ms
 33: 1.466655ms
 34: 1.482701ms
 35: 1.463931ms
 36: 1.470065ms
 37: 1.477928ms
 38: 1.471261ms
 39: 1.472138ms
 40: 1.475300ms
 41: 1.470560ms
 42: 1.474580ms
 43: 1.483845ms
 44: 1.465309ms
 45: 1.475882ms
 46: 1.482160ms
 47: 1.469634ms
 48: 1.469960ms
 49: 1.483893ms


Measurements
--------------------------
FFT Size            : 61^3
Threads             : 17
Batch               : 1
Iterations          : 50
Avg Tot Runtime     : 1.475099 ms
Runtime per batch   : 1.475099 ms
SD                  : 0.007599 ms
Throughput          : 0.037619 GFLOPs
Plan Time           : 25.662691 sec
