Expm 1: Only FFTW
FFTW Plan: Patient
-- Cannot import wisdom from ../../wisdom/singlenode/prime/expm1//fftw_61_t25_b1.patient
-- Exporting wisdom file to ../../wisdom/singlenode/prime/expm1//fftw_61_t25_b1.patient
Iteration: 0, 1, 2, 3, 4, 5, 6, 7, 8, 9, 10, 11, 12, 13, 14, 15, 16, 17, 18, 19, 20, 21, 22, 23, 24, 25, 26, 27, 28, 29, 30, 31, 32, 33, 34, 35, 36, 37, 38, 39, 40, 41, 42, 43, 44, 45, 46, 47, 48, 49, 
Printing individual runtimes:
 0: 1.057407ms
 1: 1.061998ms
 2: 1.089736ms
 3: 1.078600ms
 4: 1.060783ms
 5: 1.060323ms
 6: 1.064403ms
 7: 1.063977ms
 8: 1.078585ms
 9: 1.062194ms
 10: 1.060198ms
 11: 1.067169ms
 12: 1.066057ms
 13: 1.055892ms
 14: 1.053847ms
 15: 1.059967ms
 16: 1.058852ms
 17: 1.067164ms
 18: 1.063206ms
 19: 1.061057ms
 20: 1.067171ms
 21: 1.059578ms
 22: 1.058229ms
 23: 1.059384ms
 24: 1.061228ms
 25: 1.057803ms
 26: 1.061473ms
 27: 1.061939ms
 28: 1.055220ms
 29: 1.059311ms
 30: 1.059653ms
 31: 1.061238ms
 32: 1.057138ms
 33: 1.058643ms
 34: 1.053485ms
 35: 1.062416ms
 36: 1.054780ms
 37: 1.065999ms
 38: 1.057474ms
 39: 1.060943ms
 40: 1.061875ms
 41: 1.061673ms
 42: 1.063990ms
 43: 1.081615ms
 44: 1.057597ms
 45: 1.055658ms
 46: 1.057466ms
 47: 1.066458ms
 48: 1.058113ms
 49: 1.055565ms


Measurements
--------------------------
FFT Size            : 61^3
Threads             : 25
Batch               : 1
Iterations          : 50
Avg Tot Runtime     : 1.062091 ms
Runtime per batch   : 1.062091 ms
SD                  : 0.006960 ms
Throughput          : 0.037493 GFLOPs
Plan Time           : 28.084286 sec
