Expm 1: Only FFTW
FFTW Plan: Patient
-- Cannot import wisdom from ../../wisdom/singlenode/prime/expm1//fftw_61_t19_b1.patient
-- Exporting wisdom file to ../../wisdom/singlenode/prime/expm1//fftw_61_t19_b1.patient
Iteration: 0, 1, 2, 3, 4, 5, 6, 7, 8, 9, 10, 11, 12, 13, 14, 15, 16, 17, 18, 19, 20, 21, 22, 23, 24, 25, 26, 27, 28, 29, 30, 31, 32, 33, 34, 35, 36, 37, 38, 39, 40, 41, 42, 43, 44, 45, 46, 47, 48, 49, 
Printing individual runtimes:
 0: 1.314219ms
 1: 1.303712ms
 2: 1.332994ms
 3: 1.304973ms
 4: 1.330048ms
 5: 1.291809ms
 6: 1.324974ms
 7: 1.294891ms
 8: 1.323790ms
 9: 1.297296ms
 10: 1.332351ms
 11: 1.292717ms
 12: 1.322522ms
 13: 1.291995ms
 14: 1.333198ms
 15: 1.293671ms
 16: 1.329185ms
 17: 1.296704ms
 18: 1.505248ms
 19: 1.294604ms
 20: 1.314297ms
 21: 1.297870ms
 22: 1.329945ms
 23: 1.298601ms
 24: 1.323030ms
 25: 1.297630ms
 26: 1.803773ms
 27: 1.494348ms
 28: 1.375722ms
 29: 1.290784ms
 30: 1.322823ms
 31: 1.295021ms
 32: 1.322937ms
 33: 1.295115ms
 34: 1.317582ms
 35: 1.462429ms
 36: 1.375660ms
 37: 1.392176ms
 38: 1.325742ms
 39: 1.292270ms
 40: 1.324707ms
 41: 1.289176ms
 42: 1.724280ms
 43: 1.350451ms
 44: 1.321618ms
 45: 1.298654ms
 46: 1.338893ms
 47: 1.299585ms
 48: 1.617837ms
 49: 1.292665ms


Measurements
--------------------------
FFT Size            : 61^3
Threads             : 19
Batch               : 1
Iterations          : 50
Avg Tot Runtime     : 1.349930 ms
Runtime per batch   : 1.349930 ms
SD                  : 0.105147 ms
Throughput          : 0.037619 GFLOPs
Plan Time           : 25.079148 sec
