Expm 2: Streaming FFTW
FFTW Plan: Patient
-- Cannot import wisdom from ../../wisdom/singlenode/all/37/fftw_37_t40_b1.patient
-- Exporting wisdom file to ../../wisdom/singlenode/all/37/fftw_37_t40_b1.patient
Iteration: 0, 1, 2, 3, 4, 5, 6, 7, 8, 9, 10, 11, 12, 13, 14, 15, 16, 17, 18, 19, 20, 21, 22, 23, 24, 25, 26, 27, 28, 29, 30, 31, 32, 33, 34, 35, 36, 37, 38, 39, 40, 41, 42, 43, 44, 45, 46, 47, 48, 49, 
Printing individual runtimes:
 0: 0.313970ms
 1: 0.347679ms
 2: 0.329341ms
 3: 0.297522ms
 4: 0.192839ms
 5: 0.197740ms
 6: 0.199745ms
 7: 0.187595ms
 8: 0.195030ms
 9: 0.203967ms
 10: 0.197049ms
 11: 0.196810ms
 12: 0.185536ms
 13: 0.186890ms
 14: 0.367107ms
 15: 0.207220ms
 16: 0.195896ms
 17: 0.195983ms
 18: 2.025078ms
 19: 2.018769ms
 20: 4.849468ms
 21: 0.401728ms
 22: 0.303026ms
 23: 0.145331ms
 24: 0.143244ms
 25: 0.136566ms
 26: 0.143773ms
 27: 0.136450ms
 28: 0.144292ms
 29: 0.139981ms
 30: 0.144032ms
 31: 0.147800ms
 32: 0.136952ms
 33: 0.143210ms
 34: 0.144899ms
 35: 0.140938ms
 36: 0.132632ms
 37: 0.135841ms
 38: 0.160166ms
 39: 0.148655ms
 40: 0.141429ms
 41: 0.137634ms
 42: 0.138019ms
 43: 0.139382ms
 44: 0.177246ms
 45: 1.149662ms
 46: 0.335584ms
 47: 0.316353ms
 48: 0.190155ms
 49: 1.023314ms


Measurements
--------------------------
FFT Size            : 37^3
Threads             : 40
Batch               : 1
Iterations          : 50
Avg Tot Runtime     : 0.399391 ms
Runtime per batch   : 0.399391 ms
SD                  : 0.749576 ms
Throughput          : 0.006062 GFLOPs
Plan Time           : 17.970508 sec
