Expm 2: Streaming FFTW
FFTW Plan: Patient
-- Cannot import wisdom from ../../wisdom/singlenode/all/270/fftw_270_t36_b1.patient
-- Exporting wisdom file to ../../wisdom/singlenode/all/270/fftw_270_t36_b1.patient
Iteration: 0, 1, 2, 3, 4, 5, 6, 7, 8, 9, 10, 11, 12, 13, 14, 15, 16, 17, 18, 19, 20, 21, 22, 23, 24, 25, 26, 27, 28, 29, 30, 31, 32, 33, 34, 35, 36, 37, 38, 39, 40, 41, 42, 43, 44, 45, 46, 47, 48, 49, 
Printing individual runtimes:
 0: 10.585457ms
 1: 10.262572ms
 2: 10.300817ms
 3: 10.366764ms
 4: 10.294131ms
 5: 10.139873ms
 6: 10.212491ms
 7: 10.240004ms
 8: 11.478470ms
 9: 10.576295ms
 10: 9.914066ms
 11: 9.665415ms
 12: 9.746715ms
 13: 9.792128ms
 14: 16.974018ms
 15: 15.166416ms
 16: 15.631870ms
 17: 9.773814ms
 18: 9.774217ms
 19: 9.960646ms
 20: 9.855687ms
 21: 9.919321ms
 22: 9.960995ms
 23: 9.882921ms
 24: 9.931013ms
 25: 9.877811ms
 26: 9.978961ms
 27: 10.006902ms
 28: 9.931429ms
 29: 9.877261ms
 30: 9.935350ms
 31: 9.915766ms
 32: 9.973309ms
 33: 9.972916ms
 34: 9.982331ms
 35: 9.958179ms
 36: 9.985583ms
 37: 9.982316ms
 38: 9.972724ms
 39: 10.053985ms
 40: 10.310852ms
 41: 10.088284ms
 42: 10.006513ms
 43: 9.896869ms
 44: 23.306769ms
 45: 9.836331ms
 46: 9.817912ms
 47: 10.049067ms
 48: 9.983158ms
 49: 10.152912ms


Measurements
--------------------------
FFT Size            : 270^3
Threads             : 36
Batch               : 1
Iterations          : 50
Avg Tot Runtime     : 10.665192 ms
Runtime per batch   : 10.665192 ms
SD                  : 2.306466 ms
Throughput          : 0.481626 GFLOPs
Plan Time           : 186.375345 sec
