Expm 2: Streaming FFTW
FFTW Plan: Patient
-- Cannot import wisdom from ../../wisdom/singlenode/all/576/fftw_576_t38_b1.patient
-- Exporting wisdom file to ../../wisdom/singlenode/all/576/fftw_576_t38_b1.patient
Iteration: 0, 1, 2, 3, 4, 5, 6, 7, 8, 9, 10, 11, 12, 13, 14, 15, 16, 17, 18, 19, 20, 21, 22, 23, 24, 25, 26, 27, 28, 29, 30, 31, 32, 33, 34, 35, 36, 37, 38, 39, 40, 41, 42, 43, 44, 45, 46, 47, 48, 49, 
Printing individual runtimes:
 0: 182.674071ms
 1: 182.135038ms
 2: 183.317173ms
 3: 182.982693ms
 4: 183.533933ms
 5: 208.143978ms
 6: 183.693934ms
 7: 181.226467ms
 8: 183.251041ms
 9: 180.087030ms
 10: 182.450502ms
 11: 183.823974ms
 12: 182.482187ms
 13: 354.276857ms
 14: 339.298856ms
 15: 255.735661ms
 16: 181.787337ms
 17: 182.726443ms
 18: 274.812501ms
 19: 184.255042ms
 20: 188.238602ms
 21: 181.823725ms
 22: 182.276475ms
 23: 439.947945ms
 24: 381.480248ms
 25: 267.350734ms
 26: 181.455982ms
 27: 275.131927ms
 28: 276.343740ms
 29: 277.204452ms
 30: 181.991584ms
 31: 182.139514ms
 32: 183.610667ms
 33: 181.622036ms
 34: 182.752148ms
 35: 182.797907ms
 36: 383.914404ms
 37: 439.603347ms
 38: 282.308640ms
 39: 179.172806ms
 40: 181.631205ms
 41: 179.993317ms
 42: 180.174435ms
 43: 179.729620ms
 44: 180.754846ms
 45: 179.117451ms
 46: 179.014790ms
 47: 179.769900ms
 48: 180.953432ms
 49: 181.816189ms


Measurements
--------------------------
FFT Size            : 576^3
Threads             : 38
Batch               : 1
Iterations          : 50
Avg Tot Runtime     : 220.136336 ms
Runtime per batch   : 220.136336 ms
SD                  : 71.273203 ms
Throughput          : 2.515939 GFLOPs
Plan Time           : 4034.360474 sec
