Expm 2: Streaming FFTW
FFTW Plan: Patient
-- Cannot import wisdom from ../../wisdom/singlenode/all/576/fftw_576_t40_b1.patient
-- Exporting wisdom file to ../../wisdom/singlenode/all/576/fftw_576_t40_b1.patient
Iteration: 0, 1, 2, 3, 4, 5, 6, 7, 8, 9, 10, 11, 12, 13, 14, 15, 16, 17, 18, 19, 20, 21, 22, 23, 24, 25, 26, 27, 28, 29, 30, 31, 32, 33, 34, 35, 36, 37, 38, 39, 40, 41, 42, 43, 44, 45, 46, 47, 48, 49, 
Printing individual runtimes:
 0: 294.542830ms
 1: 188.590299ms
 2: 186.616805ms
 3: 185.521059ms
 4: 188.112012ms
 5: 185.016406ms
 6: 184.448143ms
 7: 186.799890ms
 8: 184.423425ms
 9: 248.531243ms
 10: 257.750394ms
 11: 248.948744ms
 12: 228.973387ms
 13: 186.883257ms
 14: 186.942980ms
 15: 161.725976ms
 16: 188.662487ms
 17: 213.508531ms
 18: 238.845097ms
 19: 155.640240ms
 20: 155.422405ms
 21: 155.460381ms
 22: 154.927472ms
 23: 156.780977ms
 24: 155.721012ms
 25: 156.809034ms
 26: 190.628638ms
 27: 189.369790ms
 28: 182.674471ms
 29: 214.244647ms
 30: 172.522164ms
 31: 178.835432ms
 32: 139.622249ms
 33: 177.582733ms
 34: 157.068331ms
 35: 215.438558ms
 36: 182.453545ms
 37: 184.195308ms
 38: 185.991884ms
 39: 150.121750ms
 40: 153.676624ms
 41: 152.488571ms
 42: 152.999639ms
 43: 149.699957ms
 44: 183.630309ms
 45: 180.864763ms
 46: 213.809267ms
 47: 170.047773ms
 48: 186.408470ms
 49: 144.379879ms


Measurements
--------------------------
FFT Size            : 576^3
Threads             : 40
Batch               : 1
Iterations          : 50
Avg Tot Runtime     : 184.887185 ms
Runtime per batch   : 184.887185 ms
SD                  : 31.874798 ms
Throughput          : 2.515664 GFLOPs
Plan Time           : 4243.576312 sec
