Expm 2: Streaming FFT

Printing individual runtimes:
 0: 0.244912ms
 1: 0.092229ms
 2: 0.088484ms
 3: 0.665512ms
 4: 0.074834ms
 5: 0.087051ms
 6: 0.084705ms
 7: 0.083442ms
 8: 0.087327ms
 9: 0.086692ms
 10: 0.311357ms
 11: 0.076572ms
 12: 0.089982ms
 13: 0.073658ms
 14: 0.085260ms
 15: 0.080630ms
 16: 0.080675ms
 17: 0.081143ms
 18: 0.306295ms
 19: 0.077393ms
 20: 0.086424ms
 21: 0.083346ms
 22: 0.084734ms
 23: 0.089017ms
 24: 0.089906ms
 25: 0.085046ms
 26: 0.091783ms
 27: 0.087596ms
 28: 0.075006ms
 29: 0.077764ms
 30: 0.077236ms
 31: 0.111835ms
 32: 0.077428ms
 33: 0.373350ms
 34: 0.080400ms
 35: 0.088882ms
 36: 0.077244ms
 37: 0.078096ms
 38: 0.077634ms
 39: 0.075867ms
 40: 0.075536ms
 41: 0.088790ms
 42: 0.078212ms
 43: 0.095500ms
 44: 0.353182ms
 45: 0.083450ms
 46: 0.075109ms
 47: 0.088107ms
 48: 0.078558ms
 49: 0.075364ms
 50: 0.088497ms
 51: 0.072209ms
 52: 0.080462ms
 53: 0.079095ms
 54: 0.076086ms
 55: 0.078333ms
 56: 0.076903ms
 57: 0.084020ms
 58: 0.095626ms
 59: 0.074544ms
 60: 0.086672ms
 61: 0.077993ms
 62: 0.076902ms
 63: 0.082000ms
 64: 0.078514ms
 65: 0.076902ms
 66: 0.318098ms
 67: 0.078215ms
 68: 0.082316ms
 69: 0.079361ms
 70: 0.087975ms
 71: 0.093625ms
 72: 0.092728ms
 73: 0.083640ms
 74: 0.077084ms
 75: 0.088966ms
 76: 0.098601ms
 77: 0.084596ms
 78: 0.076960ms
 79: 0.094033ms
 80: 0.078795ms
 81: 0.089625ms
 82: 0.077799ms
 83: 0.085252ms
 84: 0.077344ms
 85: 0.080955ms
 86: 0.076835ms
 87: 0.081353ms
 88: 0.077877ms
 89: 0.086446ms
 90: 0.077575ms
 91: 0.080536ms
 92: 0.076926ms
 93: 0.084690ms
 94: 0.078348ms
 95: 0.079686ms
 96: 0.082932ms
 97: 0.079412ms
 98: 0.077490ms
 99: 0.087339ms
 100: 0.076335ms
 101: 0.091049ms
 102: 0.085964ms
 103: 0.076437ms
 104: 0.079806ms
 105: 0.087406ms
 106: 0.077089ms
 107: 0.079643ms
 108: 0.086278ms
 109: 0.088832ms
 110: 0.093675ms
 111: 0.084172ms
 112: 0.077681ms
 113: 0.074392ms
 114: 0.081828ms
 115: 0.085295ms
 116: 0.086745ms
 117: 0.093224ms
 118: 0.321949ms
 119: 0.076135ms
 120: 0.080835ms
 121: 0.076875ms
 122: 0.083500ms
 123: 0.075885ms
 124: 0.076878ms
 125: 0.085738ms
 126: 0.087703ms
 127: 0.081358ms
 128: 0.084573ms
 129: 0.078963ms
 130: 0.082153ms
 131: 0.076901ms
 132: 0.081377ms
 133: 0.079937ms
 134: 0.090274ms
 135: 0.078941ms
 136: 0.078664ms
 137: 0.079372ms
 138: 0.080212ms
 139: 0.081248ms
 140: 0.082479ms
 141: 0.074696ms
 142: 0.077505ms
 143: 0.077451ms
 144: 0.077318ms
 145: 0.077645ms
 146: 0.081350ms
 147: 0.075901ms
 148: 0.073103ms
 149: 0.078205ms
 150: 0.081783ms
 151: 0.076975ms
 152: 0.081578ms
 153: 0.083015ms
 154: 0.091910ms
 155: 0.076538ms
 156: 0.082152ms
 157: 0.079729ms
 158: 0.320625ms
 159: 0.085599ms
 160: 0.080229ms
 161: 0.080401ms
 162: 0.078674ms
 163: 0.075895ms
 164: 0.088313ms
 165: 0.085316ms
 166: 0.079497ms
 167: 0.104940ms
 168: 0.074846ms
 169: 0.098956ms
 170: 0.076841ms
 171: 0.081168ms
 172: 0.080506ms
 173: 0.092397ms
 174: 0.100107ms
 175: 0.077450ms
 176: 0.083351ms
 177: 0.096188ms
 178: 0.077285ms
 179: 0.098056ms
 180: 0.092810ms
 181: 0.074116ms
 182: 0.076448ms
 183: 0.086140ms
 184: 0.075424ms
 185: 0.086831ms
 186: 0.075298ms
 187: 0.084667ms
 188: 0.084765ms
 189: 0.078663ms
 190: 0.077343ms
 191: 0.082240ms
 192: 0.163203ms
 193: 0.082429ms
 194: 0.088974ms
 195: 0.090164ms
 196: 0.080084ms
 197: 0.089670ms
 198: 0.098272ms
 199: 0.078618ms


-- Real : Q1: 50 Q2: 100 Q3: 150
-- Array: Q1: 49 Q2: 99 Q3: 149
Printing sorted runtimes:
 0: 0.077343ms
 1: 0.077084ms
 2: 0.075298ms
 3: 0.075424ms
 4: 0.074834ms
 5: 0.076448ms
 6: 0.074116ms
 7: 0.077285ms
 8: 0.076902ms
 9: 0.076841ms
 10: 0.074846ms
 11: 0.076572ms
 12: 0.075895ms
 13: 0.073658ms
 14: 0.076538ms
 15: 0.076975ms
 16: 0.076960ms
 17: 0.073103ms
 18: 0.075901ms
 19: 0.076902ms
 20: 0.074544ms
 21: 0.077318ms
 22: 0.076835ms
 23: 0.076903ms
 24: 0.074696ms
 25: 0.076901ms
 26: 0.076878ms
 27: 0.075885ms
 28: 0.075006ms
 29: 0.076086ms
 30: 0.077236ms
 31: 0.076875ms
 32: 0.072209ms
 33: 0.076135ms
 34: 0.074392ms
 35: 0.076926ms
 36: 0.077244ms
 37: 0.075364ms
 38: 0.075109ms
 39: 0.075867ms
 40: 0.075536ms
 41: 0.077089ms
 42: 0.076335ms
 43: 0.076437ms
 44: 0.077428ms
 45: 0.077344ms
 46: 0.077393ms
 47: 0.077490ms
 48: 0.077450ms
 49: 0.077451ms
 50: 0.077505ms
 51: 0.078664ms
 52: 0.077575ms
 53: 0.077877ms
 54: 0.077764ms
 55: 0.078333ms
 56: 0.078212ms
 57: 0.078096ms
 58: 0.078558ms
 59: 0.077645ms
 60: 0.077799ms
 61: 0.077993ms
 62: 0.078348ms
 63: 0.078205ms
 64: 0.078514ms
 65: 0.077634ms
 66: 0.078618ms
 67: 0.078215ms
 68: 0.077681ms
 69: 0.078663ms
 70: 0.080536ms
 71: 0.080084ms
 72: 0.080400ms
 73: 0.078941ms
 74: 0.079361ms
 75: 0.079372ms
 76: 0.079937ms
 77: 0.079643ms
 78: 0.079806ms
 79: 0.079729ms
 80: 0.078795ms
 81: 0.078963ms
 82: 0.080229ms
 83: 0.080212ms
 84: 0.080506ms
 85: 0.080401ms
 86: 0.078674ms
 87: 0.079412ms
 88: 0.079095ms
 89: 0.079686ms
 90: 0.080462ms
 91: 0.079497ms
 92: 0.081248ms
 93: 0.080630ms
 94: 0.080835ms
 95: 0.081168ms
 96: 0.080675ms
 97: 0.080955ms
 98: 0.081143ms
 99: 0.081350ms
 100: 0.081353ms
 101: 0.084705ms
 102: 0.081783ms
 103: 0.081578ms
 104: 0.081377ms
 105: 0.082152ms
 106: 0.081828ms
 107: 0.082000ms
 108: 0.082240ms
 109: 0.082153ms
 110: 0.082429ms
 111: 0.082316ms
 112: 0.084172ms
 113: 0.083015ms
 114: 0.081358ms
 115: 0.083640ms
 116: 0.084667ms
 117: 0.083450ms
 118: 0.082932ms
 119: 0.083346ms
 120: 0.084596ms
 121: 0.083442ms
 122: 0.083500ms
 123: 0.082479ms
 124: 0.084690ms
 125: 0.084020ms
 126: 0.084573ms
 127: 0.083351ms
 128: 0.085964ms
 129: 0.084734ms
 130: 0.085252ms
 131: 0.085046ms
 132: 0.085316ms
 133: 0.085599ms
 134: 0.084765ms
 135: 0.085295ms
 136: 0.085738ms
 137: 0.085260ms
 138: 0.087406ms
 139: 0.086278ms
 140: 0.087339ms
 141: 0.086831ms
 142: 0.086140ms
 143: 0.087051ms
 144: 0.086672ms
 145: 0.086424ms
 146: 0.087327ms
 147: 0.086446ms
 148: 0.086692ms
 149: 0.086745ms
 150: 0.087596ms
 151: 0.087703ms
 152: 0.088313ms
 153: 0.087975ms
 154: 0.088107ms
 155: 0.088484ms
 156: 0.088790ms
 157: 0.088832ms
 158: 0.088497ms
 159: 0.088882ms
 160: 0.091049ms
 161: 0.353182ms
 162: 0.320625ms
 163: 0.089982ms
 164: 0.095500ms
 165: 0.091910ms
 166: 0.093675ms
 167: 0.104940ms
 168: 0.311357ms
 169: 0.098956ms
 170: 0.093224ms
 171: 0.306295ms
 172: 0.095626ms
 173: 0.092397ms
 174: 0.100107ms
 175: 0.321949ms
 176: 0.373350ms
 177: 0.096188ms
 178: 0.089625ms
 179: 0.098056ms
 180: 0.092810ms
 181: 0.094033ms
 182: 0.111835ms
 183: 0.089017ms
 184: 0.665512ms
 185: 0.089906ms
 186: 0.091783ms
 187: 0.098601ms
 188: 0.088966ms
 189: 0.318098ms
 190: 0.092229ms
 191: 0.092728ms
 192: 0.163203ms
 193: 0.093625ms
 194: 0.088974ms
 195: 0.090164ms
 196: 0.090274ms
 197: 0.089670ms
 198: 0.098272ms
 199: 0.244912ms


Measurements
--------------------------
FFT Size            : 64^3
Threads             : 26
Batch               : 1
Iterations          : 200
Avg Tot Runtime     : 0.095371 ms
Runtime per batch   : 0.095371 ms
SD                  : 0.062359 ms
Q1                  : 0.077451 ms
Median              : 0.081352 ms
Q3                  : 0.086745 ms
