Expm 2: Streaming FFT

Printing individual runtimes:
 0: 0.293564ms
 1: 0.105371ms
 2: 0.109465ms
 3: 0.218050ms
 4: 0.126899ms
 5: 2.530130ms
 6: 0.075326ms
 7: 0.405883ms
 8: 0.115260ms
 9: 0.108268ms
 10: 0.086820ms
 11: 0.394158ms
 12: 0.093066ms
 13: 0.101350ms
 14: 0.130896ms
 15: 0.099920ms
 16: 0.102841ms
 17: 0.091615ms
 18: 0.093404ms
 19: 0.408021ms
 20: 0.082730ms
 21: 0.085343ms
 22: 0.099451ms
 23: 0.087700ms
 24: 0.116643ms
 25: 0.090313ms
 26: 0.094983ms
 27: 0.097087ms
 28: 0.093105ms
 29: 0.095693ms
 30: 0.084963ms
 31: 0.099216ms
 32: 0.094040ms
 33: 0.091765ms
 34: 0.377100ms
 35: 0.083160ms
 36: 0.108301ms
 37: 0.082317ms
 38: 0.072080ms
 39: 0.089721ms
 40: 0.092696ms
 41: 0.085322ms
 42: 0.076507ms
 43: 0.086773ms
 44: 0.111148ms
 45: 0.083274ms
 46: 0.085771ms
 47: 0.097701ms
 48: 0.073823ms
 49: 0.078227ms
 50: 0.085524ms
 51: 0.089359ms
 52: 0.089223ms
 53: 0.091210ms
 54: 0.081352ms
 55: 0.098335ms
 56: 0.101503ms
 57: 0.078498ms
 58: 0.077586ms
 59: 0.080913ms
 60: 0.095605ms
 61: 0.086232ms
 62: 0.095623ms
 63: 0.083579ms
 64: 0.386719ms
 65: 0.078933ms
 66: 0.085670ms
 67: 0.086188ms
 68: 0.096056ms
 69: 0.095542ms
 70: 0.079165ms
 71: 0.077275ms
 72: 0.089914ms
 73: 0.087086ms
 74: 0.089569ms
 75: 0.083110ms
 76: 0.082776ms
 77: 0.097505ms
 78: 0.083386ms
 79: 0.094662ms
 80: 0.090353ms
 81: 0.079831ms
 82: 0.083332ms
 83: 0.082762ms
 84: 0.106662ms
 85: 0.086339ms
 86: 0.082271ms
 87: 0.084955ms
 88: 0.091385ms
 89: 0.095675ms
 90: 0.096263ms
 91: 0.098836ms
 92: 0.090698ms
 93: 0.097945ms
 94: 0.093506ms
 95: 0.085683ms
 96: 0.083570ms
 97: 0.079845ms
 98: 0.086297ms
 99: 0.080894ms
 100: 0.074806ms
 101: 0.087577ms
 102: 0.076531ms
 103: 0.073383ms
 104: 0.100312ms
 105: 0.075863ms
 106: 0.084412ms
 107: 0.092134ms
 108: 0.078371ms
 109: 0.085193ms
 110: 0.092477ms
 111: 0.084064ms
 112: 0.097557ms
 113: 0.079994ms
 114: 0.087177ms
 115: 0.083444ms
 116: 0.085280ms
 117: 0.087666ms
 118: 0.081431ms
 119: 0.094727ms
 120: 0.096439ms
 121: 0.095513ms
 122: 0.095996ms
 123: 0.093412ms
 124: 0.085302ms
 125: 0.388388ms
 126: 0.084045ms
 127: 0.084723ms
 128: 0.090701ms
 129: 0.073305ms
 130: 0.083814ms
 131: 0.079456ms
 132: 0.096788ms
 133: 0.085645ms
 134: 0.072354ms
 135: 0.087953ms
 136: 0.079552ms
 137: 0.073457ms
 138: 0.095559ms
 139: 0.087607ms
 140: 0.080281ms
 141: 0.084358ms
 142: 0.075775ms
 143: 0.099367ms
 144: 0.083322ms
 145: 0.083479ms
 146: 0.081049ms
 147: 0.083280ms
 148: 0.084487ms
 149: 0.084008ms
 150: 0.087541ms
 151: 0.087788ms
 152: 0.080648ms
 153: 0.078095ms
 154: 0.080104ms
 155: 0.087763ms
 156: 0.085172ms
 157: 0.084739ms
 158: 0.081512ms
 159: 0.105799ms
 160: 0.086728ms
 161: 0.084385ms
 162: 0.096066ms
 163: 0.079455ms
 164: 0.086523ms
 165: 0.104225ms
 166: 0.085230ms
 167: 0.083598ms
 168: 0.101640ms
 169: 0.076931ms
 170: 0.085493ms
 171: 0.088137ms
 172: 0.070256ms
 173: 0.081552ms
 174: 0.080692ms
 175: 0.084028ms
 176: 0.084168ms
 177: 0.089394ms
 178: 0.097131ms
 179: 0.078919ms
 180: 0.085533ms
 181: 0.090168ms
 182: 0.085664ms
 183: 0.079086ms
 184: 0.088374ms
 185: 0.085220ms
 186: 0.080145ms
 187: 0.084302ms
 188: 0.080949ms
 189: 0.092402ms
 190: 0.084638ms
 191: 0.078675ms
 192: 0.090802ms
 193: 0.104159ms
 194: 0.072187ms
 195: 0.086240ms
 196: 0.077920ms
 197: 0.095341ms
 198: 0.094283ms
 199: 0.096528ms


-- Real : Q1: 50 Q2: 100 Q3: 150
-- Array: Q1: 49 Q2: 99 Q3: 149
Printing sorted runtimes:
 0: 0.079455ms
 1: 0.073457ms
 2: 0.076931ms
 3: 0.077920ms
 4: 0.077275ms
 5: 0.072187ms
 6: 0.075326ms
 7: 0.079165ms
 8: 0.078675ms
 9: 0.075775ms
 10: 0.072354ms
 11: 0.078933ms
 12: 0.073305ms
 13: 0.070256ms
 14: 0.077586ms
 15: 0.078498ms
 16: 0.074806ms
 17: 0.078227ms
 18: 0.078095ms
 19: 0.073823ms
 20: 0.076531ms
 21: 0.073383ms
 22: 0.079086ms
 23: 0.076507ms
 24: 0.075863ms
 25: 0.072080ms
 26: 0.078919ms
 27: 0.078371ms
 28: 0.082271ms
 29: 0.079456ms
 30: 0.079831ms
 31: 0.080281ms
 32: 0.079552ms
 33: 0.081512ms
 34: 0.080648ms
 35: 0.080949ms
 36: 0.080913ms
 37: 0.080145ms
 38: 0.079994ms
 39: 0.081552ms
 40: 0.080692ms
 41: 0.081352ms
 42: 0.081049ms
 43: 0.081431ms
 44: 0.079845ms
 45: 0.080894ms
 46: 0.080104ms
 47: 0.082730ms
 48: 0.082317ms
 49: 0.082762ms
 50: 0.082776ms
 51: 0.085683ms
 52: 0.083386ms
 53: 0.083332ms
 54: 0.083322ms
 55: 0.083280ms
 56: 0.083160ms
 57: 0.083110ms
 58: 0.083444ms
 59: 0.083570ms
 60: 0.083479ms
 61: 0.084723ms
 62: 0.084412ms
 63: 0.083579ms
 64: 0.084302ms
 65: 0.084358ms
 66: 0.084028ms
 67: 0.083598ms
 68: 0.084385ms
 69: 0.084638ms
 70: 0.084064ms
 71: 0.084045ms
 72: 0.084487ms
 73: 0.084008ms
 74: 0.084168ms
 75: 0.083814ms
 76: 0.085302ms
 77: 0.084955ms
 78: 0.084739ms
 79: 0.085172ms
 80: 0.085230ms
 81: 0.084963ms
 82: 0.085280ms
 83: 0.085220ms
 84: 0.085193ms
 85: 0.083274ms
 86: 0.085493ms
 87: 0.085343ms
 88: 0.085664ms
 89: 0.085533ms
 90: 0.085645ms
 91: 0.085322ms
 92: 0.085524ms
 93: 0.085670ms
 94: 0.086188ms
 95: 0.085771ms
 96: 0.086339ms
 97: 0.086232ms
 98: 0.086297ms
 99: 0.086240ms
 100: 0.086523ms
 101: 0.091210ms
 102: 0.087953ms
 103: 0.086773ms
 104: 0.089914ms
 105: 0.089721ms
 106: 0.089394ms
 107: 0.087086ms
 108: 0.089569ms
 109: 0.087541ms
 110: 0.087788ms
 111: 0.090168ms
 112: 0.087577ms
 113: 0.090313ms
 114: 0.087177ms
 115: 0.087607ms
 116: 0.087700ms
 117: 0.087666ms
 118: 0.088137ms
 119: 0.088374ms
 120: 0.087763ms
 121: 0.086820ms
 122: 0.089359ms
 123: 0.086728ms
 124: 0.090353ms
 125: 0.089223ms
 126: 0.090802ms
 127: 0.090698ms
 128: 0.090701ms
 129: 0.094662ms
 130: 0.091615ms
 131: 0.092477ms
 132: 0.093404ms
 133: 0.092134ms
 134: 0.093105ms
 135: 0.093066ms
 136: 0.091765ms
 137: 0.092696ms
 138: 0.092402ms
 139: 0.093412ms
 140: 0.094283ms
 141: 0.093506ms
 142: 0.091385ms
 143: 0.094040ms
 144: 0.095341ms
 145: 0.094727ms
 146: 0.094983ms
 147: 0.095542ms
 148: 0.095513ms
 149: 0.095559ms
 150: 0.095605ms
 151: 0.095675ms
 152: 0.095623ms
 153: 0.095693ms
 154: 0.096066ms
 155: 0.096439ms
 156: 0.096263ms
 157: 0.095996ms
 158: 0.096056ms
 159: 0.096528ms
 160: 0.105799ms
 161: 0.099367ms
 162: 0.096788ms
 163: 0.388388ms
 164: 0.097557ms
 165: 0.104225ms
 166: 0.100312ms
 167: 0.097945ms
 168: 0.101640ms
 169: 0.098836ms
 170: 0.106662ms
 171: 0.097505ms
 172: 0.386719ms
 173: 0.101503ms
 174: 0.098335ms
 175: 0.097701ms
 176: 0.111148ms
 177: 0.108301ms
 178: 0.097131ms
 179: 0.377100ms
 180: 0.099216ms
 181: 0.097087ms
 182: 0.116643ms
 183: 0.099451ms
 184: 0.408021ms
 185: 0.102841ms
 186: 0.099920ms
 187: 0.130896ms
 188: 0.101350ms
 189: 0.394158ms
 190: 0.108268ms
 191: 0.115260ms
 192: 0.405883ms
 193: 0.104159ms
 194: 2.530130ms
 195: 0.126899ms
 196: 0.218050ms
 197: 0.109465ms
 198: 0.105371ms
 199: 0.293564ms


Measurements
--------------------------
FFT Size            : 64^3
Threads             : 32
Batch               : 1
Iterations          : 200
Avg Tot Runtime     : 0.111403 ms
Runtime per batch   : 0.111403 ms
SD                  : 0.180162 ms
Q1                  : 0.082762 ms
Median              : 0.086382 ms
Q3                  : 0.095559 ms
