Expm 2: Streaming FFT

Printing individual runtimes:
 0: 0.233822ms
 1: 0.092538ms
 2: 0.089789ms
 3: 0.652291ms
 4: 0.089442ms
 5: 0.091039ms
 6: 0.084009ms
 7: 0.084383ms
 8: 0.318456ms
 9: 0.086270ms
 10: 0.085746ms
 11: 0.086884ms
 12: 0.082500ms
 13: 0.085206ms
 14: 0.306159ms
 15: 0.099527ms
 16: 0.083024ms
 17: 0.084570ms
 18: 0.087297ms
 19: 0.084879ms
 20: 0.090536ms
 21: 0.300984ms
 22: 0.084396ms
 23: 0.089076ms
 24: 0.080866ms
 25: 0.088512ms
 26: 0.081626ms
 27: 0.105355ms
 28: 0.082575ms
 29: 0.093554ms
 30: 0.078792ms
 31: 0.091015ms
 32: 0.082482ms
 33: 0.085284ms
 34: 0.305369ms
 35: 0.085901ms
 36: 0.084549ms
 37: 0.086484ms
 38: 0.083101ms
 39: 0.080793ms
 40: 0.086480ms
 41: 0.109300ms
 42: 0.088754ms
 43: 0.079918ms
 44: 0.085972ms
 45: 0.079705ms
 46: 0.095021ms
 47: 0.082898ms
 48: 0.087899ms
 49: 0.082467ms
 50: 0.086830ms
 51: 0.086574ms
 52: 0.093327ms
 53: 0.093851ms
 54: 0.085511ms
 55: 0.090060ms
 56: 0.094052ms
 57: 0.087465ms
 58: 3.770721ms
 59: 0.093031ms
 60: 0.385129ms
 61: 0.085694ms
 62: 0.091027ms
 63: 0.084329ms
 64: 0.085111ms
 65: 0.095971ms
 66: 0.088682ms
 67: 0.110041ms
 68: 0.084523ms
 69: 0.084716ms
 70: 0.081777ms
 71: 0.082425ms
 72: 0.093726ms
 73: 0.083731ms
 74: 0.085165ms
 75: 0.089535ms
 76: 0.086621ms
 77: 0.079082ms
 78: 0.089132ms
 79: 0.084597ms
 80: 0.084113ms
 81: 0.080809ms
 82: 0.087150ms
 83: 0.087633ms
 84: 0.086190ms
 85: 0.089375ms
 86: 0.090499ms
 87: 0.091690ms
 88: 0.096958ms
 89: 0.087334ms
 90: 0.090095ms
 91: 0.091842ms
 92: 0.087323ms
 93: 0.085276ms
 94: 0.102232ms
 95: 0.093987ms
 96: 0.082946ms
 97: 0.085285ms
 98: 0.084544ms
 99: 0.087417ms
 100: 0.087268ms
 101: 0.089881ms
 102: 0.090715ms
 103: 0.088914ms
 104: 0.081740ms
 105: 0.087345ms
 106: 0.091708ms
 107: 0.102025ms
 108: 0.086249ms
 109: 0.080272ms
 110: 0.093478ms
 111: 0.089816ms
 112: 0.388339ms
 113: 0.079649ms
 114: 0.086717ms
 115: 0.089201ms
 116: 0.096798ms
 117: 0.092081ms
 118: 0.090796ms
 119: 0.082963ms
 120: 0.089832ms
 121: 0.095760ms
 122: 0.082102ms
 123: 0.085212ms
 124: 0.081333ms
 125: 0.090056ms
 126: 0.084972ms
 127: 0.100091ms
 128: 0.089769ms
 129: 0.088976ms
 130: 0.084137ms
 131: 0.083861ms
 132: 0.090502ms
 133: 0.089863ms
 134: 0.079267ms
 135: 0.084077ms
 136: 0.081650ms
 137: 0.088401ms
 138: 0.093461ms
 139: 0.087068ms
 140: 0.098429ms
 141: 0.085557ms
 142: 0.079534ms
 143: 0.081230ms
 144: 0.090765ms
 145: 0.086202ms
 146: 0.083523ms
 147: 0.082464ms
 148: 0.082107ms
 149: 0.092566ms
 150: 0.091794ms
 151: 0.102512ms
 152: 0.080409ms
 153: 0.095282ms
 154: 0.085221ms
 155: 0.082186ms
 156: 0.084329ms
 157: 0.083466ms
 158: 0.085075ms
 159: 0.090794ms
 160: 0.093987ms
 161: 0.081433ms
 162: 0.081387ms
 163: 0.085401ms
 164: 0.087049ms
 165: 0.096366ms
 166: 0.085408ms
 167: 0.094404ms
 168: 0.085926ms
 169: 0.084419ms
 170: 0.084252ms
 171: 0.087233ms
 172: 0.090556ms
 173: 0.100241ms
 174: 0.091157ms
 175: 0.090887ms
 176: 0.082636ms
 177: 0.095303ms
 178: 0.080820ms
 179: 0.084670ms
 180: 0.080765ms
 181: 0.106246ms
 182: 0.088359ms
 183: 0.081154ms
 184: 0.087911ms
 185: 0.103253ms
 186: 0.085949ms
 187: 0.090093ms
 188: 0.096370ms
 189: 0.083062ms
 190: 0.087184ms
 191: 0.090970ms
 192: 0.081327ms
 193: 0.083834ms
 194: 0.088943ms
 195: 0.101521ms
 196: 0.079149ms
 197: 0.085198ms
 198: 0.094263ms
 199: 0.085504ms


-- Real : Q1: 50 Q2: 100 Q3: 150
-- Array: Q1: 49 Q2: 99 Q3: 149
Printing sorted runtimes:
 0: 0.080793ms
 1: 0.079082ms
 2: 0.079534ms
 3: 0.079149ms
 4: 0.080409ms
 5: 0.079267ms
 6: 0.079705ms
 7: 0.079918ms
 8: 0.080272ms
 9: 0.079649ms
 10: 0.078792ms
 11: 0.080765ms
 12: 0.084009ms
 13: 0.081740ms
 14: 0.083062ms
 15: 0.082946ms
 16: 0.083024ms
 17: 0.083731ms
 18: 0.081154ms
 19: 0.082425ms
 20: 0.081777ms
 21: 0.081230ms
 22: 0.080809ms
 23: 0.080820ms
 24: 0.080866ms
 25: 0.082636ms
 26: 0.081626ms
 27: 0.082963ms
 28: 0.082575ms
 29: 0.083523ms
 30: 0.082464ms
 31: 0.081650ms
 32: 0.082482ms
 33: 0.082107ms
 34: 0.083834ms
 35: 0.082102ms
 36: 0.082186ms
 37: 0.083466ms
 38: 0.083101ms
 39: 0.081433ms
 40: 0.081333ms
 41: 0.081327ms
 42: 0.083861ms
 43: 0.082467ms
 44: 0.081387ms
 45: 0.082500ms
 46: 0.082898ms
 47: 0.084137ms
 48: 0.084077ms
 49: 0.084113ms
 50: 0.084252ms
 51: 0.085901ms
 52: 0.084329ms
 53: 0.084383ms
 54: 0.084396ms
 55: 0.084544ms
 56: 0.084523ms
 57: 0.084419ms
 58: 0.085221ms
 59: 0.085276ms
 60: 0.085284ms
 61: 0.084549ms
 62: 0.085401ms
 63: 0.085212ms
 64: 0.085111ms
 65: 0.085075ms
 66: 0.085504ms
 67: 0.084670ms
 68: 0.085408ms
 69: 0.084716ms
 70: 0.085285ms
 71: 0.084879ms
 72: 0.085198ms
 73: 0.084570ms
 74: 0.085165ms
 75: 0.084972ms
 76: 0.084597ms
 77: 0.085206ms
 78: 0.084329ms
 79: 0.085746ms
 80: 0.085557ms
 81: 0.085511ms
 82: 0.085694ms
 83: 0.086190ms
 84: 0.085949ms
 85: 0.085926ms
 86: 0.085972ms
 87: 0.086621ms
 88: 0.086574ms
 89: 0.086249ms
 90: 0.086480ms
 91: 0.086484ms
 92: 0.086270ms
 93: 0.086202ms
 94: 0.086830ms
 95: 0.086717ms
 96: 0.087150ms
 97: 0.086884ms
 98: 0.087049ms
 99: 0.087068ms
 100: 0.087184ms
 101: 0.088401ms
 102: 0.087268ms
 103: 0.087334ms
 104: 0.087633ms
 105: 0.087345ms
 106: 0.087323ms
 107: 0.087465ms
 108: 0.087417ms
 109: 0.087297ms
 110: 0.087911ms
 111: 0.087233ms
 112: 0.088359ms
 113: 0.087899ms
 114: 0.090060ms
 115: 0.089201ms
 116: 0.088512ms
 117: 0.088754ms
 118: 0.089375ms
 119: 0.089442ms
 120: 0.089832ms
 121: 0.088682ms
 122: 0.088943ms
 123: 0.089535ms
 124: 0.089132ms
 125: 0.089789ms
 126: 0.088914ms
 127: 0.089076ms
 128: 0.089769ms
 129: 0.088976ms
 130: 0.089863ms
 131: 0.089881ms
 132: 0.090056ms
 133: 0.089816ms
 134: 0.090502ms
 135: 0.090499ms
 136: 0.090093ms
 137: 0.090095ms
 138: 0.090794ms
 139: 0.090556ms
 140: 0.090765ms
 141: 0.090715ms
 142: 0.090536ms
 143: 0.091027ms
 144: 0.090970ms
 145: 0.090796ms
 146: 0.091015ms
 147: 0.090887ms
 148: 0.091039ms
 149: 0.091157ms
 150: 0.091690ms
 151: 0.091708ms
 152: 0.091794ms
 153: 0.095282ms
 154: 3.770721ms
 155: 0.102232ms
 156: 0.094052ms
 157: 0.093031ms
 158: 0.093851ms
 159: 0.102512ms
 160: 0.093987ms
 161: 0.093327ms
 162: 0.092566ms
 163: 0.095021ms
 164: 0.092081ms
 165: 0.096366ms
 166: 0.109300ms
 167: 0.094404ms
 168: 0.305369ms
 169: 0.385129ms
 170: 0.093554ms
 171: 0.105355ms
 172: 0.095971ms
 173: 0.100241ms
 174: 0.095760ms
 175: 0.110041ms
 176: 0.096798ms
 177: 0.095303ms
 178: 0.093987ms
 179: 0.300984ms
 180: 0.093726ms
 181: 0.106246ms
 182: 0.388339ms
 183: 0.093478ms
 184: 0.233822ms
 185: 0.103253ms
 186: 0.099527ms
 187: 0.091842ms
 188: 0.096370ms
 189: 0.306159ms
 190: 0.318456ms
 191: 0.098429ms
 192: 0.093461ms
 193: 0.102025ms
 194: 0.100091ms
 195: 0.101521ms
 196: 0.652291ms
 197: 0.096958ms
 198: 0.094263ms
 199: 0.092538ms


Measurements
--------------------------
FFT Size            : 64^3
Threads             : 28
Batch               : 1
Iterations          : 200
Avg Tot Runtime     : 0.117335 ms
Runtime per batch   : 0.117335 ms
SD                  : 0.265599 ms
Q1                  : 0.084113 ms
Median              : 0.087126 ms
Q3                  : 0.091157 ms
