FFTW Plan Patient
-- Cannot import wisdom from ../wisdom/mpi2nodes/fftw_1024_p64_t1_b1.patient
Planning completed
-- Exporting wisdom file to ../wisdom/mpi2nodes/fftw_1024_p64_t1_b1.patient

------------------------------------------
FFTW Configuration: 
--------------------------------------------
Type               = Complex to Complex
Points             = {1024, 1024, 1024}
Precision          = Single
Direction          = FORWARD
Placement          = In Place    
Plan               = Estimate    
Threads            = 1
Iterations         = 100
--------------------------------------------


Time to plan: 766.51sec


Time to gen reordered data: 0.635488sec


Measurements
--------------------------
Processes           : 64
Threads             : 1
FFT Size            : 1024^3
Batch               : 1
Iterations          : 100
Avg Tot Runtime     : 0.01056 ms
Runtime per batch   : 0.01056 ms
Throughput          : 861 GFLOPs
Time to Transfer    : 2.842ms
--------------------------
