Expm 2: Streaming FFTW
FFTW Plan: Patient
-- Cannot import wisdom from ../../wisdom/singlenode/all/22/fftw_22_t40_b1.patient
-- Exporting wisdom file to ../../wisdom/singlenode/all/22/fftw_22_t40_b1.patient
Iteration: 0, 1, 2, 3, 4, 5, 6, 7, 8, 9, 10, 11, 12, 13, 14, 15, 16, 17, 18, 19, 20, 21, 22, 23, 24, 25, 26, 27, 28, 29, 30, 31, 32, 33, 34, 35, 36, 37, 38, 39, 40, 41, 42, 43, 44, 45, 46, 47, 48, 49, 
Printing individual runtimes:
 0: 0.111979ms
 1: 0.093249ms
 2: 0.082152ms
 3: 0.050488ms
 4: 0.049942ms
 5: 0.129186ms
 6: 0.073225ms
 7: 0.069257ms
 8: 0.101898ms
 9: 0.074834ms
 10: 0.075248ms
 11: 0.069461ms
 12: 0.474575ms
 13: 0.092388ms
 14: 0.090761ms
 15: 0.068955ms
 16: 1.228320ms
 17: 0.105761ms
 18: 0.095341ms
 19: 0.091046ms
 20: 0.103496ms
 21: 0.068870ms
 22: 0.125731ms
 23: 0.651850ms
 24: 0.065164ms
 25: 0.069175ms
 26: 0.051838ms
 27: 0.060539ms
 28: 0.058853ms
 29: 0.056892ms
 30: 0.049896ms
 31: 0.051025ms
 32: 0.108472ms
 33: 0.086937ms
 34: 0.061369ms
 35: 0.073167ms
 36: 0.330686ms
 37: 0.049583ms
 38: 0.049881ms
 39: 0.076896ms
 40: 0.068806ms
 41: 1.342023ms
 42: 0.129917ms
 43: 0.101837ms
 44: 0.106078ms
 45: 0.120509ms
 46: 0.053863ms
 47: 0.060138ms
 48: 0.109131ms
 49: 0.103124ms


Measurements
--------------------------
FFT Size            : 22^3
Threads             : 40
Batch               : 1
Iterations          : 50
Avg Tot Runtime     : 0.153476 ms
Runtime per batch   : 0.153476 ms
SD                  : 0.253477 ms
Throughput          : 0.000152 GFLOPs
Plan Time           : 3.602412 sec
