Expm 2: Streaming FFTW
FFTW Plan: Patient
-- Cannot import wisdom from ../../wisdom/singlenode/all/198/fftw_198_t36_b1.patient
-- Exporting wisdom file to ../../wisdom/singlenode/all/198/fftw_198_t36_b1.patient
Iteration: 0, 1, 2, 3, 4, 5, 6, 7, 8, 9, 10, 11, 12, 13, 14, 15, 16, 17, 18, 19, 20, 21, 22, 23, 24, 25, 26, 27, 28, 29, 30, 31, 32, 33, 34, 35, 36, 37, 38, 39, 40, 41, 42, 43, 44, 45, 46, 47, 48, 49, 
Printing individual runtimes:
 0: 9.542392ms
 1: 3.533610ms
 2: 3.540555ms
 3: 3.567896ms
 4: 3.606133ms
 5: 3.589112ms
 6: 3.594205ms
 7: 3.575661ms
 8: 3.578383ms
 9: 3.615061ms
 10: 3.640306ms
 11: 3.594051ms
 12: 3.590735ms
 13: 3.623764ms
 14: 5.612598ms
 15: 3.510286ms
 16: 3.488063ms
 17: 3.493200ms
 18: 3.467646ms
 19: 3.468837ms
 20: 3.483541ms
 21: 3.459415ms
 22: 4.814208ms
 23: 3.495991ms
 24: 3.457262ms
 25: 3.506742ms
 26: 3.469296ms
 27: 3.474216ms
 28: 3.490627ms
 29: 3.467338ms
 30: 3.433141ms
 31: 3.432816ms
 32: 3.501025ms
 33: 5.785724ms
 34: 3.537536ms
 35: 3.565544ms
 36: 9.183442ms
 37: 9.784640ms
 38: 6.621356ms
 39: 4.104915ms
 40: 6.086885ms
 41: 3.693524ms
 42: 3.583500ms
 43: 3.647470ms
 44: 3.731290ms
 45: 3.612822ms
 46: 3.608667ms
 47: 3.588144ms
 48: 3.617473ms
 49: 3.610762ms


Measurements
--------------------------
FFT Size            : 198^3
Threads             : 36
Batch               : 1
Iterations          : 50
Avg Tot Runtime     : 4.141636 ms
Runtime per batch   : 4.141636 ms
SD                  : 1.524819 ms
Throughput          : 0.199609 GFLOPs
Plan Time           : 42.747737 sec
