Expm 2: Streaming FFTW
FFTW Plan: Patient
-- Cannot import wisdom from ../../wisdom/singlenode/all/215/fftw_215_t36_b1.patient
-- Exporting wisdom file to ../../wisdom/singlenode/all/215/fftw_215_t36_b1.patient
Iteration: 0, 1, 2, 3, 4, 5, 6, 7, 8, 9, 10, 11, 12, 13, 14, 15, 16, 17, 18, 19, 20, 21, 22, 23, 24, 25, 26, 27, 28, 29, 30, 31, 32, 33, 34, 35, 36, 37, 38, 39, 40, 41, 42, 43, 44, 45, 46, 47, 48, 49, 
Printing individual runtimes:
 0: 23.285488ms
 1: 23.245392ms
 2: 23.155334ms
 3: 23.111766ms
 4: 23.151310ms
 5: 23.163723ms
 6: 23.141599ms
 7: 23.173874ms
 8: 23.171624ms
 9: 23.125333ms
 10: 23.164348ms
 11: 23.274602ms
 12: 23.177768ms
 13: 23.168193ms
 14: 23.163311ms
 15: 23.243106ms
 16: 23.171994ms
 17: 23.145274ms
 18: 23.202875ms
 19: 23.140806ms
 20: 23.163623ms
 21: 23.136109ms
 22: 23.191797ms
 23: 23.204199ms
 24: 23.173641ms
 25: 23.142781ms
 26: 23.132496ms
 27: 23.155094ms
 28: 23.142281ms
 29: 23.132351ms
 30: 25.377010ms
 31: 23.162615ms
 32: 23.143415ms
 33: 23.197121ms
 34: 23.185538ms
 35: 46.429198ms
 36: 45.648160ms
 37: 23.169696ms
 38: 23.172857ms
 39: 23.084377ms
 40: 24.290367ms
 41: 23.116689ms
 42: 23.091996ms
 43: 23.078089ms
 44: 23.124526ms
 45: 23.150303ms
 46: 23.131173ms
 47: 23.159585ms
 48: 23.108810ms
 49: 23.191542ms


Measurements
--------------------------
FFT Size            : 215^3
Threads             : 36
Batch               : 1
Iterations          : 50
Avg Tot Runtime     : 24.143303 ms
Runtime per batch   : 24.143303 ms
SD                  : 4.483537 ms
Throughput          : 1.488616 GFLOPs
Plan Time           : 40.143029 sec
