Expm 2: Streaming FFTW
FFTW Plan: Patient
-- Cannot import wisdom from ../../wisdom/singlenode/all/43/fftw_43_t39_b1.patient
-- Exporting wisdom file to ../../wisdom/singlenode/all/43/fftw_43_t39_b1.patient
Iteration: 0, 1, 2, 3, 4, 5, 6, 7, 8, 9, 10, 11, 12, 13, 14, 15, 16, 17, 18, 19, 20, 21, 22, 23, 24, 25, 26, 27, 28, 29, 30, 31, 32, 33, 34, 35, 36, 37, 38, 39, 40, 41, 42, 43, 44, 45, 46, 47, 48, 49, 
Printing individual runtimes:
 0: 0.329359ms
 1: 0.344278ms
 2: 0.343136ms
 3: 0.321632ms
 4: 0.347410ms
 5: 0.349596ms
 6: 0.341073ms
 7: 0.352421ms
 8: 0.303243ms
 9: 0.345865ms
 10: 0.324095ms
 11: 0.336674ms
 12: 0.518863ms
 13: 0.325841ms
 14: 0.362392ms
 15: 0.353047ms
 16: 0.767998ms
 17: 0.352042ms
 18: 0.284129ms
 19: 0.308659ms
 20: 0.339259ms
 21: 0.352674ms
 22: 0.358776ms
 23: 0.347008ms
 24: 0.311421ms
 25: 0.338234ms
 26: 0.314134ms
 27: 0.341969ms
 28: 0.351145ms
 29: 0.344729ms
 30: 0.381928ms
 31: 0.342951ms
 32: 0.305098ms
 33: 0.318037ms
 34: 0.351235ms
 35: 0.317844ms
 36: 0.293791ms
 37: 0.311937ms
 38: 1.377152ms
 39: 0.692259ms
 40: 0.300208ms
 41: 0.302529ms
 42: 0.257153ms
 43: 0.266682ms
 44: 0.269197ms
 45: 0.251738ms
 46: 0.255606ms
 47: 0.242534ms
 48: 0.276219ms
 49: 0.266321ms


Measurements
--------------------------
FFT Size            : 43^3
Threads             : 39
Batch               : 1
Iterations          : 50
Avg Tot Runtime     : 0.361830 ms
Runtime per batch   : 0.361830 ms
SD                  : 0.170999 ms
Throughput          : 0.011105 GFLOPs
Plan Time           : 15.449964 sec
