Expm 2: Streaming FFTW
FFTW Plan: Patient
-- Cannot import wisdom from ../../wisdom/singlenode/all/632/fftw_632_t40_b1.patient
-- Exporting wisdom file to ../../wisdom/singlenode/all/632/fftw_632_t40_b1.patient
Iteration: 0, 1, 2, 3, 4, 5, 6, 7, 8, 9, 10, 11, 12, 13, 14, 15, 16, 17, 18, 19, 20, 21, 22, 23, 24, 25, 26, 27, 28, 29, 30, 31, 32, 33, 34, 35, 36, 37, 38, 39, 40, 41, 42, 43, 44, 45, 46, 47, 48, 49, 
Printing individual runtimes:
 0: 482.724082ms
 1: 417.437431ms
 2: 525.861963ms
 3: 426.655375ms
 4: 432.395134ms
 5: 429.416603ms
 6: 442.767923ms
 7: 566.215337ms
 8: 530.588753ms
 9: 526.900945ms
 10: 417.147780ms
 11: 420.335398ms
 12: 420.453265ms
 13: 430.421943ms
 14: 424.620176ms
 15: 427.652758ms
 16: 424.336229ms
 17: 416.675696ms
 18: 419.605954ms
 19: 436.804002ms
 20: 510.339749ms
 21: 428.500601ms
 22: 562.012539ms
 23: 441.914514ms
 24: 433.098317ms
 25: 423.703277ms
 26: 820.743778ms
 27: 563.383844ms
 28: 516.983453ms
 29: 418.585733ms
 30: 425.139877ms
 31: 420.880160ms
 32: 468.356039ms
 33: 433.336054ms
 34: 549.386125ms
 35: 434.966631ms
 36: 435.524957ms
 37: 560.055192ms
 38: 419.865223ms
 39: 428.060796ms
 40: 439.624470ms
 41: 579.582880ms
 42: 439.525208ms
 43: 513.833066ms
 44: 684.928689ms
 45: 425.831917ms
 46: 415.407918ms
 47: 416.841856ms
 48: 425.991220ms
 49: 428.114085ms


Measurements
--------------------------
FFT Size            : 632^3
Threads             : 40
Batch               : 1
Iterations          : 50
Avg Tot Runtime     : 469.670698 ms
Runtime per batch   : 469.670698 ms
SD                  : 77.793302 ms
Throughput          : 31.178856 GFLOPs
Plan Time           : 896.680612 sec
