Expm 2: Streaming FFTW
FFTW Plan: Patient
-- Cannot import wisdom from ../../wisdom/singlenode/all/632/fftw_632_t36_b1.patient
-- Exporting wisdom file to ../../wisdom/singlenode/all/632/fftw_632_t36_b1.patient
Iteration: 0, 1, 2, 3, 4, 5, 6, 7, 8, 9, 10, 11, 12, 13, 14, 15, 16, 17, 18, 19, 20, 21, 22, 23, 24, 25, 26, 27, 28, 29, 30, 31, 32, 33, 34, 35, 36, 37, 38, 39, 40, 41, 42, 43, 44, 45, 46, 47, 48, 49, 
Printing individual runtimes:
 0: 493.085456ms
 1: 488.201888ms
 2: 494.261474ms
 3: 696.157543ms
 4: 825.752646ms
 5: 491.286983ms
 6: 491.593057ms
 7: 497.108808ms
 8: 535.741528ms
 9: 484.224657ms
 10: 488.022845ms
 11: 554.790776ms
 12: 597.038156ms
 13: 504.272361ms
 14: 873.908012ms
 15: 543.528371ms
 16: 468.254965ms
 17: 845.045767ms
 18: 540.880030ms
 19: 506.207031ms
 20: 509.850056ms
 21: 464.839310ms
 22: 471.047510ms
 23: 492.221025ms
 24: 819.511286ms
 25: 747.003979ms
 26: 468.838737ms
 27: 464.393256ms
 28: 475.839165ms
 29: 932.143572ms
 30: 566.995241ms
 31: 460.821303ms
 32: 458.108124ms
 33: 885.029263ms
 34: 466.856246ms
 35: 461.526012ms
 36: 471.274392ms
 37: 468.269432ms
 38: 460.572071ms
 39: 466.527303ms
 40: 876.520939ms
 41: 466.092511ms
 42: 520.506284ms
 43: 540.766479ms
 44: 817.605938ms
 45: 701.708319ms
 46: 458.205697ms
 47: 860.522968ms
 48: 518.198137ms
 49: 870.442422ms


Measurements
--------------------------
FFT Size            : 632^3
Threads             : 36
Batch               : 1
Iterations          : 50
Avg Tot Runtime     : 581.231987 ms
Runtime per batch   : 581.231987 ms
SD                  : 152.739846 ms
Throughput          : 31.363172 GFLOPs
Plan Time           : 787.993366 sec
