Expm 2: Streaming FFTW
FFTW Plan: Patient
-- Cannot import wisdom from ../../wisdom/singlenode/all/504/fftw_504_t37_b1.patient
-- Exporting wisdom file to ../../wisdom/singlenode/all/504/fftw_504_t37_b1.patient
Iteration: 0, 1, 2, 3, 4, 5, 6, 7, 8, 9, 10, 11, 12, 13, 14, 15, 16, 17, 18, 19, 20, 21, 22, 23, 24, 25, 26, 27, 28, 29, 30, 31, 32, 33, 34, 35, 36, 37, 38, 39, 40, 41, 42, 43, 44, 45, 46, 47, 48, 49, 
Printing individual runtimes:
 0: 87.480643ms
 1: 82.055434ms
 2: 85.608143ms
 3: 81.971083ms
 4: 102.863496ms
 5: 82.196683ms
 6: 85.567635ms
 7: 80.762988ms
 8: 82.707628ms
 9: 80.985919ms
 10: 79.763646ms
 11: 97.781611ms
 12: 87.304589ms
 13: 79.295954ms
 14: 79.102233ms
 15: 79.390518ms
 16: 79.276636ms
 17: 79.204560ms
 18: 78.640798ms
 19: 78.546145ms
 20: 78.443343ms
 21: 78.514389ms
 22: 81.648553ms
 23: 81.400330ms
 24: 78.315346ms
 25: 78.183633ms
 26: 78.054964ms
 27: 78.237793ms
 28: 78.263384ms
 29: 78.246131ms
 30: 78.145722ms
 31: 78.129330ms
 32: 78.081123ms
 33: 78.306378ms
 34: 78.331675ms
 35: 78.057225ms
 36: 78.154762ms
 37: 78.057870ms
 38: 82.039246ms
 39: 78.239407ms
 40: 78.220895ms
 41: 95.120952ms
 42: 78.176448ms
 43: 78.316927ms
 44: 78.217652ms
 45: 78.239097ms
 46: 79.453079ms
 47: 78.261906ms
 48: 78.211706ms
 49: 78.172075ms


Measurements
--------------------------
FFT Size            : 504^3
Threads             : 37
Batch               : 1
Iterations          : 50
Avg Tot Runtime     : 80.914954 ms
Runtime per batch   : 80.914954 ms
SD                  : 5.127402 ms
Throughput          : 1.990545 GFLOPs
Plan Time           : 976.242103 sec
