Expm 2: Streaming FFT

Printing individual runtimes:
 0: 0.119498ms
 1: 0.016455ms
 2: 0.016339ms
 3: 0.063926ms
 4: 0.016877ms
 5: 0.014942ms
 6: 0.018107ms
 7: 0.015183ms
 8: 0.016279ms
 9: 0.017297ms
 10: 0.059161ms
 11: 0.016362ms
 12: 0.015732ms
 13: 0.017012ms
 14: 0.016256ms
 15: 0.016506ms
 16: 0.017731ms
 17: 0.017232ms
 18: 0.055413ms
 19: 0.016217ms
 20: 0.015462ms
 21: 0.017269ms
 22: 0.015315ms
 23: 0.015804ms
 24: 0.015568ms
 25: 0.017428ms
 26: 0.022375ms
 27: 0.016262ms
 28: 0.014539ms
 29: 0.016298ms
 30: 0.015953ms
 31: 0.016916ms
 32: 0.016478ms
 33: 0.016015ms
 34: 0.016767ms
 35: 0.056871ms
 36: 0.016701ms
 37: 0.017909ms
 38: 0.016294ms
 39: 0.015392ms
 40: 0.016175ms
 41: 0.024801ms
 42: 0.019856ms
 43: 0.015663ms
 44: 0.014838ms
 45: 0.015879ms
 46: 0.017290ms
 47: 0.016610ms
 48: 0.015512ms
 49: 0.015079ms
 50: 0.018525ms
 51: 0.015406ms
 52: 0.016055ms
 53: 0.017548ms
 54: 0.015488ms
 55: 0.016576ms
 56: 0.015533ms
 57: 0.017570ms
 58: 0.017133ms
 59: 0.021682ms
 60: 0.016265ms
 61: 0.016458ms
 62: 0.017567ms
 63: 0.063043ms
 64: 0.016038ms
 65: 0.016423ms
 66: 0.016924ms
 67: 0.016329ms
 68: 0.017099ms
 69: 0.057241ms
 70: 0.016227ms
 71: 0.014845ms
 72: 0.016212ms
 73: 0.016864ms
 74: 0.016229ms
 75: 0.016098ms
 76: 0.017311ms
 77: 0.015000ms
 78: 0.015900ms
 79: 0.016945ms
 80: 0.015230ms
 81: 0.015656ms
 82: 0.014597ms
 83: 0.016978ms
 84: 0.015768ms
 85: 0.015002ms
 86: 0.015706ms
 87: 0.017837ms
 88: 0.016405ms
 89: 0.014916ms
 90: 0.016649ms
 91: 0.016313ms
 92: 0.014689ms
 93: 0.015267ms
 94: 0.016119ms
 95: 0.015757ms
 96: 0.017316ms
 97: 0.015339ms
 98: 0.015085ms
 99: 0.066737ms
 100: 0.014675ms
 101: 0.015587ms
 102: 0.015580ms
 103: 0.015393ms
 104: 0.017697ms
 105: 0.015197ms
 106: 0.017535ms
 107: 0.015314ms
 108: 0.013931ms
 109: 0.015466ms
 110: 0.015823ms
 111: 0.017110ms
 112: 0.017277ms
 113: 0.016516ms
 114: 0.015064ms
 115: 0.017404ms
 116: 0.015783ms
 117: 0.015345ms
 118: 0.015695ms
 119: 0.016239ms
 120: 0.016397ms
 121: 0.015083ms
 122: 0.018080ms
 123: 0.014550ms
 124: 0.015373ms
 125: 0.018952ms
 126: 0.015713ms
 127: 0.017284ms
 128: 0.015541ms
 129: 0.015491ms
 130: 0.023138ms
 131: 0.016436ms
 132: 0.015479ms
 133: 0.016323ms
 134: 0.018837ms
 135: 0.017456ms
 136: 0.016079ms
 137: 0.016727ms
 138: 0.016943ms
 139: 0.016200ms
 140: 0.015500ms
 141: 0.015539ms
 142: 0.015273ms
 143: 0.015691ms
 144: 0.015131ms
 145: 0.026112ms
 146: 0.015182ms
 147: 0.014845ms
 148: 0.022239ms
 149: 0.016975ms
 150: 0.015643ms
 151: 0.015370ms
 152: 0.064658ms
 153: 0.015641ms
 154: 0.022090ms
 155: 0.015807ms
 156: 0.015838ms
 157: 0.014611ms
 158: 0.015454ms
 159: 0.014969ms
 160: 0.016899ms
 161: 0.018089ms
 162: 0.014987ms
 163: 0.015465ms
 164: 0.014755ms
 165: 0.016835ms
 166: 0.018395ms
 167: 0.014888ms
 168: 0.017439ms
 169: 0.014278ms
 170: 0.016484ms
 171: 0.018806ms
 172: 0.017280ms
 173: 0.015440ms
 174: 0.018027ms
 175: 0.014058ms
 176: 0.016352ms
 177: 0.017356ms
 178: 0.014720ms
 179: 0.015528ms
 180: 0.015729ms
 181: 0.017547ms
 182: 0.016664ms
 183: 0.021055ms
 184: 0.018337ms
 185: 0.015069ms
 186: 0.016474ms
 187: 0.015724ms
 188: 0.016642ms
 189: 0.015595ms
 190: 0.013850ms
 191: 0.016405ms
 192: 0.016481ms
 193: 0.017289ms
 194: 0.016389ms
 195: 0.015680ms
 196: 0.015280ms
 197: 0.017701ms
 198: 0.014745ms
 199: 0.015546ms


-- Real : Q1: 50 Q2: 100 Q3: 150
-- Array: Q1: 49 Q2: 99 Q3: 149
Printing sorted runtimes:
 0: 0.014845ms
 1: 0.014745ms
 2: 0.014597ms
 3: 0.013850ms
 4: 0.014689ms
 5: 0.014838ms
 6: 0.014675ms
 7: 0.013931ms
 8: 0.014720ms
 9: 0.014058ms
 10: 0.014550ms
 11: 0.014278ms
 12: 0.014539ms
 13: 0.014755ms
 14: 0.014611ms
 15: 0.015466ms
 16: 0.014969ms
 17: 0.015454ms
 18: 0.015465ms
 19: 0.015370ms
 20: 0.015462ms
 21: 0.014845ms
 22: 0.015315ms
 23: 0.015182ms
 24: 0.015131ms
 25: 0.015273ms
 26: 0.015000ms
 27: 0.015230ms
 28: 0.014888ms
 29: 0.015280ms
 30: 0.015002ms
 31: 0.014916ms
 32: 0.015373ms
 33: 0.015440ms
 34: 0.015083ms
 35: 0.015345ms
 36: 0.015064ms
 37: 0.014987ms
 38: 0.015183ms
 39: 0.015392ms
 40: 0.015314ms
 41: 0.015197ms
 42: 0.015393ms
 43: 0.015406ms
 44: 0.014942ms
 45: 0.015085ms
 46: 0.015339ms
 47: 0.015267ms
 48: 0.015069ms
 49: 0.015079ms
 50: 0.015479ms
 51: 0.015783ms
 52: 0.015491ms
 53: 0.015528ms
 54: 0.015500ms
 55: 0.015512ms
 56: 0.015533ms
 57: 0.015541ms
 58: 0.015539ms
 59: 0.015546ms
 60: 0.015729ms
 61: 0.015732ms
 62: 0.015641ms
 63: 0.015643ms
 64: 0.015724ms
 65: 0.015568ms
 66: 0.015691ms
 67: 0.015595ms
 68: 0.015713ms
 69: 0.015488ms
 70: 0.015695ms
 71: 0.015580ms
 72: 0.015587ms
 73: 0.015663ms
 74: 0.015680ms
 75: 0.015757ms
 76: 0.015706ms
 77: 0.015768ms
 78: 0.015656ms
 79: 0.016256ms
 80: 0.015953ms
 81: 0.015900ms
 82: 0.016079ms
 83: 0.016015ms
 84: 0.016200ms
 85: 0.016239ms
 86: 0.015838ms
 87: 0.016227ms
 88: 0.015823ms
 89: 0.016055ms
 90: 0.016175ms
 91: 0.015804ms
 92: 0.015807ms
 93: 0.016038ms
 94: 0.016119ms
 95: 0.016098ms
 96: 0.016212ms
 97: 0.016217ms
 98: 0.015879ms
 99: 0.016229ms
 100: 0.016262ms
 101: 0.016864ms
 102: 0.016279ms
 103: 0.016389ms
 104: 0.016352ms
 105: 0.016298ms
 106: 0.016313ms
 107: 0.016405ms
 108: 0.016294ms
 109: 0.016405ms
 110: 0.016397ms
 111: 0.016339ms
 112: 0.016329ms
 113: 0.016323ms
 114: 0.016362ms
 115: 0.016423ms
 116: 0.016458ms
 117: 0.016474ms
 118: 0.016436ms
 119: 0.016455ms
 120: 0.016481ms
 121: 0.016664ms
 122: 0.016727ms
 123: 0.016506ms
 124: 0.016478ms
 125: 0.016484ms
 126: 0.016576ms
 127: 0.016701ms
 128: 0.016516ms
 129: 0.016767ms
 130: 0.016642ms
 131: 0.016649ms
 132: 0.016610ms
 133: 0.016835ms
 134: 0.016265ms
 135: 0.017133ms
 136: 0.017099ms
 137: 0.016877ms
 138: 0.016943ms
 139: 0.016945ms
 140: 0.016978ms
 141: 0.016916ms
 142: 0.017012ms
 143: 0.016924ms
 144: 0.017110ms
 145: 0.016975ms
 146: 0.016899ms
 147: 0.017269ms
 148: 0.017232ms
 149: 0.017277ms
 150: 0.017280ms
 151: 0.017284ms
 152: 0.017290ms
 153: 0.017289ms
 154: 0.017297ms
 155: 0.017311ms
 156: 0.018337ms
 157: 0.017356ms
 158: 0.017439ms
 159: 0.017316ms
 160: 0.017535ms
 161: 0.017428ms
 162: 0.017404ms
 163: 0.017547ms
 164: 0.018089ms
 165: 0.017731ms
 166: 0.017570ms
 167: 0.017456ms
 168: 0.017567ms
 169: 0.017548ms
 170: 0.017701ms
 171: 0.018107ms
 172: 0.018080ms
 173: 0.017837ms
 174: 0.018027ms
 175: 0.017909ms
 176: 0.017697ms
 177: 0.018525ms
 178: 0.018952ms
 179: 0.018806ms
 180: 0.018837ms
 181: 0.018395ms
 182: 0.059161ms
 183: 0.021055ms
 184: 0.055413ms
 185: 0.022090ms
 186: 0.064658ms
 187: 0.022239ms
 188: 0.026112ms
 189: 0.022375ms
 190: 0.063926ms
 191: 0.023138ms
 192: 0.056871ms
 193: 0.024801ms
 194: 0.019856ms
 195: 0.066737ms
 196: 0.021682ms
 197: 0.057241ms
 198: 0.063043ms
 199: 0.119498ms


Measurements
--------------------------
FFT Size            : 24^3
Threads             : 22
Batch               : 1
Iterations          : 200
Avg Tot Runtime     : 0.018757 ms
Runtime per batch   : 0.018757 ms
SD                  : 0.011412 ms
Q1                  : 0.015079 ms
Median              : 0.016246 ms
Q3                  : 0.017277 ms
