Expm 2: Streaming FFTW
FFTW Plan: Patient
-- Cannot import wisdom from ../../wisdom/singlenode/all/83/fftw_83_t40_b1.patient
-- Exporting wisdom file to ../../wisdom/singlenode/all/83/fftw_83_t40_b1.patient
Iteration: 0, 1, 2, 3, 4, 5, 6, 7, 8, 9, 10, 11, 12, 13, 14, 15, 16, 17, 18, 19, 20, 21, 22, 23, 24, 25, 26, 27, 28, 29, 30, 31, 32, 33, 34, 35, 36, 37, 38, 39, 40, 41, 42, 43, 44, 45, 46, 47, 48, 49, 
Printing individual runtimes:
 0: 1.285479ms
 1: 1.309365ms
 2: 1.342001ms
 3: 1.373458ms
 4: 1.289302ms
 5: 1.298414ms
 6: 1.274732ms
 7: 1.416098ms
 8: 1.279977ms
 9: 1.269119ms
 10: 1.280384ms
 11: 1.286621ms
 12: 1.262965ms
 13: 1.267732ms
 14: 1.259104ms
 15: 1.244173ms
 16: 1.427726ms
 17: 1.446108ms
 18: 1.431470ms
 19: 1.279488ms
 20: 1.430699ms
 21: 1.300196ms
 22: 1.284241ms
 23: 1.354502ms
 24: 1.279449ms
 25: 1.401134ms
 26: 1.427170ms
 27: 1.266104ms
 28: 1.344903ms
 29: 1.399615ms
 30: 1.290821ms
 31: 1.280186ms
 32: 1.381633ms
 33: 1.318329ms
 34: 1.392600ms
 35: 1.296018ms
 36: 2.275748ms
 37: 1.272532ms
 38: 2.250272ms
 39: 1.265653ms
 40: 1.276220ms
 41: 1.339766ms
 42: 1.286632ms
 43: 1.252090ms
 44: 1.380291ms
 45: 1.336182ms
 46: 1.416479ms
 47: 1.405868ms
 48: 1.323189ms
 49: 1.251367ms


Measurements
--------------------------
FFT Size            : 83^3
Threads             : 40
Batch               : 1
Iterations          : 50
Avg Tot Runtime     : 1.362072 ms
Runtime per batch   : 1.362072 ms
SD                  : 0.193231 ms
Throughput          : 0.074195 GFLOPs
Plan Time           : 70.576094 sec
