Expm 2: Streaming FFTW
FFTW Plan: Patient
-- Cannot import wisdom from ../../wisdom/singlenode/all/592/fftw_592_t40_b1.patient
-- Exporting wisdom file to ../../wisdom/singlenode/all/592/fftw_592_t40_b1.patient
Iteration: 0, 1, 2, 3, 4, 5, 6, 7, 8, 9, 10, 11, 12, 13, 14, 15, 16, 17, 18, 19, 20, 21, 22, 23, 24, 25, 26, 27, 28, 29, 30, 31, 32, 33, 34, 35, 36, 37, 38, 39, 40, 41, 42, 43, 44, 45, 46, 47, 48, 49, 
Printing individual runtimes:
 0: 670.606872ms
 1: 721.391539ms
 2: 390.973822ms
 3: 492.700064ms
 4: 497.955923ms
 5: 727.870548ms
 6: 752.882052ms
 7: 465.876981ms
 8: 723.151001ms
 9: 722.869855ms
 10: 751.120326ms
 11: 687.365785ms
 12: 389.823964ms
 13: 496.671039ms
 14: 449.478885ms
 15: 778.286572ms
 16: 721.803724ms
 17: 390.425701ms
 18: 411.803024ms
 19: 388.693374ms
 20: 388.243663ms
 21: 425.388006ms
 22: 387.784842ms
 23: 387.803625ms
 24: 390.787660ms
 25: 468.625720ms
 26: 808.083351ms
 27: 434.668674ms
 28: 465.240136ms
 29: 386.925200ms
 30: 387.055825ms
 31: 631.804679ms
 32: 464.608854ms
 33: 388.777546ms
 34: 525.670133ms
 35: 393.677623ms
 36: 388.979062ms
 37: 388.935144ms
 38: 385.865192ms
 39: 488.842135ms
 40: 697.183843ms
 41: 385.870558ms
 42: 479.883866ms
 43: 387.050569ms
 44: 605.489501ms
 45: 386.925531ms
 46: 386.867412ms
 47: 386.771855ms
 48: 501.556057ms
 49: 387.403394ms


Measurements
--------------------------
FFT Size            : 592^3
Threads             : 40
Batch               : 1
Iterations          : 50
Avg Tot Runtime     : 504.490414 ms
Runtime per batch   : 504.490414 ms
SD                  : 139.095934 ms
Throughput          : 27.640395 GFLOPs
Plan Time           : 1804.145305 sec
