Expm 2: Streaming FFTW
FFTW Plan: Patient
-- Cannot import wisdom from ../../wisdom/singlenode/all/592/fftw_592_t39_b1.patient
-- Exporting wisdom file to ../../wisdom/singlenode/all/592/fftw_592_t39_b1.patient
Iteration: 0, 1, 2, 3, 4, 5, 6, 7, 8, 9, 10, 11, 12, 13, 14, 15, 16, 17, 18, 19, 20, 21, 22, 23, 24, 25, 26, 27, 28, 29, 30, 31, 32, 33, 34, 35, 36, 37, 38, 39, 40, 41, 42, 43, 44, 45, 46, 47, 48, 49, 
Printing individual runtimes:
 0: 422.835972ms
 1: 422.284394ms
 2: 845.148485ms
 3: 623.360072ms
 4: 423.309071ms
 5: 423.662167ms
 6: 423.166283ms
 7: 423.421190ms
 8: 451.804911ms
 9: 422.533970ms
 10: 422.159037ms
 11: 473.585649ms
 12: 422.883335ms
 13: 424.019635ms
 14: 772.115330ms
 15: 422.219350ms
 16: 422.109460ms
 17: 455.832786ms
 18: 422.125882ms
 19: 422.554251ms
 20: 422.012807ms
 21: 422.551674ms
 22: 422.277409ms
 23: 695.985003ms
 24: 688.522932ms
 25: 525.851289ms
 26: 450.519830ms
 27: 429.521194ms
 28: 676.522129ms
 29: 723.409773ms
 30: 469.340888ms
 31: 426.272645ms
 32: 457.992169ms
 33: 426.041705ms
 34: 554.807323ms
 35: 425.282856ms
 36: 425.489154ms
 37: 690.200797ms
 38: 429.598253ms
 39: 426.428667ms
 40: 426.624775ms
 41: 425.796711ms
 42: 461.798640ms
 43: 427.092211ms
 44: 427.102188ms
 45: 426.745582ms
 46: 443.284820ms
 47: 426.934142ms
 48: 493.854946ms
 49: 425.540655ms


Measurements
--------------------------
FFT Size            : 592^3
Threads             : 39
Batch               : 1
Iterations          : 50
Avg Tot Runtime     : 482.290688 ms
Runtime per batch   : 482.290688 ms
SD                  : 107.621227 ms
Throughput          : 27.016227 GFLOPs
Plan Time           : 1953.781499 sec
