Expm 2: Streaming FFTW
FFTW Plan: Patient
-- Cannot import wisdom from ../../wisdom/singlenode/all/205/fftw_205_t38_b1.patient
-- Exporting wisdom file to ../../wisdom/singlenode/all/205/fftw_205_t38_b1.patient
Iteration: 0, 1, 2, 3, 4, 5, 6, 7, 8, 9, 10, 11, 12, 13, 14, 15, 16, 17, 18, 19, 20, 21, 22, 23, 24, 25, 26, 27, 28, 29, 30, 31, 32, 33, 34, 35, 36, 37, 38, 39, 40, 41, 42, 43, 44, 45, 46, 47, 48, 49, 
Printing individual runtimes:
 0: 21.262097ms
 1: 21.321882ms
 2: 21.132384ms
 3: 20.824496ms
 4: 20.821042ms
 5: 21.756436ms
 6: 20.906129ms
 7: 20.882152ms
 8: 21.253551ms
 9: 20.810347ms
 10: 21.043671ms
 11: 21.113313ms
 12: 21.095162ms
 13: 20.798021ms
 14: 21.316027ms
 15: 20.762854ms
 16: 21.271997ms
 17: 20.773676ms
 18: 20.878685ms
 19: 20.756959ms
 20: 22.056899ms
 21: 20.733150ms
 22: 20.957805ms
 23: 21.047718ms
 24: 21.304784ms
 25: 20.850856ms
 26: 39.556286ms
 27: 21.026570ms
 28: 20.910791ms
 29: 20.687418ms
 30: 20.918795ms
 31: 20.870027ms
 32: 20.856337ms
 33: 20.775092ms
 34: 20.787464ms
 35: 20.938216ms
 36: 20.845084ms
 37: 21.086429ms
 38: 21.111486ms
 39: 21.264019ms
 40: 20.757752ms
 41: 20.897130ms
 42: 21.237659ms
 43: 23.336758ms
 44: 20.811964ms
 45: 20.847364ms
 46: 20.824830ms
 47: 21.131010ms
 48: 21.906163ms
 49: 21.832510ms


Measurements
--------------------------
FFT Size            : 205^3
Threads             : 38
Batch               : 1
Iterations          : 50
Avg Tot Runtime     : 21.458985 ms
Runtime per batch   : 21.458985 ms
SD                  : 2.623158 ms
Throughput          : 1.270946 GFLOPs
Plan Time           : 38.733076 sec
