Expm 2: Streaming FFTW
FFTW Plan: Patient
-- Cannot import wisdom from ../../wisdom/singlenode/all/205/fftw_205_t36_b1.patient
-- Exporting wisdom file to ../../wisdom/singlenode/all/205/fftw_205_t36_b1.patient
Iteration: 0, 1, 2, 3, 4, 5, 6, 7, 8, 9, 10, 11, 12, 13, 14, 15, 16, 17, 18, 19, 20, 21, 22, 23, 24, 25, 26, 27, 28, 29, 30, 31, 32, 33, 34, 35, 36, 37, 38, 39, 40, 41, 42, 43, 44, 45, 46, 47, 48, 49, 
Printing individual runtimes:
 0: 19.795286ms
 1: 19.377772ms
 2: 19.490598ms
 3: 19.644609ms
 4: 19.652011ms
 5: 19.599990ms
 6: 19.490119ms
 7: 19.515895ms
 8: 19.537035ms
 9: 19.449765ms
 10: 19.851123ms
 11: 19.730841ms
 12: 19.814042ms
 13: 19.398573ms
 14: 19.552957ms
 15: 19.342409ms
 16: 19.629586ms
 17: 19.447221ms
 18: 19.510374ms
 19: 19.275482ms
 20: 19.416678ms
 21: 19.458053ms
 22: 19.987780ms
 23: 19.781531ms
 24: 19.898783ms
 25: 19.622658ms
 26: 19.515673ms
 27: 19.549576ms
 28: 20.187837ms
 29: 20.257621ms
 30: 19.784164ms
 31: 19.615252ms
 32: 19.599770ms
 33: 19.864904ms
 34: 19.716534ms
 35: 19.679086ms
 36: 19.550721ms
 37: 19.702188ms
 38: 19.624579ms
 39: 19.404753ms
 40: 19.568804ms
 41: 19.530875ms
 42: 19.871809ms
 43: 20.028732ms
 44: 19.600052ms
 45: 19.734488ms
 46: 21.022466ms
 47: 19.580508ms
 48: 19.491461ms
 49: 19.860650ms


Measurements
--------------------------
FFT Size            : 205^3
Threads             : 36
Batch               : 1
Iterations          : 50
Avg Tot Runtime     : 19.672273 ms
Runtime per batch   : 19.672273 ms
SD                  : 0.280597 ms
Throughput          : 1.254826 GFLOPs
Plan Time           : 40.217856 sec
