Expm 2: Streaming FFT

Printing individual runtimes:
 0: 0.440648ms
 1: 0.338891ms
 2: 0.333198ms
 3: 0.783506ms
 4: 0.352152ms
 5: 0.332738ms
 6: 0.339225ms
 7: 0.348733ms
 8: 0.328372ms
 9: 0.333399ms
 10: 0.446177ms
 11: 0.334109ms
 12: 0.337358ms
 13: 0.350985ms
 14: 0.579892ms
 15: 0.341086ms
 16: 0.343932ms
 17: 0.346116ms
 18: 0.338237ms
 19: 0.331966ms
 20: 0.473028ms
 21: 0.354434ms
 22: 0.353472ms
 23: 0.350467ms
 24: 0.341565ms
 25: 0.335386ms
 26: 0.519148ms
 27: 0.333817ms
 28: 0.344273ms
 29: 0.339362ms
 30: 0.345094ms
 31: 0.329546ms
 32: 0.327963ms
 33: 0.339141ms
 34: 0.329236ms
 35: 0.435045ms
 36: 0.337763ms
 37: 0.330801ms
 38: 0.344932ms
 39: 0.336703ms
 40: 0.331386ms
 41: 0.327878ms
 42: 0.353134ms
 43: 0.323903ms
 44: 0.519108ms
 45: 0.333450ms
 46: 0.346671ms
 47: 0.335561ms
 48: 0.331749ms
 49: 0.339307ms
 50: 0.344046ms
 51: 0.459227ms
 52: 0.329196ms
 53: 0.345270ms
 54: 0.334877ms
 55: 0.328694ms
 56: 0.341888ms
 57: 0.332482ms
 58: 0.333956ms
 59: 0.459942ms
 60: 0.331359ms
 61: 0.332745ms
 62: 0.329764ms
 63: 0.329181ms
 64: 0.332175ms
 65: 0.334758ms
 66: 0.335489ms
 67: 0.327129ms
 68: 0.330836ms
 69: 0.335039ms
 70: 0.324297ms
 71: 0.337900ms
 72: 0.326718ms
 73: 0.344561ms
 74: 0.344834ms
 75: 0.343500ms
 76: 0.357991ms
 77: 0.336537ms
 78: 0.440735ms
 79: 0.336430ms
 80: 0.333027ms
 81: 0.340693ms
 82: 0.357990ms
 83: 0.367000ms
 84: 0.338871ms
 85: 0.350908ms
 86: 0.341647ms
 87: 0.343218ms
 88: 0.332631ms
 89: 0.343936ms
 90: 0.332272ms
 91: 0.348499ms
 92: 0.334649ms
 93: 0.345938ms
 94: 0.324331ms
 95: 0.333817ms
 96: 0.337350ms
 97: 0.361052ms
 98: 0.336537ms
 99: 0.353629ms
 100: 0.323700ms
 101: 0.323996ms
 102: 0.341245ms
 103: 0.328432ms
 104: 0.344161ms
 105: 0.334882ms
 106: 0.336401ms
 107: 0.353502ms
 108: 0.450938ms
 109: 0.335140ms
 110: 0.335960ms
 111: 0.345113ms
 112: 0.353015ms
 113: 0.363285ms
 114: 0.336884ms
 115: 0.342130ms
 116: 0.337866ms
 117: 0.338518ms
 118: 0.349047ms
 119: 0.332102ms
 120: 0.326167ms
 121: 0.328133ms
 122: 0.345727ms
 123: 0.342081ms
 124: 0.332775ms
 125: 0.326576ms
 126: 0.343723ms
 127: 0.337985ms
 128: 0.334277ms
 129: 0.327987ms
 130: 0.334546ms
 131: 0.356349ms
 132: 0.337268ms
 133: 0.336227ms
 134: 0.351124ms
 135: 0.338767ms
 136: 0.353272ms
 137: 0.335855ms
 138: 0.343367ms
 139: 0.331094ms
 140: 0.322210ms
 141: 0.334427ms
 142: 0.366167ms
 143: 0.344680ms
 144: 0.349693ms
 145: 0.334990ms
 146: 0.328308ms
 147: 0.339613ms
 148: 0.335994ms
 149: 0.321762ms
 150: 0.345874ms
 151: 0.353634ms
 152: 0.351266ms
 153: 0.333532ms
 154: 0.341456ms
 155: 0.343474ms
 156: 0.347777ms
 157: 0.340040ms
 158: 0.330372ms
 159: 0.339375ms
 160: 0.346702ms
 161: 0.345285ms
 162: 0.333417ms
 163: 0.337977ms
 164: 0.350658ms
 165: 0.336294ms
 166: 0.337455ms
 167: 0.334226ms
 168: 0.336859ms
 169: 0.332967ms
 170: 0.338509ms
 171: 0.334176ms
 172: 0.332287ms
 173: 0.348846ms
 174: 0.340797ms
 175: 0.363546ms
 176: 0.336611ms
 177: 0.351486ms
 178: 0.325893ms
 179: 0.345525ms
 180: 0.482911ms
 181: 0.365282ms
 182: 0.321548ms
 183: 0.332119ms
 184: 0.337580ms
 185: 0.332011ms
 186: 0.341024ms
 187: 0.344315ms
 188: 0.337605ms
 189: 0.339867ms
 190: 0.346966ms
 191: 0.363164ms
 192: 0.326810ms
 193: 0.328727ms
 194: 0.338517ms
 195: 0.333447ms
 196: 0.338874ms
 197: 0.334315ms
 198: 0.351459ms
 199: 0.325018ms


-- Real : Q1: 50 Q2: 100 Q3: 150
-- Array: Q1: 49 Q2: 99 Q3: 149
Printing sorted runtimes:
 0: 0.325018ms
 1: 0.321548ms
 2: 0.321762ms
 3: 0.322210ms
 4: 0.323996ms
 5: 0.323700ms
 6: 0.324331ms
 7: 0.324297ms
 8: 0.323903ms
 9: 0.330372ms
 10: 0.329196ms
 11: 0.328694ms
 12: 0.328727ms
 13: 0.328372ms
 14: 0.328432ms
 15: 0.329764ms
 16: 0.325893ms
 17: 0.327878ms
 18: 0.329181ms
 19: 0.328308ms
 20: 0.329236ms
 21: 0.326810ms
 22: 0.327129ms
 23: 0.326167ms
 24: 0.328133ms
 25: 0.327963ms
 26: 0.326576ms
 27: 0.326718ms
 28: 0.327987ms
 29: 0.329546ms
 30: 0.332102ms
 31: 0.330836ms
 32: 0.331094ms
 33: 0.331749ms
 34: 0.331359ms
 35: 0.332011ms
 36: 0.331386ms
 37: 0.330801ms
 38: 0.331966ms
 39: 0.332272ms
 40: 0.332175ms
 41: 0.332119ms
 42: 0.332482ms
 43: 0.332287ms
 44: 0.333027ms
 45: 0.332745ms
 46: 0.332631ms
 47: 0.332738ms
 48: 0.332967ms
 49: 0.332775ms
 50: 0.333198ms
 51: 0.336227ms
 52: 0.333399ms
 53: 0.333817ms
 54: 0.334877ms
 55: 0.335855ms
 56: 0.334546ms
 57: 0.335561ms
 58: 0.333956ms
 59: 0.334427ms
 60: 0.333450ms
 61: 0.333447ms
 62: 0.334990ms
 63: 0.334649ms
 64: 0.335994ms
 65: 0.334758ms
 66: 0.335489ms
 67: 0.333532ms
 68: 0.333417ms
 69: 0.335039ms
 70: 0.334109ms
 71: 0.334277ms
 72: 0.333817ms
 73: 0.334882ms
 74: 0.335386ms
 75: 0.334226ms
 76: 0.335140ms
 77: 0.335960ms
 78: 0.334176ms
 79: 0.334315ms
 80: 0.336703ms
 81: 0.336611ms
 82: 0.336430ms
 83: 0.336537ms
 84: 0.336537ms
 85: 0.336401ms
 86: 0.336294ms
 87: 0.337866ms
 88: 0.337358ms
 89: 0.337455ms
 90: 0.337605ms
 91: 0.336859ms
 92: 0.337580ms
 93: 0.337350ms
 94: 0.337268ms
 95: 0.336884ms
 96: 0.337763ms
 97: 0.337977ms
 98: 0.337900ms
 99: 0.337985ms
 100: 0.338237ms
 101: 0.345874ms
 102: 0.338517ms
 103: 0.338518ms
 104: 0.338767ms
 105: 0.339225ms
 106: 0.338874ms
 107: 0.338891ms
 108: 0.339141ms
 109: 0.338871ms
 110: 0.340797ms
 111: 0.341565ms
 112: 0.343932ms
 113: 0.344273ms
 114: 0.341647ms
 115: 0.342130ms
 116: 0.344161ms
 117: 0.343218ms
 118: 0.339362ms
 119: 0.340693ms
 120: 0.339375ms
 121: 0.343500ms
 122: 0.340040ms
 123: 0.342081ms
 124: 0.343474ms
 125: 0.341245ms
 126: 0.343723ms
 127: 0.339867ms
 128: 0.343936ms
 129: 0.341456ms
 130: 0.341888ms
 131: 0.341086ms
 132: 0.341024ms
 133: 0.344315ms
 134: 0.339613ms
 135: 0.344561ms
 136: 0.339307ms
 137: 0.344046ms
 138: 0.343367ms
 139: 0.345525ms
 140: 0.345113ms
 141: 0.345285ms
 142: 0.345094ms
 143: 0.344680ms
 144: 0.345727ms
 145: 0.344834ms
 146: 0.344932ms
 147: 0.338509ms
 148: 0.345270ms
 149: 0.345938ms
 150: 0.346116ms
 151: 0.346671ms
 152: 0.346966ms
 153: 0.348846ms
 154: 0.348733ms
 155: 0.346702ms
 156: 0.347777ms
 157: 0.348499ms
 158: 0.351459ms
 159: 0.349693ms
 160: 0.353134ms
 161: 0.350985ms
 162: 0.349047ms
 163: 0.352152ms
 164: 0.350658ms
 165: 0.353272ms
 166: 0.353015ms
 167: 0.351266ms
 168: 0.350467ms
 169: 0.353472ms
 170: 0.350908ms
 171: 0.351486ms
 172: 0.351124ms
 173: 0.353502ms
 174: 0.435045ms
 175: 0.363546ms
 176: 0.363164ms
 177: 0.354434ms
 178: 0.367000ms
 179: 0.363285ms
 180: 0.357990ms
 181: 0.365282ms
 182: 0.353629ms
 183: 0.357991ms
 184: 0.366167ms
 185: 0.356349ms
 186: 0.361052ms
 187: 0.353634ms
 188: 0.440648ms
 189: 0.482911ms
 190: 0.783506ms
 191: 0.450938ms
 192: 0.440735ms
 193: 0.459942ms
 194: 0.459227ms
 195: 0.519108ms
 196: 0.519148ms
 197: 0.473028ms
 198: 0.579892ms
 199: 0.446177ms


Measurements
--------------------------
FFT Size            : 47^3
Threads             : 26
Batch               : 1
Iterations          : 200
Avg Tot Runtime     : 0.349545 ms
Runtime per batch   : 0.349545 ms
SD                  : 0.046713 ms
Q1                  : 0.332775 ms
Median              : 0.338111 ms
Q3                  : 0.345938 ms
