Expm 2: Streaming FFT

Printing individual runtimes:
 0: 0.402281ms
 1: 0.324856ms
 2: 0.330080ms
 3: 0.419916ms
 4: 0.322799ms
 5: 0.768170ms
 6: 0.319946ms
 7: 0.399406ms
 8: 0.316942ms
 9: 0.338941ms
 10: 0.288599ms
 11: 0.321679ms
 12: 0.374409ms
 13: 0.278919ms
 14: 0.358563ms
 15: 0.314492ms
 16: 0.434556ms
 17: 0.331762ms
 18: 0.334340ms
 19: 0.392685ms
 20: 0.332117ms
 21: 0.328665ms
 22: 0.358234ms
 23: 0.321883ms
 24: 0.318485ms
 25: 0.394322ms
 26: 0.317017ms
 27: 0.335450ms
 28: 0.323932ms
 29: 0.413525ms
 30: 0.335024ms
 31: 0.324162ms
 32: 0.328076ms
 33: 0.390601ms
 34: 0.324962ms
 35: 0.322482ms
 36: 0.326649ms
 37: 0.404357ms
 38: 0.323684ms
 39: 0.322349ms
 40: 0.319329ms
 41: 0.410186ms
 42: 0.331348ms
 43: 0.333967ms
 44: 0.317393ms
 45: 0.316837ms
 46: 0.330570ms
 47: 0.380635ms
 48: 0.308802ms
 49: 0.323992ms
 50: 0.332425ms
 51: 0.321099ms
 52: 0.326761ms
 53: 0.353896ms
 54: 0.376552ms
 55: 0.331780ms
 56: 0.346033ms
 57: 0.321597ms
 58: 0.335990ms
 59: 0.332756ms
 60: 0.337596ms
 61: 0.417973ms
 62: 0.336808ms
 63: 0.328281ms
 64: 0.330983ms
 65: 0.304980ms
 66: 0.330616ms
 67: 0.322033ms
 68: 0.373646ms
 69: 0.332328ms
 70: 0.341534ms
 71: 0.310689ms
 72: 0.310210ms
 73: 0.283539ms
 74: 0.312243ms
 75: 0.318729ms
 76: 0.400302ms
 77: 0.316561ms
 78: 0.289403ms
 79: 0.287800ms
 80: 0.318170ms
 81: 0.330422ms
 82: 0.334422ms
 83: 0.322581ms
 84: 0.371758ms
 85: 0.326904ms
 86: 0.324550ms
 87: 0.315850ms
 88: 0.343459ms
 89: 0.325337ms
 90: 0.318580ms
 91: 0.378643ms
 92: 0.321791ms
 93: 0.324354ms
 94: 0.328394ms
 95: 0.332663ms
 96: 0.324467ms
 97: 0.323818ms
 98: 0.327908ms
 99: 0.317555ms
 100: 0.334162ms
 101: 0.335791ms
 102: 0.403905ms
 103: 0.324829ms
 104: 0.324683ms
 105: 0.327808ms
 106: 0.307058ms
 107: 0.321997ms
 108: 0.323464ms
 109: 0.323889ms
 110: 0.318110ms
 111: 0.316930ms
 112: 0.322860ms
 113: 0.331895ms
 114: 0.333846ms
 115: 0.330652ms
 116: 0.319747ms
 117: 0.368450ms
 118: 0.342599ms
 119: 0.338056ms
 120: 0.325249ms
 121: 0.313479ms
 122: 0.317490ms
 123: 0.316438ms
 124: 0.319819ms
 125: 0.323145ms
 126: 0.335161ms
 127: 0.332575ms
 128: 0.314322ms
 129: 0.317035ms
 130: 0.322614ms
 131: 0.330712ms
 132: 0.322653ms
 133: 0.373691ms
 134: 0.339685ms
 135: 0.320312ms
 136: 0.322119ms
 137: 0.329676ms
 138: 0.317969ms
 139: 0.339584ms
 140: 0.328896ms
 141: 0.322855ms
 142: 0.319013ms
 143: 0.326660ms
 144: 0.313383ms
 145: 0.329200ms
 146: 0.315835ms
 147: 0.395260ms
 148: 0.329843ms
 149: 0.324922ms
 150: 0.319660ms
 151: 0.319420ms
 152: 0.318439ms
 153: 0.324449ms
 154: 0.323855ms
 155: 0.321615ms
 156: 0.312518ms
 157: 0.317016ms
 158: 0.324948ms
 159: 0.319460ms
 160: 0.330017ms
 161: 0.321979ms
 162: 0.328448ms
 163: 0.331400ms
 164: 0.325282ms
 165: 0.322246ms
 166: 0.539281ms
 167: 0.338612ms
 168: 0.391128ms
 169: 0.340325ms
 170: 0.317407ms
 171: 0.315964ms
 172: 0.319183ms
 173: 0.330087ms
 174: 0.318259ms
 175: 0.323088ms
 176: 0.325577ms
 177: 0.332280ms
 178: 0.322557ms
 179: 0.328190ms
 180: 0.328312ms
 181: 0.314683ms
 182: 0.321164ms
 183: 0.315322ms
 184: 0.339089ms
 185: 0.375099ms
 186: 0.321604ms
 187: 0.318196ms
 188: 0.330503ms
 189: 0.324971ms
 190: 0.329669ms
 191: 0.319420ms
 192: 0.317799ms
 193: 0.326827ms
 194: 0.317540ms
 195: 0.334058ms
 196: 0.334387ms
 197: 0.335675ms
 198: 0.322216ms
 199: 0.338239ms


-- Real : Q1: 50 Q2: 100 Q3: 150
-- Array: Q1: 49 Q2: 99 Q3: 149
Printing sorted runtimes:
 0: 0.315835ms
 1: 0.312518ms
 2: 0.313383ms
 3: 0.287800ms
 4: 0.289403ms
 5: 0.312243ms
 6: 0.283539ms
 7: 0.310210ms
 8: 0.310689ms
 9: 0.307058ms
 10: 0.288599ms
 11: 0.304980ms
 12: 0.308802ms
 13: 0.278919ms
 14: 0.313479ms
 15: 0.314492ms
 16: 0.314322ms
 17: 0.314683ms
 18: 0.315322ms
 19: 0.318729ms
 20: 0.317407ms
 21: 0.318110ms
 22: 0.318196ms
 23: 0.318580ms
 24: 0.318485ms
 25: 0.317555ms
 26: 0.317017ms
 27: 0.318259ms
 28: 0.315850ms
 29: 0.316930ms
 30: 0.317016ms
 31: 0.318170ms
 32: 0.316561ms
 33: 0.317035ms
 34: 0.317969ms
 35: 0.317799ms
 36: 0.318439ms
 37: 0.317490ms
 38: 0.316837ms
 39: 0.317540ms
 40: 0.317393ms
 41: 0.316942ms
 42: 0.315964ms
 43: 0.316438ms
 44: 0.319420ms
 45: 0.319183ms
 46: 0.319013ms
 47: 0.319329ms
 48: 0.319420ms
 49: 0.319460ms
 50: 0.319660ms
 51: 0.324829ms
 52: 0.319819ms
 53: 0.319946ms
 54: 0.321164ms
 55: 0.319747ms
 56: 0.320312ms
 57: 0.321597ms
 58: 0.322860ms
 59: 0.323088ms
 60: 0.321615ms
 61: 0.323855ms
 62: 0.324449ms
 63: 0.323992ms
 64: 0.323889ms
 65: 0.321679ms
 66: 0.323464ms
 67: 0.322033ms
 68: 0.322246ms
 69: 0.321997ms
 70: 0.322855ms
 71: 0.322557ms
 72: 0.322349ms
 73: 0.323684ms
 74: 0.323145ms
 75: 0.322482ms
 76: 0.324683ms
 77: 0.322614ms
 78: 0.322799ms
 79: 0.322216ms
 80: 0.324162ms
 81: 0.321099ms
 82: 0.324467ms
 83: 0.322581ms
 84: 0.321979ms
 85: 0.322119ms
 86: 0.324550ms
 87: 0.323932ms
 88: 0.321604ms
 89: 0.323818ms
 90: 0.321883ms
 91: 0.322653ms
 92: 0.321791ms
 93: 0.324354ms
 94: 0.324922ms
 95: 0.324856ms
 96: 0.324962ms
 97: 0.324948ms
 98: 0.324971ms
 99: 0.325249ms
 100: 0.325282ms
 101: 0.330712ms
 102: 0.325577ms
 103: 0.326649ms
 104: 0.326660ms
 105: 0.327808ms
 106: 0.328076ms
 107: 0.326904ms
 108: 0.328190ms
 109: 0.327908ms
 110: 0.326761ms
 111: 0.326827ms
 112: 0.330087ms
 113: 0.325337ms
 114: 0.329843ms
 115: 0.330652ms
 116: 0.329200ms
 117: 0.330080ms
 118: 0.328281ms
 119: 0.328394ms
 120: 0.328896ms
 121: 0.330017ms
 122: 0.330570ms
 123: 0.329669ms
 124: 0.329676ms
 125: 0.330616ms
 126: 0.328448ms
 127: 0.330503ms
 128: 0.328665ms
 129: 0.328312ms
 130: 0.330422ms
 131: 0.334162ms
 132: 0.331400ms
 133: 0.332117ms
 134: 0.332575ms
 135: 0.332328ms
 136: 0.331762ms
 137: 0.331348ms
 138: 0.333967ms
 139: 0.332280ms
 140: 0.330983ms
 141: 0.332425ms
 142: 0.334058ms
 143: 0.332663ms
 144: 0.332756ms
 145: 0.331780ms
 146: 0.331895ms
 147: 0.333846ms
 148: 0.334340ms
 149: 0.334387ms
 150: 0.334422ms
 151: 0.335450ms
 152: 0.335161ms
 153: 0.335024ms
 154: 0.338239ms
 155: 0.338056ms
 156: 0.335990ms
 157: 0.335791ms
 158: 0.337596ms
 159: 0.336808ms
 160: 0.335675ms
 161: 0.371758ms
 162: 0.343459ms
 163: 0.400302ms
 164: 0.341534ms
 165: 0.373646ms
 166: 0.539281ms
 167: 0.338612ms
 168: 0.391128ms
 169: 0.340325ms
 170: 0.378643ms
 171: 0.417973ms
 172: 0.402281ms
 173: 0.403905ms
 174: 0.346033ms
 175: 0.376552ms
 176: 0.353896ms
 177: 0.380635ms
 178: 0.410186ms
 179: 0.404357ms
 180: 0.390601ms
 181: 0.368450ms
 182: 0.413525ms
 183: 0.342599ms
 184: 0.339089ms
 185: 0.375099ms
 186: 0.394322ms
 187: 0.358234ms
 188: 0.392685ms
 189: 0.373691ms
 190: 0.434556ms
 191: 0.358563ms
 192: 0.374409ms
 193: 0.338941ms
 194: 0.399406ms
 195: 0.768170ms
 196: 0.339685ms
 197: 0.339584ms
 198: 0.419916ms
 199: 0.395260ms


Measurements
--------------------------
FFT Size            : 47^3
Threads             : 36
Batch               : 1
Iterations          : 200
Avg Tot Runtime     : 0.336135 ms
Runtime per batch   : 0.336135 ms
SD                  : 0.042329 ms
Q1                  : 0.319460 ms
Median              : 0.325265 ms
Q3                  : 0.334387 ms
