Expm 2: Streaming FFTW
FFTW Plan: Patient
-- Cannot import wisdom from ../../wisdom/singlenode/all/525/fftw_525_t37_b1.patient
-- Exporting wisdom file to ../../wisdom/singlenode/all/525/fftw_525_t37_b1.patient
Iteration: 0, 1, 2, 3, 4, 5, 6, 7, 8, 9, 10, 11, 12, 13, 14, 15, 16, 17, 18, 19, 20, 21, 22, 23, 24, 25, 26, 27, 28, 29, 30, 31, 32, 33, 34, 35, 36, 37, 38, 39, 40, 41, 42, 43, 44, 45, 46, 47, 48, 49, 
Printing individual runtimes:
 0: 75.421584ms
 1: 76.452332ms
 2: 75.536805ms
 3: 76.387154ms
 4: 76.155418ms
 5: 75.398384ms
 6: 78.167078ms
 7: 75.079829ms
 8: 74.677994ms
 9: 74.909037ms
 10: 74.962211ms
 11: 74.873710ms
 12: 74.753728ms
 13: 75.260861ms
 14: 75.113814ms
 15: 74.851278ms
 16: 74.914311ms
 17: 73.912959ms
 18: 75.671296ms
 19: 75.277064ms
 20: 74.619766ms
 21: 75.080421ms
 22: 75.473918ms
 23: 74.550837ms
 24: 74.933604ms
 25: 75.002244ms
 26: 74.735895ms
 27: 74.651346ms
 28: 75.180685ms
 29: 75.011902ms
 30: 74.590679ms
 31: 74.751215ms
 32: 74.857024ms
 33: 75.012176ms
 34: 74.893916ms
 35: 74.094783ms
 36: 74.861604ms
 37: 75.020319ms
 38: 74.739986ms
 39: 74.889521ms
 40: 74.776551ms
 41: 74.905052ms
 42: 75.472526ms
 43: 75.238599ms
 44: 75.855601ms
 45: 76.685084ms
 46: 81.016829ms
 47: 75.542959ms
 48: 75.503468ms
 49: 75.766292ms


Measurements
--------------------------
FFT Size            : 525^3
Threads             : 37
Batch               : 1
Iterations          : 50
Avg Tot Runtime     : 75.309833 ms
Runtime per batch   : 75.309833 ms
SD                  : 1.062769 ms
Throughput          : 4.122177 GFLOPs
Plan Time           : 510.444844 sec
