Expm 2: Streaming FFTW
FFTW Plan: Patient
-- Cannot import wisdom from ../../wisdom/singlenode/all/257/fftw_257_t37_b1.patient
-- Exporting wisdom file to ../../wisdom/singlenode/all/257/fftw_257_t37_b1.patient
Iteration: 0, 1, 2, 3, 4, 5, 6, 7, 8, 9, 10, 11, 12, 13, 14, 15, 16, 17, 18, 19, 20, 21, 22, 23, 24, 25, 26, 27, 28, 29, 30, 31, 32, 33, 34, 35, 36, 37, 38, 39, 40, 41, 42, 43, 44, 45, 46, 47, 48, 49, 
Printing individual runtimes:
 0: 66.218678ms
 1: 65.676983ms
 2: 66.084410ms
 3: 31.354974ms
 4: 30.704895ms
 5: 30.406726ms
 6: 31.141251ms
 7: 32.314082ms
 8: 31.232914ms
 9: 31.313841ms
 10: 31.957428ms
 11: 31.071529ms
 12: 30.824289ms
 13: 29.695573ms
 14: 31.613840ms
 15: 31.719685ms
 16: 28.529225ms
 17: 28.683553ms
 18: 29.839138ms
 19: 29.895705ms
 20: 30.893435ms
 21: 30.705925ms
 22: 28.557172ms
 23: 28.320305ms
 24: 30.836642ms
 25: 29.853044ms
 26: 29.837412ms
 27: 29.461021ms
 28: 29.470779ms
 29: 30.407827ms
 30: 29.022066ms
 31: 28.550228ms
 32: 29.787015ms
 33: 29.671612ms
 34: 29.668521ms
 35: 29.255263ms
 36: 29.968939ms
 37: 29.904638ms
 38: 77.806895ms
 39: 37.030765ms
 40: 31.419847ms
 41: 31.976366ms
 42: 65.406829ms
 43: 28.680184ms
 44: 30.087232ms
 45: 29.849617ms
 46: 45.884352ms
 47: 27.844998ms
 48: 29.530369ms
 49: 31.818177ms


Measurements
--------------------------
FFT Size            : 257^3
Threads             : 37
Batch               : 1
Iterations          : 50
Avg Tot Runtime     : 34.435724 ms
Runtime per batch   : 34.435724 ms
SD                  : 11.660971 ms
Throughput          : 2.384897 GFLOPs
Plan Time           : 441.032176 sec
