Expm 2: Streaming FFTW
FFTW Plan: Patient
-- Cannot import wisdom from ../../wisdom/singlenode/all/47/fftw_47_t38_b1.patient
-- Exporting wisdom file to ../../wisdom/singlenode/all/47/fftw_47_t38_b1.patient
Iteration: 0, 1, 2, 3, 4, 5, 6, 7, 8, 9, 10, 11, 12, 13, 14, 15, 16, 17, 18, 19, 20, 21, 22, 23, 24, 25, 26, 27, 28, 29, 30, 31, 32, 33, 34, 35, 36, 37, 38, 39, 40, 41, 42, 43, 44, 45, 46, 47, 48, 49, 
Printing individual runtimes:
 0: 0.492633ms
 1: 0.272976ms
 2: 0.293700ms
 3: 0.716281ms
 4: 0.377019ms
 5: 0.495109ms
 6: 0.311966ms
 7: 0.305695ms
 8: 0.518415ms
 9: 0.292416ms
 10: 0.451250ms
 11: 0.334370ms
 12: 0.319222ms
 13: 0.316412ms
 14: 0.311743ms
 15: 0.615391ms
 16: 0.506710ms
 17: 0.455017ms
 18: 0.554717ms
 19: 0.315951ms
 20: 0.432529ms
 21: 2.184832ms
 22: 0.628099ms
 23: 0.522700ms
 24: 0.313146ms
 25: 0.290200ms
 26: 0.440962ms
 27: 0.282016ms
 28: 0.279345ms
 29: 0.311887ms
 30: 0.284708ms
 31: 0.434691ms
 32: 0.280493ms
 33: 0.292963ms
 34: 0.280407ms
 35: 0.280400ms
 36: 0.407289ms
 37: 0.284979ms
 38: 0.320417ms
 39: 0.283657ms
 40: 0.280655ms
 41: 0.388978ms
 42: 0.289374ms
 43: 0.308303ms
 44: 0.274376ms
 45: 0.286728ms
 46: 0.434290ms
 47: 0.297068ms
 48: 0.286171ms
 49: 0.280853ms


Measurements
--------------------------
FFT Size            : 47^3
Threads             : 38
Batch               : 1
Iterations          : 50
Avg Tot Runtime     : 0.404390 ms
Runtime per batch   : 0.404390 ms
SD                  : 0.276506 ms
Throughput          : 0.013731 GFLOPs
Plan Time           : 23.956572 sec
