Expm 2: Streaming FFT

Printing individual runtimes:
 0: 0.260232ms
 1: 0.061941ms
 2: 0.084179ms
 3: 0.165510ms
 4: 0.058592ms
 5: 0.063852ms
 6: 0.052273ms
 7: 0.063548ms
 8: 0.055642ms
 9: 0.074615ms
 10: 0.144469ms
 11: 0.061738ms
 12: 0.059379ms
 13: 0.065862ms
 14: 0.159011ms
 15: 0.062652ms
 16: 0.052795ms
 17: 0.054783ms
 18: 0.078396ms
 19: 0.182282ms
 20: 0.061219ms
 21: 0.058524ms
 22: 0.063525ms
 23: 0.056453ms
 24: 0.068523ms
 25: 0.059536ms
 26: 0.053805ms
 27: 0.064674ms
 28: 0.059596ms
 29: 0.044669ms
 30: 0.077068ms
 31: 0.067464ms
 32: 0.056083ms
 33: 0.055238ms
 34: 0.059156ms
 35: 0.170028ms
 36: 0.053929ms
 37: 0.049803ms
 38: 0.054107ms
 39: 0.060559ms
 40: 0.062231ms
 41: 0.053338ms
 42: 0.053554ms
 43: 0.048690ms
 44: 0.052510ms
 45: 0.075844ms
 46: 0.082294ms
 47: 0.055956ms
 48: 0.060701ms
 49: 0.060329ms
 50: 0.076569ms
 51: 0.047252ms
 52: 0.062195ms
 53: 0.052761ms
 54: 0.070828ms
 55: 0.059344ms
 56: 0.076486ms
 57: 0.052048ms
 58: 0.044157ms
 59: 0.064509ms
 60: 0.051449ms
 61: 0.061220ms
 62: 0.059794ms
 63: 0.056185ms
 64: 0.055190ms
 65: 0.132537ms
 66: 0.064830ms
 67: 0.054902ms
 68: 0.061741ms
 69: 0.060357ms
 70: 0.052299ms
 71: 0.080508ms
 72: 0.055217ms
 73: 0.055245ms
 74: 0.065921ms
 75: 0.054215ms
 76: 0.053301ms
 77: 0.064993ms
 78: 0.065631ms
 79: 0.053808ms
 80: 0.056501ms
 81: 0.058307ms
 82: 0.054119ms
 83: 0.057893ms
 84: 0.065286ms
 85: 0.059403ms
 86: 0.052232ms
 87: 0.058286ms
 88: 0.052795ms
 89: 0.057028ms
 90: 0.053350ms
 91: 0.053834ms
 92: 0.060810ms
 93: 0.055675ms
 94: 0.078568ms
 95: 0.171136ms
 96: 0.061951ms
 97: 0.067727ms
 98: 0.053302ms
 99: 0.050978ms
 100: 0.069140ms
 101: 0.051459ms
 102: 0.059631ms
 103: 0.052477ms
 104: 0.067729ms
 105: 0.061825ms
 106: 0.075399ms
 107: 0.078103ms
 108: 0.051559ms
 109: 0.055386ms
 110: 0.057113ms
 111: 0.067951ms
 112: 0.055237ms
 113: 0.053286ms
 114: 0.044622ms
 115: 0.062861ms
 116: 0.065031ms
 117: 0.051806ms
 118: 0.059109ms
 119: 0.075869ms
 120: 0.081577ms
 121: 0.062429ms
 122: 0.054089ms
 123: 0.066564ms
 124: 0.060796ms
 125: 0.055765ms
 126: 0.055399ms
 127: 0.066330ms
 128: 0.083097ms
 129: 0.061247ms
 130: 0.059989ms
 131: 0.060620ms
 132: 0.054117ms
 133: 0.059399ms
 134: 0.076829ms
 135: 0.059992ms
 136: 0.054805ms
 137: 0.064645ms
 138: 0.060882ms
 139: 0.060624ms
 140: 0.061354ms
 141: 0.055168ms
 142: 0.075502ms
 143: 0.050718ms
 144: 0.060321ms
 145: 0.065453ms
 146: 0.064452ms
 147: 0.053796ms
 148: 0.064667ms
 149: 0.053488ms
 150: 0.071515ms
 151: 0.080176ms
 152: 0.066769ms
 153: 0.057888ms
 154: 0.052876ms
 155: 0.057808ms
 156: 0.161977ms
 157: 0.052680ms
 158: 0.079623ms
 159: 0.062937ms
 160: 0.083533ms
 161: 0.059159ms
 162: 0.060899ms
 163: 0.060666ms
 164: 0.053552ms
 165: 0.052402ms
 166: 0.057171ms
 167: 0.052495ms
 168: 0.058487ms
 169: 0.063463ms
 170: 0.057962ms
 171: 0.061708ms
 172: 0.073942ms
 173: 0.076752ms
 174: 0.051051ms
 175: 0.054030ms
 176: 0.044292ms
 177: 0.061747ms
 178: 0.055393ms
 179: 0.072509ms
 180: 0.053358ms
 181: 0.053823ms
 182: 0.055056ms
 183: 0.053679ms
 184: 0.052192ms
 185: 0.044011ms
 186: 0.067940ms
 187: 0.047091ms
 188: 0.053415ms
 189: 0.051639ms
 190: 0.053087ms
 191: 0.057608ms
 192: 0.066895ms
 193: 0.054089ms
 194: 0.060637ms
 195: 0.060087ms
 196: 0.080372ms
 197: 0.059489ms
 198: 0.062102ms
 199: 0.055103ms


-- Real : Q1: 50 Q2: 100 Q3: 150
-- Array: Q1: 49 Q2: 99 Q3: 149
Printing sorted runtimes:
 0: 0.053796ms
 1: 0.052402ms
 2: 0.053552ms
 3: 0.051449ms
 4: 0.051806ms
 5: 0.044157ms
 6: 0.052273ms
 7: 0.052048ms
 8: 0.044622ms
 9: 0.053286ms
 10: 0.053087ms
 11: 0.051559ms
 12: 0.052495ms
 13: 0.051639ms
 14: 0.053415ms
 15: 0.047091ms
 16: 0.052795ms
 17: 0.052299ms
 18: 0.044011ms
 19: 0.052192ms
 20: 0.050718ms
 21: 0.052477ms
 22: 0.053679ms
 23: 0.051459ms
 24: 0.052761ms
 25: 0.050978ms
 26: 0.053301ms
 27: 0.047252ms
 28: 0.053302ms
 29: 0.044669ms
 30: 0.053358ms
 31: 0.052680ms
 32: 0.053488ms
 33: 0.052876ms
 34: 0.052232ms
 35: 0.053350ms
 36: 0.051051ms
 37: 0.049803ms
 38: 0.052510ms
 39: 0.052795ms
 40: 0.044292ms
 41: 0.053338ms
 42: 0.053554ms
 43: 0.048690ms
 44: 0.054030ms
 45: 0.053805ms
 46: 0.053929ms
 47: 0.053834ms
 48: 0.053823ms
 49: 0.053808ms
 50: 0.054089ms
 51: 0.055765ms
 52: 0.054117ms
 53: 0.054107ms
 54: 0.054215ms
 55: 0.054119ms
 56: 0.054783ms
 57: 0.055056ms
 58: 0.054805ms
 59: 0.054902ms
 60: 0.055168ms
 61: 0.055190ms
 62: 0.055103ms
 63: 0.055399ms
 64: 0.054089ms
 65: 0.055642ms
 66: 0.055237ms
 67: 0.055386ms
 68: 0.055393ms
 69: 0.055238ms
 70: 0.055675ms
 71: 0.055245ms
 72: 0.055217ms
 73: 0.059109ms
 74: 0.058592ms
 75: 0.058487ms
 76: 0.057962ms
 77: 0.057608ms
 78: 0.057113ms
 79: 0.057171ms
 80: 0.056501ms
 81: 0.058307ms
 82: 0.058524ms
 83: 0.057893ms
 84: 0.057808ms
 85: 0.056453ms
 86: 0.055956ms
 87: 0.058286ms
 88: 0.056083ms
 89: 0.057028ms
 90: 0.056185ms
 91: 0.057888ms
 92: 0.059489ms
 93: 0.059344ms
 94: 0.059159ms
 95: 0.059156ms
 96: 0.059399ms
 97: 0.059379ms
 98: 0.059403ms
 99: 0.059536ms
 100: 0.059596ms
 101: 0.063525ms
 102: 0.060087ms
 103: 0.059794ms
 104: 0.059992ms
 105: 0.059989ms
 106: 0.060321ms
 107: 0.060329ms
 108: 0.060559ms
 109: 0.060796ms
 110: 0.060810ms
 111: 0.060624ms
 112: 0.060620ms
 113: 0.060357ms
 114: 0.060701ms
 115: 0.060882ms
 116: 0.060637ms
 117: 0.060666ms
 118: 0.060899ms
 119: 0.061220ms
 120: 0.061738ms
 121: 0.061354ms
 122: 0.061825ms
 123: 0.061219ms
 124: 0.061741ms
 125: 0.061941ms
 126: 0.061747ms
 127: 0.061708ms
 128: 0.061247ms
 129: 0.062102ms
 130: 0.059631ms
 131: 0.061951ms
 132: 0.062429ms
 133: 0.062652ms
 134: 0.062937ms
 135: 0.063463ms
 136: 0.062195ms
 137: 0.062231ms
 138: 0.062861ms
 139: 0.065031ms
 140: 0.064645ms
 141: 0.064674ms
 142: 0.064509ms
 143: 0.064830ms
 144: 0.064993ms
 145: 0.063852ms
 146: 0.064452ms
 147: 0.063548ms
 148: 0.064667ms
 149: 0.065286ms
 150: 0.065453ms
 151: 0.065631ms
 152: 0.066330ms
 153: 0.066564ms
 154: 0.065862ms
 155: 0.065921ms
 156: 0.066895ms
 157: 0.066769ms
 158: 0.067940ms
 159: 0.067727ms
 160: 0.068523ms
 161: 0.069140ms
 162: 0.071515ms
 163: 0.067464ms
 164: 0.067729ms
 165: 0.067951ms
 166: 0.070828ms
 167: 0.076486ms
 168: 0.075502ms
 169: 0.075399ms
 170: 0.078103ms
 171: 0.076569ms
 172: 0.073942ms
 173: 0.076752ms
 174: 0.082294ms
 175: 0.075844ms
 176: 0.132537ms
 177: 0.170028ms
 178: 0.080508ms
 179: 0.072509ms
 180: 0.077068ms
 181: 0.075869ms
 182: 0.083533ms
 183: 0.076829ms
 184: 0.182282ms
 185: 0.078396ms
 186: 0.079623ms
 187: 0.081577ms
 188: 0.159011ms
 189: 0.161977ms
 190: 0.144469ms
 191: 0.074615ms
 192: 0.078568ms
 193: 0.171136ms
 194: 0.080176ms
 195: 0.165510ms
 196: 0.080372ms
 197: 0.084179ms
 198: 0.083097ms
 199: 0.260232ms


Measurements
--------------------------
FFT Size            : 33^3
Threads             : 27
Batch               : 1
Iterations          : 200
Avg Tot Runtime     : 0.065413 ms
Runtime per batch   : 0.065413 ms
SD                  : 0.025656 ms
Q1                  : 0.053808 ms
Median              : 0.059566 ms
Q3                  : 0.065286 ms
