Expm 2: Streaming FFT

Printing individual runtimes:
 0: 0.339177ms
 1: 0.052408ms
 2: 0.050742ms
 3: 0.275009ms
 4: 0.060575ms
 5: 0.615505ms
 6: 0.052831ms
 7: 0.151583ms
 8: 0.049228ms
 9: 0.161870ms
 10: 0.060782ms
 11: 0.202516ms
 12: 0.033840ms
 13: 0.051814ms
 14: 0.307544ms
 15: 0.056752ms
 16: 0.051106ms
 17: 0.219557ms
 18: 0.050160ms
 19: 0.165126ms
 20: 0.067969ms
 21: 0.053791ms
 22: 0.069970ms
 23: 0.153945ms
 24: 0.054952ms
 25: 0.176968ms
 26: 0.049952ms
 27: 0.170947ms
 28: 0.056881ms
 29: 0.051691ms
 30: 0.052234ms
 31: 0.178786ms
 32: 0.048461ms
 33: 0.051481ms
 34: 0.048869ms
 35: 0.049749ms
 36: 0.222831ms
 37: 0.043548ms
 38: 0.039514ms
 39: 0.050533ms
 40: 0.194739ms
 41: 0.051744ms
 42: 0.050340ms
 43: 0.040002ms
 44: 0.047696ms
 45: 0.049746ms
 46: 0.147869ms
 47: 0.049055ms
 48: 0.049765ms
 49: 0.151416ms
 50: 0.049009ms
 51: 0.053638ms
 52: 0.152275ms
 53: 0.048806ms
 54: 0.049471ms
 55: 0.041928ms
 56: 0.050158ms
 57: 0.052576ms
 58: 0.121235ms
 59: 0.050206ms
 60: 0.041344ms
 61: 0.044795ms
 62: 0.041623ms
 63: 0.065357ms
 64: 0.050991ms
 65: 0.145187ms
 66: 0.038505ms
 67: 0.046090ms
 68: 0.043918ms
 69: 0.034319ms
 70: 0.052577ms
 71: 0.049665ms
 72: 0.137093ms
 73: 0.049492ms
 74: 0.051703ms
 75: 0.037241ms
 76: 0.039435ms
 77: 0.039451ms
 78: 0.052080ms
 79: 0.041658ms
 80: 0.055573ms
 81: 0.040409ms
 82: 0.040007ms
 83: 0.056918ms
 84: 0.140184ms
 85: 0.036909ms
 86: 0.051974ms
 87: 0.049992ms
 88: 0.064166ms
 89: 0.185172ms
 90: 0.052853ms
 91: 0.050570ms
 92: 0.045484ms
 93: 0.041775ms
 94: 0.048476ms
 95: 0.044253ms
 96: 0.053346ms
 97: 0.052718ms
 98: 0.045428ms
 99: 0.051862ms
 100: 0.049302ms
 101: 0.051458ms
 102: 0.053532ms
 103: 0.034815ms
 104: 0.044178ms
 105: 0.068091ms
 106: 0.156431ms
 107: 0.045471ms
 108: 0.042386ms
 109: 0.052906ms
 110: 0.045403ms
 111: 0.042117ms
 112: 0.049360ms
 113: 0.049209ms
 114: 0.045785ms
 115: 0.051129ms
 116: 0.052776ms
 117: 0.043671ms
 118: 0.045927ms
 119: 0.048482ms
 120: 0.032697ms
 121: 0.053065ms
 122: 0.051949ms
 123: 0.170567ms
 124: 0.051427ms
 125: 0.046545ms
 126: 0.051094ms
 127: 0.044223ms
 128: 0.050629ms
 129: 0.053540ms
 130: 0.052480ms
 131: 0.050401ms
 132: 0.053135ms
 133: 0.052424ms
 134: 0.049834ms
 135: 0.040843ms
 136: 0.028617ms
 137: 0.050792ms
 138: 0.053730ms
 139: 0.031445ms
 140: 0.041374ms
 141: 0.054326ms
 142: 0.050092ms
 143: 0.045477ms
 144: 0.045728ms
 145: 0.048752ms
 146: 0.170859ms
 147: 0.056112ms
 148: 0.047670ms
 149: 0.049238ms
 150: 0.034679ms
 151: 0.050904ms
 152: 0.039318ms
 153: 0.050039ms
 154: 0.045290ms
 155: 0.031868ms
 156: 0.051113ms
 157: 0.036045ms
 158: 0.045893ms
 159: 0.049149ms
 160: 0.040387ms
 161: 0.059303ms
 162: 0.032056ms
 163: 0.043760ms
 164: 0.065542ms
 165: 0.052144ms
 166: 0.045351ms
 167: 0.035292ms
 168: 0.042321ms
 169: 0.056981ms
 170: 0.048661ms
 171: 0.043804ms
 172: 0.047921ms
 173: 0.049782ms
 174: 0.037711ms
 175: 0.041912ms
 176: 0.037462ms
 177: 0.048106ms
 178: 0.177729ms
 179: 0.044607ms
 180: 0.050719ms
 181: 0.049526ms
 182: 0.038514ms
 183: 0.045336ms
 184: 0.163088ms
 185: 0.064000ms
 186: 0.040572ms
 187: 0.072178ms
 188: 0.038305ms
 189: 0.048663ms
 190: 0.030199ms
 191: 0.042217ms
 192: 0.032656ms
 193: 0.055695ms
 194: 0.052948ms
 195: 0.051695ms
 196: 0.050278ms
 197: 0.045466ms
 198: 0.050263ms
 199: 0.043405ms


-- Real : Q1: 50 Q2: 100 Q3: 150
-- Array: Q1: 49 Q2: 99 Q3: 149
Printing sorted runtimes:
 0: 0.040002ms
 1: 0.036909ms
 2: 0.039451ms
 3: 0.032656ms
 4: 0.039435ms
 5: 0.030199ms
 6: 0.037241ms
 7: 0.038305ms
 8: 0.034815ms
 9: 0.034319ms
 10: 0.038505ms
 11: 0.038514ms
 12: 0.033840ms
 13: 0.032697ms
 14: 0.028617ms
 15: 0.037462ms
 16: 0.031445ms
 17: 0.037711ms
 18: 0.039514ms
 19: 0.034679ms
 20: 0.039318ms
 21: 0.031868ms
 22: 0.035292ms
 23: 0.036045ms
 24: 0.032056ms
 25: 0.041928ms
 26: 0.040387ms
 27: 0.041775ms
 28: 0.040007ms
 29: 0.040409ms
 30: 0.041658ms
 31: 0.040572ms
 32: 0.041623ms
 33: 0.041344ms
 34: 0.040843ms
 35: 0.041912ms
 36: 0.041374ms
 37: 0.043918ms
 38: 0.043405ms
 39: 0.042321ms
 40: 0.043760ms
 41: 0.042217ms
 42: 0.043671ms
 43: 0.042386ms
 44: 0.043548ms
 45: 0.042117ms
 46: 0.043804ms
 47: 0.044223ms
 48: 0.044178ms
 49: 0.044253ms
 50: 0.044607ms
 51: 0.049834ms
 52: 0.046545ms
 53: 0.048806ms
 54: 0.049009ms
 55: 0.048869ms
 56: 0.048482ms
 57: 0.045927ms
 58: 0.048106ms
 59: 0.045785ms
 60: 0.048661ms
 61: 0.049055ms
 62: 0.048461ms
 63: 0.049209ms
 64: 0.049238ms
 65: 0.045403ms
 66: 0.045336ms
 67: 0.046090ms
 68: 0.047696ms
 69: 0.045290ms
 70: 0.049302ms
 71: 0.045471ms
 72: 0.045477ms
 73: 0.049228ms
 74: 0.045428ms
 75: 0.048663ms
 76: 0.045728ms
 77: 0.045466ms
 78: 0.048752ms
 79: 0.047670ms
 80: 0.048476ms
 81: 0.045351ms
 82: 0.045893ms
 83: 0.049149ms
 84: 0.045484ms
 85: 0.047921ms
 86: 0.049765ms
 87: 0.049746ms
 88: 0.044795ms
 89: 0.049471ms
 90: 0.049749ms
 91: 0.049360ms
 92: 0.049665ms
 93: 0.049492ms
 94: 0.049526ms
 95: 0.049782ms
 96: 0.050039ms
 97: 0.049992ms
 98: 0.049952ms
 99: 0.050092ms
 100: 0.050158ms
 101: 0.052576ms
 102: 0.050206ms
 103: 0.050263ms
 104: 0.050792ms
 105: 0.050533ms
 106: 0.050401ms
 107: 0.050278ms
 108: 0.050340ms
 109: 0.050742ms
 110: 0.050629ms
 111: 0.050904ms
 112: 0.050570ms
 113: 0.050719ms
 114: 0.050991ms
 115: 0.051129ms
 116: 0.051481ms
 117: 0.051814ms
 118: 0.051113ms
 119: 0.051691ms
 120: 0.051695ms
 121: 0.051458ms
 122: 0.051106ms
 123: 0.051744ms
 124: 0.051427ms
 125: 0.051703ms
 126: 0.051094ms
 127: 0.051949ms
 128: 0.052234ms
 129: 0.052144ms
 130: 0.052080ms
 131: 0.051862ms
 132: 0.051974ms
 133: 0.052408ms
 134: 0.052424ms
 135: 0.050160ms
 136: 0.052480ms
 137: 0.053346ms
 138: 0.052776ms
 139: 0.052853ms
 140: 0.052906ms
 141: 0.052948ms
 142: 0.052577ms
 143: 0.052831ms
 144: 0.053065ms
 145: 0.052718ms
 146: 0.053135ms
 147: 0.053540ms
 148: 0.053532ms
 149: 0.053638ms
 150: 0.053730ms
 151: 0.053791ms
 152: 0.121235ms
 153: 0.065357ms
 154: 0.178786ms
 155: 0.145187ms
 156: 0.151416ms
 157: 0.222831ms
 158: 0.056881ms
 159: 0.170947ms
 160: 0.156431ms
 161: 0.059303ms
 162: 0.176968ms
 163: 0.054952ms
 164: 0.065542ms
 165: 0.068091ms
 166: 0.153945ms
 167: 0.069970ms
 168: 0.056112ms
 169: 0.056981ms
 170: 0.067969ms
 171: 0.165126ms
 172: 0.137093ms
 173: 0.170859ms
 174: 0.219557ms
 175: 0.339177ms
 176: 0.056752ms
 177: 0.307544ms
 178: 0.177729ms
 179: 0.194739ms
 180: 0.170567ms
 181: 0.055573ms
 182: 0.202516ms
 183: 0.060782ms
 184: 0.163088ms
 185: 0.064000ms
 186: 0.161870ms
 187: 0.072178ms
 188: 0.151583ms
 189: 0.152275ms
 190: 0.615505ms
 191: 0.060575ms
 192: 0.275009ms
 193: 0.055695ms
 194: 0.054326ms
 195: 0.056918ms
 196: 0.140184ms
 197: 0.147869ms
 198: 0.185172ms
 199: 0.064166ms


Measurements
--------------------------
FFT Size            : 33^3
Threads             : 33
Batch               : 1
Iterations          : 200
Avg Tot Runtime     : 0.069079 ms
Runtime per batch   : 0.069079 ms
SD                  : 0.063375 ms
Q1                  : 0.044253 ms
Median              : 0.050125 ms
Q3                  : 0.053638 ms
