Expm 2: Streaming FFT

Printing individual runtimes:
 0: 0.195464ms
 1: 0.062961ms
 2: 0.059949ms
 3: 0.167756ms
 4: 0.055940ms
 5: 0.053837ms
 6: 0.064031ms
 7: 0.063961ms
 8: 0.055494ms
 9: 0.062173ms
 10: 0.162017ms
 11: 0.056626ms
 12: 0.059568ms
 13: 0.061273ms
 14: 0.141646ms
 15: 0.056646ms
 16: 0.064141ms
 17: 0.054867ms
 18: 0.052325ms
 19: 0.168124ms
 20: 0.054816ms
 21: 0.063045ms
 22: 0.062604ms
 23: 0.070136ms
 24: 0.062351ms
 25: 0.149691ms
 26: 0.051120ms
 27: 0.054460ms
 28: 0.055252ms
 29: 0.063566ms
 30: 0.147458ms
 31: 0.078395ms
 32: 0.053512ms
 33: 0.055268ms
 34: 0.062588ms
 35: 0.075396ms
 36: 0.055942ms
 37: 0.061539ms
 38: 0.065520ms
 39: 0.055077ms
 40: 0.057060ms
 41: 0.058003ms
 42: 0.053600ms
 43: 0.055632ms
 44: 0.053774ms
 45: 0.053559ms
 46: 0.054611ms
 47: 0.064432ms
 48: 0.053345ms
 49: 0.151416ms
 50: 0.056170ms
 51: 0.071035ms
 52: 0.059761ms
 53: 0.053675ms
 54: 0.057413ms
 55: 0.167684ms
 56: 0.055290ms
 57: 0.056163ms
 58: 0.057389ms
 59: 0.052964ms
 60: 0.053178ms
 61: 0.076867ms
 62: 0.054039ms
 63: 0.052883ms
 64: 0.055227ms
 65: 0.062361ms
 66: 0.054336ms
 67: 0.058339ms
 68: 0.069544ms
 69: 0.054585ms
 70: 0.065559ms
 71: 0.061469ms
 72: 0.057162ms
 73: 0.070184ms
 74: 0.061892ms
 75: 0.055611ms
 76: 0.056870ms
 77: 0.055021ms
 78: 0.053344ms
 79: 0.065399ms
 80: 0.054795ms
 81: 0.062403ms
 82: 0.053511ms
 83: 0.066952ms
 84: 0.057056ms
 85: 0.170330ms
 86: 0.056966ms
 87: 0.053268ms
 88: 0.069163ms
 89: 0.054430ms
 90: 0.079169ms
 91: 0.058768ms
 92: 0.056311ms
 93: 0.054827ms
 94: 0.061075ms
 95: 0.053581ms
 96: 0.053591ms
 97: 0.062303ms
 98: 0.062464ms
 99: 0.053341ms
 100: 0.065865ms
 101: 0.053650ms
 102: 0.056246ms
 103: 0.055294ms
 104: 0.064416ms
 105: 0.064846ms
 106: 0.064992ms
 107: 0.058528ms
 108: 0.063153ms
 109: 0.053944ms
 110: 0.053406ms
 111: 0.054216ms
 112: 0.055171ms
 113: 0.068786ms
 114: 0.163375ms
 115: 0.054987ms
 116: 0.072867ms
 117: 0.055217ms
 118: 0.083503ms
 119: 0.071715ms
 120: 0.063774ms
 121: 0.167094ms
 122: 0.053079ms
 123: 0.064393ms
 124: 0.072613ms
 125: 0.061285ms
 126: 0.052854ms
 127: 0.058700ms
 128: 0.051788ms
 129: 0.068419ms
 130: 0.068436ms
 131: 0.054411ms
 132: 0.063135ms
 133: 0.061449ms
 134: 0.063485ms
 135: 0.055403ms
 136: 0.060541ms
 137: 0.053158ms
 138: 0.060621ms
 139: 0.078460ms
 140: 0.064658ms
 141: 0.064564ms
 142: 0.082068ms
 143: 0.054327ms
 144: 0.054468ms
 145: 0.073511ms
 146: 0.063100ms
 147: 0.052825ms
 148: 0.069720ms
 149: 0.053574ms
 150: 0.060982ms
 151: 0.060572ms
 152: 0.057298ms
 153: 0.059814ms
 154: 0.053081ms
 155: 0.054187ms
 156: 0.062668ms
 157: 0.053719ms
 158: 0.053690ms
 159: 0.058807ms
 160: 0.055099ms
 161: 0.059565ms
 162: 0.066925ms
 163: 0.044849ms
 164: 0.053689ms
 165: 0.057799ms
 166: 0.059412ms
 167: 0.090594ms
 168: 0.058368ms
 169: 0.081559ms
 170: 0.060735ms
 171: 0.053996ms
 172: 0.055144ms
 173: 0.074946ms
 174: 0.056254ms
 175: 0.059476ms
 176: 0.068627ms
 177: 0.060111ms
 178: 0.062763ms
 179: 0.176422ms
 180: 0.055075ms
 181: 0.054241ms
 182: 0.086805ms
 183: 0.058236ms
 184: 0.054450ms
 185: 0.053809ms
 186: 0.050882ms
 187: 0.064294ms
 188: 0.050432ms
 189: 0.063430ms
 190: 0.070548ms
 191: 0.054599ms
 192: 0.059315ms
 193: 0.158307ms
 194: 0.070627ms
 195: 0.051621ms
 196: 0.056357ms
 197: 0.054435ms
 198: 0.066976ms
 199: 0.160374ms


-- Real : Q1: 50 Q2: 100 Q3: 150
-- Array: Q1: 49 Q2: 99 Q3: 149
Printing sorted runtimes:
 0: 0.053081ms
 1: 0.052964ms
 2: 0.052883ms
 3: 0.050882ms
 4: 0.050432ms
 5: 0.051120ms
 6: 0.052825ms
 7: 0.044849ms
 8: 0.052325ms
 9: 0.053079ms
 10: 0.052854ms
 11: 0.051621ms
 12: 0.051788ms
 13: 0.054435ms
 14: 0.053158ms
 15: 0.053690ms
 16: 0.053719ms
 17: 0.053178ms
 18: 0.054327ms
 19: 0.054241ms
 20: 0.054039ms
 21: 0.053689ms
 22: 0.053675ms
 23: 0.053574ms
 24: 0.054216ms
 25: 0.053406ms
 26: 0.053837ms
 27: 0.054336ms
 28: 0.053944ms
 29: 0.053650ms
 30: 0.054187ms
 31: 0.053996ms
 32: 0.053512ms
 33: 0.053341ms
 34: 0.053591ms
 35: 0.054411ms
 36: 0.053581ms
 37: 0.053809ms
 38: 0.054430ms
 39: 0.053268ms
 40: 0.053511ms
 41: 0.053345ms
 42: 0.053600ms
 43: 0.053344ms
 44: 0.053774ms
 45: 0.053559ms
 46: 0.054468ms
 47: 0.054460ms
 48: 0.054450ms
 49: 0.054585ms
 50: 0.054599ms
 51: 0.057056ms
 52: 0.054611ms
 53: 0.054987ms
 54: 0.054816ms
 55: 0.054795ms
 56: 0.054867ms
 57: 0.055021ms
 58: 0.055217ms
 59: 0.056163ms
 60: 0.055290ms
 61: 0.055171ms
 62: 0.055252ms
 63: 0.054827ms
 64: 0.055227ms
 65: 0.056646ms
 66: 0.056170ms
 67: 0.055294ms
 68: 0.055075ms
 69: 0.056246ms
 70: 0.055099ms
 71: 0.055268ms
 72: 0.055403ms
 73: 0.055942ms
 74: 0.055940ms
 75: 0.055611ms
 76: 0.056870ms
 77: 0.055494ms
 78: 0.055632ms
 79: 0.056357ms
 80: 0.056311ms
 81: 0.055144ms
 82: 0.056626ms
 83: 0.056254ms
 84: 0.055077ms
 85: 0.056966ms
 86: 0.057389ms
 87: 0.057298ms
 88: 0.057162ms
 89: 0.057060ms
 90: 0.058768ms
 91: 0.058236ms
 92: 0.058003ms
 93: 0.057799ms
 94: 0.058339ms
 95: 0.057413ms
 96: 0.058368ms
 97: 0.058528ms
 98: 0.058700ms
 99: 0.058807ms
 100: 0.059315ms
 101: 0.061469ms
 102: 0.059476ms
 103: 0.060572ms
 104: 0.060982ms
 105: 0.059814ms
 106: 0.059761ms
 107: 0.059568ms
 108: 0.059565ms
 109: 0.059949ms
 110: 0.061075ms
 111: 0.060541ms
 112: 0.060621ms
 113: 0.060735ms
 114: 0.060111ms
 115: 0.061273ms
 116: 0.061285ms
 117: 0.059412ms
 118: 0.061449ms
 119: 0.063774ms
 120: 0.063045ms
 121: 0.063430ms
 122: 0.062961ms
 123: 0.062361ms
 124: 0.063153ms
 125: 0.062604ms
 126: 0.062763ms
 127: 0.061892ms
 128: 0.063566ms
 129: 0.063100ms
 130: 0.062464ms
 131: 0.062303ms
 132: 0.063135ms
 133: 0.062351ms
 134: 0.063485ms
 135: 0.062588ms
 136: 0.061539ms
 137: 0.062668ms
 138: 0.062403ms
 139: 0.062173ms
 140: 0.064564ms
 141: 0.064416ms
 142: 0.064141ms
 143: 0.064393ms
 144: 0.063961ms
 145: 0.064432ms
 146: 0.064294ms
 147: 0.064031ms
 148: 0.064658ms
 149: 0.064846ms
 150: 0.064992ms
 151: 0.065559ms
 152: 0.065520ms
 153: 0.065865ms
 154: 0.065399ms
 155: 0.066976ms
 156: 0.066952ms
 157: 0.066925ms
 158: 0.068419ms
 159: 0.068436ms
 160: 0.078460ms
 161: 0.072613ms
 162: 0.082068ms
 163: 0.167094ms
 164: 0.071715ms
 165: 0.083503ms
 166: 0.072867ms
 167: 0.090594ms
 168: 0.163375ms
 169: 0.081559ms
 170: 0.068786ms
 171: 0.195464ms
 172: 0.079169ms
 173: 0.074946ms
 174: 0.069163ms
 175: 0.170330ms
 176: 0.068627ms
 177: 0.073511ms
 178: 0.070184ms
 179: 0.176422ms
 180: 0.069544ms
 181: 0.076867ms
 182: 0.086805ms
 183: 0.167684ms
 184: 0.071035ms
 185: 0.151416ms
 186: 0.075396ms
 187: 0.078395ms
 188: 0.147458ms
 189: 0.149691ms
 190: 0.070548ms
 191: 0.070136ms
 192: 0.168124ms
 193: 0.158307ms
 194: 0.070627ms
 195: 0.141646ms
 196: 0.162017ms
 197: 0.167756ms
 198: 0.069720ms
 199: 0.160374ms


Measurements
--------------------------
FFT Size            : 33^3
Threads             : 25
Batch               : 1
Iterations          : 200
Avg Tot Runtime     : 0.067869 ms
Runtime per batch   : 0.067869 ms
SD                  : 0.028297 ms
Q1                  : 0.054585 ms
Median              : 0.059061 ms
Q3                  : 0.064846 ms
