Expm 2: Streaming FFTW
FFTW Plan: Patient
-- Cannot import wisdom from ../../wisdom/singlenode/all/602/fftw_602_t38_b1.patient
-- Exporting wisdom file to ../../wisdom/singlenode/all/602/fftw_602_t38_b1.patient
Iteration: 0, 1, 2, 3, 4, 5, 6, 7, 8, 9, 10, 11, 12, 13, 14, 15, 16, 17, 18, 19, 20, 21, 22, 23, 24, 25, 26, 27, 28, 29, 30, 31, 32, 33, 34, 35, 36, 37, 38, 39, 40, 41, 42, 43, 44, 45, 46, 47, 48, 49, 
Printing individual runtimes:
 0: 496.694319ms
 1: 496.981938ms
 2: 730.864035ms
 3: 496.330234ms
 4: 495.966491ms
 5: 496.474356ms
 6: 498.054145ms
 7: 500.772132ms
 8: 841.711443ms
 9: 496.268055ms
 10: 511.801503ms
 11: 573.351661ms
 12: 496.708554ms
 13: 497.210434ms
 14: 494.310478ms
 15: 495.950979ms
 16: 540.728593ms
 17: 497.981364ms
 18: 494.425777ms
 19: 894.899784ms
 20: 669.505725ms
 21: 517.945135ms
 22: 493.764980ms
 23: 496.210787ms
 24: 493.967613ms
 25: 496.688943ms
 26: 497.016864ms
 27: 517.456093ms
 28: 495.255854ms
 29: 497.396777ms
 30: 495.100787ms
 31: 495.907010ms
 32: 493.397987ms
 33: 497.134785ms
 34: 497.749690ms
 35: 520.104520ms
 36: 499.882475ms
 37: 526.171567ms
 38: 495.411622ms
 39: 896.723771ms
 40: 699.082924ms
 41: 497.979736ms
 42: 982.642015ms
 43: 751.716668ms
 44: 890.875085ms
 45: 532.822015ms
 46: 497.821249ms
 47: 495.077573ms
 48: 827.451260ms
 49: 496.709543ms


Measurements
--------------------------
FFT Size            : 602^3
Threads             : 38
Batch               : 1
Iterations          : 50
Avg Tot Runtime     : 566.249147 ms
Runtime per batch   : 566.249147 ms
SD                  : 134.096055 ms
Throughput          : 34.359072 GFLOPs
Plan Time           : 406.191229 sec
