Expm 2: Streaming FFTW
FFTW Plan: Patient
-- Cannot import wisdom from ../../wisdom/singlenode/all/458/fftw_458_t36_b1.patient
-- Exporting wisdom file to ../../wisdom/singlenode/all/458/fftw_458_t36_b1.patient
Iteration: 0, 1, 2, 3, 4, 5, 6, 7, 8, 9, 10, 11, 12, 13, 14, 15, 16, 17, 18, 19, 20, 21, 22, 23, 24, 25, 26, 27, 28, 29, 30, 31, 32, 33, 34, 35, 36, 37, 38, 39, 40, 41, 42, 43, 44, 45, 46, 47, 48, 49, 
Printing individual runtimes:
 0: 159.609783ms
 1: 147.605548ms
 2: 243.708806ms
 3: 150.319436ms
 4: 152.057840ms
 5: 151.330082ms
 6: 153.645851ms
 7: 151.032621ms
 8: 147.477429ms
 9: 149.533784ms
 10: 150.740502ms
 11: 151.145935ms
 12: 150.978309ms
 13: 151.321228ms
 14: 165.858175ms
 15: 152.200644ms
 16: 156.627711ms
 17: 155.183150ms
 18: 155.615393ms
 19: 154.022629ms
 20: 152.335712ms
 21: 157.105579ms
 22: 151.860883ms
 23: 152.998553ms
 24: 154.609690ms
 25: 150.042592ms
 26: 156.153037ms
 27: 150.975860ms
 28: 156.752661ms
 29: 152.924129ms
 30: 158.025243ms
 31: 247.057214ms
 32: 312.092102ms
 33: 244.010635ms
 34: 184.790504ms
 35: 150.535907ms
 36: 152.217720ms
 37: 245.162184ms
 38: 153.396169ms
 39: 248.479854ms
 40: 154.766509ms
 41: 152.236159ms
 42: 150.578363ms
 43: 149.692637ms
 44: 154.011881ms
 45: 150.552269ms
 46: 160.548072ms
 47: 154.970238ms
 48: 156.190192ms
 49: 153.309619ms


Measurements
--------------------------
FFT Size            : 458^3
Threads             : 36
Batch               : 1
Iterations          : 50
Avg Tot Runtime     : 166.367940 ms
Runtime per batch   : 166.367940 ms
SD                  : 34.894235 ms
Throughput          : 12.353002 GFLOPs
Plan Time           : 490.755768 sec
