Expm 2: Streaming FFTW
FFTW Plan: Patient
-- Cannot import wisdom from ../../wisdom/singlenode/all/177/fftw_177_t39_b1.patient
-- Exporting wisdom file to ../../wisdom/singlenode/all/177/fftw_177_t39_b1.patient
Iteration: 0, 1, 2, 3, 4, 5, 6, 7, 8, 9, 10, 11, 12, 13, 14, 15, 16, 17, 18, 19, 20, 21, 22, 23, 24, 25, 26, 27, 28, 29, 30, 31, 32, 33, 34, 35, 36, 37, 38, 39, 40, 41, 42, 43, 44, 45, 46, 47, 48, 49, 
Printing individual runtimes:
 0: 12.924629ms
 1: 12.929557ms
 2: 21.607349ms
 3: 11.860162ms
 4: 12.502705ms
 5: 12.074150ms
 6: 12.427554ms
 7: 11.570347ms
 8: 12.175858ms
 9: 12.150246ms
 10: 11.162835ms
 11: 12.063288ms
 12: 12.323784ms
 13: 12.594887ms
 14: 11.670288ms
 15: 11.916093ms
 16: 12.125939ms
 17: 11.728354ms
 18: 13.045714ms
 19: 13.151952ms
 20: 12.229688ms
 21: 12.976680ms
 22: 12.213955ms
 23: 12.798854ms
 24: 12.138125ms
 25: 12.027308ms
 26: 12.410557ms
 27: 12.336788ms
 28: 12.359408ms
 29: 12.205387ms
 30: 13.025282ms
 31: 13.235414ms
 32: 12.459850ms
 33: 13.001233ms
 34: 11.648067ms
 35: 12.142694ms
 36: 12.369586ms
 37: 12.323829ms
 38: 12.481028ms
 39: 20.213149ms
 40: 13.734931ms
 41: 14.754550ms
 42: 15.045442ms
 43: 14.783999ms
 44: 13.962300ms
 45: 14.615775ms
 46: 14.471201ms
 47: 14.352225ms
 48: 12.936714ms
 49: 14.614635ms


Measurements
--------------------------
FFT Size            : 177^3
Threads             : 39
Batch               : 1
Iterations          : 50
Avg Tot Runtime     : 13.077487 ms
Runtime per batch   : 13.077487 ms
SD                  : 1.855569 ms
Throughput          : 0.838458 GFLOPs
Plan Time           : 59.584548 sec
