Expm 2: Streaming FFTW
FFTW Plan: Patient
-- Cannot import wisdom from ../../wisdom/singlenode/all/469/fftw_469_t40_b1.patient
-- Exporting wisdom file to ../../wisdom/singlenode/all/469/fftw_469_t40_b1.patient
Iteration: 0, 1, 2, 3, 4, 5, 6, 7, 8, 9, 10, 11, 12, 13, 14, 15, 16, 17, 18, 19, 20, 21, 22, 23, 24, 25, 26, 27, 28, 29, 30, 31, 32, 33, 34, 35, 36, 37, 38, 39, 40, 41, 42, 43, 44, 45, 46, 47, 48, 49, 
Printing individual runtimes:
 0: 243.337292ms
 1: 243.710630ms
 2: 242.982376ms
 3: 242.122196ms
 4: 241.436324ms
 5: 269.052236ms
 6: 243.345583ms
 7: 241.909004ms
 8: 531.530521ms
 9: 458.607127ms
 10: 239.542009ms
 11: 242.912355ms
 12: 240.717097ms
 13: 460.855369ms
 14: 240.289308ms
 15: 241.721582ms
 16: 238.592768ms
 17: 240.261675ms
 18: 240.302899ms
 19: 240.800868ms
 20: 240.544939ms
 21: 240.452080ms
 22: 240.592307ms
 23: 239.220462ms
 24: 240.136235ms
 25: 458.883079ms
 26: 239.682049ms
 27: 239.175013ms
 28: 241.256940ms
 29: 239.855164ms
 30: 238.828885ms
 31: 464.714681ms
 32: 461.851967ms
 33: 239.140027ms
 34: 238.745052ms
 35: 239.974270ms
 36: 240.259312ms
 37: 240.220189ms
 38: 238.909252ms
 39: 240.670486ms
 40: 313.649400ms
 41: 239.331148ms
 42: 239.763869ms
 43: 240.684608ms
 44: 241.693676ms
 45: 463.724621ms
 46: 459.813760ms
 47: 241.544977ms
 48: 240.614176ms
 49: 240.930985ms


Measurements
--------------------------
FFT Size            : 469^3
Threads             : 40
Batch               : 1
Iterations          : 50
Avg Tot Runtime     : 279.377857 ms
Runtime per batch   : 279.377857 ms
SD                  : 84.424676 ms
Throughput          : 17.093609 GFLOPs
Plan Time           : 144.138005 sec
