Expm 1: Only FFTW
FFTW Plan: Patient
-- Cannot import wisdom from ../../wisdom/singlenode/composite/expm1//fftw_49_t32_b1.patient
-- Exporting wisdom file to ../../wisdom/singlenode/composite/expm1//fftw_49_t32_b1.patient
Iteration: 0, 1, 2, 3, 4, 5, 6, 7, 8, 9, 10, 11, 12, 13, 14, 15, 16, 17, 18, 19, 20, 21, 22, 23, 24, 25, 26, 27, 28, 29, 30, 31, 32, 33, 34, 35, 36, 37, 38, 39, 40, 41, 42, 43, 44, 45, 46, 47, 48, 49, 
Printing individual runtimes:
 0: 0.190226ms
 1: 0.191971ms
 2: 0.178558ms
 3: 0.180303ms
 4: 0.175325ms
 5: 0.180994ms
 6: 0.176815ms
 7: 0.178352ms
 8: 0.185081ms
 9: 0.178816ms
 10: 0.174880ms
 11: 0.179212ms
 12: 0.174118ms
 13: 0.175122ms
 14: 0.168355ms
 15: 0.171254ms
 16: 0.162377ms
 17: 0.170678ms
 18: 0.177234ms
 19: 0.171648ms
 20: 0.175263ms
 21: 0.182470ms
 22: 0.171228ms
 23: 0.172498ms
 24: 0.172162ms
 25: 0.172941ms
 26: 0.170296ms
 27: 0.171280ms
 28: 0.164621ms
 29: 0.159693ms
 30: 0.167696ms
 31: 0.168739ms
 32: 0.177115ms
 33: 0.165272ms
 34: 0.160204ms
 35: 0.170065ms
 36: 0.170456ms
 37: 0.171095ms
 38: 0.173169ms
 39: 0.184829ms
 40: 0.171709ms
 41: 0.179823ms
 42: 0.171456ms
 43: 0.172719ms
 44: 0.171600ms
 45: 0.161018ms
 46: 0.172588ms
 47: 0.177806ms
 48: 0.165701ms
 49: 0.182218ms


Measurements
--------------------------
FFT Size            : 49^3
Threads             : 32
Batch               : 1
Iterations          : 50
Avg Tot Runtime     : 0.173781 ms
Runtime per batch   : 0.173781 ms
SD                  : 0.006889 ms
Throughput          : 0.001914 GFLOPs
Plan Time           : 3.104301 sec
