Expm 1: Only FFTW
FFTW Plan: Patient
-- Cannot import wisdom from ../../wisdom/singlenode/composite/expm1//fftw_49_t5_b1.patient
-- Exporting wisdom file to ../../wisdom/singlenode/composite/expm1//fftw_49_t5_b1.patient
Iteration: 0, 1, 2, 3, 4, 5, 6, 7, 8, 9, 10, 11, 12, 13, 14, 15, 16, 17, 18, 19, 20, 21, 22, 23, 24, 25, 26, 27, 28, 29, 30, 31, 32, 33, 34, 35, 36, 37, 38, 39, 40, 41, 42, 43, 44, 45, 46, 47, 48, 49, 
Printing individual runtimes:
 0: 0.361217ms
 1: 0.347391ms
 2: 0.359792ms
 3: 0.390438ms
 4: 0.371991ms
 5: 0.352806ms
 6: 0.354352ms
 7: 0.362880ms
 8: 0.370825ms
 9: 0.351614ms
 10: 0.357852ms
 11: 0.355883ms
 12: 0.354127ms
 13: 0.335141ms
 14: 0.354943ms
 15: 0.346827ms
 16: 0.367367ms
 17: 0.370706ms
 18: 0.340045ms
 19: 0.373974ms
 20: 0.367379ms
 21: 0.371305ms
 22: 0.344321ms
 23: 0.357413ms
 24: 0.347163ms
 25: 0.379161ms
 26: 0.352694ms
 27: 0.348292ms
 28: 0.363274ms
 29: 0.359936ms
 30: 0.386592ms
 31: 0.354210ms
 32: 0.354533ms
 33: 0.366407ms
 34: 0.366493ms
 35: 0.369048ms
 36: 0.361098ms
 37: 0.355474ms
 38: 0.362308ms
 39: 0.358396ms
 40: 0.373985ms
 41: 0.350773ms
 42: 0.370379ms
 43: 0.349738ms
 44: 0.368315ms
 45: 0.354958ms
 46: 0.348699ms
 47: 0.360709ms
 48: 0.386111ms
 49: 0.362095ms


Measurements
--------------------------
FFT Size            : 49^3
Threads             : 5
Batch               : 1
Iterations          : 50
Avg Tot Runtime     : 0.360629 ms
Runtime per batch   : 0.360629 ms
SD                  : 0.011543 ms
Throughput          : 0.003286 GFLOPs
Plan Time           : 1.839392 sec
