Expm 1: Only FFTW
FFTW Plan: Patient
-- Cannot import wisdom from ../../wisdom/singlenode/composite/expm1//fftw_49_t24_b1.patient
-- Exporting wisdom file to ../../wisdom/singlenode/composite/expm1//fftw_49_t24_b1.patient
Iteration: 0, 1, 2, 3, 4, 5, 6, 7, 8, 9, 10, 11, 12, 13, 14, 15, 16, 17, 18, 19, 20, 21, 22, 23, 24, 25, 26, 27, 28, 29, 30, 31, 32, 33, 34, 35, 36, 37, 38, 39, 40, 41, 42, 43, 44, 45, 46, 47, 48, 49, 
Printing individual runtimes:
 0: 0.176638ms
 1: 0.159851ms
 2: 0.177882ms
 3: 0.150682ms
 4: 0.159093ms
 5: 0.161904ms
 6: 0.172546ms
 7: 0.159872ms
 8: 0.173336ms
 9: 0.178120ms
 10: 0.178386ms
 11: 0.176762ms
 12: 0.174131ms
 13: 0.170754ms
 14: 0.158084ms
 15: 0.175179ms
 16: 0.178388ms
 17: 0.173777ms
 18: 0.158419ms
 19: 0.169165ms
 20: 0.158596ms
 21: 0.171493ms
 22: 0.166914ms
 23: 0.165826ms
 24: 0.170953ms
 25: 0.170104ms
 26: 0.170395ms
 27: 0.156548ms
 28: 0.181504ms
 29: 0.161772ms
 30: 0.166242ms
 31: 0.165825ms
 32: 0.163335ms
 33: 0.166528ms
 34: 0.163070ms
 35: 0.161775ms
 36: 0.159173ms
 37: 0.157848ms
 38: 0.177155ms
 39: 0.175544ms
 40: 0.178980ms
 41: 0.155955ms
 42: 0.166609ms
 43: 0.175756ms
 44: 0.159806ms
 45: 0.169850ms
 46: 0.162126ms
 47: 0.168623ms
 48: 0.169792ms
 49: 0.162764ms


Measurements
--------------------------
FFT Size            : 49^3
Threads             : 24
Batch               : 1
Iterations          : 50
Avg Tot Runtime     : 0.167677 ms
Runtime per batch   : 0.167677 ms
SD                  : 0.007536 ms
Throughput          : 0.002059 GFLOPs
Plan Time           : 2.841968 sec
