Expm 1: Only FFTW
FFTW Plan: Patient
-- Cannot import wisdom from ../../wisdom/singlenode/composite/expm1//fftw_49_t39_b1.patient
-- Exporting wisdom file to ../../wisdom/singlenode/composite/expm1//fftw_49_t39_b1.patient
Iteration: 0, 1, 2, 3, 4, 5, 6, 7, 8, 9, 10, 11, 12, 13, 14, 15, 16, 17, 18, 19, 20, 21, 22, 23, 24, 25, 26, 27, 28, 29, 30, 31, 32, 33, 34, 35, 36, 37, 38, 39, 40, 41, 42, 43, 44, 45, 46, 47, 48, 49, 
Printing individual runtimes:
 0: 0.162622ms
 1: 0.152839ms
 2: 0.157317ms
 3: 0.145454ms
 4: 0.148502ms
 5: 0.147270ms
 6: 0.160318ms
 7: 0.148836ms
 8: 0.153018ms
 9: 0.152803ms
 10: 0.151640ms
 11: 0.147645ms
 12: 0.147194ms
 13: 0.155119ms
 14: 0.143267ms
 15: 0.159636ms
 16: 0.151326ms
 17: 0.151156ms
 18: 0.154348ms
 19: 0.149489ms
 20: 0.159132ms
 21: 0.159907ms
 22: 0.147749ms
 23: 0.148280ms
 24: 0.152096ms
 25: 0.153271ms
 26: 0.147288ms
 27: 0.151700ms
 28: 0.150736ms
 29: 0.152289ms
 30: 0.148204ms
 31: 0.154720ms
 32: 0.153041ms
 33: 0.149963ms
 34: 0.153251ms
 35: 0.152845ms
 36: 0.155329ms
 37: 0.154323ms
 38: 0.152498ms
 39: 0.157437ms
 40: 0.154454ms
 41: 0.161604ms
 42: 0.152566ms
 43: 0.149744ms
 44: 0.152588ms
 45: 0.152349ms
 46: 0.155076ms
 47: 0.155285ms
 48: 0.148889ms
 49: 0.146767ms


Measurements
--------------------------
FFT Size            : 49^3
Threads             : 39
Batch               : 1
Iterations          : 50
Avg Tot Runtime     : 0.152464 ms
Runtime per batch   : 0.152464 ms
SD                  : 0.004235 ms
Throughput          : 0.002062 GFLOPs
Plan Time           : 3.780172 sec
