Expm 2: Streaming FFTW
FFTW Plan: Patient
-- Cannot import wisdom from ../../wisdom/singlenode/all/423/fftw_423_t37_b1.patient
-- Exporting wisdom file to ../../wisdom/singlenode/all/423/fftw_423_t37_b1.patient
Iteration: 0, 1, 2, 3, 4, 5, 6, 7, 8, 9, 10, 11, 12, 13, 14, 15, 16, 17, 18, 19, 20, 21, 22, 23, 24, 25, 26, 27, 28, 29, 30, 31, 32, 33, 34, 35, 36, 37, 38, 39, 40, 41, 42, 43, 44, 45, 46, 47, 48, 49, 
Printing individual runtimes:
 0: 170.960497ms
 1: 158.225192ms
 2: 157.407183ms
 3: 163.968051ms
 4: 165.353035ms
 5: 164.319609ms
 6: 165.148983ms
 7: 165.469814ms
 8: 163.747091ms
 9: 165.172317ms
 10: 181.602876ms
 11: 157.232537ms
 12: 157.459605ms
 13: 156.627786ms
 14: 159.506966ms
 15: 157.090185ms
 16: 157.937126ms
 17: 157.623289ms
 18: 157.309587ms
 19: 157.685152ms
 20: 157.367915ms
 21: 158.362330ms
 22: 169.367668ms
 23: 160.833551ms
 24: 278.867134ms
 25: 289.059470ms
 26: 157.665356ms
 27: 180.723632ms
 28: 158.955150ms
 29: 228.740366ms
 30: 161.287745ms
 31: 203.815912ms
 32: 156.597674ms
 33: 249.307031ms
 34: 156.539400ms
 35: 158.503218ms
 36: 157.572512ms
 37: 156.501132ms
 38: 158.787133ms
 39: 157.457279ms
 40: 157.529386ms
 41: 155.350330ms
 42: 278.929091ms
 43: 252.534271ms
 44: 158.082118ms
 45: 159.110519ms
 46: 154.819973ms
 47: 154.863915ms
 48: 156.289319ms
 49: 154.288135ms


Measurements
--------------------------
FFT Size            : 423^3
Threads             : 37
Batch               : 1
Iterations          : 50
Avg Tot Runtime     : 173.559111 ms
Runtime per batch   : 173.559111 ms
SD                  : 34.771789 ms
Throughput          : 10.997692 GFLOPs
Plan Time           : 226.448956 sec
