Expm 2: Streaming FFTW
FFTW Plan: Patient
-- Cannot import wisdom from ../../wisdom/singlenode/all/423/fftw_423_t39_b1.patient
-- Exporting wisdom file to ../../wisdom/singlenode/all/423/fftw_423_t39_b1.patient
Iteration: 0, 1, 2, 3, 4, 5, 6, 7, 8, 9, 10, 11, 12, 13, 14, 15, 16, 17, 18, 19, 20, 21, 22, 23, 24, 25, 26, 27, 28, 29, 30, 31, 32, 33, 34, 35, 36, 37, 38, 39, 40, 41, 42, 43, 44, 45, 46, 47, 48, 49, 
Printing individual runtimes:
 0: 164.812654ms
 1: 164.629172ms
 2: 164.163044ms
 3: 164.113562ms
 4: 164.817585ms
 5: 164.826830ms
 6: 163.790156ms
 7: 164.201239ms
 8: 164.201226ms
 9: 164.489294ms
 10: 164.430129ms
 11: 175.858508ms
 12: 163.543867ms
 13: 168.163515ms
 14: 164.239172ms
 15: 164.872005ms
 16: 163.230253ms
 17: 162.598298ms
 18: 162.887709ms
 19: 168.148676ms
 20: 155.243781ms
 21: 155.038625ms
 22: 154.682759ms
 23: 154.999649ms
 24: 154.609304ms
 25: 154.132291ms
 26: 161.697435ms
 27: 154.178838ms
 28: 154.243741ms
 29: 155.724270ms
 30: 155.240260ms
 31: 155.578728ms
 32: 154.861437ms
 33: 153.823034ms
 34: 376.235739ms
 35: 263.812141ms
 36: 162.575442ms
 37: 325.458202ms
 38: 271.542036ms
 39: 266.531121ms
 40: 208.677634ms
 41: 162.487516ms
 42: 251.895614ms
 43: 160.224734ms
 44: 175.827648ms
 45: 159.354277ms
 46: 168.320141ms
 47: 161.768665ms
 48: 157.699874ms
 49: 157.855534ms


Measurements
--------------------------
FFT Size            : 423^3
Threads             : 39
Batch               : 1
Iterations          : 50
Avg Tot Runtime     : 178.126747 ms
Runtime per batch   : 178.126747 ms
SD                  : 45.710231 ms
Throughput          : 10.997692 GFLOPs
Plan Time           : 206.623635 sec
