Expm 2: Streaming FFT

Printing individual runtimes:
 0: 0.303933ms
 1: 0.080880ms
 2: 0.078633ms
 3: 0.989841ms
 4: 0.075003ms
 5: 0.080157ms
 6: 0.076482ms
 7: 0.080517ms
 8: 0.074991ms
 9: 0.069883ms
 10: 0.251753ms
 11: 0.073978ms
 12: 0.074555ms
 13: 0.066948ms
 14: 0.226773ms
 15: 0.075021ms
 16: 0.079219ms
 17: 0.077927ms
 18: 0.067415ms
 19: 0.074765ms
 20: 0.245395ms
 21: 0.079802ms
 22: 0.069321ms
 23: 0.079893ms
 24: 0.072539ms
 25: 0.084297ms
 26: 0.071132ms
 27: 0.067103ms
 28: 0.087086ms
 29: 0.094322ms
 30: 0.075473ms
 31: 0.276609ms
 32: 0.074152ms
 33: 0.073205ms
 34: 0.060101ms
 35: 0.068485ms
 36: 0.088305ms
 37: 0.063932ms
 38: 0.084830ms
 39: 0.078588ms
 40: 0.071575ms
 41: 0.079095ms
 42: 0.063433ms
 43: 0.072761ms
 44: 0.101141ms
 45: 0.072787ms
 46: 0.086053ms
 47: 0.080829ms
 48: 0.075123ms
 49: 0.070031ms
 50: 0.071645ms
 51: 0.070468ms
 52: 0.263963ms
 53: 0.074145ms
 54: 0.074962ms
 55: 0.082414ms
 56: 0.068867ms
 57: 0.072595ms
 58: 0.078053ms
 59: 0.080647ms
 60: 0.099256ms
 61: 0.077184ms
 62: 0.075691ms
 63: 0.073198ms
 64: 0.076809ms
 65: 0.070575ms
 66: 0.069784ms
 67: 0.079804ms
 68: 0.075157ms
 69: 0.072533ms
 70: 0.078593ms
 71: 0.079946ms
 72: 0.084696ms
 73: 0.242195ms
 74: 0.070506ms
 75: 0.072151ms
 76: 0.074718ms
 77: 0.060055ms
 78: 0.073557ms
 79: 0.070652ms
 80: 0.082537ms
 81: 0.078036ms
 82: 0.074166ms
 83: 0.077334ms
 84: 0.074892ms
 85: 0.068269ms
 86: 0.074995ms
 87: 0.078342ms
 88: 0.106477ms
 89: 0.104177ms
 90: 0.088006ms
 91: 0.072586ms
 92: 0.071705ms
 93: 0.080088ms
 94: 0.074015ms
 95: 0.078928ms
 96: 0.069610ms
 97: 0.073058ms
 98: 0.092913ms
 99: 0.073163ms
 100: 0.101991ms
 101: 0.071594ms
 102: 0.078119ms
 103: 0.072621ms
 104: 0.081224ms
 105: 0.087654ms
 106: 0.065233ms
 107: 0.074847ms
 108: 0.071635ms
 109: 0.072218ms
 110: 0.064408ms
 111: 0.069084ms
 112: 0.067099ms
 113: 0.077589ms
 114: 0.264219ms
 115: 0.098321ms
 116: 0.065546ms
 117: 0.067741ms
 118: 0.065232ms
 119: 0.074281ms
 120: 0.067802ms
 121: 0.072141ms
 122: 0.073496ms
 123: 0.073149ms
 124: 0.072660ms
 125: 0.086272ms
 126: 0.069312ms
 127: 0.070298ms
 128: 0.096411ms
 129: 0.077809ms
 130: 0.085340ms
 131: 0.068968ms
 132: 0.071032ms
 133: 0.082716ms
 134: 0.073646ms
 135: 0.072493ms
 136: 0.077778ms
 137: 0.070688ms
 138: 0.077130ms
 139: 0.074838ms
 140: 0.074831ms
 141: 0.074496ms
 142: 0.064662ms
 143: 0.069714ms
 144: 0.074999ms
 145: 0.098840ms
 146: 0.073109ms
 147: 0.066686ms
 148: 0.082095ms
 149: 0.070891ms
 150: 0.073578ms
 151: 0.072850ms
 152: 0.238550ms
 153: 0.077028ms
 154: 0.067397ms
 155: 0.078584ms
 156: 0.065166ms
 157: 0.085210ms
 158: 0.077066ms
 159: 0.059155ms
 160: 0.068728ms
 161: 0.085308ms
 162: 0.093736ms
 163: 0.076384ms
 164: 0.075917ms
 165: 0.084294ms
 166: 0.060091ms
 167: 0.060449ms
 168: 0.084624ms
 169: 0.072597ms
 170: 0.083524ms
 171: 0.085096ms
 172: 0.064270ms
 173: 0.066801ms
 174: 0.086725ms
 175: 0.070642ms
 176: 0.092996ms
 177: 0.079091ms
 178: 0.075478ms
 179: 0.082572ms
 180: 0.079790ms
 181: 0.081210ms
 182: 0.074527ms
 183: 0.076038ms
 184: 0.085367ms
 185: 0.078877ms
 186: 0.088350ms
 187: 0.095667ms
 188: 0.070114ms
 189: 0.359809ms
 190: 0.070788ms
 191: 0.070542ms
 192: 0.071900ms
 193: 0.066057ms
 194: 0.068714ms
 195: 0.070454ms
 196: 0.066264ms
 197: 0.083475ms
 198: 0.079138ms
 199: 0.071547ms


-- Real : Q1: 50 Q2: 100 Q3: 150
-- Array: Q1: 49 Q2: 99 Q3: 149
Printing sorted runtimes:
 0: 0.066686ms
 1: 0.063433ms
 2: 0.060055ms
 3: 0.064662ms
 4: 0.064270ms
 5: 0.063932ms
 6: 0.060101ms
 7: 0.060449ms
 8: 0.060091ms
 9: 0.059155ms
 10: 0.066264ms
 11: 0.066057ms
 12: 0.065232ms
 13: 0.065233ms
 14: 0.064408ms
 15: 0.065166ms
 16: 0.065546ms
 17: 0.067415ms
 18: 0.066801ms
 19: 0.067099ms
 20: 0.067397ms
 21: 0.067103ms
 22: 0.066948ms
 23: 0.069321ms
 24: 0.068867ms
 25: 0.067802ms
 26: 0.067741ms
 27: 0.069084ms
 28: 0.068728ms
 29: 0.068269ms
 30: 0.068968ms
 31: 0.068485ms
 32: 0.069312ms
 33: 0.068714ms
 34: 0.070788ms
 35: 0.070298ms
 36: 0.070114ms
 37: 0.069610ms
 38: 0.070542ms
 39: 0.070688ms
 40: 0.070652ms
 41: 0.069714ms
 42: 0.070468ms
 43: 0.070506ms
 44: 0.069883ms
 45: 0.070642ms
 46: 0.069784ms
 47: 0.070575ms
 48: 0.070454ms
 49: 0.070031ms
 50: 0.070891ms
 51: 0.074892ms
 52: 0.071645ms
 53: 0.074145ms
 54: 0.074555ms
 55: 0.074281ms
 56: 0.073978ms
 57: 0.072595ms
 58: 0.074765ms
 59: 0.071547ms
 60: 0.072493ms
 61: 0.073646ms
 62: 0.074496ms
 63: 0.073198ms
 64: 0.072141ms
 65: 0.073109ms
 66: 0.074527ms
 67: 0.073578ms
 68: 0.072218ms
 69: 0.072533ms
 70: 0.072850ms
 71: 0.071635ms
 72: 0.072787ms
 73: 0.074847ms
 74: 0.072761ms
 75: 0.072151ms
 76: 0.074718ms
 77: 0.071032ms
 78: 0.073557ms
 79: 0.071575ms
 80: 0.074838ms
 81: 0.072539ms
 82: 0.074166ms
 83: 0.071132ms
 84: 0.071900ms
 85: 0.074831ms
 86: 0.072621ms
 87: 0.073496ms
 88: 0.072597ms
 89: 0.073205ms
 90: 0.074152ms
 91: 0.072586ms
 92: 0.071705ms
 93: 0.072660ms
 94: 0.074015ms
 95: 0.073149ms
 96: 0.071594ms
 97: 0.073058ms
 98: 0.073163ms
 99: 0.074962ms
 100: 0.074991ms
 101: 0.079893ms
 102: 0.075021ms
 103: 0.074995ms
 104: 0.074999ms
 105: 0.076482ms
 106: 0.077028ms
 107: 0.076038ms
 108: 0.077130ms
 109: 0.075157ms
 110: 0.076809ms
 111: 0.075691ms
 112: 0.075473ms
 113: 0.075123ms
 114: 0.077066ms
 115: 0.075478ms
 116: 0.076384ms
 117: 0.075917ms
 118: 0.079219ms
 119: 0.077927ms
 120: 0.077589ms
 121: 0.079138ms
 122: 0.078119ms
 123: 0.078928ms
 124: 0.078633ms
 125: 0.078584ms
 126: 0.078342ms
 127: 0.078877ms
 128: 0.077334ms
 129: 0.077809ms
 130: 0.078036ms
 131: 0.078588ms
 132: 0.079095ms
 133: 0.078593ms
 134: 0.077184ms
 135: 0.079091ms
 136: 0.077778ms
 137: 0.078053ms
 138: 0.079790ms
 139: 0.075003ms
 140: 0.079804ms
 141: 0.079802ms
 142: 0.080157ms
 143: 0.080088ms
 144: 0.079946ms
 145: 0.080880ms
 146: 0.080829ms
 147: 0.080647ms
 148: 0.080517ms
 149: 0.081210ms
 150: 0.081224ms
 151: 0.082716ms
 152: 0.083475ms
 153: 0.083524ms
 154: 0.082095ms
 155: 0.084294ms
 156: 0.082572ms
 157: 0.082537ms
 158: 0.084297ms
 159: 0.082414ms
 160: 0.084624ms
 161: 0.085308ms
 162: 0.084696ms
 163: 0.085210ms
 164: 0.085096ms
 165: 0.084830ms
 166: 0.085340ms
 167: 0.085367ms
 168: 0.094322ms
 169: 0.088305ms
 170: 0.088006ms
 171: 0.092913ms
 172: 0.087086ms
 173: 0.095667ms
 174: 0.086725ms
 175: 0.093736ms
 176: 0.092996ms
 177: 0.088350ms
 178: 0.087654ms
 179: 0.098321ms
 180: 0.086272ms
 181: 0.096411ms
 182: 0.086053ms
 183: 0.098840ms
 184: 0.101141ms
 185: 0.263963ms
 186: 0.099256ms
 187: 0.242195ms
 188: 0.106477ms
 189: 0.359809ms
 190: 0.276609ms
 191: 0.104177ms
 192: 0.101991ms
 193: 0.264219ms
 194: 0.245395ms
 195: 0.226773ms
 196: 0.251753ms
 197: 0.238550ms
 198: 0.989841ms
 199: 0.303933ms


Measurements
--------------------------
FFT Size            : 52^3
Threads             : 27
Batch               : 1
Iterations          : 200
Avg Tot Runtime     : 0.090308 ms
Runtime per batch   : 0.090308 ms
SD                  : 0.077070 ms
Q1                  : 0.070031 ms
Median              : 0.074976 ms
Q3                  : 0.081210 ms
