Expm 2: Streaming FFT

Printing individual runtimes:
 0: 0.273353ms
 1: 0.102264ms
 2: 0.086956ms
 3: 0.285610ms
 4: 0.109413ms
 5: 0.985205ms
 6: 0.080463ms
 7: 0.167455ms
 8: 0.100285ms
 9: 0.101867ms
 10: 0.082245ms
 11: 0.195451ms
 12: 0.078349ms
 13: 0.080898ms
 14: 0.096240ms
 15: 0.097176ms
 16: 0.110354ms
 17: 0.079654ms
 18: 0.244457ms
 19: 0.086250ms
 20: 0.084781ms
 21: 0.215984ms
 22: 0.104329ms
 23: 0.087626ms
 24: 0.168816ms
 25: 0.080419ms
 26: 0.074781ms
 27: 0.083121ms
 28: 0.064421ms
 29: 0.082188ms
 30: 0.090044ms
 31: 0.092605ms
 32: 0.099059ms
 33: 0.084785ms
 34: 0.074532ms
 35: 0.079545ms
 36: 0.080814ms
 37: 0.223719ms
 38: 0.061459ms
 39: 0.079762ms
 40: 0.085705ms
 41: 0.092168ms
 42: 0.095874ms
 43: 0.075542ms
 44: 0.085174ms
 45: 0.092211ms
 46: 0.072753ms
 47: 0.088589ms
 48: 0.090361ms
 49: 0.082501ms
 50: 0.100107ms
 51: 0.077230ms
 52: 0.060559ms
 53: 0.098967ms
 54: 0.084314ms
 55: 0.059216ms
 56: 0.095777ms
 57: 0.104352ms
 58: 0.077317ms
 59: 0.082469ms
 60: 0.113776ms
 61: 0.076940ms
 62: 0.097500ms
 63: 0.085379ms
 64: 0.155661ms
 65: 0.061370ms
 66: 0.074291ms
 67: 0.095330ms
 68: 0.225927ms
 69: 0.071568ms
 70: 0.095601ms
 71: 0.080811ms
 72: 0.198094ms
 73: 0.092779ms
 74: 0.084136ms
 75: 0.078209ms
 76: 0.081455ms
 77: 0.088576ms
 78: 0.095970ms
 79: 0.076231ms
 80: 0.097689ms
 81: 0.085900ms
 82: 0.069256ms
 83: 0.095588ms
 84: 0.092491ms
 85: 0.082559ms
 86: 0.084352ms
 87: 0.077572ms
 88: 0.083471ms
 89: 0.103408ms
 90: 0.075558ms
 91: 0.078166ms
 92: 0.076138ms
 93: 0.089960ms
 94: 0.095982ms
 95: 0.070534ms
 96: 0.098813ms
 97: 0.090244ms
 98: 0.079740ms
 99: 0.091011ms
 100: 0.075867ms
 101: 0.085376ms
 102: 0.095879ms
 103: 0.084566ms
 104: 0.086297ms
 105: 0.079795ms
 106: 0.075681ms
 107: 0.075875ms
 108: 0.088220ms
 109: 0.091971ms
 110: 0.087433ms
 111: 0.092282ms
 112: 0.076229ms
 113: 0.086846ms
 114: 0.079466ms
 115: 0.081320ms
 116: 0.081891ms
 117: 0.084234ms
 118: 0.082946ms
 119: 0.087870ms
 120: 0.086542ms
 121: 0.085712ms
 122: 0.078623ms
 123: 0.081978ms
 124: 0.223201ms
 125: 0.098797ms
 126: 0.075997ms
 127: 0.087472ms
 128: 0.130852ms
 129: 0.091529ms
 130: 0.083682ms
 131: 0.075568ms
 132: 0.096819ms
 133: 0.085494ms
 134: 0.068141ms
 135: 0.086054ms
 136: 0.084718ms
 137: 0.091951ms
 138: 0.078759ms
 139: 0.079228ms
 140: 0.084129ms
 141: 0.084353ms
 142: 0.095470ms
 143: 0.082280ms
 144: 0.077711ms
 145: 0.084819ms
 146: 0.071432ms
 147: 0.085998ms
 148: 0.095700ms
 149: 0.088295ms
 150: 0.075119ms
 151: 0.093936ms
 152: 0.074703ms
 153: 0.078284ms
 154: 0.089358ms
 155: 0.078883ms
 156: 0.055551ms
 157: 0.082570ms
 158: 0.079400ms
 159: 0.084645ms
 160: 0.100596ms
 161: 0.099289ms
 162: 0.075503ms
 163: 0.089191ms
 164: 0.081450ms
 165: 0.092729ms
 166: 0.089851ms
 167: 0.067408ms
 168: 0.074909ms
 169: 0.097820ms
 170: 0.093925ms
 171: 0.067803ms
 172: 0.092141ms
 173: 0.085358ms
 174: 0.096634ms
 175: 0.080168ms
 176: 0.073981ms
 177: 0.092579ms
 178: 0.086301ms
 179: 0.089600ms
 180: 0.081675ms
 181: 0.073999ms
 182: 0.087986ms
 183: 0.074607ms
 184: 0.069949ms
 185: 0.072154ms
 186: 0.082782ms
 187: 0.081062ms
 188: 0.090752ms
 189: 0.072201ms
 190: 0.082889ms
 191: 0.083421ms
 192: 0.090057ms
 193: 0.097129ms
 194: 0.096092ms
 195: 0.096763ms
 196: 0.087522ms
 197: 0.079980ms
 198: 0.084230ms
 199: 0.078808ms


-- Real : Q1: 50 Q2: 100 Q3: 150
-- Array: Q1: 49 Q2: 99 Q3: 149
Printing sorted runtimes:
 0: 0.078808ms
 1: 0.072201ms
 2: 0.072154ms
 3: 0.069949ms
 4: 0.074607ms
 5: 0.073999ms
 6: 0.073981ms
 7: 0.067803ms
 8: 0.074909ms
 9: 0.067408ms
 10: 0.075503ms
 11: 0.055551ms
 12: 0.078349ms
 13: 0.078284ms
 14: 0.074703ms
 15: 0.075119ms
 16: 0.071432ms
 17: 0.077711ms
 18: 0.078759ms
 19: 0.068141ms
 20: 0.075568ms
 21: 0.075997ms
 22: 0.078623ms
 23: 0.076229ms
 24: 0.075875ms
 25: 0.075681ms
 26: 0.074781ms
 27: 0.075867ms
 28: 0.064421ms
 29: 0.070534ms
 30: 0.076138ms
 31: 0.078166ms
 32: 0.075558ms
 33: 0.077572ms
 34: 0.074532ms
 35: 0.069256ms
 36: 0.076231ms
 37: 0.078209ms
 38: 0.061459ms
 39: 0.071568ms
 40: 0.074291ms
 41: 0.061370ms
 42: 0.076940ms
 43: 0.075542ms
 44: 0.077317ms
 45: 0.059216ms
 46: 0.072753ms
 47: 0.060559ms
 48: 0.077230ms
 49: 0.078883ms
 50: 0.079228ms
 51: 0.079545ms
 52: 0.079400ms
 53: 0.079466ms
 54: 0.082469ms
 55: 0.079795ms
 56: 0.080419ms
 57: 0.079740ms
 58: 0.081450ms
 59: 0.081320ms
 60: 0.080814ms
 61: 0.080463ms
 62: 0.081062ms
 63: 0.079980ms
 64: 0.080898ms
 65: 0.080811ms
 66: 0.079762ms
 67: 0.080168ms
 68: 0.082245ms
 69: 0.081891ms
 70: 0.081675ms
 71: 0.082188ms
 72: 0.081978ms
 73: 0.082280ms
 74: 0.079654ms
 75: 0.081455ms
 76: 0.085174ms
 77: 0.084566ms
 78: 0.084234ms
 79: 0.084645ms
 80: 0.084718ms
 81: 0.083421ms
 82: 0.084136ms
 83: 0.084314ms
 84: 0.084819ms
 85: 0.082559ms
 86: 0.084352ms
 87: 0.084785ms
 88: 0.083471ms
 89: 0.082501ms
 90: 0.083121ms
 91: 0.082782ms
 92: 0.083682ms
 93: 0.084230ms
 94: 0.084353ms
 95: 0.082570ms
 96: 0.084781ms
 97: 0.084129ms
 98: 0.082889ms
 99: 0.082946ms
 100: 0.085358ms
 101: 0.086956ms
 102: 0.085494ms
 103: 0.085379ms
 104: 0.085705ms
 105: 0.085712ms
 106: 0.085998ms
 107: 0.085900ms
 108: 0.086054ms
 109: 0.086250ms
 110: 0.085376ms
 111: 0.086301ms
 112: 0.086542ms
 113: 0.086846ms
 114: 0.086297ms
 115: 0.091951ms
 116: 0.089600ms
 117: 0.087522ms
 118: 0.089851ms
 119: 0.087870ms
 120: 0.087626ms
 121: 0.089960ms
 122: 0.088220ms
 123: 0.090044ms
 124: 0.087986ms
 125: 0.088295ms
 126: 0.089191ms
 127: 0.087472ms
 128: 0.090057ms
 129: 0.088576ms
 130: 0.090752ms
 131: 0.089358ms
 132: 0.087433ms
 133: 0.091529ms
 134: 0.090361ms
 135: 0.090244ms
 136: 0.091011ms
 137: 0.088589ms
 138: 0.092168ms
 139: 0.091971ms
 140: 0.092141ms
 141: 0.092779ms
 142: 0.092579ms
 143: 0.092605ms
 144: 0.092211ms
 145: 0.092491ms
 146: 0.092729ms
 147: 0.092282ms
 148: 0.093936ms
 149: 0.093925ms
 150: 0.095330ms
 151: 0.095470ms
 152: 0.095588ms
 153: 0.095700ms
 154: 0.095601ms
 155: 0.095970ms
 156: 0.095879ms
 157: 0.095777ms
 158: 0.095874ms
 159: 0.096240ms
 160: 0.096092ms
 161: 0.096634ms
 162: 0.096763ms
 163: 0.095982ms
 164: 0.097129ms
 165: 0.096819ms
 166: 0.099289ms
 167: 0.101867ms
 168: 0.100285ms
 169: 0.097820ms
 170: 0.100596ms
 171: 0.167455ms
 172: 0.195451ms
 173: 0.097176ms
 174: 0.110354ms
 175: 0.130852ms
 176: 0.215984ms
 177: 0.098797ms
 178: 0.104329ms
 179: 0.168816ms
 180: 0.098813ms
 181: 0.099059ms
 182: 0.103408ms
 183: 0.109413ms
 184: 0.097689ms
 185: 0.198094ms
 186: 0.155661ms
 187: 0.097500ms
 188: 0.113776ms
 189: 0.102264ms
 190: 0.104352ms
 191: 0.098967ms
 192: 0.100107ms
 193: 0.223201ms
 194: 0.285610ms
 195: 0.985205ms
 196: 0.244457ms
 197: 0.223719ms
 198: 0.225927ms
 199: 0.273353ms


Measurements
--------------------------
FFT Size            : 52^3
Threads             : 34
Batch               : 1
Iterations          : 200
Avg Tot Runtime     : 0.097455 ms
Runtime per batch   : 0.097455 ms
SD                  : 0.071418 ms
Q1                  : 0.078883 ms
Median              : 0.084152 ms
Q3                  : 0.093925 ms
