Expm 2: Streaming FFT

Printing individual runtimes:
 0: 0.233579ms
 1: 0.086517ms
 2: 0.091693ms
 3: 0.233464ms
 4: 0.091073ms
 5: 0.089271ms
 6: 0.086467ms
 7: 0.075447ms
 8: 0.086831ms
 9: 0.079424ms
 10: 0.213985ms
 11: 0.094234ms
 12: 0.087734ms
 13: 0.082088ms
 14: 0.087521ms
 15: 0.086158ms
 16: 0.201581ms
 17: 0.105507ms
 18: 0.085371ms
 19: 0.081522ms
 20: 0.078777ms
 21: 0.083561ms
 22: 0.086190ms
 23: 0.085831ms
 24: 0.086927ms
 25: 0.085977ms
 26: 0.088028ms
 27: 0.084338ms
 28: 0.086136ms
 29: 0.212029ms
 30: 0.085361ms
 31: 0.087029ms
 32: 0.080696ms
 33: 0.088195ms
 34: 0.085707ms
 35: 0.086124ms
 36: 0.086569ms
 37: 0.086918ms
 38: 0.088570ms
 39: 0.088407ms
 40: 0.095139ms
 41: 0.089406ms
 42: 0.085535ms
 43: 0.087002ms
 44: 0.070485ms
 45: 0.077584ms
 46: 0.105223ms
 47: 0.091645ms
 48: 0.086701ms
 49: 0.087286ms
 50: 0.075466ms
 51: 0.076571ms
 52: 0.102596ms
 53: 0.104546ms
 54: 0.081149ms
 55: 0.205392ms
 56: 0.086277ms
 57: 0.088877ms
 58: 0.089488ms
 59: 0.081819ms
 60: 0.084668ms
 61: 0.122354ms
 62: 0.078240ms
 63: 0.114926ms
 64: 0.088206ms
 65: 0.104606ms
 66: 0.086547ms
 67: 0.117348ms
 68: 0.081968ms
 69: 0.082629ms
 70: 0.087185ms
 71: 0.077958ms
 72: 0.085451ms
 73: 0.089386ms
 74: 0.074839ms
 75: 0.077139ms
 76: 0.077357ms
 77: 0.090030ms
 78: 0.087464ms
 79: 0.087772ms
 80: 0.088543ms
 81: 0.087063ms
 82: 0.085828ms
 83: 0.078001ms
 84: 0.075724ms
 85: 0.118185ms
 86: 0.074644ms
 87: 0.084500ms
 88: 0.086103ms
 89: 0.084618ms
 90: 0.084314ms
 91: 0.090854ms
 92: 0.087584ms
 93: 0.085218ms
 94: 0.096051ms
 95: 0.077089ms
 96: 0.089357ms
 97: 0.073756ms
 98: 0.087984ms
 99: 0.088111ms
 100: 0.084234ms
 101: 0.084928ms
 102: 0.085746ms
 103: 0.085910ms
 104: 0.085696ms
 105: 0.086209ms
 106: 0.102170ms
 107: 0.237752ms
 108: 0.109425ms
 109: 0.086496ms
 110: 0.089330ms
 111: 0.081250ms
 112: 0.084071ms
 113: 0.099571ms
 114: 0.086441ms
 115: 0.085501ms
 116: 0.077180ms
 117: 0.107557ms
 118: 0.078604ms
 119: 0.105314ms
 120: 0.086339ms
 121: 0.086102ms
 122: 0.086801ms
 123: 0.086044ms
 124: 0.085638ms
 125: 0.075962ms
 126: 0.078628ms
 127: 0.083461ms
 128: 0.114628ms
 129: 0.088044ms
 130: 0.085696ms
 131: 0.085233ms
 132: 0.083075ms
 133: 0.085132ms
 134: 0.087567ms
 135: 0.080954ms
 136: 0.106532ms
 137: 0.082854ms
 138: 0.087729ms
 139: 0.080151ms
 140: 0.077463ms
 141: 0.086131ms
 142: 0.087371ms
 143: 0.080068ms
 144: 0.086043ms
 145: 0.107372ms
 146: 0.086479ms
 147: 0.076916ms
 148: 0.086384ms
 149: 0.086703ms
 150: 0.077205ms
 151: 0.085801ms
 152: 0.086131ms
 153: 0.096252ms
 154: 0.080841ms
 155: 0.088156ms
 156: 0.086798ms
 157: 0.076502ms
 158: 0.085013ms
 159: 0.085083ms
 160: 0.087366ms
 161: 0.088308ms
 162: 0.103862ms
 163: 0.122073ms
 164: 0.086154ms
 165: 0.076372ms
 166: 0.085733ms
 167: 0.085253ms
 168: 0.089986ms
 169: 0.088430ms
 170: 0.078417ms
 171: 0.087537ms
 172: 0.125149ms
 173: 0.084772ms
 174: 0.078844ms
 175: 0.087937ms
 176: 0.086860ms
 177: 0.090008ms
 178: 0.132066ms
 179: 0.078964ms
 180: 0.081033ms
 181: 0.079289ms
 182: 0.087935ms
 183: 0.087594ms
 184: 0.094752ms
 185: 0.084270ms
 186: 0.086052ms
 187: 0.087216ms
 188: 0.088198ms
 189: 0.085652ms
 190: 0.085019ms
 191: 0.093553ms
 192: 0.084820ms
 193: 0.094726ms
 194: 0.078295ms
 195: 0.095985ms
 196: 0.076186ms
 197: 0.087147ms
 198: 0.081663ms
 199: 0.092701ms


-- Real : Q1: 50 Q2: 100 Q3: 150
-- Array: Q1: 49 Q2: 99 Q3: 149
Printing sorted runtimes:
 0: 0.081663ms
 1: 0.081250ms
 2: 0.076186ms
 3: 0.078295ms
 4: 0.073756ms
 5: 0.077089ms
 6: 0.077180ms
 7: 0.075447ms
 8: 0.074644ms
 9: 0.079424ms
 10: 0.078604ms
 11: 0.075724ms
 12: 0.079289ms
 13: 0.078001ms
 14: 0.081033ms
 15: 0.075962ms
 16: 0.078964ms
 17: 0.078844ms
 18: 0.077357ms
 19: 0.081522ms
 20: 0.078777ms
 21: 0.077139ms
 22: 0.074839ms
 23: 0.078628ms
 24: 0.077958ms
 25: 0.080954ms
 26: 0.078417ms
 27: 0.078240ms
 28: 0.080151ms
 29: 0.077463ms
 30: 0.081149ms
 31: 0.080068ms
 32: 0.080696ms
 33: 0.076372ms
 34: 0.076571ms
 35: 0.075466ms
 36: 0.076916ms
 37: 0.077205ms
 38: 0.077584ms
 39: 0.076502ms
 40: 0.080841ms
 41: 0.070485ms
 42: 0.082088ms
 43: 0.081819ms
 44: 0.081968ms
 45: 0.083075ms
 46: 0.082629ms
 47: 0.082854ms
 48: 0.083461ms
 49: 0.083561ms
 50: 0.084071ms
 51: 0.086209ms
 52: 0.086043ms
 53: 0.085733ms
 54: 0.085361ms
 55: 0.086131ms
 56: 0.085746ms
 57: 0.085253ms
 58: 0.086136ms
 59: 0.086124ms
 60: 0.084668ms
 61: 0.085910ms
 62: 0.084338ms
 63: 0.085977ms
 64: 0.085132ms
 65: 0.086154ms
 66: 0.085233ms
 67: 0.085696ms
 68: 0.085696ms
 69: 0.085083ms
 70: 0.085013ms
 71: 0.084772ms
 72: 0.085451ms
 73: 0.085831ms
 74: 0.085535ms
 75: 0.086131ms
 76: 0.085371ms
 77: 0.086158ms
 78: 0.085638ms
 79: 0.086044ms
 80: 0.086102ms
 81: 0.084928ms
 82: 0.085828ms
 83: 0.085801ms
 84: 0.084270ms
 85: 0.086052ms
 86: 0.085652ms
 87: 0.084500ms
 88: 0.086103ms
 89: 0.084618ms
 90: 0.084314ms
 91: 0.084234ms
 92: 0.085501ms
 93: 0.085218ms
 94: 0.084820ms
 95: 0.085019ms
 96: 0.086190ms
 97: 0.085707ms
 98: 0.086277ms
 99: 0.086339ms
 100: 0.086384ms
 101: 0.088877ms
 102: 0.086441ms
 103: 0.086479ms
 104: 0.086569ms
 105: 0.086517ms
 106: 0.086547ms
 107: 0.086496ms
 108: 0.086831ms
 109: 0.088111ms
 110: 0.086798ms
 111: 0.087984ms
 112: 0.088156ms
 113: 0.088198ms
 114: 0.087216ms
 115: 0.087584ms
 116: 0.087594ms
 117: 0.087935ms
 118: 0.087734ms
 119: 0.087521ms
 120: 0.087063ms
 121: 0.088543ms
 122: 0.086801ms
 123: 0.087772ms
 124: 0.087464ms
 125: 0.088407ms
 126: 0.086918ms
 127: 0.087185ms
 128: 0.087366ms
 129: 0.088044ms
 130: 0.086860ms
 131: 0.087147ms
 132: 0.087937ms
 133: 0.088206ms
 134: 0.087567ms
 135: 0.086927ms
 136: 0.087537ms
 137: 0.088028ms
 138: 0.087729ms
 139: 0.087002ms
 140: 0.088308ms
 141: 0.088430ms
 142: 0.087371ms
 143: 0.086703ms
 144: 0.087029ms
 145: 0.088195ms
 146: 0.087286ms
 147: 0.086701ms
 148: 0.088570ms
 149: 0.086467ms
 150: 0.089271ms
 151: 0.089330ms
 152: 0.089406ms
 153: 0.089488ms
 154: 0.089386ms
 155: 0.089357ms
 156: 0.090008ms
 157: 0.092701ms
 158: 0.090030ms
 159: 0.089986ms
 160: 0.091693ms
 161: 0.091073ms
 162: 0.090854ms
 163: 0.091645ms
 164: 0.122073ms
 165: 0.107372ms
 166: 0.102596ms
 167: 0.212029ms
 168: 0.104546ms
 169: 0.205392ms
 170: 0.122354ms
 171: 0.106532ms
 172: 0.125149ms
 173: 0.114926ms
 174: 0.105507ms
 175: 0.104606ms
 176: 0.117348ms
 177: 0.114628ms
 178: 0.132066ms
 179: 0.201581ms
 180: 0.105314ms
 181: 0.118185ms
 182: 0.107557ms
 183: 0.103862ms
 184: 0.094752ms
 185: 0.094234ms
 186: 0.213985ms
 187: 0.096051ms
 188: 0.099571ms
 189: 0.109425ms
 190: 0.237752ms
 191: 0.093553ms
 192: 0.105223ms
 193: 0.094726ms
 194: 0.233464ms
 195: 0.095985ms
 196: 0.096252ms
 197: 0.102170ms
 198: 0.233579ms
 199: 0.095139ms


Measurements
--------------------------
FFT Size            : 52^3
Threads             : 25
Batch               : 1
Iterations          : 200
Avg Tot Runtime     : 0.092367 ms
Runtime per batch   : 0.092367 ms
SD                  : 0.026190 ms
Q1                  : 0.083561 ms
Median              : 0.086361 ms
Q3                  : 0.088877 ms
