Expm 2: Streaming FFTW
FFTW Plan: Patient
-- Cannot import wisdom from ../../wisdom/singlenode/all/338/fftw_338_t39_b1.patient
-- Exporting wisdom file to ../../wisdom/singlenode/all/338/fftw_338_t39_b1.patient
Iteration: 0, 1, 2, 3, 4, 5, 6, 7, 8, 9, 10, 11, 12, 13, 14, 15, 16, 17, 18, 19, 20, 21, 22, 23, 24, 25, 26, 27, 28, 29, 30, 31, 32, 33, 34, 35, 36, 37, 38, 39, 40, 41, 42, 43, 44, 45, 46, 47, 48, 49, 
Printing individual runtimes:
 0: 31.136471ms
 1: 21.169376ms
 2: 21.108041ms
 3: 21.007681ms
 4: 21.213387ms
 5: 20.569077ms
 6: 21.098428ms
 7: 21.206262ms
 8: 21.030239ms
 9: 21.269156ms
 10: 21.193548ms
 11: 21.032729ms
 12: 21.111689ms
 13: 21.134675ms
 14: 20.565328ms
 15: 40.378987ms
 16: 39.795579ms
 17: 21.113557ms
 18: 21.295863ms
 19: 21.228221ms
 20: 21.066342ms
 21: 21.088873ms
 22: 38.642877ms
 23: 21.189454ms
 24: 21.203879ms
 25: 21.013374ms
 26: 21.295476ms
 27: 21.100776ms
 28: 20.885483ms
 29: 21.294597ms
 30: 21.194171ms
 31: 20.989286ms
 32: 20.999526ms
 33: 21.140414ms
 34: 20.954672ms
 35: 22.348914ms
 36: 21.994130ms
 37: 22.545026ms
 38: 22.121624ms
 39: 22.010441ms
 40: 23.638321ms
 41: 23.004190ms
 42: 23.466457ms
 43: 39.605667ms
 44: 40.766551ms
 45: 23.216350ms
 46: 23.382030ms
 47: 23.328809ms
 48: 23.509257ms
 49: 23.364073ms


Measurements
--------------------------
FFT Size            : 338^3
Threads             : 39
Batch               : 1
Iterations          : 50
Avg Tot Runtime     : 23.640387 ms
Runtime per batch   : 23.640387 ms
SD                  : 5.629792 ms
Throughput          : 2.221618 GFLOPs
Plan Time           : 226.827642 sec
