Expm 2: Streaming FFTW
FFTW Plan: Patient
-- Cannot import wisdom from ../../wisdom/singlenode/all/338/fftw_338_t40_b1.patient
-- Exporting wisdom file to ../../wisdom/singlenode/all/338/fftw_338_t40_b1.patient
Iteration: 0, 1, 2, 3, 4, 5, 6, 7, 8, 9, 10, 11, 12, 13, 14, 15, 16, 17, 18, 19, 20, 21, 22, 23, 24, 25, 26, 27, 28, 29, 30, 31, 32, 33, 34, 35, 36, 37, 38, 39, 40, 41, 42, 43, 44, 45, 46, 47, 48, 49, 
Printing individual runtimes:
 0: 55.595187ms
 1: 23.771791ms
 2: 23.782198ms
 3: 24.210719ms
 4: 26.905039ms
 5: 23.770548ms
 6: 23.881440ms
 7: 23.704296ms
 8: 23.747951ms
 9: 23.842725ms
 10: 23.766020ms
 11: 38.951322ms
 12: 23.068803ms
 13: 22.933101ms
 14: 22.973466ms
 15: 23.014066ms
 16: 23.052443ms
 17: 23.009743ms
 18: 22.935071ms
 19: 22.963804ms
 20: 83.457486ms
 21: 24.471856ms
 22: 22.899191ms
 23: 23.029185ms
 24: 23.642264ms
 25: 36.452672ms
 26: 23.594950ms
 27: 23.461804ms
 28: 23.002269ms
 29: 23.186367ms
 30: 23.061974ms
 31: 23.480137ms
 32: 22.975747ms
 33: 23.052496ms
 34: 22.895384ms
 35: 23.105663ms
 36: 23.111474ms
 37: 23.142900ms
 38: 23.147524ms
 39: 23.017914ms
 40: 23.141569ms
 41: 22.901026ms
 42: 23.076103ms
 43: 22.945074ms
 44: 23.712415ms
 45: 23.159401ms
 46: 23.026343ms
 47: 23.603309ms
 48: 23.032315ms
 49: 36.383226ms


Measurements
--------------------------
FFT Size            : 338^3
Threads             : 40
Batch               : 1
Iterations          : 50
Avg Tot Runtime     : 26.060995 ms
Runtime per batch   : 26.060995 ms
SD                  : 9.889092 ms
Throughput          : 2.221906 GFLOPs
Plan Time           : 232.352663 sec
