Expm 2: Streaming FFTW
FFTW Plan: Patient
-- Cannot import wisdom from ../../wisdom/singlenode/all/156/fftw_156_t37_b1.patient
-- Exporting wisdom file to ../../wisdom/singlenode/all/156/fftw_156_t37_b1.patient
Iteration: 0, 1, 2, 3, 4, 5, 6, 7, 8, 9, 10, 11, 12, 13, 14, 15, 16, 17, 18, 19, 20, 21, 22, 23, 24, 25, 26, 27, 28, 29, 30, 31, 32, 33, 34, 35, 36, 37, 38, 39, 40, 41, 42, 43, 44, 45, 46, 47, 48, 49, 
Printing individual runtimes:
 0: 2.444887ms
 1: 1.736030ms
 2: 1.783995ms
 3: 1.729719ms
 4: 1.723460ms
 5: 1.733996ms
 6: 1.728292ms
 7: 1.754794ms
 8: 1.671031ms
 9: 1.777248ms
 10: 1.715430ms
 11: 1.762042ms
 12: 3.512720ms
 13: 1.727558ms
 14: 1.727169ms
 15: 3.137401ms
 16: 3.019072ms
 17: 1.683240ms
 18: 1.707363ms
 19: 1.754602ms
 20: 1.723185ms
 21: 1.726868ms
 22: 1.676159ms
 23: 1.748502ms
 24: 1.712741ms
 25: 2.924602ms
 26: 1.690631ms
 27: 1.687332ms
 28: 1.679646ms
 29: 1.686282ms
 30: 3.119364ms
 31: 1.717624ms
 32: 1.716612ms
 33: 1.714676ms
 34: 1.713020ms
 35: 1.716647ms
 36: 1.705865ms
 37: 1.704980ms
 38: 1.714206ms
 39: 1.700544ms
 40: 1.697458ms
 41: 1.703828ms
 42: 1.696663ms
 43: 1.687876ms
 44: 1.695570ms
 45: 1.704970ms
 46: 1.699500ms
 47: 1.714805ms
 48: 1.680463ms
 49: 1.714207ms


Measurements
--------------------------
FFT Size            : 156^3
Threads             : 37
Batch               : 1
Iterations          : 50
Avg Tot Runtime     : 1.872097 ms
Runtime per batch   : 1.872097 ms
SD                  : 0.440873 ms
Throughput          : 0.067944 GFLOPs
Plan Time           : 39.168826 sec
