Expm 2: Streaming FFTW
FFTW Plan: Patient
-- Cannot import wisdom from ../../wisdom/singlenode/all/573/fftw_573_t40_b1.patient
-- Exporting wisdom file to ../../wisdom/singlenode/all/573/fftw_573_t40_b1.patient
Iteration: 0, 1, 2, 3, 4, 5, 6, 7, 8, 9, 10, 11, 12, 13, 14, 15, 16, 17, 18, 19, 20, 21, 22, 23, 24, 25, 26, 27, 28, 29, 30, 31, 32, 33, 34, 35, 36, 37, 38, 39, 40, 41, 42, 43, 44, 45, 46, 47, 48, 49, 
Printing individual runtimes:
 0: 456.211974ms
 1: 299.971931ms
 2: 295.875614ms
 3: 296.512951ms
 4: 301.828110ms
 5: 355.437038ms
 6: 450.251202ms
 7: 432.572200ms
 8: 308.047149ms
 9: 297.249282ms
 10: 295.442140ms
 11: 303.622106ms
 12: 318.683668ms
 13: 296.459649ms
 14: 299.061748ms
 15: 304.591869ms
 16: 300.363549ms
 17: 302.425150ms
 18: 294.945471ms
 19: 293.148649ms
 20: 295.505658ms
 21: 291.909195ms
 22: 293.588205ms
 23: 297.246038ms
 24: 302.625734ms
 25: 300.825915ms
 26: 302.009532ms
 27: 303.023044ms
 28: 294.820974ms
 29: 297.956692ms
 30: 301.341150ms
 31: 295.168034ms
 32: 301.047997ms
 33: 303.743519ms
 34: 303.735304ms
 35: 298.589397ms
 36: 295.662939ms
 37: 297.172043ms
 38: 300.126256ms
 39: 302.251348ms
 40: 419.103556ms
 41: 303.563418ms
 42: 302.264108ms
 43: 301.021719ms
 44: 330.155140ms
 45: 341.406602ms
 46: 301.741588ms
 47: 299.573320ms
 48: 294.906580ms
 49: 380.503526ms


Measurements
--------------------------
FFT Size            : 573^3
Threads             : 40
Batch               : 1
Iterations          : 50
Avg Tot Runtime     : 315.105800 ms
Runtime per batch   : 315.105800 ms
SD                  : 40.107443 ms
Throughput          : 22.663566 GFLOPs
Plan Time           : 402.709823 sec
