Expm 2: Streaming FFT

Printing individual runtimes:
 0: 0.199898ms
 1: 0.034710ms
 2: 0.032678ms
 3: 0.291710ms
 4: 0.040925ms
 5: 0.145178ms
 6: 0.041710ms
 7: 0.045385ms
 8: 0.038574ms
 9: 0.116982ms
 10: 0.040803ms
 11: 0.045609ms
 12: 0.028521ms
 13: 0.085391ms
 14: 0.048426ms
 15: 0.048757ms
 16: 0.040804ms
 17: 0.039901ms
 18: 0.029798ms
 19: 0.049149ms
 20: 0.169847ms
 21: 0.049335ms
 22: 0.053814ms
 23: 0.029341ms
 24: 0.031379ms
 25: 0.030774ms
 26: 0.041278ms
 27: 0.198069ms
 28: 0.033205ms
 29: 0.041123ms
 30: 0.049887ms
 31: 0.048640ms
 32: 0.037303ms
 33: 0.047105ms
 34: 0.045594ms
 35: 0.041334ms
 36: 0.040492ms
 37: 0.036372ms
 38: 0.061566ms
 39: 0.046768ms
 40: 0.037390ms
 41: 0.140569ms
 42: 0.032377ms
 43: 0.048880ms
 44: 0.103428ms
 45: 0.032978ms
 46: 0.041880ms
 47: 0.039339ms
 48: 0.040196ms
 49: 0.036671ms
 50: 0.035205ms
 51: 0.046102ms
 52: 0.031428ms
 53: 0.032812ms
 54: 0.040883ms
 55: 0.038904ms
 56: 0.037093ms
 57: 0.038252ms
 58: 0.039159ms
 59: 0.043195ms
 60: 0.053628ms
 61: 0.048492ms
 62: 0.025984ms
 63: 0.058056ms
 64: 0.037499ms
 65: 0.036261ms
 66: 0.038119ms
 67: 0.050253ms
 68: 0.047933ms
 69: 0.041304ms
 70: 0.046094ms
 71: 0.103665ms
 72: 0.033232ms
 73: 0.031935ms
 74: 0.032432ms
 75: 0.125968ms
 76: 0.031462ms
 77: 0.039025ms
 78: 0.028619ms
 79: 0.176554ms
 80: 0.033701ms
 81: 0.030188ms
 82: 0.031552ms
 83: 0.030939ms
 84: 0.030074ms
 85: 0.026538ms
 86: 0.033900ms
 87: 0.030203ms
 88: 0.033097ms
 89: 0.040762ms
 90: 0.040025ms
 91: 0.032583ms
 92: 0.028274ms
 93: 0.030358ms
 94: 0.029361ms
 95: 0.031667ms
 96: 0.038421ms
 97: 0.030487ms
 98: 0.029266ms
 99: 0.028731ms
 100: 0.030222ms
 101: 0.030510ms
 102: 0.028515ms
 103: 0.029915ms
 104: 0.030962ms
 105: 0.029510ms
 106: 0.030966ms
 107: 0.032412ms
 108: 0.037774ms
 109: 0.032007ms
 110: 0.031689ms
 111: 0.037154ms
 112: 0.030328ms
 113: 0.029229ms
 114: 0.036645ms
 115: 0.033936ms
 116: 0.032840ms
 117: 0.047323ms
 118: 0.037266ms
 119: 0.030493ms
 120: 0.027836ms
 121: 0.037837ms
 122: 0.038798ms
 123: 0.038505ms
 124: 0.029426ms
 125: 0.031985ms
 126: 0.030945ms
 127: 0.047902ms
 128: 0.030626ms
 129: 0.031242ms
 130: 0.028739ms
 131: 0.039268ms
 132: 0.039131ms
 133: 0.031851ms
 134: 0.122942ms
 135: 0.039684ms
 136: 0.029417ms
 137: 0.034842ms
 138: 0.028662ms
 139: 0.033962ms
 140: 0.094340ms
 141: 0.032262ms
 142: 0.041695ms
 143: 0.031216ms
 144: 0.031805ms
 145: 0.032051ms
 146: 0.029322ms
 147: 0.029917ms
 148: 0.034717ms
 149: 0.033539ms
 150: 0.032324ms
 151: 0.044463ms
 152: 0.029634ms
 153: 0.034446ms
 154: 0.039691ms
 155: 0.038576ms
 156: 0.032460ms
 157: 0.034954ms
 158: 0.029275ms
 159: 0.028838ms
 160: 0.032623ms
 161: 0.027634ms
 162: 0.029706ms
 163: 0.029046ms
 164: 0.034535ms
 165: 0.030591ms
 166: 0.026905ms
 167: 0.028102ms
 168: 0.093741ms
 169: 0.036118ms
 170: 0.030506ms
 171: 0.029315ms
 172: 0.028633ms
 173: 0.037064ms
 174: 0.030085ms
 175: 0.037269ms
 176: 0.038688ms
 177: 0.031354ms
 178: 0.028109ms
 179: 0.037429ms
 180: 0.038714ms
 181: 0.038393ms
 182: 0.029107ms
 183: 0.031415ms
 184: 0.040179ms
 185: 0.039494ms
 186: 0.051567ms
 187: 0.030699ms
 188: 0.032432ms
 189: 0.031543ms
 190: 0.036717ms
 191: 0.028948ms
 192: 0.033352ms
 193: 0.027740ms
 194: 0.031164ms
 195: 0.036785ms
 196: 0.031528ms
 197: 0.028523ms
 198: 0.030273ms
 199: 0.030981ms


-- Real : Q1: 50 Q2: 100 Q3: 150
-- Array: Q1: 49 Q2: 99 Q3: 149
Printing sorted runtimes:
 0: 0.029417ms
 1: 0.025984ms
 2: 0.028523ms
 3: 0.027740ms
 4: 0.028948ms
 5: 0.028619ms
 6: 0.029107ms
 7: 0.028109ms
 8: 0.026538ms
 9: 0.028633ms
 10: 0.029315ms
 11: 0.028274ms
 12: 0.028521ms
 13: 0.028102ms
 14: 0.026905ms
 15: 0.029361ms
 16: 0.029046ms
 17: 0.029266ms
 18: 0.028731ms
 19: 0.027634ms
 20: 0.028838ms
 21: 0.029275ms
 22: 0.028515ms
 23: 0.029341ms
 24: 0.029229ms
 25: 0.027836ms
 26: 0.029322ms
 27: 0.028662ms
 28: 0.028739ms
 29: 0.030273ms
 30: 0.030188ms
 31: 0.030074ms
 32: 0.029426ms
 33: 0.030085ms
 34: 0.030203ms
 35: 0.029917ms
 36: 0.029706ms
 37: 0.029798ms
 38: 0.029510ms
 39: 0.030222ms
 40: 0.029915ms
 41: 0.029634ms
 42: 0.030510ms
 43: 0.030493ms
 44: 0.030506ms
 45: 0.030328ms
 46: 0.030487ms
 47: 0.030358ms
 48: 0.030591ms
 49: 0.030626ms
 50: 0.030699ms
 51: 0.031985ms
 52: 0.030945ms
 53: 0.030939ms
 54: 0.030962ms
 55: 0.030966ms
 56: 0.030981ms
 57: 0.031528ms
 58: 0.031164ms
 59: 0.031543ms
 60: 0.031415ms
 61: 0.031354ms
 62: 0.031379ms
 63: 0.031805ms
 64: 0.031216ms
 65: 0.031851ms
 66: 0.031242ms
 67: 0.030774ms
 68: 0.031689ms
 69: 0.031667ms
 70: 0.031428ms
 71: 0.031552ms
 72: 0.031462ms
 73: 0.031935ms
 74: 0.033352ms
 75: 0.032432ms
 76: 0.033232ms
 77: 0.032432ms
 78: 0.032623ms
 79: 0.032460ms
 80: 0.032324ms
 81: 0.032051ms
 82: 0.032262ms
 83: 0.032812ms
 84: 0.033205ms
 85: 0.032840ms
 86: 0.032007ms
 87: 0.032412ms
 88: 0.033097ms
 89: 0.032678ms
 90: 0.032377ms
 91: 0.032583ms
 92: 0.032978ms
 93: 0.033701ms
 94: 0.033539ms
 95: 0.034446ms
 96: 0.033962ms
 97: 0.033900ms
 98: 0.033936ms
 99: 0.034535ms
 100: 0.034710ms
 101: 0.039159ms
 102: 0.036717ms
 103: 0.034954ms
 104: 0.036261ms
 105: 0.036645ms
 106: 0.036372ms
 107: 0.035205ms
 108: 0.036671ms
 109: 0.034842ms
 110: 0.036118ms
 111: 0.037154ms
 112: 0.037064ms
 113: 0.037774ms
 114: 0.038119ms
 115: 0.037269ms
 116: 0.037390ms
 117: 0.036785ms
 118: 0.037266ms
 119: 0.037429ms
 120: 0.037093ms
 121: 0.037837ms
 122: 0.037499ms
 123: 0.038252ms
 124: 0.037303ms
 125: 0.038576ms
 126: 0.038505ms
 127: 0.038798ms
 128: 0.038904ms
 129: 0.038574ms
 130: 0.038688ms
 131: 0.034717ms
 132: 0.039131ms
 133: 0.038714ms
 134: 0.038393ms
 135: 0.039025ms
 136: 0.038421ms
 137: 0.040179ms
 138: 0.039339ms
 139: 0.039901ms
 140: 0.040025ms
 141: 0.039691ms
 142: 0.039494ms
 143: 0.039684ms
 144: 0.039268ms
 145: 0.040803ms
 146: 0.040196ms
 147: 0.040492ms
 148: 0.040762ms
 149: 0.040804ms
 150: 0.040883ms
 151: 0.041123ms
 152: 0.040925ms
 153: 0.041278ms
 154: 0.047902ms
 155: 0.041710ms
 156: 0.047105ms
 157: 0.045594ms
 158: 0.041695ms
 159: 0.047323ms
 160: 0.046102ms
 161: 0.045385ms
 162: 0.046094ms
 163: 0.044463ms
 164: 0.041334ms
 165: 0.043195ms
 166: 0.046768ms
 167: 0.041880ms
 168: 0.045609ms
 169: 0.041304ms
 170: 0.093741ms
 171: 0.085391ms
 172: 0.116982ms
 173: 0.047933ms
 174: 0.061566ms
 175: 0.048426ms
 176: 0.048757ms
 177: 0.048492ms
 178: 0.049149ms
 179: 0.049335ms
 180: 0.048880ms
 181: 0.103428ms
 182: 0.050253ms
 183: 0.053628ms
 184: 0.048640ms
 185: 0.053814ms
 186: 0.051567ms
 187: 0.049887ms
 188: 0.122942ms
 189: 0.058056ms
 190: 0.103665ms
 191: 0.094340ms
 192: 0.125968ms
 193: 0.291710ms
 194: 0.145178ms
 195: 0.169847ms
 196: 0.198069ms
 197: 0.140569ms
 198: 0.176554ms
 199: 0.199898ms


Measurements
--------------------------
FFT Size            : 25^3
Threads             : 35
Batch               : 1
Iterations          : 200
Avg Tot Runtime     : 0.043937 ms
Runtime per batch   : 0.043937 ms
SD                  : 0.032826 ms
Q1                  : 0.030626 ms
Median              : 0.034622 ms
Q3                  : 0.040804 ms
