Expm 2: Streaming FFT

Printing individual runtimes:
 0: 0.160644ms
 1: 0.029611ms
 2: 0.027721ms
 3: 0.269421ms
 4: 0.026906ms
 5: 0.127455ms
 6: 0.023559ms
 7: 0.021724ms
 8: 0.023058ms
 9: 0.023055ms
 10: 0.022882ms
 11: 0.198517ms
 12: 0.024633ms
 13: 0.028947ms
 14: 0.022775ms
 15: 0.033977ms
 16: 0.026417ms
 17: 0.033232ms
 18: 0.023923ms
 19: 0.024138ms
 20: 0.026755ms
 21: 0.166867ms
 22: 0.023580ms
 23: 0.031889ms
 24: 0.031246ms
 25: 0.021575ms
 26: 0.033073ms
 27: 0.027002ms
 28: 0.126941ms
 29: 0.023436ms
 30: 0.032532ms
 31: 0.023589ms
 32: 0.021116ms
 33: 0.027155ms
 34: 0.027447ms
 35: 0.021464ms
 36: 0.026322ms
 37: 0.024688ms
 38: 0.029073ms
 39: 0.022027ms
 40: 0.031799ms
 41: 0.022635ms
 42: 0.022721ms
 43: 0.021735ms
 44: 0.023141ms
 45: 0.021995ms
 46: 0.022220ms
 47: 0.022787ms
 48: 0.022238ms
 49: 0.026553ms
 50: 0.030481ms
 51: 0.024137ms
 52: 0.025372ms
 53: 0.020373ms
 54: 0.025789ms
 55: 0.023923ms
 56: 0.034243ms
 57: 0.030782ms
 58: 0.020422ms
 59: 0.022049ms
 60: 0.130398ms
 61: 0.028641ms
 62: 0.020943ms
 63: 0.021440ms
 64: 0.019689ms
 65: 0.030377ms
 66: 0.022999ms
 67: 0.022396ms
 68: 0.025067ms
 69: 0.022508ms
 70: 0.026372ms
 71: 0.019935ms
 72: 0.030147ms
 73: 0.022981ms
 74: 0.022571ms
 75: 0.022825ms
 76: 0.033408ms
 77: 0.032450ms
 78: 0.021569ms
 79: 0.021156ms
 80: 0.019729ms
 81: 0.028481ms
 82: 0.019726ms
 83: 0.028941ms
 84: 0.024206ms
 85: 0.022134ms
 86: 0.022074ms
 87: 0.022302ms
 88: 0.024011ms
 89: 0.031978ms
 90: 0.031823ms
 91: 0.021401ms
 92: 0.022349ms
 93: 0.022462ms
 94: 0.030846ms
 95: 0.022002ms
 96: 0.021818ms
 97: 0.023324ms
 98: 0.021556ms
 99: 0.020027ms
 100: 0.022844ms
 101: 0.024931ms
 102: 0.029585ms
 103: 0.029721ms
 104: 0.032734ms
 105: 0.023157ms
 106: 0.028590ms
 107: 0.029777ms
 108: 0.030425ms
 109: 0.022289ms
 110: 0.028512ms
 111: 0.023898ms
 112: 0.029926ms
 113: 0.021725ms
 114: 0.028491ms
 115: 0.024490ms
 116: 0.031298ms
 117: 0.167304ms
 118: 0.033484ms
 119: 0.023964ms
 120: 0.024373ms
 121: 0.028331ms
 122: 0.021229ms
 123: 0.030142ms
 124: 0.023217ms
 125: 0.025881ms
 126: 0.022780ms
 127: 0.029090ms
 128: 0.021250ms
 129: 0.024540ms
 130: 0.032137ms
 131: 0.021859ms
 132: 0.022444ms
 133: 0.023280ms
 134: 0.035623ms
 135: 0.022924ms
 136: 0.021972ms
 137: 0.022671ms
 138: 0.027401ms
 139: 0.022208ms
 140: 0.021817ms
 141: 0.022691ms
 142: 0.023792ms
 143: 0.021541ms
 144: 0.020711ms
 145: 0.020989ms
 146: 0.030373ms
 147: 0.028036ms
 148: 0.020983ms
 149: 0.025666ms
 150: 0.034255ms
 151: 0.027596ms
 152: 0.022654ms
 153: 0.025461ms
 154: 0.021563ms
 155: 0.024714ms
 156: 0.024396ms
 157: 0.029205ms
 158: 0.022634ms
 159: 0.020807ms
 160: 0.030013ms
 161: 0.029771ms
 162: 0.022163ms
 163: 0.037423ms
 164: 0.021626ms
 165: 0.024889ms
 166: 0.023103ms
 167: 0.021873ms
 168: 0.023056ms
 169: 0.022182ms
 170: 0.021804ms
 171: 0.031735ms
 172: 0.019944ms
 173: 0.022646ms
 174: 0.021816ms
 175: 0.024294ms
 176: 0.028821ms
 177: 0.032223ms
 178: 0.031613ms
 179: 0.021826ms
 180: 0.025303ms
 181: 0.022462ms
 182: 0.022476ms
 183: 0.031404ms
 184: 0.021622ms
 185: 0.027620ms
 186: 0.022828ms
 187: 0.032818ms
 188: 0.024601ms
 189: 0.032358ms
 190: 0.037157ms
 191: 0.024819ms
 192: 0.021989ms
 193: 0.022438ms
 194: 0.028118ms
 195: 0.020972ms
 196: 0.028617ms
 197: 0.021589ms
 198: 0.022442ms
 199: 0.025756ms


-- Real : Q1: 50 Q2: 100 Q3: 150
-- Array: Q1: 49 Q2: 99 Q3: 149
Printing sorted runtimes:
 0: 0.021859ms
 1: 0.020422ms
 2: 0.021589ms
 3: 0.020972ms
 4: 0.020807ms
 5: 0.020373ms
 6: 0.021563ms
 7: 0.021724ms
 8: 0.020027ms
 9: 0.021556ms
 10: 0.021818ms
 11: 0.021626ms
 12: 0.021229ms
 13: 0.021817ms
 14: 0.020943ms
 15: 0.021401ms
 16: 0.021622ms
 17: 0.021440ms
 18: 0.021735ms
 19: 0.019689ms
 20: 0.021541ms
 21: 0.019726ms
 22: 0.020711ms
 23: 0.021826ms
 24: 0.019729ms
 25: 0.021575ms
 26: 0.021816ms
 27: 0.021156ms
 28: 0.019944ms
 29: 0.021569ms
 30: 0.021804ms
 31: 0.020989ms
 32: 0.021116ms
 33: 0.021725ms
 34: 0.020983ms
 35: 0.021464ms
 36: 0.019935ms
 37: 0.021250ms
 38: 0.022027ms
 39: 0.022002ms
 40: 0.021873ms
 41: 0.021972ms
 42: 0.021989ms
 43: 0.021995ms
 44: 0.022182ms
 45: 0.022074ms
 46: 0.022163ms
 47: 0.022134ms
 48: 0.022049ms
 49: 0.022208ms
 50: 0.022220ms
 51: 0.022289ms
 52: 0.022238ms
 53: 0.024011ms
 54: 0.022438ms
 55: 0.022302ms
 56: 0.022396ms
 57: 0.022442ms
 58: 0.022634ms
 59: 0.023923ms
 60: 0.023898ms
 61: 0.022671ms
 62: 0.022787ms
 63: 0.023141ms
 64: 0.022721ms
 65: 0.022444ms
 66: 0.022999ms
 67: 0.022635ms
 68: 0.023280ms
 69: 0.022508ms
 70: 0.022654ms
 71: 0.023103ms
 72: 0.022924ms
 73: 0.022981ms
 74: 0.022571ms
 75: 0.022825ms
 76: 0.023056ms
 77: 0.023589ms
 78: 0.023436ms
 79: 0.022646ms
 80: 0.023559ms
 81: 0.023580ms
 82: 0.022780ms
 83: 0.022462ms
 84: 0.023157ms
 85: 0.022844ms
 86: 0.023923ms
 87: 0.022476ms
 88: 0.022349ms
 89: 0.023792ms
 90: 0.022691ms
 91: 0.022828ms
 92: 0.022775ms
 93: 0.022462ms
 94: 0.023217ms
 95: 0.023964ms
 96: 0.022882ms
 97: 0.023324ms
 98: 0.023055ms
 99: 0.023058ms
 100: 0.024137ms
 101: 0.028947ms
 102: 0.024206ms
 103: 0.024294ms
 104: 0.024373ms
 105: 0.024490ms
 106: 0.024540ms
 107: 0.024601ms
 108: 0.024396ms
 109: 0.024714ms
 110: 0.024633ms
 111: 0.025067ms
 112: 0.024819ms
 113: 0.024889ms
 114: 0.024688ms
 115: 0.024931ms
 116: 0.025303ms
 117: 0.025372ms
 118: 0.025461ms
 119: 0.025666ms
 120: 0.025756ms
 121: 0.025789ms
 122: 0.025881ms
 123: 0.027620ms
 124: 0.026417ms
 125: 0.026755ms
 126: 0.028821ms
 127: 0.027002ms
 128: 0.028491ms
 129: 0.026906ms
 130: 0.027155ms
 131: 0.028512ms
 132: 0.027447ms
 133: 0.026322ms
 134: 0.027721ms
 135: 0.028590ms
 136: 0.026553ms
 137: 0.028118ms
 138: 0.027401ms
 139: 0.028331ms
 140: 0.028617ms
 141: 0.028641ms
 142: 0.026372ms
 143: 0.028941ms
 144: 0.028481ms
 145: 0.027596ms
 146: 0.024138ms
 147: 0.028036ms
 148: 0.029073ms
 149: 0.029090ms
 150: 0.029205ms
 151: 0.029585ms
 152: 0.029611ms
 153: 0.029721ms
 154: 0.029771ms
 155: 0.029926ms
 156: 0.029777ms
 157: 0.030425ms
 158: 0.030377ms
 159: 0.030142ms
 160: 0.030013ms
 161: 0.030373ms
 162: 0.030147ms
 163: 0.030481ms
 164: 0.032734ms
 165: 0.031799ms
 166: 0.034243ms
 167: 0.030782ms
 168: 0.033408ms
 169: 0.032137ms
 170: 0.032532ms
 171: 0.031735ms
 172: 0.030846ms
 173: 0.031823ms
 174: 0.033073ms
 175: 0.031246ms
 176: 0.031298ms
 177: 0.032223ms
 178: 0.031613ms
 179: 0.031889ms
 180: 0.032358ms
 181: 0.033484ms
 182: 0.033232ms
 183: 0.031404ms
 184: 0.031978ms
 185: 0.032450ms
 186: 0.033977ms
 187: 0.032818ms
 188: 0.034255ms
 189: 0.166867ms
 190: 0.037157ms
 191: 0.198517ms
 192: 0.127455ms
 193: 0.126941ms
 194: 0.037423ms
 195: 0.269421ms
 196: 0.130398ms
 197: 0.035623ms
 198: 0.167304ms
 199: 0.160644ms


Measurements
--------------------------
FFT Size            : 25^3
Threads             : 28
Batch               : 1
Iterations          : 200
Avg Tot Runtime     : 0.031127 ms
Runtime per batch   : 0.031127 ms
SD                  : 0.029700 ms
Q1                  : 0.022208 ms
Median              : 0.023597 ms
Q3                  : 0.029090 ms
