Expm 2: Streaming FFT

Printing individual runtimes:
 0: 0.162097ms
 1: 0.035224ms
 2: 0.025901ms
 3: 0.353059ms
 4: 0.022802ms
 5: 0.034156ms
 6: 0.026609ms
 7: 0.123582ms
 8: 0.024616ms
 9: 0.023968ms
 10: 0.023830ms
 11: 0.039216ms
 12: 0.029946ms
 13: 0.025373ms
 14: 0.124610ms
 15: 0.026176ms
 16: 0.027132ms
 17: 0.022874ms
 18: 0.024491ms
 19: 0.030531ms
 20: 0.024035ms
 21: 0.024471ms
 22: 0.033474ms
 23: 0.024518ms
 24: 0.108014ms
 25: 0.033527ms
 26: 0.022467ms
 27: 0.022434ms
 28: 0.029433ms
 29: 0.024354ms
 30: 0.041751ms
 31: 0.022735ms
 32: 0.033009ms
 33: 0.021409ms
 34: 0.026695ms
 35: 0.026402ms
 36: 0.024665ms
 37: 0.023337ms
 38: 0.031347ms
 39: 0.023774ms
 40: 0.025018ms
 41: 0.025142ms
 42: 0.131784ms
 43: 0.023752ms
 44: 0.025285ms
 45: 0.031892ms
 46: 0.024238ms
 47: 0.031199ms
 48: 0.025766ms
 49: 0.024636ms
 50: 0.022589ms
 51: 0.028393ms
 52: 0.023168ms
 53: 0.030101ms
 54: 0.023865ms
 55: 0.025074ms
 56: 0.024401ms
 57: 0.023802ms
 58: 0.025251ms
 59: 0.023425ms
 60: 0.023504ms
 61: 0.023459ms
 62: 0.027333ms
 63: 0.025359ms
 64: 0.024089ms
 65: 0.027971ms
 66: 0.024514ms
 67: 0.024812ms
 68: 0.029191ms
 69: 0.035727ms
 70: 0.023603ms
 71: 0.030882ms
 72: 0.023497ms
 73: 0.108515ms
 74: 0.022264ms
 75: 0.025078ms
 76: 0.028569ms
 77: 0.022151ms
 78: 0.025954ms
 79: 0.023084ms
 80: 0.024986ms
 81: 0.025289ms
 82: 0.021382ms
 83: 0.025849ms
 84: 0.022398ms
 85: 0.024279ms
 86: 0.025595ms
 87: 0.025215ms
 88: 0.023305ms
 89: 0.034171ms
 90: 0.022447ms
 91: 0.024911ms
 92: 0.031431ms
 93: 0.023714ms
 94: 0.026599ms
 95: 0.023337ms
 96: 0.024463ms
 97: 0.026018ms
 98: 0.030569ms
 99: 0.023075ms
 100: 0.023839ms
 101: 0.029448ms
 102: 0.030086ms
 103: 0.025116ms
 104: 0.025841ms
 105: 0.025569ms
 106: 0.022704ms
 107: 0.029270ms
 108: 0.022512ms
 109: 0.022748ms
 110: 0.032327ms
 111: 0.025234ms
 112: 0.024272ms
 113: 0.025817ms
 114: 0.023258ms
 115: 0.021592ms
 116: 0.025588ms
 117: 0.025567ms
 118: 0.023220ms
 119: 0.022319ms
 120: 0.022473ms
 121: 0.025186ms
 122: 0.033324ms
 123: 0.023225ms
 124: 0.023004ms
 125: 0.023219ms
 126: 0.033146ms
 127: 0.025550ms
 128: 0.120211ms
 129: 0.032564ms
 130: 0.025128ms
 131: 0.023956ms
 132: 0.022390ms
 133: 0.023249ms
 134: 0.024124ms
 135: 0.025657ms
 136: 0.032105ms
 137: 0.025315ms
 138: 0.031952ms
 139: 0.024069ms
 140: 0.022898ms
 141: 0.033102ms
 142: 0.023370ms
 143: 0.035086ms
 144: 0.025313ms
 145: 0.026984ms
 146: 0.034868ms
 147: 0.026551ms
 148: 0.023483ms
 149: 0.023786ms
 150: 0.025335ms
 151: 0.026854ms
 152: 0.025923ms
 153: 0.023802ms
 154: 0.022583ms
 155: 0.022564ms
 156: 0.029931ms
 157: 0.034398ms
 158: 0.023522ms
 159: 0.031031ms
 160: 0.024048ms
 161: 0.023209ms
 162: 0.021211ms
 163: 0.026098ms
 164: 0.023366ms
 165: 0.029272ms
 166: 0.029334ms
 167: 0.026406ms
 168: 0.022729ms
 169: 0.021449ms
 170: 0.024954ms
 171: 0.024560ms
 172: 0.021541ms
 173: 0.022243ms
 174: 0.022988ms
 175: 0.030093ms
 176: 0.036561ms
 177: 0.029627ms
 178: 0.021457ms
 179: 0.030633ms
 180: 0.029608ms
 181: 0.023640ms
 182: 0.022454ms
 183: 0.025482ms
 184: 0.023573ms
 185: 0.023115ms
 186: 0.023425ms
 187: 0.021975ms
 188: 0.023875ms
 189: 0.022919ms
 190: 0.021903ms
 191: 0.026200ms
 192: 0.032769ms
 193: 0.029512ms
 194: 0.022468ms
 195: 0.023826ms
 196: 0.024280ms
 197: 0.023637ms
 198: 0.023115ms
 199: 0.026129ms


-- Real : Q1: 50 Q2: 100 Q3: 150
-- Array: Q1: 49 Q2: 99 Q3: 149
Printing sorted runtimes:
 0: 0.023115ms
 1: 0.022390ms
 2: 0.023004ms
 3: 0.022473ms
 4: 0.022802ms
 5: 0.022319ms
 6: 0.021592ms
 7: 0.022468ms
 8: 0.022748ms
 9: 0.022512ms
 10: 0.022898ms
 11: 0.021903ms
 12: 0.022919ms
 13: 0.022704ms
 14: 0.023075ms
 15: 0.021975ms
 16: 0.022447ms
 17: 0.022874ms
 18: 0.022398ms
 19: 0.021382ms
 20: 0.023084ms
 21: 0.022151ms
 22: 0.022264ms
 23: 0.022583ms
 24: 0.022564ms
 25: 0.022454ms
 26: 0.022467ms
 27: 0.022434ms
 28: 0.021211ms
 29: 0.022589ms
 30: 0.021457ms
 31: 0.022735ms
 32: 0.022988ms
 33: 0.021409ms
 34: 0.022243ms
 35: 0.021541ms
 36: 0.022729ms
 37: 0.021449ms
 38: 0.023225ms
 39: 0.023115ms
 40: 0.023209ms
 41: 0.023168ms
 42: 0.023220ms
 43: 0.023219ms
 44: 0.023337ms
 45: 0.023249ms
 46: 0.023305ms
 47: 0.023258ms
 48: 0.023337ms
 49: 0.023366ms
 50: 0.023370ms
 51: 0.024124ms
 52: 0.023497ms
 53: 0.023504ms
 54: 0.023483ms
 55: 0.023459ms
 56: 0.023425ms
 57: 0.023802ms
 58: 0.023968ms
 59: 0.024069ms
 60: 0.023425ms
 61: 0.023774ms
 62: 0.023640ms
 63: 0.023830ms
 64: 0.024089ms
 65: 0.023865ms
 66: 0.023826ms
 67: 0.023839ms
 68: 0.024048ms
 69: 0.023522ms
 70: 0.023603ms
 71: 0.023875ms
 72: 0.023637ms
 73: 0.023956ms
 74: 0.023573ms
 75: 0.023752ms
 76: 0.023802ms
 77: 0.023786ms
 78: 0.023714ms
 79: 0.024035ms
 80: 0.024616ms
 81: 0.024238ms
 82: 0.024272ms
 83: 0.024401ms
 84: 0.024491ms
 85: 0.024560ms
 86: 0.024354ms
 87: 0.024514ms
 88: 0.024280ms
 89: 0.024518ms
 90: 0.024463ms
 91: 0.024471ms
 92: 0.024279ms
 93: 0.024911ms
 94: 0.024665ms
 95: 0.024636ms
 96: 0.024812ms
 97: 0.024986ms
 98: 0.024954ms
 99: 0.025018ms
 100: 0.025074ms
 101: 0.026200ms
 102: 0.025116ms
 103: 0.025186ms
 104: 0.025128ms
 105: 0.025215ms
 106: 0.025234ms
 107: 0.025142ms
 108: 0.025251ms
 109: 0.025285ms
 110: 0.025359ms
 111: 0.025373ms
 112: 0.025569ms
 113: 0.025817ms
 114: 0.026098ms
 115: 0.025841ms
 116: 0.025588ms
 117: 0.025567ms
 118: 0.025313ms
 119: 0.025482ms
 120: 0.025766ms
 121: 0.026018ms
 122: 0.025315ms
 123: 0.025954ms
 124: 0.025901ms
 125: 0.025335ms
 126: 0.025657ms
 127: 0.025550ms
 128: 0.025923ms
 129: 0.025289ms
 130: 0.025595ms
 131: 0.025849ms
 132: 0.026129ms
 133: 0.025078ms
 134: 0.026176ms
 135: 0.026406ms
 136: 0.026402ms
 137: 0.027333ms
 138: 0.027132ms
 139: 0.026695ms
 140: 0.026854ms
 141: 0.026609ms
 142: 0.026599ms
 143: 0.026551ms
 144: 0.026984ms
 145: 0.029270ms
 146: 0.028393ms
 147: 0.029191ms
 148: 0.027971ms
 149: 0.028569ms
 150: 0.029272ms
 151: 0.029334ms
 152: 0.029448ms
 153: 0.029627ms
 154: 0.029512ms
 155: 0.029608ms
 156: 0.029433ms
 157: 0.029931ms
 158: 0.029946ms
 159: 0.031031ms
 160: 0.030882ms
 161: 0.030093ms
 162: 0.030569ms
 163: 0.030101ms
 164: 0.030633ms
 165: 0.030086ms
 166: 0.030531ms
 167: 0.031431ms
 168: 0.031199ms
 169: 0.031347ms
 170: 0.131784ms
 171: 0.031892ms
 172: 0.035727ms
 173: 0.034398ms
 174: 0.033009ms
 175: 0.108515ms
 176: 0.036561ms
 177: 0.034171ms
 178: 0.041751ms
 179: 0.034868ms
 180: 0.035086ms
 181: 0.033102ms
 182: 0.033527ms
 183: 0.108014ms
 184: 0.033474ms
 185: 0.032327ms
 186: 0.031952ms
 187: 0.033324ms
 188: 0.124610ms
 189: 0.032105ms
 190: 0.039216ms
 191: 0.033146ms
 192: 0.032769ms
 193: 0.120211ms
 194: 0.123582ms
 195: 0.032564ms
 196: 0.034156ms
 197: 0.353059ms
 198: 0.035224ms
 199: 0.162097ms


Measurements
--------------------------
FFT Size            : 25^3
Threads             : 29
Batch               : 1
Iterations          : 200
Avg Tot Runtime     : 0.031143 ms
Runtime per batch   : 0.031143 ms
SD                  : 0.029656 ms
Q1                  : 0.023366 ms
Median              : 0.025046 ms
Q3                  : 0.028569 ms
