Expm 2: Streaming FFTW
FFTW Plan: Patient
-- Cannot import wisdom from ../../wisdom/singlenode/all/572/fftw_572_t37_b1.patient
-- Exporting wisdom file to ../../wisdom/singlenode/all/572/fftw_572_t37_b1.patient
Iteration: 0, 1, 2, 3, 4, 5, 6, 7, 8, 9, 10, 11, 12, 13, 14, 15, 16, 17, 18, 19, 20, 21, 22, 23, 24, 25, 26, 27, 28, 29, 30, 31, 32, 33, 34, 35, 36, 37, 38, 39, 40, 41, 42, 43, 44, 45, 46, 47, 48, 49, 
Printing individual runtimes:
 0: 121.895876ms
 1: 189.052581ms
 2: 122.218057ms
 3: 120.729117ms
 4: 120.593742ms
 5: 118.893402ms
 6: 116.106569ms
 7: 120.200187ms
 8: 118.158817ms
 9: 116.940306ms
 10: 117.143587ms
 11: 117.319452ms
 12: 118.644325ms
 13: 118.215460ms
 14: 118.051214ms
 15: 118.238604ms
 16: 119.121593ms
 17: 119.795239ms
 18: 120.154975ms
 19: 121.488175ms
 20: 121.841132ms
 21: 121.468560ms
 22: 121.738178ms
 23: 122.196500ms
 24: 121.447793ms
 25: 121.387990ms
 26: 121.400953ms
 27: 121.626502ms
 28: 121.097016ms
 29: 121.314584ms
 30: 121.815277ms
 31: 121.705182ms
 32: 121.070255ms
 33: 121.841436ms
 34: 121.945161ms
 35: 124.959897ms
 36: 132.741311ms
 37: 133.222909ms
 38: 216.003457ms
 39: 131.193241ms
 40: 210.030857ms
 41: 207.940400ms
 42: 276.669693ms
 43: 213.125802ms
 44: 128.066332ms
 45: 128.715139ms
 46: 124.780848ms
 47: 312.793448ms
 48: 286.428246ms
 49: 126.335342ms


Measurements
--------------------------
FFT Size            : 572^3
Threads             : 37
Batch               : 1
Iterations          : 50
Avg Tot Runtime     : 140.597294 ms
Runtime per batch   : 140.597294 ms
SD                  : 46.367339 ms
Throughput          : 9.983821 GFLOPs
Plan Time           : 1380.743175 sec
