Expm 3: Conv FFTW
FFTW Plan: Patient
-- Cannot import wisdom from ../../wisdom/singlenode/powers-of-2/expm3/fftw_128_t35_b1.patient
-- Exporting wisdom file to ../../wisdom/singlenode/powers-of-2/expm3/fftw_128_t35_b1.patient
Iteration: 0, 1, 2, 3, 4, 5, 6, 7, 8, 9, 10, 11, 12, 13, 14, 15, 16, 17, 18, 19, 20, 21, 22, 23, 24, 25, 26, 27, 28, 29, 30, 31, 32, 33, 34, 35, 36, 37, 38, 39, 40, 41, 42, 43, 44, 45, 46, 47, 48, 49, 
Printing individual runtimes:
 0: 0.860370ms
 1: 0.862010ms
 2: 0.830544ms
 3: 0.838399ms
 4: 0.837687ms
 5: 0.867238ms
 6: 0.857370ms
 7: 0.847595ms
 8: 0.847733ms
 9: 0.840475ms
 10: 0.848011ms
 11: 0.830159ms
 12: 0.847684ms
 13: 0.862271ms
 14: 0.836546ms
 15: 0.839418ms
 16: 0.843024ms
 17: 0.833837ms
 18: 0.832690ms
 19: 0.841355ms
 20: 0.839956ms
 21: 0.838896ms
 22: 0.829639ms
 23: 0.849458ms
 24: 0.843819ms
 25: 0.850880ms
 26: 0.825543ms
 27: 0.831286ms
 28: 0.855952ms
 29: 0.836113ms
 30: 0.835937ms
 31: 0.845021ms
 32: 0.842054ms
 33: 0.838504ms
 34: 0.830978ms
 35: 0.859789ms
 36: 0.822192ms
 37: 0.867883ms
 38: 0.846941ms
 39: 0.835323ms
 40: 0.844494ms
 41: 0.816950ms
 42: 0.837290ms
 43: 0.834731ms
 44: 0.852040ms
 45: 0.847524ms
 46: 0.833635ms
 47: 0.847967ms
 48: 0.835503ms
 49: 0.844138ms


Measurements
--------------------------
FFT Size            : 128^3
Threads             : 35
Batch               : 1
Iterations          : 50
Avg Tot Runtime     : 0.842497 ms
Runtime per batch   : 0.842497 ms
SD                  : 0.011116 ms
Throughput          : 0.018608 GFLOPs
Plan Time           : 50.161143 sec
