Expm 2: Streaming FFTW
FFTW Plan: Patient
-- Cannot import wisdom from ../../wisdom/singlenode/all/571/fftw_571_t39_b1.patient
-- Exporting wisdom file to ../../wisdom/singlenode/all/571/fftw_571_t39_b1.patient
Iteration: 0, 1, 2, 3, 4, 5, 6, 7, 8, 9, 10, 11, 12, 13, 14, 15, 16, 17, 18, 19, 20, 21, 22, 23, 24, 25, 26, 27, 28, 29, 30, 31, 32, 33, 34, 35, 36, 37, 38, 39, 40, 41, 42, 43, 44, 45, 46, 47, 48, 49, 
Printing individual runtimes:
 0: 252.375007ms
 1: 249.734720ms
 2: 250.032409ms
 3: 442.245740ms
 4: 467.735317ms
 5: 496.052939ms
 6: 513.390932ms
 7: 504.372385ms
 8: 310.054892ms
 9: 238.211700ms
 10: 247.832432ms
 11: 448.347723ms
 12: 665.522502ms
 13: 454.911244ms
 14: 322.636251ms
 15: 248.892771ms
 16: 444.794956ms
 17: 429.057575ms
 18: 387.838494ms
 19: 237.762854ms
 20: 260.396363ms
 21: 491.075369ms
 22: 336.320551ms
 23: 310.763078ms
 24: 486.101347ms
 25: 495.115971ms
 26: 327.153681ms
 27: 246.229878ms
 28: 238.455658ms
 29: 477.120026ms
 30: 399.283802ms
 31: 246.297826ms
 32: 447.921348ms
 33: 398.651509ms
 34: 456.712776ms
 35: 503.808673ms
 36: 469.981867ms
 37: 325.160597ms
 38: 247.961391ms
 39: 247.840047ms
 40: 562.553725ms
 41: 323.566801ms
 42: 446.865280ms
 43: 429.335830ms
 44: 518.814454ms
 45: 424.545842ms
 46: 444.718563ms
 47: 495.541269ms
 48: 506.709876ms
 49: 513.892698ms


Measurements
--------------------------
FFT Size            : 571^3
Threads             : 39
Batch               : 1
Iterations          : 50
Avg Tot Runtime     : 393.813979 ms
Runtime per batch   : 393.813979 ms
SD                  : 109.103908 ms
Throughput          : 23.345840 GFLOPs
Plan Time           : 1013.779196 sec
