Expm 2: Streaming FFTW
FFTW Plan: Patient
-- Cannot import wisdom from ../../wisdom/singlenode/all/27/fftw_27_t40_b1.patient
-- Exporting wisdom file to ../../wisdom/singlenode/all/27/fftw_27_t40_b1.patient
Iteration: 0, 1, 2, 3, 4, 5, 6, 7, 8, 9, 10, 11, 12, 13, 14, 15, 16, 17, 18, 19, 20, 21, 22, 23, 24, 25, 26, 27, 28, 29, 30, 31, 32, 33, 34, 35, 36, 37, 38, 39, 40, 41, 42, 43, 44, 45, 46, 47, 48, 49, 
Printing individual runtimes:
 0: 0.147532ms
 1: 0.134723ms
 2: 0.125634ms
 3: 0.284282ms
 4: 0.141260ms
 5: 0.176834ms
 6: 0.128818ms
 7: 0.191782ms
 8: 0.047470ms
 9: 0.049626ms
 10: 0.907255ms
 11: 0.044518ms
 12: 0.039994ms
 13: 0.041727ms
 14: 0.507312ms
 15: 0.133888ms
 16: 0.044365ms
 17: 0.041397ms
 18: 0.051158ms
 19: 0.039877ms
 20: 0.043291ms
 21: 0.039553ms
 22: 0.047579ms
 23: 0.514390ms
 24: 0.148041ms
 25: 0.142368ms
 26: 0.046482ms
 27: 0.043323ms
 28: 0.130012ms
 29: 0.044608ms
 30: 0.051643ms
 31: 0.207310ms
 32: 0.138205ms
 33: 0.038037ms
 34: 0.054480ms
 35: 0.043737ms
 36: 0.040713ms
 37: 0.040227ms
 38: 0.120009ms
 39: 0.139359ms
 40: 0.419242ms
 41: 0.054733ms
 42: 0.042193ms
 43: 0.125996ms
 44: 0.117645ms
 45: 0.038331ms
 46: 0.046490ms
 47: 0.240457ms
 48: 0.122988ms
 49: 0.131734ms


Measurements
--------------------------
FFT Size            : 27^3
Threads             : 40
Batch               : 1
Iterations          : 50
Avg Tot Runtime     : 0.133853 ms
Runtime per batch   : 0.133853 ms
SD                  : 0.155524 ms
Throughput          : 0.000290 GFLOPs
Plan Time           : 4.468343 sec
