Expm 2: Streaming FFTW
FFTW Plan: Patient
-- Cannot import wisdom from ../../wisdom/singlenode/all/229/fftw_229_t40_b1.patient
-- Exporting wisdom file to ../../wisdom/singlenode/all/229/fftw_229_t40_b1.patient
Iteration: 0, 1, 2, 3, 4, 5, 6, 7, 8, 9, 10, 11, 12, 13, 14, 15, 16, 17, 18, 19, 20, 21, 22, 23, 24, 25, 26, 27, 28, 29, 30, 31, 32, 33, 34, 35, 36, 37, 38, 39, 40, 41, 42, 43, 44, 45, 46, 47, 48, 49, 
Printing individual runtimes:
 0: 24.608710ms
 1: 28.325731ms
 2: 23.444157ms
 3: 17.520789ms
 4: 18.146259ms
 5: 17.339779ms
 6: 18.037185ms
 7: 18.086426ms
 8: 18.433721ms
 9: 18.114820ms
 10: 17.177861ms
 11: 18.171499ms
 12: 18.306447ms
 13: 17.352385ms
 14: 17.747891ms
 15: 17.500356ms
 16: 17.780364ms
 17: 17.401578ms
 18: 17.198651ms
 19: 17.350156ms
 20: 17.541997ms
 21: 17.677972ms
 22: 17.879976ms
 23: 17.974382ms
 24: 17.693499ms
 25: 18.310020ms
 26: 18.184112ms
 27: 18.136086ms
 28: 17.873361ms
 29: 18.030565ms
 30: 18.522042ms
 31: 17.732763ms
 32: 18.243281ms
 33: 18.192160ms
 34: 16.917070ms
 35: 17.349484ms
 36: 18.069299ms
 37: 18.353889ms
 38: 18.507837ms
 39: 17.836541ms
 40: 17.762541ms
 41: 18.570010ms
 42: 28.461250ms
 43: 41.523577ms
 44: 41.353304ms
 45: 18.282888ms
 46: 17.644667ms
 47: 17.972569ms
 48: 17.803743ms
 49: 18.489665ms


Measurements
--------------------------
FFT Size            : 229^3
Threads             : 40
Batch               : 1
Iterations          : 50
Avg Tot Runtime     : 19.498706 ms
Runtime per batch   : 19.498706 ms
SD                  : 5.066768 ms
Throughput          : 1.494662 GFLOPs
Plan Time           : 316.476298 sec
