Expm 2: Streaming FFTW
FFTW Plan: Patient
-- Cannot import wisdom from ../../wisdom/singlenode/all/119/fftw_119_t40_b1.patient
-- Exporting wisdom file to ../../wisdom/singlenode/all/119/fftw_119_t40_b1.patient
Iteration: 0, 1, 2, 3, 4, 5, 6, 7, 8, 9, 10, 11, 12, 13, 14, 15, 16, 17, 18, 19, 20, 21, 22, 23, 24, 25, 26, 27, 28, 29, 30, 31, 32, 33, 34, 35, 36, 37, 38, 39, 40, 41, 42, 43, 44, 45, 46, 47, 48, 49, 
Printing individual runtimes:
 0: 3.263854ms
 1: 3.257532ms
 2: 3.218375ms
 3: 3.250137ms
 4: 1.782061ms
 5: 1.828099ms
 6: 3.375062ms
 7: 3.246328ms
 8: 3.566294ms
 9: 3.485325ms
 10: 3.430709ms
 11: 3.426751ms
 12: 4.172807ms
 13: 3.498651ms
 14: 1.838427ms
 15: 1.815395ms
 16: 1.846878ms
 17: 1.780411ms
 18: 7.124746ms
 19: 4.908366ms
 20: 3.411299ms
 21: 5.046595ms
 22: 3.912478ms
 23: 3.308075ms
 24: 1.832871ms
 25: 1.838438ms
 26: 4.110023ms
 27: 3.405433ms
 28: 3.346016ms
 29: 3.254109ms
 30: 1.864389ms
 31: 3.724103ms
 32: 1.845468ms
 33: 1.841383ms
 34: 1.859088ms
 35: 1.843850ms
 36: 3.464010ms
 37: 3.451982ms
 38: 3.424203ms
 39: 3.375672ms
 40: 2.462046ms
 41: 1.828561ms
 42: 1.841592ms
 43: 1.835793ms
 44: 1.881104ms
 45: 1.838378ms
 46: 1.849034ms
 47: 1.842590ms
 48: 1.864099ms
 49: 5.394536ms


Measurements
--------------------------
FFT Size            : 119^3
Threads             : 40
Batch               : 1
Iterations          : 50
Avg Tot Runtime     : 2.938269 ms
Runtime per batch   : 2.938269 ms
SD                  : 1.148749 ms
Throughput          : 0.118273 GFLOPs
Plan Time           : 4.962094 sec
