Expm 2: Streaming FFTW
FFTW Plan: Patient
-- Cannot import wisdom from ../../wisdom/singlenode/all/546/fftw_546_t39_b1.patient
-- Exporting wisdom file to ../../wisdom/singlenode/all/546/fftw_546_t39_b1.patient
Iteration: 0, 1, 2, 3, 4, 5, 6, 7, 8, 9, 10, 11, 12, 13, 14, 15, 16, 17, 18, 19, 20, 21, 22, 23, 24, 25, 26, 27, 28, 29, 30, 31, 32, 33, 34, 35, 36, 37, 38, 39, 40, 41, 42, 43, 44, 45, 46, 47, 48, 49, 
Printing individual runtimes:
 0: 219.338044ms
 1: 108.480770ms
 2: 107.775858ms
 3: 165.023162ms
 4: 105.916610ms
 5: 109.420124ms
 6: 212.715941ms
 7: 163.759412ms
 8: 109.757390ms
 9: 109.334393ms
 10: 109.181542ms
 11: 106.494964ms
 12: 104.508274ms
 13: 159.663884ms
 14: 154.814345ms
 15: 104.548812ms
 16: 104.470560ms
 17: 104.297380ms
 18: 120.172927ms
 19: 104.278643ms
 20: 104.280151ms
 21: 104.224384ms
 22: 104.355736ms
 23: 103.968926ms
 24: 104.630472ms
 25: 102.601646ms
 26: 98.289333ms
 27: 122.472879ms
 28: 99.274632ms
 29: 100.936978ms
 30: 99.343777ms
 31: 97.610034ms
 32: 97.500020ms
 33: 96.592542ms
 34: 97.417324ms
 35: 97.548108ms
 36: 102.843828ms
 37: 97.241076ms
 38: 97.288357ms
 39: 96.878806ms
 40: 97.338529ms
 41: 97.504397ms
 42: 95.573941ms
 43: 95.980629ms
 44: 95.780109ms
 45: 95.622612ms
 46: 95.518430ms
 47: 95.757848ms
 48: 95.599157ms
 49: 95.860297ms


Measurements
--------------------------
FFT Size            : 546^3
Threads             : 39
Batch               : 1
Iterations          : 50
Avg Tot Runtime     : 111.395760 ms
Runtime per batch   : 111.395760 ms
SD                  : 27.283394 ms
Throughput          : 5.125577 GFLOPs
Plan Time           : 354.040930 sec
