Expm 2: Streaming FFTW
FFTW Plan: Patient
-- Cannot import wisdom from ../../wisdom/singlenode/all/361/fftw_361_t37_b1.patient
-- Exporting wisdom file to ../../wisdom/singlenode/all/361/fftw_361_t37_b1.patient
Iteration: 0, 1, 2, 3, 4, 5, 6, 7, 8, 9, 10, 11, 12, 13, 14, 15, 16, 17, 18, 19, 20, 21, 22, 23, 24, 25, 26, 27, 28, 29, 30, 31, 32, 33, 34, 35, 36, 37, 38, 39, 40, 41, 42, 43, 44, 45, 46, 47, 48, 49, 
Printing individual runtimes:
 0: 107.011188ms
 1: 105.834363ms
 2: 107.264558ms
 3: 107.320131ms
 4: 107.385981ms
 5: 106.869002ms
 6: 107.192273ms
 7: 106.592776ms
 8: 106.930951ms
 9: 105.649056ms
 10: 102.231514ms
 11: 102.146433ms
 12: 102.354034ms
 13: 102.657794ms
 14: 102.519529ms
 15: 102.195901ms
 16: 102.255010ms
 17: 102.220307ms
 18: 101.259880ms
 19: 101.549299ms
 20: 101.872081ms
 21: 101.506254ms
 22: 102.076861ms
 23: 101.765927ms
 24: 101.398177ms
 25: 102.882503ms
 26: 101.668476ms
 27: 102.275605ms
 28: 102.271402ms
 29: 102.034083ms
 30: 102.033385ms
 31: 184.880074ms
 32: 101.188415ms
 33: 101.793338ms
 34: 102.241269ms
 35: 101.965838ms
 36: 100.915698ms
 37: 103.048685ms
 38: 102.202163ms
 39: 102.386861ms
 40: 101.282080ms
 41: 102.676531ms
 42: 101.561882ms
 43: 101.473688ms
 44: 101.265376ms
 45: 101.046326ms
 46: 100.976002ms
 47: 101.658324ms
 48: 102.319864ms
 49: 102.271645ms


Measurements
--------------------------
FFT Size            : 361^3
Threads             : 37
Batch               : 1
Iterations          : 50
Avg Tot Runtime     : 104.567576 ms
Runtime per batch   : 104.567576 ms
SD                  : 11.648782 ms
Throughput          : 7.670694 GFLOPs
Plan Time           : 191.974549 sec
