Expm 2: Streaming FFTW
FFTW Plan: Patient
-- Cannot import wisdom from ../../wisdom/singlenode/all/361/fftw_361_t39_b1.patient
-- Exporting wisdom file to ../../wisdom/singlenode/all/361/fftw_361_t39_b1.patient
Iteration: 0, 1, 2, 3, 4, 5, 6, 7, 8, 9, 10, 11, 12, 13, 14, 15, 16, 17, 18, 19, 20, 21, 22, 23, 24, 25, 26, 27, 28, 29, 30, 31, 32, 33, 34, 35, 36, 37, 38, 39, 40, 41, 42, 43, 44, 45, 46, 47, 48, 49, 
Printing individual runtimes:
 0: 108.741362ms
 1: 108.413193ms
 2: 120.266074ms
 3: 108.443816ms
 4: 108.590978ms
 5: 108.741698ms
 6: 107.848750ms
 7: 108.307587ms
 8: 104.480627ms
 9: 103.879302ms
 10: 103.317770ms
 11: 103.521240ms
 12: 103.558970ms
 13: 104.217054ms
 14: 103.816422ms
 15: 103.546764ms
 16: 103.686495ms
 17: 103.223415ms
 18: 103.878479ms
 19: 103.902931ms
 20: 103.267559ms
 21: 103.736732ms
 22: 103.234833ms
 23: 104.132430ms
 24: 104.055995ms
 25: 103.501702ms
 26: 104.110248ms
 27: 103.992587ms
 28: 104.007878ms
 29: 103.618666ms
 30: 103.954214ms
 31: 103.561046ms
 32: 102.919400ms
 33: 194.341981ms
 34: 103.698965ms
 35: 102.994420ms
 36: 103.015397ms
 37: 103.426760ms
 38: 103.385078ms
 39: 103.238705ms
 40: 103.231413ms
 41: 103.069632ms
 42: 103.586883ms
 43: 142.452222ms
 44: 102.404297ms
 45: 103.717765ms
 46: 102.976161ms
 47: 102.999683ms
 48: 103.368188ms
 49: 103.231347ms


Measurements
--------------------------
FFT Size            : 361^3
Threads             : 39
Batch               : 1
Iterations          : 50
Avg Tot Runtime     : 107.152302 ms
Runtime per batch   : 107.152302 ms
SD                  : 13.829238 ms
Throughput          : 7.670616 GFLOPs
Plan Time           : 211.298334 sec
