Expm 2: Streaming FFTW
FFTW Plan: Patient
-- Cannot import wisdom from ../../wisdom/singlenode/all/486/fftw_486_t37_b1.patient
-- Exporting wisdom file to ../../wisdom/singlenode/all/486/fftw_486_t37_b1.patient
Iteration: 0, 1, 2, 3, 4, 5, 6, 7, 8, 9, 10, 11, 12, 13, 14, 15, 16, 17, 18, 19, 20, 21, 22, 23, 24, 25, 26, 27, 28, 29, 30, 31, 32, 33, 34, 35, 36, 37, 38, 39, 40, 41, 42, 43, 44, 45, 46, 47, 48, 49, 
Printing individual runtimes:
 0: 86.917295ms
 1: 72.425206ms
 2: 71.113128ms
 3: 111.212631ms
 4: 71.753402ms
 5: 72.423551ms
 6: 60.353164ms
 7: 58.389418ms
 8: 58.802230ms
 9: 60.882709ms
 10: 58.732555ms
 11: 58.588515ms
 12: 59.483913ms
 13: 56.988280ms
 14: 150.755739ms
 15: 146.500276ms
 16: 143.994425ms
 17: 129.415774ms
 18: 57.673869ms
 19: 57.572689ms
 20: 57.501400ms
 21: 57.643579ms
 22: 57.590990ms
 23: 57.621829ms
 24: 57.708767ms
 25: 57.651052ms
 26: 59.448465ms
 27: 58.031648ms
 28: 62.838011ms
 29: 66.431351ms
 30: 103.677779ms
 31: 60.065305ms
 32: 91.317562ms
 33: 138.751513ms
 34: 65.013875ms
 35: 63.807156ms
 36: 67.919232ms
 37: 82.441641ms
 38: 63.610300ms
 39: 63.816942ms
 40: 63.602642ms
 41: 63.524218ms
 42: 63.583951ms
 43: 63.600701ms
 44: 63.517177ms
 45: 63.558654ms
 46: 63.670806ms
 47: 65.418068ms
 48: 63.389748ms
 49: 63.320153ms


Measurements
--------------------------
FFT Size            : 486^3
Threads             : 37
Batch               : 1
Iterations          : 50
Avg Tot Runtime     : 73.481066 ms
Runtime per batch   : 73.481066 ms
SD                  : 25.458006 ms
Throughput          : 3.610037 GFLOPs
Plan Time           : 380.524368 sec
