Expm 2: Streaming FFTW
FFTW Plan: Patient
-- Cannot import wisdom from ../../wisdom/singlenode/all/486/fftw_486_t38_b1.patient
-- Exporting wisdom file to ../../wisdom/singlenode/all/486/fftw_486_t38_b1.patient
Iteration: 0, 1, 2, 3, 4, 5, 6, 7, 8, 9, 10, 11, 12, 13, 14, 15, 16, 17, 18, 19, 20, 21, 22, 23, 24, 25, 26, 27, 28, 29, 30, 31, 32, 33, 34, 35, 36, 37, 38, 39, 40, 41, 42, 43, 44, 45, 46, 47, 48, 49, 
Printing individual runtimes:
 0: 74.063213ms
 1: 68.526711ms
 2: 68.492707ms
 3: 68.097246ms
 4: 68.468936ms
 5: 68.380376ms
 6: 68.543871ms
 7: 68.088731ms
 8: 68.312748ms
 9: 67.664740ms
 10: 67.166874ms
 11: 68.182003ms
 12: 65.027084ms
 13: 58.286311ms
 14: 82.166822ms
 15: 58.572741ms
 16: 59.920156ms
 17: 59.586233ms
 18: 59.319353ms
 19: 59.251634ms
 20: 59.347833ms
 21: 59.256143ms
 22: 59.305612ms
 23: 59.220245ms
 24: 59.660699ms
 25: 59.356271ms
 26: 59.355698ms
 27: 59.484174ms
 28: 59.304251ms
 29: 59.331642ms
 30: 59.544324ms
 31: 59.239876ms
 32: 59.326134ms
 33: 59.339640ms
 34: 58.954382ms
 35: 58.795046ms
 36: 58.761374ms
 37: 55.608298ms
 38: 94.180883ms
 39: 106.708638ms
 40: 53.754216ms
 41: 54.320553ms
 42: 54.022124ms
 43: 53.908409ms
 44: 84.663163ms
 45: 87.386915ms
 46: 53.467152ms
 47: 53.095760ms
 48: 54.620606ms
 49: 55.587608ms


Measurements
--------------------------
FFT Size            : 486^3
Threads             : 38
Batch               : 1
Iterations          : 50
Avg Tot Runtime     : 63.900523 ms
Runtime per batch   : 63.900523 ms
SD                  : 10.693248 ms
Throughput          : 3.607246 GFLOPs
Plan Time           : 363.152328 sec
